2022-01-12 09:25:05,538 INFO: Initialized curve data.
2022-01-12 09:25:05,542 INFO: Setting up initial twist data...
2022-01-12 09:25:06,584 INFO: Twist setup complete.
2022-01-12 09:25:06,584 INFO: Searching for rational points on each twist...
2022-01-12 09:25:08,551 INFO: Finished searching for rational points on each twist.
2022-01-12 09:25:08,551 INFO: Testing local solvability of twists...
2022-01-12 09:25:08,556 INFO: Finished local solvability testing.
2022-01-12 09:25:08,558 INFO: Computing elliptic curve a-invariants...
2022-01-12 09:25:24,839 INFO: Finished computation of a-invariants.
2022-01-12 09:25:24,841 INFO: Computing MW group (delta = ['-1', '0', '1'], g = [-4, -8, 16, 0, -8, 3])...
2022-01-12 09:29:48,861 INFO: Finished MW computation (delta = ['-1', '0', '1'], g = [-4, -8, 16, 0, -8, 3])
2022-01-12 09:29:48,865 INFO: Computing MW group (delta = ['-4', '-7', '15', '-1', '-7', '3'], g = [-4, -8, 16, 0, -8, 3])...
2022-01-12 09:50:11,533 INFO: Finished MW computation (delta = ['-4', '-7', '15', '-1', '-7', '3'], g = [-4, -8, 16, 0, -8, 3])
2022-01-12 09:50:11,536 INFO: Computing MW group (delta = ['1'], g = [-4, -8, 16, 0, -8, 3])...
2022-01-14 09:10:24,548 INFO: Loaded curve data from file.
2022-01-14 09:10:24,549 INFO: Reducing MW generators...
2022-01-14 09:10:25,592 INFO: Finished reducing MW generators.
2022-01-14 09:10:25,594 INFO: Skipped Chabauty because MW group hasn't been provably computed. (delta = ['-1', '0', '1'], g = [-4, -8, 16, 0, -8, 3])
2022-01-14 09:10:25,594 INFO: Running elliptic Chabauty (delta = ['-4', '-7', '15', '-1', '-7', '3'], g = [-4, -8, 16, 0, -8, 3])...
2022-01-14 09:24:43,608 INFO: Chabauty completed successfully (delta = ['-4', '-7', '15', '-1', '-7', '3'], g = [-4, -8, 16, 0, -8, 3]).
2022-01-14 09:24:43,610 INFO: Skipped Chabauty because MW generators haven't been computed. (delta = ['1'], g = [-4, -8, 16, 0, -8, 3])
2022-01-14 09:24:43,611 INFO: Skipped Chabauty because MW generators haven't been computed. (delta = ['4', '7', '-15', '0', '8', '-3'], g = [-4, -8, 16, 0, -8, 3])
2022-01-14 09:24:43,661 INFO: Tasks complete. Recording data and exiting.
