2022-02-01 12:30:31,371 INFO: Initialized curve data.
2022-02-01 12:30:31,373 INFO: Setting up initial twist data...
2022-02-01 12:30:32,404 INFO: Twist setup complete.
2022-02-01 12:30:32,404 INFO: Searching for rational points on each twist...
2022-02-01 12:30:34,110 INFO: Finished searching for rational points on each twist.
2022-02-01 12:30:34,110 INFO: Testing local solvability of twists...
2022-02-01 12:31:52,731 INFO: Finished local solvability testing.
2022-02-01 12:31:52,732 INFO: Computing elliptic curve a-invariants...
2022-02-01 12:31:57,923 INFO: Finished computation of a-invariants.
2022-02-01 12:31:57,925 INFO: Skipped MW computation because no base point (delta = ['2', '-1'])
2022-02-01 12:31:57,925 INFO: Computing MW group (delta = ['1'], g = [4, 4, -13, 7, 1, 1])...
2022-02-02 04:48:15,146 INFO: Loaded curve data from file.
2022-02-02 04:48:15,147 INFO: Reducing MW generators...
2022-02-02 04:48:15,147 INFO: Finished reducing MW generators.
2022-02-02 04:48:15,149 INFO: Skipped Chabauty because no base point (delta = ['2', '-1'])
2022-02-02 04:48:15,149 INFO: Skipped Chabauty because MW generators haven't been computed. (delta = ['1'], g = [4, 4, -13, 7, 1, 1])
2022-02-02 04:48:15,149 INFO: Skipped Chabauty because MW generators haven't been computed. (delta = ['6', '1', '-12', '7', '1', '1'], g = [4, 4, -13, 7, 1, 1])
2022-02-02 04:48:15,149 INFO: Skipped Chabauty because MW generators haven't been computed. (delta = ['5', '3', '-13', '7', '1', '1'], g = [4, 4, -13, 7, 1, 1])
2022-02-02 04:48:15,197 INFO: Tasks complete. Recording data and exiting.
2022-02-12 16:41:42,030 INFO: Loaded curve data from file.
2022-02-12 16:41:42,031 INFO: Computing elliptic Chabauty map... (delta = ['1'], g = [4, 4, -13, 7, 1, 1])
2022-02-12 16:41:49,169 INFO: Elliptic Chabauty map computed. (delta = ['1'], g = [4, 4, -13, 7, 1, 1])
2022-02-12 16:41:49,171 INFO: Computing elliptic Chabauty map... (delta = ['6', '1', '-12', '7', '1', '1'], g = [4, 4, -13, 7, 1, 1])
2022-02-12 16:41:56,185 INFO: Elliptic Chabauty map computed. (delta = ['6', '1', '-12', '7', '1', '1'], g = [4, 4, -13, 7, 1, 1])
2022-02-12 16:41:56,187 INFO: Computing elliptic Chabauty map... (delta = ['5', '3', '-13', '7', '1', '1'], g = [4, 4, -13, 7, 1, 1])
2022-02-12 16:42:03,152 INFO: Elliptic Chabauty map computed. (delta = ['5', '3', '-13', '7', '1', '1'], g = [4, 4, -13, 7, 1, 1])
2022-02-12 16:42:03,155 INFO: Tasks complete. Recording data and exiting.
