2022-01-14 12:17:27,000 INFO: Initialized curve data.
2022-01-14 12:17:27,050 INFO: Setting up initial twist data...
2022-01-14 12:17:28,028 INFO: Twist setup complete.
2022-01-14 12:17:28,028 INFO: Searching for rational points on each twist...
2022-01-14 12:17:30,003 INFO: Finished searching for rational points on each twist.
2022-01-14 12:17:30,003 INFO: Testing local solvability of twists...
2022-01-14 12:17:31,081 INFO: Finished local solvability testing.
2022-01-14 12:17:31,083 INFO: Computing elliptic curve a-invariants...
2022-01-14 12:17:56,244 INFO: Finished computation of a-invariants.
2022-01-14 12:17:56,246 INFO: Computing MW group (delta = ['-4', '1', '21', '16', '0', '-1'], g = [4, 0, -20, -16, 0, 1])...
2022-01-14 12:19:11,021 INFO: Finished MW computation (delta = ['-4', '1', '21', '16', '0', '-1'], g = [4, 0, -20, -16, 0, 1])
2022-01-14 12:19:11,023 INFO: Computing MW group (delta = ['4', '-1', '-20', '-16', '0', '1'], g = [4, 0, -20, -16, 0, 1])...
2022-01-14 12:24:13,727 INFO: Finished MW computation (delta = ['4', '-1', '-20', '-16', '0', '1'], g = [4, 0, -20, -16, 0, 1])
2022-01-14 12:24:13,731 INFO: Skipped MW computation because no base point (delta = ['-16', '0', '79', '63', '0', '-4'])
2022-01-14 12:24:13,731 INFO: Computing MW group (delta = ['1'], g = [4, 0, -20, -16, 0, 1])...
2022-01-14 12:29:19,020 INFO: Finished MW computation (delta = ['1'], g = [4, 0, -20, -16, 0, 1])
2022-01-14 12:29:19,026 INFO: Reducing MW generators...
2022-01-14 12:29:21,342 INFO: Finished reducing MW generators.
2022-01-14 12:29:21,416 INFO: Tasks complete. Recording data and exiting.
2022-01-14 15:52:32,164 INFO: Loaded curve data from file.
2022-01-14 15:52:32,165 INFO: Skipped Chabauty because MW group hasn't been provably computed. (delta = ['-4', '1', '21', '16', '0', '-1'], g = [4, 0, -20, -16, 0, 1])
2022-01-14 15:52:32,166 INFO: Skipped Chabauty because MW group hasn't been provably computed. (delta = ['4', '-1', '-20', '-16', '0', '1'], g = [4, 0, -20, -16, 0, 1])
2022-01-14 15:52:32,166 INFO: Skipped Chabauty because no base point (delta = ['-16', '0', '79', '63', '0', '-4'])
2022-01-14 15:52:32,166 INFO: Running elliptic Chabauty (delta = ['1'], g = [4, 0, -20, -16, 0, 1])...
2022-01-14 15:52:46,384 INFO: Chabauty completed successfully (delta = ['1'], g = [4, 0, -20, -16, 0, 1]).
2022-01-14 15:52:46,464 INFO: Tasks complete. Recording data and exiting.
2022-02-12 16:57:10,698 INFO: Loaded curve data from file.
2022-02-12 16:57:10,698 INFO: Computing elliptic Chabauty map... (delta = ['-4', '1', '21', '16', '0', '-1'], g = [4, 0, -20, -16, 0, 1])
2022-02-12 16:57:25,080 INFO: Elliptic Chabauty map computed. (delta = ['-4', '1', '21', '16', '0', '-1'], g = [4, 0, -20, -16, 0, 1])
2022-02-12 16:57:25,083 INFO: Computing elliptic Chabauty map... (delta = ['4', '-1', '-20', '-16', '0', '1'], g = [4, 0, -20, -16, 0, 1])
2022-02-12 16:57:39,161 INFO: Elliptic Chabauty map computed. (delta = ['4', '-1', '-20', '-16', '0', '1'], g = [4, 0, -20, -16, 0, 1])
2022-02-12 16:57:39,163 INFO: Computing elliptic Chabauty map... (delta = ['1'], g = [4, 0, -20, -16, 0, 1])
2022-02-12 16:57:53,040 INFO: Elliptic Chabauty map computed. (delta = ['1'], g = [4, 0, -20, -16, 0, 1])
2022-02-12 16:57:53,042 INFO: Tasks complete. Recording data and exiting.
