2022-02-01 12:30:32,691 INFO: Initialized curve data.
2022-02-01 12:30:32,696 INFO: Setting up initial twist data...
2022-02-01 12:30:34,207 INFO: Twist setup complete.
2022-02-01 12:30:34,207 INFO: Searching for rational points on each twist...
2022-02-01 12:30:40,496 INFO: Finished searching for rational points on each twist.
2022-02-01 12:30:40,496 INFO: Testing local solvability of twists...
2022-02-01 12:30:51,435 INFO: Finished local solvability testing.
2022-02-01 12:30:51,437 INFO: Computing elliptic curve a-invariants...
2022-02-01 12:31:01,885 INFO: Finished computation of a-invariants.
2022-02-01 12:31:01,888 INFO: Computing MW group (delta = ['-1/3', '2', '-3', '-4/3', '11/3', '1'], g = [1, 1])...
2022-02-01 12:31:02,365 INFO: Finished MW computation (delta = ['-1/3', '2', '-3', '-4/3', '11/3', '1'], g = [1, 1])
2022-02-01 12:31:02,367 INFO: Computing MW group (delta = ['-1/3', '2', '-3', '-4/3', '11/3', '1'], g = [1, -2, 1, 4, 1])...
2022-02-01 12:31:13,054 INFO: Finished MW computation (delta = ['-1/3', '2', '-3', '-4/3', '11/3', '1'], g = [1, -2, 1, 4, 1])
2022-02-01 12:31:13,058 INFO: Computing MW group (delta = ['-1', '3', '0', '-4', '-1'], g = [1, 1])...
2022-02-01 12:31:13,453 INFO: Finished MW computation (delta = ['-1', '3', '0', '-4', '-1'], g = [1, 1])
2022-02-01 12:31:13,455 INFO: Computing MW group (delta = ['-1', '3', '0', '-4', '-1'], g = [1, -2, 1, 4, 1])...
2022-02-01 12:31:23,514 INFO: Finished MW computation (delta = ['-1', '3', '0', '-4', '-1'], g = [1, -2, 1, 4, 1])
2022-02-01 12:31:23,518 INFO: Computing MW group (delta = ['1'], g = [1, 1])...
2022-02-01 12:31:23,922 INFO: Finished MW computation (delta = ['1'], g = [1, 1])
2022-02-01 12:31:23,926 INFO: Computing MW group (delta = ['1'], g = [1, -2, 1, 4, 1])...
2022-02-01 12:31:42,936 INFO: Finished MW computation (delta = ['1'], g = [1, -2, 1, 4, 1])
2022-02-01 12:31:42,939 INFO: Computing MW group (delta = ['-1/3', '2', '-5/3', '4/3', '16/3', '4/3'], g = [1, 1])...
2022-02-01 12:31:43,343 INFO: Finished MW computation (delta = ['-1/3', '2', '-5/3', '4/3', '16/3', '4/3'], g = [1, 1])
2022-02-01 12:31:43,346 INFO: Computing MW group (delta = ['-1/3', '2', '-5/3', '4/3', '16/3', '4/3'], g = [1, -2, 1, 4, 1])...
2022-02-01 12:31:50,245 INFO: Finished MW computation (delta = ['-1/3', '2', '-5/3', '4/3', '16/3', '4/3'], g = [1, -2, 1, 4, 1])
2022-02-01 12:31:50,248 INFO: Computing MW group (delta = ['1/3', '-2', '8/3', '2', '-8/3', '-1'], g = [1, 1])...
2022-02-01 12:31:50,650 INFO: Finished MW computation (delta = ['1/3', '-2', '8/3', '2', '-8/3', '-1'], g = [1, 1])
2022-02-01 12:31:50,652 INFO: Computing MW group (delta = ['1/3', '-2', '8/3', '2', '-8/3', '-1'], g = [1, -2, 1, 4, 1])...
2022-02-01 12:32:01,222 INFO: Finished MW computation (delta = ['1/3', '-2', '8/3', '2', '-8/3', '-1'], g = [1, -2, 1, 4, 1])
2022-02-01 12:32:01,226 INFO: Computing MW group (delta = ['1', '-3', '-1', '3', '1'], g = [1, 1])...
2022-02-01 12:32:01,628 INFO: Finished MW computation (delta = ['1', '-3', '-1', '3', '1'], g = [1, 1])
2022-02-01 12:32:01,631 INFO: Computing MW group (delta = ['1', '-3', '-1', '3', '1'], g = [1, -2, 1, 4, 1])...
2022-02-01 12:32:12,706 INFO: Finished MW computation (delta = ['1', '-3', '-1', '3', '1'], g = [1, -2, 1, 4, 1])
2022-02-01 12:32:12,710 INFO: Skipped MW computation because no base point (delta = ['-1', '0', '-2', '1', '4', '1'])
2022-02-01 12:32:12,710 INFO: Skipped MW computation because no base point (delta = ['1/3', '-1'])
2022-02-01 12:32:12,713 INFO: Reducing MW generators...
2022-02-01 12:32:19,576 INFO: Finished reducing MW generators.
2022-02-01 12:32:19,579 INFO: Tasks complete. Recording data and exiting.
