2022-01-14 12:17:31,143 INFO: Initialized curve data.
2022-01-14 12:17:31,148 INFO: Setting up initial twist data...
2022-01-14 12:17:32,742 INFO: Twist setup complete.
2022-01-14 12:17:32,742 INFO: Searching for rational points on each twist...
2022-01-14 12:17:35,042 INFO: Finished searching for rational points on each twist.
2022-01-14 12:17:35,042 INFO: Testing local solvability of twists...
2022-01-14 12:17:41,298 INFO: Finished local solvability testing.
2022-01-14 12:17:41,301 INFO: Computing elliptic curve a-invariants...
2022-01-14 12:17:54,292 INFO: Finished computation of a-invariants.
2022-01-14 12:17:54,297 INFO: Computing MW group (delta = ['1', '-1', '1'], g = [4, -1, -10, 5, -2, 3])...
2022-01-14 12:23:41,875 INFO: Finished MW computation (delta = ['1', '-1', '1'], g = [4, -1, -10, 5, -2, 3])
2022-01-14 12:23:41,879 INFO: Computing MW group (delta = ['-4', '0', '11', '-5', '2', '-3'], g = [4, -1, -10, 5, -2, 3])...
2022-01-14 12:29:13,590 INFO: Finished MW computation (delta = ['-4', '0', '11', '-5', '2', '-3'], g = [4, -1, -10, 5, -2, 3])
2022-01-14 12:29:13,593 INFO: Skipped MW computation because no base point (delta = ['-4', '0', '12', '-7', '3', '-3'])
2022-01-14 12:29:13,594 INFO: Computing MW group (delta = ['1'], g = [4, -1, -10, 5, -2, 3])...
2022-01-14 15:52:36,705 INFO: Loaded curve data from file.
2022-01-14 15:52:36,705 INFO: Reducing MW generators...
2022-01-14 15:52:36,893 INFO: Finished reducing MW generators.
2022-01-14 15:52:36,895 INFO: Skipped Chabauty because MW group hasn't been provably computed. (delta = ['1', '-1', '1'], g = [4, -1, -10, 5, -2, 3])
2022-01-14 15:52:36,895 INFO: Skipped Chabauty because MW group hasn't been provably computed. (delta = ['-4', '0', '11', '-5', '2', '-3'], g = [4, -1, -10, 5, -2, 3])
2022-01-14 15:52:36,895 INFO: Skipped Chabauty because no base point (delta = ['-4', '0', '12', '-7', '3', '-3'])
2022-01-14 15:52:36,895 INFO: Skipped Chabauty because MW generators haven't been computed. (delta = ['1'], g = [4, -1, -10, 5, -2, 3])
2022-01-14 15:52:36,936 INFO: Tasks complete. Recording data and exiting.
