2022-01-01 12:50:59,728 INFO: Initialized curve data.
2022-01-01 12:50:59,738 INFO: Setting up initial twist data...
2022-01-01 12:51:00,808 INFO: Twist setup complete.
2022-01-01 12:51:00,808 INFO: Searching for rational points on each twist...
2022-01-01 12:51:01,551 INFO: Finished searching for rational points on each twist.
2022-01-01 12:51:01,551 INFO: Testing local solvability of twists...
2022-01-01 12:51:04,920 INFO: Finished local solvability testing.
2022-01-01 12:51:04,922 INFO: Computing elliptic curve a-invariants...
2022-01-01 12:51:10,225 INFO: Finished computation of a-invariants.
2022-01-01 12:51:10,227 INFO: Computing MW group (delta = ['4', '-8', '6', '1', '-4', '4'], g = [4, -7, 6, 1, -4, 4])...
2022-01-01 12:56:12,691 INFO: Finished MW computation (delta = ['4', '-8', '6', '1', '-4', '4'], g = [4, -7, 6, 1, -4, 4])
2022-01-01 12:56:12,697 INFO: Skipped MW computation because no base point (delta = ['1', '-1'])
2022-01-01 12:56:12,697 INFO: Computing MW group (delta = ['1'], g = [4, -7, 6, 1, -4, 4])...
2022-01-01 12:56:54,741 INFO: Finished MW computation (delta = ['1'], g = [4, -7, 6, 1, -4, 4])
2022-01-01 12:56:54,745 INFO: Computing MW group (delta = ['4', '-8', '7', '1', '-4', '4'], g = [4, -7, 6, 1, -4, 4])...
2022-01-01 12:58:20,620 INFO: Finished MW computation (delta = ['4', '-8', '7', '1', '-4', '4'], g = [4, -7, 6, 1, -4, 4])
2022-01-01 12:58:20,630 INFO: Reducing MW generators...
2022-01-01 12:58:24,542 INFO: Finished reducing MW generators.
2022-01-01 12:58:24,545 INFO: Running elliptic Chabauty (delta = ['4', '-8', '6', '1', '-4', '4'], g = [4, -7, 6, 1, -4, 4])...
2022-01-01 12:58:42,493 INFO: Chabauty completed successfully (delta = ['4', '-8', '6', '1', '-4', '4'], g = [4, -7, 6, 1, -4, 4]).
2022-01-01 12:58:42,497 INFO: Skipped Chabauty because no base point (delta = ['1', '-1'])
2022-01-01 12:58:42,497 INFO: Running elliptic Chabauty (delta = ['1'], g = [4, -7, 6, 1, -4, 4])...
2022-01-01 12:58:59,274 INFO: Chabauty completed successfully (delta = ['1'], g = [4, -7, 6, 1, -4, 4]).
2022-01-01 12:58:59,278 INFO: Running elliptic Chabauty (delta = ['4', '-8', '7', '1', '-4', '4'], g = [4, -7, 6, 1, -4, 4])...
2022-01-01 12:59:17,622 INFO: Chabauty completed successfully (delta = ['4', '-8', '7', '1', '-4', '4'], g = [4, -7, 6, 1, -4, 4]).
2022-01-01 12:59:17,883 INFO: Rational points successfully computed.
2022-01-01 12:59:17,885 INFO: Tasks complete. Recording data and exiting.
2022-01-03 13:14:57,000 INFO: Obsolete "loc_solv_error" keys removed.
2022-01-03 13:14:57,000 INFO: Deleted results of Chabauty computation.
