2022-01-11 12:34:54,732 INFO: Initialized curve data.
2022-01-11 12:34:54,734 INFO: Setting up initial twist data...
2022-01-11 12:34:55,604 INFO: Twist setup complete.
2022-01-11 12:34:55,604 INFO: Searching for rational points on each twist...
2022-01-11 12:34:57,059 INFO: Finished searching for rational points on each twist.
2022-01-11 12:34:57,059 INFO: Testing local solvability of twists...
2022-01-11 12:34:57,065 INFO: Finished local solvability testing.
2022-01-11 12:34:57,066 INFO: Computing elliptic curve a-invariants...
2022-01-11 12:35:13,573 INFO: Finished computation of a-invariants.
2022-01-11 12:35:13,574 INFO: Computing MW group (delta = ['-4', '-8', '-2', '6', '9', '4'], g = [-4, -9, -4, 4, 8, 4])...
2022-01-11 12:36:07,562 INFO: Finished MW computation (delta = ['-4', '-8', '-2', '6', '9', '4'], g = [-4, -9, -4, 4, 8, 4])
2022-01-11 12:36:07,565 INFO: Computing MW group (delta = ['1', '1', '1'], g = [-4, -9, -4, 4, 8, 4])...
2022-01-11 12:37:11,763 INFO: Finished MW computation (delta = ['1', '1', '1'], g = [-4, -9, -4, 4, 8, 4])
2022-01-11 12:37:11,767 INFO: Computing MW group (delta = ['1'], g = [-4, -9, -4, 4, 8, 4])...
2022-01-11 12:38:41,023 INFO: Finished MW computation (delta = ['1'], g = [-4, -9, -4, 4, 8, 4])
2022-01-11 12:38:41,026 INFO: Computing MW group (delta = ['-4', '-8', '-3', '4', '8', '4'], g = [-4, -9, -4, 4, 8, 4])...
2022-01-11 12:40:03,781 INFO: Finished MW computation (delta = ['-4', '-8', '-3', '4', '8', '4'], g = [-4, -9, -4, 4, 8, 4])
2022-01-11 12:40:03,786 INFO: Reducing MW generators...
2022-01-11 12:40:05,972 INFO: Finished reducing MW generators.
2022-01-11 12:40:05,974 INFO: Tasks complete. Recording data and exiting.
