2022-01-11 15:21:22,183 INFO: Initialized curve data.
2022-01-11 15:21:22,186 INFO: Setting up initial twist data...
2022-01-11 15:21:23,359 INFO: Twist setup complete.
2022-01-11 15:21:23,359 INFO: Searching for rational points on each twist...
2022-01-11 15:21:25,260 INFO: Finished searching for rational points on each twist.
2022-01-11 15:21:25,260 INFO: Testing local solvability of twists...
2022-01-11 15:21:25,265 INFO: Finished local solvability testing.
2022-01-11 15:21:25,266 INFO: Computing elliptic curve a-invariants...
2022-01-11 15:21:38,378 INFO: Finished computation of a-invariants.
2022-01-11 15:21:38,379 INFO: Computing MW group (delta = ['-1', '-1'], g = [-4, 4, 14, 1, 0, 1])...
2022-01-11 15:23:47,115 INFO: Finished MW computation (delta = ['-1', '-1'], g = [-4, 4, 14, 1, 0, 1])
2022-01-11 15:23:47,117 INFO: Computing MW group (delta = ['-6', '3', '14', '1', '0', '1'], g = [-4, 4, 14, 1, 0, 1])...
2022-01-11 15:24:30,150 INFO: Finished MW computation (delta = ['-6', '3', '14', '1', '0', '1'], g = [-4, 4, 14, 1, 0, 1])
2022-01-11 15:24:30,152 INFO: Computing MW group (delta = ['-2', '7', '15', '1', '0', '1'], g = [-4, 4, 14, 1, 0, 1])...
2022-01-11 15:25:24,028 INFO: Finished MW computation (delta = ['-2', '7', '15', '1', '0', '1'], g = [-4, 4, 14, 1, 0, 1])
2022-01-11 15:25:24,030 INFO: Computing MW group (delta = ['1'], g = [-4, 4, 14, 1, 0, 1])...
2022-01-11 15:27:04,245 INFO: Finished MW computation (delta = ['1'], g = [-4, 4, 14, 1, 0, 1])
2022-01-11 15:27:04,250 INFO: Reducing MW generators...
2022-01-11 15:27:07,381 INFO: Finished reducing MW generators.
2022-01-11 15:27:07,383 INFO: Tasks complete. Recording data and exiting.
