2022-01-12 09:25:56,743 INFO: Initialized curve data.
2022-01-12 09:25:56,748 INFO: Setting up initial twist data...
2022-01-12 09:25:57,603 INFO: Twist setup complete.
2022-01-12 09:25:57,603 INFO: Searching for rational points on each twist...
2022-01-12 09:25:59,187 INFO: Finished searching for rational points on each twist.
2022-01-12 09:25:59,188 INFO: Testing local solvability of twists...
2022-01-12 09:25:59,194 INFO: Finished local solvability testing.
2022-01-12 09:25:59,195 INFO: Computing elliptic curve a-invariants...
2022-01-12 09:26:06,037 INFO: Finished computation of a-invariants.
2022-01-12 09:26:06,039 INFO: Computing MW group (delta = ['4', '3', '16', '8', '4', '1'], g = [4, 4, 16, 8, 4, 1])...
2022-01-12 09:32:23,717 INFO: Finished MW computation (delta = ['4', '3', '16', '8', '4', '1'], g = [4, 4, 16, 8, 4, 1])
2022-01-12 09:32:23,720 INFO: Computing MW group (delta = ['2', '3/2', '9', '4', '2', '1/2'], g = [4, 4, 16, 8, 4, 1])...
2022-01-12 09:38:21,706 INFO: Finished MW computation (delta = ['2', '3/2', '9', '4', '2', '1/2'], g = [4, 4, 16, 8, 4, 1])
2022-01-12 09:38:21,712 INFO: Computing MW group (delta = ['1'], g = [4, 4, 16, 8, 4, 1])...
2022-01-12 09:44:11,941 INFO: Finished MW computation (delta = ['1'], g = [4, 4, 16, 8, 4, 1])
2022-01-12 09:44:11,945 INFO: Computing MW group (delta = ['1/2', '-1'], g = [4, 4, 16, 8, 4, 1])...
2022-01-12 09:56:40,692 INFO: Finished MW computation (delta = ['1/2', '-1'], g = [4, 4, 16, 8, 4, 1])
2022-01-12 09:56:40,697 INFO: Reducing MW generators...
2022-01-12 09:56:44,706 INFO: Finished reducing MW generators.
2022-01-12 09:56:44,708 INFO: Tasks complete. Recording data and exiting.
