2022-01-01 12:51:01,713 INFO: Initialized curve data.
2022-01-01 12:51:01,716 INFO: Setting up initial twist data...
2022-01-01 12:51:02,682 INFO: Twist setup complete.
2022-01-01 12:51:02,682 INFO: Searching for rational points on each twist...
2022-01-01 12:51:03,618 INFO: Finished searching for rational points on each twist.
2022-01-01 12:51:03,619 INFO: Testing local solvability of twists...
2022-01-01 12:51:03,625 INFO: Finished local solvability testing.
2022-01-01 12:51:03,626 INFO: Computing elliptic curve a-invariants...
2022-01-01 12:51:16,083 INFO: Finished computation of a-invariants.
2022-01-01 12:51:16,085 INFO: Computing MW group (delta = ['-1', '-7', '14', '9', '-15', '4'], g = [-1, -7, 12, 12, -16, 4])...
2022-01-01 12:51:43,675 INFO: Finished MW computation (delta = ['-1', '-7', '14', '9', '-15', '4'], g = [-1, -7, 12, 12, -16, 4])
2022-01-01 12:51:43,679 INFO: Computing MW group (delta = ['1', '6', '-11', '-12', '16', '-4'], g = [-1, -7, 12, 12, -16, 4])...
2022-01-01 12:52:37,277 INFO: Finished MW computation (delta = ['1', '6', '-11', '-12', '16', '-4'], g = [-1, -7, 12, 12, -16, 4])
2022-01-01 12:52:37,280 INFO: Computing MW group (delta = ['0', '-2', '1'], g = [-1, -7, 12, 12, -16, 4])...
2022-01-01 12:52:53,553 INFO: Finished MW computation (delta = ['0', '-2', '1'], g = [-1, -7, 12, 12, -16, 4])
2022-01-01 12:52:53,556 INFO: Computing MW group (delta = ['1'], g = [-1, -7, 12, 12, -16, 4])...
2022-01-01 12:53:48,963 INFO: Finished MW computation (delta = ['1'], g = [-1, -7, 12, 12, -16, 4])
2022-01-01 12:53:48,971 INFO: Reducing MW generators...
2022-01-01 12:53:51,543 INFO: Finished reducing MW generators.
2022-01-01 12:53:51,546 INFO: Running elliptic Chabauty (delta = ['-1', '-7', '14', '9', '-15', '4'], g = [-1, -7, 12, 12, -16, 4])...
2022-01-01 12:54:03,814 INFO: Chabauty completed successfully (delta = ['-1', '-7', '14', '9', '-15', '4'], g = [-1, -7, 12, 12, -16, 4]).
2022-01-01 12:54:03,817 INFO: Running elliptic Chabauty (delta = ['1', '6', '-11', '-12', '16', '-4'], g = [-1, -7, 12, 12, -16, 4])...
2022-01-01 12:54:15,559 INFO: Chabauty completed successfully (delta = ['1', '6', '-11', '-12', '16', '-4'], g = [-1, -7, 12, 12, -16, 4]).
2022-01-01 12:54:15,562 INFO: Running elliptic Chabauty (delta = ['0', '-2', '1'], g = [-1, -7, 12, 12, -16, 4])...
2022-01-01 12:54:27,570 INFO: Chabauty completed successfully (delta = ['0', '-2', '1'], g = [-1, -7, 12, 12, -16, 4]).
2022-01-01 12:54:27,577 INFO: Running elliptic Chabauty (delta = ['1'], g = [-1, -7, 12, 12, -16, 4])...
2022-01-01 12:54:43,428 INFO: Chabauty completed successfully (delta = ['1'], g = [-1, -7, 12, 12, -16, 4]).
2022-01-01 12:54:43,687 INFO: Rational points successfully computed.
2022-01-01 12:54:43,689 INFO: Tasks complete. Recording data and exiting.
2022-01-03 13:14:57,000 INFO: Obsolete "loc_solv_error" keys removed.
2022-01-03 13:14:57,000 INFO: Deleted results of Chabauty computation.
