2022-01-11 15:10:18,090 INFO: Initialized curve data.
2022-01-11 15:10:18,092 INFO: Setting up initial twist data...
2022-01-11 15:10:19,437 INFO: Twist setup complete.
2022-01-11 15:10:19,437 INFO: Searching for rational points on each twist...
2022-01-11 15:10:21,197 INFO: Finished searching for rational points on each twist.
2022-01-11 15:10:21,197 INFO: Testing local solvability of twists...
2022-01-11 15:10:37,820 INFO: Finished local solvability testing.
2022-01-11 15:10:37,821 INFO: Computing elliptic curve a-invariants...
2022-01-11 15:10:43,015 INFO: Finished computation of a-invariants.
2022-01-11 15:10:43,017 INFO: Computing MW group (delta = ['6', '-2', '-5', '1', '1'], g = [8, 16, -13, -15, 4, 4])...
2022-01-14 09:07:32,495 INFO: Loaded curve data from file.
2022-01-14 09:07:32,496 INFO: Reducing MW generators...
2022-01-14 09:07:32,496 INFO: Finished reducing MW generators.
2022-01-14 09:07:32,499 INFO: Skipped Chabauty because MW generators haven't been computed. (delta = ['6', '-2', '-5', '1', '1'], g = [8, 16, -13, -15, 4, 4])
2022-01-14 09:07:32,499 INFO: Skipped Chabauty because MW generators haven't been computed. (delta = ['-2', '0', '1'], g = [8, 16, -13, -15, 4, 4])
2022-01-14 09:07:32,499 INFO: Skipped Chabauty because MW generators haven't been computed. (delta = ['1'], g = [8, 16, -13, -15, 4, 4])
2022-01-14 09:07:32,499 INFO: Skipped Chabauty because no base point (delta = ['-3', '1', '1'])
2022-01-14 09:07:32,555 INFO: Tasks complete. Recording data and exiting.
2022-02-12 17:41:37,383 INFO: Loaded curve data from file.
2022-02-12 17:41:37,384 INFO: Computing elliptic Chabauty map... (delta = ['6', '-2', '-5', '1', '1'], g = [8, 16, -13, -15, 4, 4])
2022-02-12 17:41:45,719 INFO: Elliptic Chabauty map computed. (delta = ['6', '-2', '-5', '1', '1'], g = [8, 16, -13, -15, 4, 4])
2022-02-12 17:41:45,721 INFO: Computing elliptic Chabauty map... (delta = ['-2', '0', '1'], g = [8, 16, -13, -15, 4, 4])
2022-02-12 17:41:53,818 INFO: Elliptic Chabauty map computed. (delta = ['-2', '0', '1'], g = [8, 16, -13, -15, 4, 4])
2022-02-12 17:41:53,820 INFO: Computing elliptic Chabauty map... (delta = ['1'], g = [8, 16, -13, -15, 4, 4])
2022-02-12 17:42:01,862 INFO: Elliptic Chabauty map computed. (delta = ['1'], g = [8, 16, -13, -15, 4, 4])
2022-02-12 17:42:01,864 INFO: Tasks complete. Recording data and exiting.
