2022-02-01 12:30:29,535 INFO: Initialized curve data.
2022-02-01 12:30:29,543 INFO: Setting up initial twist data...
2022-02-01 12:30:31,582 INFO: Twist setup complete.
2022-02-01 12:30:31,582 INFO: Searching for rational points on each twist...
2022-02-01 12:30:37,330 INFO: Finished searching for rational points on each twist.
2022-02-01 12:30:37,330 INFO: Testing local solvability of twists...
2022-02-01 12:31:36,955 INFO: Finished local solvability testing.
2022-02-01 12:31:36,957 INFO: Computing elliptic curve a-invariants...
2022-02-01 12:32:05,460 INFO: Finished computation of a-invariants.
2022-02-01 12:32:05,463 INFO: Computing MW group (delta = ['-12', '-28', '61', '6', '-7', '-4'], g = [2, 9, -16, -2, 2, 1])...
2022-02-01 14:03:15,714 INFO: Finished MW computation (delta = ['-12', '-28', '61', '6', '-7', '-4'], g = [2, 9, -16, -2, 2, 1])
2022-02-01 14:03:15,721 INFO: Skipped MW computation because no base point (delta = ['4', '40', '-63', '-9', '8', '4'])
2022-02-01 14:03:15,721 INFO: Computing MW group (delta = ['4', '8', '-16', '-2', '2', '1'], g = [2, 9, -16, -2, 2, 1])...
2022-02-01 14:10:35,839 INFO: Finished MW computation (delta = ['4', '8', '-16', '-2', '2', '1'], g = [2, 9, -16, -2, 2, 1])
2022-02-01 14:10:35,843 INFO: Skipped MW computation because no base point (delta = ['1', '-1'])
2022-02-01 14:10:35,844 INFO: Computing MW group (delta = ['-2', '3', '0', '-1'], g = [2, 9, -16, -2, 2, 1])...
2022-02-01 14:37:26,601 INFO: Finished MW computation (delta = ['-2', '3', '0', '-1'], g = [2, 9, -16, -2, 2, 1])
2022-02-01 14:37:26,608 INFO: Computing MW group (delta = ['1'], g = [2, 9, -16, -2, 2, 1])...
2022-02-01 14:44:14,111 INFO: Finished MW computation (delta = ['1'], g = [2, 9, -16, -2, 2, 1])
2022-02-01 14:44:14,117 INFO: Computing MW group (delta = ['0', '-12', '17', '2', '-2', '-1'], g = [2, 9, -16, -2, 2, 1])...
2022-02-01 14:45:58,197 INFO: Finished MW computation (delta = ['0', '-12', '17', '2', '-2', '-1'], g = [2, 9, -16, -2, 2, 1])
2022-02-01 14:45:58,202 INFO: Skipped MW computation because no base point (delta = ['-2', '1', '1'])
2022-02-01 14:45:58,205 INFO: Reducing MW generators...
2022-02-01 14:46:05,459 INFO: Finished reducing MW generators.
2022-02-01 14:46:05,462 INFO: Tasks complete. Recording data and exiting.
2022-02-02 04:48:11,468 INFO: Loaded curve data from file.
2022-02-02 04:48:11,469 INFO: Skipped Chabauty because MW group hasn't been provably computed. (delta = ['-12', '-28', '61', '6', '-7', '-4'], g = [2, 9, -16, -2, 2, 1])
2022-02-02 04:48:11,469 INFO: Skipped Chabauty because no base point (delta = ['4', '40', '-63', '-9', '8', '4'])
2022-02-02 04:48:11,469 INFO: Skipped Chabauty because MW group hasn't been provably computed. (delta = ['4', '8', '-16', '-2', '2', '1'], g = [2, 9, -16, -2, 2, 1])
2022-02-02 04:48:11,469 INFO: Skipped Chabauty because no base point (delta = ['1', '-1'])
2022-02-02 04:48:11,469 INFO: Running elliptic Chabauty (delta = ['-2', '3', '0', '-1'], g = [2, 9, -16, -2, 2, 1])...
2022-02-02 04:50:02,707 INFO: Chabauty completed successfully (delta = ['-2', '3', '0', '-1'], g = [2, 9, -16, -2, 2, 1]).
2022-02-02 04:50:02,712 INFO: Skipped Chabauty because MW group hasn't been provably computed. (delta = ['1'], g = [2, 9, -16, -2, 2, 1])
2022-02-02 04:50:02,712 INFO: Skipped Chabauty because MW group hasn't been provably computed. (delta = ['0', '-12', '17', '2', '-2', '-1'], g = [2, 9, -16, -2, 2, 1])
2022-02-02 04:50:02,713 INFO: Skipped Chabauty because no base point (delta = ['-2', '1', '1'])
2022-02-02 04:50:02,926 INFO: Tasks complete. Recording data and exiting.
