2022-01-01 12:50:58,153 INFO: Initialized curve data.
2022-01-01 12:50:58,156 INFO: Setting up initial twist data...
2022-01-01 12:50:59,211 INFO: Twist setup complete.
2022-01-01 12:50:59,211 INFO: Searching for rational points on each twist...
2022-01-01 12:51:00,044 INFO: Finished searching for rational points on each twist.
2022-01-01 12:51:00,044 INFO: Testing local solvability of twists...
2022-01-01 12:51:03,425 INFO: Finished local solvability testing.
2022-01-01 12:51:03,427 INFO: Computing elliptic curve a-invariants...
2022-01-01 12:51:30,251 INFO: Finished computation of a-invariants.
2022-01-01 12:51:30,253 INFO: Computing MW group (delta = ['-8', '0', '19', '-3', '-11', '4'], g = [-8, 1, 20, -4, -12, 4])...
2022-01-01 12:53:00,905 INFO: Finished MW computation (delta = ['-8', '0', '19', '-3', '-11', '4'], g = [-8, 1, 20, -4, -12, 4])
2022-01-01 12:53:00,910 INFO: Computing MW group (delta = ['8', '0', '-19', '4', '12', '-4'], g = [-8, 1, 20, -4, -12, 4])...
2022-01-01 13:17:38,442 INFO: Finished MW computation (delta = ['8', '0', '-19', '4', '12', '-4'], g = [-8, 1, 20, -4, -12, 4])
2022-01-01 13:17:38,448 INFO: Skipped MW computation because no base point (delta = ['-1', '0', '1'])
2022-01-01 13:17:38,449 INFO: Computing MW group (delta = ['1'], g = [-8, 1, 20, -4, -12, 4])...
2022-01-01 13:20:42,446 INFO: Finished MW computation (delta = ['1'], g = [-8, 1, 20, -4, -12, 4])
2022-01-01 13:20:42,454 INFO: Reducing MW generators...
2022-01-01 13:20:46,906 INFO: Finished reducing MW generators.
2022-01-01 13:20:46,909 INFO: Running elliptic Chabauty (delta = ['-8', '0', '19', '-3', '-11', '4'], g = [-8, 1, 20, -4, -12, 4])...
2022-01-01 13:24:34,874 INFO: Chabauty completed successfully (delta = ['-8', '0', '19', '-3', '-11', '4'], g = [-8, 1, 20, -4, -12, 4]).
2022-01-01 13:24:34,878 INFO: Running elliptic Chabauty (delta = ['8', '0', '-19', '4', '12', '-4'], g = [-8, 1, 20, -4, -12, 4])...
