2022-01-12 12:23:47,921 INFO: Initialized curve data.
2022-01-12 12:23:47,924 INFO: Setting up initial twist data...
2022-01-12 12:23:49,503 INFO: Twist setup complete.
2022-01-12 12:23:49,503 INFO: Searching for rational points on each twist...
2022-01-12 12:23:52,070 INFO: Finished searching for rational points on each twist.
2022-01-12 12:23:52,070 INFO: Testing local solvability of twists...
2022-01-12 12:24:13,259 INFO: Finished local solvability testing.
2022-01-12 12:24:13,260 INFO: Computing elliptic curve a-invariants...
2022-01-12 12:24:30,912 INFO: Finished computation of a-invariants.
2022-01-12 12:24:30,914 INFO: Skipped MW computation because no base point (delta = ['0', '16', '11', '-17', '-4', '4'])
2022-01-12 12:24:30,914 INFO: Computing MW group (delta = ['4', '16', '8', '-16', '-4', '4'], g = [2, 17, 8, -16, -4, 4])...
2022-01-14 11:32:31,245 INFO: Loaded curve data from file.
2022-01-14 11:32:31,245 INFO: Reducing MW generators...
2022-01-14 11:32:31,245 INFO: Finished reducing MW generators.
2022-01-14 11:32:31,247 INFO: Skipped Chabauty because no base point (delta = ['0', '16', '11', '-17', '-4', '4'])
2022-01-14 11:32:31,248 INFO: Skipped Chabauty because MW generators haven't been computed. (delta = ['4', '16', '8', '-16', '-4', '4'], g = [2, 17, 8, -16, -4, 4])
2022-01-14 11:32:31,248 INFO: Skipped Chabauty because no base point (delta = ['-1', '-1', '1'])
2022-01-14 11:32:31,248 INFO: Skipped Chabauty because MW generators haven't been computed. (delta = ['1'], g = [2, 17, 8, -16, -4, 4])
2022-01-14 11:32:31,330 INFO: Tasks complete. Recording data and exiting.
2022-02-12 17:31:21,604 INFO: Loaded curve data from file.
2022-02-12 17:31:21,605 INFO: Computing elliptic Chabauty map... (delta = ['4', '16', '8', '-16', '-4', '4'], g = [2, 17, 8, -16, -4, 4])
2022-02-12 17:31:42,942 INFO: Elliptic Chabauty map computed. (delta = ['4', '16', '8', '-16', '-4', '4'], g = [2, 17, 8, -16, -4, 4])
2022-02-12 17:31:42,944 INFO: Computing elliptic Chabauty map... (delta = ['1'], g = [2, 17, 8, -16, -4, 4])
2022-02-12 17:32:03,891 INFO: Elliptic Chabauty map computed. (delta = ['1'], g = [2, 17, 8, -16, -4, 4])
2022-02-12 17:32:03,893 INFO: Tasks complete. Recording data and exiting.
