2022-01-13 21:54:59,375 INFO: Initialized curve data.
2022-01-13 21:54:59,380 INFO: Setting up initial twist data...
2022-01-13 21:55:00,405 INFO: Twist setup complete.
2022-01-13 21:55:00,405 INFO: Searching for rational points on each twist...
2022-01-13 21:55:02,020 INFO: Finished searching for rational points on each twist.
2022-01-13 21:55:02,020 INFO: Testing local solvability of twists...
2022-01-13 21:55:02,026 INFO: Finished local solvability testing.
2022-01-13 21:55:02,028 INFO: Computing elliptic curve a-invariants...
2022-01-13 21:55:09,215 INFO: Finished computation of a-invariants.
2022-01-13 21:55:09,217 INFO: Computing MW group (delta = ['4', '15', '28', '-20', '0', '1'], g = [4, 16, 28, -20, 0, 1])...
2022-01-13 21:57:35,935 INFO: Finished MW computation (delta = ['4', '15', '28', '-20', '0', '1'], g = [4, 16, 28, -20, 0, 1])
2022-01-13 21:57:35,937 INFO: Computing MW group (delta = ['1'], g = [4, 16, 28, -20, 0, 1])...
2022-01-14 11:35:40,028 INFO: Loaded curve data from file.
2022-01-14 11:35:40,028 INFO: Reducing MW generators...
2022-01-14 11:35:40,407 INFO: Finished reducing MW generators.
2022-01-14 11:35:40,410 INFO: Running elliptic Chabauty (delta = ['4', '15', '28', '-20', '0', '1'], g = [4, 16, 28, -20, 0, 1])...
2022-01-14 11:35:50,598 INFO: Chabauty completed successfully (delta = ['4', '15', '28', '-20', '0', '1'], g = [4, 16, 28, -20, 0, 1]).
2022-01-14 11:35:50,599 INFO: Skipped Chabauty because MW generators haven't been computed. (delta = ['1'], g = [4, 16, 28, -20, 0, 1])
2022-01-14 11:35:50,600 INFO: Skipped Chabauty because MW generators haven't been computed. (delta = ['4', '15', '31', '-21', '0', '1'], g = [4, 16, 28, -20, 0, 1])
2022-01-14 11:35:50,600 INFO: Skipped Chabauty because MW generators haven't been computed. (delta = ['1', '-3', '1'], g = [4, 16, 28, -20, 0, 1])
2022-01-14 11:35:50,657 INFO: Tasks complete. Recording data and exiting.
2022-02-12 16:54:22,480 INFO: Loaded curve data from file.
2022-02-12 16:54:22,480 INFO: Computing elliptic Chabauty map... (delta = ['4', '15', '28', '-20', '0', '1'], g = [4, 16, 28, -20, 0, 1])
2022-02-12 16:54:30,765 INFO: Elliptic Chabauty map computed. (delta = ['4', '15', '28', '-20', '0', '1'], g = [4, 16, 28, -20, 0, 1])
2022-02-12 16:54:30,767 INFO: Computing elliptic Chabauty map... (delta = ['1'], g = [4, 16, 28, -20, 0, 1])
2022-02-12 16:54:38,708 INFO: Elliptic Chabauty map computed. (delta = ['1'], g = [4, 16, 28, -20, 0, 1])
2022-02-12 16:54:38,709 INFO: Computing elliptic Chabauty map... (delta = ['4', '15', '31', '-21', '0', '1'], g = [4, 16, 28, -20, 0, 1])
2022-02-12 16:54:46,720 INFO: Elliptic Chabauty map computed. (delta = ['4', '15', '31', '-21', '0', '1'], g = [4, 16, 28, -20, 0, 1])
2022-02-12 16:54:46,722 INFO: Computing elliptic Chabauty map... (delta = ['1', '-3', '1'], g = [4, 16, 28, -20, 0, 1])
2022-02-12 16:54:55,059 INFO: Elliptic Chabauty map computed. (delta = ['1', '-3', '1'], g = [4, 16, 28, -20, 0, 1])
2022-02-12 16:54:55,061 INFO: Tasks complete. Recording data and exiting.
