2022-01-12 12:26:02,814 INFO: Initialized curve data.
2022-01-12 12:26:02,816 INFO: Setting up initial twist data...
2022-01-12 12:26:04,023 INFO: Twist setup complete.
2022-01-12 12:26:04,023 INFO: Searching for rational points on each twist...
2022-01-12 12:26:07,743 INFO: Finished searching for rational points on each twist.
2022-01-12 12:26:07,744 INFO: Testing local solvability of twists...
2022-01-12 12:26:56,980 INFO: Finished local solvability testing.
2022-01-12 12:26:56,982 INFO: Computing elliptic curve a-invariants...
2022-01-12 12:27:04,528 INFO: Finished computation of a-invariants.
2022-01-12 12:27:04,531 INFO: Computing MW group (delta = ['-1/4', '1/4', '7', '43/2', '105/4', '41/4'], g = [1, 1])...
2022-01-12 12:27:05,099 INFO: Finished MW computation (delta = ['-1/4', '1/4', '7', '43/2', '105/4', '41/4'], g = [1, 1])
2022-01-12 12:27:05,104 INFO: Computing MW group (delta = ['-1/4', '1/4', '7', '43/2', '105/4', '41/4'], g = [4, 28, 80, 101, 41])...
2022-01-12 12:27:32,297 INFO: Finished MW computation (delta = ['-1/4', '1/4', '7', '43/2', '105/4', '41/4'], g = [4, 28, 80, 101, 41])
2022-01-12 12:27:32,303 INFO: Skipped MW computation because no base point (delta = ['-1/2', '0', '1'])
2022-01-12 12:27:32,304 INFO: Computing MW group (delta = ['2', '35/2', '135/2', '263/2', '245/2', '41'], g = [1, 1])...
2022-01-12 12:27:32,953 INFO: Finished MW computation (delta = ['2', '35/2', '135/2', '263/2', '245/2', '41'], g = [1, 1])
2022-01-12 12:27:32,958 INFO: Computing MW group (delta = ['2', '35/2', '135/2', '263/2', '245/2', '41'], g = [4, 28, 80, 101, 41])...
2022-01-12 12:30:00,898 INFO: Finished MW computation (delta = ['2', '35/2', '135/2', '263/2', '245/2', '41'], g = [4, 28, 80, 101, 41])
2022-01-12 12:30:00,904 INFO: Computing MW group (delta = ['-4', '-27', '-79', '-101', '-41'], g = [1, 1])...
2022-01-12 12:30:01,509 INFO: Finished MW computation (delta = ['-4', '-27', '-79', '-101', '-41'], g = [1, 1])
2022-01-12 12:30:01,514 INFO: Computing MW group (delta = ['-4', '-27', '-79', '-101', '-41'], g = [4, 28, 80, 101, 41])...
2022-01-12 12:30:15,525 INFO: Finished MW computation (delta = ['-4', '-27', '-79', '-101', '-41'], g = [4, 28, 80, 101, 41])
2022-01-12 12:30:15,531 INFO: Computing MW group (delta = ['-2', '-15/2', '4', '72', '132', '123/2'], g = [1, 1])...
2022-01-12 12:30:16,279 INFO: Finished MW computation (delta = ['-2', '-15/2', '4', '72', '132', '123/2'], g = [1, 1])
2022-01-12 12:30:16,285 INFO: Computing MW group (delta = ['-2', '-15/2', '4', '72', '132', '123/2'], g = [4, 28, 80, 101, 41])...
2022-01-12 12:30:28,350 INFO: Finished MW computation (delta = ['-2', '-15/2', '4', '72', '132', '123/2'], g = [4, 28, 80, 101, 41])
2022-01-12 12:30:28,356 INFO: Computing MW group (delta = ['1/2', '7/2', '15', '40', '101/2', '41/2'], g = [1, 1])...
2022-01-12 12:30:29,037 INFO: Finished MW computation (delta = ['1/2', '7/2', '15', '40', '101/2', '41/2'], g = [1, 1])
2022-01-12 12:30:29,043 INFO: Computing MW group (delta = ['1/2', '7/2', '15', '40', '101/2', '41/2'], g = [4, 28, 80, 101, 41])...
2022-01-12 12:30:47,867 INFO: Finished MW computation (delta = ['1/2', '7/2', '15', '40', '101/2', '41/2'], g = [4, 28, 80, 101, 41])
2022-01-12 12:30:47,874 INFO: Computing MW group (delta = ['1'], g = [1, 1])...
2022-01-12 12:30:48,746 INFO: Finished MW computation (delta = ['1'], g = [1, 1])
2022-01-12 12:30:48,752 INFO: Computing MW group (delta = ['1'], g = [4, 28, 80, 101, 41])...
2022-01-12 12:32:57,247 INFO: Finished MW computation (delta = ['1'], g = [4, 28, 80, 101, 41])
2022-01-12 12:32:57,254 INFO: Skipped MW computation because no base point (delta = ['1', '1911/164', '2182/41', '9993/82', '5477/41', '8247/164'])
2022-01-12 12:32:57,259 INFO: Reducing MW generators...
2022-01-12 12:33:05,155 INFO: Finished reducing MW generators.
2022-01-12 12:33:05,161 INFO: Tasks complete. Recording data and exiting.
2022-01-14 11:32:33,933 INFO: Loaded curve data from file.
2022-01-14 11:32:33,933 INFO: Skipped Chabauty because rank >= degree(g). (delta = ['-1/4', '1/4', '7', '43/2', '105/4', '41/4'], g = [1, 1])
2022-01-14 11:32:33,933 INFO: Skipped Chabauty because MW group hasn't been provably computed. (delta = ['-1/4', '1/4', '7', '43/2', '105/4', '41/4'], g = [4, 28, 80, 101, 41])
2022-01-14 11:32:33,933 INFO: Skipped Chabauty because no base point (delta = ['-1/2', '0', '1'])
2022-01-14 11:32:33,933 INFO: Skipped Chabauty because rank >= degree(g). (delta = ['2', '35/2', '135/2', '263/2', '245/2', '41'], g = [1, 1])
2022-01-14 11:32:33,934 INFO: Running elliptic Chabauty (delta = ['2', '35/2', '135/2', '263/2', '245/2', '41'], g = [4, 28, 80, 101, 41])...
2022-01-14 11:32:49,569 INFO: Chabauty completed successfully (delta = ['2', '35/2', '135/2', '263/2', '245/2', '41'], g = [4, 28, 80, 101, 41]).
2022-01-14 11:32:49,574 INFO: Skipped Chabauty because rank >= degree(g). (delta = ['-4', '-27', '-79', '-101', '-41'], g = [1, 1])
2022-01-14 11:32:49,574 INFO: Skipped Chabauty because MW group hasn't been provably computed. (delta = ['-4', '-27', '-79', '-101', '-41'], g = [4, 28, 80, 101, 41])
2022-01-14 11:32:49,574 INFO: Skipped Chabauty because rank >= degree(g). (delta = ['-2', '-15/2', '4', '72', '132', '123/2'], g = [1, 1])
2022-01-14 11:32:49,574 INFO: Skipped Chabauty because MW group hasn't been provably computed. (delta = ['-2', '-15/2', '4', '72', '132', '123/2'], g = [4, 28, 80, 101, 41])
2022-01-14 11:32:49,574 INFO: Skipped Chabauty because rank >= degree(g). (delta = ['1/2', '7/2', '15', '40', '101/2', '41/2'], g = [1, 1])
2022-01-14 11:32:49,574 INFO: Skipped Chabauty because MW group hasn't been provably computed. (delta = ['1/2', '7/2', '15', '40', '101/2', '41/2'], g = [4, 28, 80, 101, 41])
2022-01-14 11:32:49,574 INFO: Skipped Chabauty because rank >= degree(g). (delta = ['1'], g = [1, 1])
2022-01-14 11:32:49,574 INFO: Skipped Chabauty because MW group hasn't been provably computed. (delta = ['1'], g = [4, 28, 80, 101, 41])
2022-01-14 11:32:49,574 INFO: Skipped Chabauty because no base point (delta = ['1', '1911/164', '2182/41', '9993/82', '5477/41', '8247/164'])
2022-01-14 11:32:49,684 INFO: Tasks complete. Recording data and exiting.
