2022-01-11 12:31:50,022 INFO: Initialized curve data.
2022-01-11 12:31:50,028 INFO: Setting up initial twist data...
2022-01-11 12:31:51,163 INFO: Twist setup complete.
2022-01-11 12:31:51,163 INFO: Searching for rational points on each twist...
2022-01-11 12:31:52,922 INFO: Finished searching for rational points on each twist.
2022-01-11 12:31:52,922 INFO: Testing local solvability of twists...
2022-01-11 12:31:52,927 INFO: Finished local solvability testing.
2022-01-11 12:31:52,928 INFO: Computing elliptic curve a-invariants...
2022-01-11 12:32:07,034 INFO: Finished computation of a-invariants.
2022-01-11 12:32:07,036 INFO: Computing MW group (delta = ['-4', '-4', '11', '3', '2', '1'], g = [-4, -3, 10, 3, 2, 1])...
2022-01-11 12:33:04,679 INFO: Finished MW computation (delta = ['-4', '-4', '11', '3', '2', '1'], g = [-4, -3, 10, 3, 2, 1])
2022-01-11 12:33:04,681 INFO: Computing MW group (delta = ['1', '-1'], g = [-4, -3, 10, 3, 2, 1])...
2022-01-11 12:33:37,084 INFO: Finished MW computation (delta = ['1', '-1'], g = [-4, -3, 10, 3, 2, 1])
2022-01-11 12:33:37,086 INFO: Computing MW group (delta = ['1'], g = [-4, -3, 10, 3, 2, 1])...
2022-01-11 12:36:31,036 INFO: Finished MW computation (delta = ['1'], g = [-4, -3, 10, 3, 2, 1])
2022-01-11 12:36:31,039 INFO: Computing MW group (delta = ['-4', '-4', '10', '3', '2', '1'], g = [-4, -3, 10, 3, 2, 1])...
2022-01-11 12:38:14,827 INFO: Finished MW computation (delta = ['-4', '-4', '10', '3', '2', '1'], g = [-4, -3, 10, 3, 2, 1])
2022-01-11 12:38:14,831 INFO: Reducing MW generators...
2022-01-11 12:38:18,586 INFO: Finished reducing MW generators.
2022-01-11 12:38:18,587 INFO: Tasks complete. Recording data and exiting.
