2022-01-14 12:17:15,917 INFO: Initialized curve data.
2022-01-14 12:17:15,921 INFO: Setting up initial twist data...
2022-01-14 12:17:16,991 INFO: Twist setup complete.
2022-01-14 12:17:16,992 INFO: Searching for rational points on each twist...
2022-01-14 12:17:18,654 INFO: Finished searching for rational points on each twist.
2022-01-14 12:17:18,655 INFO: Testing local solvability of twists...
2022-01-14 12:17:18,662 INFO: Finished local solvability testing.
2022-01-14 12:17:18,664 INFO: Computing elliptic curve a-invariants...
2022-01-14 12:17:31,041 INFO: Finished computation of a-invariants.
2022-01-14 12:17:31,043 INFO: Computing MW group (delta = ['-1', '-1'], g = [4, 25, 6, -9, -2, 1])...
2022-01-14 12:22:16,515 INFO: Finished MW computation (delta = ['-1', '-1'], g = [4, 25, 6, -9, -2, 1])
2022-01-14 12:22:16,518 INFO: Computing MW group (delta = ['4', '24', '6', '-9', '-2', '1'], g = [4, 25, 6, -9, -2, 1])...
2022-01-14 12:29:29,557 INFO: Finished MW computation (delta = ['4', '24', '6', '-9', '-2', '1'], g = [4, 25, 6, -9, -2, 1])
2022-01-14 12:29:29,603 INFO: Unable to use elliptic Chabauty on twist (delta = ['4', '24', '6', '-9', '-2', '1'])
2022-01-14 12:29:29,636 INFO: Obstruction found to provably computing rational points. Exiting.
2022-01-14 15:52:19,474 INFO: Loaded curve data from file.
2022-01-14 15:52:19,474 INFO: Obstruction already found. Exiting.
2022-02-12 16:48:18,356 INFO: Loaded curve data from file.
2022-02-12 16:48:18,356 INFO: Computing elliptic Chabauty map... (delta = ['-1', '-1'], g = [4, 25, 6, -9, -2, 1])
2022-02-12 16:48:33,423 INFO: Elliptic Chabauty map computed. (delta = ['-1', '-1'], g = [4, 25, 6, -9, -2, 1])
2022-02-12 16:48:33,425 INFO: Computing elliptic Chabauty map... (delta = ['4', '24', '6', '-9', '-2', '1'], g = [4, 25, 6, -9, -2, 1])
2022-02-12 16:48:48,372 INFO: Elliptic Chabauty map computed. (delta = ['4', '24', '6', '-9', '-2', '1'], g = [4, 25, 6, -9, -2, 1])
2022-02-12 16:48:48,374 INFO: Computing elliptic Chabauty map... (delta = ['1'], g = [4, 25, 6, -9, -2, 1])
2022-02-12 16:49:03,216 INFO: Elliptic Chabauty map computed. (delta = ['1'], g = [4, 25, 6, -9, -2, 1])
2022-02-12 16:49:03,219 INFO: Computing elliptic Chabauty map... (delta = ['-4', '-24', '-5', '9', '2', '-1'], g = [4, 25, 6, -9, -2, 1])
2022-02-12 16:49:18,576 INFO: Elliptic Chabauty map computed. (delta = ['-4', '-24', '-5', '9', '2', '-1'], g = [4, 25, 6, -9, -2, 1])
2022-02-12 16:49:18,579 INFO: Tasks complete. Recording data and exiting.
