2022-01-13 21:54:55,105 INFO: Initialized curve data.
2022-01-13 21:54:55,108 INFO: Setting up initial twist data...
2022-01-13 21:54:56,406 INFO: Twist setup complete.
2022-01-13 21:54:56,406 INFO: Searching for rational points on each twist...
2022-01-13 21:54:58,346 INFO: Finished searching for rational points on each twist.
2022-01-13 21:54:58,346 INFO: Testing local solvability of twists...
2022-01-13 21:55:01,654 INFO: Finished local solvability testing.
2022-01-13 21:55:01,655 INFO: Computing elliptic curve a-invariants...
2022-01-13 21:55:13,803 INFO: Finished computation of a-invariants.
2022-01-13 21:55:13,804 INFO: Computing MW group (delta = ['-4', '-3', '5', '3', '4', '4'], g = [-4, -4, 4, 3, 4, 4])...
2022-01-13 21:59:18,952 INFO: Finished MW computation (delta = ['-4', '-3', '5', '3', '4', '4'], g = [-4, -4, 4, 3, 4, 4])
2022-01-13 21:59:18,955 INFO: Computing MW group (delta = ['2', '3/2', '-5/2', '-1/2', '-1', '-2'], g = [-4, -4, 4, 3, 4, 4])...
2022-01-13 21:59:36,470 INFO: Finished MW computation (delta = ['2', '3/2', '-5/2', '-1/2', '-1', '-2'], g = [-4, -4, 4, 3, 4, 4])
2022-01-13 21:59:36,472 INFO: Skipped MW computation because no base point (delta = ['-1/2', '0', '1'])
2022-01-13 21:59:36,473 INFO: Computing MW group (delta = ['1'], g = [-4, -4, 4, 3, 4, 4])...
2022-01-14 11:35:33,141 INFO: Loaded curve data from file.
2022-01-14 11:35:33,141 INFO: Reducing MW generators...
2022-01-14 11:35:33,668 INFO: Finished reducing MW generators.
2022-01-14 11:35:33,670 INFO: Skipped Chabauty because MW group hasn't been provably computed. (delta = ['-4', '-3', '5', '3', '4', '4'], g = [-4, -4, 4, 3, 4, 4])
2022-01-14 11:35:33,670 INFO: Skipped Chabauty because MW group hasn't been provably computed. (delta = ['2', '3/2', '-5/2', '-1/2', '-1', '-2'], g = [-4, -4, 4, 3, 4, 4])
2022-01-14 11:35:33,671 INFO: Skipped Chabauty because no base point (delta = ['-1/2', '0', '1'])
2022-01-14 11:35:33,671 INFO: Skipped Chabauty because MW generators haven't been computed. (delta = ['1'], g = [-4, -4, 4, 3, 4, 4])
2022-01-14 11:35:33,708 INFO: Tasks complete. Recording data and exiting.
