2022-01-11 12:35:45,848 INFO: Initialized curve data.
2022-01-11 12:35:45,850 INFO: Setting up initial twist data...
2022-01-11 12:35:46,791 INFO: Twist setup complete.
2022-01-11 12:35:46,792 INFO: Searching for rational points on each twist...
2022-01-11 12:35:47,982 INFO: Finished searching for rational points on each twist.
2022-01-11 12:35:47,982 INFO: Testing local solvability of twists...
2022-01-11 12:35:50,165 INFO: Finished local solvability testing.
2022-01-11 12:35:50,166 INFO: Computing elliptic curve a-invariants...
2022-01-11 12:35:54,979 INFO: Finished computation of a-invariants.
2022-01-11 12:35:54,981 INFO: Computing MW group (delta = ['4', '19', '-16', '-4', '4', '1'], g = [4, 20, -16, -4, 4, 1])...
2022-01-11 13:20:47,244 INFO: Finished MW computation (delta = ['4', '19', '-16', '-4', '4', '1'], g = [4, 20, -16, -4, 4, 1])
2022-01-11 13:20:47,256 INFO: Skipped MW computation because no base point (delta = ['1', '-1'])
2022-01-11 13:20:47,256 INFO: Computing MW group (delta = ['1'], g = [4, 20, -16, -4, 4, 1])...
2022-01-13 17:37:02,543 INFO: Loaded curve data from file.
2022-01-13 17:37:02,543 INFO: Reducing MW generators...
2022-01-13 17:37:03,537 INFO: Finished reducing MW generators.
2022-01-13 17:37:03,539 INFO: Running elliptic Chabauty (delta = ['4', '19', '-16', '-4', '4', '1'], g = [4, 20, -16, -4, 4, 1])...
2022-01-13 17:37:16,837 INFO: Chabauty completed successfully (delta = ['4', '19', '-16', '-4', '4', '1'], g = [4, 20, -16, -4, 4, 1]).
2022-01-13 17:37:16,839 INFO: Skipped Chabauty because no base point (delta = ['1', '-1'])
2022-01-13 17:37:16,839 INFO: Skipped Chabauty because MW generators haven't been computed. (delta = ['1'], g = [4, 20, -16, -4, 4, 1])
2022-01-13 17:37:16,839 INFO: Skipped Chabauty because MW generators haven't been computed. (delta = ['4', '19', '-15', '-4', '4', '1'], g = [4, 20, -16, -4, 4, 1])
2022-01-13 17:37:16,940 INFO: Tasks complete. Recording data and exiting.
