2022-01-11 12:35:46,500 INFO: Initialized curve data.
2022-01-11 12:35:46,503 INFO: Setting up initial twist data...
2022-01-11 12:35:47,573 INFO: Twist setup complete.
2022-01-11 12:35:47,573 INFO: Searching for rational points on each twist...
2022-01-11 12:35:49,328 INFO: Finished searching for rational points on each twist.
2022-01-11 12:35:49,328 INFO: Testing local solvability of twists...
2022-01-11 12:35:59,415 INFO: Finished local solvability testing.
2022-01-11 12:35:59,416 INFO: Computing elliptic curve a-invariants...
2022-01-11 12:36:19,898 INFO: Finished computation of a-invariants.
2022-01-11 12:36:19,899 INFO: Computing MW group (delta = ['2/3', '-1', '-4/3', '4/3', '1'], g = [8, 5, -44, -2, 36, 13])...
2022-01-11 12:36:52,802 INFO: Finished MW computation (delta = ['2/3', '-1', '-4/3', '4/3', '1'], g = [8, 5, -44, -2, 36, 13])
2022-01-11 12:36:52,804 INFO: Computing MW group (delta = ['1'], g = [8, 5, -44, -2, 36, 13])...
2022-01-11 12:39:24,870 INFO: Finished MW computation (delta = ['1'], g = [8, 5, -44, -2, 36, 13])
2022-01-11 12:39:24,873 INFO: Skipped MW computation because no base point (delta = ['-1', '1', '1'])
2022-01-11 12:39:24,873 INFO: Computing MW group (delta = ['-2/3', '1/3', '1'], g = [8, 5, -44, -2, 36, 13])...
2022-01-11 12:40:22,481 INFO: Finished MW computation (delta = ['-2/3', '1/3', '1'], g = [8, 5, -44, -2, 36, 13])
2022-01-11 12:40:22,485 INFO: Reducing MW generators...
2022-01-11 12:40:24,313 INFO: Finished reducing MW generators.
2022-01-11 12:40:24,315 INFO: Tasks complete. Recording data and exiting.
2022-01-13 17:37:01,039 INFO: Loaded curve data from file.
2022-01-13 17:37:01,039 INFO: Running elliptic Chabauty (delta = ['2/3', '-1', '-4/3', '4/3', '1'], g = [8, 5, -44, -2, 36, 13])...
2022-01-13 17:37:23,708 INFO: Chabauty completed successfully (delta = ['2/3', '-1', '-4/3', '4/3', '1'], g = [8, 5, -44, -2, 36, 13]).
2022-01-13 17:37:23,710 INFO: Running elliptic Chabauty (delta = ['1'], g = [8, 5, -44, -2, 36, 13])...
2022-01-13 17:38:01,860 INFO: Chabauty completed successfully (delta = ['1'], g = [8, 5, -44, -2, 36, 13]).
2022-01-13 17:38:01,861 INFO: Skipped Chabauty because no base point (delta = ['-1', '1', '1'])
2022-01-13 17:38:01,861 INFO: Skipped Chabauty because MW group hasn't been provably computed. (delta = ['-2/3', '1/3', '1'], g = [8, 5, -44, -2, 36, 13])
2022-01-13 17:38:02,006 INFO: Tasks complete. Recording data and exiting.
