2022-01-01 12:50:43,649 INFO: Initialized curve data.
2022-01-01 12:50:43,654 INFO: Setting up initial twist data...
2022-01-01 12:50:45,079 INFO: Twist setup complete.
2022-01-01 12:50:45,079 INFO: Searching for rational points on each twist...
2022-01-01 12:50:47,312 INFO: Finished searching for rational points on each twist.
2022-01-01 12:50:47,312 INFO: Testing local solvability of twists...
2022-01-01 12:51:35,799 INFO: Finished local solvability testing.
2022-01-01 12:51:35,801 INFO: Computing elliptic curve a-invariants...
2022-01-01 12:51:39,321 INFO: Finished computation of a-invariants.
2022-01-01 12:51:39,323 INFO: Computing MW group (delta = ['-8', '22', '3', '-3', '-3', '1'], g = [1, -3, 1])...
2022-01-01 12:51:42,303 INFO: Finished MW computation (delta = ['-8', '22', '3', '-3', '-3', '1'], g = [1, -3, 1])
2022-01-01 12:51:42,306 INFO: Computing MW group (delta = ['-8', '22', '3', '-3', '-3', '1'], g = [-9, -4, 0, 1])...
2022-01-01 12:52:06,051 INFO: Finished MW computation (delta = ['-8', '22', '3', '-3', '-3', '1'], g = [-9, -4, 0, 1])
2022-01-01 12:52:06,055 INFO: Computing MW group (delta = ['9', '-24', '-2', '3', '3', '-1'], g = [1, -3, 1])...
2022-01-01 12:52:08,787 INFO: Finished MW computation (delta = ['9', '-24', '-2', '3', '3', '-1'], g = [1, -3, 1])
2022-01-01 12:52:08,791 INFO: Computing MW group (delta = ['9', '-24', '-2', '3', '3', '-1'], g = [-9, -4, 0, 1])...
2022-01-01 12:54:07,276 INFO: Finished MW computation (delta = ['9', '-24', '-2', '3', '3', '-1'], g = [-9, -4, 0, 1])
2022-01-01 12:54:07,280 INFO: Computing MW group (delta = ['1'], g = [1, -3, 1])...
2022-01-01 12:54:10,134 INFO: Finished MW computation (delta = ['1'], g = [1, -3, 1])
2022-01-01 12:54:10,137 INFO: Computing MW group (delta = ['1'], g = [-9, -4, 0, 1])...
2022-01-01 12:55:47,940 INFO: Finished MW computation (delta = ['1'], g = [-9, -4, 0, 1])
2022-01-01 12:55:47,944 INFO: Computing MW group (delta = ['1', '-13', '0', '-1', '1'], g = [1, -3, 1])...
2022-01-01 12:55:49,656 INFO: Finished MW computation (delta = ['1', '-13', '0', '-1', '1'], g = [1, -3, 1])
2022-01-01 12:55:49,659 INFO: Computing MW group (delta = ['1', '-13', '0', '-1', '1'], g = [-9, -4, 0, 1])...
2022-01-01 12:56:03,567 INFO: Finished MW computation (delta = ['1', '-13', '0', '-1', '1'], g = [-9, -4, 0, 1])
2022-01-01 12:56:03,570 INFO: Computing MW group (delta = ['0', '-1'], g = [1, -3, 1])...
2022-01-01 12:56:06,445 INFO: Finished MW computation (delta = ['0', '-1'], g = [1, -3, 1])
2022-01-01 12:56:06,448 INFO: Computing MW group (delta = ['0', '-1'], g = [-9, -4, 0, 1])...
2022-01-01 12:58:28,974 INFO: Finished MW computation (delta = ['0', '-1'], g = [-9, -4, 0, 1])
2022-01-01 12:58:28,978 INFO: Skipped MW computation because no base point (delta = ['-8', '2', '5', '1', '-1'])
2022-01-01 12:58:28,978 INFO: Skipped MW computation because no base point (delta = ['0', '8', '-2', '-5', '-1', '1'])
2022-01-01 12:58:28,978 INFO: Skipped MW computation because no base point (delta = ['0', '-1', '13', '0', '1', '-1'])
2022-01-01 12:58:28,980 INFO: Reducing MW generators...
2022-01-01 12:58:36,313 INFO: Finished reducing MW generators.
2022-01-01 12:58:36,316 INFO: Running elliptic Chabauty (delta = ['-8', '22', '3', '-3', '-3', '1'], g = [1, -3, 1])...
2022-01-03 13:14:57,000 INFO: Obsolete "loc_solv_error" keys removed.
