2022-01-14 12:17:30,132 INFO: Initialized curve data.
2022-01-14 12:17:30,134 INFO: Setting up initial twist data...
2022-01-14 12:17:31,347 INFO: Twist setup complete.
2022-01-14 12:17:31,347 INFO: Searching for rational points on each twist...
2022-01-14 12:17:33,376 INFO: Finished searching for rational points on each twist.
2022-01-14 12:17:33,377 INFO: Testing local solvability of twists...
2022-01-14 12:17:53,856 INFO: Finished local solvability testing.
2022-01-14 12:17:53,858 INFO: Computing elliptic curve a-invariants...
2022-01-14 12:17:59,169 INFO: Finished computation of a-invariants.
2022-01-14 12:17:59,171 INFO: Skipped MW computation because no base point (delta = ['20', '4', '2', '-2', '0', '1'])
2022-01-14 12:17:59,171 INFO: Computing MW group (delta = ['12', '0', '4', '-1', '0', '1'], g = [14, 1, 4, -1, 0, 1])...
2022-01-14 12:18:41,987 INFO: Finished MW computation (delta = ['12', '0', '4', '-1', '0', '1'], g = [14, 1, 4, -1, 0, 1])
2022-01-14 12:18:41,991 INFO: Computing MW group (delta = ['1'], g = [14, 1, 4, -1, 0, 1])...
2022-01-14 12:20:52,623 INFO: Finished MW computation (delta = ['1'], g = [14, 1, 4, -1, 0, 1])
2022-01-14 12:20:52,672 INFO: Computing MW group (delta = ['-3', '0', '1'], g = [14, 1, 4, -1, 0, 1])...
2022-01-14 12:23:54,672 INFO: Finished MW computation (delta = ['-3', '0', '1'], g = [14, 1, 4, -1, 0, 1])
2022-01-14 12:23:54,679 INFO: Reducing MW generators...
2022-01-14 12:23:56,990 INFO: Finished reducing MW generators.
2022-01-14 12:23:56,994 INFO: Tasks complete. Recording data and exiting.
2022-01-14 15:52:28,662 INFO: Loaded curve data from file.
2022-01-14 15:52:28,662 INFO: Skipped Chabauty because no base point (delta = ['20', '4', '2', '-2', '0', '1'])
2022-01-14 15:52:28,663 INFO: Running elliptic Chabauty (delta = ['12', '0', '4', '-1', '0', '1'], g = [14, 1, 4, -1, 0, 1])...
2022-01-14 15:52:41,181 INFO: Chabauty completed successfully (delta = ['12', '0', '4', '-1', '0', '1'], g = [14, 1, 4, -1, 0, 1]).
2022-01-14 15:52:41,183 INFO: Running elliptic Chabauty (delta = ['1'], g = [14, 1, 4, -1, 0, 1])...
2022-01-14 15:59:36,999 INFO: Chabauty completed successfully (delta = ['1'], g = [14, 1, 4, -1, 0, 1]).
2022-01-14 15:59:37,037 INFO: Skipped Chabauty because MW group hasn't been provably computed. (delta = ['-3', '0', '1'], g = [14, 1, 4, -1, 0, 1])
2022-01-14 15:59:37,179 INFO: Tasks complete. Recording data and exiting.
