2022-01-01 12:50:36,317 INFO: Initialized curve data.
2022-01-01 12:50:36,319 INFO: Setting up initial twist data...
2022-01-01 12:50:38,763 INFO: Twist setup complete.
2022-01-01 12:50:38,763 INFO: Searching for rational points on each twist...
2022-01-01 12:50:41,222 INFO: Finished searching for rational points on each twist.
2022-01-01 12:50:41,223 INFO: Testing local solvability of twists...
2022-01-01 12:51:10,285 INFO: Finished local solvability testing.
2022-01-01 12:51:10,287 INFO: Computing elliptic curve a-invariants...
2022-01-01 12:51:17,737 INFO: Finished computation of a-invariants.
2022-01-01 12:51:17,739 INFO: Computing MW group (delta = ['4', '-15', '18', '1', '-8', '4'], g = [-1, 2])...
2022-01-01 12:51:17,933 INFO: Finished MW computation (delta = ['4', '-15', '18', '1', '-8', '4'], g = [-1, 2])
2022-01-01 12:51:17,936 INFO: Computing MW group (delta = ['4', '-15', '18', '1', '-8', '4'], g = [-4, 8, -1, -3, 2])...
2022-01-01 12:51:37,982 INFO: Finished MW computation (delta = ['4', '-15', '18', '1', '-8', '4'], g = [-4, 8, -1, -3, 2])
2022-01-01 12:51:37,985 INFO: Computing MW group (delta = ['35/2', '-71/2', '11/2', '27/2', '-9'], g = [-1, 2])...
2022-01-01 12:51:38,316 INFO: Finished MW computation (delta = ['35/2', '-71/2', '11/2', '27/2', '-9'], g = [-1, 2])
2022-01-01 12:51:38,319 INFO: Computing MW group (delta = ['35/2', '-71/2', '11/2', '27/2', '-9'], g = [-4, 8, -1, -3, 2])...
2022-01-01 12:53:36,728 INFO: Finished MW computation (delta = ['35/2', '-71/2', '11/2', '27/2', '-9'], g = [-4, 8, -1, -3, 2])
2022-01-01 12:53:36,732 INFO: Skipped MW computation because no base point (delta = ['153', '-1171/2', '2385/4', '93/2', '-1139/4', '279/2'])
2022-01-01 12:53:36,732 INFO: Computing MW group (delta = ['4', '-16', '16', '0', '-8', '4'], g = [-1, 2])...
2022-01-01 12:53:37,217 INFO: Finished MW computation (delta = ['4', '-16', '16', '0', '-8', '4'], g = [-1, 2])
2022-01-01 12:53:37,219 INFO: Computing MW group (delta = ['4', '-16', '16', '0', '-8', '4'], g = [-4, 8, -1, -3, 2])...
2022-01-01 12:53:55,806 INFO: Finished MW computation (delta = ['4', '-16', '16', '0', '-8', '4'], g = [-4, 8, -1, -3, 2])
2022-01-01 12:53:55,809 INFO: Computing MW group (delta = ['1'], g = [-1, 2])...
2022-01-01 12:53:56,133 INFO: Finished MW computation (delta = ['1'], g = [-1, 2])
2022-01-01 12:53:56,135 INFO: Computing MW group (delta = ['1'], g = [-4, 8, -1, -3, 2])...
2022-01-01 12:54:42,457 INFO: Finished MW computation (delta = ['1'], g = [-4, 8, -1, -3, 2])
2022-01-01 12:54:42,460 INFO: Computing MW group (delta = ['279/2', '-1143/2', '4963/8', '63/2', '-2325/8', '581/4'], g = [-1, 2])...
2022-01-01 12:54:42,941 INFO: Finished MW computation (delta = ['279/2', '-1143/2', '4963/8', '63/2', '-2325/8', '581/4'], g = [-1, 2])
2022-01-01 12:54:42,943 INFO: Computing MW group (delta = ['279/2', '-1143/2', '4963/8', '63/2', '-2325/8', '581/4'], g = [-4, 8, -1, -3, 2])...
2022-01-01 12:55:15,695 INFO: Finished MW computation (delta = ['279/2', '-1143/2', '4963/8', '63/2', '-2325/8', '581/4'], g = [-4, 8, -1, -3, 2])
2022-01-01 12:55:15,699 INFO: Computing MW group (delta = ['0', '-35/2', '71/2', '-11/2', '-27/2', '9'], g = [-1, 2])...
2022-01-01 12:55:15,862 INFO: Finished MW computation (delta = ['0', '-35/2', '71/2', '-11/2', '-27/2', '9'], g = [-1, 2])
2022-01-01 12:55:15,864 INFO: Computing MW group (delta = ['0', '-35/2', '71/2', '-11/2', '-27/2', '9'], g = [-4, 8, -1, -3, 2])...
2022-01-03 13:14:57,000 INFO: Obsolete "loc_solv_error" keys removed.
