2022-01-11 12:29:25,609 INFO: Initialized curve data.
2022-01-11 12:29:25,613 INFO: Setting up initial twist data...
2022-01-11 12:29:26,620 INFO: Twist setup complete.
2022-01-11 12:29:26,621 INFO: Searching for rational points on each twist...
2022-01-11 12:29:28,724 INFO: Finished searching for rational points on each twist.
2022-01-11 12:29:28,724 INFO: Testing local solvability of twists...
2022-01-11 12:29:28,730 INFO: Finished local solvability testing.
2022-01-11 12:29:28,731 INFO: Computing elliptic curve a-invariants...
2022-01-11 12:29:42,870 INFO: Finished computation of a-invariants.
2022-01-11 12:29:42,872 INFO: Computing MW group (delta = ['1', '6', '-1', '2', '-3', '-1'], g = [-1, -7, 2, -2, 3, 1])...
2022-01-11 12:36:57,014 INFO: Finished MW computation (delta = ['1', '6', '-1', '2', '-3', '-1'], g = [-1, -7, 2, -2, 3, 1])
2022-01-11 12:36:57,017 INFO: Computing MW group (delta = ['-4', '-29', '10', '-9', '12', '4'], g = [-1, -7, 2, -2, 3, 1])...
2022-01-11 12:38:25,917 INFO: Finished MW computation (delta = ['-4', '-29', '10', '-9', '12', '4'], g = [-1, -7, 2, -2, 3, 1])
2022-01-11 12:38:25,922 INFO: Computing MW group (delta = ['0', '-8', '2', '-2', '3', '1'], g = [-1, -7, 2, -2, 3, 1])...
2022-01-11 12:45:28,484 INFO: Finished MW computation (delta = ['0', '-8', '2', '-2', '3', '1'], g = [-1, -7, 2, -2, 3, 1])
2022-01-11 12:45:28,488 INFO: Computing MW group (delta = ['1'], g = [-1, -7, 2, -2, 3, 1])...
2022-01-11 12:47:02,264 INFO: Finished MW computation (delta = ['1'], g = [-1, -7, 2, -2, 3, 1])
2022-01-11 12:47:02,270 INFO: Reducing MW generators...
2022-01-11 12:47:06,047 INFO: Finished reducing MW generators.
2022-01-11 12:47:06,050 INFO: Tasks complete. Recording data and exiting.
2022-01-13 17:36:56,749 INFO: Loaded curve data from file.
2022-01-13 17:36:56,750 INFO: Skipped Chabauty because MW group hasn't been provably computed. (delta = ['1', '6', '-1', '2', '-3', '-1'], g = [-1, -7, 2, -2, 3, 1])
2022-01-13 17:36:56,750 INFO: Running elliptic Chabauty (delta = ['-4', '-29', '10', '-9', '12', '4'], g = [-1, -7, 2, -2, 3, 1])...
2022-01-13 17:37:17,903 INFO: Chabauty completed successfully (delta = ['-4', '-29', '10', '-9', '12', '4'], g = [-1, -7, 2, -2, 3, 1]).
2022-01-13 17:37:17,905 INFO: Running elliptic Chabauty (delta = ['0', '-8', '2', '-2', '3', '1'], g = [-1, -7, 2, -2, 3, 1])...
2022-01-13 17:37:42,066 INFO: Chabauty completed successfully (delta = ['0', '-8', '2', '-2', '3', '1'], g = [-1, -7, 2, -2, 3, 1]).
2022-01-13 17:37:42,068 INFO: Running elliptic Chabauty (delta = ['1'], g = [-1, -7, 2, -2, 3, 1])...
2022-01-13 17:37:58,577 INFO: Chabauty completed successfully (delta = ['1'], g = [-1, -7, 2, -2, 3, 1]).
2022-01-13 17:37:58,709 INFO: Tasks complete. Recording data and exiting.
