2022-01-13 21:54:44,188 INFO: Initialized curve data.
2022-01-13 21:54:44,190 INFO: Setting up initial twist data...
2022-01-13 21:54:45,315 INFO: Twist setup complete.
2022-01-13 21:54:45,315 INFO: Searching for rational points on each twist...
2022-01-13 21:54:47,151 INFO: Finished searching for rational points on each twist.
2022-01-13 21:54:47,151 INFO: Testing local solvability of twists...
2022-01-13 21:54:51,175 INFO: Finished local solvability testing.
2022-01-13 21:54:51,177 INFO: Computing elliptic curve a-invariants...
2022-01-13 21:54:57,986 INFO: Finished computation of a-invariants.
2022-01-13 21:54:57,989 INFO: Computing MW group (delta = ['-2', '2', '1'], g = [8, -8, 4, 1, 2, 1])...
2022-01-13 21:56:25,111 INFO: Finished MW computation (delta = ['-2', '2', '1'], g = [8, -8, 4, 1, 2, 1])
2022-01-13 21:56:25,115 INFO: Computing MW group (delta = ['1'], g = [8, -8, 4, 1, 2, 1])...
2022-01-13 21:57:15,655 INFO: Finished MW computation (delta = ['1'], g = [8, -8, 4, 1, 2, 1])
2022-01-13 21:57:15,657 INFO: Computing MW group (delta = ['8', '-9', '4', '1', '2', '1'], g = [8, -8, 4, 1, 2, 1])...
2022-01-13 22:01:00,293 INFO: Finished MW computation (delta = ['8', '-9', '4', '1', '2', '1'], g = [8, -8, 4, 1, 2, 1])
2022-01-13 22:01:00,296 INFO: Skipped MW computation because no base point (delta = ['-16', '18', '-10', '-3', '-4', '-2'])
2022-01-13 22:01:00,298 INFO: Reducing MW generators...
2022-01-13 22:01:03,462 INFO: Finished reducing MW generators.
2022-01-13 22:01:03,464 INFO: Tasks complete. Recording data and exiting.
2022-01-14 11:35:21,343 INFO: Loaded curve data from file.
2022-01-14 11:35:21,344 INFO: Running elliptic Chabauty (delta = ['-2', '2', '1'], g = [8, -8, 4, 1, 2, 1])...
2022-01-14 11:35:35,938 INFO: Chabauty completed successfully (delta = ['-2', '2', '1'], g = [8, -8, 4, 1, 2, 1]).
2022-01-14 11:35:35,942 INFO: Running elliptic Chabauty (delta = ['1'], g = [8, -8, 4, 1, 2, 1])...
2022-01-14 11:35:51,426 INFO: Chabauty completed successfully (delta = ['1'], g = [8, -8, 4, 1, 2, 1]).
2022-01-14 11:35:51,428 INFO: Running elliptic Chabauty (delta = ['8', '-9', '4', '1', '2', '1'], g = [8, -8, 4, 1, 2, 1])...
2022-01-14 11:36:02,401 INFO: Chabauty completed successfully (delta = ['8', '-9', '4', '1', '2', '1'], g = [8, -8, 4, 1, 2, 1]).
2022-01-14 11:36:02,403 INFO: Skipped Chabauty because no base point (delta = ['-16', '18', '-10', '-3', '-4', '-2'])
2022-01-14 11:36:02,591 INFO: Rational points successfully computed.
2022-01-14 11:36:02,593 INFO: Tasks complete. Recording data and exiting.
