2022-01-14 12:17:18,986 INFO: Initialized curve data.
2022-01-14 12:17:18,997 INFO: Setting up initial twist data...
2022-01-14 12:17:20,099 INFO: Twist setup complete.
2022-01-14 12:17:20,099 INFO: Searching for rational points on each twist...
2022-01-14 12:17:22,240 INFO: Finished searching for rational points on each twist.
2022-01-14 12:17:22,241 INFO: Testing local solvability of twists...
2022-01-14 12:17:22,247 INFO: Finished local solvability testing.
2022-01-14 12:17:22,249 INFO: Computing elliptic curve a-invariants...
2022-01-14 12:17:37,796 INFO: Finished computation of a-invariants.
2022-01-14 12:17:37,799 INFO: Computing MW group (delta = ['-4', '12', '1', '-10', '8', '-1'], g = [4, -11, 0, 10, -8, 1])...
2022-01-14 12:23:52,403 INFO: Finished MW computation (delta = ['-4', '12', '1', '-10', '8', '-1'], g = [4, -11, 0, 10, -8, 1])
2022-01-14 12:23:52,409 INFO: Computing MW group (delta = ['-16', '44', '-1', '-41', '32', '-4'], g = [4, -11, 0, 10, -8, 1])...
2022-01-14 12:27:13,642 INFO: Finished MW computation (delta = ['-16', '44', '-1', '-41', '32', '-4'], g = [4, -11, 0, 10, -8, 1])
2022-01-14 12:27:13,645 INFO: Computing MW group (delta = ['4', '-12', '0', '10', '-8', '1'], g = [4, -11, 0, 10, -8, 1])...
2022-01-14 12:33:26,746 INFO: Finished MW computation (delta = ['4', '-12', '0', '10', '-8', '1'], g = [4, -11, 0, 10, -8, 1])
2022-01-14 12:33:26,749 INFO: Computing MW group (delta = ['1'], g = [4, -11, 0, 10, -8, 1])...
2022-01-14 12:39:48,938 INFO: Finished MW computation (delta = ['1'], g = [4, -11, 0, 10, -8, 1])
2022-01-14 12:39:48,942 INFO: Reducing MW generators...
2022-01-14 12:39:50,203 INFO: Finished reducing MW generators.
2022-01-14 12:39:50,205 INFO: Tasks complete. Recording data and exiting.
