2022-01-13 21:54:35,142 INFO: Initialized curve data.
2022-01-13 21:54:35,147 INFO: Setting up initial twist data...
2022-01-13 21:54:36,118 INFO: Twist setup complete.
2022-01-13 21:54:36,119 INFO: Searching for rational points on each twist...
2022-01-13 21:54:38,078 INFO: Finished searching for rational points on each twist.
2022-01-13 21:54:38,079 INFO: Testing local solvability of twists...
2022-01-13 21:54:38,084 INFO: Finished local solvability testing.
2022-01-13 21:54:38,085 INFO: Computing elliptic curve a-invariants...
2022-01-13 21:54:45,109 INFO: Finished computation of a-invariants.
2022-01-13 21:54:45,112 INFO: Computing MW group (delta = ['4', '24', '16', '14', '4', '1'], g = [4, 25, 16, 14, 4, 1])...
2022-01-13 21:55:45,754 INFO: Finished MW computation (delta = ['4', '24', '16', '14', '4', '1'], g = [4, 25, 16, 14, 4, 1])
2022-01-13 21:55:45,758 INFO: Computing MW group (delta = ['-1', '-1'], g = [4, 25, 16, 14, 4, 1])...
2022-01-13 21:55:56,393 INFO: Finished MW computation (delta = ['-1', '-1'], g = [4, 25, 16, 14, 4, 1])
2022-01-13 21:55:56,396 INFO: Computing MW group (delta = ['-4', '-24', '-15', '-14', '-4', '-1'], g = [4, 25, 16, 14, 4, 1])...
2022-01-13 21:56:24,015 INFO: Finished MW computation (delta = ['-4', '-24', '-15', '-14', '-4', '-1'], g = [4, 25, 16, 14, 4, 1])
2022-01-13 21:56:24,019 INFO: Computing MW group (delta = ['1'], g = [4, 25, 16, 14, 4, 1])...
2022-01-13 21:57:13,769 INFO: Finished MW computation (delta = ['1'], g = [4, 25, 16, 14, 4, 1])
2022-01-13 21:57:13,777 INFO: Reducing MW generators...
2022-01-13 21:57:16,939 INFO: Finished reducing MW generators.
2022-01-13 21:57:16,942 INFO: Tasks complete. Recording data and exiting.
