2022-01-12 09:25:25,702 INFO: Initialized curve data.
2022-01-12 09:25:25,705 INFO: Setting up initial twist data...
2022-01-12 09:25:26,652 INFO: Twist setup complete.
2022-01-12 09:25:26,652 INFO: Searching for rational points on each twist...
2022-01-12 09:25:28,547 INFO: Finished searching for rational points on each twist.
2022-01-12 09:25:28,547 INFO: Testing local solvability of twists...
2022-01-12 09:25:28,552 INFO: Finished local solvability testing.
2022-01-12 09:25:28,553 INFO: Computing elliptic curve a-invariants...
2022-01-12 09:25:42,158 INFO: Finished computation of a-invariants.
2022-01-12 09:25:42,160 INFO: Computing MW group (delta = ['-14', '37', '13', '-24', '-6', '3'], g = [-4, 12, 4, -8, -2, 1])...
2022-01-12 09:32:12,348 INFO: Finished MW computation (delta = ['-14', '37', '13', '-24', '-6', '3'], g = [-4, 12, 4, -8, -2, 1])
2022-01-12 09:32:12,352 INFO: Computing MW group (delta = ['-6', '11', '4', '-8', '-2', '1'], g = [-4, 12, 4, -8, -2, 1])...
2022-01-12 09:38:30,480 INFO: Finished MW computation (delta = ['-6', '11', '4', '-8', '-2', '1'], g = [-4, 12, 4, -8, -2, 1])
2022-01-12 09:38:30,483 INFO: Computing MW group (delta = ['1'], g = [-4, 12, 4, -8, -2, 1])...
2022-01-12 09:40:26,317 INFO: Finished MW computation (delta = ['1'], g = [-4, 12, 4, -8, -2, 1])
2022-01-12 09:40:26,320 INFO: Computing MW group (delta = ['148', '-432', '-147', '287', '72', '-36'], g = [-4, 12, 4, -8, -2, 1])...
2022-01-12 09:41:51,687 INFO: Finished MW computation (delta = ['148', '-432', '-147', '287', '72', '-36'], g = [-4, 12, 4, -8, -2, 1])
2022-01-12 09:41:51,693 INFO: Reducing MW generators...
2022-01-12 09:41:54,545 INFO: Finished reducing MW generators.
2022-01-12 09:41:54,547 INFO: Tasks complete. Recording data and exiting.
