2022-01-12 09:25:07,053 INFO: Initialized curve data.
2022-01-12 09:25:07,055 INFO: Setting up initial twist data...
2022-01-12 09:25:08,254 INFO: Twist setup complete.
2022-01-12 09:25:08,254 INFO: Searching for rational points on each twist...
2022-01-12 09:25:09,766 INFO: Finished searching for rational points on each twist.
2022-01-12 09:25:09,766 INFO: Testing local solvability of twists...
2022-01-12 09:25:23,087 INFO: Finished local solvability testing.
2022-01-12 09:25:23,088 INFO: Computing elliptic curve a-invariants...
2022-01-12 09:25:31,242 INFO: Finished computation of a-invariants.
2022-01-12 09:25:31,244 INFO: Computing MW group (delta = ['1/4', '-1'], g = [4, -28, 32, 60, 16, 1])...
2022-01-12 09:30:16,569 INFO: Finished MW computation (delta = ['1/4', '-1'], g = [4, -28, 32, 60, 16, 1])
2022-01-12 09:30:16,571 INFO: Skipped MW computation because no base point (delta = ['-1', '4', '1'])
2022-01-12 09:30:16,571 INFO: Computing MW group (delta = ['1'], g = [4, -28, 32, 60, 16, 1])...
2022-01-14 09:10:25,733 INFO: Loaded curve data from file.
2022-01-14 09:10:25,733 INFO: Reducing MW generators...
2022-01-14 09:10:25,946 INFO: Finished reducing MW generators.
2022-01-14 09:10:25,949 INFO: Skipped Chabauty because MW group hasn't been provably computed. (delta = ['1/4', '-1'], g = [4, -28, 32, 60, 16, 1])
2022-01-14 09:10:25,949 INFO: Skipped Chabauty because no base point (delta = ['-1', '4', '1'])
2022-01-14 09:10:25,949 INFO: Skipped Chabauty because MW generators haven't been computed. (delta = ['1'], g = [4, -28, 32, 60, 16, 1])
2022-01-14 09:10:25,949 INFO: Skipped Chabauty because no base point (delta = ['-1/4', '2', '-15/4', '-1'])
2022-01-14 09:10:26,012 INFO: Tasks complete. Recording data and exiting.
2022-02-12 17:23:11,097 INFO: Loaded curve data from file.
2022-02-12 17:23:11,098 INFO: Computing elliptic Chabauty map... (delta = ['1/4', '-1'], g = [4, -28, 32, 60, 16, 1])
2022-02-12 17:23:27,733 INFO: Elliptic Chabauty map computed. (delta = ['1/4', '-1'], g = [4, -28, 32, 60, 16, 1])
2022-02-12 17:23:27,735 INFO: Computing elliptic Chabauty map... (delta = ['1'], g = [4, -28, 32, 60, 16, 1])
2022-02-12 17:23:43,748 INFO: Elliptic Chabauty map computed. (delta = ['1'], g = [4, -28, 32, 60, 16, 1])
2022-02-12 17:23:43,749 INFO: Tasks complete. Recording data and exiting.
