2022-01-12 09:25:20,739 INFO: Initialized curve data.
2022-01-12 09:25:20,741 INFO: Setting up initial twist data...
2022-01-12 09:25:22,026 INFO: Twist setup complete.
2022-01-12 09:25:22,026 INFO: Searching for rational points on each twist...
2022-01-12 09:25:23,695 INFO: Finished searching for rational points on each twist.
2022-01-12 09:25:23,695 INFO: Testing local solvability of twists...
2022-01-12 09:25:46,262 INFO: Finished local solvability testing.
2022-01-12 09:25:46,264 INFO: Computing elliptic curve a-invariants...
2022-01-12 09:26:03,328 INFO: Finished computation of a-invariants.
2022-01-12 09:26:03,330 INFO: Computing MW group (delta = ['1'], g = [3, -1, -17, 9, 9, 1])...
2022-01-12 09:29:08,930 INFO: Finished MW computation (delta = ['1'], g = [3, -1, -17, 9, 9, 1])
2022-01-12 09:29:08,935 INFO: Skipped MW computation because no base point (delta = ['-1', '1', '1'])
2022-01-12 09:29:08,935 INFO: Skipped MW computation because no base point (delta = ['-1/2', '3/2', '-1/2', '-1'])
2022-01-12 09:29:08,936 INFO: Computing MW group (delta = ['1/2', '-1'], g = [3, -1, -17, 9, 9, 1])...
2022-01-12 09:34:09,678 INFO: Finished MW computation (delta = ['1/2', '-1'], g = [3, -1, -17, 9, 9, 1])
2022-01-12 09:34:09,686 INFO: Reducing MW generators...
2022-01-12 09:34:13,032 INFO: Finished reducing MW generators.
2022-01-12 09:34:13,035 INFO: Tasks complete. Recording data and exiting.
2022-01-14 09:10:29,753 INFO: Loaded curve data from file.
2022-01-14 09:10:29,754 INFO: Running elliptic Chabauty (delta = ['1'], g = [3, -1, -17, 9, 9, 1])...
2022-01-14 09:10:53,021 INFO: Chabauty completed successfully (delta = ['1'], g = [3, -1, -17, 9, 9, 1]).
2022-01-14 09:10:53,024 INFO: Skipped Chabauty because no base point (delta = ['-1', '1', '1'])
2022-01-14 09:10:53,024 INFO: Skipped Chabauty because no base point (delta = ['-1/2', '3/2', '-1/2', '-1'])
2022-01-14 09:10:53,024 INFO: Running elliptic Chabauty (delta = ['1/2', '-1'], g = [3, -1, -17, 9, 9, 1])...
2022-01-14 09:11:19,354 INFO: Chabauty completed successfully (delta = ['1/2', '-1'], g = [3, -1, -17, 9, 9, 1]).
2022-01-14 09:11:19,587 INFO: Rational points successfully computed.
2022-01-14 09:11:19,590 INFO: Tasks complete. Recording data and exiting.
