2022-01-11 15:10:15,258 INFO: Initialized curve data.
2022-01-11 15:10:15,262 INFO: Setting up initial twist data...
2022-01-11 15:10:16,439 INFO: Twist setup complete.
2022-01-11 15:10:16,439 INFO: Searching for rational points on each twist...
2022-01-11 15:10:18,443 INFO: Finished searching for rational points on each twist.
2022-01-11 15:10:18,444 INFO: Testing local solvability of twists...
2022-01-11 15:10:18,451 INFO: Finished local solvability testing.
2022-01-11 15:10:18,453 INFO: Computing elliptic curve a-invariants...
2022-01-11 15:10:27,378 INFO: Finished computation of a-invariants.
2022-01-11 15:10:27,380 INFO: Computing MW group (delta = ['-2', '-15/2', '-6', '2', '-1', '-4'], g = [4, 16, 16, 1, 4, 8])...
2022-01-11 15:11:55,440 INFO: Finished MW computation (delta = ['-2', '-15/2', '-6', '2', '-1', '-4'], g = [4, 16, 16, 1, 4, 8])
2022-01-11 15:11:55,443 INFO: Computing MW group (delta = ['1/2', '3/2', '1'], g = [4, 16, 16, 1, 4, 8])...
2022-01-14 09:07:32,452 INFO: Loaded curve data from file.
2022-01-14 09:07:32,452 INFO: Reducing MW generators...
2022-01-14 09:07:33,111 INFO: Finished reducing MW generators.
2022-01-14 09:07:33,154 INFO: Running elliptic Chabauty (delta = ['-2', '-15/2', '-6', '2', '-1', '-4'], g = [4, 16, 16, 1, 4, 8])...
2022-01-14 09:07:49,603 INFO: Chabauty completed successfully (delta = ['-2', '-15/2', '-6', '2', '-1', '-4'], g = [4, 16, 16, 1, 4, 8]).
2022-01-14 09:07:49,605 INFO: Skipped Chabauty because MW generators haven't been computed. (delta = ['1/2', '3/2', '1'], g = [4, 16, 16, 1, 4, 8])
2022-01-14 09:07:49,605 INFO: Skipped Chabauty because MW generators haven't been computed. (delta = ['1'], g = [4, 16, 16, 1, 4, 8])
2022-01-14 09:07:49,605 INFO: Skipped Chabauty because MW generators haven't been computed. (delta = ['-4', '-15', '-15', '-1', '-4', '-8'], g = [4, 16, 16, 1, 4, 8])
2022-01-14 09:07:49,678 INFO: Tasks complete. Recording data and exiting.
