2022-01-12 12:16:54,417 INFO: Initialized curve data.
2022-01-12 12:16:54,424 INFO: Setting up initial twist data...
2022-01-12 12:16:55,814 INFO: Twist setup complete.
2022-01-12 12:16:55,814 INFO: Searching for rational points on each twist...
2022-01-12 12:16:57,274 INFO: Finished searching for rational points on each twist.
2022-01-12 12:16:57,274 INFO: Testing local solvability of twists...
2022-01-12 12:17:09,070 INFO: Finished local solvability testing.
2022-01-12 12:17:09,072 INFO: Computing elliptic curve a-invariants...
2022-01-12 12:17:13,606 INFO: Finished computation of a-invariants.
2022-01-12 12:17:13,607 INFO: Computing MW group (delta = ['2', '-2', '-3', '1', '1'], g = [-8, 16, 4, -15, 2, 5])...
2022-01-12 12:20:13,957 INFO: Finished MW computation (delta = ['2', '-2', '-3', '1', '1'], g = [-8, 16, 4, -15, 2, 5])
2022-01-12 12:20:13,960 INFO: Skipped MW computation because no base point (delta = ['-2', '0', '1'])
2022-01-12 12:20:13,960 INFO: Computing MW group (delta = ['1'], g = [-8, 16, 4, -15, 2, 5])...
2022-01-14 11:32:15,561 INFO: Loaded curve data from file.
2022-01-14 11:32:15,562 INFO: Reducing MW generators...
2022-01-14 11:32:15,726 INFO: Finished reducing MW generators.
2022-01-14 11:32:15,727 INFO: Skipped Chabauty because MW group hasn't been provably computed. (delta = ['2', '-2', '-3', '1', '1'], g = [-8, 16, 4, -15, 2, 5])
2022-01-14 11:32:15,728 INFO: Skipped Chabauty because no base point (delta = ['-2', '0', '1'])
2022-01-14 11:32:15,728 INFO: Skipped Chabauty because MW generators haven't been computed. (delta = ['1'], g = [-8, 16, 4, -15, 2, 5])
2022-01-14 11:32:15,728 INFO: Skipped Chabauty because no base point (delta = ['-1', '1', '1'])
2022-01-14 11:32:15,782 INFO: Tasks complete. Recording data and exiting.
2022-02-12 16:56:43,633 INFO: Loaded curve data from file.
2022-02-12 16:56:43,633 INFO: Computing elliptic Chabauty map... (delta = ['2', '-2', '-3', '1', '1'], g = [-8, 16, 4, -15, 2, 5])
2022-02-12 16:56:58,780 INFO: Elliptic Chabauty map computed. (delta = ['2', '-2', '-3', '1', '1'], g = [-8, 16, 4, -15, 2, 5])
2022-02-12 16:56:58,783 INFO: Computing elliptic Chabauty map... (delta = ['1'], g = [-8, 16, 4, -15, 2, 5])
2022-02-12 16:57:13,701 INFO: Elliptic Chabauty map computed. (delta = ['1'], g = [-8, 16, 4, -15, 2, 5])
2022-02-12 16:57:13,703 INFO: Tasks complete. Recording data and exiting.
