2022-01-13 21:54:49,559 INFO: Initialized curve data.
2022-01-13 21:54:49,563 INFO: Setting up initial twist data...
2022-01-13 21:54:50,374 INFO: Twist setup complete.
2022-01-13 21:54:50,375 INFO: Searching for rational points on each twist...
2022-01-13 21:54:51,733 INFO: Finished searching for rational points on each twist.
2022-01-13 21:54:51,734 INFO: Testing local solvability of twists...
2022-01-13 21:54:51,741 INFO: Finished local solvability testing.
2022-01-13 21:54:51,742 INFO: Computing elliptic curve a-invariants...
2022-01-13 21:55:05,153 INFO: Finished computation of a-invariants.
2022-01-13 21:55:05,154 INFO: Computing MW group (delta = ['4', '-13', '31', '-17', '0', '1'], g = [4, -12, 28, -16, 0, 1])...
2022-01-13 21:58:11,088 INFO: Finished MW computation (delta = ['4', '-13', '31', '-17', '0', '1'], g = [4, -12, 28, -16, 0, 1])
2022-01-13 21:58:11,090 INFO: Computing MW group (delta = ['4', '-13', '28', '-16', '0', '1'], g = [4, -12, 28, -16, 0, 1])...
2022-01-13 22:06:01,629 INFO: Finished MW computation (delta = ['4', '-13', '28', '-16', '0', '1'], g = [4, -12, 28, -16, 0, 1])
2022-01-13 22:06:01,631 INFO: Computing MW group (delta = ['1'], g = [4, -12, 28, -16, 0, 1])...
2022-01-13 22:09:19,406 INFO: Finished MW computation (delta = ['1'], g = [4, -12, 28, -16, 0, 1])
2022-01-13 22:09:19,409 INFO: Computing MW group (delta = ['1', '-3', '1'], g = [4, -12, 28, -16, 0, 1])...
2022-01-13 22:15:26,677 INFO: Finished MW computation (delta = ['1', '-3', '1'], g = [4, -12, 28, -16, 0, 1])
2022-01-13 22:15:26,681 INFO: Reducing MW generators...
2022-01-13 22:15:29,772 INFO: Finished reducing MW generators.
2022-01-13 22:15:29,774 INFO: Tasks complete. Recording data and exiting.
