2022-01-11 15:10:18,450 INFO: Initialized curve data.
2022-01-11 15:10:18,455 INFO: Setting up initial twist data...
2022-01-11 15:10:19,721 INFO: Twist setup complete.
2022-01-11 15:10:19,721 INFO: Searching for rational points on each twist...
2022-01-11 15:10:22,812 INFO: Finished searching for rational points on each twist.
2022-01-11 15:10:22,812 INFO: Testing local solvability of twists...
2022-01-11 15:10:22,818 INFO: Finished local solvability testing.
2022-01-11 15:10:22,820 INFO: Computing elliptic curve a-invariants...
2022-01-11 15:10:42,205 INFO: Finished computation of a-invariants.
2022-01-11 15:10:42,207 INFO: Computing MW group (delta = ['1', '0', '-5', '0', '4', '2'], g = [1, 3, -12, 0, 8, 4])...
2022-01-11 15:13:16,149 INFO: Finished MW computation (delta = ['1', '0', '-5', '0', '4', '2'], g = [1, 3, -12, 0, 8, 4])
2022-01-11 15:13:16,152 INFO: Computing MW group (delta = ['2', '11/2', '-22', '-5/2', '17', '8'], g = [1, 3, -12, 0, 8, 4])...
2022-01-14 09:07:32,346 INFO: Loaded curve data from file.
2022-01-14 09:07:32,347 INFO: Reducing MW generators...
2022-01-14 09:07:32,507 INFO: Finished reducing MW generators.
2022-01-14 09:07:32,510 INFO: Running elliptic Chabauty (delta = ['1', '0', '-5', '0', '4', '2'], g = [1, 3, -12, 0, 8, 4])...
2022-01-14 09:07:46,347 INFO: Chabauty completed successfully (delta = ['1', '0', '-5', '0', '4', '2'], g = [1, 3, -12, 0, 8, 4]).
2022-01-14 09:07:46,349 INFO: Skipped Chabauty because MW generators haven't been computed. (delta = ['2', '11/2', '-22', '-5/2', '17', '8'], g = [1, 3, -12, 0, 8, 4])
2022-01-14 09:07:46,349 INFO: Skipped Chabauty because MW generators haven't been computed. (delta = ['1', '2', '-11', '0', '8', '4'], g = [1, 3, -12, 0, 8, 4])
2022-01-14 09:07:46,349 INFO: Skipped Chabauty because MW generators haven't been computed. (delta = ['1'], g = [1, 3, -12, 0, 8, 4])
2022-01-14 09:07:46,400 INFO: Tasks complete. Recording data and exiting.
