2022-01-12 12:17:56,060 INFO: Initialized curve data.
2022-01-12 12:17:56,063 INFO: Setting up initial twist data...
2022-01-12 12:17:57,747 INFO: Twist setup complete.
2022-01-12 12:17:57,748 INFO: Searching for rational points on each twist...
2022-01-12 12:18:00,103 INFO: Finished searching for rational points on each twist.
2022-01-12 12:18:00,103 INFO: Testing local solvability of twists...
2022-01-12 12:18:02,112 INFO: Finished local solvability testing.
2022-01-12 12:18:02,113 INFO: Computing elliptic curve a-invariants...
2022-01-12 12:18:09,298 INFO: Finished computation of a-invariants.
2022-01-12 12:18:09,299 INFO: Computing MW group (delta = ['-1/3', '1/3', '1'], g = [4, -7, -24, 24, 40, 12])...
2022-01-12 12:18:54,764 INFO: Finished MW computation (delta = ['-1/3', '1/3', '1'], g = [4, -7, -24, 24, 40, 12])
2022-01-12 12:18:54,766 INFO: Computing MW group (delta = ['1'], g = [4, -7, -24, 24, 40, 12])...
2022-01-14 11:32:17,762 INFO: Loaded curve data from file.
2022-01-14 11:32:17,762 INFO: Reducing MW generators...
2022-01-14 11:32:17,793 INFO: Finished reducing MW generators.
2022-01-14 11:32:17,796 INFO: Skipped Chabauty because MW group hasn't been provably computed. (delta = ['-1/3', '1/3', '1'], g = [4, -7, -24, 24, 40, 12])
2022-01-14 11:32:17,796 INFO: Skipped Chabauty because MW generators haven't been computed. (delta = ['1'], g = [4, -7, -24, 24, 40, 12])
2022-01-14 11:32:17,796 INFO: Skipped Chabauty because no base point (delta = ['-1', '2', '1'])
2022-01-14 11:32:17,796 INFO: Skipped Chabauty because MW generators haven't been computed. (delta = ['1/3', '-1', '-2/3', '7/3', '1'], g = [4, -7, -24, 24, 40, 12])
2022-01-14 11:32:17,837 INFO: Tasks complete. Recording data and exiting.
2022-02-12 16:47:59,417 INFO: Loaded curve data from file.
2022-02-12 16:47:59,417 INFO: Computing elliptic Chabauty map... (delta = ['-1/3', '1/3', '1'], g = [4, -7, -24, 24, 40, 12])
2022-02-12 16:48:14,364 INFO: Elliptic Chabauty map computed. (delta = ['-1/3', '1/3', '1'], g = [4, -7, -24, 24, 40, 12])
2022-02-12 16:48:14,367 INFO: Computing elliptic Chabauty map... (delta = ['1'], g = [4, -7, -24, 24, 40, 12])
2022-02-12 16:48:28,879 INFO: Elliptic Chabauty map computed. (delta = ['1'], g = [4, -7, -24, 24, 40, 12])
2022-02-12 16:48:28,881 INFO: Computing elliptic Chabauty map... (delta = ['1/3', '-1', '-2/3', '7/3', '1'], g = [4, -7, -24, 24, 40, 12])
2022-02-12 16:48:43,265 INFO: Elliptic Chabauty map computed. (delta = ['1/3', '-1', '-2/3', '7/3', '1'], g = [4, -7, -24, 24, 40, 12])
2022-02-12 16:48:43,268 INFO: Tasks complete. Recording data and exiting.
