2022-01-14 12:17:15,939 INFO: Initialized curve data.
2022-01-14 12:17:15,943 INFO: Setting up initial twist data...
2022-01-14 12:17:17,812 INFO: Twist setup complete.
2022-01-14 12:17:17,812 INFO: Searching for rational points on each twist...
2022-01-14 12:17:22,200 INFO: Finished searching for rational points on each twist.
2022-01-14 12:17:22,200 INFO: Testing local solvability of twists...
2022-01-14 12:17:52,908 INFO: Finished local solvability testing.
2022-01-14 12:17:52,911 INFO: Computing elliptic curve a-invariants...
2022-01-14 12:18:06,576 INFO: Finished computation of a-invariants.
2022-01-14 12:18:06,579 INFO: Computing MW group (delta = ['4', '-8', '0', '-2', '8', '1'], g = [4, -7, 0, -2, 8, 1])...
2022-01-14 15:52:17,867 INFO: Loaded curve data from file.
2022-01-14 15:52:17,867 INFO: Reducing MW generators...
2022-01-14 15:52:17,867 INFO: Finished reducing MW generators.
2022-01-14 15:52:17,869 INFO: Skipped Chabauty because MW generators haven't been computed. (delta = ['4', '-8', '0', '-2', '8', '1'], g = [4, -7, 0, -2, 8, 1])
2022-01-14 15:52:17,869 INFO: Skipped Chabauty because no base point (delta = ['8', '-14', '1/2', '-11/2', '17', '2'])
2022-01-14 15:52:17,869 INFO: Skipped Chabauty because no base point (delta = ['2', '-4', '3/2', '-2', '4', '1/2'])
2022-01-14 15:52:17,869 INFO: Skipped Chabauty because MW generators haven't been computed. (delta = ['1'], g = [4, -7, 0, -2, 8, 1])
2022-01-14 15:52:17,869 INFO: Skipped Chabauty because MW generators haven't been computed. (delta = ['2', '-4', '1', '-1', '4', '1/2'], g = [4, -7, 0, -2, 8, 1])
2022-01-14 15:52:17,869 INFO: Skipped Chabauty because MW generators haven't been computed. (delta = ['1/2', '-1'], g = [4, -7, 0, -2, 8, 1])
2022-01-14 15:52:17,869 INFO: Skipped Chabauty because MW generators haven't been computed. (delta = ['4', '-8', '1', '-2', '8', '1'], g = [4, -7, 0, -2, 8, 1])
2022-01-14 15:52:17,869 INFO: Skipped Chabauty because no base point (delta = ['16', '-28', '1', '-9', '32', '4'])
2022-01-14 15:52:18,016 INFO: Tasks complete. Recording data and exiting.
