2022-01-11 12:29:25,205 INFO: Initialized curve data.
2022-01-11 12:29:25,207 INFO: Setting up initial twist data...
2022-01-11 12:29:26,292 INFO: Twist setup complete.
2022-01-11 12:29:26,292 INFO: Searching for rational points on each twist...
2022-01-11 12:29:28,257 INFO: Finished searching for rational points on each twist.
2022-01-11 12:29:28,257 INFO: Testing local solvability of twists...
2022-01-11 12:29:28,264 INFO: Finished local solvability testing.
2022-01-11 12:29:28,265 INFO: Computing elliptic curve a-invariants...
2022-01-11 12:29:36,102 INFO: Finished computation of a-invariants.
2022-01-11 12:29:36,105 INFO: Computing MW group (delta = ['1', '2', '5', '-4', '0', '4'], g = [1, 3, 4, -4, 0, 4])...
2022-01-11 12:30:11,287 INFO: Finished MW computation (delta = ['1', '2', '5', '-4', '0', '4'], g = [1, 3, 4, -4, 0, 4])
2022-01-11 12:30:11,290 INFO: Computing MW group (delta = ['1'], g = [1, 3, 4, -4, 0, 4])...
2022-01-11 12:32:14,362 INFO: Finished MW computation (delta = ['1'], g = [1, 3, 4, -4, 0, 4])
2022-01-11 12:32:14,367 INFO: Computing MW group (delta = ['16', '49', '63', '-65', '1', '64'], g = [1, 3, 4, -4, 0, 4])...
2022-01-11 12:34:01,432 INFO: Finished MW computation (delta = ['16', '49', '63', '-65', '1', '64'], g = [1, 3, 4, -4, 0, 4])
2022-01-11 12:34:01,434 INFO: Computing MW group (delta = ['1', '6', '9', '-8', '0', '8'], g = [1, 3, 4, -4, 0, 4])...
2022-01-11 12:36:45,550 INFO: Finished MW computation (delta = ['1', '6', '9', '-8', '0', '8'], g = [1, 3, 4, -4, 0, 4])
2022-01-11 12:36:45,554 INFO: Reducing MW generators...
2022-01-11 12:36:49,843 INFO: Finished reducing MW generators.
2022-01-11 12:36:49,849 INFO: Tasks complete. Recording data and exiting.
2022-01-13 17:36:48,294 INFO: Loaded curve data from file.
2022-01-13 17:36:48,295 INFO: Skipped Chabauty because MW group hasn't been provably computed. (delta = ['1', '2', '5', '-4', '0', '4'], g = [1, 3, 4, -4, 0, 4])
2022-01-13 17:36:48,295 INFO: Running elliptic Chabauty (delta = ['1'], g = [1, 3, 4, -4, 0, 4])...
2022-01-13 17:46:01,223 INFO: Chabauty completed successfully (delta = ['1'], g = [1, 3, 4, -4, 0, 4]).
2022-01-13 17:46:01,226 INFO: Running elliptic Chabauty (delta = ['16', '49', '63', '-65', '1', '64'], g = [1, 3, 4, -4, 0, 4])...
2022-01-13 17:46:18,320 INFO: Chabauty completed successfully (delta = ['16', '49', '63', '-65', '1', '64'], g = [1, 3, 4, -4, 0, 4]).
2022-01-13 17:46:18,322 INFO: Running elliptic Chabauty (delta = ['1', '6', '9', '-8', '0', '8'], g = [1, 3, 4, -4, 0, 4])...
2022-01-13 17:46:31,085 INFO: Chabauty completed successfully (delta = ['1', '6', '9', '-8', '0', '8'], g = [1, 3, 4, -4, 0, 4]).
2022-01-13 17:46:31,200 INFO: Tasks complete. Recording data and exiting.
2022-02-12 16:41:14,749 INFO: Loaded curve data from file.
2022-02-12 16:41:14,750 INFO: Computing elliptic Chabauty map... (delta = ['1', '2', '5', '-4', '0', '4'], g = [1, 3, 4, -4, 0, 4])
2022-02-12 16:41:28,566 INFO: Elliptic Chabauty map computed. (delta = ['1', '2', '5', '-4', '0', '4'], g = [1, 3, 4, -4, 0, 4])
2022-02-12 16:41:28,570 INFO: Computing elliptic Chabauty map... (delta = ['1'], g = [1, 3, 4, -4, 0, 4])
2022-02-12 16:41:42,080 INFO: Elliptic Chabauty map computed. (delta = ['1'], g = [1, 3, 4, -4, 0, 4])
2022-02-12 16:41:42,082 INFO: Computing elliptic Chabauty map... (delta = ['16', '49', '63', '-65', '1', '64'], g = [1, 3, 4, -4, 0, 4])
2022-02-12 16:41:55,707 INFO: Elliptic Chabauty map computed. (delta = ['16', '49', '63', '-65', '1', '64'], g = [1, 3, 4, -4, 0, 4])
2022-02-12 16:41:55,710 INFO: Computing elliptic Chabauty map... (delta = ['1', '6', '9', '-8', '0', '8'], g = [1, 3, 4, -4, 0, 4])
2022-02-12 16:42:09,317 INFO: Elliptic Chabauty map computed. (delta = ['1', '6', '9', '-8', '0', '8'], g = [1, 3, 4, -4, 0, 4])
2022-02-12 16:42:09,320 INFO: Tasks complete. Recording data and exiting.
