2022-01-01 10:40:35,584 INFO: Initialized curve data.
2022-01-01 10:40:35,587 INFO: Setting up initial twist data...
2022-01-01 10:40:36,830 INFO: Twist setup complete.
2022-01-01 10:40:36,831 INFO: Searching for rational points on each twist...
2022-01-01 10:40:37,818 INFO: Finished searching for rational points on each twist.
2022-01-01 10:40:37,818 INFO: Testing local solvability of twists...
2022-01-01 10:40:37,825 INFO: Finished local solvability testing.
2022-01-01 10:40:37,826 INFO: Computing elliptic curve a-invariants...
2022-01-01 10:40:47,481 INFO: Finished computation of a-invariants.
2022-01-01 10:40:47,483 INFO: Computing MW group (delta = ['4', '-8', '7', '-5', '2', '1'], g = [4, -7, 6, -5, 2, 1])...
2022-01-01 10:41:03,734 INFO: Finished MW computation (delta = ['4', '-8', '7', '-5', '2', '1'], g = [4, -7, 6, -5, 2, 1])
2022-01-01 10:41:03,736 INFO: Computing MW group (delta = ['16', '-28', '25', '-21', '8', '4'], g = [4, -7, 6, -5, 2, 1])...
2022-01-01 10:41:41,031 INFO: Finished MW computation (delta = ['16', '-28', '25', '-21', '8', '4'], g = [4, -7, 6, -5, 2, 1])
2022-01-01 10:41:41,034 INFO: Computing MW group (delta = ['1'], g = [4, -7, 6, -5, 2, 1])...
2022-01-01 10:42:43,442 INFO: Finished MW computation (delta = ['1'], g = [4, -7, 6, -5, 2, 1])
2022-01-01 10:42:43,445 INFO: Computing MW group (delta = ['4', '-8', '6', '-5', '2', '1'], g = [4, -7, 6, -5, 2, 1])...
2022-01-01 10:43:29,423 INFO: Finished MW computation (delta = ['4', '-8', '6', '-5', '2', '1'], g = [4, -7, 6, -5, 2, 1])
2022-01-01 10:43:29,428 INFO: Reducing MW generators...
2022-01-01 10:43:34,078 INFO: Finished reducing MW generators.
2022-01-01 10:43:34,081 INFO: Running elliptic Chabauty (delta = ['4', '-8', '7', '-5', '2', '1'], g = [4, -7, 6, -5, 2, 1])...
2022-01-01 10:43:48,923 INFO: Chabauty completed successfully (delta = ['4', '-8', '7', '-5', '2', '1'], g = [4, -7, 6, -5, 2, 1]).
2022-01-01 10:43:48,926 INFO: Running elliptic Chabauty (delta = ['16', '-28', '25', '-21', '8', '4'], g = [4, -7, 6, -5, 2, 1])...
2022-01-01 10:44:04,298 INFO: Chabauty completed successfully (delta = ['16', '-28', '25', '-21', '8', '4'], g = [4, -7, 6, -5, 2, 1]).
2022-01-01 10:44:04,301 INFO: Running elliptic Chabauty (delta = ['1'], g = [4, -7, 6, -5, 2, 1])...
2022-01-01 10:44:21,325 INFO: Chabauty completed successfully (delta = ['1'], g = [4, -7, 6, -5, 2, 1]).
2022-01-01 10:44:21,328 INFO: Running elliptic Chabauty (delta = ['4', '-8', '6', '-5', '2', '1'], g = [4, -7, 6, -5, 2, 1])...
2022-01-01 10:44:39,154 INFO: Chabauty completed successfully (delta = ['4', '-8', '6', '-5', '2', '1'], g = [4, -7, 6, -5, 2, 1]).
2022-01-01 10:44:39,486 INFO: Rational points successfully computed.
2022-01-01 10:44:39,489 INFO: Tasks complete. Recording data and exiting.
2022-01-03 13:14:58,000 INFO: Obsolete "loc_solv_error" keys removed.
2022-01-03 13:14:58,000 INFO: Deleted results of Chabauty computation.
2022-01-10 22:38:56,589 INFO: Loaded curve data from file.
2022-01-10 22:38:56,590 INFO: Running elliptic Chabauty (delta = ['4', '-8', '7', '-5', '2', '1'], g = [4, -7, 6, -5, 2, 1])...
2022-01-10 22:39:08,386 INFO: Chabauty completed successfully (delta = ['4', '-8', '7', '-5', '2', '1'], g = [4, -7, 6, -5, 2, 1]).
2022-01-10 22:39:08,388 INFO: Running elliptic Chabauty (delta = ['16', '-28', '25', '-21', '8', '4'], g = [4, -7, 6, -5, 2, 1])...
2022-01-10 22:39:20,316 INFO: Chabauty completed successfully (delta = ['16', '-28', '25', '-21', '8', '4'], g = [4, -7, 6, -5, 2, 1]).
2022-01-10 22:39:20,317 INFO: Running elliptic Chabauty (delta = ['1'], g = [4, -7, 6, -5, 2, 1])...
2022-01-10 22:39:33,129 INFO: Chabauty completed successfully (delta = ['1'], g = [4, -7, 6, -5, 2, 1]).
2022-01-10 22:39:33,131 INFO: Running elliptic Chabauty (delta = ['4', '-8', '6', '-5', '2', '1'], g = [4, -7, 6, -5, 2, 1])...
2022-01-10 22:39:46,897 INFO: Chabauty completed successfully (delta = ['4', '-8', '6', '-5', '2', '1'], g = [4, -7, 6, -5, 2, 1]).
2022-01-10 22:39:47,109 INFO: Rational points successfully computed.
2022-01-10 22:39:47,111 INFO: Tasks complete. Recording data and exiting.
2022-02-12 17:12:19,916 INFO: Loaded curve data from file.
2022-02-12 17:12:19,916 INFO: Computing elliptic Chabauty map... (delta = ['4', '-8', '7', '-5', '2', '1'], g = [4, -7, 6, -5, 2, 1])
2022-02-12 17:12:34,488 INFO: Elliptic Chabauty map computed. (delta = ['4', '-8', '7', '-5', '2', '1'], g = [4, -7, 6, -5, 2, 1])
2022-02-12 17:12:34,491 INFO: Computing elliptic Chabauty map... (delta = ['16', '-28', '25', '-21', '8', '4'], g = [4, -7, 6, -5, 2, 1])
2022-02-12 17:12:48,697 INFO: Elliptic Chabauty map computed. (delta = ['16', '-28', '25', '-21', '8', '4'], g = [4, -7, 6, -5, 2, 1])
2022-02-12 17:12:48,700 INFO: Computing elliptic Chabauty map... (delta = ['1'], g = [4, -7, 6, -5, 2, 1])
2022-02-12 17:13:02,973 INFO: Elliptic Chabauty map computed. (delta = ['1'], g = [4, -7, 6, -5, 2, 1])
2022-02-12 17:13:02,976 INFO: Computing elliptic Chabauty map... (delta = ['4', '-8', '6', '-5', '2', '1'], g = [4, -7, 6, -5, 2, 1])
2022-02-12 17:13:17,206 INFO: Elliptic Chabauty map computed. (delta = ['4', '-8', '6', '-5', '2', '1'], g = [4, -7, 6, -5, 2, 1])
2022-02-12 17:13:17,209 INFO: Tasks complete. Recording data and exiting.
