2022-01-13 21:54:45,303 INFO: Initialized curve data.
2022-01-13 21:54:45,308 INFO: Setting up initial twist data...
2022-01-13 21:54:46,134 INFO: Twist setup complete.
2022-01-13 21:54:46,134 INFO: Searching for rational points on each twist...
2022-01-13 21:54:47,391 INFO: Finished searching for rational points on each twist.
2022-01-13 21:54:47,391 INFO: Testing local solvability of twists...
2022-01-13 21:54:52,604 INFO: Finished local solvability testing.
2022-01-13 21:54:52,606 INFO: Computing elliptic curve a-invariants...
2022-01-13 21:54:59,817 INFO: Finished computation of a-invariants.
2022-01-13 21:54:59,819 INFO: Computing MW group (delta = ['1', '-1', '1'], g = [-4, 5, 10, -1, 2, 1])...
2022-01-13 21:56:37,293 INFO: Finished MW computation (delta = ['1', '-1', '1'], g = [-4, 5, 10, -1, 2, 1])
2022-01-13 21:56:37,297 INFO: Skipped MW computation because no base point (delta = ['-4', '4', '11', '-2', '2', '1'])
2022-01-13 21:56:37,297 INFO: Computing MW group (delta = ['1'], g = [-4, 5, 10, -1, 2, 1])...
2022-01-13 21:58:08,389 INFO: Finished MW computation (delta = ['1'], g = [-4, 5, 10, -1, 2, 1])
2022-01-13 21:58:08,392 INFO: Computing MW group (delta = ['-4', '4', '10', '-1', '2', '1'], g = [-4, 5, 10, -1, 2, 1])...
2022-01-13 22:00:01,039 INFO: Finished MW computation (delta = ['-4', '4', '10', '-1', '2', '1'], g = [-4, 5, 10, -1, 2, 1])
2022-01-13 22:00:01,044 INFO: Reducing MW generators...
2022-01-13 22:00:02,936 INFO: Finished reducing MW generators.
2022-01-13 22:00:02,939 INFO: Tasks complete. Recording data and exiting.
2022-01-14 11:35:21,723 INFO: Loaded curve data from file.
2022-01-14 11:35:21,724 INFO: Skipped Chabauty because MW group hasn't been provably computed. (delta = ['1', '-1', '1'], g = [-4, 5, 10, -1, 2, 1])
2022-01-14 11:35:21,724 INFO: Skipped Chabauty because no base point (delta = ['-4', '4', '11', '-2', '2', '1'])
2022-01-14 11:35:21,724 INFO: Skipped Chabauty because MW group hasn't been provably computed. (delta = ['1'], g = [-4, 5, 10, -1, 2, 1])
2022-01-14 11:35:21,724 INFO: Skipped Chabauty because MW group hasn't been provably computed. (delta = ['-4', '4', '10', '-1', '2', '1'], g = [-4, 5, 10, -1, 2, 1])
2022-01-14 11:35:21,774 INFO: Tasks complete. Recording data and exiting.
2022-02-12 17:39:01,682 INFO: Loaded curve data from file.
2022-02-12 17:39:01,682 INFO: Computing elliptic Chabauty map... (delta = ['1', '-1', '1'], g = [-4, 5, 10, -1, 2, 1])
2022-02-12 17:39:16,478 INFO: Elliptic Chabauty map computed. (delta = ['1', '-1', '1'], g = [-4, 5, 10, -1, 2, 1])
2022-02-12 17:39:16,480 INFO: Computing elliptic Chabauty map... (delta = ['1'], g = [-4, 5, 10, -1, 2, 1])
2022-02-12 17:39:31,219 INFO: Elliptic Chabauty map computed. (delta = ['1'], g = [-4, 5, 10, -1, 2, 1])
2022-02-12 17:39:31,222 INFO: Computing elliptic Chabauty map... (delta = ['-4', '4', '10', '-1', '2', '1'], g = [-4, 5, 10, -1, 2, 1])
2022-02-12 17:39:45,839 INFO: Elliptic Chabauty map computed. (delta = ['-4', '4', '10', '-1', '2', '1'], g = [-4, 5, 10, -1, 2, 1])
2022-02-12 17:39:45,842 INFO: Tasks complete. Recording data and exiting.
