2022-01-12 09:25:11,198 INFO: Initialized curve data.
2022-01-12 09:25:11,202 INFO: Setting up initial twist data...
2022-01-12 09:25:12,285 INFO: Twist setup complete.
2022-01-12 09:25:12,285 INFO: Searching for rational points on each twist...
2022-01-12 09:25:13,887 INFO: Finished searching for rational points on each twist.
2022-01-12 09:25:13,887 INFO: Testing local solvability of twists...
2022-01-12 09:25:17,594 INFO: Finished local solvability testing.
2022-01-12 09:25:17,595 INFO: Computing elliptic curve a-invariants...
2022-01-12 09:25:22,865 INFO: Finished computation of a-invariants.
2022-01-12 09:25:22,867 INFO: Computing MW group (delta = ['-4', '8', '-3', '-4', '7', '-5'], g = [4, -7, 2, 3, -6, 5])...
2022-01-12 09:26:59,804 INFO: Finished MW computation (delta = ['-4', '8', '-3', '-4', '7', '-5'], g = [4, -7, 2, 3, -6, 5])
2022-01-12 09:26:59,810 INFO: Skipped MW computation because no base point (delta = ['-1', '0', '1'])
2022-01-12 09:26:59,811 INFO: Computing MW group (delta = ['4', '-8', '3', '3', '-6', '5'], g = [4, -7, 2, 3, -6, 5])...
2022-01-12 09:27:39,984 INFO: Finished MW computation (delta = ['4', '-8', '3', '3', '-6', '5'], g = [4, -7, 2, 3, -6, 5])
2022-01-12 09:27:39,988 INFO: Computing MW group (delta = ['1'], g = [4, -7, 2, 3, -6, 5])...
2022-01-12 11:03:04,674 INFO: Finished MW computation (delta = ['1'], g = [4, -7, 2, 3, -6, 5])
2022-01-12 11:03:04,685 INFO: Reducing MW generators...
2022-01-12 11:03:07,786 INFO: Finished reducing MW generators.
2022-01-12 11:03:07,789 INFO: Tasks complete. Recording data and exiting.
2022-01-14 09:10:30,470 INFO: Loaded curve data from file.
2022-01-14 09:10:30,471 INFO: Skipped Chabauty because MW group hasn't been provably computed. (delta = ['-4', '8', '-3', '-4', '7', '-5'], g = [4, -7, 2, 3, -6, 5])
2022-01-14 09:10:30,472 INFO: Skipped Chabauty because no base point (delta = ['-1', '0', '1'])
2022-01-14 09:10:30,472 INFO: Skipped Chabauty because MW group hasn't been provably computed. (delta = ['4', '-8', '3', '3', '-6', '5'], g = [4, -7, 2, 3, -6, 5])
2022-01-14 09:10:30,472 INFO: Skipped Chabauty because MW group hasn't been provably computed. (delta = ['1'], g = [4, -7, 2, 3, -6, 5])
2022-01-14 09:10:30,521 INFO: Tasks complete. Recording data and exiting.
