2022-02-01 12:30:12,392 INFO: Initialized curve data.
2022-02-01 12:30:12,395 INFO: Setting up initial twist data...
2022-02-01 12:30:13,475 INFO: Twist setup complete.
2022-02-01 12:30:13,475 INFO: Searching for rational points on each twist...
2022-02-01 12:30:15,181 INFO: Finished searching for rational points on each twist.
2022-02-01 12:30:15,181 INFO: Testing local solvability of twists...
2022-02-01 12:30:15,187 INFO: Finished local solvability testing.
2022-02-01 12:30:15,188 INFO: Computing elliptic curve a-invariants...
2022-02-01 12:30:32,230 INFO: Finished computation of a-invariants.
2022-02-01 12:30:32,232 INFO: Computing MW group (delta = ['4', '-16', '2', '27', '-10', '1'], g = [4, -15, 2, 27, -10, 1])...
2022-02-01 12:31:55,639 INFO: Finished MW computation (delta = ['4', '-16', '2', '27', '-10', '1'], g = [4, -15, 2, 27, -10, 1])
2022-02-01 12:31:55,643 INFO: Computing MW group (delta = ['1', '-1'], g = [4, -15, 2, 27, -10, 1])...
2022-02-01 12:34:01,460 INFO: Finished MW computation (delta = ['1', '-1'], g = [4, -15, 2, 27, -10, 1])
2022-02-01 12:34:01,462 INFO: Computing MW group (delta = ['1'], g = [4, -15, 2, 27, -10, 1])...
2022-02-01 12:36:09,790 INFO: Finished MW computation (delta = ['1'], g = [4, -15, 2, 27, -10, 1])
2022-02-01 12:36:09,793 INFO: Computing MW group (delta = ['4', '-16', '3', '27', '-10', '1'], g = [4, -15, 2, 27, -10, 1])...
2022-02-01 12:38:07,712 INFO: Finished MW computation (delta = ['4', '-16', '3', '27', '-10', '1'], g = [4, -15, 2, 27, -10, 1])
2022-02-01 12:38:07,715 INFO: Reducing MW generators...
2022-02-01 12:38:10,252 INFO: Finished reducing MW generators.
2022-02-01 12:38:10,254 INFO: Tasks complete. Recording data and exiting.
2022-02-02 04:42:35,321 INFO: Loaded curve data from file.
2022-02-02 04:42:35,322 INFO: Running elliptic Chabauty (delta = ['4', '-16', '2', '27', '-10', '1'], g = [4, -15, 2, 27, -10, 1])...
2022-02-02 04:42:52,270 INFO: Chabauty completed successfully (delta = ['4', '-16', '2', '27', '-10', '1'], g = [4, -15, 2, 27, -10, 1]).
2022-02-02 04:42:52,274 INFO: Skipped Chabauty because MW group hasn't been provably computed. (delta = ['1', '-1'], g = [4, -15, 2, 27, -10, 1])
2022-02-02 04:42:52,274 INFO: Running elliptic Chabauty (delta = ['1'], g = [4, -15, 2, 27, -10, 1])...
2022-02-02 04:43:05,513 INFO: Chabauty completed successfully (delta = ['1'], g = [4, -15, 2, 27, -10, 1]).
2022-02-02 04:43:05,515 INFO: Skipped Chabauty because MW group hasn't been provably computed. (delta = ['4', '-16', '3', '27', '-10', '1'], g = [4, -15, 2, 27, -10, 1])
2022-02-02 04:43:05,584 INFO: Tasks complete. Recording data and exiting.
2022-02-12 16:53:07,866 INFO: Loaded curve data from file.
2022-02-12 16:53:07,867 INFO: Computing elliptic Chabauty map... (delta = ['4', '-16', '2', '27', '-10', '1'], g = [4, -15, 2, 27, -10, 1])
2022-02-12 16:53:25,519 INFO: Elliptic Chabauty map computed. (delta = ['4', '-16', '2', '27', '-10', '1'], g = [4, -15, 2, 27, -10, 1])
2022-02-12 16:53:25,521 INFO: Computing elliptic Chabauty map... (delta = ['1', '-1'], g = [4, -15, 2, 27, -10, 1])
2022-02-12 16:53:42,970 INFO: Elliptic Chabauty map computed. (delta = ['1', '-1'], g = [4, -15, 2, 27, -10, 1])
2022-02-12 16:53:42,973 INFO: Computing elliptic Chabauty map... (delta = ['1'], g = [4, -15, 2, 27, -10, 1])
2022-02-12 16:54:00,073 INFO: Elliptic Chabauty map computed. (delta = ['1'], g = [4, -15, 2, 27, -10, 1])
2022-02-12 16:54:00,077 INFO: Computing elliptic Chabauty map... (delta = ['4', '-16', '3', '27', '-10', '1'], g = [4, -15, 2, 27, -10, 1])
2022-02-12 16:54:17,327 INFO: Elliptic Chabauty map computed. (delta = ['4', '-16', '3', '27', '-10', '1'], g = [4, -15, 2, 27, -10, 1])
2022-02-12 16:54:17,330 INFO: Tasks complete. Recording data and exiting.
