2022-01-01 12:51:00,705 INFO: Initialized curve data.
2022-01-01 12:51:00,708 INFO: Setting up initial twist data...
2022-01-01 12:51:01,695 INFO: Twist setup complete.
2022-01-01 12:51:01,695 INFO: Searching for rational points on each twist...
2022-01-01 12:51:02,593 INFO: Finished searching for rational points on each twist.
2022-01-01 12:51:02,593 INFO: Testing local solvability of twists...
2022-01-01 12:51:19,076 INFO: Finished local solvability testing.
2022-01-01 12:51:19,079 INFO: Computing elliptic curve a-invariants...
2022-01-01 12:51:25,261 INFO: Finished computation of a-invariants.
2022-01-01 12:51:25,263 INFO: Computing MW group (delta = ['16', '16', '1', '-2', '2', '1'], g = [14, 13, 0, -2, 2, 1])...
2022-01-01 12:52:09,011 INFO: Finished MW computation (delta = ['16', '16', '1', '-2', '2', '1'], g = [14, 13, 0, -2, 2, 1])
2022-01-01 12:52:09,016 INFO: Computing MW group (delta = ['1'], g = [14, 13, 0, -2, 2, 1])...
2022-01-01 12:52:29,743 INFO: Finished MW computation (delta = ['1'], g = [14, 13, 0, -2, 2, 1])
2022-01-01 12:52:29,747 INFO: Computing MW group (delta = ['12', '12', '0', '-2', '2', '1'], g = [14, 13, 0, -2, 2, 1])...
2022-01-01 13:36:56,901 INFO: Finished MW computation (delta = ['12', '12', '0', '-2', '2', '1'], g = [14, 13, 0, -2, 2, 1])
2022-01-01 13:36:56,907 INFO: Skipped MW computation because no base point (delta = ['52', '44', '-5', '-9', '8', '4'])
2022-01-01 13:36:56,910 INFO: Reducing MW generators...
2022-01-01 13:36:59,989 INFO: Finished reducing MW generators.
2022-01-01 13:36:59,992 INFO: Running elliptic Chabauty (delta = ['16', '16', '1', '-2', '2', '1'], g = [14, 13, 0, -2, 2, 1])...
2022-01-01 13:37:16,626 INFO: Chabauty completed successfully (delta = ['16', '16', '1', '-2', '2', '1'], g = [14, 13, 0, -2, 2, 1]).
2022-01-01 13:37:16,630 INFO: Running elliptic Chabauty (delta = ['1'], g = [14, 13, 0, -2, 2, 1])...
2022-01-01 13:37:29,231 INFO: Chabauty completed successfully (delta = ['1'], g = [14, 13, 0, -2, 2, 1]).
2022-01-01 13:37:29,234 INFO: Running elliptic Chabauty (delta = ['12', '12', '0', '-2', '2', '1'], g = [14, 13, 0, -2, 2, 1])...
2022-01-01 13:37:56,478 INFO: Chabauty completed successfully (delta = ['12', '12', '0', '-2', '2', '1'], g = [14, 13, 0, -2, 2, 1]).
2022-01-01 13:37:56,481 INFO: Skipped Chabauty because no base point (delta = ['52', '44', '-5', '-9', '8', '4'])
2022-01-01 13:37:56,784 INFO: Rational points successfully computed.
2022-01-01 13:37:56,786 INFO: Tasks complete. Recording data and exiting.
2022-01-03 13:14:58,000 INFO: Obsolete "loc_solv_error" keys removed.
2022-01-03 13:14:58,000 INFO: Deleted results of Chabauty computation.
