2022-01-12 12:26:02,424 INFO: Initialized curve data.
2022-01-12 12:26:02,430 INFO: Setting up initial twist data...
2022-01-12 12:26:03,572 INFO: Twist setup complete.
2022-01-12 12:26:03,572 INFO: Searching for rational points on each twist...
2022-01-12 12:26:05,318 INFO: Finished searching for rational points on each twist.
2022-01-12 12:26:05,319 INFO: Testing local solvability of twists...
2022-01-12 12:26:09,271 INFO: Finished local solvability testing.
2022-01-12 12:26:09,272 INFO: Computing elliptic curve a-invariants...
2022-01-12 12:26:14,799 INFO: Finished computation of a-invariants.
2022-01-12 12:26:14,801 INFO: Skipped MW computation because no base point (delta = ['-4', '-5', '-9', '4', '2', '1'])
2022-01-12 12:26:14,801 INFO: Computing MW group (delta = ['1', '1', '1'], g = [-4, -4, -8, 5, 2, 1])...
2022-01-12 12:34:32,735 INFO: Finished MW computation (delta = ['1', '1', '1'], g = [-4, -4, -8, 5, 2, 1])
2022-01-12 12:34:32,738 INFO: Computing MW group (delta = ['-4', '-5', '-8', '5', '2', '1'], g = [-4, -4, -8, 5, 2, 1])...
2022-01-12 12:37:44,524 INFO: Finished MW computation (delta = ['-4', '-5', '-8', '5', '2', '1'], g = [-4, -4, -8, 5, 2, 1])
2022-01-12 12:37:44,529 INFO: Computing MW group (delta = ['1'], g = [-4, -4, -8, 5, 2, 1])...
2022-01-14 11:32:36,070 INFO: Loaded curve data from file.
2022-01-14 11:32:36,070 INFO: Reducing MW generators...
2022-01-14 11:32:38,127 INFO: Finished reducing MW generators.
2022-01-14 11:32:38,129 INFO: Skipped Chabauty because no base point (delta = ['-4', '-5', '-9', '4', '2', '1'])
2022-01-14 11:32:38,129 INFO: Skipped Chabauty because MW group hasn't been provably computed. (delta = ['1', '1', '1'], g = [-4, -4, -8, 5, 2, 1])
2022-01-14 11:32:38,130 INFO: Running elliptic Chabauty (delta = ['-4', '-5', '-8', '5', '2', '1'], g = [-4, -4, -8, 5, 2, 1])...
2022-01-14 11:33:49,597 INFO: Chabauty completed successfully (delta = ['-4', '-5', '-8', '5', '2', '1'], g = [-4, -4, -8, 5, 2, 1]).
2022-01-14 11:33:49,600 INFO: Skipped Chabauty because MW generators haven't been computed. (delta = ['1'], g = [-4, -4, -8, 5, 2, 1])
2022-01-14 11:33:49,700 INFO: Tasks complete. Recording data and exiting.
2022-02-12 17:34:27,973 INFO: Loaded curve data from file.
2022-02-12 17:34:27,973 INFO: Computing elliptic Chabauty map... (delta = ['1', '1', '1'], g = [-4, -4, -8, 5, 2, 1])
2022-02-12 17:34:41,682 INFO: Elliptic Chabauty map computed. (delta = ['1', '1', '1'], g = [-4, -4, -8, 5, 2, 1])
2022-02-12 17:34:41,685 INFO: Computing elliptic Chabauty map... (delta = ['-4', '-5', '-8', '5', '2', '1'], g = [-4, -4, -8, 5, 2, 1])
2022-02-12 17:34:55,187 INFO: Elliptic Chabauty map computed. (delta = ['-4', '-5', '-8', '5', '2', '1'], g = [-4, -4, -8, 5, 2, 1])
2022-02-12 17:34:55,190 INFO: Computing elliptic Chabauty map... (delta = ['1'], g = [-4, -4, -8, 5, 2, 1])
2022-02-12 17:35:08,654 INFO: Elliptic Chabauty map computed. (delta = ['1'], g = [-4, -4, -8, 5, 2, 1])
2022-02-12 17:35:08,657 INFO: Tasks complete. Recording data and exiting.
