2022-01-01 10:40:30,477 INFO: Initialized curve data.
2022-01-01 10:40:30,481 INFO: Setting up initial twist data...
2022-01-01 10:40:31,875 INFO: Twist setup complete.
2022-01-01 10:40:31,875 INFO: Searching for rational points on each twist...
2022-01-01 10:40:32,832 INFO: Finished searching for rational points on each twist.
2022-01-01 10:40:32,832 INFO: Testing local solvability of twists...
2022-01-01 10:40:32,837 INFO: Finished local solvability testing.
2022-01-01 10:40:32,838 INFO: Computing elliptic curve a-invariants...
2022-01-01 10:40:45,159 INFO: Finished computation of a-invariants.
2022-01-01 10:40:45,161 INFO: Computing MW group (delta = ['2', '-1'], g = [16, 20, -4, -8, 0, 1])...
2022-01-01 10:41:09,128 INFO: Finished MW computation (delta = ['2', '-1'], g = [16, 20, -4, -8, 0, 1])
2022-01-01 10:41:09,130 INFO: Computing MW group (delta = ['-2', '-1', '1'], g = [16, 20, -4, -8, 0, 1])...
2022-01-01 10:41:41,708 INFO: Finished MW computation (delta = ['-2', '-1', '1'], g = [16, 20, -4, -8, 0, 1])
2022-01-01 10:41:41,711 INFO: Obstruction found to provably computing rational points. Exiting.
2022-01-03 13:14:57,000 INFO: Obsolete "loc_solv_error" keys removed.
2022-01-10 22:39:02,819 INFO: Loaded curve data from file.
2022-01-10 22:39:02,819 INFO: Obstruction already found. Exiting.
2022-02-12 17:38:40,887 INFO: Loaded curve data from file.
2022-02-12 17:38:40,887 INFO: Computing elliptic Chabauty map... (delta = ['2', '-1'], g = [16, 20, -4, -8, 0, 1])
2022-02-12 17:38:50,329 INFO: Elliptic Chabauty map computed. (delta = ['2', '-1'], g = [16, 20, -4, -8, 0, 1])
2022-02-12 17:38:50,332 INFO: Computing elliptic Chabauty map... (delta = ['-2', '-1', '1'], g = [16, 20, -4, -8, 0, 1])
2022-02-12 17:38:59,496 INFO: Elliptic Chabauty map computed. (delta = ['-2', '-1', '1'], g = [16, 20, -4, -8, 0, 1])
2022-02-12 17:38:59,499 INFO: Computing elliptic Chabauty map... (delta = ['-4', '0', '3', '-1'], g = [16, 20, -4, -8, 0, 1])
2022-02-12 17:39:08,827 INFO: Elliptic Chabauty map computed. (delta = ['-4', '0', '3', '-1'], g = [16, 20, -4, -8, 0, 1])
2022-02-12 17:39:08,829 INFO: Computing elliptic Chabauty map... (delta = ['1'], g = [16, 20, -4, -8, 0, 1])
2022-02-12 17:39:18,099 INFO: Elliptic Chabauty map computed. (delta = ['1'], g = [16, 20, -4, -8, 0, 1])
2022-02-12 17:39:18,103 INFO: Tasks complete. Recording data and exiting.
