2022-01-01 03:06:47,620 INFO: Initialized curve data.
2022-01-01 03:06:47,624 INFO: Setting up initial twist data...
2022-01-01 03:06:48,871 INFO: Twist setup complete.
2022-01-01 03:06:48,871 INFO: Searching for rational points on each twist...
2022-01-01 03:06:49,912 INFO: Finished searching for rational points on each twist.
2022-01-01 03:06:49,912 INFO: Testing local solvability of twists...
2022-01-01 03:06:49,918 INFO: Finished local solvability testing.
2022-01-01 03:06:49,919 INFO: Computing elliptic curve a-invariants...
2022-01-01 03:07:14,323 INFO: Finished computation of a-invariants.
2022-01-01 03:07:14,325 INFO: Computing MW group (delta = ['1'], g = [1, -3, 6, 2, 1, 1])...
2022-01-01 03:07:36,361 INFO: Finished MW computation (delta = ['1'], g = [1, -3, 6, 2, 1, 1])
2022-01-01 03:07:36,363 INFO: Computing MW group (delta = ['0', '-4', '6', '2', '1', '1'], g = [1, -3, 6, 2, 1, 1])...
2022-01-01 03:08:58,864 INFO: Finished MW computation (delta = ['0', '-4', '6', '2', '1', '1'], g = [1, -3, 6, 2, 1, 1])
2022-01-01 03:08:58,866 INFO: Computing MW group (delta = ['8', '-25', '46', '15', '8', '8'], g = [1, -3, 6, 2, 1, 1])...
2022-01-01 03:09:41,810 INFO: Finished MW computation (delta = ['8', '-25', '46', '15', '8', '8'], g = [1, -3, 6, 2, 1, 1])
2022-01-01 03:09:41,813 INFO: Computing MW group (delta = ['1', '-2', '7', '2', '1', '1'], g = [1, -3, 6, 2, 1, 1])...
2022-01-01 03:10:22,682 INFO: Finished MW computation (delta = ['1', '-2', '7', '2', '1', '1'], g = [1, -3, 6, 2, 1, 1])
2022-01-01 03:10:22,686 INFO: Reducing MW generators...
2022-01-01 03:10:27,180 INFO: Finished reducing MW generators.
2022-01-01 03:10:27,182 INFO: Running elliptic Chabauty (delta = ['1'], g = [1, -3, 6, 2, 1, 1])...
2022-01-01 03:10:47,469 INFO: Chabauty completed successfully (delta = ['1'], g = [1, -3, 6, 2, 1, 1]).
2022-01-01 03:10:47,471 INFO: Running elliptic Chabauty (delta = ['0', '-4', '6', '2', '1', '1'], g = [1, -3, 6, 2, 1, 1])...
2022-01-01 03:18:09,097 INFO: Chabauty completed successfully (delta = ['0', '-4', '6', '2', '1', '1'], g = [1, -3, 6, 2, 1, 1]).
2022-01-01 03:18:09,100 INFO: Running elliptic Chabauty (delta = ['8', '-25', '46', '15', '8', '8'], g = [1, -3, 6, 2, 1, 1])...
2022-01-01 03:18:30,260 INFO: Chabauty completed successfully (delta = ['8', '-25', '46', '15', '8', '8'], g = [1, -3, 6, 2, 1, 1]).
2022-01-01 03:18:30,263 INFO: Running elliptic Chabauty (delta = ['1', '-2', '7', '2', '1', '1'], g = [1, -3, 6, 2, 1, 1])...
2022-01-01 03:19:00,133 INFO: Chabauty completed successfully (delta = ['1', '-2', '7', '2', '1', '1'], g = [1, -3, 6, 2, 1, 1]).
2022-01-01 03:19:00,369 INFO: Rational points successfully computed.
2022-01-01 03:19:00,371 INFO: Tasks complete. Recording data and exiting.
