2022-02-01 12:30:33,709 INFO: Initialized curve data.
2022-02-01 12:30:33,712 INFO: Setting up initial twist data...
2022-02-01 12:30:35,496 INFO: Twist setup complete.
2022-02-01 12:30:35,496 INFO: Searching for rational points on each twist...
2022-02-01 12:30:38,019 INFO: Finished searching for rational points on each twist.
2022-02-01 12:30:38,019 INFO: Testing local solvability of twists...
2022-02-01 12:30:40,473 INFO: Finished local solvability testing.
2022-02-01 12:30:40,475 INFO: Computing elliptic curve a-invariants...
2022-02-01 12:30:47,216 INFO: Finished computation of a-invariants.
2022-02-01 12:30:47,218 INFO: Computing MW group (delta = ['-4', '1', '19', '-1', '-20', '-9'], g = [4, 0, -20, 0, 20, 9])...
2022-02-02 04:48:10,753 INFO: Loaded curve data from file.
2022-02-02 04:48:10,753 INFO: Reducing MW generators...
2022-02-02 04:48:10,753 INFO: Finished reducing MW generators.
2022-02-02 04:48:10,756 INFO: Skipped Chabauty because MW generators haven't been computed. (delta = ['-4', '1', '19', '-1', '-20', '-9'], g = [4, 0, -20, 0, 20, 9])
2022-02-02 04:48:10,756 INFO: Skipped Chabauty because MW generators haven't been computed. (delta = ['1'], g = [4, 0, -20, 0, 20, 9])
2022-02-02 04:48:10,756 INFO: Skipped Chabauty because MW generators haven't been computed. (delta = ['4', '-1', '-20', '0', '20', '9'], g = [4, 0, -20, 0, 20, 9])
2022-02-02 04:48:10,756 INFO: Skipped Chabauty because no base point (delta = ['-1', '1', '1'])
2022-02-02 04:48:10,805 INFO: Tasks complete. Recording data and exiting.
2022-02-12 17:26:44,575 INFO: Loaded curve data from file.
2022-02-12 17:26:44,575 INFO: Computing elliptic Chabauty map... (delta = ['-4', '1', '19', '-1', '-20', '-9'], g = [4, 0, -20, 0, 20, 9])
2022-02-12 17:26:53,825 INFO: Elliptic Chabauty map computed. (delta = ['-4', '1', '19', '-1', '-20', '-9'], g = [4, 0, -20, 0, 20, 9])
2022-02-12 17:26:53,827 INFO: Computing elliptic Chabauty map... (delta = ['1'], g = [4, 0, -20, 0, 20, 9])
2022-02-12 17:27:02,825 INFO: Elliptic Chabauty map computed. (delta = ['1'], g = [4, 0, -20, 0, 20, 9])
2022-02-12 17:27:02,827 INFO: Computing elliptic Chabauty map... (delta = ['4', '-1', '-20', '0', '20', '9'], g = [4, 0, -20, 0, 20, 9])
2022-02-12 17:27:11,820 INFO: Elliptic Chabauty map computed. (delta = ['4', '-1', '-20', '0', '20', '9'], g = [4, 0, -20, 0, 20, 9])
2022-02-12 17:27:11,822 INFO: Tasks complete. Recording data and exiting.
