2022-01-13 21:55:01,097 INFO: Initialized curve data.
2022-01-13 21:55:01,100 INFO: Setting up initial twist data...
2022-01-13 21:55:02,221 INFO: Twist setup complete.
2022-01-13 21:55:02,221 INFO: Searching for rational points on each twist...
2022-01-13 21:55:03,537 INFO: Finished searching for rational points on each twist.
2022-01-13 21:55:03,537 INFO: Testing local solvability of twists...
2022-01-13 21:55:03,542 INFO: Finished local solvability testing.
2022-01-13 21:55:03,543 INFO: Computing elliptic curve a-invariants...
2022-01-13 21:55:15,156 INFO: Finished computation of a-invariants.
2022-01-13 21:55:15,158 INFO: Computing MW group (delta = ['4', '-17', '-12', '28', '32', '9'], g = [4, -16, -12, 28, 32, 9])...
2022-01-13 21:57:16,521 INFO: Finished MW computation (delta = ['4', '-17', '-12', '28', '32', '9'], g = [4, -16, -12, 28, 32, 9])
2022-01-13 21:57:16,525 INFO: Computing MW group (delta = ['1'], g = [4, -16, -12, 28, 32, 9])...
2022-01-13 21:59:01,165 INFO: Finished MW computation (delta = ['1'], g = [4, -16, -12, 28, 32, 9])
2022-01-13 21:59:01,168 INFO: Computing MW group (delta = ['-1', '1', '1'], g = [4, -16, -12, 28, 32, 9])...
2022-01-13 22:03:10,347 INFO: Finished MW computation (delta = ['-1', '1', '1'], g = [4, -16, -12, 28, 32, 9])
2022-01-13 22:03:10,350 INFO: Computing MW group (delta = ['-4', '17', '11', '-29', '-32', '-9'], g = [4, -16, -12, 28, 32, 9])...
2022-01-14 11:35:41,527 INFO: Loaded curve data from file.
2022-01-14 11:35:41,527 INFO: Reducing MW generators...
2022-01-14 11:35:41,606 INFO: Finished reducing MW generators.
2022-01-14 11:35:41,609 INFO: Skipped Chabauty because MW group hasn't been provably computed. (delta = ['4', '-17', '-12', '28', '32', '9'], g = [4, -16, -12, 28, 32, 9])
2022-01-14 11:35:41,609 INFO: Skipped Chabauty because MW group hasn't been provably computed. (delta = ['1'], g = [4, -16, -12, 28, 32, 9])
2022-01-14 11:35:41,609 INFO: Skipped Chabauty because MW group hasn't been provably computed. (delta = ['-1', '1', '1'], g = [4, -16, -12, 28, 32, 9])
2022-01-14 11:35:41,609 INFO: Skipped Chabauty because MW generators haven't been computed. (delta = ['-4', '17', '11', '-29', '-32', '-9'], g = [4, -16, -12, 28, 32, 9])
2022-01-14 11:35:41,610 INFO: Tasks complete. Recording data and exiting.
