2022-01-11 15:10:13,334 INFO: Initialized curve data.
2022-01-11 15:10:13,338 INFO: Setting up initial twist data...
2022-01-11 15:10:14,407 INFO: Twist setup complete.
2022-01-11 15:10:14,407 INFO: Searching for rational points on each twist...
2022-01-11 15:10:17,335 INFO: Finished searching for rational points on each twist.
2022-01-11 15:10:17,335 INFO: Testing local solvability of twists...
2022-01-11 15:10:31,086 INFO: Finished local solvability testing.
2022-01-11 15:10:31,088 INFO: Computing elliptic curve a-invariants...
2022-01-11 15:10:33,733 INFO: Finished computation of a-invariants.
2022-01-11 15:10:33,735 INFO: Skipped MW computation because no base point (delta = ['-16', '-12', '7', '3', '0', '16'])
2022-01-11 15:10:33,736 INFO: Skipped MW computation because no base point (delta = ['64', '56', '-18', '-5', '8', '-57'])
2022-01-11 15:10:33,736 INFO: Skipped MW computation because no base point (delta = ['-16', '-20', '-7', '-6', '-7', '8'])
2022-01-11 15:10:33,736 INFO: Skipped MW computation because no base point (delta = ['16', '16', '0', '0', '4', '-12'])
2022-01-11 15:10:33,736 INFO: Computing MW group (delta = ['1'], g = [-1, 1])...
2022-01-11 15:10:34,065 INFO: Finished MW computation (delta = ['1'], g = [-1, 1])
2022-01-11 15:10:34,068 INFO: Computing MW group (delta = ['1'], g = [4, 7, 5, 4, 4])...
2022-01-14 09:07:26,385 INFO: Loaded curve data from file.
2022-01-14 09:07:26,385 INFO: Reducing MW generators...
2022-01-14 09:07:26,487 INFO: Finished reducing MW generators.
2022-01-14 09:07:26,515 INFO: Skipped Chabauty because no base point (delta = ['-16', '-12', '7', '3', '0', '16'])
2022-01-14 09:07:26,515 INFO: Skipped Chabauty because no base point (delta = ['64', '56', '-18', '-5', '8', '-57'])
2022-01-14 09:07:26,515 INFO: Skipped Chabauty because no base point (delta = ['-16', '-20', '-7', '-6', '-7', '8'])
2022-01-14 09:07:26,515 INFO: Skipped Chabauty because no base point (delta = ['16', '16', '0', '0', '4', '-12'])
2022-01-14 09:07:26,515 INFO: Skipped Chabauty because rank >= degree(g). (delta = ['1'], g = [-1, 1])
2022-01-14 09:07:26,516 INFO: Skipped Chabauty because MW generators haven't been computed. (delta = ['1'], g = [4, 7, 5, 4, 4])
2022-01-14 09:07:26,516 INFO: Skipped Chabauty because MW generators haven't been computed. (delta = ['-4', '-4', '2', '1', '0', '4'], g = [-1, 1])
2022-01-14 09:07:26,516 INFO: Skipped Chabauty because MW generators haven't been computed. (delta = ['-4', '-4', '2', '1', '0', '4'], g = [4, 7, 5, 4, 4])
2022-01-14 09:07:26,516 INFO: Skipped Chabauty because MW generators haven't been computed. (delta = ['-4', '-8', '-4', '-4', '-4'], g = [-1, 1])
2022-01-14 09:07:26,516 INFO: Skipped Chabauty because MW generators haven't been computed. (delta = ['-4', '-8', '-4', '-4', '-4'], g = [4, 7, 5, 4, 4])
2022-01-14 09:07:26,516 INFO: Skipped Chabauty because MW generators haven't been computed. (delta = ['4', '4', '-1', '-1', '0', '-4'], g = [-1, 1])
2022-01-14 09:07:26,516 INFO: Skipped Chabauty because MW generators haven't been computed. (delta = ['4', '4', '-1', '-1', '0', '-4'], g = [4, 7, 5, 4, 4])
2022-01-14 09:07:26,691 INFO: Tasks complete. Recording data and exiting.
