2022-01-11 15:28:20,547 INFO: Initialized curve data.
2022-01-11 15:28:20,550 INFO: Setting up initial twist data...
2022-01-11 15:28:22,072 INFO: Twist setup complete.
2022-01-11 15:28:22,072 INFO: Searching for rational points on each twist...
2022-01-11 15:28:23,747 INFO: Finished searching for rational points on each twist.
2022-01-11 15:28:23,747 INFO: Testing local solvability of twists...
2022-01-11 15:28:46,575 INFO: Finished local solvability testing.
2022-01-11 15:28:46,576 INFO: Computing elliptic curve a-invariants...
2022-01-11 15:28:58,145 INFO: Finished computation of a-invariants.
2022-01-11 15:28:58,146 INFO: Skipped MW computation because no base point (delta = ['-1/2', '5/2', '1'])
2022-01-11 15:28:58,146 INFO: Computing MW group (delta = ['-1/2', '1', '8', '11/2', '1'], g = [-8, -52, 88, 143, 60, 8])...
2022-01-14 09:07:55,752 INFO: Loaded curve data from file.
2022-01-14 09:07:55,753 INFO: Reducing MW generators...
2022-01-14 09:07:55,753 INFO: Finished reducing MW generators.
2022-01-14 09:07:55,755 INFO: Skipped Chabauty because no base point (delta = ['-1/2', '5/2', '1'])
2022-01-14 09:07:55,756 INFO: Skipped Chabauty because MW generators haven't been computed. (delta = ['-1/2', '1', '8', '11/2', '1'], g = [-8, -52, 88, 143, 60, 8])
2022-01-14 09:07:55,756 INFO: Skipped Chabauty because MW generators haven't been computed. (delta = ['1'], g = [-8, -52, 88, 143, 60, 8])
2022-01-14 09:07:55,756 INFO: Skipped Chabauty because no base point (delta = ['1', '3', '1'])
2022-01-14 09:07:55,883 INFO: Tasks complete. Recording data and exiting.
2022-02-12 17:03:23,085 INFO: Loaded curve data from file.
2022-02-12 17:03:23,085 INFO: Computing elliptic Chabauty map... (delta = ['-1/2', '1', '8', '11/2', '1'], g = [-8, -52, 88, 143, 60, 8])
2022-02-12 17:03:42,320 INFO: Elliptic Chabauty map computed. (delta = ['-1/2', '1', '8', '11/2', '1'], g = [-8, -52, 88, 143, 60, 8])
2022-02-12 17:03:42,323 INFO: Computing elliptic Chabauty map... (delta = ['1'], g = [-8, -52, 88, 143, 60, 8])
2022-02-12 17:04:01,365 INFO: Elliptic Chabauty map computed. (delta = ['1'], g = [-8, -52, 88, 143, 60, 8])
2022-02-12 17:04:01,367 INFO: Tasks complete. Recording data and exiting.
