2022-01-12 12:22:05,517 INFO: Initialized curve data.
2022-01-12 12:22:05,521 INFO: Setting up initial twist data...
2022-01-12 12:22:06,489 INFO: Twist setup complete.
2022-01-12 12:22:06,489 INFO: Searching for rational points on each twist...
2022-01-12 12:22:08,048 INFO: Finished searching for rational points on each twist.
2022-01-12 12:22:08,048 INFO: Testing local solvability of twists...
2022-01-12 12:22:10,288 INFO: Finished local solvability testing.
2022-01-12 12:22:10,290 INFO: Computing elliptic curve a-invariants...
2022-01-12 12:22:16,852 INFO: Finished computation of a-invariants.
2022-01-12 12:22:16,854 INFO: Computing MW group (delta = ['8', '-37', '48', '-16', '0', '1'], g = [8, -36, 48, -16, 0, 1])...
2022-01-12 12:23:24,807 INFO: Finished MW computation (delta = ['8', '-37', '48', '-16', '0', '1'], g = [8, -36, 48, -16, 0, 1])
2022-01-12 12:23:24,809 INFO: Computing MW group (delta = ['1'], g = [8, -36, 48, -16, 0, 1])...
2022-01-12 12:24:11,839 INFO: Finished MW computation (delta = ['1'], g = [8, -36, 48, -16, 0, 1])
2022-01-12 12:24:11,841 INFO: Computing MW group (delta = ['4', '-37/2', '25', '-8', '0', '1/2'], g = [8, -36, 48, -16, 0, 1])...
2022-01-12 12:25:26,064 INFO: Finished MW computation (delta = ['4', '-37/2', '25', '-8', '0', '1/2'], g = [8, -36, 48, -16, 0, 1])
2022-01-12 12:25:26,067 INFO: Skipped MW computation because no base point (delta = ['1/2', '-1'])
2022-01-12 12:25:26,068 INFO: Reducing MW generators...
2022-01-12 12:25:28,662 INFO: Finished reducing MW generators.
2022-01-12 12:25:28,664 INFO: Tasks complete. Recording data and exiting.
2022-01-14 11:32:30,650 INFO: Loaded curve data from file.
2022-01-14 11:32:30,651 INFO: Skipped Chabauty because MW group hasn't been provably computed. (delta = ['8', '-37', '48', '-16', '0', '1'], g = [8, -36, 48, -16, 0, 1])
2022-01-14 11:32:30,651 INFO: Running elliptic Chabauty (delta = ['1'], g = [8, -36, 48, -16, 0, 1])...
2022-01-14 11:32:49,320 INFO: Chabauty completed successfully (delta = ['1'], g = [8, -36, 48, -16, 0, 1]).
2022-01-14 11:32:49,342 INFO: Running elliptic Chabauty (delta = ['4', '-37/2', '25', '-8', '0', '1/2'], g = [8, -36, 48, -16, 0, 1])...
2022-01-14 11:32:59,053 INFO: Chabauty completed successfully (delta = ['4', '-37/2', '25', '-8', '0', '1/2'], g = [8, -36, 48, -16, 0, 1]).
2022-01-14 11:32:59,055 INFO: Skipped Chabauty because no base point (delta = ['1/2', '-1'])
2022-01-14 11:32:59,266 INFO: Tasks complete. Recording data and exiting.
2022-02-12 17:16:59,574 INFO: Loaded curve data from file.
2022-02-12 17:16:59,575 INFO: Computing elliptic Chabauty map... (delta = ['8', '-37', '48', '-16', '0', '1'], g = [8, -36, 48, -16, 0, 1])
2022-02-12 17:17:08,488 INFO: Elliptic Chabauty map computed. (delta = ['8', '-37', '48', '-16', '0', '1'], g = [8, -36, 48, -16, 0, 1])
2022-02-12 17:17:08,490 INFO: Computing elliptic Chabauty map... (delta = ['1'], g = [8, -36, 48, -16, 0, 1])
2022-02-12 17:17:17,356 INFO: Elliptic Chabauty map computed. (delta = ['1'], g = [8, -36, 48, -16, 0, 1])
2022-02-12 17:17:17,358 INFO: Computing elliptic Chabauty map... (delta = ['4', '-37/2', '25', '-8', '0', '1/2'], g = [8, -36, 48, -16, 0, 1])
2022-02-12 17:17:25,865 INFO: Elliptic Chabauty map computed. (delta = ['4', '-37/2', '25', '-8', '0', '1/2'], g = [8, -36, 48, -16, 0, 1])
2022-02-12 17:17:25,868 INFO: Tasks complete. Recording data and exiting.
