2022-01-01 12:50:39,948 INFO: Initialized curve data.
2022-01-01 12:50:39,952 INFO: Setting up initial twist data...
2022-01-01 12:50:41,061 INFO: Twist setup complete.
2022-01-01 12:50:41,061 INFO: Searching for rational points on each twist...
2022-01-01 12:50:42,015 INFO: Finished searching for rational points on each twist.
2022-01-01 12:50:42,015 INFO: Testing local solvability of twists...
2022-01-01 12:50:49,087 INFO: Finished local solvability testing.
2022-01-01 12:50:49,088 INFO: Computing elliptic curve a-invariants...
2022-01-01 12:50:57,665 INFO: Finished computation of a-invariants.
2022-01-01 12:50:57,666 INFO: Skipped MW computation because no base point (delta = ['1', '-1'])
2022-01-01 12:50:57,666 INFO: Computing MW group (delta = ['1'], g = [4, 5, -4, 10, 0, 1])...
2022-01-01 12:52:08,406 INFO: Finished MW computation (delta = ['1'], g = [4, 5, -4, 10, 0, 1])
2022-01-01 12:52:08,410 INFO: Computing MW group (delta = ['4', '4', '-2', '9', '0', '1'], g = [4, 5, -4, 10, 0, 1])...
2022-01-01 12:53:12,012 INFO: Finished MW computation (delta = ['4', '4', '-2', '9', '0', '1'], g = [4, 5, -4, 10, 0, 1])
2022-01-01 12:53:12,014 INFO: Computing MW group (delta = ['4', '4', '-3', '10', '0', '1'], g = [4, 5, -4, 10, 0, 1])...
2022-01-01 12:54:03,240 INFO: Finished MW computation (delta = ['4', '4', '-3', '10', '0', '1'], g = [4, 5, -4, 10, 0, 1])
2022-01-01 12:54:03,244 INFO: Reducing MW generators...
2022-01-01 12:54:07,084 INFO: Finished reducing MW generators.
2022-01-01 12:54:07,086 INFO: Skipped Chabauty because no base point (delta = ['1', '-1'])
2022-01-01 12:54:07,086 INFO: Running elliptic Chabauty (delta = ['1'], g = [4, 5, -4, 10, 0, 1])...
2022-01-01 13:01:35,171 INFO: Chabauty completed successfully (delta = ['1'], g = [4, 5, -4, 10, 0, 1]).
2022-01-01 13:01:35,173 INFO: Running elliptic Chabauty (delta = ['4', '4', '-2', '9', '0', '1'], g = [4, 5, -4, 10, 0, 1])...
2022-01-01 13:01:57,020 INFO: Chabauty completed successfully (delta = ['4', '4', '-2', '9', '0', '1'], g = [4, 5, -4, 10, 0, 1]).
2022-01-01 13:01:57,022 INFO: Running elliptic Chabauty (delta = ['4', '4', '-3', '10', '0', '1'], g = [4, 5, -4, 10, 0, 1])...
2022-01-01 13:02:11,297 INFO: Chabauty completed successfully (delta = ['4', '4', '-3', '10', '0', '1'], g = [4, 5, -4, 10, 0, 1]).
2022-01-01 13:02:11,518 INFO: Rational points successfully computed.
2022-01-01 13:02:11,520 INFO: Tasks complete. Recording data and exiting.
