2022-01-11 12:29:20,460 INFO: Initialized curve data.
2022-01-11 12:29:20,462 INFO: Setting up initial twist data...
2022-01-11 12:29:21,759 INFO: Twist setup complete.
2022-01-11 12:29:21,759 INFO: Searching for rational points on each twist...
2022-01-11 12:29:24,536 INFO: Finished searching for rational points on each twist.
2022-01-11 12:29:24,537 INFO: Testing local solvability of twists...
2022-01-11 12:29:24,542 INFO: Finished local solvability testing.
2022-01-11 12:29:24,543 INFO: Computing elliptic curve a-invariants...
2022-01-11 12:29:34,224 INFO: Finished computation of a-invariants.
2022-01-11 12:29:34,226 INFO: Computing MW group (delta = ['2', '1', '-4', '0', '1'], g = [12, 0, -16, 4, 1, 1])...
2022-01-11 14:02:44,880 INFO: Finished MW computation (delta = ['2', '1', '-4', '0', '1'], g = [12, 0, -16, 4, 1, 1])
2022-01-11 14:02:44,889 INFO: Computing MW group (delta = ['-1', '-1', '1'], g = [12, 0, -16, 4, 1, 1])...
2022-01-11 14:04:42,852 INFO: Finished MW computation (delta = ['-1', '-1', '1'], g = [12, 0, -16, 4, 1, 1])
2022-01-11 14:04:42,855 INFO: Computing MW group (delta = ['1'], g = [12, 0, -16, 4, 1, 1])...
2022-01-11 14:06:30,837 INFO: Finished MW computation (delta = ['1'], g = [12, 0, -16, 4, 1, 1])
2022-01-11 14:06:30,840 INFO: Computing MW group (delta = ['-2', '1', '1'], g = [12, 0, -16, 4, 1, 1])...
2022-01-13 17:36:42,986 INFO: Loaded curve data from file.
2022-01-13 17:36:42,987 INFO: Reducing MW generators...
2022-01-13 17:36:44,273 INFO: Finished reducing MW generators.
2022-01-13 17:36:44,275 INFO: Running elliptic Chabauty (delta = ['2', '1', '-4', '0', '1'], g = [12, 0, -16, 4, 1, 1])...
2022-01-13 17:36:58,049 INFO: Chabauty completed successfully (delta = ['2', '1', '-4', '0', '1'], g = [12, 0, -16, 4, 1, 1]).
2022-01-13 17:36:58,051 INFO: Running elliptic Chabauty (delta = ['-1', '-1', '1'], g = [12, 0, -16, 4, 1, 1])...
2022-01-13 17:37:10,105 INFO: Chabauty completed successfully (delta = ['-1', '-1', '1'], g = [12, 0, -16, 4, 1, 1]).
2022-01-13 17:37:10,107 INFO: Running elliptic Chabauty (delta = ['1'], g = [12, 0, -16, 4, 1, 1])...
2022-01-13 17:37:26,411 INFO: Chabauty completed successfully (delta = ['1'], g = [12, 0, -16, 4, 1, 1]).
2022-01-13 17:37:26,413 INFO: Skipped Chabauty because MW generators haven't been computed. (delta = ['-2', '1', '1'], g = [12, 0, -16, 4, 1, 1])
2022-01-13 17:37:26,534 INFO: Tasks complete. Recording data and exiting.
