2022-01-13 21:54:58,059 INFO: Initialized curve data.
2022-01-13 21:54:58,063 INFO: Setting up initial twist data...
2022-01-13 21:54:59,448 INFO: Twist setup complete.
2022-01-13 21:54:59,449 INFO: Searching for rational points on each twist...
2022-01-13 21:55:02,646 INFO: Finished searching for rational points on each twist.
2022-01-13 21:55:02,646 INFO: Testing local solvability of twists...
2022-01-13 21:55:02,655 INFO: Finished local solvability testing.
2022-01-13 21:55:02,657 INFO: Computing elliptic curve a-invariants...
2022-01-13 21:55:21,082 INFO: Finished computation of a-invariants.
2022-01-13 21:55:21,086 INFO: Computing MW group (delta = ['-4', '-16', '-15', '0', '8', '4'], g = [-4, -17, -16, 0, 8, 4])...
2022-01-13 21:56:20,182 INFO: Finished MW computation (delta = ['-4', '-16', '-15', '0', '8', '4'], g = [-4, -17, -16, 0, 8, 4])
2022-01-13 21:56:20,186 INFO: Computing MW group (delta = ['4', '16', '15', '1', '-7', '-4'], g = [-4, -17, -16, 0, 8, 4])...
2022-01-13 21:57:06,668 INFO: Finished MW computation (delta = ['4', '16', '15', '1', '-7', '-4'], g = [-4, -17, -16, 0, 8, 4])
2022-01-13 21:57:06,671 INFO: Computing MW group (delta = ['-1', '0', '1'], g = [-4, -17, -16, 0, 8, 4])...
2022-01-13 21:57:32,212 INFO: Finished MW computation (delta = ['-1', '0', '1'], g = [-4, -17, -16, 0, 8, 4])
2022-01-13 21:57:32,216 INFO: Computing MW group (delta = ['1'], g = [-4, -17, -16, 0, 8, 4])...
2022-01-13 21:57:48,662 INFO: Finished MW computation (delta = ['1'], g = [-4, -17, -16, 0, 8, 4])
2022-01-13 21:57:48,669 INFO: Reducing MW generators...
2022-01-13 21:57:50,702 INFO: Finished reducing MW generators.
2022-01-13 21:57:50,706 INFO: Tasks complete. Recording data and exiting.
2022-01-14 11:35:35,378 INFO: Loaded curve data from file.
2022-01-14 11:35:35,379 INFO: Skipped Chabauty because MW group hasn't been provably computed. (delta = ['-4', '-16', '-15', '0', '8', '4'], g = [-4, -17, -16, 0, 8, 4])
2022-01-14 11:35:35,379 INFO: Skipped Chabauty because MW group hasn't been provably computed. (delta = ['4', '16', '15', '1', '-7', '-4'], g = [-4, -17, -16, 0, 8, 4])
2022-01-14 11:35:35,379 INFO: Running elliptic Chabauty (delta = ['-1', '0', '1'], g = [-4, -17, -16, 0, 8, 4])...
2022-01-14 11:35:50,325 INFO: Chabauty completed successfully (delta = ['-1', '0', '1'], g = [-4, -17, -16, 0, 8, 4]).
2022-01-14 11:35:50,327 INFO: Running elliptic Chabauty (delta = ['1'], g = [-4, -17, -16, 0, 8, 4])...
2022-01-14 11:36:04,191 INFO: Chabauty completed successfully (delta = ['1'], g = [-4, -17, -16, 0, 8, 4]).
2022-01-14 11:36:04,269 INFO: Tasks complete. Recording data and exiting.
2022-02-12 16:55:29,288 INFO: Loaded curve data from file.
2022-02-12 16:55:29,289 INFO: Computing elliptic Chabauty map... (delta = ['-4', '-16', '-15', '0', '8', '4'], g = [-4, -17, -16, 0, 8, 4])
2022-02-12 16:55:43,324 INFO: Elliptic Chabauty map computed. (delta = ['-4', '-16', '-15', '0', '8', '4'], g = [-4, -17, -16, 0, 8, 4])
2022-02-12 16:55:43,327 INFO: Computing elliptic Chabauty map... (delta = ['4', '16', '15', '1', '-7', '-4'], g = [-4, -17, -16, 0, 8, 4])
2022-02-12 16:55:57,007 INFO: Elliptic Chabauty map computed. (delta = ['4', '16', '15', '1', '-7', '-4'], g = [-4, -17, -16, 0, 8, 4])
2022-02-12 16:55:57,009 INFO: Computing elliptic Chabauty map... (delta = ['-1', '0', '1'], g = [-4, -17, -16, 0, 8, 4])
2022-02-12 16:56:10,700 INFO: Elliptic Chabauty map computed. (delta = ['-1', '0', '1'], g = [-4, -17, -16, 0, 8, 4])
2022-02-12 16:56:10,703 INFO: Computing elliptic Chabauty map... (delta = ['1'], g = [-4, -17, -16, 0, 8, 4])
2022-02-12 16:56:24,314 INFO: Elliptic Chabauty map computed. (delta = ['1'], g = [-4, -17, -16, 0, 8, 4])
2022-02-12 16:56:24,318 INFO: Tasks complete. Recording data and exiting.
