2022-01-11 12:29:20,725 INFO: Initialized curve data.
2022-01-11 12:29:20,728 INFO: Setting up initial twist data...
2022-01-11 12:29:21,727 INFO: Twist setup complete.
2022-01-11 12:29:21,728 INFO: Searching for rational points on each twist...
2022-01-11 12:29:23,769 INFO: Finished searching for rational points on each twist.
2022-01-11 12:29:23,769 INFO: Testing local solvability of twists...
2022-01-11 12:29:23,775 INFO: Finished local solvability testing.
2022-01-11 12:29:23,776 INFO: Computing elliptic curve a-invariants...
2022-01-11 12:29:35,022 INFO: Finished computation of a-invariants.
2022-01-11 12:29:35,023 INFO: Computing MW group (delta = ['4', '-9', '1', '17', '-16', '4'], g = [4, -8, 0, 17, -16, 4])...
2022-01-11 12:30:16,790 INFO: Finished MW computation (delta = ['4', '-9', '1', '17', '-16', '4'], g = [4, -8, 0, 17, -16, 4])
2022-01-11 12:30:16,795 INFO: Computing MW group (delta = ['1', '-1'], g = [4, -8, 0, 17, -16, 4])...
2022-01-11 12:32:07,667 INFO: Finished MW computation (delta = ['1', '-1'], g = [4, -8, 0, 17, -16, 4])
2022-01-11 12:32:07,673 INFO: Computing MW group (delta = ['4', '-9', '2', '16', '-16', '4'], g = [4, -8, 0, 17, -16, 4])...
2022-01-11 12:32:46,869 INFO: Finished MW computation (delta = ['4', '-9', '2', '16', '-16', '4'], g = [4, -8, 0, 17, -16, 4])
2022-01-11 12:32:46,873 INFO: Computing MW group (delta = ['1'], g = [4, -8, 0, 17, -16, 4])...
2022-01-11 12:33:15,533 INFO: Finished MW computation (delta = ['1'], g = [4, -8, 0, 17, -16, 4])
2022-01-11 12:33:15,540 INFO: Reducing MW generators...
2022-01-11 12:33:17,927 INFO: Finished reducing MW generators.
2022-01-11 12:33:17,930 INFO: Tasks complete. Recording data and exiting.
