2022-01-11 12:34:54,565 INFO: Initialized curve data.
2022-01-11 12:34:54,568 INFO: Setting up initial twist data...
2022-01-11 12:34:55,686 INFO: Twist setup complete.
2022-01-11 12:34:55,686 INFO: Searching for rational points on each twist...
2022-01-11 12:34:57,184 INFO: Finished searching for rational points on each twist.
2022-01-11 12:34:57,184 INFO: Testing local solvability of twists...
2022-01-11 12:35:00,159 INFO: Finished local solvability testing.
2022-01-11 12:35:00,160 INFO: Computing elliptic curve a-invariants...
2022-01-11 12:35:04,901 INFO: Finished computation of a-invariants.
2022-01-11 12:35:04,903 INFO: Skipped MW computation because no base point (delta = ['3', '-9/2', '1'])
2022-01-11 12:35:04,903 INFO: Computing MW group (delta = ['1'], g = [-36, 96, -72, 8, 2, 1])...
2022-01-13 17:37:00,398 INFO: Loaded curve data from file.
2022-01-13 17:37:00,398 INFO: Reducing MW generators...
2022-01-13 17:37:00,398 INFO: Finished reducing MW generators.
2022-01-13 17:37:00,400 INFO: Skipped Chabauty because no base point (delta = ['3', '-9/2', '1'])
2022-01-13 17:37:00,401 INFO: Skipped Chabauty because MW generators haven't been computed. (delta = ['1'], g = [-36, 96, -72, 8, 2, 1])
2022-01-13 17:37:00,401 INFO: Skipped Chabauty because MW generators haven't been computed. (delta = ['38', '-99', '73', '-8', '-2', '-1'], g = [-36, 96, -72, 8, 2, 1])
2022-01-13 17:37:00,401 INFO: Skipped Chabauty because MW generators haven't been computed. (delta = ['-66', '174', '-251/2', '17/2', '5', '2'], g = [-36, 96, -72, 8, 2, 1])
2022-01-13 17:37:00,490 INFO: Tasks complete. Recording data and exiting.
2022-02-12 17:30:31,667 INFO: Loaded curve data from file.
2022-02-12 17:30:31,667 INFO: Computing elliptic Chabauty map... (delta = ['1'], g = [-36, 96, -72, 8, 2, 1])
2022-02-12 17:30:39,768 INFO: Elliptic Chabauty map computed. (delta = ['1'], g = [-36, 96, -72, 8, 2, 1])
2022-02-12 17:30:39,771 INFO: Computing elliptic Chabauty map... (delta = ['38', '-99', '73', '-8', '-2', '-1'], g = [-36, 96, -72, 8, 2, 1])
2022-02-12 17:30:47,560 INFO: Elliptic Chabauty map computed. (delta = ['38', '-99', '73', '-8', '-2', '-1'], g = [-36, 96, -72, 8, 2, 1])
2022-02-12 17:30:47,562 INFO: Computing elliptic Chabauty map... (delta = ['-66', '174', '-251/2', '17/2', '5', '2'], g = [-36, 96, -72, 8, 2, 1])
2022-02-12 17:30:55,377 INFO: Elliptic Chabauty map computed. (delta = ['-66', '174', '-251/2', '17/2', '5', '2'], g = [-36, 96, -72, 8, 2, 1])
2022-02-12 17:30:55,380 INFO: Tasks complete. Recording data and exiting.
