2022-01-01 12:50:35,721 INFO: Initialized curve data.
2022-01-01 12:50:35,725 INFO: Setting up initial twist data...
2022-01-01 12:50:36,993 INFO: Twist setup complete.
2022-01-01 12:50:36,993 INFO: Searching for rational points on each twist...
2022-01-01 12:50:37,982 INFO: Finished searching for rational points on each twist.
2022-01-01 12:50:37,982 INFO: Testing local solvability of twists...
2022-01-01 12:50:37,989 INFO: Finished local solvability testing.
2022-01-01 12:50:37,991 INFO: Computing elliptic curve a-invariants...
2022-01-01 12:50:47,753 INFO: Finished computation of a-invariants.
2022-01-01 12:50:47,755 INFO: Computing MW group (delta = ['4', '-1', '5', '4', '-4', '1'], g = [4, 0, 4, 4, -4, 1])...
2022-01-01 12:51:37,317 INFO: Finished MW computation (delta = ['4', '-1', '5', '4', '-4', '1'], g = [4, 0, 4, 4, -4, 1])
2022-01-01 12:51:37,319 INFO: Obstruction found to provably computing rational points. Exiting.
2022-01-03 13:14:58,000 INFO: Obsolete "loc_solv_error" keys removed.
2022-01-10 22:38:59,167 INFO: Loaded curve data from file.
2022-01-10 22:38:59,167 INFO: Obstruction already found. Exiting.
2022-02-12 17:23:07,089 INFO: Loaded curve data from file.
2022-02-12 17:23:07,089 INFO: Computing elliptic Chabauty map... (delta = ['4', '-1', '5', '4', '-4', '1'], g = [4, 0, 4, 4, -4, 1])
2022-02-12 17:23:20,381 INFO: Elliptic Chabauty map computed. (delta = ['4', '-1', '5', '4', '-4', '1'], g = [4, 0, 4, 4, -4, 1])
2022-02-12 17:23:20,383 INFO: Computing elliptic Chabauty map... (delta = ['1', '-1'], g = [4, 0, 4, 4, -4, 1])
2022-02-12 17:23:33,474 INFO: Elliptic Chabauty map computed. (delta = ['1', '-1'], g = [4, 0, 4, 4, -4, 1])
2022-02-12 17:23:33,476 INFO: Computing elliptic Chabauty map... (delta = ['1'], g = [4, 0, 4, 4, -4, 1])
2022-02-12 17:23:46,325 INFO: Elliptic Chabauty map computed. (delta = ['1'], g = [4, 0, 4, 4, -4, 1])
2022-02-12 17:23:46,328 INFO: Computing elliptic Chabauty map... (delta = ['4', '-1', '4', '4', '-4', '1'], g = [4, 0, 4, 4, -4, 1])
2022-02-12 17:23:59,198 INFO: Elliptic Chabauty map computed. (delta = ['4', '-1', '4', '4', '-4', '1'], g = [4, 0, 4, 4, -4, 1])
2022-02-12 17:23:59,201 INFO: Tasks complete. Recording data and exiting.
