2022-01-01 12:51:00,177 INFO: Initialized curve data.
2022-01-01 12:51:00,180 INFO: Setting up initial twist data...
2022-01-01 12:51:01,178 INFO: Twist setup complete.
2022-01-01 12:51:01,178 INFO: Searching for rational points on each twist...
2022-01-01 12:51:02,052 INFO: Finished searching for rational points on each twist.
2022-01-01 12:51:02,052 INFO: Testing local solvability of twists...
2022-01-01 12:51:02,057 INFO: Finished local solvability testing.
2022-01-01 12:51:02,059 INFO: Computing elliptic curve a-invariants...
2022-01-01 12:51:09,403 INFO: Finished computation of a-invariants.
2022-01-01 12:51:09,405 INFO: Computing MW group (delta = ['-9', '3', '0', '4', '1', '1'], g = [-8, 4, 0, 4, 1, 1])...
2022-01-03 13:14:58,000 INFO: Obsolete "loc_solv_error" keys removed.
2022-01-10 22:41:58,648 INFO: Loaded curve data from file.
2022-01-10 22:41:58,648 INFO: Reducing MW generators...
2022-01-10 22:41:58,648 INFO: Finished reducing MW generators.
2022-01-10 22:41:58,650 INFO: Skipped Chabauty because MW generators haven't been computed. (delta = ['-9', '3', '0', '4', '1', '1'], g = [-8, 4, 0, 4, 1, 1])
2022-01-10 22:41:58,650 INFO: Skipped Chabauty because MW generators haven't been computed. (delta = ['2', '1', '1'], g = [-8, 4, 0, 4, 1, 1])
2022-01-10 22:41:58,651 INFO: Skipped Chabauty because MW generators haven't been computed. (delta = ['1'], g = [-8, 4, 0, 4, 1, 1])
2022-01-10 22:41:58,651 INFO: Skipped Chabauty because MW generators haven't been computed. (delta = ['-18', '5', '-2', '7', '2', '2'], g = [-8, 4, 0, 4, 1, 1])
2022-01-10 22:41:58,652 INFO: Tasks complete. Recording data and exiting.
2022-02-12 16:44:15,280 INFO: Loaded curve data from file.
2022-02-12 16:44:15,280 INFO: Computing elliptic Chabauty map... (delta = ['-9', '3', '0', '4', '1', '1'], g = [-8, 4, 0, 4, 1, 1])
2022-02-12 16:44:28,856 INFO: Elliptic Chabauty map computed. (delta = ['-9', '3', '0', '4', '1', '1'], g = [-8, 4, 0, 4, 1, 1])
2022-02-12 16:44:28,858 INFO: Computing elliptic Chabauty map... (delta = ['2', '1', '1'], g = [-8, 4, 0, 4, 1, 1])
2022-02-12 16:44:42,058 INFO: Elliptic Chabauty map computed. (delta = ['2', '1', '1'], g = [-8, 4, 0, 4, 1, 1])
2022-02-12 16:44:42,060 INFO: Computing elliptic Chabauty map... (delta = ['1'], g = [-8, 4, 0, 4, 1, 1])
2022-02-12 16:44:55,425 INFO: Elliptic Chabauty map computed. (delta = ['1'], g = [-8, 4, 0, 4, 1, 1])
2022-02-12 16:44:55,427 INFO: Computing elliptic Chabauty map... (delta = ['-18', '5', '-2', '7', '2', '2'], g = [-8, 4, 0, 4, 1, 1])
2022-02-12 16:45:08,564 INFO: Elliptic Chabauty map computed. (delta = ['-18', '5', '-2', '7', '2', '2'], g = [-8, 4, 0, 4, 1, 1])
2022-02-12 16:45:08,566 INFO: Tasks complete. Recording data and exiting.
