2022-02-01 12:30:14,140 INFO: Initialized curve data.
2022-02-01 12:30:14,147 INFO: Setting up initial twist data...
2022-02-01 12:30:15,565 INFO: Twist setup complete.
2022-02-01 12:30:15,565 INFO: Searching for rational points on each twist...
2022-02-01 12:30:17,698 INFO: Finished searching for rational points on each twist.
2022-02-01 12:30:17,698 INFO: Testing local solvability of twists...
2022-02-01 12:30:17,705 INFO: Finished local solvability testing.
2022-02-01 12:30:17,707 INFO: Computing elliptic curve a-invariants...
2022-02-01 12:30:25,564 INFO: Finished computation of a-invariants.
2022-02-01 12:30:25,566 INFO: Computing MW group (delta = ['-16', '0', '-1', '-53', '-24', '-4'], g = [4, 0, 0, 13, 6, 1])...
2022-02-01 12:35:52,268 INFO: Finished MW computation (delta = ['-16', '0', '-1', '-53', '-24', '-4'], g = [4, 0, 0, 13, 6, 1])
2022-02-01 12:35:52,272 INFO: Computing MW group (delta = ['4', '-1', '0', '13', '6', '1'], g = [4, 0, 0, 13, 6, 1])...
2022-02-01 12:38:30,123 INFO: Finished MW computation (delta = ['4', '-1', '0', '13', '6', '1'], g = [4, 0, 0, 13, 6, 1])
2022-02-01 12:38:30,126 INFO: Computing MW group (delta = ['1'], g = [4, 0, 0, 13, 6, 1])...
2022-02-01 13:04:57,257 INFO: Finished MW computation (delta = ['1'], g = [4, 0, 0, 13, 6, 1])
2022-02-01 13:04:57,260 INFO: Computing MW group (delta = ['-4', '1', '1', '-13', '-6', '-1'], g = [4, 0, 0, 13, 6, 1])...
2022-02-01 13:58:13,170 INFO: Finished MW computation (delta = ['-4', '1', '1', '-13', '-6', '-1'], g = [4, 0, 0, 13, 6, 1])
2022-02-01 13:58:13,178 INFO: Reducing MW generators...
2022-02-01 13:58:14,827 INFO: Finished reducing MW generators.
2022-02-01 13:58:14,829 INFO: Tasks complete. Recording data and exiting.
2022-02-02 04:42:35,846 INFO: Loaded curve data from file.
2022-02-02 04:42:35,847 INFO: Skipped Chabauty because MW group hasn't been provably computed. (delta = ['-16', '0', '-1', '-53', '-24', '-4'], g = [4, 0, 0, 13, 6, 1])
2022-02-02 04:42:35,847 INFO: Skipped Chabauty because MW group hasn't been provably computed. (delta = ['4', '-1', '0', '13', '6', '1'], g = [4, 0, 0, 13, 6, 1])
2022-02-02 04:42:35,847 INFO: Skipped Chabauty because MW group hasn't been provably computed. (delta = ['1'], g = [4, 0, 0, 13, 6, 1])
2022-02-02 04:42:35,847 INFO: Skipped Chabauty because MW group hasn't been provably computed. (delta = ['-4', '1', '1', '-13', '-6', '-1'], g = [4, 0, 0, 13, 6, 1])
2022-02-02 04:42:35,851 INFO: Tasks complete. Recording data and exiting.
2022-02-12 17:02:58,645 INFO: Loaded curve data from file.
2022-02-12 17:02:58,646 INFO: Computing elliptic Chabauty map... (delta = ['-16', '0', '-1', '-53', '-24', '-4'], g = [4, 0, 0, 13, 6, 1])
2022-02-12 17:03:07,738 INFO: Elliptic Chabauty map computed. (delta = ['-16', '0', '-1', '-53', '-24', '-4'], g = [4, 0, 0, 13, 6, 1])
2022-02-12 17:03:07,740 INFO: Computing elliptic Chabauty map... (delta = ['4', '-1', '0', '13', '6', '1'], g = [4, 0, 0, 13, 6, 1])
2022-02-12 17:03:16,555 INFO: Elliptic Chabauty map computed. (delta = ['4', '-1', '0', '13', '6', '1'], g = [4, 0, 0, 13, 6, 1])
2022-02-12 17:03:16,557 INFO: Computing elliptic Chabauty map... (delta = ['1'], g = [4, 0, 0, 13, 6, 1])
2022-02-12 17:03:25,385 INFO: Elliptic Chabauty map computed. (delta = ['1'], g = [4, 0, 0, 13, 6, 1])
2022-02-12 17:03:25,387 INFO: Computing elliptic Chabauty map... (delta = ['-4', '1', '1', '-13', '-6', '-1'], g = [4, 0, 0, 13, 6, 1])
2022-02-12 17:03:34,293 INFO: Elliptic Chabauty map computed. (delta = ['-4', '1', '1', '-13', '-6', '-1'], g = [4, 0, 0, 13, 6, 1])
2022-02-12 17:03:34,296 INFO: Tasks complete. Recording data and exiting.
