2022-01-14 12:17:20,819 INFO: Initialized curve data.
2022-01-14 12:17:20,824 INFO: Setting up initial twist data...
2022-01-14 12:17:22,108 INFO: Twist setup complete.
2022-01-14 12:17:22,108 INFO: Searching for rational points on each twist...
2022-01-14 12:17:26,317 INFO: Finished searching for rational points on each twist.
2022-01-14 12:17:26,317 INFO: Testing local solvability of twists...
2022-01-14 12:17:59,689 INFO: Finished local solvability testing.
2022-01-14 12:17:59,691 INFO: Computing elliptic curve a-invariants...
2022-01-14 12:18:09,966 INFO: Finished computation of a-invariants.
2022-01-14 12:18:09,970 INFO: Computing MW group (delta = ['4', '20', '-10', '-9', '-1'], g = [-1, 1])...
2022-01-14 12:18:10,507 INFO: Finished MW computation (delta = ['4', '20', '-10', '-9', '-1'], g = [-1, 1])
2022-01-14 12:18:10,510 INFO: Computing MW group (delta = ['4', '20', '-10', '-9', '-1'], g = [-4, -21, 11, 9, 1])...
2022-01-14 12:18:47,494 INFO: Finished MW computation (delta = ['4', '20', '-10', '-9', '-1'], g = [-4, -21, 11, 9, 1])
2022-01-14 12:18:47,499 INFO: Computing MW group (delta = ['2', '8', '-15', '1', '4', '1/2'], g = [-1, 1])...
2022-01-14 12:18:47,988 INFO: Finished MW computation (delta = ['2', '8', '-15', '1', '4', '1/2'], g = [-1, 1])
2022-01-14 12:18:47,991 INFO: Computing MW group (delta = ['2', '8', '-15', '1', '4', '1/2'], g = [-4, -21, 11, 9, 1])...
2022-01-14 12:19:59,337 INFO: Finished MW computation (delta = ['2', '8', '-15', '1', '4', '1/2'], g = [-4, -21, 11, 9, 1])
2022-01-14 12:19:59,342 INFO: Skipped MW computation because no base point (delta = ['1/2', '-1'])
2022-01-14 12:19:59,342 INFO: Computing MW group (delta = ['4', '16', '-32', '2', '8', '1'], g = [-1, 1])...
2022-01-14 12:19:59,623 INFO: Finished MW computation (delta = ['4', '16', '-32', '2', '8', '1'], g = [-1, 1])
2022-01-14 12:19:59,626 INFO: Computing MW group (delta = ['4', '16', '-32', '2', '8', '1'], g = [-4, -21, 11, 9, 1])...
2022-01-14 15:52:27,528 INFO: Loaded curve data from file.
2022-01-14 15:52:27,529 INFO: Reducing MW generators...
2022-01-14 15:52:28,140 INFO: Finished reducing MW generators.
2022-01-14 15:52:28,143 INFO: Skipped Chabauty because rank >= degree(g). (delta = ['4', '20', '-10', '-9', '-1'], g = [-1, 1])
2022-01-14 15:52:28,143 INFO: Skipped Chabauty because MW group hasn't been provably computed. (delta = ['4', '20', '-10', '-9', '-1'], g = [-4, -21, 11, 9, 1])
2022-01-14 15:52:28,143 INFO: Skipped Chabauty because rank >= degree(g). (delta = ['2', '8', '-15', '1', '4', '1/2'], g = [-1, 1])
2022-01-14 15:52:28,143 INFO: Running elliptic Chabauty (delta = ['2', '8', '-15', '1', '4', '1/2'], g = [-4, -21, 11, 9, 1])...
2022-01-14 15:52:43,676 INFO: Chabauty completed successfully (delta = ['2', '8', '-15', '1', '4', '1/2'], g = [-4, -21, 11, 9, 1]).
2022-01-14 15:52:43,681 INFO: Skipped Chabauty because no base point (delta = ['1/2', '-1'])
2022-01-14 15:52:43,681 INFO: Skipped Chabauty because rank >= degree(g). (delta = ['4', '16', '-32', '2', '8', '1'], g = [-1, 1])
2022-01-14 15:52:43,681 INFO: Skipped Chabauty because MW generators haven't been computed. (delta = ['4', '16', '-32', '2', '8', '1'], g = [-4, -21, 11, 9, 1])
2022-01-14 15:52:43,681 INFO: Skipped Chabauty because MW generators haven't been computed. (delta = ['8', '36', '-53', '-3', '25/2', '3/2'], g = [-1, 1])
2022-01-14 15:52:43,681 INFO: Skipped Chabauty because MW generators haven't been computed. (delta = ['8', '36', '-53', '-3', '25/2', '3/2'], g = [-4, -21, 11, 9, 1])
2022-01-14 15:52:43,681 INFO: Skipped Chabauty because MW generators haven't been computed. (delta = ['1'], g = [-1, 1])
2022-01-14 15:52:43,681 INFO: Skipped Chabauty because MW generators haven't been computed. (delta = ['1'], g = [-4, -21, 11, 9, 1])
2022-01-14 15:52:43,681 INFO: Skipped Chabauty because no base point (delta = ['16', '64', '-148', '18', '41', '5'])
2022-01-14 15:52:43,681 INFO: Skipped Chabauty because no base point (delta = ['2', '6', '-25', '11/2', '17/2', '1'])
2022-01-14 15:52:43,877 INFO: Tasks complete. Recording data and exiting.
