2022-01-12 09:25:56,531 INFO: Initialized curve data.
2022-01-12 09:25:56,536 INFO: Setting up initial twist data...
2022-01-12 09:25:57,704 INFO: Twist setup complete.
2022-01-12 09:25:57,704 INFO: Searching for rational points on each twist...
2022-01-12 09:25:59,837 INFO: Finished searching for rational points on each twist.
2022-01-12 09:25:59,837 INFO: Testing local solvability of twists...
2022-01-12 09:25:59,844 INFO: Finished local solvability testing.
2022-01-12 09:25:59,845 INFO: Computing elliptic curve a-invariants...
2022-01-12 09:26:09,926 INFO: Finished computation of a-invariants.
2022-01-12 09:26:09,928 INFO: Computing MW group (delta = ['1', '-1'], g = [4, -8, 8, 4, 0, 1])...
2022-01-12 09:29:29,732 INFO: Finished MW computation (delta = ['1', '-1'], g = [4, -8, 8, 4, 0, 1])
2022-01-12 09:29:29,735 INFO: Computing MW group (delta = ['4', '-9', '9', '4', '0', '1'], g = [4, -8, 8, 4, 0, 1])...
2022-01-12 09:32:20,200 INFO: Finished MW computation (delta = ['4', '-9', '9', '4', '0', '1'], g = [4, -8, 8, 4, 0, 1])
2022-01-12 09:32:20,202 INFO: Computing MW group (delta = ['1'], g = [4, -8, 8, 4, 0, 1])...
2022-01-12 09:36:27,201 INFO: Finished MW computation (delta = ['1'], g = [4, -8, 8, 4, 0, 1])
2022-01-12 09:36:27,203 INFO: Computing MW group (delta = ['4', '-9', '8', '4', '0', '1'], g = [4, -8, 8, 4, 0, 1])...
2022-01-12 09:40:49,624 INFO: Finished MW computation (delta = ['4', '-9', '8', '4', '0', '1'], g = [4, -8, 8, 4, 0, 1])
2022-01-12 09:40:49,629 INFO: Reducing MW generators...
2022-01-12 09:40:54,126 INFO: Finished reducing MW generators.
2022-01-12 09:40:54,128 INFO: Tasks complete. Recording data and exiting.
2022-01-14 09:10:45,542 INFO: Loaded curve data from file.
2022-01-14 09:10:45,543 INFO: Running elliptic Chabauty (delta = ['1', '-1'], g = [4, -8, 8, 4, 0, 1])...
2022-01-14 09:11:08,153 INFO: Chabauty completed successfully (delta = ['1', '-1'], g = [4, -8, 8, 4, 0, 1]).
2022-01-14 09:11:08,155 INFO: Running elliptic Chabauty (delta = ['4', '-9', '9', '4', '0', '1'], g = [4, -8, 8, 4, 0, 1])...
2022-01-14 09:11:27,837 INFO: Chabauty completed successfully (delta = ['4', '-9', '9', '4', '0', '1'], g = [4, -8, 8, 4, 0, 1]).
2022-01-14 09:11:27,840 INFO: Skipped Chabauty because MW group hasn't been provably computed. (delta = ['1'], g = [4, -8, 8, 4, 0, 1])
2022-01-14 09:11:27,840 INFO: Running elliptic Chabauty (delta = ['4', '-9', '8', '4', '0', '1'], g = [4, -8, 8, 4, 0, 1])...
2022-01-14 09:11:34,878 INFO: Chabauty completed successfully (delta = ['4', '-9', '8', '4', '0', '1'], g = [4, -8, 8, 4, 0, 1]).
2022-01-14 09:11:34,992 INFO: Tasks complete. Recording data and exiting.
