2022-01-12 09:25:32,191 INFO: Initialized curve data.
2022-01-12 09:25:32,194 INFO: Setting up initial twist data...
2022-01-12 09:25:33,534 INFO: Twist setup complete.
2022-01-12 09:25:33,534 INFO: Searching for rational points on each twist...
2022-01-12 09:25:36,392 INFO: Finished searching for rational points on each twist.
2022-01-12 09:25:36,393 INFO: Testing local solvability of twists...
2022-01-12 09:25:36,399 INFO: Finished local solvability testing.
2022-01-12 09:25:36,400 INFO: Computing elliptic curve a-invariants...
2022-01-12 09:25:45,217 INFO: Finished computation of a-invariants.
2022-01-12 09:25:45,219 INFO: Computing MW group (delta = ['4', '20', '33', '6', '0', '2'], g = [2, 9, 16, 3, 0, 1])...
2022-01-12 09:29:43,987 INFO: Finished MW computation (delta = ['4', '20', '33', '6', '0', '2'], g = [2, 9, 16, 3, 0, 1])
2022-01-12 09:29:43,989 INFO: Computing MW group (delta = ['-32', '-148', '-260', '-49', '0', '-16'], g = [2, 9, 16, 3, 0, 1])...
2022-01-12 09:31:52,190 INFO: Finished MW computation (delta = ['-32', '-148', '-260', '-49', '0', '-16'], g = [2, 9, 16, 3, 0, 1])
2022-01-12 09:31:52,193 INFO: Computing MW group (delta = ['1'], g = [2, 9, 16, 3, 0, 1])...
2022-01-12 09:35:21,262 INFO: Finished MW computation (delta = ['1'], g = [2, 9, 16, 3, 0, 1])
2022-01-12 09:35:21,265 INFO: Computing MW group (delta = ['0', '8', '16', '3', '0', '1'], g = [2, 9, 16, 3, 0, 1])...
2022-01-12 09:37:58,302 INFO: Finished MW computation (delta = ['0', '8', '16', '3', '0', '1'], g = [2, 9, 16, 3, 0, 1])
2022-01-12 09:37:58,306 INFO: Reducing MW generators...
2022-01-12 09:38:00,473 INFO: Finished reducing MW generators.
2022-01-12 09:38:00,476 INFO: Tasks complete. Recording data and exiting.
