2022-01-11 15:14:07,389 INFO: Initialized curve data.
2022-01-11 15:14:07,392 INFO: Setting up initial twist data...
2022-01-11 15:14:08,438 INFO: Twist setup complete.
2022-01-11 15:14:08,438 INFO: Searching for rational points on each twist...
2022-01-11 15:14:10,229 INFO: Finished searching for rational points on each twist.
2022-01-11 15:14:10,229 INFO: Testing local solvability of twists...
2022-01-11 15:14:10,235 INFO: Finished local solvability testing.
2022-01-11 15:14:10,236 INFO: Computing elliptic curve a-invariants...
2022-01-11 15:14:23,625 INFO: Finished computation of a-invariants.
2022-01-11 15:14:23,626 INFO: Computing MW group (delta = ['-3', '-1', '-5', '-1', '5', '1'], g = [-4, 0, -5, -1, 5, 1])...
2022-01-11 15:14:47,585 INFO: Finished MW computation (delta = ['-3', '-1', '-5', '-1', '5', '1'], g = [-4, 0, -5, -1, 5, 1])
2022-01-11 15:14:47,588 INFO: Computing MW group (delta = ['1'], g = [-4, 0, -5, -1, 5, 1])...
2022-01-11 15:15:05,394 INFO: Finished MW computation (delta = ['1'], g = [-4, 0, -5, -1, 5, 1])
2022-01-11 15:15:05,397 INFO: Computing MW group (delta = ['4', '-1', '6', '1', '-5', '-1'], g = [-4, 0, -5, -1, 5, 1])...
2022-01-11 15:15:55,554 INFO: Finished MW computation (delta = ['4', '-1', '6', '1', '-5', '-1'], g = [-4, 0, -5, -1, 5, 1])
2022-01-11 15:15:55,557 INFO: Computing MW group (delta = ['-16', '-1', '-18', '-5', '20', '4'], g = [-4, 0, -5, -1, 5, 1])...
2022-01-11 15:16:57,585 INFO: Finished MW computation (delta = ['-16', '-1', '-18', '-5', '20', '4'], g = [-4, 0, -5, -1, 5, 1])
2022-01-11 15:16:57,592 INFO: Reducing MW generators...
2022-01-11 15:16:59,388 INFO: Finished reducing MW generators.
2022-01-11 15:16:59,390 INFO: Tasks complete. Recording data and exiting.
