2022-01-11 12:29:19,473 INFO: Initialized curve data.
2022-01-11 12:29:19,476 INFO: Setting up initial twist data...
2022-01-11 12:29:20,613 INFO: Twist setup complete.
2022-01-11 12:29:20,613 INFO: Searching for rational points on each twist...
2022-01-11 12:29:22,958 INFO: Finished searching for rational points on each twist.
2022-01-11 12:29:22,959 INFO: Testing local solvability of twists...
2022-01-11 12:29:28,544 INFO: Finished local solvability testing.
2022-01-11 12:29:28,545 INFO: Computing elliptic curve a-invariants...
2022-01-11 12:29:36,646 INFO: Finished computation of a-invariants.
2022-01-11 12:29:36,647 INFO: Computing MW group (delta = ['41', '14', '-21', '-6', '6', '2'], g = [21, 7, -11, -3, 3, 1])...
2022-01-11 12:34:01,185 INFO: Finished MW computation (delta = ['41', '14', '-21', '-6', '6', '2'], g = [21, 7, -11, -3, 3, 1])
2022-01-11 12:34:01,188 INFO: Skipped MW computation because no base point (delta = ['1', '-1'])
2022-01-11 12:34:01,188 INFO: Computing MW group (delta = ['1'], g = [21, 7, -11, -3, 3, 1])...
2022-01-11 12:36:19,402 INFO: Finished MW computation (delta = ['1'], g = [21, 7, -11, -3, 3, 1])
2022-01-11 12:36:19,404 INFO: Computing MW group (delta = ['20', '6', '-11', '-3', '3', '1'], g = [21, 7, -11, -3, 3, 1])...
2022-01-11 12:38:26,350 INFO: Finished MW computation (delta = ['20', '6', '-11', '-3', '3', '1'], g = [21, 7, -11, -3, 3, 1])
2022-01-11 12:38:26,354 INFO: Reducing MW generators...
2022-01-11 12:38:30,296 INFO: Finished reducing MW generators.
2022-01-11 12:38:30,298 INFO: Tasks complete. Recording data and exiting.
2022-01-13 17:36:41,670 INFO: Loaded curve data from file.
2022-01-13 17:36:41,672 INFO: Skipped Chabauty because MW group hasn't been provably computed. (delta = ['41', '14', '-21', '-6', '6', '2'], g = [21, 7, -11, -3, 3, 1])
2022-01-13 17:36:41,672 INFO: Skipped Chabauty because no base point (delta = ['1', '-1'])
2022-01-13 17:36:41,672 INFO: Running elliptic Chabauty (delta = ['1'], g = [21, 7, -11, -3, 3, 1])...
2022-01-13 17:38:51,512 INFO: Chabauty completed successfully (delta = ['1'], g = [21, 7, -11, -3, 3, 1]).
2022-01-13 17:38:51,515 INFO: Running elliptic Chabauty (delta = ['20', '6', '-11', '-3', '3', '1'], g = [21, 7, -11, -3, 3, 1])...
2022-01-13 19:36:35,812 INFO: Chabauty completed successfully (delta = ['20', '6', '-11', '-3', '3', '1'], g = [21, 7, -11, -3, 3, 1]).
2022-01-13 19:36:35,930 INFO: Tasks complete. Recording data and exiting.
2022-02-12 17:42:13,979 INFO: Loaded curve data from file.
2022-02-12 17:42:13,980 INFO: Computing elliptic Chabauty map... (delta = ['41', '14', '-21', '-6', '6', '2'], g = [21, 7, -11, -3, 3, 1])
2022-02-12 17:42:25,478 INFO: Elliptic Chabauty map computed. (delta = ['41', '14', '-21', '-6', '6', '2'], g = [21, 7, -11, -3, 3, 1])
2022-02-12 17:42:25,480 INFO: Computing elliptic Chabauty map... (delta = ['1'], g = [21, 7, -11, -3, 3, 1])
2022-02-12 17:42:36,706 INFO: Elliptic Chabauty map computed. (delta = ['1'], g = [21, 7, -11, -3, 3, 1])
2022-02-12 17:42:36,708 INFO: Computing elliptic Chabauty map... (delta = ['20', '6', '-11', '-3', '3', '1'], g = [21, 7, -11, -3, 3, 1])
2022-02-12 17:42:47,889 INFO: Elliptic Chabauty map computed. (delta = ['20', '6', '-11', '-3', '3', '1'], g = [21, 7, -11, -3, 3, 1])
2022-02-12 17:42:47,891 INFO: Tasks complete. Recording data and exiting.
