2022-01-01 10:40:30,954 INFO: Initialized curve data.
2022-01-01 10:40:30,956 INFO: Setting up initial twist data...
2022-01-01 10:40:32,446 INFO: Twist setup complete.
2022-01-01 10:40:32,446 INFO: Searching for rational points on each twist...
2022-01-01 10:40:33,398 INFO: Finished searching for rational points on each twist.
2022-01-01 10:40:33,398 INFO: Testing local solvability of twists...
2022-01-01 10:40:33,404 INFO: Finished local solvability testing.
2022-01-01 10:40:33,405 INFO: Computing elliptic curve a-invariants...
2022-01-01 10:40:41,740 INFO: Finished computation of a-invariants.
2022-01-01 10:40:41,742 INFO: Computing MW group (delta = ['4', '-1', '-8', '-3', '4', '4'], g = [4, 0, -8, -3, 4, 4])...
2022-01-01 10:41:42,945 INFO: Finished MW computation (delta = ['4', '-1', '-8', '-3', '4', '4'], g = [4, 0, -8, -3, 4, 4])
2022-01-01 10:41:42,948 INFO: Computing MW group (delta = ['1', '-1'], g = [4, 0, -8, -3, 4, 4])...
2022-01-01 10:42:43,206 INFO: Finished MW computation (delta = ['1', '-1'], g = [4, 0, -8, -3, 4, 4])
2022-01-01 10:42:43,208 INFO: Computing MW group (delta = ['1'], g = [4, 0, -8, -3, 4, 4])...
2022-01-01 10:44:14,801 INFO: Finished MW computation (delta = ['1'], g = [4, 0, -8, -3, 4, 4])
2022-01-01 10:44:14,804 INFO: Computing MW group (delta = ['4', '-1', '-7', '-3', '4', '4'], g = [4, 0, -8, -3, 4, 4])...
2022-01-01 10:44:57,285 INFO: Finished MW computation (delta = ['4', '-1', '-7', '-3', '4', '4'], g = [4, 0, -8, -3, 4, 4])
2022-01-01 10:44:57,289 INFO: Reducing MW generators...
2022-01-01 10:45:02,508 INFO: Finished reducing MW generators.
2022-01-01 10:45:02,510 INFO: Running elliptic Chabauty (delta = ['4', '-1', '-8', '-3', '4', '4'], g = [4, 0, -8, -3, 4, 4])...
2022-01-01 11:10:07,089 INFO: Chabauty completed successfully (delta = ['4', '-1', '-8', '-3', '4', '4'], g = [4, 0, -8, -3, 4, 4]).
2022-01-01 11:10:07,091 INFO: Running elliptic Chabauty (delta = ['1', '-1'], g = [4, 0, -8, -3, 4, 4])...
2022-01-01 11:10:23,980 INFO: Chabauty completed successfully (delta = ['1', '-1'], g = [4, 0, -8, -3, 4, 4]).
2022-01-01 11:10:23,982 INFO: Running elliptic Chabauty (delta = ['1'], g = [4, 0, -8, -3, 4, 4])...
2022-01-01 11:10:43,953 INFO: Chabauty completed successfully (delta = ['1'], g = [4, 0, -8, -3, 4, 4]).
2022-01-01 11:10:43,956 INFO: Running elliptic Chabauty (delta = ['4', '-1', '-7', '-3', '4', '4'], g = [4, 0, -8, -3, 4, 4])...
2022-01-01 11:11:03,393 INFO: Chabauty completed successfully (delta = ['4', '-1', '-7', '-3', '4', '4'], g = [4, 0, -8, -3, 4, 4]).
2022-01-01 11:11:03,624 INFO: Rational points successfully computed.
2022-01-01 11:11:03,626 INFO: Tasks complete. Recording data and exiting.
