2022-01-13 21:54:42,877 INFO: Initialized curve data.
2022-01-13 21:54:42,879 INFO: Setting up initial twist data...
2022-01-13 21:54:43,671 INFO: Twist setup complete.
2022-01-13 21:54:43,671 INFO: Searching for rational points on each twist...
2022-01-13 21:54:44,925 INFO: Finished searching for rational points on each twist.
2022-01-13 21:54:44,925 INFO: Testing local solvability of twists...
2022-01-13 21:54:44,929 INFO: Finished local solvability testing.
2022-01-13 21:54:44,930 INFO: Computing elliptic curve a-invariants...
2022-01-13 21:54:50,146 INFO: Finished computation of a-invariants.
2022-01-13 21:54:50,148 INFO: Computing MW group (delta = ['8', '-1', '1', '5', '2', '1'], g = [8, 0, 0, 5, 2, 1])...
2022-01-13 21:55:06,018 INFO: Finished MW computation (delta = ['8', '-1', '1', '5', '2', '1'], g = [8, 0, 0, 5, 2, 1])
2022-01-13 21:55:06,022 INFO: Computing MW group (delta = ['1', '-1'], g = [8, 0, 0, 5, 2, 1])...
2022-01-13 21:55:48,992 INFO: Finished MW computation (delta = ['1', '-1'], g = [8, 0, 0, 5, 2, 1])
2022-01-13 21:55:48,995 INFO: Computing MW group (delta = ['1'], g = [8, 0, 0, 5, 2, 1])...
2022-01-13 21:56:10,700 INFO: Finished MW computation (delta = ['1'], g = [8, 0, 0, 5, 2, 1])
2022-01-13 21:56:10,704 INFO: Computing MW group (delta = ['8', '-1', '0', '5', '2', '1'], g = [8, 0, 0, 5, 2, 1])...
2022-01-13 21:57:05,258 INFO: Finished MW computation (delta = ['8', '-1', '0', '5', '2', '1'], g = [8, 0, 0, 5, 2, 1])
2022-01-13 21:57:05,264 INFO: Reducing MW generators...
2022-01-13 21:57:07,903 INFO: Finished reducing MW generators.
2022-01-13 21:57:07,909 INFO: Tasks complete. Recording data and exiting.
2022-01-14 11:35:21,144 INFO: Loaded curve data from file.
2022-01-14 11:35:21,145 INFO: Running elliptic Chabauty (delta = ['8', '-1', '1', '5', '2', '1'], g = [8, 0, 0, 5, 2, 1])...
2022-01-14 11:35:32,950 INFO: Chabauty completed successfully (delta = ['8', '-1', '1', '5', '2', '1'], g = [8, 0, 0, 5, 2, 1]).
2022-01-14 11:35:32,953 INFO: Running elliptic Chabauty (delta = ['1', '-1'], g = [8, 0, 0, 5, 2, 1])...
2022-01-14 11:35:47,556 INFO: Chabauty completed successfully (delta = ['1', '-1'], g = [8, 0, 0, 5, 2, 1]).
2022-01-14 11:35:47,560 INFO: Running elliptic Chabauty (delta = ['1'], g = [8, 0, 0, 5, 2, 1])...
2022-01-14 11:35:58,947 INFO: Chabauty completed successfully (delta = ['1'], g = [8, 0, 0, 5, 2, 1]).
2022-01-14 11:35:58,950 INFO: Running elliptic Chabauty (delta = ['8', '-1', '0', '5', '2', '1'], g = [8, 0, 0, 5, 2, 1])...
2022-01-14 11:36:31,943 INFO: Chabauty completed successfully (delta = ['8', '-1', '0', '5', '2', '1'], g = [8, 0, 0, 5, 2, 1]).
2022-01-14 11:36:32,186 INFO: Rational points successfully computed.
2022-01-14 11:36:32,189 INFO: Tasks complete. Recording data and exiting.
2022-02-12 16:45:05,402 INFO: Loaded curve data from file.
2022-02-12 16:45:05,402 INFO: Computing elliptic Chabauty map... (delta = ['8', '-1', '1', '5', '2', '1'], g = [8, 0, 0, 5, 2, 1])
2022-02-12 16:45:14,782 INFO: Elliptic Chabauty map computed. (delta = ['8', '-1', '1', '5', '2', '1'], g = [8, 0, 0, 5, 2, 1])
2022-02-12 16:45:14,784 INFO: Computing elliptic Chabauty map... (delta = ['1', '-1'], g = [8, 0, 0, 5, 2, 1])
2022-02-12 16:45:23,893 INFO: Elliptic Chabauty map computed. (delta = ['1', '-1'], g = [8, 0, 0, 5, 2, 1])
2022-02-12 16:45:23,896 INFO: Computing elliptic Chabauty map... (delta = ['1'], g = [8, 0, 0, 5, 2, 1])
2022-02-12 16:45:32,690 INFO: Elliptic Chabauty map computed. (delta = ['1'], g = [8, 0, 0, 5, 2, 1])
2022-02-12 16:45:32,693 INFO: Computing elliptic Chabauty map... (delta = ['8', '-1', '0', '5', '2', '1'], g = [8, 0, 0, 5, 2, 1])
2022-02-12 16:45:41,564 INFO: Elliptic Chabauty map computed. (delta = ['8', '-1', '0', '5', '2', '1'], g = [8, 0, 0, 5, 2, 1])
2022-02-12 16:45:41,567 INFO: Tasks complete. Recording data and exiting.
