2022-01-11 12:29:13,012 INFO: Initialized curve data.
2022-01-11 12:29:13,014 INFO: Setting up initial twist data...
2022-01-11 12:29:13,986 INFO: Twist setup complete.
2022-01-11 12:29:13,986 INFO: Searching for rational points on each twist...
2022-01-11 12:29:16,049 INFO: Finished searching for rational points on each twist.
2022-01-11 12:29:16,050 INFO: Testing local solvability of twists...
2022-01-11 12:29:16,055 INFO: Finished local solvability testing.
2022-01-11 12:29:16,056 INFO: Computing elliptic curve a-invariants...
2022-01-11 12:29:24,083 INFO: Finished computation of a-invariants.
2022-01-11 12:29:24,085 INFO: Computing MW group (delta = ['4', '-12', '8', '2', '0', '1'], g = [4, -11, 8, 2, 0, 1])...
2022-01-11 12:29:53,192 INFO: Finished MW computation (delta = ['4', '-12', '8', '2', '0', '1'], g = [4, -11, 8, 2, 0, 1])
2022-01-11 12:29:53,194 INFO: Computing MW group (delta = ['1', '-1'], g = [4, -11, 8, 2, 0, 1])...
2022-01-11 12:31:22,528 INFO: Finished MW computation (delta = ['1', '-1'], g = [4, -11, 8, 2, 0, 1])
2022-01-11 12:31:22,530 INFO: Computing MW group (delta = ['1'], g = [4, -11, 8, 2, 0, 1])...
2022-01-11 13:48:02,328 INFO: Finished MW computation (delta = ['1'], g = [4, -11, 8, 2, 0, 1])
2022-01-11 13:48:02,338 INFO: Computing MW group (delta = ['4', '-12', '9', '2', '0', '1'], g = [4, -11, 8, 2, 0, 1])...
2022-01-11 13:50:10,431 INFO: Finished MW computation (delta = ['4', '-12', '9', '2', '0', '1'], g = [4, -11, 8, 2, 0, 1])
2022-01-11 13:50:10,436 INFO: Reducing MW generators...
2022-01-11 13:50:14,886 INFO: Finished reducing MW generators.
2022-01-11 13:50:14,889 INFO: Tasks complete. Recording data and exiting.
2022-01-13 17:36:33,577 INFO: Loaded curve data from file.
2022-01-13 17:36:33,577 INFO: Running elliptic Chabauty (delta = ['4', '-12', '8', '2', '0', '1'], g = [4, -11, 8, 2, 0, 1])...
2022-01-13 17:36:48,435 INFO: Chabauty completed successfully (delta = ['4', '-12', '8', '2', '0', '1'], g = [4, -11, 8, 2, 0, 1]).
2022-01-13 17:36:48,437 INFO: Running elliptic Chabauty (delta = ['1', '-1'], g = [4, -11, 8, 2, 0, 1])...
2022-01-13 17:37:03,434 INFO: Chabauty completed successfully (delta = ['1', '-1'], g = [4, -11, 8, 2, 0, 1]).
2022-01-13 17:37:03,436 INFO: Running elliptic Chabauty (delta = ['1'], g = [4, -11, 8, 2, 0, 1])...
2022-01-13 17:37:18,618 INFO: Chabauty completed successfully (delta = ['1'], g = [4, -11, 8, 2, 0, 1]).
2022-01-13 17:37:18,620 INFO: Running elliptic Chabauty (delta = ['4', '-12', '9', '2', '0', '1'], g = [4, -11, 8, 2, 0, 1])...
2022-01-13 17:37:32,750 INFO: Chabauty completed successfully (delta = ['4', '-12', '9', '2', '0', '1'], g = [4, -11, 8, 2, 0, 1]).
2022-01-13 17:37:33,004 INFO: Rational points successfully computed.
2022-01-13 17:37:33,006 INFO: Tasks complete. Recording data and exiting.
