2022-01-01 12:51:09,782 INFO: Initialized curve data.
2022-01-01 12:51:09,785 INFO: Setting up initial twist data...
2022-01-01 12:51:10,923 INFO: Twist setup complete.
2022-01-01 12:51:10,923 INFO: Searching for rational points on each twist...
2022-01-01 12:51:11,770 INFO: Finished searching for rational points on each twist.
2022-01-01 12:51:11,770 INFO: Testing local solvability of twists...
2022-01-01 12:51:11,775 INFO: Finished local solvability testing.
2022-01-01 12:51:11,776 INFO: Computing elliptic curve a-invariants...
2022-01-01 12:51:28,429 INFO: Finished computation of a-invariants.
2022-01-01 12:51:28,431 INFO: Computing MW group (delta = ['0', '-1', '1'], g = [1, 1, -8, 4, 0, 4])...
2022-01-01 12:53:39,084 INFO: Finished MW computation (delta = ['0', '-1', '1'], g = [1, 1, -8, 4, 0, 4])
2022-01-01 12:53:39,091 INFO: Computing MW group (delta = ['1', '2', '-7', '4', '0', '4'], g = [1, 1, -8, 4, 0, 4])...
2022-01-01 12:55:00,789 INFO: Finished MW computation (delta = ['1', '2', '-7', '4', '0', '4'], g = [1, 1, -8, 4, 0, 4])
2022-01-01 12:55:00,793 INFO: Computing MW group (delta = ['1'], g = [1, 1, -8, 4, 0, 4])...
2022-01-01 12:57:31,333 INFO: Finished MW computation (delta = ['1'], g = [1, 1, -8, 4, 0, 4])
2022-01-01 12:57:31,339 INFO: Computing MW group (delta = ['2', '2', '-17', '8', '1', '8'], g = [1, 1, -8, 4, 0, 4])...
2022-01-01 13:00:32,198 INFO: Finished MW computation (delta = ['2', '2', '-17', '8', '1', '8'], g = [1, 1, -8, 4, 0, 4])
2022-01-01 13:00:32,207 INFO: Reducing MW generators...
2022-01-01 13:00:37,650 INFO: Finished reducing MW generators.
2022-01-01 13:00:37,654 INFO: Running elliptic Chabauty (delta = ['0', '-1', '1'], g = [1, 1, -8, 4, 0, 4])...
2022-01-01 13:01:04,629 INFO: Chabauty completed successfully (delta = ['0', '-1', '1'], g = [1, 1, -8, 4, 0, 4]).
2022-01-01 13:01:04,633 INFO: Running elliptic Chabauty (delta = ['1', '2', '-7', '4', '0', '4'], g = [1, 1, -8, 4, 0, 4])...
2022-01-01 13:01:21,493 INFO: Chabauty completed successfully (delta = ['1', '2', '-7', '4', '0', '4'], g = [1, 1, -8, 4, 0, 4]).
2022-01-01 13:01:21,497 INFO: Running elliptic Chabauty (delta = ['1'], g = [1, 1, -8, 4, 0, 4])...
2022-01-03 13:14:58,000 INFO: Obsolete "loc_solv_error" keys removed.
2022-01-03 13:14:58,000 INFO: Deleted results of Chabauty computation.
