2022-01-01 12:50:58,675 INFO: Initialized curve data.
2022-01-01 12:50:58,678 INFO: Setting up initial twist data...
2022-01-01 12:50:59,895 INFO: Twist setup complete.
2022-01-01 12:50:59,895 INFO: Searching for rational points on each twist...
2022-01-01 12:51:01,729 INFO: Finished searching for rational points on each twist.
2022-01-01 12:51:01,730 INFO: Testing local solvability of twists...
2022-01-01 12:51:14,273 INFO: Finished local solvability testing.
2022-01-01 12:51:14,275 INFO: Computing elliptic curve a-invariants...
2022-01-01 12:51:18,078 INFO: Finished computation of a-invariants.
2022-01-01 12:51:18,081 INFO: Computing MW group (delta = ['12', '-581', '751', '6', '-233', '-47'], g = [1, 1])...
2022-01-01 12:51:18,362 INFO: Finished MW computation (delta = ['12', '-581', '751', '6', '-233', '-47'], g = [1, 1])
2022-01-01 12:51:18,365 INFO: Computing MW group (delta = ['12', '-581', '751', '6', '-233', '-47'], g = [12, -16, 0, 5, 1])...
2022-01-01 12:51:33,322 INFO: Finished MW computation (delta = ['12', '-581', '751', '6', '-233', '-47'], g = [12, -16, 0, 5, 1])
2022-01-01 12:51:33,328 INFO: Computing MW group (delta = ['12', '-293', '366', '4', '-114', '-23'], g = [1, 1])...
2022-01-01 12:51:33,682 INFO: Finished MW computation (delta = ['12', '-293', '366', '4', '-114', '-23'], g = [1, 1])
2022-01-01 12:51:33,686 INFO: Computing MW group (delta = ['12', '-293', '366', '4', '-114', '-23'], g = [12, -16, 0, 5, 1])...
2022-01-01 12:51:44,616 INFO: Finished MW computation (delta = ['12', '-293', '366', '4', '-114', '-23'], g = [12, -16, 0, 5, 1])
2022-01-01 12:51:44,621 INFO: Skipped MW computation because no base point (delta = ['-1', '24', '-31', '0', '10', '2'])
2022-01-01 12:51:44,621 INFO: Computing MW group (delta = ['1', '-1'], g = [1, 1])...
2022-01-01 12:51:44,969 INFO: Finished MW computation (delta = ['1', '-1'], g = [1, 1])
2022-01-01 12:51:44,973 INFO: Computing MW group (delta = ['1', '-1'], g = [12, -16, 0, 5, 1])...
2022-01-01 12:57:52,307 INFO: Finished MW computation (delta = ['1', '-1'], g = [12, -16, 0, 5, 1])
2022-01-01 12:57:52,314 INFO: Computing MW group (delta = ['-12', '17', '1', '-5', '-1'], g = [1, 1])...
2022-01-01 12:57:52,677 INFO: Finished MW computation (delta = ['-12', '17', '1', '-5', '-1'], g = [1, 1])
2022-01-01 12:57:52,682 INFO: Computing MW group (delta = ['-12', '17', '1', '-5', '-1'], g = [12, -16, 0, 5, 1])...
2022-01-01 12:58:27,056 INFO: Finished MW computation (delta = ['-12', '17', '1', '-5', '-1'], g = [12, -16, 0, 5, 1])
2022-01-01 12:58:27,062 INFO: Obstruction found to provably computing rational points. Exiting.
2022-01-03 13:14:57,000 INFO: Obsolete "loc_solv_error" keys removed.
2022-01-10 22:39:13,525 INFO: Loaded curve data from file.
2022-01-10 22:39:13,525 INFO: Obstruction already found. Exiting.
