2022-01-12 09:26:00,642 INFO: Initialized curve data.
2022-01-12 09:26:00,646 INFO: Setting up initial twist data...
2022-01-12 09:26:01,731 INFO: Twist setup complete.
2022-01-12 09:26:01,731 INFO: Searching for rational points on each twist...
2022-01-12 09:26:03,641 INFO: Finished searching for rational points on each twist.
2022-01-12 09:26:03,641 INFO: Testing local solvability of twists...
2022-01-12 09:26:06,426 INFO: Finished local solvability testing.
2022-01-12 09:26:06,427 INFO: Computing elliptic curve a-invariants...
2022-01-12 09:26:14,011 INFO: Finished computation of a-invariants.
2022-01-12 09:26:14,013 INFO: Computing MW group (delta = ['8', '7', '12', '8', '6', '1'], g = [8, 8, 12, 9, 6, 1])...
2022-01-12 09:28:37,246 INFO: Finished MW computation (delta = ['8', '7', '12', '8', '6', '1'], g = [8, 8, 12, 9, 6, 1])
2022-01-12 09:28:37,249 INFO: Skipped MW computation because no base point (delta = ['1', '0', '1'])
2022-01-12 09:28:37,249 INFO: Computing MW group (delta = ['1'], g = [8, 8, 12, 9, 6, 1])...
2022-01-12 09:29:49,450 INFO: Finished MW computation (delta = ['1'], g = [8, 8, 12, 9, 6, 1])
2022-01-12 09:29:49,453 INFO: Computing MW group (delta = ['8', '7', '12', '9', '6', '1'], g = [8, 8, 12, 9, 6, 1])...
2022-01-12 09:31:35,554 INFO: Finished MW computation (delta = ['8', '7', '12', '9', '6', '1'], g = [8, 8, 12, 9, 6, 1])
2022-01-12 09:31:35,558 INFO: Reducing MW generators...
2022-01-12 09:31:39,659 INFO: Finished reducing MW generators.
2022-01-12 09:31:39,661 INFO: Tasks complete. Recording data and exiting.
2022-01-14 09:10:53,817 INFO: Loaded curve data from file.
2022-01-14 09:10:53,818 INFO: Running elliptic Chabauty (delta = ['8', '7', '12', '8', '6', '1'], g = [8, 8, 12, 9, 6, 1])...
2022-01-14 09:11:05,992 INFO: Chabauty completed successfully (delta = ['8', '7', '12', '8', '6', '1'], g = [8, 8, 12, 9, 6, 1]).
2022-01-14 09:11:05,995 INFO: Skipped Chabauty because no base point (delta = ['1', '0', '1'])
2022-01-14 09:11:05,995 INFO: Running elliptic Chabauty (delta = ['1'], g = [8, 8, 12, 9, 6, 1])...
2022-01-14 09:11:16,320 INFO: Chabauty completed successfully (delta = ['1'], g = [8, 8, 12, 9, 6, 1]).
2022-01-14 09:11:16,322 INFO: Running elliptic Chabauty (delta = ['8', '7', '12', '9', '6', '1'], g = [8, 8, 12, 9, 6, 1])...
2022-01-14 09:11:27,228 INFO: Chabauty completed successfully (delta = ['8', '7', '12', '9', '6', '1'], g = [8, 8, 12, 9, 6, 1]).
2022-01-14 09:11:27,409 INFO: Rational points successfully computed.
2022-01-14 09:11:27,411 INFO: Tasks complete. Recording data and exiting.
