2022-01-12 12:25:09,739 INFO: Initialized curve data.
2022-01-12 12:25:09,742 INFO: Setting up initial twist data...
2022-01-12 12:25:11,114 INFO: Twist setup complete.
2022-01-12 12:25:11,114 INFO: Searching for rational points on each twist...
2022-01-12 12:25:13,054 INFO: Finished searching for rational points on each twist.
2022-01-12 12:25:13,054 INFO: Testing local solvability of twists...
2022-01-12 12:25:17,088 INFO: Finished local solvability testing.
2022-01-12 12:25:17,089 INFO: Computing elliptic curve a-invariants...
2022-01-12 12:25:32,223 INFO: Finished computation of a-invariants.
2022-01-12 12:25:32,225 INFO: Skipped MW computation because no base point (delta = ['-1', '-1'])
2022-01-12 12:25:32,225 INFO: Computing MW group (delta = ['1'], g = [4, 25, 12, -10, -4, 1])...
2022-01-12 12:34:35,794 INFO: Finished MW computation (delta = ['1'], g = [4, 25, 12, -10, -4, 1])
2022-01-12 12:34:35,797 INFO: Computing MW group (delta = ['4', '24', '12', '-10', '-4', '1'], g = [4, 25, 12, -10, -4, 1])...
2022-01-14 11:32:51,519 INFO: Loaded curve data from file.
2022-01-14 11:32:51,519 INFO: Reducing MW generators...
2022-01-14 11:32:51,757 INFO: Finished reducing MW generators.
2022-01-14 11:32:51,762 INFO: Skipped Chabauty because no base point (delta = ['-1', '-1'])
2022-01-14 11:32:51,762 INFO: Skipped Chabauty because MW group hasn't been provably computed. (delta = ['1'], g = [4, 25, 12, -10, -4, 1])
2022-01-14 11:32:51,762 INFO: Skipped Chabauty because MW generators haven't been computed. (delta = ['4', '24', '12', '-10', '-4', '1'], g = [4, 25, 12, -10, -4, 1])
2022-01-14 11:32:51,762 INFO: Skipped Chabauty because MW generators haven't been computed. (delta = ['-4', '-24', '-11', '10', '4', '-1'], g = [4, 25, 12, -10, -4, 1])
2022-01-14 11:32:51,804 INFO: Tasks complete. Recording data and exiting.
2022-02-12 17:08:33,536 INFO: Loaded curve data from file.
2022-02-12 17:08:33,537 INFO: Computing elliptic Chabauty map... (delta = ['1'], g = [4, 25, 12, -10, -4, 1])
2022-02-12 17:08:50,565 INFO: Elliptic Chabauty map computed. (delta = ['1'], g = [4, 25, 12, -10, -4, 1])
2022-02-12 17:08:50,567 INFO: Computing elliptic Chabauty map... (delta = ['4', '24', '12', '-10', '-4', '1'], g = [4, 25, 12, -10, -4, 1])
2022-02-12 17:09:07,105 INFO: Elliptic Chabauty map computed. (delta = ['4', '24', '12', '-10', '-4', '1'], g = [4, 25, 12, -10, -4, 1])
2022-02-12 17:09:07,107 INFO: Computing elliptic Chabauty map... (delta = ['-4', '-24', '-11', '10', '4', '-1'], g = [4, 25, 12, -10, -4, 1])
2022-02-12 17:09:23,844 INFO: Elliptic Chabauty map computed. (delta = ['-4', '-24', '-11', '10', '4', '-1'], g = [4, 25, 12, -10, -4, 1])
2022-02-12 17:09:23,846 INFO: Tasks complete. Recording data and exiting.
