2022-01-11 12:29:16,458 INFO: Initialized curve data.
2022-01-11 12:29:16,461 INFO: Setting up initial twist data...
2022-01-11 12:29:18,309 INFO: Twist setup complete.
2022-01-11 12:29:18,309 INFO: Searching for rational points on each twist...
2022-01-11 12:29:20,257 INFO: Finished searching for rational points on each twist.
2022-01-11 12:29:20,257 INFO: Testing local solvability of twists...
2022-01-11 12:29:30,327 INFO: Finished local solvability testing.
2022-01-11 12:29:30,328 INFO: Computing elliptic curve a-invariants...
2022-01-11 12:29:36,090 INFO: Finished computation of a-invariants.
2022-01-11 12:29:36,092 INFO: Skipped MW computation because no base point (delta = ['-1', '-4', '1'])
2022-01-11 12:29:36,092 INFO: Skipped MW computation because no base point (delta = ['-1', '-1', '1'])
2022-01-11 12:29:36,092 INFO: Computing MW group (delta = ['1'], g = [4, 45, 88, 24, -28, 4])...
2022-01-13 17:36:36,942 INFO: Loaded curve data from file.
2022-01-13 17:36:36,942 INFO: Reducing MW generators...
2022-01-13 17:36:36,942 INFO: Finished reducing MW generators.
2022-01-13 17:36:36,943 INFO: Skipped Chabauty because no base point (delta = ['-1', '-4', '1'])
2022-01-13 17:36:36,943 INFO: Skipped Chabauty because no base point (delta = ['-1', '-1', '1'])
2022-01-13 17:36:36,943 INFO: Skipped Chabauty because MW generators haven't been computed. (delta = ['1'], g = [4, 45, 88, 24, -28, 4])
2022-01-13 17:36:36,943 INFO: Skipped Chabauty because MW generators haven't been computed. (delta = ['1', '5', '2', '-5', '1'], g = [4, 45, 88, 24, -28, 4])
2022-01-13 17:36:37,020 INFO: Tasks complete. Recording data and exiting.
