2022-01-12 09:25:08,842 INFO: Initialized curve data.
2022-01-12 09:25:08,847 INFO: Setting up initial twist data...
2022-01-12 09:25:10,040 INFO: Twist setup complete.
2022-01-12 09:25:10,040 INFO: Searching for rational points on each twist...
2022-01-12 09:25:12,343 INFO: Finished searching for rational points on each twist.
2022-01-12 09:25:12,344 INFO: Testing local solvability of twists...
2022-01-12 09:25:19,348 INFO: Finished local solvability testing.
2022-01-12 09:25:19,349 INFO: Computing elliptic curve a-invariants...
2022-01-12 09:25:25,485 INFO: Finished computation of a-invariants.
2022-01-12 09:25:25,487 INFO: Computing MW group (delta = ['4', '4', '-8', '14', '8', '1'], g = [4, 5, -8, 14, 8, 1])...
2022-01-12 09:27:12,201 INFO: Finished MW computation (delta = ['4', '4', '-8', '14', '8', '1'], g = [4, 5, -8, 14, 8, 1])
2022-01-12 09:27:12,205 INFO: Computing MW group (delta = ['1'], g = [4, 5, -8, 14, 8, 1])...
2022-01-12 10:03:16,833 INFO: Finished MW computation (delta = ['1'], g = [4, 5, -8, 14, 8, 1])
2022-01-12 10:03:16,836 INFO: Computing MW group (delta = ['1/2', '0', '1'], g = [4, 5, -8, 14, 8, 1])...
2022-01-12 10:04:51,597 INFO: Finished MW computation (delta = ['1/2', '0', '1'], g = [4, 5, -8, 14, 8, 1])
2022-01-12 10:04:51,600 INFO: Skipped MW computation because no base point (delta = ['2', '2', '-4', '6', '4', '1/2'])
2022-01-12 10:04:51,601 INFO: Reducing MW generators...
2022-01-12 10:04:54,088 INFO: Finished reducing MW generators.
2022-01-12 10:04:54,090 INFO: Tasks complete. Recording data and exiting.
2022-01-14 09:10:28,030 INFO: Loaded curve data from file.
2022-01-14 09:10:28,031 INFO: Running elliptic Chabauty (delta = ['4', '4', '-8', '14', '8', '1'], g = [4, 5, -8, 14, 8, 1])...
2022-01-14 09:10:39,717 INFO: Chabauty completed successfully (delta = ['4', '4', '-8', '14', '8', '1'], g = [4, 5, -8, 14, 8, 1]).
2022-01-14 09:10:39,720 INFO: Running elliptic Chabauty (delta = ['1'], g = [4, 5, -8, 14, 8, 1])...
2022-01-14 09:10:56,941 INFO: Chabauty completed successfully (delta = ['1'], g = [4, 5, -8, 14, 8, 1]).
2022-01-14 09:10:56,942 INFO: Skipped Chabauty because MW group hasn't been provably computed. (delta = ['1/2', '0', '1'], g = [4, 5, -8, 14, 8, 1])
2022-01-14 09:10:56,942 INFO: Skipped Chabauty because no base point (delta = ['2', '2', '-4', '6', '4', '1/2'])
2022-01-14 09:10:57,067 INFO: Tasks complete. Recording data and exiting.
2022-02-12 16:47:24,447 INFO: Loaded curve data from file.
2022-02-12 16:47:24,447 INFO: Computing elliptic Chabauty map... (delta = ['4', '4', '-8', '14', '8', '1'], g = [4, 5, -8, 14, 8, 1])
2022-02-12 16:47:38,894 INFO: Elliptic Chabauty map computed. (delta = ['4', '4', '-8', '14', '8', '1'], g = [4, 5, -8, 14, 8, 1])
2022-02-12 16:47:38,897 INFO: Computing elliptic Chabauty map... (delta = ['1'], g = [4, 5, -8, 14, 8, 1])
2022-02-12 16:47:52,954 INFO: Elliptic Chabauty map computed. (delta = ['1'], g = [4, 5, -8, 14, 8, 1])
2022-02-12 16:47:52,956 INFO: Computing elliptic Chabauty map... (delta = ['1/2', '0', '1'], g = [4, 5, -8, 14, 8, 1])
2022-02-12 16:48:07,142 INFO: Elliptic Chabauty map computed. (delta = ['1/2', '0', '1'], g = [4, 5, -8, 14, 8, 1])
2022-02-12 16:48:07,145 INFO: Tasks complete. Recording data and exiting.
