2022-01-11 12:31:52,708 INFO: Initialized curve data.
2022-01-11 12:31:52,711 INFO: Setting up initial twist data...
2022-01-11 12:31:53,730 INFO: Twist setup complete.
2022-01-11 12:31:53,730 INFO: Searching for rational points on each twist...
2022-01-11 12:31:55,786 INFO: Finished searching for rational points on each twist.
2022-01-11 12:31:55,786 INFO: Testing local solvability of twists...
2022-01-11 12:31:55,791 INFO: Finished local solvability testing.
2022-01-11 12:31:55,792 INFO: Computing elliptic curve a-invariants...
2022-01-11 12:32:09,588 INFO: Finished computation of a-invariants.
2022-01-11 12:32:09,589 INFO: Computing MW group (delta = ['1', '2', '5', '-4', '-8', '4'], g = [1, 1, 4, -4, -8, 4])...
2022-01-11 12:40:34,440 INFO: Finished MW computation (delta = ['1', '2', '5', '-4', '-8', '4'], g = [1, 1, 4, -4, -8, 4])
2022-01-11 12:40:34,447 INFO: Computing MW group (delta = ['0', '0', '4', '-4', '-8', '4'], g = [1, 1, 4, -4, -8, 4])...
2022-01-11 12:53:32,149 INFO: Finished MW computation (delta = ['0', '0', '4', '-4', '-8', '4'], g = [1, 1, 4, -4, -8, 4])
2022-01-11 12:53:32,152 INFO: Computing MW group (delta = ['1'], g = [1, 1, 4, -4, -8, 4])...
2022-01-11 12:57:45,130 INFO: Finished MW computation (delta = ['1'], g = [1, 1, 4, -4, -8, 4])
2022-01-11 12:57:45,133 INFO: Computing MW group (delta = ['-4', '-5', '-18', '15', '32', '-16'], g = [1, 1, 4, -4, -8, 4])...
2022-01-11 13:08:32,517 INFO: Finished MW computation (delta = ['-4', '-5', '-18', '15', '32', '-16'], g = [1, 1, 4, -4, -8, 4])
2022-01-11 13:08:32,521 INFO: Unable to use elliptic Chabauty on twist (delta = ['-4', '-5', '-18', '15', '32', '-16'])
2022-01-11 13:08:32,525 INFO: Obstruction found to provably computing rational points. Exiting.
2022-01-13 17:36:54,574 INFO: Loaded curve data from file.
2022-01-13 17:36:54,574 INFO: Obstruction already found. Exiting.
2022-02-12 16:54:21,738 INFO: Loaded curve data from file.
2022-02-12 16:54:21,738 INFO: Computing elliptic Chabauty map... (delta = ['1', '2', '5', '-4', '-8', '4'], g = [1, 1, 4, -4, -8, 4])
2022-02-12 16:54:35,660 INFO: Elliptic Chabauty map computed. (delta = ['1', '2', '5', '-4', '-8', '4'], g = [1, 1, 4, -4, -8, 4])
2022-02-12 16:54:35,663 INFO: Computing elliptic Chabauty map... (delta = ['0', '0', '4', '-4', '-8', '4'], g = [1, 1, 4, -4, -8, 4])
2022-02-12 16:54:49,275 INFO: Elliptic Chabauty map computed. (delta = ['0', '0', '4', '-4', '-8', '4'], g = [1, 1, 4, -4, -8, 4])
2022-02-12 16:54:49,278 INFO: Computing elliptic Chabauty map... (delta = ['1'], g = [1, 1, 4, -4, -8, 4])
2022-02-12 16:55:02,809 INFO: Elliptic Chabauty map computed. (delta = ['1'], g = [1, 1, 4, -4, -8, 4])
2022-02-12 16:55:02,812 INFO: Computing elliptic Chabauty map... (delta = ['-4', '-5', '-18', '15', '32', '-16'], g = [1, 1, 4, -4, -8, 4])
2022-02-12 16:55:16,400 INFO: Elliptic Chabauty map computed. (delta = ['-4', '-5', '-18', '15', '32', '-16'], g = [1, 1, 4, -4, -8, 4])
2022-02-12 16:55:16,403 INFO: Tasks complete. Recording data and exiting.
