2022-01-01 12:50:47,009 INFO: Initialized curve data.
2022-01-01 12:50:47,012 INFO: Setting up initial twist data...
2022-01-01 12:50:48,314 INFO: Twist setup complete.
2022-01-01 12:50:48,315 INFO: Searching for rational points on each twist...
2022-01-01 12:50:50,534 INFO: Finished searching for rational points on each twist.
2022-01-01 12:50:50,535 INFO: Testing local solvability of twists...
2022-01-01 12:51:02,246 INFO: Finished local solvability testing.
2022-01-01 12:51:02,248 INFO: Computing elliptic curve a-invariants...
2022-01-01 12:51:13,616 INFO: Finished computation of a-invariants.
2022-01-01 12:51:13,619 INFO: Computing MW group (delta = ['1', '19/4', '21/4', '-3/4', '-3/2', '1/4'], g = [1, 1])...
2022-01-01 12:51:14,036 INFO: Finished MW computation (delta = ['1', '19/4', '21/4', '-3/4', '-3/2', '1/4'], g = [1, 1])
2022-01-01 12:51:14,038 INFO: Computing MW group (delta = ['1', '19/4', '21/4', '-3/4', '-3/2', '1/4'], g = [4, 16, 8, -11, 1])...
2022-01-01 12:51:25,281 INFO: Finished MW computation (delta = ['1', '19/4', '21/4', '-3/4', '-3/2', '1/4'], g = [4, 16, 8, -11, 1])
2022-01-01 12:51:25,284 INFO: Skipped MW computation because no base point (delta = ['8', '42', '113/2', '-1/2', '-49/2', '5/2'])
2022-01-01 12:51:25,284 INFO: Computing MW group (delta = ['-1/2', '-1/2', '1'], g = [1, 1])...
2022-01-01 12:51:25,554 INFO: Finished MW computation (delta = ['-1/2', '-1/2', '1'], g = [1, 1])
2022-01-01 12:51:25,557 INFO: Computing MW group (delta = ['-1/2', '-1/2', '1'], g = [4, 16, 8, -11, 1])...
2022-01-01 12:51:31,375 INFO: Finished MW computation (delta = ['-1/2', '-1/2', '1'], g = [4, 16, 8, -11, 1])
2022-01-01 12:51:31,380 INFO: Computing MW group (delta = ['-4', '-22', '-145/4', '-18', '27/4', '21/2'], g = [1, 1])...
2022-01-01 12:51:31,738 INFO: Finished MW computation (delta = ['-4', '-22', '-145/4', '-18', '27/4', '21/2'], g = [1, 1])
2022-01-01 12:51:31,742 INFO: Computing MW group (delta = ['-4', '-22', '-145/4', '-18', '27/4', '21/2'], g = [4, 16, 8, -11, 1])...
2022-01-01 12:51:41,834 INFO: Finished MW computation (delta = ['-4', '-22', '-145/4', '-18', '27/4', '21/2'], g = [4, 16, 8, -11, 1])
2022-01-01 12:51:41,840 INFO: Computing MW group (delta = ['1'], g = [1, 1])...
2022-01-01 12:51:42,202 INFO: Finished MW computation (delta = ['1'], g = [1, 1])
2022-01-01 12:51:42,207 INFO: Computing MW group (delta = ['1'], g = [4, 16, 8, -11, 1])...
2022-01-01 12:51:52,598 INFO: Finished MW computation (delta = ['1'], g = [4, 16, 8, -11, 1])
2022-01-01 12:51:52,605 INFO: Skipped MW computation because no base point (delta = ['2', '27/2', '27', '7', '-15', '3/2'])
2022-01-01 12:51:52,605 INFO: Computing MW group (delta = ['-2', '-19/2', '-11', '3/2', '5', '-1/2'], g = [1, 1])...
2022-01-01 12:51:52,976 INFO: Finished MW computation (delta = ['-2', '-19/2', '-11', '3/2', '5', '-1/2'], g = [1, 1])
2022-01-01 12:51:52,981 INFO: Computing MW group (delta = ['-2', '-19/2', '-11', '3/2', '5', '-1/2'], g = [4, 16, 8, -11, 1])...
2022-01-01 12:52:02,644 INFO: Finished MW computation (delta = ['-2', '-19/2', '-11', '3/2', '5', '-1/2'], g = [4, 16, 8, -11, 1])
2022-01-01 12:52:02,650 INFO: Computing MW group (delta = ['-4', '-15', '-7', '11', '-1'], g = [1, 1])...
2022-01-01 12:52:03,012 INFO: Finished MW computation (delta = ['-4', '-15', '-7', '11', '-1'], g = [1, 1])
2022-01-01 12:52:03,016 INFO: Computing MW group (delta = ['-4', '-15', '-7', '11', '-1'], g = [4, 16, 8, -11, 1])...
2022-01-01 12:52:08,320 INFO: Finished MW computation (delta = ['-4', '-15', '-7', '11', '-1'], g = [4, 16, 8, -11, 1])
2022-01-01 12:52:08,327 INFO: Obstruction found to provably computing rational points. Exiting.
