2022-01-12 12:21:09,535 INFO: Initialized curve data.
2022-01-12 12:21:09,539 INFO: Setting up initial twist data...
2022-01-12 12:21:10,602 INFO: Twist setup complete.
2022-01-12 12:21:10,603 INFO: Searching for rational points on each twist...
2022-01-12 12:21:12,183 INFO: Finished searching for rational points on each twist.
2022-01-12 12:21:12,183 INFO: Testing local solvability of twists...
2022-01-12 12:21:12,192 INFO: Finished local solvability testing.
2022-01-12 12:21:12,193 INFO: Computing elliptic curve a-invariants...
2022-01-12 12:21:26,973 INFO: Finished computation of a-invariants.
2022-01-12 12:21:26,976 INFO: Computing MW group (delta = ['1'], g = [4, -28, 36, -16, 0, 1])...
2022-01-12 12:23:20,961 INFO: Finished MW computation (delta = ['1'], g = [4, -28, 36, -16, 0, 1])
2022-01-12 12:23:20,966 INFO: Computing MW group (delta = ['1/2', '-3', '1'], g = [4, -28, 36, -16, 0, 1])...
2022-01-12 12:26:10,154 INFO: Finished MW computation (delta = ['1/2', '-3', '1'], g = [4, -28, 36, -16, 0, 1])
2022-01-12 12:26:10,159 INFO: Computing MW group (delta = ['2', '-29/2', '21', '-9', '0', '1/2'], g = [4, -28, 36, -16, 0, 1])...
2022-01-12 12:26:34,075 INFO: Finished MW computation (delta = ['2', '-29/2', '21', '-9', '0', '1/2'], g = [4, -28, 36, -16, 0, 1])
2022-01-12 12:26:34,079 INFO: Computing MW group (delta = ['4', '-29', '36', '-16', '0', '1'], g = [4, -28, 36, -16, 0, 1])...
2022-01-12 12:27:32,112 INFO: Finished MW computation (delta = ['4', '-29', '36', '-16', '0', '1'], g = [4, -28, 36, -16, 0, 1])
2022-01-12 12:27:32,133 INFO: Reducing MW generators...
2022-01-12 12:27:33,786 INFO: Finished reducing MW generators.
2022-01-12 12:27:33,789 INFO: Tasks complete. Recording data and exiting.
2022-01-14 11:32:23,148 INFO: Loaded curve data from file.
2022-01-14 11:32:23,149 INFO: Running elliptic Chabauty (delta = ['1'], g = [4, -28, 36, -16, 0, 1])...
2022-01-14 11:32:32,154 INFO: Chabauty completed successfully (delta = ['1'], g = [4, -28, 36, -16, 0, 1]).
2022-01-14 11:32:32,166 INFO: Running elliptic Chabauty (delta = ['1/2', '-3', '1'], g = [4, -28, 36, -16, 0, 1])...
2022-01-14 11:32:41,358 INFO: Chabauty completed successfully (delta = ['1/2', '-3', '1'], g = [4, -28, 36, -16, 0, 1]).
2022-01-14 11:32:41,360 INFO: Skipped Chabauty because MW group hasn't been provably computed. (delta = ['2', '-29/2', '21', '-9', '0', '1/2'], g = [4, -28, 36, -16, 0, 1])
2022-01-14 11:32:41,360 INFO: Skipped Chabauty because MW group hasn't been provably computed. (delta = ['4', '-29', '36', '-16', '0', '1'], g = [4, -28, 36, -16, 0, 1])
2022-01-14 11:32:41,419 INFO: Tasks complete. Recording data and exiting.
