2022-01-11 15:13:05,160 INFO: Initialized curve data.
2022-01-11 15:13:05,164 INFO: Setting up initial twist data...
2022-01-11 15:13:06,230 INFO: Twist setup complete.
2022-01-11 15:13:06,230 INFO: Searching for rational points on each twist...
2022-01-11 15:13:07,805 INFO: Finished searching for rational points on each twist.
2022-01-11 15:13:07,805 INFO: Testing local solvability of twists...
2022-01-11 15:13:07,810 INFO: Finished local solvability testing.
2022-01-11 15:13:07,812 INFO: Computing elliptic curve a-invariants...
2022-01-11 15:13:24,355 INFO: Finished computation of a-invariants.
2022-01-11 15:13:24,357 INFO: Computing MW group (delta = ['8', '-25', '33', '-16', '0', '1'], g = [8, -24, 32, -16, 0, 1])...
2022-01-11 15:13:41,949 INFO: Finished MW computation (delta = ['8', '-25', '33', '-16', '0', '1'], g = [8, -24, 32, -16, 0, 1])
2022-01-11 15:13:41,952 INFO: Computing MW group (delta = ['64', '-192', '257', '-129', '0', '8'], g = [8, -24, 32, -16, 0, 1])...
2022-01-11 15:14:39,089 INFO: Finished MW computation (delta = ['64', '-192', '257', '-129', '0', '8'], g = [8, -24, 32, -16, 0, 1])
2022-01-11 15:14:39,092 INFO: Computing MW group (delta = ['8', '-25', '32', '-16', '0', '1'], g = [8, -24, 32, -16, 0, 1])...
2022-01-11 15:14:59,346 INFO: Finished MW computation (delta = ['8', '-25', '32', '-16', '0', '1'], g = [8, -24, 32, -16, 0, 1])
2022-01-11 15:14:59,348 INFO: Computing MW group (delta = ['1'], g = [8, -24, 32, -16, 0, 1])...
2022-01-11 15:15:57,448 INFO: Finished MW computation (delta = ['1'], g = [8, -24, 32, -16, 0, 1])
2022-01-11 15:15:57,452 INFO: Reducing MW generators...
2022-01-11 15:16:00,497 INFO: Finished reducing MW generators.
2022-01-11 15:16:00,499 INFO: Tasks complete. Recording data and exiting.
2022-01-14 09:07:41,181 INFO: Loaded curve data from file.
2022-01-14 09:07:41,182 INFO: Running elliptic Chabauty (delta = ['8', '-25', '33', '-16', '0', '1'], g = [8, -24, 32, -16, 0, 1])...
2022-01-14 09:07:50,577 INFO: Chabauty completed successfully (delta = ['8', '-25', '33', '-16', '0', '1'], g = [8, -24, 32, -16, 0, 1]).
2022-01-14 09:07:50,581 INFO: Running elliptic Chabauty (delta = ['64', '-192', '257', '-129', '0', '8'], g = [8, -24, 32, -16, 0, 1])...
2022-01-14 09:08:09,363 INFO: Chabauty completed successfully (delta = ['64', '-192', '257', '-129', '0', '8'], g = [8, -24, 32, -16, 0, 1]).
2022-01-14 09:08:09,366 INFO: Running elliptic Chabauty (delta = ['8', '-25', '32', '-16', '0', '1'], g = [8, -24, 32, -16, 0, 1])...
2022-01-14 09:08:18,590 INFO: Chabauty completed successfully (delta = ['8', '-25', '32', '-16', '0', '1'], g = [8, -24, 32, -16, 0, 1]).
2022-01-14 09:08:18,594 INFO: Running elliptic Chabauty (delta = ['1'], g = [8, -24, 32, -16, 0, 1])...
2022-01-14 09:09:00,652 INFO: Chabauty completed successfully (delta = ['1'], g = [8, -24, 32, -16, 0, 1]).
2022-01-14 09:09:00,865 INFO: Rational points successfully computed.
2022-01-14 09:09:00,868 INFO: Tasks complete. Recording data and exiting.
2022-02-12 17:41:52,683 INFO: Loaded curve data from file.
2022-02-12 17:41:52,684 INFO: Computing elliptic Chabauty map... (delta = ['8', '-25', '33', '-16', '0', '1'], g = [8, -24, 32, -16, 0, 1])
2022-02-12 17:42:03,735 INFO: Elliptic Chabauty map computed. (delta = ['8', '-25', '33', '-16', '0', '1'], g = [8, -24, 32, -16, 0, 1])
2022-02-12 17:42:03,738 INFO: Computing elliptic Chabauty map... (delta = ['64', '-192', '257', '-129', '0', '8'], g = [8, -24, 32, -16, 0, 1])
2022-02-12 17:42:14,499 INFO: Elliptic Chabauty map computed. (delta = ['64', '-192', '257', '-129', '0', '8'], g = [8, -24, 32, -16, 0, 1])
2022-02-12 17:42:14,502 INFO: Computing elliptic Chabauty map... (delta = ['8', '-25', '32', '-16', '0', '1'], g = [8, -24, 32, -16, 0, 1])
2022-02-12 17:42:25,691 INFO: Elliptic Chabauty map computed. (delta = ['8', '-25', '32', '-16', '0', '1'], g = [8, -24, 32, -16, 0, 1])
2022-02-12 17:42:25,694 INFO: Computing elliptic Chabauty map... (delta = ['1'], g = [8, -24, 32, -16, 0, 1])
2022-02-12 17:42:36,600 INFO: Elliptic Chabauty map computed. (delta = ['1'], g = [8, -24, 32, -16, 0, 1])
2022-02-12 17:42:36,604 INFO: Tasks complete. Recording data and exiting.
