2022-01-11 12:29:17,760 INFO: Initialized curve data.
2022-01-11 12:29:17,766 INFO: Setting up initial twist data...
2022-01-11 12:29:18,801 INFO: Twist setup complete.
2022-01-11 12:29:18,801 INFO: Searching for rational points on each twist...
2022-01-11 12:29:20,514 INFO: Finished searching for rational points on each twist.
2022-01-11 12:29:20,514 INFO: Testing local solvability of twists...
2022-01-11 12:29:20,521 INFO: Finished local solvability testing.
2022-01-11 12:29:20,522 INFO: Computing elliptic curve a-invariants...
2022-01-11 12:29:35,492 INFO: Finished computation of a-invariants.
2022-01-11 12:29:35,493 INFO: Computing MW group (delta = ['-4', '-4', '9', '6', '0', '-1'], g = [4, 5, -8, -6, 0, 1])...
2022-01-11 12:30:16,457 INFO: Finished MW computation (delta = ['-4', '-4', '9', '6', '0', '-1'], g = [4, 5, -8, -6, 0, 1])
2022-01-11 12:30:16,459 INFO: Computing MW group (delta = ['1'], g = [4, 5, -8, -6, 0, 1])...
2022-01-11 12:31:10,019 INFO: Finished MW computation (delta = ['1'], g = [4, 5, -8, -6, 0, 1])
2022-01-11 12:31:10,022 INFO: Computing MW group (delta = ['-16', '-20', '31', '23', '0', '-4'], g = [4, 5, -8, -6, 0, 1])...
2022-01-11 12:31:31,205 INFO: Finished MW computation (delta = ['-16', '-20', '31', '23', '0', '-4'], g = [4, 5, -8, -6, 0, 1])
2022-01-11 12:31:31,207 INFO: Computing MW group (delta = ['4', '4', '-8', '-6', '0', '1'], g = [4, 5, -8, -6, 0, 1])...
2022-01-11 12:32:20,505 INFO: Finished MW computation (delta = ['4', '4', '-8', '-6', '0', '1'], g = [4, 5, -8, -6, 0, 1])
2022-01-11 12:32:20,509 INFO: Reducing MW generators...
2022-01-11 12:32:22,534 INFO: Finished reducing MW generators.
2022-01-11 12:32:22,536 INFO: Tasks complete. Recording data and exiting.
