2022-02-01 12:30:31,660 INFO: Initialized curve data.
2022-02-01 12:30:31,668 INFO: Setting up initial twist data...
2022-02-01 12:30:32,846 INFO: Twist setup complete.
2022-02-01 12:30:32,846 INFO: Searching for rational points on each twist...
2022-02-01 12:30:35,238 INFO: Finished searching for rational points on each twist.
2022-02-01 12:30:35,238 INFO: Testing local solvability of twists...
2022-02-01 12:30:35,252 INFO: Finished local solvability testing.
2022-02-01 12:30:35,253 INFO: Computing elliptic curve a-invariants...
2022-02-01 12:30:51,649 INFO: Finished computation of a-invariants.
2022-02-01 12:30:51,651 INFO: Computing MW group (delta = ['-4', '-3', '3', '-2', '13', '-8'], g = [4, 4, -4, 1, -12, 8])...
2022-02-01 12:38:30,149 INFO: Finished MW computation (delta = ['-4', '-3', '3', '-2', '13', '-8'], g = [4, 4, -4, 1, -12, 8])
2022-02-01 12:38:30,155 INFO: Computing MW group (delta = ['-1', '0', '1'], g = [4, 4, -4, 1, -12, 8])...
2022-02-01 12:41:57,129 INFO: Finished MW computation (delta = ['-1', '0', '1'], g = [4, 4, -4, 1, -12, 8])
2022-02-01 12:41:57,133 INFO: Computing MW group (delta = ['4', '3', '-3', '1', '-12', '8'], g = [4, 4, -4, 1, -12, 8])...
2022-02-01 12:45:01,005 INFO: Finished MW computation (delta = ['4', '3', '-3', '1', '-12', '8'], g = [4, 4, -4, 1, -12, 8])
2022-02-01 12:45:01,008 INFO: Computing MW group (delta = ['1'], g = [4, 4, -4, 1, -12, 8])...
2022-02-01 12:49:11,983 INFO: Finished MW computation (delta = ['1'], g = [4, 4, -4, 1, -12, 8])
2022-02-01 12:49:11,988 INFO: Reducing MW generators...
2022-02-01 12:49:15,300 INFO: Finished reducing MW generators.
2022-02-01 12:49:15,304 INFO: Tasks complete. Recording data and exiting.
