2022-01-11 15:10:17,294 INFO: Initialized curve data.
2022-01-11 15:10:17,300 INFO: Setting up initial twist data...
2022-01-11 15:10:18,536 INFO: Twist setup complete.
2022-01-11 15:10:18,536 INFO: Searching for rational points on each twist...
2022-01-11 15:10:20,564 INFO: Finished searching for rational points on each twist.
2022-01-11 15:10:20,564 INFO: Testing local solvability of twists...
2022-01-11 15:10:35,980 INFO: Finished local solvability testing.
2022-01-11 15:10:35,981 INFO: Computing elliptic curve a-invariants...
2022-01-11 15:10:49,432 INFO: Finished computation of a-invariants.
2022-01-11 15:10:49,434 INFO: Computing MW group (delta = ['1'], g = [4, -11, 10, -9, 2, 1])...
2022-01-11 15:14:28,798 INFO: Finished MW computation (delta = ['1'], g = [4, -11, 10, -9, 2, 1])
2022-01-11 15:14:28,800 INFO: Computing MW group (delta = ['4', '-12', '10', '-9', '2', '1'], g = [4, -11, 10, -9, 2, 1])...
2022-01-11 15:19:07,794 INFO: Finished MW computation (delta = ['4', '-12', '10', '-9', '2', '1'], g = [4, -11, 10, -9, 2, 1])
2022-01-11 15:19:07,798 INFO: Skipped MW computation because no base point (delta = ['1/2', '-1'])
2022-01-11 15:19:07,798 INFO: Computing MW group (delta = ['2', '-6', '6', '-9/2', '1', '1/2'], g = [4, -11, 10, -9, 2, 1])...
2022-01-11 15:24:04,602 INFO: Finished MW computation (delta = ['2', '-6', '6', '-9/2', '1', '1/2'], g = [4, -11, 10, -9, 2, 1])
2022-01-11 15:24:04,606 INFO: Reducing MW generators...
2022-01-11 15:24:08,904 INFO: Finished reducing MW generators.
2022-01-11 15:24:08,906 INFO: Tasks complete. Recording data and exiting.
2022-01-14 09:07:30,052 INFO: Loaded curve data from file.
2022-01-14 09:07:30,053 INFO: Running elliptic Chabauty (delta = ['1'], g = [4, -11, 10, -9, 2, 1])...
2022-01-14 09:08:01,231 INFO: Chabauty completed successfully (delta = ['1'], g = [4, -11, 10, -9, 2, 1]).
2022-01-14 09:08:01,235 INFO: Skipped Chabauty because MW group hasn't been provably computed. (delta = ['4', '-12', '10', '-9', '2', '1'], g = [4, -11, 10, -9, 2, 1])
2022-01-14 09:08:01,235 INFO: Skipped Chabauty because no base point (delta = ['1/2', '-1'])
2022-01-14 09:08:01,235 INFO: Skipped Chabauty because MW group hasn't been provably computed. (delta = ['2', '-6', '6', '-9/2', '1', '1/2'], g = [4, -11, 10, -9, 2, 1])
2022-01-14 09:08:01,312 INFO: Tasks complete. Recording data and exiting.
2022-02-12 17:02:22,103 INFO: Loaded curve data from file.
2022-02-12 17:02:22,104 INFO: Computing elliptic Chabauty map... (delta = ['1'], g = [4, -11, 10, -9, 2, 1])
2022-02-12 17:02:37,780 INFO: Elliptic Chabauty map computed. (delta = ['1'], g = [4, -11, 10, -9, 2, 1])
2022-02-12 17:02:37,782 INFO: Computing elliptic Chabauty map... (delta = ['4', '-12', '10', '-9', '2', '1'], g = [4, -11, 10, -9, 2, 1])
2022-02-12 17:02:53,099 INFO: Elliptic Chabauty map computed. (delta = ['4', '-12', '10', '-9', '2', '1'], g = [4, -11, 10, -9, 2, 1])
2022-02-12 17:02:53,102 INFO: Computing elliptic Chabauty map... (delta = ['2', '-6', '6', '-9/2', '1', '1/2'], g = [4, -11, 10, -9, 2, 1])
2022-02-12 17:03:08,619 INFO: Elliptic Chabauty map computed. (delta = ['2', '-6', '6', '-9/2', '1', '1/2'], g = [4, -11, 10, -9, 2, 1])
2022-02-12 17:03:08,622 INFO: Tasks complete. Recording data and exiting.
