2022-01-01 12:50:35,611 INFO: Initialized curve data.
2022-01-01 12:50:35,614 INFO: Setting up initial twist data...
2022-01-01 12:50:36,855 INFO: Twist setup complete.
2022-01-01 12:50:36,855 INFO: Searching for rational points on each twist...
2022-01-01 12:50:37,814 INFO: Finished searching for rational points on each twist.
2022-01-01 12:50:37,814 INFO: Testing local solvability of twists...
2022-01-01 12:50:37,819 INFO: Finished local solvability testing.
2022-01-01 12:50:37,821 INFO: Computing elliptic curve a-invariants...
2022-01-01 12:50:59,085 INFO: Finished computation of a-invariants.
2022-01-01 12:50:59,087 INFO: Computing MW group (delta = ['-1/2', '1/2', '1'], g = [-4, 5, 12, -8, -8, 4])...
2022-01-01 12:51:35,186 INFO: Finished MW computation (delta = ['-1/2', '1/2', '1'], g = [-4, 5, 12, -8, -8, 4])
2022-01-01 12:51:35,189 INFO: Computing MW group (delta = ['-4', '4', '12', '-8', '-8', '4'], g = [-4, 5, 12, -8, -8, 4])...
2022-01-01 12:52:32,299 INFO: Finished MW computation (delta = ['-4', '4', '12', '-8', '-8', '4'], g = [-4, 5, 12, -8, -8, 4])
2022-01-01 12:52:32,302 INFO: Computing MW group (delta = ['1'], g = [-4, 5, 12, -8, -8, 4])...
2022-01-01 12:57:44,817 INFO: Finished MW computation (delta = ['1'], g = [-4, 5, 12, -8, -8, 4])
2022-01-01 12:57:44,819 INFO: Computing MW group (delta = ['2', '-2', '-13/2', '3', '4', '-2'], g = [-4, 5, 12, -8, -8, 4])...
2022-01-01 12:59:24,383 INFO: Finished MW computation (delta = ['2', '-2', '-13/2', '3', '4', '-2'], g = [-4, 5, 12, -8, -8, 4])
2022-01-01 12:59:24,386 INFO: Obstruction found to provably computing rational points. Exiting.
2022-01-03 13:14:58,000 INFO: Obsolete "loc_solv_error" keys removed.
2022-01-10 22:39:04,203 INFO: Loaded curve data from file.
2022-01-10 22:39:04,203 INFO: Obstruction already found. Exiting.
2022-02-12 17:13:20,399 INFO: Loaded curve data from file.
2022-02-12 17:13:20,399 INFO: Computing elliptic Chabauty map... (delta = ['-1/2', '1/2', '1'], g = [-4, 5, 12, -8, -8, 4])
2022-02-12 17:13:38,731 INFO: Elliptic Chabauty map computed. (delta = ['-1/2', '1/2', '1'], g = [-4, 5, 12, -8, -8, 4])
2022-02-12 17:13:38,734 INFO: Computing elliptic Chabauty map... (delta = ['-4', '4', '12', '-8', '-8', '4'], g = [-4, 5, 12, -8, -8, 4])
2022-02-12 17:13:56,888 INFO: Elliptic Chabauty map computed. (delta = ['-4', '4', '12', '-8', '-8', '4'], g = [-4, 5, 12, -8, -8, 4])
2022-02-12 17:13:56,891 INFO: Computing elliptic Chabauty map... (delta = ['1'], g = [-4, 5, 12, -8, -8, 4])
2022-02-12 17:14:15,100 INFO: Elliptic Chabauty map computed. (delta = ['1'], g = [-4, 5, 12, -8, -8, 4])
2022-02-12 17:14:15,103 INFO: Computing elliptic Chabauty map... (delta = ['2', '-2', '-13/2', '3', '4', '-2'], g = [-4, 5, 12, -8, -8, 4])
2022-02-12 17:14:33,505 INFO: Elliptic Chabauty map computed. (delta = ['2', '-2', '-13/2', '3', '4', '-2'], g = [-4, 5, 12, -8, -8, 4])
2022-02-12 17:14:33,508 INFO: Tasks complete. Recording data and exiting.
