2022-01-11 15:10:14,115 INFO: Initialized curve data.
2022-01-11 15:10:14,117 INFO: Setting up initial twist data...
2022-01-11 15:10:15,061 INFO: Twist setup complete.
2022-01-11 15:10:15,061 INFO: Searching for rational points on each twist...
2022-01-11 15:10:16,629 INFO: Finished searching for rational points on each twist.
2022-01-11 15:10:16,629 INFO: Testing local solvability of twists...
2022-01-11 15:10:16,634 INFO: Finished local solvability testing.
2022-01-11 15:10:16,635 INFO: Computing elliptic curve a-invariants...
2022-01-11 15:10:33,768 INFO: Finished computation of a-invariants.
2022-01-11 15:10:33,770 INFO: Computing MW group (delta = ['-5', '-9', '5', '3', '-1', '1'], g = [-4, -8, 5, 3, -1, 1])...
2022-01-11 15:14:05,406 INFO: Finished MW computation (delta = ['-5', '-9', '5', '3', '-1', '1'], g = [-4, -8, 5, 3, -1, 1])
2022-01-11 15:14:05,411 INFO: Computing MW group (delta = ['-2', '0', '1'], g = [-4, -8, 5, 3, -1, 1])...
2022-01-11 15:15:42,716 INFO: Finished MW computation (delta = ['-2', '0', '1'], g = [-4, -8, 5, 3, -1, 1])
2022-01-11 15:15:42,720 INFO: Computing MW group (delta = ['1'], g = [-4, -8, 5, 3, -1, 1])...
2022-01-11 15:19:54,197 INFO: Finished MW computation (delta = ['1'], g = [-4, -8, 5, 3, -1, 1])
2022-01-11 15:19:54,200 INFO: Computing MW group (delta = ['6', '10', '-6', '-4', '1', '-1'], g = [-4, -8, 5, 3, -1, 1])...
2022-01-11 15:23:53,925 INFO: Finished MW computation (delta = ['6', '10', '-6', '-4', '1', '-1'], g = [-4, -8, 5, 3, -1, 1])
2022-01-11 15:23:53,928 INFO: Reducing MW generators...
2022-01-11 15:23:56,242 INFO: Finished reducing MW generators.
2022-01-11 15:23:56,244 INFO: Tasks complete. Recording data and exiting.
