2022-01-12 12:22:43,626 INFO: Initialized curve data.
2022-01-12 12:22:43,631 INFO: Setting up initial twist data...
2022-01-12 12:22:45,260 INFO: Twist setup complete.
2022-01-12 12:22:45,261 INFO: Searching for rational points on each twist...
2022-01-12 12:22:47,176 INFO: Finished searching for rational points on each twist.
2022-01-12 12:22:47,176 INFO: Testing local solvability of twists...
2022-01-12 12:22:52,226 INFO: Finished local solvability testing.
2022-01-12 12:22:52,227 INFO: Computing elliptic curve a-invariants...
2022-01-12 12:22:57,029 INFO: Finished computation of a-invariants.
2022-01-12 12:22:57,030 INFO: Skipped MW computation because no base point (delta = ['1', '0', '1'])
2022-01-12 12:22:57,031 INFO: Computing MW group (delta = ['1/2', '-1/2', '3/2', '-1/2', '1'], g = [-4, 7, -6, 11, 0, 4])...
2022-01-14 11:32:28,490 INFO: Loaded curve data from file.
2022-01-14 11:32:28,490 INFO: Reducing MW generators...
2022-01-14 11:32:28,490 INFO: Finished reducing MW generators.
2022-01-14 11:32:28,492 INFO: Skipped Chabauty because no base point (delta = ['1', '0', '1'])
2022-01-14 11:32:28,492 INFO: Skipped Chabauty because MW generators haven't been computed. (delta = ['1/2', '-1/2', '3/2', '-1/2', '1'], g = [-4, 7, -6, 11, 0, 4])
2022-01-14 11:32:28,492 INFO: Skipped Chabauty because no base point (delta = ['1/2', '-1/2', '1'])
2022-01-14 11:32:28,492 INFO: Skipped Chabauty because MW generators haven't been computed. (delta = ['1'], g = [-4, 7, -6, 11, 0, 4])
2022-01-14 11:32:28,549 INFO: Tasks complete. Recording data and exiting.
2022-02-12 16:49:26,200 INFO: Loaded curve data from file.
2022-02-12 16:49:26,200 INFO: Computing elliptic Chabauty map... (delta = ['1/2', '-1/2', '3/2', '-1/2', '1'], g = [-4, 7, -6, 11, 0, 4])
2022-02-12 16:49:34,589 INFO: Elliptic Chabauty map computed. (delta = ['1/2', '-1/2', '3/2', '-1/2', '1'], g = [-4, 7, -6, 11, 0, 4])
2022-02-12 16:49:34,590 INFO: Computing elliptic Chabauty map... (delta = ['1'], g = [-4, 7, -6, 11, 0, 4])
2022-02-12 16:49:42,692 INFO: Elliptic Chabauty map computed. (delta = ['1'], g = [-4, 7, -6, 11, 0, 4])
2022-02-12 16:49:42,694 INFO: Tasks complete. Recording data and exiting.
