2022-02-01 12:30:13,955 INFO: Initialized curve data.
2022-02-01 12:30:13,959 INFO: Setting up initial twist data...
2022-02-01 12:30:15,697 INFO: Twist setup complete.
2022-02-01 12:30:15,698 INFO: Searching for rational points on each twist...
2022-02-01 12:30:20,874 INFO: Finished searching for rational points on each twist.
2022-02-01 12:30:20,874 INFO: Testing local solvability of twists...
2022-02-01 12:30:30,053 INFO: Finished local solvability testing.
2022-02-01 12:30:30,056 INFO: Computing elliptic curve a-invariants...
2022-02-01 12:30:38,601 INFO: Finished computation of a-invariants.
2022-02-01 12:30:38,603 INFO: Computing MW group (delta = ['4', '23', '6', '-60', '14', '45'], g = [1, 1])...
2022-02-01 12:30:39,251 INFO: Finished MW computation (delta = ['4', '23', '6', '-60', '14', '45'], g = [1, 1])
2022-02-01 12:30:39,254 INFO: Computing MW group (delta = ['4', '23', '6', '-60', '14', '45'], g = [4, 4, -12, 1, 9])...
2022-02-01 12:33:38,918 INFO: Finished MW computation (delta = ['4', '23', '6', '-60', '14', '45'], g = [4, 4, -12, 1, 9])
2022-02-01 12:33:38,927 INFO: Skipped MW computation because no base point (delta = ['2', '11/2', '-7/2', '-25/2', '11/2', '9'])
2022-02-01 12:33:38,927 INFO: Computing MW group (delta = ['1/2', '7/2', '3', '-6', '1/2', '9/2'], g = [1, 1])...
2022-02-01 12:33:39,403 INFO: Finished MW computation (delta = ['1/2', '7/2', '3', '-6', '1/2', '9/2'], g = [1, 1])
2022-02-01 12:33:39,406 INFO: Computing MW group (delta = ['1/2', '7/2', '3', '-6', '1/2', '9/2'], g = [4, 4, -12, 1, 9])...
2022-02-01 14:26:34,048 INFO: Finished MW computation (delta = ['1/2', '7/2', '3', '-6', '1/2', '9/2'], g = [4, 4, -12, 1, 9])
2022-02-01 14:26:34,055 INFO: Computing MW group (delta = ['1'], g = [1, 1])...
2022-02-01 14:26:34,497 INFO: Finished MW computation (delta = ['1'], g = [1, 1])
2022-02-01 14:26:34,500 INFO: Computing MW group (delta = ['1'], g = [4, 4, -12, 1, 9])...
2022-02-02 04:42:38,606 INFO: Loaded curve data from file.
2022-02-02 04:42:38,607 INFO: Reducing MW generators...
2022-02-02 04:42:39,105 INFO: Finished reducing MW generators.
2022-02-02 04:42:39,130 INFO: Running elliptic Chabauty (delta = ['4', '23', '6', '-60', '14', '45'], g = [4, 4, -12, 1, 9])...
2022-02-02 04:42:53,349 INFO: Chabauty completed successfully (delta = ['4', '23', '6', '-60', '14', '45'], g = [4, 4, -12, 1, 9]).
2022-02-02 04:42:53,352 INFO: Skipped Chabauty because twist points already verified. (delta = ['4', '23', '6', '-60', '14', '45'])
2022-02-02 04:42:53,352 INFO: Skipped Chabauty because no base point (delta = ['2', '11/2', '-7/2', '-25/2', '11/2', '9'])
2022-02-02 04:42:53,352 INFO: Skipped Chabauty because MW group hasn't been provably computed. (delta = ['1/2', '7/2', '3', '-6', '1/2', '9/2'], g = [4, 4, -12, 1, 9])
2022-02-02 04:42:53,352 INFO: Skipped Chabauty because rank >= degree(g). (delta = ['1/2', '7/2', '3', '-6', '1/2', '9/2'], g = [1, 1])
2022-02-02 04:42:53,352 INFO: Skipped Chabauty because rank >= degree(g). (delta = ['1'], g = [1, 1])
2022-02-02 04:42:53,352 INFO: Skipped Chabauty because MW generators haven't been computed. (delta = ['1'], g = [4, 4, -12, 1, 9])
2022-02-02 04:42:53,353 INFO: Skipped Chabauty because MW generators haven't been computed. (delta = ['-2', '9/2', '14', '-16', '-2', '27/2'], g = [1, 1])
2022-02-02 04:42:53,353 INFO: Skipped Chabauty because MW generators haven't been computed. (delta = ['-2', '9/2', '14', '-16', '-2', '27/2'], g = [4, 4, -12, 1, 9])
2022-02-02 04:42:53,353 INFO: Skipped Chabauty because no base point (delta = ['-1', '3', '4', '-12', '1', '9'])
2022-02-02 04:42:53,353 INFO: Skipped Chabauty because MW generators haven't been computed. (delta = ['-4', '-3', '13', '-1', '-9'], g = [1, 1])
2022-02-02 04:42:53,353 INFO: Skipped Chabauty because MW generators haven't been computed. (delta = ['-4', '-3', '13', '-1', '-9'], g = [4, 4, -12, 1, 9])
2022-02-02 04:42:53,353 INFO: Skipped Chabauty because MW generators haven't been computed. (delta = ['-1/2', '-1'], g = [1, 1])
2022-02-02 04:42:53,353 INFO: Skipped Chabauty because MW generators haven't been computed. (delta = ['-1/2', '-1'], g = [4, 4, -12, 1, 9])
2022-02-02 04:42:53,504 INFO: Tasks complete. Recording data and exiting.
