2022-01-11 15:10:21,165 INFO: Initialized curve data.
2022-01-11 15:10:21,171 INFO: Setting up initial twist data...
2022-01-11 15:10:22,326 INFO: Twist setup complete.
2022-01-11 15:10:22,326 INFO: Searching for rational points on each twist...
2022-01-11 15:10:25,292 INFO: Finished searching for rational points on each twist.
2022-01-11 15:10:25,293 INFO: Testing local solvability of twists...
2022-01-11 15:10:40,736 INFO: Finished local solvability testing.
2022-01-11 15:10:40,737 INFO: Computing elliptic curve a-invariants...
2022-01-11 15:10:43,820 INFO: Finished computation of a-invariants.
2022-01-11 15:10:43,822 INFO: Skipped MW computation because no base point (delta = ['8', '7', '-41/2', '-43/2', '4', '6'])
2022-01-11 15:10:43,822 INFO: Skipped MW computation because no base point (delta = ['-8', '-5/3', '49/2', '59/6', '-91/6', '-8'])
2022-01-11 15:10:43,822 INFO: Computing MW group (delta = ['-8', '1', '29', '7', '-24', '-12'], g = [-2, 1, 2])...
2022-01-11 15:10:44,839 INFO: Finished MW computation (delta = ['-8', '1', '29', '7', '-24', '-12'], g = [-2, 1, 2])
2022-01-11 15:10:44,842 INFO: Computing MW group (delta = ['-8', '1', '29', '7', '-24', '-12'], g = [-4, -2, 9, 6])...
2022-01-11 15:10:48,477 INFO: Finished MW computation (delta = ['-8', '1', '29', '7', '-24', '-12'], g = [-4, -2, 9, 6])
2022-01-11 15:10:48,479 INFO: Skipped MW computation because no base point (delta = ['-1', '0', '1'])
2022-01-11 15:10:48,479 INFO: Skipped MW computation because no base point (delta = ['-1', '17/2', '5', '-18', '-12'])
2022-01-11 15:10:48,479 INFO: Computing MW group (delta = ['1', '-1/2', '-6', '-3/2', '10', '6'], g = [-2, 1, 2])...
2022-01-11 15:10:49,416 INFO: Finished MW computation (delta = ['1', '-1/2', '-6', '-3/2', '10', '6'], g = [-2, 1, 2])
2022-01-11 15:10:49,419 INFO: Computing MW group (delta = ['1', '-1/2', '-6', '-3/2', '10', '6'], g = [-4, -2, 9, 6])...
2022-01-11 15:10:51,409 INFO: Finished MW computation (delta = ['1', '-1/2', '-6', '-3/2', '10', '6'], g = [-4, -2, 9, 6])
2022-01-11 15:10:51,411 INFO: Computing MW group (delta = ['1'], g = [-2, 1, 2])...
2022-01-11 15:10:54,004 INFO: Finished MW computation (delta = ['1'], g = [-2, 1, 2])
2022-01-11 15:10:54,007 INFO: Computing MW group (delta = ['1'], g = [-4, -2, 9, 6])...
2022-01-11 15:11:02,760 INFO: Finished MW computation (delta = ['1'], g = [-4, -2, 9, 6])
2022-01-11 15:11:02,763 INFO: Unable to use elliptic Chabauty on twist (delta = ['1'])
2022-01-11 15:11:02,765 INFO: Obstruction found to provably computing rational points. Exiting.
