2022-01-01 12:50:38,592 INFO: Initialized curve data.
2022-01-01 12:50:38,617 INFO: Setting up initial twist data...
2022-01-01 12:50:39,874 INFO: Twist setup complete.
2022-01-01 12:50:39,874 INFO: Searching for rational points on each twist...
2022-01-01 12:50:40,836 INFO: Finished searching for rational points on each twist.
2022-01-01 12:50:40,837 INFO: Testing local solvability of twists...
2022-01-01 12:50:47,171 INFO: Finished local solvability testing.
2022-01-01 12:50:47,172 INFO: Computing elliptic curve a-invariants...
2022-01-01 12:51:01,243 INFO: Finished computation of a-invariants.
2022-01-01 12:51:01,245 INFO: Computing MW group (delta = ['1', '-5', '1'], g = [4, 0, -100, 65, -14, 1])...
2022-01-01 12:52:07,394 INFO: Finished MW computation (delta = ['1', '-5', '1'], g = [4, 0, -100, 65, -14, 1])
2022-01-01 12:52:07,397 INFO: Computing MW group (delta = ['1'], g = [4, 0, -100, 65, -14, 1])...
2022-01-01 12:53:33,990 INFO: Finished MW computation (delta = ['1'], g = [4, 0, -100, 65, -14, 1])
2022-01-01 12:53:33,992 INFO: Skipped MW computation because no base point (delta = ['4', '-1', '-95', '64', '-14', '1'])
2022-01-01 12:53:33,992 INFO: Computing MW group (delta = ['4', '-1', '-100', '65', '-14', '1'], g = [4, 0, -100, 65, -14, 1])...
2022-01-01 12:55:07,958 INFO: Finished MW computation (delta = ['4', '-1', '-100', '65', '-14', '1'], g = [4, 0, -100, 65, -14, 1])
2022-01-01 12:55:07,961 INFO: Obstruction found to provably computing rational points. Exiting.
2022-01-03 13:14:57,000 INFO: Obsolete "loc_solv_error" keys removed.
2022-01-10 22:39:01,802 INFO: Loaded curve data from file.
2022-01-10 22:39:01,802 INFO: Obstruction already found. Exiting.
2022-02-12 16:48:29,371 INFO: Loaded curve data from file.
2022-02-12 16:48:29,371 INFO: Computing elliptic Chabauty map... (delta = ['1', '-5', '1'], g = [4, 0, -100, 65, -14, 1])
2022-02-12 16:48:45,228 INFO: Elliptic Chabauty map computed. (delta = ['1', '-5', '1'], g = [4, 0, -100, 65, -14, 1])
2022-02-12 16:48:45,231 INFO: Computing elliptic Chabauty map... (delta = ['1'], g = [4, 0, -100, 65, -14, 1])
2022-02-12 16:49:01,029 INFO: Elliptic Chabauty map computed. (delta = ['1'], g = [4, 0, -100, 65, -14, 1])
2022-02-12 16:49:01,032 INFO: Computing elliptic Chabauty map... (delta = ['4', '-1', '-100', '65', '-14', '1'], g = [4, 0, -100, 65, -14, 1])
2022-02-12 16:49:16,717 INFO: Elliptic Chabauty map computed. (delta = ['4', '-1', '-100', '65', '-14', '1'], g = [4, 0, -100, 65, -14, 1])
2022-02-12 16:49:16,720 INFO: Tasks complete. Recording data and exiting.
