2022-01-13 21:54:43,359 INFO: Initialized curve data.
2022-01-13 21:54:43,361 INFO: Setting up initial twist data...
2022-01-13 21:54:44,441 INFO: Twist setup complete.
2022-01-13 21:54:44,441 INFO: Searching for rational points on each twist...
2022-01-13 21:54:45,688 INFO: Finished searching for rational points on each twist.
2022-01-13 21:54:45,688 INFO: Testing local solvability of twists...
2022-01-13 21:54:54,533 INFO: Finished local solvability testing.
2022-01-13 21:54:54,535 INFO: Computing elliptic curve a-invariants...
2022-01-13 21:54:57,562 INFO: Finished computation of a-invariants.
2022-01-13 21:54:57,563 INFO: Skipped MW computation because no base point (delta = ['1', '-1', '1'])
2022-01-13 21:54:57,563 INFO: Skipped MW computation because no base point (delta = ['-4', '0', '-3', '3', '-4', '4'])
2022-01-13 21:54:57,563 INFO: Computing MW group (delta = ['1'], g = [-4, 1, -4, 4, -4, 4])...
2022-01-14 11:35:19,781 INFO: Loaded curve data from file.
2022-01-14 11:35:19,782 INFO: Reducing MW generators...
2022-01-14 11:35:19,782 INFO: Finished reducing MW generators.
2022-01-14 11:35:19,789 INFO: Skipped Chabauty because no base point (delta = ['1', '-1', '1'])
2022-01-14 11:35:19,789 INFO: Skipped Chabauty because no base point (delta = ['-4', '0', '-3', '3', '-4', '4'])
2022-01-14 11:35:19,789 INFO: Skipped Chabauty because MW generators haven't been computed. (delta = ['1'], g = [-4, 1, -4, 4, -4, 4])
2022-01-14 11:35:19,789 INFO: Skipped Chabauty because MW generators haven't been computed. (delta = ['-4', '0', '-4', '4', '-4', '4'], g = [-4, 1, -4, 4, -4, 4])
2022-01-14 11:35:19,856 INFO: Tasks complete. Recording data and exiting.
