2022-02-01 12:30:33,109 INFO: Initialized curve data.
2022-02-01 12:30:33,116 INFO: Setting up initial twist data...
2022-02-01 12:30:34,606 INFO: Twist setup complete.
2022-02-01 12:30:34,606 INFO: Searching for rational points on each twist...
2022-02-01 12:30:36,704 INFO: Finished searching for rational points on each twist.
2022-02-01 12:30:36,704 INFO: Testing local solvability of twists...
2022-02-01 12:30:36,712 INFO: Finished local solvability testing.
2022-02-01 12:30:36,714 INFO: Computing elliptic curve a-invariants...
2022-02-01 12:30:53,612 INFO: Finished computation of a-invariants.
2022-02-01 12:30:53,614 INFO: Computing MW group (delta = ['2', '-27/2', '11', '-1/2', '-3', '-1/2'], g = [-4, 28, -20, 1, 6, 1])...
2022-02-01 12:42:27,231 INFO: Finished MW computation (delta = ['2', '-27/2', '11', '-1/2', '-3', '-1/2'], g = [-4, 28, -20, 1, 6, 1])
2022-02-01 12:42:27,234 INFO: Computing MW group (delta = ['-4', '27', '-20', '1', '6', '1'], g = [-4, 28, -20, 1, 6, 1])...
2022-02-01 12:47:21,776 INFO: Finished MW computation (delta = ['-4', '27', '-20', '1', '6', '1'], g = [-4, 28, -20, 1, 6, 1])
2022-02-01 12:47:21,779 INFO: Computing MW group (delta = ['1'], g = [-4, 28, -20, 1, 6, 1])...
2022-02-02 04:42:46,170 INFO: Loaded curve data from file.
2022-02-02 04:42:46,170 INFO: Reducing MW generators...
2022-02-02 04:42:46,988 INFO: Finished reducing MW generators.
2022-02-02 04:42:46,992 INFO: Skipped Chabauty because MW group hasn't been provably computed. (delta = ['2', '-27/2', '11', '-1/2', '-3', '-1/2'], g = [-4, 28, -20, 1, 6, 1])
2022-02-02 04:42:46,992 INFO: Running elliptic Chabauty (delta = ['-4', '27', '-20', '1', '6', '1'], g = [-4, 28, -20, 1, 6, 1])...
2022-02-02 04:47:50,267 INFO: Chabauty completed successfully (delta = ['-4', '27', '-20', '1', '6', '1'], g = [-4, 28, -20, 1, 6, 1]).
2022-02-02 04:47:50,269 INFO: Skipped Chabauty because MW generators haven't been computed. (delta = ['1'], g = [-4, 28, -20, 1, 6, 1])
2022-02-02 04:47:50,269 INFO: Skipped Chabauty because MW generators haven't been computed. (delta = ['-1/2', '-1'], g = [-4, 28, -20, 1, 6, 1])
2022-02-02 04:47:50,308 INFO: Tasks complete. Recording data and exiting.
