2022-01-12 12:13:52,735 INFO: Initialized curve data.
2022-01-12 12:13:52,738 INFO: Setting up initial twist data...
2022-01-12 12:13:53,872 INFO: Twist setup complete.
2022-01-12 12:13:53,872 INFO: Searching for rational points on each twist...
2022-01-12 12:13:55,761 INFO: Finished searching for rational points on each twist.
2022-01-12 12:13:55,761 INFO: Testing local solvability of twists...
2022-01-12 12:13:55,767 INFO: Finished local solvability testing.
2022-01-12 12:13:55,768 INFO: Computing elliptic curve a-invariants...
2022-01-12 12:14:10,289 INFO: Finished computation of a-invariants.
2022-01-12 12:14:10,291 INFO: Computing MW group (delta = ['4', '8', '-15', '-16', '12', '8'], g = [4, 9, -16, -16, 12, 8])...
2022-01-14 11:32:10,686 INFO: Loaded curve data from file.
2022-01-14 11:32:10,687 INFO: Reducing MW generators...
2022-01-14 11:32:10,687 INFO: Finished reducing MW generators.
2022-01-14 11:32:10,689 INFO: Skipped Chabauty because MW generators haven't been computed. (delta = ['4', '8', '-15', '-16', '12', '8'], g = [4, 9, -16, -16, 12, 8])
2022-01-14 11:32:10,689 INFO: Skipped Chabauty because MW generators haven't been computed. (delta = ['-1', '0', '1'], g = [4, 9, -16, -16, 12, 8])
2022-01-14 11:32:10,689 INFO: Skipped Chabauty because MW generators haven't been computed. (delta = ['-4', '-8', '15', '15', '-11', '-8'], g = [4, 9, -16, -16, 12, 8])
2022-01-14 11:32:10,689 INFO: Skipped Chabauty because MW generators haven't been computed. (delta = ['1'], g = [4, 9, -16, -16, 12, 8])
2022-01-14 11:32:10,691 INFO: Tasks complete. Recording data and exiting.
2022-02-12 17:21:09,512 INFO: Loaded curve data from file.
2022-02-12 17:21:09,513 INFO: Computing elliptic Chabauty map... (delta = ['4', '8', '-15', '-16', '12', '8'], g = [4, 9, -16, -16, 12, 8])
2022-02-12 17:21:26,432 INFO: Elliptic Chabauty map computed. (delta = ['4', '8', '-15', '-16', '12', '8'], g = [4, 9, -16, -16, 12, 8])
2022-02-12 17:21:26,435 INFO: Computing elliptic Chabauty map... (delta = ['-1', '0', '1'], g = [4, 9, -16, -16, 12, 8])
2022-02-12 17:21:43,048 INFO: Elliptic Chabauty map computed. (delta = ['-1', '0', '1'], g = [4, 9, -16, -16, 12, 8])
2022-02-12 17:21:43,051 INFO: Computing elliptic Chabauty map... (delta = ['-4', '-8', '15', '15', '-11', '-8'], g = [4, 9, -16, -16, 12, 8])
2022-02-12 17:21:59,757 INFO: Elliptic Chabauty map computed. (delta = ['-4', '-8', '15', '15', '-11', '-8'], g = [4, 9, -16, -16, 12, 8])
2022-02-12 17:21:59,759 INFO: Computing elliptic Chabauty map... (delta = ['1'], g = [4, 9, -16, -16, 12, 8])
2022-02-12 17:22:16,367 INFO: Elliptic Chabauty map computed. (delta = ['1'], g = [4, 9, -16, -16, 12, 8])
2022-02-12 17:22:16,370 INFO: Tasks complete. Recording data and exiting.
