2022-01-11 12:34:55,537 INFO: Initialized curve data.
2022-01-11 12:34:55,539 INFO: Setting up initial twist data...
2022-01-11 12:34:56,999 INFO: Twist setup complete.
2022-01-11 12:34:57,000 INFO: Searching for rational points on each twist...
2022-01-11 12:34:59,040 INFO: Finished searching for rational points on each twist.
2022-01-11 12:34:59,040 INFO: Testing local solvability of twists...
2022-01-11 12:34:59,046 INFO: Finished local solvability testing.
2022-01-11 12:34:59,047 INFO: Computing elliptic curve a-invariants...
2022-01-11 12:35:25,585 INFO: Finished computation of a-invariants.
2022-01-11 12:35:25,587 INFO: Computing MW group (delta = ['2', '-25/2', '13', '12', '4', '1/2'], g = [4, -24, 24, 24, 8, 1])...
2022-01-13 17:36:59,428 INFO: Loaded curve data from file.
2022-01-13 17:36:59,428 INFO: Reducing MW generators...
2022-01-13 17:36:59,428 INFO: Finished reducing MW generators.
2022-01-13 17:36:59,429 INFO: Skipped Chabauty because MW generators haven't been computed. (delta = ['2', '-25/2', '13', '12', '4', '1/2'], g = [4, -24, 24, 24, 8, 1])
2022-01-13 17:36:59,429 INFO: Skipped Chabauty because MW generators haven't been computed. (delta = ['1'], g = [4, -24, 24, 24, 8, 1])
2022-01-13 17:36:59,430 INFO: Skipped Chabauty because MW generators haven't been computed. (delta = ['1/2', '-1'], g = [4, -24, 24, 24, 8, 1])
2022-01-13 17:36:59,430 INFO: Skipped Chabauty because MW generators haven't been computed. (delta = ['4', '-25', '24', '24', '8', '1'], g = [4, -24, 24, 24, 8, 1])
2022-01-13 17:36:59,431 INFO: Tasks complete. Recording data and exiting.
2022-02-12 17:42:42,653 INFO: Loaded curve data from file.
2022-02-12 17:42:42,653 INFO: Computing elliptic Chabauty map... (delta = ['2', '-25/2', '13', '12', '4', '1/2'], g = [4, -24, 24, 24, 8, 1])
2022-02-12 17:43:00,445 INFO: Elliptic Chabauty map computed. (delta = ['2', '-25/2', '13', '12', '4', '1/2'], g = [4, -24, 24, 24, 8, 1])
2022-02-12 17:43:00,448 INFO: Computing elliptic Chabauty map... (delta = ['1'], g = [4, -24, 24, 24, 8, 1])
2022-02-12 17:43:18,192 INFO: Elliptic Chabauty map computed. (delta = ['1'], g = [4, -24, 24, 24, 8, 1])
2022-02-12 17:43:18,194 INFO: Computing elliptic Chabauty map... (delta = ['1/2', '-1'], g = [4, -24, 24, 24, 8, 1])
2022-02-12 17:43:35,588 INFO: Elliptic Chabauty map computed. (delta = ['1/2', '-1'], g = [4, -24, 24, 24, 8, 1])
2022-02-12 17:43:35,590 INFO: Computing elliptic Chabauty map... (delta = ['4', '-25', '24', '24', '8', '1'], g = [4, -24, 24, 24, 8, 1])
2022-02-12 17:43:53,167 INFO: Elliptic Chabauty map computed. (delta = ['4', '-25', '24', '24', '8', '1'], g = [4, -24, 24, 24, 8, 1])
2022-02-12 17:43:53,170 INFO: Tasks complete. Recording data and exiting.
