2022-02-01 12:33:53,331 INFO: Initialized curve data.
2022-02-01 12:33:53,337 INFO: Setting up initial twist data...
2022-02-01 12:33:54,354 INFO: Twist setup complete.
2022-02-01 12:33:54,354 INFO: Searching for rational points on each twist...
2022-02-01 12:33:55,990 INFO: Finished searching for rational points on each twist.
2022-02-01 12:33:55,991 INFO: Testing local solvability of twists...
2022-02-01 12:34:14,022 INFO: Finished local solvability testing.
2022-02-01 12:34:14,024 INFO: Computing elliptic curve a-invariants...
2022-02-01 12:34:23,994 INFO: Finished computation of a-invariants.
2022-02-01 12:34:23,995 INFO: Skipped MW computation because no base point (delta = ['4', '27', '20', '12', '6', '1'])
2022-02-01 12:34:23,996 INFO: Computing MW group (delta = ['1', '4', '1'], g = [4, 28, 24, 13, 6, 1])...
2022-02-01 12:37:44,994 INFO: Finished MW computation (delta = ['1', '4', '1'], g = [4, 28, 24, 13, 6, 1])
2022-02-01 12:37:44,997 INFO: Computing MW group (delta = ['4', '27', '24', '13', '6', '1'], g = [4, 28, 24, 13, 6, 1])...
2022-02-01 12:39:06,674 INFO: Finished MW computation (delta = ['4', '27', '24', '13', '6', '1'], g = [4, 28, 24, 13, 6, 1])
2022-02-01 12:39:06,677 INFO: Computing MW group (delta = ['1'], g = [4, 28, 24, 13, 6, 1])...
2022-02-01 12:52:34,537 INFO: Finished MW computation (delta = ['1'], g = [4, 28, 24, 13, 6, 1])
2022-02-01 12:52:34,541 INFO: Reducing MW generators...
2022-02-01 12:52:35,630 INFO: Finished reducing MW generators.
2022-02-01 12:52:35,633 INFO: Tasks complete. Recording data and exiting.
2022-02-02 04:48:21,227 INFO: Loaded curve data from file.
2022-02-02 04:48:21,228 INFO: Skipped Chabauty because no base point (delta = ['4', '27', '20', '12', '6', '1'])
2022-02-02 04:48:21,228 INFO: Skipped Chabauty because MW group hasn't been provably computed. (delta = ['1', '4', '1'], g = [4, 28, 24, 13, 6, 1])
2022-02-02 04:48:21,229 INFO: Skipped Chabauty because MW group hasn't been provably computed. (delta = ['4', '27', '24', '13', '6', '1'], g = [4, 28, 24, 13, 6, 1])
2022-02-02 04:48:21,229 INFO: Running elliptic Chabauty (delta = ['1'], g = [4, 28, 24, 13, 6, 1])...
2022-02-02 04:48:39,913 INFO: Chabauty completed successfully (delta = ['1'], g = [4, 28, 24, 13, 6, 1]).
2022-02-02 04:48:40,042 INFO: Tasks complete. Recording data and exiting.
