2022-01-12 12:14:58,339 INFO: Initialized curve data.
2022-01-12 12:14:58,343 INFO: Setting up initial twist data...
2022-01-12 12:14:59,675 INFO: Twist setup complete.
2022-01-12 12:14:59,675 INFO: Searching for rational points on each twist...
2022-01-12 12:15:01,155 INFO: Finished searching for rational points on each twist.
2022-01-12 12:15:01,155 INFO: Testing local solvability of twists...
2022-01-12 12:15:08,332 INFO: Finished local solvability testing.
2022-01-12 12:15:08,333 INFO: Computing elliptic curve a-invariants...
2022-01-12 12:15:14,102 INFO: Finished computation of a-invariants.
2022-01-12 12:15:14,103 INFO: Skipped MW computation because no base point (delta = ['-1/2', '-1', '1'])
2022-01-12 12:15:14,103 INFO: Computing MW group (delta = ['2', '2', '-1', '-3', '4', '-2'], g = [-4, -3, 4, 4, -8, 4])...
2022-01-12 12:18:06,944 INFO: Finished MW computation (delta = ['2', '2', '-1', '-3', '4', '-2'], g = [-4, -3, 4, 4, -8, 4])
2022-01-12 12:18:06,948 INFO: Unable to use elliptic Chabauty on twist (delta = ['2', '2', '-1', '-3', '4', '-2'])
2022-01-12 12:18:06,950 INFO: Obstruction found to provably computing rational points. Exiting.
2022-01-14 11:32:16,020 INFO: Loaded curve data from file.
2022-01-14 11:32:16,021 INFO: Obstruction already found. Exiting.
2022-02-12 17:28:55,796 INFO: Loaded curve data from file.
2022-02-12 17:28:55,797 INFO: Computing elliptic Chabauty map... (delta = ['2', '2', '-1', '-3', '4', '-2'], g = [-4, -3, 4, 4, -8, 4])
2022-02-12 17:29:09,946 INFO: Elliptic Chabauty map computed. (delta = ['2', '2', '-1', '-3', '4', '-2'], g = [-4, -3, 4, 4, -8, 4])
2022-02-12 17:29:09,948 INFO: Computing elliptic Chabauty map... (delta = ['1'], g = [-4, -3, 4, 4, -8, 4])
2022-02-12 17:29:23,826 INFO: Elliptic Chabauty map computed. (delta = ['1'], g = [-4, -3, 4, 4, -8, 4])
2022-02-12 17:29:23,829 INFO: Computing elliptic Chabauty map... (delta = ['-4', '-4', '4', '4', '-8', '4'], g = [-4, -3, 4, 4, -8, 4])
2022-02-12 17:29:37,653 INFO: Elliptic Chabauty map computed. (delta = ['-4', '-4', '4', '4', '-8', '4'], g = [-4, -3, 4, 4, -8, 4])
2022-02-12 17:29:37,656 INFO: Tasks complete. Recording data and exiting.
