2022-02-01 12:30:11,779 INFO: Initialized curve data.
2022-02-01 12:30:11,783 INFO: Setting up initial twist data...
2022-02-01 12:30:12,772 INFO: Twist setup complete.
2022-02-01 12:30:12,772 INFO: Searching for rational points on each twist...
2022-02-01 12:30:14,410 INFO: Finished searching for rational points on each twist.
2022-02-01 12:30:14,410 INFO: Testing local solvability of twists...
2022-02-01 12:30:38,834 INFO: Finished local solvability testing.
2022-02-01 12:30:38,836 INFO: Computing elliptic curve a-invariants...
2022-02-01 12:30:50,788 INFO: Finished computation of a-invariants.
2022-02-01 12:30:50,789 INFO: Computing MW group (delta = ['4', '15', '-3', '-48', '40', '-7'], g = [-4, -16, 4, 48, -40, 7])...
2022-02-01 15:21:16,094 INFO: Finished MW computation (delta = ['4', '15', '-3', '-48', '40', '-7'], g = [-4, -16, 4, 48, -40, 7])
2022-02-01 15:21:16,100 INFO: Computing MW group (delta = ['1'], g = [-4, -16, 4, 48, -40, 7])...
2022-02-01 15:24:23,399 INFO: Finished MW computation (delta = ['1'], g = [-4, -16, 4, 48, -40, 7])
2022-02-01 15:24:23,403 INFO: Skipped MW computation because no base point (delta = ['4/11', '15/11', '1', '-73/11', '51/11', '-7/11'])
2022-02-01 15:24:23,403 INFO: Computing MW group (delta = ['1/11', '-14/11', '1'], g = [-4, -16, 4, 48, -40, 7])...
2022-02-02 04:42:35,914 INFO: Loaded curve data from file.
2022-02-02 04:42:35,915 INFO: Reducing MW generators...
2022-02-02 04:42:36,776 INFO: Finished reducing MW generators.
2022-02-02 04:42:36,779 INFO: Skipped Chabauty because MW group hasn't been provably computed. (delta = ['4', '15', '-3', '-48', '40', '-7'], g = [-4, -16, 4, 48, -40, 7])
2022-02-02 04:42:36,779 INFO: Skipped Chabauty because MW group hasn't been provably computed. (delta = ['1'], g = [-4, -16, 4, 48, -40, 7])
2022-02-02 04:42:36,779 INFO: Skipped Chabauty because no base point (delta = ['4/11', '15/11', '1', '-73/11', '51/11', '-7/11'])
2022-02-02 04:42:36,779 INFO: Skipped Chabauty because MW generators haven't been computed. (delta = ['1/11', '-14/11', '1'], g = [-4, -16, 4, 48, -40, 7])
2022-02-02 04:42:36,831 INFO: Tasks complete. Recording data and exiting.
