2022-01-12 12:22:05,222 INFO: Initialized curve data.
2022-01-12 12:22:05,226 INFO: Setting up initial twist data...
2022-01-12 12:22:06,342 INFO: Twist setup complete.
2022-01-12 12:22:06,342 INFO: Searching for rational points on each twist...
2022-01-12 12:22:08,240 INFO: Finished searching for rational points on each twist.
2022-01-12 12:22:08,241 INFO: Testing local solvability of twists...
2022-01-12 12:22:08,251 INFO: Finished local solvability testing.
2022-01-12 12:22:08,252 INFO: Computing elliptic curve a-invariants...
2022-01-12 12:22:21,925 INFO: Finished computation of a-invariants.
2022-01-12 12:22:21,927 INFO: Computing MW group (delta = ['4', '3', '-12', '-15', '0', '4'], g = [4, 4, -12, -15, 0, 4])...
2022-01-12 12:25:28,835 INFO: Finished MW computation (delta = ['4', '3', '-12', '-15', '0', '4'], g = [4, 4, -12, -15, 0, 4])
2022-01-12 12:25:28,841 INFO: Computing MW group (delta = ['-16', '-16', '47', '59', '0', '-16'], g = [4, 4, -12, -15, 0, 4])...
2022-01-12 12:27:42,473 INFO: Finished MW computation (delta = ['-16', '-16', '47', '59', '0', '-16'], g = [4, 4, -12, -15, 0, 4])
2022-01-12 12:27:42,478 INFO: Computing MW group (delta = ['1'], g = [4, 4, -12, -15, 0, 4])...
2022-01-14 11:32:26,543 INFO: Loaded curve data from file.
2022-01-14 11:32:26,543 INFO: Reducing MW generators...
2022-01-14 11:32:26,743 INFO: Finished reducing MW generators.
2022-01-14 11:32:26,768 INFO: Running elliptic Chabauty (delta = ['4', '3', '-12', '-15', '0', '4'], g = [4, 4, -12, -15, 0, 4])...
2022-01-14 11:32:37,894 INFO: Chabauty completed successfully (delta = ['4', '3', '-12', '-15', '0', '4'], g = [4, 4, -12, -15, 0, 4]).
2022-01-14 11:32:37,895 INFO: Skipped Chabauty because MW group hasn't been provably computed. (delta = ['-16', '-16', '47', '59', '0', '-16'], g = [4, 4, -12, -15, 0, 4])
2022-01-14 11:32:37,895 INFO: Skipped Chabauty because MW generators haven't been computed. (delta = ['1'], g = [4, 4, -12, -15, 0, 4])
2022-01-14 11:32:37,896 INFO: Skipped Chabauty because MW generators haven't been computed. (delta = ['-4', '-3', '13', '15', '0', '-4'], g = [4, 4, -12, -15, 0, 4])
2022-01-14 11:32:37,931 INFO: Tasks complete. Recording data and exiting.
