2022-02-01 12:30:11,941 INFO: Initialized curve data.
2022-02-01 12:30:11,944 INFO: Setting up initial twist data...
2022-02-01 12:30:13,208 INFO: Twist setup complete.
2022-02-01 12:30:13,209 INFO: Searching for rational points on each twist...
2022-02-01 12:30:15,020 INFO: Finished searching for rational points on each twist.
2022-02-01 12:30:15,020 INFO: Testing local solvability of twists...
2022-02-01 12:30:15,027 INFO: Finished local solvability testing.
2022-02-01 12:30:15,028 INFO: Computing elliptic curve a-invariants...
2022-02-01 12:30:28,871 INFO: Finished computation of a-invariants.
2022-02-01 12:30:28,875 INFO: Computing MW group (delta = ['4', '-20', '20', '2', '4', '1'], g = [4, -19, 20, 2, 4, 1])...
2022-02-02 04:42:33,330 INFO: Loaded curve data from file.
2022-02-02 04:42:33,331 INFO: Reducing MW generators...
2022-02-02 04:42:33,331 INFO: Finished reducing MW generators.
2022-02-02 04:42:33,334 INFO: Skipped Chabauty because MW generators haven't been computed. (delta = ['4', '-20', '20', '2', '4', '1'], g = [4, -19, 20, 2, 4, 1])
2022-02-02 04:42:33,335 INFO: Skipped Chabauty because MW generators haven't been computed. (delta = ['2', '-10', '11', '1', '2', '1/2'], g = [4, -19, 20, 2, 4, 1])
2022-02-02 04:42:33,335 INFO: Skipped Chabauty because MW generators haven't been computed. (delta = ['1'], g = [4, -19, 20, 2, 4, 1])
2022-02-02 04:42:33,335 INFO: Skipped Chabauty because MW generators haven't been computed. (delta = ['1/2', '-1'], g = [4, -19, 20, 2, 4, 1])
2022-02-02 04:42:33,337 INFO: Tasks complete. Recording data and exiting.
2022-02-12 16:46:48,170 INFO: Loaded curve data from file.
2022-02-12 16:46:48,170 INFO: Computing elliptic Chabauty map... (delta = ['4', '-20', '20', '2', '4', '1'], g = [4, -19, 20, 2, 4, 1])
2022-02-12 16:47:04,083 INFO: Elliptic Chabauty map computed. (delta = ['4', '-20', '20', '2', '4', '1'], g = [4, -19, 20, 2, 4, 1])
2022-02-12 16:47:04,085 INFO: Computing elliptic Chabauty map... (delta = ['2', '-10', '11', '1', '2', '1/2'], g = [4, -19, 20, 2, 4, 1])
2022-02-12 16:47:19,308 INFO: Elliptic Chabauty map computed. (delta = ['2', '-10', '11', '1', '2', '1/2'], g = [4, -19, 20, 2, 4, 1])
2022-02-12 16:47:19,310 INFO: Computing elliptic Chabauty map... (delta = ['1'], g = [4, -19, 20, 2, 4, 1])
2022-02-12 16:47:34,414 INFO: Elliptic Chabauty map computed. (delta = ['1'], g = [4, -19, 20, 2, 4, 1])
2022-02-12 16:47:34,416 INFO: Computing elliptic Chabauty map... (delta = ['1/2', '-1'], g = [4, -19, 20, 2, 4, 1])
2022-02-12 16:47:49,653 INFO: Elliptic Chabauty map computed. (delta = ['1/2', '-1'], g = [4, -19, 20, 2, 4, 1])
2022-02-12 16:47:49,656 INFO: Tasks complete. Recording data and exiting.
