2022-02-01 12:30:32,689 INFO: Initialized curve data.
2022-02-01 12:30:32,692 INFO: Setting up initial twist data...
2022-02-01 12:30:34,414 INFO: Twist setup complete.
2022-02-01 12:30:34,414 INFO: Searching for rational points on each twist...
2022-02-01 12:30:36,920 INFO: Finished searching for rational points on each twist.
2022-02-01 12:30:36,920 INFO: Testing local solvability of twists...
2022-02-01 12:30:58,309 INFO: Finished local solvability testing.
2022-02-01 12:30:58,311 INFO: Computing elliptic curve a-invariants...
2022-02-01 12:31:11,712 INFO: Finished computation of a-invariants.
2022-02-01 12:31:11,714 INFO: Computing MW group (delta = ['-16', '-4', '6', '-2', '1', '1'], g = [-15, -3, 6, -2, 1, 1])...
2022-02-01 12:36:50,156 INFO: Finished MW computation (delta = ['-16', '-4', '6', '-2', '1', '1'], g = [-15, -3, 6, -2, 1, 1])
2022-02-01 12:36:50,160 INFO: Computing MW group (delta = ['-3', '-3/2', '1'], g = [-15, -3, 6, -2, 1, 1])...
2022-02-01 12:43:04,578 INFO: Finished MW computation (delta = ['-3', '-3/2', '1'], g = [-15, -3, 6, -2, 1, 1])
2022-02-01 12:43:04,581 INFO: Skipped MW computation because no base point (delta = ['21/2', '6', '-5/2', '0', '-1/2', '-1/2'])
2022-02-01 12:43:04,581 INFO: Computing MW group (delta = ['1'], g = [-15, -3, 6, -2, 1, 1])...
2022-02-01 12:55:21,592 INFO: Finished MW computation (delta = ['1'], g = [-15, -3, 6, -2, 1, 1])
2022-02-01 12:55:21,596 INFO: Reducing MW generators...
2022-02-01 12:55:24,956 INFO: Finished reducing MW generators.
2022-02-01 12:55:24,959 INFO: Tasks complete. Recording data and exiting.
2022-02-02 08:46:53,661 INFO: Loaded curve data from file.
2022-02-02 08:46:53,662 INFO: Skipped Chabauty because MW group hasn't been provably computed. (delta = ['-16', '-4', '6', '-2', '1', '1'], g = [-15, -3, 6, -2, 1, 1])
2022-02-02 08:46:53,662 INFO: Running elliptic Chabauty (delta = ['-3', '-3/2', '1'], g = [-15, -3, 6, -2, 1, 1])...
