2022-01-11 15:10:18,329 INFO: Initialized curve data.
2022-01-11 15:10:18,333 INFO: Setting up initial twist data...
2022-01-11 15:10:19,673 INFO: Twist setup complete.
2022-01-11 15:10:19,673 INFO: Searching for rational points on each twist...
2022-01-11 15:10:21,234 INFO: Finished searching for rational points on each twist.
2022-01-11 15:10:21,234 INFO: Testing local solvability of twists...
2022-01-11 15:10:24,510 INFO: Finished local solvability testing.
2022-01-11 15:10:24,511 INFO: Computing elliptic curve a-invariants...
2022-01-11 15:10:36,715 INFO: Finished computation of a-invariants.
2022-01-11 15:10:36,716 INFO: Computing MW group (delta = ['-2', '-11/2', '3', '14', '-2', '-25/2'], g = [4, 12, -4, -28, 4, 25])...
2022-01-11 15:14:22,750 INFO: Finished MW computation (delta = ['-2', '-11/2', '3', '14', '-2', '-25/2'], g = [4, 12, -4, -28, 4, 25])
2022-01-11 15:14:22,756 INFO: Skipped MW computation because no base point (delta = ['-1', '-1', '1'])
2022-01-11 15:14:22,756 INFO: Computing MW group (delta = ['1'], g = [4, 12, -4, -28, 4, 25])...
2022-01-11 15:17:56,608 INFO: Finished MW computation (delta = ['1'], g = [4, 12, -4, -28, 4, 25])
2022-01-11 15:17:56,612 INFO: Computing MW group (delta = ['2', '11/2', '-7/2', '-29/2', '3', '25/2'], g = [4, 12, -4, -28, 4, 25])...
2022-01-11 15:22:00,027 INFO: Finished MW computation (delta = ['2', '11/2', '-7/2', '-29/2', '3', '25/2'], g = [4, 12, -4, -28, 4, 25])
2022-01-11 15:22:00,033 INFO: Unable to use elliptic Chabauty on twist (delta = ['2', '11/2', '-7/2', '-29/2', '3', '25/2'])
2022-01-11 15:22:00,035 INFO: Obstruction found to provably computing rational points. Exiting.
2022-01-14 09:07:32,042 INFO: Loaded curve data from file.
2022-01-14 09:07:32,043 INFO: Obstruction already found. Exiting.
