2022-01-12 12:22:43,137 INFO: Initialized curve data.
2022-01-12 12:22:43,141 INFO: Setting up initial twist data...
2022-01-12 12:22:44,484 INFO: Twist setup complete.
2022-01-12 12:22:44,484 INFO: Searching for rational points on each twist...
2022-01-12 12:22:46,702 INFO: Finished searching for rational points on each twist.
2022-01-12 12:22:46,703 INFO: Testing local solvability of twists...
2022-01-12 12:22:46,712 INFO: Finished local solvability testing.
2022-01-12 12:22:46,713 INFO: Computing elliptic curve a-invariants...
2022-01-12 12:23:00,576 INFO: Finished computation of a-invariants.
2022-01-12 12:23:00,578 INFO: Computing MW group (delta = ['4', '15', '4', '-3', '2', '1'], g = [4, 16, 4, -3, 2, 1])...
2022-01-12 12:23:59,771 INFO: Finished MW computation (delta = ['4', '15', '4', '-3', '2', '1'], g = [4, 16, 4, -3, 2, 1])
2022-01-12 12:23:59,774 INFO: Computing MW group (delta = ['-1', '-1'], g = [4, 16, 4, -3, 2, 1])...
2022-01-12 12:24:33,283 INFO: Finished MW computation (delta = ['-1', '-1'], g = [4, 16, 4, -3, 2, 1])
2022-01-12 12:24:33,285 INFO: Computing MW group (delta = ['1'], g = [4, 16, 4, -3, 2, 1])...
2022-01-12 12:25:19,482 INFO: Finished MW computation (delta = ['1'], g = [4, 16, 4, -3, 2, 1])
2022-01-12 12:25:19,484 INFO: Computing MW group (delta = ['-4', '-15', '-3', '3', '-2', '-1'], g = [4, 16, 4, -3, 2, 1])...
2022-01-12 12:25:45,107 INFO: Finished MW computation (delta = ['-4', '-15', '-3', '3', '-2', '-1'], g = [4, 16, 4, -3, 2, 1])
2022-01-12 12:25:45,110 INFO: Reducing MW generators...
2022-01-12 12:25:48,530 INFO: Finished reducing MW generators.
2022-01-12 12:25:48,532 INFO: Tasks complete. Recording data and exiting.
