2022-01-12 09:25:32,844 INFO: Initialized curve data.
2022-01-12 09:25:32,848 INFO: Setting up initial twist data...
2022-01-12 09:25:33,884 INFO: Twist setup complete.
2022-01-12 09:25:33,884 INFO: Searching for rational points on each twist...
2022-01-12 09:25:35,713 INFO: Finished searching for rational points on each twist.
2022-01-12 09:25:35,713 INFO: Testing local solvability of twists...
2022-01-12 09:25:35,721 INFO: Finished local solvability testing.
2022-01-12 09:25:35,723 INFO: Computing elliptic curve a-invariants...
2022-01-12 09:25:44,276 INFO: Finished computation of a-invariants.
2022-01-12 09:25:44,278 INFO: Computing MW group (delta = ['4', '11', '20', '8', '4', '1'], g = [4, 12, 20, 8, 4, 1])...
2022-01-12 09:35:38,665 INFO: Finished MW computation (delta = ['4', '11', '20', '8', '4', '1'], g = [4, 12, 20, 8, 4, 1])
2022-01-12 09:35:38,668 INFO: Computing MW group (delta = ['1', '-1'], g = [4, 12, 20, 8, 4, 1])...
2022-01-12 09:53:41,251 INFO: Finished MW computation (delta = ['1', '-1'], g = [4, 12, 20, 8, 4, 1])
2022-01-12 09:53:41,254 INFO: Computing MW group (delta = ['1'], g = [4, 12, 20, 8, 4, 1])...
2022-01-12 10:02:57,274 INFO: Finished MW computation (delta = ['1'], g = [4, 12, 20, 8, 4, 1])
2022-01-12 10:02:57,277 INFO: Computing MW group (delta = ['4', '11', '21', '8', '4', '1'], g = [4, 12, 20, 8, 4, 1])...
2022-01-12 10:12:22,175 INFO: Finished MW computation (delta = ['4', '11', '21', '8', '4', '1'], g = [4, 12, 20, 8, 4, 1])
2022-01-12 10:12:22,180 INFO: Reducing MW generators...
2022-01-12 10:12:25,842 INFO: Finished reducing MW generators.
2022-01-12 10:12:25,845 INFO: Tasks complete. Recording data and exiting.
