2022-01-12 09:25:57,320 INFO: Initialized curve data.
2022-01-12 09:25:57,323 INFO: Setting up initial twist data...
2022-01-12 09:25:58,449 INFO: Twist setup complete.
2022-01-12 09:25:58,450 INFO: Searching for rational points on each twist...
2022-01-12 09:26:00,120 INFO: Finished searching for rational points on each twist.
2022-01-12 09:26:00,120 INFO: Testing local solvability of twists...
2022-01-12 09:26:23,702 INFO: Finished local solvability testing.
2022-01-12 09:26:23,704 INFO: Computing elliptic curve a-invariants...
2022-01-12 09:26:30,901 INFO: Finished computation of a-invariants.
2022-01-12 09:26:30,903 INFO: Skipped MW computation because no base point (delta = ['-5', '0', '1'])
2022-01-12 09:26:30,903 INFO: Computing MW group (delta = ['15', '0', '-8', '0', '1'], g = [28, 0, -48, -20, 10, 5])...
2022-01-14 09:10:49,955 INFO: Loaded curve data from file.
2022-01-14 09:10:49,956 INFO: Reducing MW generators...
2022-01-14 09:10:49,956 INFO: Finished reducing MW generators.
2022-01-14 09:10:49,958 INFO: Skipped Chabauty because no base point (delta = ['-5', '0', '1'])
2022-01-14 09:10:49,958 INFO: Skipped Chabauty because MW generators haven't been computed. (delta = ['15', '0', '-8', '0', '1'], g = [28, 0, -48, -20, 10, 5])
2022-01-14 09:10:49,958 INFO: Skipped Chabauty because MW generators haven't been computed. (delta = ['1'], g = [28, 0, -48, -20, 10, 5])
2022-01-14 09:10:49,958 INFO: Skipped Chabauty because no base point (delta = ['-3', '0', '1'])
2022-01-14 09:10:50,049 INFO: Tasks complete. Recording data and exiting.
2022-02-12 16:48:26,917 INFO: Loaded curve data from file.
2022-02-12 16:48:26,917 INFO: Computing elliptic Chabauty map... (delta = ['15', '0', '-8', '0', '1'], g = [28, 0, -48, -20, 10, 5])
2022-02-12 16:48:38,670 INFO: Elliptic Chabauty map computed. (delta = ['15', '0', '-8', '0', '1'], g = [28, 0, -48, -20, 10, 5])
2022-02-12 16:48:38,672 INFO: Computing elliptic Chabauty map... (delta = ['1'], g = [28, 0, -48, -20, 10, 5])
2022-02-12 16:48:49,994 INFO: Elliptic Chabauty map computed. (delta = ['1'], g = [28, 0, -48, -20, 10, 5])
2022-02-12 16:48:49,996 INFO: Tasks complete. Recording data and exiting.
