2022-01-13 21:55:02,036 INFO: Initialized curve data.
2022-01-13 21:55:02,038 INFO: Setting up initial twist data...
2022-01-13 21:55:02,893 INFO: Twist setup complete.
2022-01-13 21:55:02,893 INFO: Searching for rational points on each twist...
2022-01-13 21:55:04,801 INFO: Finished searching for rational points on each twist.
2022-01-13 21:55:04,801 INFO: Testing local solvability of twists...
2022-01-13 21:55:04,806 INFO: Finished local solvability testing.
2022-01-13 21:55:04,807 INFO: Computing elliptic curve a-invariants...
2022-01-13 21:55:10,352 INFO: Finished computation of a-invariants.
2022-01-13 21:55:10,353 INFO: Computing MW group (delta = ['8', '18', '9', '-7', '-1', '1'], g = [9, 19, 9, -7, -1, 1])...
2022-01-13 21:56:17,857 INFO: Finished MW computation (delta = ['8', '18', '9', '-7', '-1', '1'], g = [9, 19, 9, -7, -1, 1])
2022-01-13 21:56:17,860 INFO: Computing MW group (delta = ['1'], g = [9, 19, 9, -7, -1, 1])...
2022-01-14 11:36:12,912 INFO: Loaded curve data from file.
2022-01-14 11:36:12,912 INFO: Reducing MW generators...
2022-01-14 11:36:12,958 INFO: Finished reducing MW generators.
2022-01-14 11:36:12,960 INFO: Skipped Chabauty because MW group hasn't been provably computed. (delta = ['8', '18', '9', '-7', '-1', '1'], g = [9, 19, 9, -7, -1, 1])
2022-01-14 11:36:12,960 INFO: Skipped Chabauty because MW generators haven't been computed. (delta = ['1'], g = [9, 19, 9, -7, -1, 1])
2022-01-14 11:36:12,960 INFO: Skipped Chabauty because MW generators haven't been computed. (delta = ['0', '-1'], g = [9, 19, 9, -7, -1, 1])
2022-01-14 11:36:12,960 INFO: Skipped Chabauty because MW generators haven't been computed. (delta = ['9', '20', '10', '-7', '-1', '1'], g = [9, 19, 9, -7, -1, 1])
2022-01-14 11:36:12,961 INFO: Tasks complete. Recording data and exiting.
