2022-01-12 12:29:00,807 INFO: Initialized curve data.
2022-01-12 12:29:00,810 INFO: Setting up initial twist data...
2022-01-12 12:29:01,902 INFO: Twist setup complete.
2022-01-12 12:29:01,902 INFO: Searching for rational points on each twist...
2022-01-12 12:29:03,408 INFO: Finished searching for rational points on each twist.
2022-01-12 12:29:03,408 INFO: Testing local solvability of twists...
2022-01-12 12:29:03,414 INFO: Finished local solvability testing.
2022-01-12 12:29:03,416 INFO: Computing elliptic curve a-invariants...
2022-01-12 12:29:10,574 INFO: Finished computation of a-invariants.
2022-01-12 12:29:10,576 INFO: Computing MW group (delta = ['1/2', '1', '1'], g = [4, 13, 26, 27, 18, 1])...
2022-01-12 12:34:09,031 INFO: Finished MW computation (delta = ['1/2', '1', '1'], g = [4, 13, 26, 27, 18, 1])
2022-01-12 12:34:09,033 INFO: Computing MW group (delta = ['4', '12', '26', '27', '18', '1'], g = [4, 13, 26, 27, 18, 1])...
2022-01-12 12:36:44,675 INFO: Finished MW computation (delta = ['4', '12', '26', '27', '18', '1'], g = [4, 13, 26, 27, 18, 1])
2022-01-12 12:36:44,678 INFO: Computing MW group (delta = ['1'], g = [4, 13, 26, 27, 18, 1])...
2022-01-12 12:41:14,467 INFO: Finished MW computation (delta = ['1'], g = [4, 13, 26, 27, 18, 1])
2022-01-12 12:41:14,470 INFO: Computing MW group (delta = ['2', '6', '12', '25/2', '9', '1/2'], g = [4, 13, 26, 27, 18, 1])...
2022-01-12 12:42:18,724 INFO: Finished MW computation (delta = ['2', '6', '12', '25/2', '9', '1/2'], g = [4, 13, 26, 27, 18, 1])
2022-01-12 12:42:18,728 INFO: Reducing MW generators...
2022-01-12 12:42:20,722 INFO: Finished reducing MW generators.
2022-01-12 12:42:20,725 INFO: Tasks complete. Recording data and exiting.
