2022-01-01 12:51:02,804 INFO: Initialized curve data.
2022-01-01 12:51:02,807 INFO: Setting up initial twist data...
2022-01-01 12:51:03,898 INFO: Twist setup complete.
2022-01-01 12:51:03,898 INFO: Searching for rational points on each twist...
2022-01-01 12:51:04,840 INFO: Finished searching for rational points on each twist.
2022-01-01 12:51:04,840 INFO: Testing local solvability of twists...
2022-01-01 12:51:04,846 INFO: Finished local solvability testing.
2022-01-01 12:51:04,848 INFO: Computing elliptic curve a-invariants...
2022-01-01 12:51:13,672 INFO: Finished computation of a-invariants.
2022-01-01 12:51:13,674 INFO: Computing MW group (delta = ['25', '-34', '19', '-6', '-2', '2'], g = [13, -17, 9, -3, -1, 1])...
2022-01-01 12:53:19,029 INFO: Finished MW computation (delta = ['25', '-34', '19', '-6', '-2', '2'], g = [13, -17, 9, -3, -1, 1])
2022-01-01 12:53:19,035 INFO: Obstruction found to provably computing rational points. Exiting.
2022-01-03 13:14:58,000 INFO: Obsolete "loc_solv_error" keys removed.
2022-01-10 22:42:00,548 INFO: Loaded curve data from file.
2022-01-10 22:42:00,548 INFO: Obstruction already found. Exiting.
2022-02-12 17:43:32,498 INFO: Loaded curve data from file.
2022-02-12 17:43:32,498 INFO: Computing elliptic Chabauty map... (delta = ['25', '-34', '19', '-6', '-2', '2'], g = [13, -17, 9, -3, -1, 1])
2022-02-12 17:43:41,025 INFO: Elliptic Chabauty map computed. (delta = ['25', '-34', '19', '-6', '-2', '2'], g = [13, -17, 9, -3, -1, 1])
2022-02-12 17:43:41,027 INFO: Computing elliptic Chabauty map... (delta = ['12', '-18', '9', '-3', '-1', '1'], g = [13, -17, 9, -3, -1, 1])
2022-02-12 17:43:49,407 INFO: Elliptic Chabauty map computed. (delta = ['12', '-18', '9', '-3', '-1', '1'], g = [13, -17, 9, -3, -1, 1])
2022-02-12 17:43:49,409 INFO: Computing elliptic Chabauty map... (delta = ['1', '-1'], g = [13, -17, 9, -3, -1, 1])
2022-02-12 17:43:57,908 INFO: Elliptic Chabauty map computed. (delta = ['1', '-1'], g = [13, -17, 9, -3, -1, 1])
2022-02-12 17:43:57,910 INFO: Computing elliptic Chabauty map... (delta = ['1'], g = [13, -17, 9, -3, -1, 1])
2022-02-12 17:44:06,323 INFO: Elliptic Chabauty map computed. (delta = ['1'], g = [13, -17, 9, -3, -1, 1])
2022-02-12 17:44:06,325 INFO: Tasks complete. Recording data and exiting.
