2022-01-01 12:51:03,139 INFO: Initialized curve data.
2022-01-01 12:51:03,141 INFO: Setting up initial twist data...
2022-01-01 12:51:04,175 INFO: Twist setup complete.
2022-01-01 12:51:04,175 INFO: Searching for rational points on each twist...
2022-01-01 12:51:05,115 INFO: Finished searching for rational points on each twist.
2022-01-01 12:51:05,115 INFO: Testing local solvability of twists...
2022-01-01 12:51:05,121 INFO: Finished local solvability testing.
2022-01-01 12:51:05,122 INFO: Computing elliptic curve a-invariants...
2022-01-01 12:51:15,934 INFO: Finished computation of a-invariants.
2022-01-01 12:51:15,935 INFO: Computing MW group (delta = ['10', '-19', '9', '4', '-2', '-1'], g = [-8, 16, -8, -4, 2, 1])...
2022-01-01 12:51:50,489 INFO: Finished MW computation (delta = ['10', '-19', '9', '4', '-2', '-1'], g = [-8, 16, -8, -4, 2, 1])
2022-01-01 12:51:50,492 INFO: Computing MW group (delta = ['1', '-1'], g = [-8, 16, -8, -4, 2, 1])...
2022-01-01 12:52:26,116 INFO: Finished MW computation (delta = ['1', '-1'], g = [-8, 16, -8, -4, 2, 1])
2022-01-01 12:52:26,123 INFO: Computing MW group (delta = ['1'], g = [-8, 16, -8, -4, 2, 1])...
2022-01-03 13:14:57,000 INFO: Obsolete "loc_solv_error" keys removed.
2022-01-10 22:42:01,080 INFO: Loaded curve data from file.
2022-01-10 22:42:01,080 INFO: Reducing MW generators...
2022-01-10 22:42:01,769 INFO: Finished reducing MW generators.
2022-01-10 22:42:01,771 INFO: Running elliptic Chabauty (delta = ['10', '-19', '9', '4', '-2', '-1'], g = [-8, 16, -8, -4, 2, 1])...
2022-01-10 22:42:18,029 INFO: Chabauty completed successfully (delta = ['10', '-19', '9', '4', '-2', '-1'], g = [-8, 16, -8, -4, 2, 1]).
2022-01-10 22:42:18,031 INFO: Running elliptic Chabauty (delta = ['1', '-1'], g = [-8, 16, -8, -4, 2, 1])...
2022-01-10 22:42:26,309 INFO: Chabauty completed successfully (delta = ['1', '-1'], g = [-8, 16, -8, -4, 2, 1]).
2022-01-10 22:42:26,311 INFO: Skipped Chabauty because MW generators haven't been computed. (delta = ['1'], g = [-8, 16, -8, -4, 2, 1])
2022-01-10 22:42:26,311 INFO: Skipped Chabauty because MW generators haven't been computed. (delta = ['-6', '15', '-8', '-4', '2', '1'], g = [-8, 16, -8, -4, 2, 1])
2022-01-10 22:42:26,386 INFO: Tasks complete. Recording data and exiting.
2022-02-12 16:40:05,792 INFO: Loaded curve data from file.
2022-02-12 16:40:05,793 INFO: Computing elliptic Chabauty map... (delta = ['10', '-19', '9', '4', '-2', '-1'], g = [-8, 16, -8, -4, 2, 1])
2022-02-12 16:40:12,744 INFO: Elliptic Chabauty map computed. (delta = ['10', '-19', '9', '4', '-2', '-1'], g = [-8, 16, -8, -4, 2, 1])
2022-02-12 16:40:12,747 INFO: Computing elliptic Chabauty map... (delta = ['1', '-1'], g = [-8, 16, -8, -4, 2, 1])
2022-02-12 16:40:19,463 INFO: Elliptic Chabauty map computed. (delta = ['1', '-1'], g = [-8, 16, -8, -4, 2, 1])
2022-02-12 16:40:19,465 INFO: Computing elliptic Chabauty map... (delta = ['1'], g = [-8, 16, -8, -4, 2, 1])
2022-02-12 16:40:26,173 INFO: Elliptic Chabauty map computed. (delta = ['1'], g = [-8, 16, -8, -4, 2, 1])
2022-02-12 16:40:26,176 INFO: Computing elliptic Chabauty map... (delta = ['-6', '15', '-8', '-4', '2', '1'], g = [-8, 16, -8, -4, 2, 1])
2022-02-12 16:40:33,029 INFO: Elliptic Chabauty map computed. (delta = ['-6', '15', '-8', '-4', '2', '1'], g = [-8, 16, -8, -4, 2, 1])
2022-02-12 16:40:33,032 INFO: Tasks complete. Recording data and exiting.
