2022-02-01 12:30:08,471 INFO: Initialized curve data.
2022-02-01 12:30:08,498 INFO: Setting up initial twist data...
2022-02-01 12:30:09,845 INFO: Twist setup complete.
2022-02-01 12:30:09,845 INFO: Searching for rational points on each twist...
2022-02-01 12:30:13,893 INFO: Finished searching for rational points on each twist.
2022-02-01 12:30:13,893 INFO: Testing local solvability of twists...
2022-02-01 12:32:07,211 INFO: Finished local solvability testing.
2022-02-01 12:32:07,213 INFO: Computing elliptic curve a-invariants...
2022-02-01 12:32:16,234 INFO: Finished computation of a-invariants.
2022-02-01 12:32:16,236 INFO: Computing MW group (delta = ['4/3', '20', '-133/3', '-82', '25', '68/3'], g = [1, 1])...
2022-02-01 12:32:16,755 INFO: Finished MW computation (delta = ['4/3', '20', '-133/3', '-82', '25', '68/3'], g = [1, 1])
2022-02-01 12:32:16,757 INFO: Computing MW group (delta = ['4/3', '20', '-133/3', '-82', '25', '68/3'], g = [4, -7, -15, 4, 4])...
2022-02-01 12:33:14,897 INFO: Finished MW computation (delta = ['4/3', '20', '-133/3', '-82', '25', '68/3'], g = [4, -7, -15, 4, 4])
2022-02-01 12:33:14,901 INFO: Computing MW group (delta = ['4', '12', '-52', '-72', '24', '20'], g = [1, 1])...
2022-02-01 12:33:15,409 INFO: Finished MW computation (delta = ['4', '12', '-52', '-72', '24', '20'], g = [1, 1])
2022-02-01 12:33:15,412 INFO: Computing MW group (delta = ['4', '12', '-52', '-72', '24', '20'], g = [4, -7, -15, 4, 4])...
2022-02-01 15:22:56,268 INFO: Finished MW computation (delta = ['4', '12', '-52', '-72', '24', '20'], g = [4, -7, -15, 4, 4])
2022-02-01 15:22:56,276 INFO: Computing MW group (delta = ['1'], g = [1, 1])...
2022-02-01 15:22:56,862 INFO: Finished MW computation (delta = ['1'], g = [1, 1])
2022-02-01 15:22:56,864 INFO: Computing MW group (delta = ['1'], g = [4, -7, -15, 4, 4])...
2022-02-01 15:28:19,978 INFO: Finished MW computation (delta = ['1'], g = [4, -7, -15, 4, 4])
2022-02-01 15:28:19,985 INFO: Computing MW group (delta = ['-1/3', '6', '-25/3', '-20', '16/3', '16/3'], g = [1, 1])...
2022-02-01 15:28:20,424 INFO: Finished MW computation (delta = ['-1/3', '6', '-25/3', '-20', '16/3', '16/3'], g = [1, 1])
2022-02-01 15:28:20,427 INFO: Computing MW group (delta = ['-1/3', '6', '-25/3', '-20', '16/3', '16/3'], g = [4, -7, -15, 4, 4])...
2022-02-01 15:29:04,242 INFO: Finished MW computation (delta = ['-1/3', '6', '-25/3', '-20', '16/3', '16/3'], g = [4, -7, -15, 4, 4])
2022-02-01 15:29:04,246 INFO: Skipped MW computation because no base point (delta = ['-4/3', '20/3', '-8/3', '-52/3', '8/3', '4'])
2022-02-01 15:29:04,246 INFO: Computing MW group (delta = ['-4', '8', '16', '-4', '-4'], g = [1, 1])...
2022-02-01 15:29:04,687 INFO: Finished MW computation (delta = ['-4', '8', '16', '-4', '-4'], g = [1, 1])
2022-02-01 15:29:04,691 INFO: Computing MW group (delta = ['-4', '8', '16', '-4', '-4'], g = [4, -7, -15, 4, 4])...
2022-02-01 15:29:23,623 INFO: Finished MW computation (delta = ['-4', '8', '16', '-4', '-4'], g = [4, -7, -15, 4, 4])
2022-02-01 15:29:23,626 INFO: Skipped MW computation because no base point (delta = ['1/3', '-1'])
2022-02-01 15:29:23,627 INFO: Skipped MW computation because no base point (delta = ['-1', '3', '-7', '-15', '4', '4'])
2022-02-01 15:29:23,629 INFO: Reducing MW generators...
2022-02-01 15:29:28,874 INFO: Finished reducing MW generators.
2022-02-01 15:29:28,878 INFO: Tasks complete. Recording data and exiting.
