2022-01-01 12:50:49,132 INFO: Initialized curve data.
2022-01-01 12:50:49,135 INFO: Setting up initial twist data...
2022-01-01 12:50:50,332 INFO: Twist setup complete.
2022-01-01 12:50:50,333 INFO: Searching for rational points on each twist...
2022-01-01 12:50:52,022 INFO: Finished searching for rational points on each twist.
2022-01-01 12:50:52,023 INFO: Testing local solvability of twists...
2022-01-01 12:51:11,180 INFO: Finished local solvability testing.
2022-01-01 12:51:11,183 INFO: Computing elliptic curve a-invariants...
2022-01-01 12:51:14,660 INFO: Finished computation of a-invariants.
2022-01-01 12:51:14,663 INFO: Computing MW group (delta = ['24', '-4', '-19', '-2', '4', '1'], g = [-3, 0, 1])...
2022-01-01 12:51:16,059 INFO: Finished MW computation (delta = ['24', '-4', '-19', '-2', '4', '1'], g = [-3, 0, 1])
2022-01-01 12:51:16,063 INFO: Computing MW group (delta = ['24', '-4', '-19', '-2', '4', '1'], g = [-8, 1, 4, 1])...
2022-01-01 12:51:32,601 INFO: Finished MW computation (delta = ['24', '-4', '-19', '-2', '4', '1'], g = [-8, 1, 4, 1])
2022-01-01 12:51:32,606 INFO: Computing MW group (delta = ['-72', '12', '52', '6', '-8', '-2'], g = [-3, 0, 1])...
2022-01-01 12:51:34,067 INFO: Finished MW computation (delta = ['-72', '12', '52', '6', '-8', '-2'], g = [-3, 0, 1])
2022-01-01 12:51:34,071 INFO: Computing MW group (delta = ['-72', '12', '52', '6', '-8', '-2'], g = [-8, 1, 4, 1])...
2022-01-01 14:01:51,392 INFO: Finished MW computation (delta = ['-72', '12', '52', '6', '-8', '-2'], g = [-8, 1, 4, 1])
2022-01-01 14:01:51,399 INFO: Computing MW group (delta = ['24', '-4', '-20', '-2', '4', '1'], g = [-3, 0, 1])...
2022-01-01 14:01:53,671 INFO: Finished MW computation (delta = ['24', '-4', '-20', '-2', '4', '1'], g = [-3, 0, 1])
2022-01-01 14:01:53,676 INFO: Computing MW group (delta = ['24', '-4', '-20', '-2', '4', '1'], g = [-8, 1, 4, 1])...
2022-01-01 14:01:58,879 INFO: Finished MW computation (delta = ['24', '-4', '-20', '-2', '4', '1'], g = [-8, 1, 4, 1])
2022-01-01 14:01:58,886 INFO: Skipped MW computation because no base point (delta = ['-72', '36', '46', '-6', '-10', '-2'])
2022-01-01 14:01:58,886 INFO: Skipped MW computation because no base point (delta = ['-3', '8', '0', '-4', '-1'])
2022-01-01 14:01:58,886 INFO: Computing MW group (delta = ['1'], g = [-3, 0, 1])...
2022-01-01 14:01:59,664 INFO: Finished MW computation (delta = ['1'], g = [-3, 0, 1])
2022-01-01 14:01:59,668 INFO: Computing MW group (delta = ['1'], g = [-8, 1, 4, 1])...
2022-01-01 14:02:09,574 INFO: Finished MW computation (delta = ['1'], g = [-8, 1, 4, 1])
2022-01-01 14:02:09,580 INFO: Computing MW group (delta = ['-3', '11', '-8', '-4', '3', '1'], g = [-3, 0, 1])...
2022-01-01 14:02:11,763 INFO: Finished MW computation (delta = ['-3', '11', '-8', '-4', '3', '1'], g = [-3, 0, 1])
2022-01-01 14:02:11,767 INFO: Computing MW group (delta = ['-3', '11', '-8', '-4', '3', '1'], g = [-8, 1, 4, 1])...
2022-01-01 14:02:30,175 INFO: Finished MW computation (delta = ['-3', '11', '-8', '-4', '3', '1'], g = [-8, 1, 4, 1])
2022-01-01 14:02:30,181 INFO: Skipped MW computation because no base point (delta = ['1', '-1'])
2022-01-01 14:02:30,186 INFO: Reducing MW generators...
2022-01-01 14:02:36,695 INFO: Finished reducing MW generators.
2022-01-01 14:02:36,699 INFO: Running elliptic Chabauty (delta = ['24', '-4', '-19', '-2', '4', '1'], g = [-3, 0, 1])...
2022-01-03 13:14:57,000 INFO: Obsolete "loc_solv_error" keys removed.
2022-01-10 22:39:07,285 INFO: Loaded curve data from file.
2022-01-10 22:39:07,285 INFO: Skipped Chabauty because rank >= degree(g). (delta = ['24', '-4', '-19', '-2', '4', '1'], g = [-3, 0, 1])
2022-01-10 22:39:07,285 INFO: Running elliptic Chabauty (delta = ['24', '-4', '-19', '-2', '4', '1'], g = [-8, 1, 4, 1])...
2022-01-10 22:39:19,615 INFO: Chabauty completed successfully (delta = ['24', '-4', '-19', '-2', '4', '1'], g = [-8, 1, 4, 1]).
2022-01-10 22:39:19,620 INFO: Skipped Chabauty because rank >= degree(g). (delta = ['-72', '12', '52', '6', '-8', '-2'], g = [-3, 0, 1])
2022-01-10 22:39:19,620 INFO: Running elliptic Chabauty (delta = ['-72', '12', '52', '6', '-8', '-2'], g = [-8, 1, 4, 1])...
2022-01-10 22:39:34,941 INFO: Chabauty completed successfully (delta = ['-72', '12', '52', '6', '-8', '-2'], g = [-8, 1, 4, 1]).
2022-01-10 22:39:34,945 INFO: Skipped Chabauty because rank >= degree(g). (delta = ['24', '-4', '-20', '-2', '4', '1'], g = [-3, 0, 1])
2022-01-10 22:39:34,945 INFO: Running elliptic Chabauty (delta = ['24', '-4', '-20', '-2', '4', '1'], g = [-8, 1, 4, 1])...
2022-01-10 22:39:46,969 INFO: Chabauty completed successfully (delta = ['24', '-4', '-20', '-2', '4', '1'], g = [-8, 1, 4, 1]).
2022-01-10 22:39:46,973 INFO: Skipped Chabauty because no base point (delta = ['-72', '36', '46', '-6', '-10', '-2'])
2022-01-10 22:39:46,973 INFO: Skipped Chabauty because no base point (delta = ['-3', '8', '0', '-4', '-1'])
2022-01-10 22:39:46,973 INFO: Running elliptic Chabauty (delta = ['1'], g = [-3, 0, 1])...
2022-01-10 22:39:58,441 INFO: Chabauty completed successfully (delta = ['1'], g = [-3, 0, 1]).
2022-01-10 22:39:58,444 INFO: Skipped Chabauty because twist points already verified. (delta = ['1'])
2022-01-10 22:39:58,444 INFO: Skipped Chabauty because rank >= degree(g). (delta = ['-3', '11', '-8', '-4', '3', '1'], g = [-3, 0, 1])
2022-01-10 22:39:58,444 INFO: Skipped Chabauty because rank >= degree(g). (delta = ['-3', '11', '-8', '-4', '3', '1'], g = [-8, 1, 4, 1])
2022-01-10 22:39:58,444 INFO: Skipped Chabauty because no base point (delta = ['1', '-1'])
2022-01-10 22:39:58,699 INFO: Tasks complete. Recording data and exiting.
2022-02-12 17:13:21,840 INFO: Loaded curve data from file.
2022-02-12 17:13:21,840 INFO: Computing elliptic Chabauty map... (delta = ['24', '-4', '-19', '-2', '4', '1'], g = [-3, 0, 1])
2022-02-12 17:13:33,167 INFO: Elliptic Chabauty map computed. (delta = ['24', '-4', '-19', '-2', '4', '1'], g = [-3, 0, 1])
2022-02-12 17:13:33,172 INFO: Computing elliptic Chabauty map... (delta = ['24', '-4', '-19', '-2', '4', '1'], g = [-8, 1, 4, 1])
2022-02-12 17:13:44,494 INFO: Elliptic Chabauty map computed. (delta = ['24', '-4', '-19', '-2', '4', '1'], g = [-8, 1, 4, 1])
2022-02-12 17:13:44,497 INFO: Computing elliptic Chabauty map... (delta = ['-72', '12', '52', '6', '-8', '-2'], g = [-3, 0, 1])
2022-02-12 17:13:55,577 INFO: Elliptic Chabauty map computed. (delta = ['-72', '12', '52', '6', '-8', '-2'], g = [-3, 0, 1])
2022-02-12 17:13:55,580 INFO: Computing elliptic Chabauty map... (delta = ['-72', '12', '52', '6', '-8', '-2'], g = [-8, 1, 4, 1])
2022-02-12 17:14:06,854 INFO: Elliptic Chabauty map computed. (delta = ['-72', '12', '52', '6', '-8', '-2'], g = [-8, 1, 4, 1])
2022-02-12 17:14:06,857 INFO: Computing elliptic Chabauty map... (delta = ['24', '-4', '-20', '-2', '4', '1'], g = [-3, 0, 1])
2022-02-12 17:14:17,905 INFO: Elliptic Chabauty map computed. (delta = ['24', '-4', '-20', '-2', '4', '1'], g = [-3, 0, 1])
2022-02-12 17:14:17,908 INFO: Computing elliptic Chabauty map... (delta = ['24', '-4', '-20', '-2', '4', '1'], g = [-8, 1, 4, 1])
2022-02-12 17:14:29,110 INFO: Elliptic Chabauty map computed. (delta = ['24', '-4', '-20', '-2', '4', '1'], g = [-8, 1, 4, 1])
2022-02-12 17:14:29,114 INFO: Computing elliptic Chabauty map... (delta = ['1'], g = [-3, 0, 1])
2022-02-12 17:14:40,196 INFO: Elliptic Chabauty map computed. (delta = ['1'], g = [-3, 0, 1])
2022-02-12 17:14:40,201 INFO: Computing elliptic Chabauty map... (delta = ['1'], g = [-8, 1, 4, 1])
2022-02-12 17:14:51,363 INFO: Elliptic Chabauty map computed. (delta = ['1'], g = [-8, 1, 4, 1])
2022-02-12 17:14:51,367 INFO: Computing elliptic Chabauty map... (delta = ['-3', '11', '-8', '-4', '3', '1'], g = [-3, 0, 1])
2022-02-12 17:15:02,295 INFO: Elliptic Chabauty map computed. (delta = ['-3', '11', '-8', '-4', '3', '1'], g = [-3, 0, 1])
2022-02-12 17:15:02,300 INFO: Computing elliptic Chabauty map... (delta = ['-3', '11', '-8', '-4', '3', '1'], g = [-8, 1, 4, 1])
2022-02-12 17:15:13,554 INFO: Elliptic Chabauty map computed. (delta = ['-3', '11', '-8', '-4', '3', '1'], g = [-8, 1, 4, 1])
2022-02-12 17:15:13,559 INFO: Tasks complete. Recording data and exiting.
