2022-01-12 12:30:06,898 INFO: Initialized curve data.
2022-01-12 12:30:06,902 INFO: Setting up initial twist data...
2022-01-12 12:30:08,030 INFO: Twist setup complete.
2022-01-12 12:30:08,030 INFO: Searching for rational points on each twist...
2022-01-12 12:30:10,848 INFO: Finished searching for rational points on each twist.
2022-01-12 12:30:10,848 INFO: Testing local solvability of twists...
2022-01-12 12:30:10,857 INFO: Finished local solvability testing.
2022-01-12 12:30:10,858 INFO: Computing elliptic curve a-invariants...
2022-01-12 12:30:19,046 INFO: Finished computation of a-invariants.
2022-01-12 12:30:19,048 INFO: Computing MW group (delta = ['-1', '-1'], g = [4, 1, -16, -8, 20, 16])...
2022-01-12 14:30:04,657 INFO: Finished MW computation (delta = ['-1', '-1'], g = [4, 1, -16, -8, 20, 16])
2022-01-12 14:30:04,666 INFO: Computing MW group (delta = ['-4', '0', '17', '8', '-20', '-16'], g = [4, 1, -16, -8, 20, 16])...
2022-01-14 11:32:41,120 INFO: Loaded curve data from file.
2022-01-14 11:32:41,120 INFO: Reducing MW generators...
2022-01-14 11:32:41,312 INFO: Finished reducing MW generators.
2022-01-14 11:32:41,314 INFO: Skipped Chabauty because MW group hasn't been provably computed. (delta = ['-1', '-1'], g = [4, 1, -16, -8, 20, 16])
2022-01-14 11:32:41,314 INFO: Skipped Chabauty because MW generators haven't been computed. (delta = ['-4', '0', '17', '8', '-20', '-16'], g = [4, 1, -16, -8, 20, 16])
2022-01-14 11:32:41,314 INFO: Skipped Chabauty because MW generators haven't been computed. (delta = ['1'], g = [4, 1, -16, -8, 20, 16])
2022-01-14 11:32:41,314 INFO: Skipped Chabauty because MW generators haven't been computed. (delta = ['4', '0', '-18', '-9', '20', '16'], g = [4, 1, -16, -8, 20, 16])
2022-01-14 11:32:41,316 INFO: Tasks complete. Recording data and exiting.
2022-02-12 17:34:34,192 INFO: Loaded curve data from file.
2022-02-12 17:34:34,192 INFO: Computing elliptic Chabauty map... (delta = ['-1', '-1'], g = [4, 1, -16, -8, 20, 16])
2022-02-12 17:34:48,803 INFO: Elliptic Chabauty map computed. (delta = ['-1', '-1'], g = [4, 1, -16, -8, 20, 16])
2022-02-12 17:34:48,806 INFO: Computing elliptic Chabauty map... (delta = ['-4', '0', '17', '8', '-20', '-16'], g = [4, 1, -16, -8, 20, 16])
2022-02-12 17:35:03,179 INFO: Elliptic Chabauty map computed. (delta = ['-4', '0', '17', '8', '-20', '-16'], g = [4, 1, -16, -8, 20, 16])
2022-02-12 17:35:03,181 INFO: Computing elliptic Chabauty map... (delta = ['1'], g = [4, 1, -16, -8, 20, 16])
2022-02-12 17:35:17,680 INFO: Elliptic Chabauty map computed. (delta = ['1'], g = [4, 1, -16, -8, 20, 16])
2022-02-12 17:35:17,682 INFO: Computing elliptic Chabauty map... (delta = ['4', '0', '-18', '-9', '20', '16'], g = [4, 1, -16, -8, 20, 16])
2022-02-12 17:35:32,184 INFO: Elliptic Chabauty map computed. (delta = ['4', '0', '-18', '-9', '20', '16'], g = [4, 1, -16, -8, 20, 16])
2022-02-12 17:35:32,187 INFO: Tasks complete. Recording data and exiting.
