2022-01-11 15:34:25,220 INFO: Initialized curve data.
2022-01-11 15:34:25,224 INFO: Setting up initial twist data...
2022-01-11 15:34:26,080 INFO: Twist setup complete.
2022-01-11 15:34:26,080 INFO: Searching for rational points on each twist...
2022-01-11 15:34:29,361 INFO: Finished searching for rational points on each twist.
2022-01-11 15:34:29,361 INFO: Testing local solvability of twists...
2022-01-11 15:34:39,040 INFO: Finished local solvability testing.
2022-01-11 15:34:39,043 INFO: Computing elliptic curve a-invariants...
2022-01-11 15:34:42,056 INFO: Finished computation of a-invariants.
2022-01-11 15:34:42,058 INFO: Skipped MW computation because no base point (delta = ['-2', '-3', '-1', '0', '1'])
2022-01-11 15:34:42,058 INFO: Computing MW group (delta = ['2', '5', '4', '1', '-1', '-1'], g = [-1, -1, 1])...
2022-01-11 15:34:42,738 INFO: Finished MW computation (delta = ['2', '5', '4', '1', '-1', '-1'], g = [-1, -1, 1])
2022-01-11 15:34:42,740 INFO: Computing MW group (delta = ['2', '5', '4', '1', '-1', '-1'], g = [-2, -2, 0, 1])...
2022-01-11 15:34:46,816 INFO: Finished MW computation (delta = ['2', '5', '4', '1', '-1', '-1'], g = [-2, -2, 0, 1])
2022-01-11 15:34:46,820 INFO: Skipped MW computation because no base point (delta = ['-1', '1', '3', '0', '-1'])
2022-01-11 15:34:46,820 INFO: Computing MW group (delta = ['1'], g = [-1, -1, 1])...
2022-01-11 15:34:47,442 INFO: Finished MW computation (delta = ['1'], g = [-1, -1, 1])
2022-01-11 15:34:47,446 INFO: Computing MW group (delta = ['1'], g = [-2, -2, 0, 1])...
2022-01-11 15:34:49,712 INFO: Finished MW computation (delta = ['1'], g = [-2, -2, 0, 1])
2022-01-11 15:34:49,715 INFO: Computing MW group (delta = ['4', '4', '-9', '-10', '0', '4'], g = [-1, -1, 1])...
2022-01-11 15:34:50,332 INFO: Finished MW computation (delta = ['4', '4', '-9', '-10', '0', '4'], g = [-1, -1, 1])
2022-01-11 15:34:50,336 INFO: Computing MW group (delta = ['4', '4', '-9', '-10', '0', '4'], g = [-2, -2, 0, 1])...
2022-01-11 15:34:54,461 INFO: Finished MW computation (delta = ['4', '4', '-9', '-10', '0', '4'], g = [-2, -2, 0, 1])
2022-01-11 15:34:54,465 INFO: Computing MW group (delta = ['2', '3', '0', '-3', '-1', '1'], g = [-1, -1, 1])...
2022-01-11 15:34:55,513 INFO: Finished MW computation (delta = ['2', '3', '0', '-3', '-1', '1'], g = [-1, -1, 1])
2022-01-11 15:34:55,517 INFO: Computing MW group (delta = ['2', '3', '0', '-3', '-1', '1'], g = [-2, -2, 0, 1])...
2022-01-11 15:34:59,766 INFO: Finished MW computation (delta = ['2', '3', '0', '-3', '-1', '1'], g = [-2, -2, 0, 1])
2022-01-11 15:34:59,770 INFO: Computing MW group (delta = ['-2', '-3', '1', '3', '1', '-1'], g = [-1, -1, 1])...
2022-01-11 15:35:00,771 INFO: Finished MW computation (delta = ['-2', '-3', '1', '3', '1', '-1'], g = [-1, -1, 1])
2022-01-11 15:35:00,775 INFO: Computing MW group (delta = ['-2', '-3', '1', '3', '1', '-1'], g = [-2, -2, 0, 1])...
2022-01-11 15:35:04,865 INFO: Finished MW computation (delta = ['-2', '-3', '1', '3', '1', '-1'], g = [-2, -2, 0, 1])
2022-01-11 15:35:04,869 INFO: Skipped MW computation because no base point (delta = ['-4', '-8', '-1', '5', '2', '-2'])
2022-01-11 15:35:04,872 INFO: Reducing MW generators...
2022-01-11 15:35:09,321 INFO: Finished reducing MW generators.
2022-01-11 15:35:09,325 INFO: Tasks complete. Recording data and exiting.
2022-01-14 09:07:56,359 INFO: Loaded curve data from file.
2022-01-14 09:07:56,359 INFO: Skipped Chabauty because no base point (delta = ['-2', '-3', '-1', '0', '1'])
2022-01-14 09:07:56,359 INFO: Running elliptic Chabauty (delta = ['2', '5', '4', '1', '-1', '-1'], g = [-1, -1, 1])...
2022-01-14 09:08:05,558 INFO: Chabauty completed successfully (delta = ['2', '5', '4', '1', '-1', '-1'], g = [-1, -1, 1]).
2022-01-14 09:08:05,631 INFO: Skipped Chabauty because twist points already verified. (delta = ['2', '5', '4', '1', '-1', '-1'])
2022-01-14 09:08:05,631 INFO: Skipped Chabauty because no base point (delta = ['-1', '1', '3', '0', '-1'])
2022-01-14 09:08:05,632 INFO: Running elliptic Chabauty (delta = ['1'], g = [-1, -1, 1])...
2022-01-14 09:08:14,417 INFO: Chabauty completed successfully (delta = ['1'], g = [-1, -1, 1]).
2022-01-14 09:08:14,421 INFO: Skipped Chabauty because twist points already verified. (delta = ['1'])
2022-01-14 09:08:14,421 INFO: Running elliptic Chabauty (delta = ['4', '4', '-9', '-10', '0', '4'], g = [-1, -1, 1])...
2022-01-14 09:08:23,055 INFO: Chabauty completed successfully (delta = ['4', '4', '-9', '-10', '0', '4'], g = [-1, -1, 1]).
2022-01-14 09:08:23,058 INFO: Skipped Chabauty because twist points already verified. (delta = ['4', '4', '-9', '-10', '0', '4'])
2022-01-14 09:08:23,058 INFO: Skipped Chabauty because rank >= degree(g). (delta = ['2', '3', '0', '-3', '-1', '1'], g = [-1, -1, 1])
2022-01-14 09:08:23,058 INFO: Running elliptic Chabauty (delta = ['2', '3', '0', '-3', '-1', '1'], g = [-2, -2, 0, 1])...
2022-01-14 09:08:32,964 INFO: Chabauty completed successfully (delta = ['2', '3', '0', '-3', '-1', '1'], g = [-2, -2, 0, 1]).
2022-01-14 09:08:32,976 INFO: Skipped Chabauty because rank >= degree(g). (delta = ['-2', '-3', '1', '3', '1', '-1'], g = [-1, -1, 1])
2022-01-14 09:08:32,976 INFO: Running elliptic Chabauty (delta = ['-2', '-3', '1', '3', '1', '-1'], g = [-2, -2, 0, 1])...
2022-01-14 09:08:42,739 INFO: Chabauty completed successfully (delta = ['-2', '-3', '1', '3', '1', '-1'], g = [-2, -2, 0, 1]).
2022-01-14 09:08:42,742 INFO: Skipped Chabauty because no base point (delta = ['-4', '-8', '-1', '5', '2', '-2'])
2022-01-14 09:08:43,100 INFO: Rational points successfully computed.
2022-01-14 09:08:43,103 INFO: Tasks complete. Recording data and exiting.
