2022-02-01 12:30:14,458 INFO: Initialized curve data.
2022-02-01 12:30:14,461 INFO: Setting up initial twist data...
2022-02-01 12:30:15,524 INFO: Twist setup complete.
2022-02-01 12:30:15,524 INFO: Searching for rational points on each twist...
2022-02-01 12:30:17,177 INFO: Finished searching for rational points on each twist.
2022-02-01 12:30:17,177 INFO: Testing local solvability of twists...
2022-02-01 12:30:17,183 INFO: Finished local solvability testing.
2022-02-01 12:30:17,185 INFO: Computing elliptic curve a-invariants...
2022-02-01 12:30:31,222 INFO: Finished computation of a-invariants.
2022-02-01 12:30:31,224 INFO: Computing MW group (delta = ['16', '-32', '1', '3', '0', '16'], g = [4, -8, 0, 1, 0, 4])...
2022-02-01 12:31:49,065 INFO: Finished MW computation (delta = ['16', '-32', '1', '3', '0', '16'], g = [4, -8, 0, 1, 0, 4])
2022-02-01 12:31:49,068 INFO: Computing MW group (delta = ['4', '-9', '0', '1', '0', '4'], g = [4, -8, 0, 1, 0, 4])...
2022-02-01 12:45:55,380 INFO: Finished MW computation (delta = ['4', '-9', '0', '1', '0', '4'], g = [4, -8, 0, 1, 0, 4])
2022-02-01 12:45:55,383 INFO: Computing MW group (delta = ['1'], g = [4, -8, 0, 1, 0, 4])...
2022-02-02 04:42:44,512 INFO: Loaded curve data from file.
2022-02-02 04:42:44,512 INFO: Reducing MW generators...
2022-02-02 04:42:45,301 INFO: Finished reducing MW generators.
2022-02-02 04:42:45,303 INFO: Skipped Chabauty because MW group hasn't been provably computed. (delta = ['16', '-32', '1', '3', '0', '16'], g = [4, -8, 0, 1, 0, 4])
2022-02-02 04:42:45,303 INFO: Running elliptic Chabauty (delta = ['4', '-9', '0', '1', '0', '4'], g = [4, -8, 0, 1, 0, 4])...
2022-02-02 04:43:08,576 INFO: Chabauty completed successfully (delta = ['4', '-9', '0', '1', '0', '4'], g = [4, -8, 0, 1, 0, 4]).
2022-02-02 04:43:08,578 INFO: Skipped Chabauty because MW generators haven't been computed. (delta = ['1'], g = [4, -8, 0, 1, 0, 4])
2022-02-02 04:43:08,578 INFO: Skipped Chabauty because MW generators haven't been computed. (delta = ['4', '-9', '1', '1', '0', '4'], g = [4, -8, 0, 1, 0, 4])
2022-02-02 04:43:08,617 INFO: Tasks complete. Recording data and exiting.
2022-02-12 16:42:04,383 INFO: Loaded curve data from file.
2022-02-12 16:42:04,384 INFO: Computing elliptic Chabauty map... (delta = ['16', '-32', '1', '3', '0', '16'], g = [4, -8, 0, 1, 0, 4])
2022-02-12 16:42:11,942 INFO: Elliptic Chabauty map computed. (delta = ['16', '-32', '1', '3', '0', '16'], g = [4, -8, 0, 1, 0, 4])
2022-02-12 16:42:11,944 INFO: Computing elliptic Chabauty map... (delta = ['4', '-9', '0', '1', '0', '4'], g = [4, -8, 0, 1, 0, 4])
2022-02-12 16:42:19,289 INFO: Elliptic Chabauty map computed. (delta = ['4', '-9', '0', '1', '0', '4'], g = [4, -8, 0, 1, 0, 4])
2022-02-12 16:42:19,291 INFO: Computing elliptic Chabauty map... (delta = ['1'], g = [4, -8, 0, 1, 0, 4])
2022-02-12 16:42:26,702 INFO: Elliptic Chabauty map computed. (delta = ['1'], g = [4, -8, 0, 1, 0, 4])
2022-02-12 16:42:26,704 INFO: Computing elliptic Chabauty map... (delta = ['4', '-9', '1', '1', '0', '4'], g = [4, -8, 0, 1, 0, 4])
2022-02-12 16:42:34,105 INFO: Elliptic Chabauty map computed. (delta = ['4', '-9', '1', '1', '0', '4'], g = [4, -8, 0, 1, 0, 4])
2022-02-12 16:42:34,107 INFO: Tasks complete. Recording data and exiting.
