2022-01-11 15:39:22,135 INFO: Initialized curve data.
2022-01-11 15:39:22,137 INFO: Setting up initial twist data...
2022-01-11 15:39:24,354 INFO: Twist setup complete.
2022-01-11 15:39:24,355 INFO: Searching for rational points on each twist...
2022-01-11 15:39:28,085 INFO: Finished searching for rational points on each twist.
2022-01-11 15:39:28,085 INFO: Testing local solvability of twists...
2022-01-11 15:39:39,008 INFO: Finished local solvability testing.
2022-01-11 15:39:39,010 INFO: Computing elliptic curve a-invariants...
2022-01-11 15:39:44,605 INFO: Finished computation of a-invariants.
2022-01-11 15:39:44,608 INFO: Computing MW group (delta = ['-4', '15', '-14', '-4', '18', '-27'], g = [1, 1])...
2022-01-11 15:39:45,269 INFO: Finished MW computation (delta = ['-4', '15', '-14', '-4', '18', '-27'], g = [1, 1])
2022-01-11 15:39:45,272 INFO: Computing MW group (delta = ['-4', '15', '-14', '-4', '18', '-27'], g = [-4, 4, 0, -3, 9])...
2022-01-11 15:40:01,811 INFO: Finished MW computation (delta = ['-4', '15', '-14', '-4', '18', '-27'], g = [-4, 4, 0, -3, 9])
2022-01-11 15:40:01,817 INFO: Computing MW group (delta = ['1/2', '-1/2', '3', '0', '-3/2', '9/2'], g = [1, 1])...
2022-01-11 15:40:02,198 INFO: Finished MW computation (delta = ['1/2', '-1/2', '3', '0', '-3/2', '9/2'], g = [1, 1])
2022-01-11 15:40:02,201 INFO: Computing MW group (delta = ['1/2', '-1/2', '3', '0', '-3/2', '9/2'], g = [-4, 4, 0, -3, 9])...
2022-01-11 15:40:21,161 INFO: Finished MW computation (delta = ['1/2', '-1/2', '3', '0', '-3/2', '9/2'], g = [-4, 4, 0, -3, 9])
2022-01-11 15:40:21,166 INFO: Skipped MW computation because no base point (delta = ['-1/2', '-1'])
2022-01-11 15:40:21,167 INFO: Computing MW group (delta = ['1'], g = [1, 1])...
2022-01-11 15:40:21,526 INFO: Finished MW computation (delta = ['1'], g = [1, 1])
2022-01-11 15:40:21,530 INFO: Computing MW group (delta = ['1'], g = [-4, 4, 0, -3, 9])...
