2022-01-13 21:54:54,859 INFO: Initialized curve data.
2022-01-13 21:54:54,867 INFO: Setting up initial twist data...
2022-01-13 21:54:55,865 INFO: Twist setup complete.
2022-01-13 21:54:55,866 INFO: Searching for rational points on each twist...
2022-01-13 21:54:57,563 INFO: Finished searching for rational points on each twist.
2022-01-13 21:54:57,563 INFO: Testing local solvability of twists...
2022-01-13 21:54:57,569 INFO: Finished local solvability testing.
2022-01-13 21:54:57,570 INFO: Computing elliptic curve a-invariants...
2022-01-13 21:55:08,581 INFO: Finished computation of a-invariants.
2022-01-13 21:55:08,582 INFO: Computing MW group (delta = ['5', '15', '-9', '-15', '4', '4'], g = [4, 16, -9, -15, 4, 4])...
2022-01-13 21:56:49,620 INFO: Finished MW computation (delta = ['5', '15', '-9', '-15', '4', '4'], g = [4, 16, -9, -15, 4, 4])
2022-01-13 21:56:49,623 INFO: Computing MW group (delta = ['-6', '-14', '10', '14', '-4', '-4'], g = [4, 16, -9, -15, 4, 4])...
2022-01-13 21:57:45,063 INFO: Finished MW computation (delta = ['-6', '-14', '10', '14', '-4', '-4'], g = [4, 16, -9, -15, 4, 4])
2022-01-13 21:57:45,066 INFO: Computing MW group (delta = ['-2', '0', '1'], g = [4, 16, -9, -15, 4, 4])...
2022-01-13 21:59:46,897 INFO: Finished MW computation (delta = ['-2', '0', '1'], g = [4, 16, -9, -15, 4, 4])
2022-01-13 21:59:46,900 INFO: Computing MW group (delta = ['1'], g = [4, 16, -9, -15, 4, 4])...
2022-01-14 11:35:34,056 INFO: Loaded curve data from file.
2022-01-14 11:35:34,056 INFO: Reducing MW generators...
2022-01-14 11:35:34,301 INFO: Finished reducing MW generators.
2022-01-14 11:35:34,304 INFO: Skipped Chabauty because MW group hasn't been provably computed. (delta = ['5', '15', '-9', '-15', '4', '4'], g = [4, 16, -9, -15, 4, 4])
2022-01-14 11:35:34,304 INFO: Skipped Chabauty because MW group hasn't been provably computed. (delta = ['-6', '-14', '10', '14', '-4', '-4'], g = [4, 16, -9, -15, 4, 4])
2022-01-14 11:35:34,304 INFO: Skipped Chabauty because MW group hasn't been provably computed. (delta = ['-2', '0', '1'], g = [4, 16, -9, -15, 4, 4])
2022-01-14 11:35:34,304 INFO: Skipped Chabauty because MW generators haven't been computed. (delta = ['1'], g = [4, 16, -9, -15, 4, 4])
2022-01-14 11:35:34,306 INFO: Tasks complete. Recording data and exiting.
