2022-01-11 12:31:52,643 INFO: Initialized curve data.
2022-01-11 12:31:52,645 INFO: Setting up initial twist data...
2022-01-11 12:31:53,813 INFO: Twist setup complete.
2022-01-11 12:31:53,813 INFO: Searching for rational points on each twist...
2022-01-11 12:31:56,058 INFO: Finished searching for rational points on each twist.
2022-01-11 12:31:56,058 INFO: Testing local solvability of twists...
2022-01-11 12:31:56,063 INFO: Finished local solvability testing.
2022-01-11 12:31:56,064 INFO: Computing elliptic curve a-invariants...
2022-01-11 12:32:10,560 INFO: Finished computation of a-invariants.
2022-01-11 12:32:10,561 INFO: Computing MW group (delta = ['0', '-12', '-16', '-4', '0', '4'], g = [-2, -11, -16, -4, 0, 4])...
2022-01-11 12:32:50,027 INFO: Finished MW computation (delta = ['0', '-12', '-16', '-4', '0', '4'], g = [-2, -11, -16, -4, 0, 4])
2022-01-11 12:32:50,030 INFO: Computing MW group (delta = ['4', '20', '33', '8', '0', '-8'], g = [-2, -11, -16, -4, 0, 4])...
2022-01-11 12:34:16,559 INFO: Finished MW computation (delta = ['4', '20', '33', '8', '0', '-8'], g = [-2, -11, -16, -4, 0, 4])
2022-01-11 12:34:16,561 INFO: Computing MW group (delta = ['1'], g = [-2, -11, -16, -4, 0, 4])...
2022-01-11 12:36:36,445 INFO: Finished MW computation (delta = ['1'], g = [-2, -11, -16, -4, 0, 4])
2022-01-11 12:36:36,450 INFO: Computing MW group (delta = ['32', '172', '260', '63', '0', '-64'], g = [-2, -11, -16, -4, 0, 4])...
2022-01-11 12:37:16,867 INFO: Finished MW computation (delta = ['32', '172', '260', '63', '0', '-64'], g = [-2, -11, -16, -4, 0, 4])
2022-01-11 12:37:16,873 INFO: Reducing MW generators...
2022-01-11 12:37:20,026 INFO: Finished reducing MW generators.
2022-01-11 12:37:20,029 INFO: Tasks complete. Recording data and exiting.
2022-01-13 17:36:58,305 INFO: Loaded curve data from file.
2022-01-13 17:36:58,306 INFO: Skipped Chabauty because MW group hasn't been provably computed. (delta = ['0', '-12', '-16', '-4', '0', '4'], g = [-2, -11, -16, -4, 0, 4])
2022-01-13 17:36:58,306 INFO: Running elliptic Chabauty (delta = ['4', '20', '33', '8', '0', '-8'], g = [-2, -11, -16, -4, 0, 4])...
2022-01-13 17:37:16,150 INFO: Chabauty completed successfully (delta = ['4', '20', '33', '8', '0', '-8'], g = [-2, -11, -16, -4, 0, 4]).
2022-01-13 17:37:16,170 INFO: Running elliptic Chabauty (delta = ['1'], g = [-2, -11, -16, -4, 0, 4])...
2022-01-13 17:37:51,780 INFO: Chabauty completed successfully (delta = ['1'], g = [-2, -11, -16, -4, 0, 4]).
2022-01-13 17:37:51,782 INFO: Running elliptic Chabauty (delta = ['32', '172', '260', '63', '0', '-64'], g = [-2, -11, -16, -4, 0, 4])...
2022-01-13 17:38:10,896 INFO: Chabauty completed successfully (delta = ['32', '172', '260', '63', '0', '-64'], g = [-2, -11, -16, -4, 0, 4]).
2022-01-13 17:38:11,022 INFO: Tasks complete. Recording data and exiting.
