2022-01-01 12:50:45,205 INFO: Initialized curve data.
2022-01-01 12:50:45,214 INFO: Setting up initial twist data...
2022-01-01 12:50:46,717 INFO: Twist setup complete.
2022-01-01 12:50:46,717 INFO: Searching for rational points on each twist...
2022-01-01 12:50:47,880 INFO: Finished searching for rational points on each twist.
2022-01-01 12:50:47,880 INFO: Testing local solvability of twists...
2022-01-01 12:50:53,026 INFO: Finished local solvability testing.
2022-01-01 12:50:53,027 INFO: Computing elliptic curve a-invariants...
2022-01-01 12:50:59,202 INFO: Finished computation of a-invariants.
2022-01-01 12:50:59,204 INFO: Computing MW group (delta = ['1', '2', '1', '0', '8', '4'], g = [1, 1, 0, 0, 8, 4])...
2022-01-01 12:53:10,620 INFO: Finished MW computation (delta = ['1', '2', '1', '0', '8', '4'], g = [1, 1, 0, 0, 8, 4])
2022-01-01 12:53:10,623 INFO: Computing MW group (delta = ['0', '0', '0', '0', '8', '4'], g = [1, 1, 0, 0, 8, 4])...
2022-01-01 12:53:32,775 INFO: Finished MW computation (delta = ['0', '0', '0', '0', '8', '4'], g = [1, 1, 0, 0, 8, 4])
2022-01-01 12:53:32,777 INFO: Computing MW group (delta = ['1'], g = [1, 1, 0, 0, 8, 4])...
2022-01-01 12:55:39,419 INFO: Finished MW computation (delta = ['1'], g = [1, 1, 0, 0, 8, 4])
2022-01-01 12:55:39,422 INFO: Skipped MW computation because no base point (delta = ['4', '3', '-2', '-1', '32', '16'])
2022-01-01 12:55:39,423 INFO: Reducing MW generators...
2022-01-01 12:55:45,158 INFO: Finished reducing MW generators.
2022-01-01 12:55:45,160 INFO: Running elliptic Chabauty (delta = ['1', '2', '1', '0', '8', '4'], g = [1, 1, 0, 0, 8, 4])...
2022-01-01 13:02:50,429 INFO: Chabauty completed successfully (delta = ['1', '2', '1', '0', '8', '4'], g = [1, 1, 0, 0, 8, 4]).
2022-01-01 13:02:50,432 INFO: Running elliptic Chabauty (delta = ['0', '0', '0', '0', '8', '4'], g = [1, 1, 0, 0, 8, 4])...
2022-01-01 13:03:05,191 INFO: Chabauty completed successfully (delta = ['0', '0', '0', '0', '8', '4'], g = [1, 1, 0, 0, 8, 4]).
2022-01-01 13:03:05,194 INFO: Running elliptic Chabauty (delta = ['1'], g = [1, 1, 0, 0, 8, 4])...
2022-01-01 13:03:22,461 INFO: Chabauty completed successfully (delta = ['1'], g = [1, 1, 0, 0, 8, 4]).
2022-01-01 13:03:22,464 INFO: Skipped Chabauty because no base point (delta = ['4', '3', '-2', '-1', '32', '16'])
2022-01-01 13:03:22,728 INFO: Rational points successfully computed.
2022-01-01 13:03:22,730 INFO: Tasks complete. Recording data and exiting.
2022-01-03 13:14:57,000 INFO: Obsolete "loc_solv_error" keys removed.
2022-01-03 13:14:57,000 INFO: Deleted results of Chabauty computation.
