2022-01-11 15:10:20,808 INFO: Initialized curve data.
2022-01-11 15:10:20,810 INFO: Setting up initial twist data...
2022-01-11 15:10:21,861 INFO: Twist setup complete.
2022-01-11 15:10:21,861 INFO: Searching for rational points on each twist...
2022-01-11 15:10:24,952 INFO: Finished searching for rational points on each twist.
2022-01-11 15:10:24,953 INFO: Testing local solvability of twists...
2022-01-11 15:10:24,958 INFO: Finished local solvability testing.
2022-01-11 15:10:24,959 INFO: Computing elliptic curve a-invariants...
2022-01-11 15:10:44,239 INFO: Finished computation of a-invariants.
2022-01-11 15:10:44,240 INFO: Computing MW group (delta = ['16', '-28', '-23', '11', '24', '4'], g = [4, -7, -6, 3, 6, 1])...
2022-01-11 15:12:22,887 INFO: Finished MW computation (delta = ['16', '-28', '-23', '11', '24', '4'], g = [4, -7, -6, 3, 6, 1])
2022-01-11 15:12:22,890 INFO: Computing MW group (delta = ['4', '-8', '-6', '3', '6', '1'], g = [4, -7, -6, 3, 6, 1])...
2022-01-11 15:13:27,057 INFO: Finished MW computation (delta = ['4', '-8', '-6', '3', '6', '1'], g = [4, -7, -6, 3, 6, 1])
2022-01-11 15:13:27,059 INFO: Computing MW group (delta = ['1'], g = [4, -7, -6, 3, 6, 1])...
2022-01-11 15:14:34,848 INFO: Finished MW computation (delta = ['1'], g = [4, -7, -6, 3, 6, 1])
2022-01-11 15:14:34,850 INFO: Computing MW group (delta = ['4', '-8', '-5', '3', '6', '1'], g = [4, -7, -6, 3, 6, 1])...
2022-01-11 15:15:59,885 INFO: Finished MW computation (delta = ['4', '-8', '-5', '3', '6', '1'], g = [4, -7, -6, 3, 6, 1])
2022-01-11 15:15:59,889 INFO: Reducing MW generators...
2022-01-11 15:16:04,832 INFO: Finished reducing MW generators.
2022-01-11 15:16:04,834 INFO: Tasks complete. Recording data and exiting.
2022-01-14 09:07:36,113 INFO: Loaded curve data from file.
2022-01-14 09:07:36,114 INFO: Running elliptic Chabauty (delta = ['16', '-28', '-23', '11', '24', '4'], g = [4, -7, -6, 3, 6, 1])...
2022-01-14 09:07:57,423 INFO: Chabauty completed successfully (delta = ['16', '-28', '-23', '11', '24', '4'], g = [4, -7, -6, 3, 6, 1]).
2022-01-14 09:07:57,429 INFO: Running elliptic Chabauty (delta = ['4', '-8', '-6', '3', '6', '1'], g = [4, -7, -6, 3, 6, 1])...
2022-01-14 09:08:17,780 INFO: Chabauty completed successfully (delta = ['4', '-8', '-6', '3', '6', '1'], g = [4, -7, -6, 3, 6, 1]).
2022-01-14 09:08:17,782 INFO: Running elliptic Chabauty (delta = ['1'], g = [4, -7, -6, 3, 6, 1])...
2022-01-14 09:08:37,428 INFO: Chabauty completed successfully (delta = ['1'], g = [4, -7, -6, 3, 6, 1]).
2022-01-14 09:08:37,432 INFO: Running elliptic Chabauty (delta = ['4', '-8', '-5', '3', '6', '1'], g = [4, -7, -6, 3, 6, 1])...
2022-01-14 09:08:56,484 INFO: Chabauty completed successfully (delta = ['4', '-8', '-5', '3', '6', '1'], g = [4, -7, -6, 3, 6, 1]).
2022-01-14 09:08:56,790 INFO: Rational points successfully computed.
2022-01-14 09:08:56,793 INFO: Tasks complete. Recording data and exiting.
