2022-01-12 12:19:45,979 INFO: Initialized curve data.
2022-01-12 12:19:45,982 INFO: Setting up initial twist data...
2022-01-12 12:19:47,137 INFO: Twist setup complete.
2022-01-12 12:19:47,137 INFO: Searching for rational points on each twist...
2022-01-12 12:19:49,206 INFO: Finished searching for rational points on each twist.
2022-01-12 12:19:49,206 INFO: Testing local solvability of twists...
2022-01-12 12:19:49,212 INFO: Finished local solvability testing.
2022-01-12 12:19:49,213 INFO: Computing elliptic curve a-invariants...
2022-01-12 12:20:01,591 INFO: Finished computation of a-invariants.
2022-01-12 12:20:01,593 INFO: Computing MW group (delta = ['-4', '-4', '10', '-5', '2', '1'], g = [-4, -3, 10, -5, 2, 1])...
2022-01-12 12:22:19,799 INFO: Finished MW computation (delta = ['-4', '-4', '10', '-5', '2', '1'], g = [-4, -3, 10, -5, 2, 1])
2022-01-12 12:22:19,802 INFO: Computing MW group (delta = ['16', '12', '-39', '19', '-8', '-4'], g = [-4, -3, 10, -5, 2, 1])...
2022-01-12 12:29:26,469 INFO: Finished MW computation (delta = ['16', '12', '-39', '19', '-8', '-4'], g = [-4, -3, 10, -5, 2, 1])
2022-01-12 12:29:26,472 INFO: Computing MW group (delta = ['1'], g = [-4, -3, 10, -5, 2, 1])...
2022-01-12 12:36:36,797 INFO: Finished MW computation (delta = ['1'], g = [-4, -3, 10, -5, 2, 1])
2022-01-12 12:36:36,801 INFO: Computing MW group (delta = ['-4', '-4', '11', '-5', '2', '1'], g = [-4, -3, 10, -5, 2, 1])...
2022-01-12 12:38:15,507 INFO: Finished MW computation (delta = ['-4', '-4', '11', '-5', '2', '1'], g = [-4, -3, 10, -5, 2, 1])
2022-01-12 12:38:15,515 INFO: Reducing MW generators...
2022-01-12 12:38:18,059 INFO: Finished reducing MW generators.
2022-01-12 12:38:18,062 INFO: Tasks complete. Recording data and exiting.
