2022-01-14 12:17:21,357 INFO: Initialized curve data.
2022-01-14 12:17:21,360 INFO: Setting up initial twist data...
2022-01-14 12:17:22,478 INFO: Twist setup complete.
2022-01-14 12:17:22,478 INFO: Searching for rational points on each twist...
2022-01-14 12:17:24,330 INFO: Finished searching for rational points on each twist.
2022-01-14 12:17:24,331 INFO: Testing local solvability of twists...
2022-01-14 12:17:26,140 INFO: Finished local solvability testing.
2022-01-14 12:17:26,141 INFO: Computing elliptic curve a-invariants...
2022-01-14 12:17:39,339 INFO: Finished computation of a-invariants.
2022-01-14 12:17:39,341 INFO: Computing MW group (delta = ['4', '-21', '0', '16', '8', '1'], g = [4, -20, 0, 16, 8, 1])...
2022-01-14 12:18:41,517 INFO: Finished MW computation (delta = ['4', '-21', '0', '16', '8', '1'], g = [4, -20, 0, 16, 8, 1])
2022-01-14 12:18:41,520 INFO: Skipped MW computation because no base point (delta = ['1', '-1'])
2022-01-14 12:18:41,520 INFO: Computing MW group (delta = ['1'], g = [4, -20, 0, 16, 8, 1])...
2022-01-14 12:22:30,998 INFO: Finished MW computation (delta = ['1'], g = [4, -20, 0, 16, 8, 1])
2022-01-14 12:22:31,001 INFO: Computing MW group (delta = ['4', '-21', '1', '16', '8', '1'], g = [4, -20, 0, 16, 8, 1])...
2022-01-14 12:27:03,913 INFO: Finished MW computation (delta = ['4', '-21', '1', '16', '8', '1'], g = [4, -20, 0, 16, 8, 1])
2022-01-14 12:27:03,919 INFO: Reducing MW generators...
2022-01-14 12:27:06,425 INFO: Finished reducing MW generators.
2022-01-14 12:27:06,429 INFO: Tasks complete. Recording data and exiting.
2022-01-14 15:52:24,514 INFO: Loaded curve data from file.
2022-01-14 15:52:24,516 INFO: Skipped Chabauty because MW group hasn't been provably computed. (delta = ['4', '-21', '0', '16', '8', '1'], g = [4, -20, 0, 16, 8, 1])
2022-01-14 15:52:24,516 INFO: Skipped Chabauty because no base point (delta = ['1', '-1'])
2022-01-14 15:52:24,516 INFO: Running elliptic Chabauty (delta = ['1'], g = [4, -20, 0, 16, 8, 1])...
2022-01-14 15:52:41,597 INFO: Chabauty completed successfully (delta = ['1'], g = [4, -20, 0, 16, 8, 1]).
2022-01-14 15:52:41,600 INFO: Skipped Chabauty because MW group hasn't been provably computed. (delta = ['4', '-21', '1', '16', '8', '1'], g = [4, -20, 0, 16, 8, 1])
2022-01-14 15:52:41,674 INFO: Tasks complete. Recording data and exiting.
