2022-01-12 09:25:20,805 INFO: Initialized curve data.
2022-01-12 09:25:20,808 INFO: Setting up initial twist data...
2022-01-12 09:25:22,288 INFO: Twist setup complete.
2022-01-12 09:25:22,288 INFO: Searching for rational points on each twist...
2022-01-12 09:25:26,078 INFO: Finished searching for rational points on each twist.
2022-01-12 09:25:26,079 INFO: Testing local solvability of twists...
2022-01-12 09:25:40,325 INFO: Finished local solvability testing.
2022-01-12 09:25:40,327 INFO: Computing elliptic curve a-invariants...
2022-01-12 09:25:54,156 INFO: Finished computation of a-invariants.
2022-01-12 09:25:54,157 INFO: Computing MW group (delta = ['4', '0', '-8', '0', '0', '4'], g = [4, 1, -8, 0, 0, 4])...
2022-01-12 09:26:42,571 INFO: Finished MW computation (delta = ['4', '0', '-8', '0', '0', '4'], g = [4, 1, -8, 0, 0, 4])
2022-01-12 09:26:42,575 INFO: Computing MW group (delta = ['-4', '0', '8', '-1', '0', '-4'], g = [4, 1, -8, 0, 0, 4])...
2022-01-12 09:27:19,108 INFO: Finished MW computation (delta = ['-4', '0', '8', '-1', '0', '-4'], g = [4, 1, -8, 0, 0, 4])
2022-01-12 09:27:19,111 INFO: Skipped MW computation because no base point (delta = ['16', '4', '-31', '-1', '0', '16'])
2022-01-12 09:27:19,111 INFO: Skipped MW computation because no base point (delta = ['-1', '0', '1'])
2022-01-12 09:27:19,111 INFO: Computing MW group (delta = ['4', '0', '-7', '0', '0', '4'], g = [4, 1, -8, 0, 0, 4])...
2022-01-12 09:29:22,818 INFO: Finished MW computation (delta = ['4', '0', '-7', '0', '0', '4'], g = [4, 1, -8, 0, 0, 4])
2022-01-12 09:29:22,821 INFO: Computing MW group (delta = ['1'], g = [4, 1, -8, 0, 0, 4])...
2022-01-12 09:30:26,754 INFO: Finished MW computation (delta = ['1'], g = [4, 1, -8, 0, 0, 4])
2022-01-12 09:30:26,758 INFO: Skipped MW computation because no base point (delta = ['-16', '-4', '31', '1', '1', '-17'])
2022-01-12 09:30:26,758 INFO: Computing MW group (delta = ['-4', '0', '7', '-1', '1', '-4'], g = [4, 1, -8, 0, 0, 4])...
2022-01-12 09:32:28,754 INFO: Finished MW computation (delta = ['-4', '0', '7', '-1', '1', '-4'], g = [4, 1, -8, 0, 0, 4])
2022-01-12 09:32:28,761 INFO: Reducing MW generators...
2022-01-12 09:32:34,962 INFO: Finished reducing MW generators.
2022-01-12 09:32:34,965 INFO: Tasks complete. Recording data and exiting.
