2022-02-01 12:30:33,259 INFO: Initialized curve data.
2022-02-01 12:30:33,264 INFO: Setting up initial twist data...
2022-02-01 12:30:34,567 INFO: Twist setup complete.
2022-02-01 12:30:34,567 INFO: Searching for rational points on each twist...
2022-02-01 12:30:36,701 INFO: Finished searching for rational points on each twist.
2022-02-01 12:30:36,701 INFO: Testing local solvability of twists...
2022-02-01 12:30:36,717 INFO: Finished local solvability testing.
2022-02-01 12:30:36,718 INFO: Computing elliptic curve a-invariants...
2022-02-01 12:30:54,778 INFO: Finished computation of a-invariants.
2022-02-01 12:30:54,780 INFO: Computing MW group (delta = ['4', '-1', '-24', '-28', '-8', '1'], g = [4, 0, -24, -28, -8, 1])...
2022-02-01 12:32:01,333 INFO: Finished MW computation (delta = ['4', '-1', '-24', '-28', '-8', '1'], g = [4, 0, -24, -28, -8, 1])
2022-02-01 12:32:01,336 INFO: Computing MW group (delta = ['-16', '0', '95', '111', '32', '-4'], g = [4, 0, -24, -28, -8, 1])...
2022-02-01 12:33:17,198 INFO: Finished MW computation (delta = ['-16', '0', '95', '111', '32', '-4'], g = [4, 0, -24, -28, -8, 1])
2022-02-01 12:33:17,201 INFO: Computing MW group (delta = ['-4', '1', '25', '28', '8', '-1'], g = [4, 0, -24, -28, -8, 1])...
2022-02-01 12:34:30,570 INFO: Finished MW computation (delta = ['-4', '1', '25', '28', '8', '-1'], g = [4, 0, -24, -28, -8, 1])
2022-02-01 12:34:30,573 INFO: Computing MW group (delta = ['1'], g = [4, 0, -24, -28, -8, 1])...
2022-02-01 12:35:34,147 INFO: Finished MW computation (delta = ['1'], g = [4, 0, -24, -28, -8, 1])
2022-02-01 12:35:34,153 INFO: Reducing MW generators...
2022-02-01 12:35:36,346 INFO: Finished reducing MW generators.
2022-02-01 12:35:36,349 INFO: Tasks complete. Recording data and exiting.
