2022-01-01 12:51:06,108 INFO: Initialized curve data.
2022-01-01 12:51:06,111 INFO: Setting up initial twist data...
2022-01-01 12:51:07,057 INFO: Twist setup complete.
2022-01-01 12:51:07,057 INFO: Searching for rational points on each twist...
2022-01-01 12:51:07,880 INFO: Finished searching for rational points on each twist.
2022-01-01 12:51:07,880 INFO: Testing local solvability of twists...
2022-01-01 12:51:20,504 INFO: Finished local solvability testing.
2022-01-01 12:51:20,505 INFO: Computing elliptic curve a-invariants...
2022-01-01 12:51:25,966 INFO: Finished computation of a-invariants.
2022-01-01 12:51:25,968 INFO: Skipped MW computation because no base point (delta = ['-15', '-41', '-5', '1', '-6', '-2'])
2022-01-01 12:51:25,968 INFO: Computing MW group (delta = ['1'], g = [8, 20, 1, -1, 3, 1])...
2022-01-01 12:52:37,632 INFO: Finished MW computation (delta = ['1'], g = [8, 20, 1, -1, 3, 1])
2022-01-01 12:52:37,636 INFO: Computing MW group (delta = ['-1', '2', '1'], g = [8, 20, 1, -1, 3, 1])...
2022-01-01 13:01:26,737 INFO: Finished MW computation (delta = ['-1', '2', '1'], g = [8, 20, 1, -1, 3, 1])
2022-01-01 13:01:26,741 INFO: Computing MW group (delta = ['7', '19', '1', '-1', '3', '1'], g = [8, 20, 1, -1, 3, 1])...
2022-01-01 13:02:11,170 INFO: Finished MW computation (delta = ['7', '19', '1', '-1', '3', '1'], g = [8, 20, 1, -1, 3, 1])
2022-01-01 13:02:11,177 INFO: Reducing MW generators...
2022-01-01 13:02:14,939 INFO: Finished reducing MW generators.
2022-01-01 13:02:14,942 INFO: Skipped Chabauty because no base point (delta = ['-15', '-41', '-5', '1', '-6', '-2'])
2022-01-01 13:02:14,942 INFO: Running elliptic Chabauty (delta = ['1'], g = [8, 20, 1, -1, 3, 1])...
2022-01-01 13:02:33,251 INFO: Chabauty completed successfully (delta = ['1'], g = [8, 20, 1, -1, 3, 1]).
2022-01-01 13:02:33,254 INFO: Running elliptic Chabauty (delta = ['-1', '2', '1'], g = [8, 20, 1, -1, 3, 1])...
2022-01-01 13:02:51,587 INFO: Chabauty completed successfully (delta = ['-1', '2', '1'], g = [8, 20, 1, -1, 3, 1]).
2022-01-01 13:02:51,590 INFO: Running elliptic Chabauty (delta = ['7', '19', '1', '-1', '3', '1'], g = [8, 20, 1, -1, 3, 1])...
2022-01-01 13:03:07,107 INFO: Chabauty completed successfully (delta = ['7', '19', '1', '-1', '3', '1'], g = [8, 20, 1, -1, 3, 1]).
2022-01-01 13:03:07,390 INFO: Rational points successfully computed.
2022-01-01 13:03:07,392 INFO: Tasks complete. Recording data and exiting.
2022-01-03 13:14:58,000 INFO: Obsolete "loc_solv_error" keys removed.
2022-01-03 13:14:58,000 INFO: Deleted results of Chabauty computation.
