2022-01-14 12:17:15,798 INFO: Initialized curve data.
2022-01-14 12:17:15,806 INFO: Setting up initial twist data...
2022-01-14 12:17:16,805 INFO: Twist setup complete.
2022-01-14 12:17:16,805 INFO: Searching for rational points on each twist...
2022-01-14 12:17:19,153 INFO: Finished searching for rational points on each twist.
2022-01-14 12:17:19,154 INFO: Testing local solvability of twists...
2022-01-14 12:17:46,635 INFO: Finished local solvability testing.
2022-01-14 12:17:46,637 INFO: Computing elliptic curve a-invariants...
2022-01-14 12:17:55,316 INFO: Finished computation of a-invariants.
2022-01-14 12:17:55,318 INFO: Skipped MW computation because no base point (delta = ['-4', '-20', '-14', '-8', '-2', '-1'])
2022-01-14 12:17:55,319 INFO: Computing MW group (delta = ['-1', '-1'], g = [4, 21, 14, 7, 2, 1])...
2022-01-14 12:20:40,508 INFO: Finished MW computation (delta = ['-1', '-1'], g = [4, 21, 14, 7, 2, 1])
2022-01-14 12:20:40,514 INFO: Skipped MW computation because no base point (delta = ['-1', '0', '1'])
2022-01-14 12:20:40,514 INFO: Computing MW group (delta = ['4', '20', '14', '7', '2', '1'], g = [4, 21, 14, 7, 2, 1])...
2022-01-14 12:21:18,019 INFO: Finished MW computation (delta = ['4', '20', '14', '7', '2', '1'], g = [4, 21, 14, 7, 2, 1])
2022-01-14 12:21:18,023 INFO: Skipped MW computation because no base point (delta = ['1', '-1'])
2022-01-14 12:21:18,024 INFO: Computing MW group (delta = ['1'], g = [4, 21, 14, 7, 2, 1])...
2022-01-14 12:22:04,563 INFO: Finished MW computation (delta = ['1'], g = [4, 21, 14, 7, 2, 1])
2022-01-14 12:22:04,568 INFO: Computing MW group (delta = ['-4', '-20', '-13', '-7', '-2', '-1'], g = [4, 21, 14, 7, 2, 1])...
2022-01-14 12:23:10,432 INFO: Finished MW computation (delta = ['-4', '-20', '-13', '-7', '-2', '-1'], g = [4, 21, 14, 7, 2, 1])
2022-01-14 12:23:10,437 INFO: Computing MW group (delta = ['4', '20', '15', '7', '2', '1'], g = [4, 21, 14, 7, 2, 1])...
2022-01-14 12:25:36,738 INFO: Finished MW computation (delta = ['4', '20', '15', '7', '2', '1'], g = [4, 21, 14, 7, 2, 1])
2022-01-14 12:25:36,745 INFO: Reducing MW generators...
2022-01-14 12:25:40,684 INFO: Finished reducing MW generators.
2022-01-14 12:25:40,688 INFO: Tasks complete. Recording data and exiting.
2022-01-14 15:52:17,104 INFO: Loaded curve data from file.
2022-01-14 15:52:17,104 INFO: Skipped Chabauty because no base point (delta = ['-4', '-20', '-14', '-8', '-2', '-1'])
2022-01-14 15:52:17,104 INFO: Running elliptic Chabauty (delta = ['-1', '-1'], g = [4, 21, 14, 7, 2, 1])...
2022-01-14 15:56:03,840 INFO: Chabauty completed successfully (delta = ['-1', '-1'], g = [4, 21, 14, 7, 2, 1]).
2022-01-14 15:56:03,843 INFO: Skipped Chabauty because no base point (delta = ['-1', '0', '1'])
2022-01-14 15:56:03,844 INFO: Running elliptic Chabauty (delta = ['4', '20', '14', '7', '2', '1'], g = [4, 21, 14, 7, 2, 1])...
2022-01-14 15:56:17,851 INFO: Chabauty completed successfully (delta = ['4', '20', '14', '7', '2', '1'], g = [4, 21, 14, 7, 2, 1]).
2022-01-14 15:56:17,901 INFO: Skipped Chabauty because no base point (delta = ['1', '-1'])
2022-01-14 15:56:17,901 INFO: Skipped Chabauty because MW group hasn't been provably computed. (delta = ['1'], g = [4, 21, 14, 7, 2, 1])
2022-01-14 15:56:17,901 INFO: Skipped Chabauty because MW group hasn't been provably computed. (delta = ['-4', '-20', '-13', '-7', '-2', '-1'], g = [4, 21, 14, 7, 2, 1])
2022-01-14 15:56:17,902 INFO: Running elliptic Chabauty (delta = ['4', '20', '15', '7', '2', '1'], g = [4, 21, 14, 7, 2, 1])...
2022-01-14 15:57:13,556 INFO: Chabauty completed successfully (delta = ['4', '20', '15', '7', '2', '1'], g = [4, 21, 14, 7, 2, 1]).
2022-01-14 15:57:13,798 INFO: Tasks complete. Recording data and exiting.
2022-02-12 17:08:18,788 INFO: Loaded curve data from file.
2022-02-12 17:08:18,789 INFO: Computing elliptic Chabauty map... (delta = ['-1', '-1'], g = [4, 21, 14, 7, 2, 1])
2022-02-12 17:08:33,149 INFO: Elliptic Chabauty map computed. (delta = ['-1', '-1'], g = [4, 21, 14, 7, 2, 1])
2022-02-12 17:08:33,153 INFO: Computing elliptic Chabauty map... (delta = ['4', '20', '14', '7', '2', '1'], g = [4, 21, 14, 7, 2, 1])
2022-02-12 17:08:47,097 INFO: Elliptic Chabauty map computed. (delta = ['4', '20', '14', '7', '2', '1'], g = [4, 21, 14, 7, 2, 1])
2022-02-12 17:08:47,100 INFO: Computing elliptic Chabauty map... (delta = ['1'], g = [4, 21, 14, 7, 2, 1])
2022-02-12 17:09:01,205 INFO: Elliptic Chabauty map computed. (delta = ['1'], g = [4, 21, 14, 7, 2, 1])
2022-02-12 17:09:01,209 INFO: Computing elliptic Chabauty map... (delta = ['-4', '-20', '-13', '-7', '-2', '-1'], g = [4, 21, 14, 7, 2, 1])
2022-02-12 17:09:15,672 INFO: Elliptic Chabauty map computed. (delta = ['-4', '-20', '-13', '-7', '-2', '-1'], g = [4, 21, 14, 7, 2, 1])
2022-02-12 17:09:15,677 INFO: Computing elliptic Chabauty map... (delta = ['4', '20', '15', '7', '2', '1'], g = [4, 21, 14, 7, 2, 1])
2022-02-12 17:09:29,763 INFO: Elliptic Chabauty map computed. (delta = ['4', '20', '15', '7', '2', '1'], g = [4, 21, 14, 7, 2, 1])
2022-02-12 17:09:29,767 INFO: Tasks complete. Recording data and exiting.
