2022-01-12 09:25:03,397 INFO: Initialized curve data.
2022-01-12 09:25:03,417 INFO: Setting up initial twist data...
2022-01-12 09:25:05,105 INFO: Twist setup complete.
2022-01-12 09:25:05,105 INFO: Searching for rational points on each twist...
2022-01-12 09:25:09,164 INFO: Finished searching for rational points on each twist.
2022-01-12 09:25:09,164 INFO: Testing local solvability of twists...
2022-01-12 09:25:19,683 INFO: Finished local solvability testing.
2022-01-12 09:25:19,685 INFO: Computing elliptic curve a-invariants...
2022-01-12 09:25:28,541 INFO: Finished computation of a-invariants.
2022-01-12 09:25:28,543 INFO: Computing MW group (delta = ['8', '-1', '-8', '13', '16', '4'], g = [2, 1])...
2022-01-12 09:25:29,231 INFO: Finished MW computation (delta = ['8', '-1', '-8', '13', '16', '4'], g = [2, 1])
2022-01-12 09:25:29,233 INFO: Computing MW group (delta = ['8', '-1', '-8', '13', '16', '4'], g = [4, -2, -3, 8, 4])...
2022-01-12 09:25:51,755 INFO: Finished MW computation (delta = ['8', '-1', '-8', '13', '16', '4'], g = [4, -2, -3, 8, 4])
2022-01-12 09:25:51,759 INFO: Computing MW group (delta = ['-8', '1', '9', '-13', '-16', '-4'], g = [2, 1])...
2022-01-12 09:25:52,475 INFO: Finished MW computation (delta = ['-8', '1', '9', '-13', '-16', '-4'], g = [2, 1])
2022-01-12 09:25:52,478 INFO: Computing MW group (delta = ['-8', '1', '9', '-13', '-16', '-4'], g = [4, -2, -3, 8, 4])...
2022-01-12 09:26:20,072 INFO: Finished MW computation (delta = ['-8', '1', '9', '-13', '-16', '-4'], g = [4, -2, -3, 8, 4])
2022-01-12 09:26:20,076 INFO: Computing MW group (delta = ['-64', '0', '63', '-105', '-128', '-32'], g = [2, 1])...
2022-01-12 09:26:20,775 INFO: Finished MW computation (delta = ['-64', '0', '63', '-105', '-128', '-32'], g = [2, 1])
2022-01-12 09:26:20,778 INFO: Computing MW group (delta = ['-64', '0', '63', '-105', '-128', '-32'], g = [4, -2, -3, 8, 4])...
2022-01-12 09:26:30,993 INFO: Finished MW computation (delta = ['-64', '0', '63', '-105', '-128', '-32'], g = [4, -2, -3, 8, 4])
2022-01-12 09:26:30,996 INFO: Skipped MW computation because no base point (delta = ['-128', '16', '118', '-221', '-224', '-48'])
2022-01-12 09:26:30,996 INFO: Computing MW group (delta = ['128', '16', '-134', '199', '289', '80'], g = [2, 1])...
2022-01-12 09:26:31,718 INFO: Finished MW computation (delta = ['128', '16', '-134', '199', '289', '80'], g = [2, 1])
2022-01-12 09:26:31,720 INFO: Computing MW group (delta = ['128', '16', '-134', '199', '289', '80'], g = [4, -2, -3, 8, 4])...
2022-01-12 09:26:50,093 INFO: Finished MW computation (delta = ['128', '16', '-134', '199', '289', '80'], g = [4, -2, -3, 8, 4])
2022-01-12 09:26:50,097 INFO: Computing MW group (delta = ['1'], g = [2, 1])...
2022-01-12 09:26:50,819 INFO: Finished MW computation (delta = ['1'], g = [2, 1])
2022-01-12 09:26:50,822 INFO: Computing MW group (delta = ['1'], g = [4, -2, -3, 8, 4])...
2022-01-12 09:27:11,174 INFO: Finished MW computation (delta = ['1'], g = [4, -2, -3, 8, 4])
2022-01-12 09:27:11,177 INFO: Skipped MW computation because no base point (delta = ['1024', '32', '-1040', '1638', '2109', '543'])
2022-01-12 09:27:11,177 INFO: Computing MW group (delta = ['-16', '10', '13', '-32', '-16'], g = [2, 1])...
2022-01-12 09:27:11,905 INFO: Finished MW computation (delta = ['-16', '10', '13', '-32', '-16'], g = [2, 1])
2022-01-12 09:27:11,908 INFO: Computing MW group (delta = ['-16', '10', '13', '-32', '-16'], g = [4, -2, -3, 8, 4])...
2022-01-12 09:27:17,376 INFO: Finished MW computation (delta = ['-16', '10', '13', '-32', '-16'], g = [4, -2, -3, 8, 4])
2022-01-12 09:27:17,381 INFO: Reducing MW generators...
2022-01-12 09:27:29,446 INFO: Finished reducing MW generators.
2022-01-12 09:27:29,450 INFO: Tasks complete. Recording data and exiting.
2022-01-14 09:10:21,212 INFO: Loaded curve data from file.
2022-01-14 09:10:21,213 INFO: Skipped Chabauty because rank >= degree(g). (delta = ['8', '-1', '-8', '13', '16', '4'], g = [2, 1])
2022-01-14 09:10:21,213 INFO: Running elliptic Chabauty (delta = ['8', '-1', '-8', '13', '16', '4'], g = [4, -2, -3, 8, 4])...
2022-01-14 09:10:32,839 INFO: Chabauty completed successfully (delta = ['8', '-1', '-8', '13', '16', '4'], g = [4, -2, -3, 8, 4]).
2022-01-14 09:10:32,842 INFO: Skipped Chabauty because rank >= degree(g). (delta = ['-8', '1', '9', '-13', '-16', '-4'], g = [2, 1])
2022-01-14 09:10:32,842 INFO: Running elliptic Chabauty (delta = ['-8', '1', '9', '-13', '-16', '-4'], g = [4, -2, -3, 8, 4])...
2022-01-14 09:10:44,157 INFO: Chabauty completed successfully (delta = ['-8', '1', '9', '-13', '-16', '-4'], g = [4, -2, -3, 8, 4]).
2022-01-14 09:10:44,160 INFO: Skipped Chabauty because rank >= degree(g). (delta = ['-64', '0', '63', '-105', '-128', '-32'], g = [2, 1])
2022-01-14 09:10:44,160 INFO: Skipped Chabauty because MW group hasn't been provably computed. (delta = ['-64', '0', '63', '-105', '-128', '-32'], g = [4, -2, -3, 8, 4])
2022-01-14 09:10:44,160 INFO: Skipped Chabauty because no base point (delta = ['-128', '16', '118', '-221', '-224', '-48'])
2022-01-14 09:10:44,160 INFO: Skipped Chabauty because rank >= degree(g). (delta = ['128', '16', '-134', '199', '289', '80'], g = [2, 1])
2022-01-14 09:10:44,160 INFO: Running elliptic Chabauty (delta = ['128', '16', '-134', '199', '289', '80'], g = [4, -2, -3, 8, 4])...
2022-01-14 09:10:56,451 INFO: Chabauty completed successfully (delta = ['128', '16', '-134', '199', '289', '80'], g = [4, -2, -3, 8, 4]).
2022-01-14 09:10:56,454 INFO: Skipped Chabauty because rank >= degree(g). (delta = ['1'], g = [2, 1])
2022-01-14 09:10:56,455 INFO: Running elliptic Chabauty (delta = ['1'], g = [4, -2, -3, 8, 4])...
2022-01-14 09:11:09,310 INFO: Chabauty completed successfully (delta = ['1'], g = [4, -2, -3, 8, 4]).
2022-01-14 09:11:09,313 INFO: Skipped Chabauty because no base point (delta = ['1024', '32', '-1040', '1638', '2109', '543'])
2022-01-14 09:11:09,313 INFO: Skipped Chabauty because rank >= degree(g). (delta = ['-16', '10', '13', '-32', '-16'], g = [2, 1])
2022-01-14 09:11:09,313 INFO: Running elliptic Chabauty (delta = ['-16', '10', '13', '-32', '-16'], g = [4, -2, -3, 8, 4])...
2022-01-14 09:11:19,929 INFO: Chabauty completed successfully (delta = ['-16', '10', '13', '-32', '-16'], g = [4, -2, -3, 8, 4]).
2022-01-14 09:11:20,191 INFO: Tasks complete. Recording data and exiting.
