2022-01-11 12:29:20,270 INFO: Initialized curve data.
2022-01-11 12:29:20,273 INFO: Setting up initial twist data...
2022-01-11 12:29:21,157 INFO: Twist setup complete.
2022-01-11 12:29:21,157 INFO: Searching for rational points on each twist...
2022-01-11 12:29:22,556 INFO: Finished searching for rational points on each twist.
2022-01-11 12:29:22,556 INFO: Testing local solvability of twists...
2022-01-11 12:29:22,562 INFO: Finished local solvability testing.
2022-01-11 12:29:22,563 INFO: Computing elliptic curve a-invariants...
2022-01-11 12:29:29,671 INFO: Finished computation of a-invariants.
2022-01-11 12:29:29,673 INFO: Computing MW group (delta = ['-16', '-36', '-57', '-45', '-8', '-4'], g = [4, 9, 14, 11, 2, 1])...
2022-01-11 12:29:50,945 INFO: Finished MW computation (delta = ['-16', '-36', '-57', '-45', '-8', '-4'], g = [4, 9, 14, 11, 2, 1])
2022-01-11 12:29:50,948 INFO: Computing MW group (delta = ['-4', '-8', '-13', '-11', '-2', '-1'], g = [4, 9, 14, 11, 2, 1])...
2022-01-11 12:30:12,328 INFO: Finished MW computation (delta = ['-4', '-8', '-13', '-11', '-2', '-1'], g = [4, 9, 14, 11, 2, 1])
2022-01-11 12:30:12,331 INFO: Computing MW group (delta = ['1'], g = [4, 9, 14, 11, 2, 1])...
2022-01-11 12:31:48,513 INFO: Finished MW computation (delta = ['1'], g = [4, 9, 14, 11, 2, 1])
2022-01-11 12:31:48,516 INFO: Computing MW group (delta = ['4', '8', '14', '11', '2', '1'], g = [4, 9, 14, 11, 2, 1])...
2022-01-11 12:32:30,079 INFO: Finished MW computation (delta = ['4', '8', '14', '11', '2', '1'], g = [4, 9, 14, 11, 2, 1])
2022-01-11 12:32:30,085 INFO: Reducing MW generators...
2022-01-11 12:32:31,983 INFO: Finished reducing MW generators.
2022-01-11 12:32:31,985 INFO: Tasks complete. Recording data and exiting.
