2022-01-12 09:25:33,261 INFO: Initialized curve data.
2022-01-12 09:25:33,265 INFO: Setting up initial twist data...
2022-01-12 09:25:34,496 INFO: Twist setup complete.
2022-01-12 09:25:34,496 INFO: Searching for rational points on each twist...
2022-01-12 09:25:36,512 INFO: Finished searching for rational points on each twist.
2022-01-12 09:25:36,512 INFO: Testing local solvability of twists...
2022-01-12 09:25:41,865 INFO: Finished local solvability testing.
2022-01-12 09:25:41,867 INFO: Computing elliptic curve a-invariants...
2022-01-12 09:26:06,481 INFO: Finished computation of a-invariants.
2022-01-12 09:26:06,483 INFO: Computing MW group (delta = ['-1', '-1', '1'], g = [4, 16, 4, -15, 2, 1])...
2022-01-12 09:27:37,529 INFO: Finished MW computation (delta = ['-1', '-1', '1'], g = [4, 16, 4, -15, 2, 1])
2022-01-12 09:27:37,532 INFO: Computing MW group (delta = ['1'], g = [4, 16, 4, -15, 2, 1])...
2022-01-14 09:13:19,876 INFO: Loaded curve data from file.
2022-01-14 09:13:19,877 INFO: Reducing MW generators...
2022-01-14 09:13:20,418 INFO: Finished reducing MW generators.
2022-01-14 09:13:20,420 INFO: Running elliptic Chabauty (delta = ['-1', '-1', '1'], g = [4, 16, 4, -15, 2, 1])...
2022-01-14 09:13:42,358 INFO: Chabauty completed successfully (delta = ['-1', '-1', '1'], g = [4, 16, 4, -15, 2, 1]).
2022-01-14 09:13:42,359 INFO: Skipped Chabauty because MW generators haven't been computed. (delta = ['1'], g = [4, 16, 4, -15, 2, 1])
2022-01-14 09:13:42,360 INFO: Skipped Chabauty because MW generators haven't been computed. (delta = ['4', '15', '4', '-15', '2', '1'], g = [4, 16, 4, -15, 2, 1])
2022-01-14 09:13:42,360 INFO: Skipped Chabauty because no base point (delta = ['-4', '-15', '-3', '14', '-2', '-1'])
2022-01-14 09:13:42,437 INFO: Tasks complete. Recording data and exiting.
2022-02-12 17:32:46,821 INFO: Loaded curve data from file.
2022-02-12 17:32:46,822 INFO: Computing elliptic Chabauty map... (delta = ['-1', '-1', '1'], g = [4, 16, 4, -15, 2, 1])
2022-02-12 17:33:06,818 INFO: Elliptic Chabauty map computed. (delta = ['-1', '-1', '1'], g = [4, 16, 4, -15, 2, 1])
2022-02-12 17:33:06,821 INFO: Computing elliptic Chabauty map... (delta = ['1'], g = [4, 16, 4, -15, 2, 1])
2022-02-12 17:33:26,772 INFO: Elliptic Chabauty map computed. (delta = ['1'], g = [4, 16, 4, -15, 2, 1])
2022-02-12 17:33:26,775 INFO: Computing elliptic Chabauty map... (delta = ['4', '15', '4', '-15', '2', '1'], g = [4, 16, 4, -15, 2, 1])
2022-02-12 17:33:46,625 INFO: Elliptic Chabauty map computed. (delta = ['4', '15', '4', '-15', '2', '1'], g = [4, 16, 4, -15, 2, 1])
2022-02-12 17:33:46,627 INFO: Tasks complete. Recording data and exiting.
