2022-01-11 15:10:15,456 INFO: Initialized curve data.
2022-01-11 15:10:15,459 INFO: Setting up initial twist data...
2022-01-11 15:10:16,467 INFO: Twist setup complete.
2022-01-11 15:10:16,467 INFO: Searching for rational points on each twist...
2022-01-11 15:10:19,617 INFO: Finished searching for rational points on each twist.
2022-01-11 15:10:19,617 INFO: Testing local solvability of twists...
2022-01-11 15:10:35,486 INFO: Finished local solvability testing.
2022-01-11 15:10:35,488 INFO: Computing elliptic curve a-invariants...
2022-01-11 15:10:38,756 INFO: Finished computation of a-invariants.
2022-01-11 15:10:38,758 INFO: Skipped MW computation because no base point (delta = ['-4', '36', '-92', '44', '12', '4'])
2022-01-11 15:10:38,758 INFO: Computing MW group (delta = ['-4', '32', '-60', '-16', '-4'], g = [-1, 4, 1])...
2022-01-11 15:10:41,022 INFO: Finished MW computation (delta = ['-4', '32', '-60', '-16', '-4'], g = [-1, 4, 1])
2022-01-11 15:10:41,024 INFO: Computing MW group (delta = ['-4', '32', '-60', '-16', '-4'], g = [-4, 15, 4, 1])...
2022-01-11 15:10:55,348 INFO: Finished MW computation (delta = ['-4', '32', '-60', '-16', '-4'], g = [-4, 15, 4, 1])
2022-01-11 15:10:55,351 INFO: Computing MW group (delta = ['-1', '8', '-14', '-4', '-1'], g = [-1, 4, 1])...
2022-01-11 15:10:57,503 INFO: Finished MW computation (delta = ['-1', '8', '-14', '-4', '-1'], g = [-1, 4, 1])
2022-01-11 15:10:57,506 INFO: Computing MW group (delta = ['-1', '8', '-14', '-4', '-1'], g = [-4, 15, 4, 1])...
2022-01-14 09:07:29,239 INFO: Loaded curve data from file.
2022-01-14 09:07:29,239 INFO: Reducing MW generators...
2022-01-14 09:07:29,860 INFO: Finished reducing MW generators.
2022-01-14 09:07:29,864 INFO: Skipped Chabauty because no base point (delta = ['-4', '36', '-92', '44', '12', '4'])
2022-01-14 09:07:29,864 INFO: Skipped Chabauty because rank >= degree(g). (delta = ['-4', '32', '-60', '-16', '-4'], g = [-1, 4, 1])
2022-01-14 09:07:29,864 INFO: Skipped Chabauty because MW group hasn't been provably computed. (delta = ['-4', '32', '-60', '-16', '-4'], g = [-4, 15, 4, 1])
2022-01-14 09:07:29,864 INFO: Skipped Chabauty because rank >= degree(g). (delta = ['-1', '8', '-14', '-4', '-1'], g = [-1, 4, 1])
2022-01-14 09:07:29,864 INFO: Skipped Chabauty because MW generators haven't been computed. (delta = ['-1', '8', '-14', '-4', '-1'], g = [-4, 15, 4, 1])
2022-01-14 09:07:29,864 INFO: Skipped Chabauty because no base point (delta = ['1', '-1'])
2022-01-14 09:07:29,864 INFO: Skipped Chabauty because no base point (delta = ['-1', '9', '-22', '10', '3', '1'])
2022-01-14 09:07:29,864 INFO: Skipped Chabauty because MW generators haven't been computed. (delta = ['4', '-32', '52', '30', '8', '1'], g = [-1, 4, 1])
2022-01-14 09:07:29,864 INFO: Skipped Chabauty because MW generators haven't been computed. (delta = ['4', '-32', '52', '30', '8', '1'], g = [-4, 15, 4, 1])
2022-01-14 09:07:29,864 INFO: Skipped Chabauty because MW generators haven't been computed. (delta = ['1'], g = [-1, 4, 1])
2022-01-14 09:07:29,864 INFO: Skipped Chabauty because MW generators haven't been computed. (delta = ['1'], g = [-4, 15, 4, 1])
2022-01-14 09:07:29,864 INFO: Skipped Chabauty because MW generators haven't been computed. (delta = ['4', '-32', '53', '30', '8', '1'], g = [-1, 4, 1])
2022-01-14 09:07:29,864 INFO: Skipped Chabauty because MW generators haven't been computed. (delta = ['4', '-32', '53', '30', '8', '1'], g = [-4, 15, 4, 1])
2022-01-14 09:07:29,992 INFO: Tasks complete. Recording data and exiting.
2022-02-12 17:45:23,402 INFO: Loaded curve data from file.
2022-02-12 17:45:23,403 INFO: Computing elliptic Chabauty map... (delta = ['-4', '32', '-60', '-16', '-4'], g = [-1, 4, 1])
2022-02-12 17:45:35,250 INFO: Elliptic Chabauty map computed. (delta = ['-4', '32', '-60', '-16', '-4'], g = [-1, 4, 1])
2022-02-12 17:45:35,253 INFO: Computing elliptic Chabauty map... (delta = ['-4', '32', '-60', '-16', '-4'], g = [-4, 15, 4, 1])
2022-02-12 17:45:47,131 INFO: Elliptic Chabauty map computed. (delta = ['-4', '32', '-60', '-16', '-4'], g = [-4, 15, 4, 1])
2022-02-12 17:45:47,134 INFO: Computing elliptic Chabauty map... (delta = ['-1', '8', '-14', '-4', '-1'], g = [-1, 4, 1])
2022-02-12 17:45:58,735 INFO: Elliptic Chabauty map computed. (delta = ['-1', '8', '-14', '-4', '-1'], g = [-1, 4, 1])
2022-02-12 17:45:58,738 INFO: Computing elliptic Chabauty map... (delta = ['-1', '8', '-14', '-4', '-1'], g = [-4, 15, 4, 1])
2022-02-12 17:46:10,585 INFO: Elliptic Chabauty map computed. (delta = ['-1', '8', '-14', '-4', '-1'], g = [-4, 15, 4, 1])
2022-02-12 17:46:10,588 INFO: Computing elliptic Chabauty map... (delta = ['4', '-32', '52', '30', '8', '1'], g = [-1, 4, 1])
2022-02-12 17:46:22,136 INFO: Elliptic Chabauty map computed. (delta = ['4', '-32', '52', '30', '8', '1'], g = [-1, 4, 1])
2022-02-12 17:46:22,140 INFO: Computing elliptic Chabauty map... (delta = ['4', '-32', '52', '30', '8', '1'], g = [-4, 15, 4, 1])
2022-02-12 17:46:33,728 INFO: Elliptic Chabauty map computed. (delta = ['4', '-32', '52', '30', '8', '1'], g = [-4, 15, 4, 1])
2022-02-12 17:46:33,732 INFO: Computing elliptic Chabauty map... (delta = ['1'], g = [-1, 4, 1])
2022-02-12 17:46:45,165 INFO: Elliptic Chabauty map computed. (delta = ['1'], g = [-1, 4, 1])
2022-02-12 17:46:45,169 INFO: Computing elliptic Chabauty map... (delta = ['1'], g = [-4, 15, 4, 1])
2022-02-12 17:46:56,930 INFO: Elliptic Chabauty map computed. (delta = ['1'], g = [-4, 15, 4, 1])
2022-02-12 17:46:56,934 INFO: Computing elliptic Chabauty map... (delta = ['4', '-32', '53', '30', '8', '1'], g = [-1, 4, 1])
2022-02-12 17:47:08,496 INFO: Elliptic Chabauty map computed. (delta = ['4', '-32', '53', '30', '8', '1'], g = [-1, 4, 1])
2022-02-12 17:47:08,500 INFO: Computing elliptic Chabauty map... (delta = ['4', '-32', '53', '30', '8', '1'], g = [-4, 15, 4, 1])
2022-02-12 17:47:20,307 INFO: Elliptic Chabauty map computed. (delta = ['4', '-32', '53', '30', '8', '1'], g = [-4, 15, 4, 1])
2022-02-12 17:47:20,312 INFO: Tasks complete. Recording data and exiting.
