2022-01-11 12:29:22,672 INFO: Initialized curve data.
2022-01-11 12:29:22,675 INFO: Setting up initial twist data...
2022-01-11 12:29:24,330 INFO: Twist setup complete.
2022-01-11 12:29:24,330 INFO: Searching for rational points on each twist...
2022-01-11 12:29:29,478 INFO: Finished searching for rational points on each twist.
2022-01-11 12:29:29,478 INFO: Testing local solvability of twists...
2022-01-11 12:29:35,659 INFO: Finished local solvability testing.
2022-01-11 12:29:35,661 INFO: Computing elliptic curve a-invariants...
2022-01-11 12:29:43,987 INFO: Finished computation of a-invariants.
2022-01-11 12:29:43,989 INFO: Computing MW group (delta = ['-8', '1', '13', '-1', '-2', '-1'], g = [-1, 1])...
2022-01-11 12:29:44,375 INFO: Finished MW computation (delta = ['-8', '1', '13', '-1', '-2', '-1'], g = [-1, 1])
2022-01-11 12:29:44,378 INFO: Computing MW group (delta = ['-8', '1', '13', '-1', '-2', '-1'], g = [-8, -8, 4, 3, 1])...
2022-01-11 12:36:02,583 INFO: Finished MW computation (delta = ['-8', '1', '13', '-1', '-2', '-1'], g = [-8, -8, 4, 3, 1])
2022-01-11 12:36:02,587 INFO: Computing MW group (delta = ['-64', '16', '111', '-16', '-21', '-10'], g = [-1, 1])...
2022-01-11 12:36:02,936 INFO: Finished MW computation (delta = ['-64', '16', '111', '-16', '-21', '-10'], g = [-1, 1])
2022-01-11 12:36:02,939 INFO: Computing MW group (delta = ['-64', '16', '111', '-16', '-21', '-10'], g = [-8, -8, 4, 3, 1])...
2022-01-11 12:36:55,761 INFO: Finished MW computation (delta = ['-64', '16', '111', '-16', '-21', '-10'], g = [-8, -8, 4, 3, 1])
2022-01-11 12:36:55,768 INFO: Computing MW group (delta = ['1'], g = [-1, 1])...
2022-01-11 12:36:56,107 INFO: Finished MW computation (delta = ['1'], g = [-1, 1])
2022-01-11 12:36:56,109 INFO: Computing MW group (delta = ['1'], g = [-8, -8, 4, 3, 1])...
