2022-01-01 03:06:28,337 INFO: Initialized curve data.
2022-01-01 03:06:28,340 INFO: Setting up initial twist data...
2022-01-01 03:06:30,348 INFO: Twist setup complete.
2022-01-01 03:06:30,348 INFO: Searching for rational points on each twist...
2022-01-01 03:06:31,380 INFO: Finished searching for rational points on each twist.
2022-01-01 03:06:31,380 INFO: Testing local solvability of twists...
2022-01-01 03:06:31,385 INFO: Finished local solvability testing.
2022-01-01 03:06:31,386 INFO: Computing elliptic curve a-invariants...
2022-01-01 03:06:44,024 INFO: Finished computation of a-invariants.
2022-01-01 03:06:44,026 INFO: Computing MW group (delta = ['0', '-6', '13', '-7', '-1', '1'], g = [1, -5, 13, -7, -1, 1])...
2022-01-01 03:07:11,716 INFO: Finished MW computation (delta = ['0', '-6', '13', '-7', '-1', '1'], g = [1, -5, 13, -7, -1, 1])
2022-01-01 03:07:11,718 INFO: Computing MW group (delta = ['1', '-1'], g = [1, -5, 13, -7, -1, 1])...
2022-01-01 03:07:38,794 INFO: Finished MW computation (delta = ['1', '-1'], g = [1, -5, 13, -7, -1, 1])
2022-01-01 03:07:38,797 INFO: Computing MW group (delta = ['1'], g = [1, -5, 13, -7, -1, 1])...
2022-01-01 03:08:17,080 INFO: Finished MW computation (delta = ['1'], g = [1, -5, 13, -7, -1, 1])
2022-01-01 03:08:17,082 INFO: Computing MW group (delta = ['1', '-10', '27', '-14', '-2', '2'], g = [1, -5, 13, -7, -1, 1])...
2022-01-01 03:09:31,966 INFO: Finished MW computation (delta = ['1', '-10', '27', '-14', '-2', '2'], g = [1, -5, 13, -7, -1, 1])
2022-01-01 03:09:31,970 INFO: Reducing MW generators...
2022-01-01 03:09:36,009 INFO: Finished reducing MW generators.
2022-01-01 03:09:36,011 INFO: Running elliptic Chabauty (delta = ['0', '-6', '13', '-7', '-1', '1'], g = [1, -5, 13, -7, -1, 1])...
2022-01-01 03:09:49,814 INFO: Chabauty completed successfully (delta = ['0', '-6', '13', '-7', '-1', '1'], g = [1, -5, 13, -7, -1, 1]).
2022-01-01 03:09:49,817 INFO: Running elliptic Chabauty (delta = ['1', '-1'], g = [1, -5, 13, -7, -1, 1])...
2022-01-01 03:10:05,744 INFO: Chabauty completed successfully (delta = ['1', '-1'], g = [1, -5, 13, -7, -1, 1]).
2022-01-01 03:10:05,746 INFO: Running elliptic Chabauty (delta = ['1'], g = [1, -5, 13, -7, -1, 1])...
2022-01-01 03:10:20,701 INFO: Chabauty completed successfully (delta = ['1'], g = [1, -5, 13, -7, -1, 1]).
2022-01-01 03:10:20,703 INFO: Running elliptic Chabauty (delta = ['1', '-10', '27', '-14', '-2', '2'], g = [1, -5, 13, -7, -1, 1])...
2022-01-01 03:10:44,336 INFO: Chabauty completed successfully (delta = ['1', '-10', '27', '-14', '-2', '2'], g = [1, -5, 13, -7, -1, 1]).
2022-01-01 03:10:44,598 INFO: Rational points successfully computed.
2022-01-01 03:10:44,600 INFO: Tasks complete. Recording data and exiting.
2022-01-03 13:14:57,000 INFO: Obsolete "loc_solv_error" keys removed.
2022-01-03 13:14:57,000 INFO: Deleted results of Chabauty computation.
2022-01-10 21:33:43,502 INFO: Loaded curve data from file.
2022-01-10 21:33:43,502 INFO: Running elliptic Chabauty (delta = ['0', '-6', '13', '-7', '-1', '1'], g = [1, -5, 13, -7, -1, 1])...
2022-01-10 21:33:58,428 INFO: Chabauty completed successfully (delta = ['0', '-6', '13', '-7', '-1', '1'], g = [1, -5, 13, -7, -1, 1]).
2022-01-10 21:33:58,431 INFO: Running elliptic Chabauty (delta = ['1', '-1'], g = [1, -5, 13, -7, -1, 1])...
2022-01-10 21:34:14,508 INFO: Chabauty completed successfully (delta = ['1', '-1'], g = [1, -5, 13, -7, -1, 1]).
2022-01-10 21:34:14,510 INFO: Running elliptic Chabauty (delta = ['1'], g = [1, -5, 13, -7, -1, 1])...
2022-01-10 21:34:29,556 INFO: Chabauty completed successfully (delta = ['1'], g = [1, -5, 13, -7, -1, 1]).
2022-01-10 21:34:29,558 INFO: Running elliptic Chabauty (delta = ['1', '-10', '27', '-14', '-2', '2'], g = [1, -5, 13, -7, -1, 1])...
2022-01-10 21:34:53,114 INFO: Chabauty completed successfully (delta = ['1', '-10', '27', '-14', '-2', '2'], g = [1, -5, 13, -7, -1, 1]).
2022-01-10 21:34:53,445 INFO: Rational points successfully computed.
2022-01-10 21:34:53,447 INFO: Tasks complete. Recording data and exiting.
