2022-01-11 15:22:23,630 INFO: Initialized curve data.
2022-01-11 15:22:23,637 INFO: Setting up initial twist data...
2022-01-11 15:22:24,615 INFO: Twist setup complete.
2022-01-11 15:22:24,616 INFO: Searching for rational points on each twist...
2022-01-11 15:22:26,815 INFO: Finished searching for rational points on each twist.
2022-01-11 15:22:26,815 INFO: Testing local solvability of twists...
2022-01-11 15:22:37,250 INFO: Finished local solvability testing.
2022-01-11 15:22:37,252 INFO: Computing elliptic curve a-invariants...
2022-01-11 15:22:42,545 INFO: Finished computation of a-invariants.
2022-01-11 15:22:42,546 INFO: Skipped MW computation because no base point (delta = ['-1', '-1/2', '1'])
2022-01-11 15:22:42,546 INFO: Computing MW group (delta = ['1'], g = [25, 59, 21, -19, -1, 1])...
2022-01-14 09:07:48,757 INFO: Loaded curve data from file.
2022-01-14 09:07:48,758 INFO: Reducing MW generators...
2022-01-14 09:07:48,758 INFO: Finished reducing MW generators.
2022-01-14 09:07:48,760 INFO: Skipped Chabauty because no base point (delta = ['-1', '-1/2', '1'])
2022-01-14 09:07:48,761 INFO: Skipped Chabauty because MW generators haven't been computed. (delta = ['1'], g = [25, 59, 21, -19, -1, 1])
2022-01-14 09:07:48,761 INFO: Skipped Chabauty because MW generators haven't been computed. (delta = ['2', '3', '-2', '-5/2', '1'], g = [25, 59, 21, -19, -1, 1])
2022-01-14 09:07:48,761 INFO: Skipped Chabauty because MW generators haven't been computed. (delta = ['-2', '-2', '1'], g = [25, 59, 21, -19, -1, 1])
2022-01-14 09:07:48,823 INFO: Tasks complete. Recording data and exiting.
2022-02-12 16:53:41,586 INFO: Loaded curve data from file.
2022-02-12 16:53:41,587 INFO: Computing elliptic Chabauty map... (delta = ['1'], g = [25, 59, 21, -19, -1, 1])
2022-02-12 16:53:49,748 INFO: Elliptic Chabauty map computed. (delta = ['1'], g = [25, 59, 21, -19, -1, 1])
2022-02-12 16:53:49,750 INFO: Computing elliptic Chabauty map... (delta = ['2', '3', '-2', '-5/2', '1'], g = [25, 59, 21, -19, -1, 1])
2022-02-12 16:53:57,927 INFO: Elliptic Chabauty map computed. (delta = ['2', '3', '-2', '-5/2', '1'], g = [25, 59, 21, -19, -1, 1])
2022-02-12 16:53:57,929 INFO: Computing elliptic Chabauty map... (delta = ['-2', '-2', '1'], g = [25, 59, 21, -19, -1, 1])
2022-02-12 16:54:05,948 INFO: Elliptic Chabauty map computed. (delta = ['-2', '-2', '1'], g = [25, 59, 21, -19, -1, 1])
2022-02-12 16:54:05,951 INFO: Tasks complete. Recording data and exiting.
