2022-01-12 12:26:02,757 INFO: Initialized curve data.
2022-01-12 12:26:02,762 INFO: Setting up initial twist data...
2022-01-12 12:26:03,941 INFO: Twist setup complete.
2022-01-12 12:26:03,942 INFO: Searching for rational points on each twist...
2022-01-12 12:26:05,694 INFO: Finished searching for rational points on each twist.
2022-01-12 12:26:05,694 INFO: Testing local solvability of twists...
2022-01-12 12:26:27,970 INFO: Finished local solvability testing.
2022-01-12 12:26:27,972 INFO: Computing elliptic curve a-invariants...
2022-01-12 12:26:33,515 INFO: Finished computation of a-invariants.
2022-01-12 12:26:33,517 INFO: Computing MW group (delta = ['-20', '14', '-9', '1', '5', '1'], g = [-21, 15, -9, 1, 5, 1])...
2022-01-12 12:29:51,336 INFO: Finished MW computation (delta = ['-20', '14', '-9', '1', '5', '1'], g = [-21, 15, -9, 1, 5, 1])
2022-01-12 12:29:51,342 INFO: Computing MW group (delta = ['1'], g = [-21, 15, -9, 1, 5, 1])...
2022-01-14 11:32:35,802 INFO: Loaded curve data from file.
2022-01-14 11:32:35,802 INFO: Reducing MW generators...
2022-01-14 11:32:36,772 INFO: Finished reducing MW generators.
2022-01-14 11:32:36,774 INFO: Running elliptic Chabauty (delta = ['-20', '14', '-9', '1', '5', '1'], g = [-21, 15, -9, 1, 5, 1])...
2022-01-14 11:32:50,793 INFO: Chabauty completed successfully (delta = ['-20', '14', '-9', '1', '5', '1'], g = [-21, 15, -9, 1, 5, 1]).
2022-01-14 11:32:50,796 INFO: Skipped Chabauty because MW generators haven't been computed. (delta = ['1'], g = [-21, 15, -9, 1, 5, 1])
2022-01-14 11:32:50,796 INFO: Skipped Chabauty because no base point (delta = ['-5/2', '2', '1'])
2022-01-14 11:32:50,796 INFO: Skipped Chabauty because MW generators haven't been computed. (delta = ['-13', '12', '-11/2', '-1/2', '5/2', '1/2'], g = [-21, 15, -9, 1, 5, 1])
2022-01-14 11:32:50,916 INFO: Tasks complete. Recording data and exiting.
