2022-01-01 12:50:35,679 INFO: Initialized curve data.
2022-01-01 12:50:35,682 INFO: Setting up initial twist data...
2022-01-01 12:50:36,916 INFO: Twist setup complete.
2022-01-01 12:50:36,917 INFO: Searching for rational points on each twist...
2022-01-01 12:50:38,334 INFO: Finished searching for rational points on each twist.
2022-01-01 12:50:38,334 INFO: Testing local solvability of twists...
2022-01-01 12:50:38,339 INFO: Finished local solvability testing.
2022-01-01 12:50:38,340 INFO: Computing elliptic curve a-invariants...
2022-01-01 12:50:46,638 INFO: Finished computation of a-invariants.
2022-01-01 12:50:46,639 INFO: Computing MW group (delta = ['6', '3', '-4', '0', '2', '1'], g = [8, 4, -4, 0, 2, 1])...
2022-01-01 12:51:04,780 INFO: Finished MW computation (delta = ['6', '3', '-4', '0', '2', '1'], g = [8, 4, -4, 0, 2, 1])
2022-01-01 12:51:04,782 INFO: Computing MW group (delta = ['16', '10', '-7', '0', '4', '2'], g = [8, 4, -4, 0, 2, 1])...
2022-01-01 12:51:47,107 INFO: Finished MW computation (delta = ['16', '10', '-7', '0', '4', '2'], g = [8, 4, -4, 0, 2, 1])
2022-01-01 12:51:47,109 INFO: Computing MW group (delta = ['1'], g = [8, 4, -4, 0, 2, 1])...
2022-01-01 12:52:17,964 INFO: Finished MW computation (delta = ['1'], g = [8, 4, -4, 0, 2, 1])
2022-01-01 12:52:17,967 INFO: Computing MW group (delta = ['0', '-1'], g = [8, 4, -4, 0, 2, 1])...
2022-01-01 12:52:53,797 INFO: Finished MW computation (delta = ['0', '-1'], g = [8, 4, -4, 0, 2, 1])
2022-01-01 12:52:53,801 INFO: Reducing MW generators...
2022-01-01 12:52:58,625 INFO: Finished reducing MW generators.
2022-01-01 12:52:58,627 INFO: Running elliptic Chabauty (delta = ['6', '3', '-4', '0', '2', '1'], g = [8, 4, -4, 0, 2, 1])...
2022-01-01 12:53:13,596 INFO: Chabauty completed successfully (delta = ['6', '3', '-4', '0', '2', '1'], g = [8, 4, -4, 0, 2, 1]).
2022-01-01 12:53:13,598 INFO: Running elliptic Chabauty (delta = ['16', '10', '-7', '0', '4', '2'], g = [8, 4, -4, 0, 2, 1])...
2022-01-01 12:53:30,225 INFO: Chabauty completed successfully (delta = ['16', '10', '-7', '0', '4', '2'], g = [8, 4, -4, 0, 2, 1]).
2022-01-01 12:53:30,227 INFO: Running elliptic Chabauty (delta = ['1'], g = [8, 4, -4, 0, 2, 1])...
2022-01-01 12:53:50,524 INFO: Chabauty completed successfully (delta = ['1'], g = [8, 4, -4, 0, 2, 1]).
2022-01-01 12:53:50,526 INFO: Running elliptic Chabauty (delta = ['0', '-1'], g = [8, 4, -4, 0, 2, 1])...
2022-01-01 12:54:09,300 INFO: Chabauty completed successfully (delta = ['0', '-1'], g = [8, 4, -4, 0, 2, 1]).
2022-01-01 12:54:09,530 INFO: Rational points successfully computed.
2022-01-01 12:54:09,532 INFO: Tasks complete. Recording data and exiting.
2022-01-03 13:14:57,000 INFO: Obsolete "loc_solv_error" keys removed.
2022-01-03 13:14:57,000 INFO: Deleted results of Chabauty computation.
