2022-02-01 12:30:15,924 INFO: Initialized curve data.
2022-02-01 12:30:15,927 INFO: Setting up initial twist data...
2022-02-01 12:30:16,924 INFO: Twist setup complete.
2022-02-01 12:30:16,924 INFO: Searching for rational points on each twist...
2022-02-01 12:30:18,665 INFO: Finished searching for rational points on each twist.
2022-02-01 12:30:18,665 INFO: Testing local solvability of twists...
2022-02-01 12:30:18,672 INFO: Finished local solvability testing.
2022-02-01 12:30:18,673 INFO: Computing elliptic curve a-invariants...
2022-02-01 12:30:32,297 INFO: Finished computation of a-invariants.
2022-02-01 12:30:32,299 INFO: Computing MW group (delta = ['1/2', '1/2', '3/4', '4', '17/4', '7/8'], g = [4, 3, -2, 17, 26, 7])...
2022-02-01 12:31:57,696 INFO: Finished MW computation (delta = ['1/2', '1/2', '3/4', '4', '17/4', '7/8'], g = [4, 3, -2, 17, 26, 7])
2022-02-01 12:31:57,698 INFO: Computing MW group (delta = ['4', '4', '-1', '17', '26', '7'], g = [4, 3, -2, 17, 26, 7])...
2022-02-01 12:34:30,447 INFO: Finished MW computation (delta = ['4', '4', '-1', '17', '26', '7'], g = [4, 3, -2, 17, 26, 7])
2022-02-01 12:34:30,449 INFO: Computing MW group (delta = ['1'], g = [4, 3, -2, 17, 26, 7])...
2022-02-01 12:39:57,837 INFO: Finished MW computation (delta = ['1'], g = [4, 3, -2, 17, 26, 7])
2022-02-01 12:39:57,841 INFO: Computing MW group (delta = ['1/8', '7/8', '1'], g = [4, 3, -2, 17, 26, 7])...
2022-02-01 12:41:18,168 INFO: Finished MW computation (delta = ['1/8', '7/8', '1'], g = [4, 3, -2, 17, 26, 7])
2022-02-01 12:41:18,172 INFO: Reducing MW generators...
2022-02-01 12:41:19,389 INFO: Finished reducing MW generators.
2022-02-01 12:41:19,391 INFO: Tasks complete. Recording data and exiting.
