2022-01-14 12:17:27,204 INFO: Initialized curve data.
2022-01-14 12:17:27,308 INFO: Setting up initial twist data...
2022-01-14 12:17:29,448 INFO: Twist setup complete.
2022-01-14 12:17:29,448 INFO: Searching for rational points on each twist...
2022-01-14 12:17:31,145 INFO: Finished searching for rational points on each twist.
2022-01-14 12:17:31,145 INFO: Testing local solvability of twists...
2022-01-14 12:17:35,981 INFO: Finished local solvability testing.
2022-01-14 12:17:36,015 INFO: Computing elliptic curve a-invariants...
2022-01-14 12:17:45,028 INFO: Finished computation of a-invariants.
2022-01-14 12:17:45,030 INFO: Computing MW group (delta = ['7', '-5', '-12', '4', '1', '1'], g = [8, -4, -12, 4, 1, 1])...
2022-01-14 15:52:18,471 INFO: Loaded curve data from file.
2022-01-14 15:52:18,471 INFO: Reducing MW generators...
2022-01-14 15:52:18,471 INFO: Finished reducing MW generators.
2022-01-14 15:52:18,473 INFO: Skipped Chabauty because MW generators haven't been computed. (delta = ['7', '-5', '-12', '4', '1', '1'], g = [8, -4, -12, 4, 1, 1])
2022-01-14 15:52:18,474 INFO: Skipped Chabauty because MW generators haven't been computed. (delta = ['1'], g = [8, -4, -12, 4, 1, 1])
2022-01-14 15:52:18,474 INFO: Skipped Chabauty because no base point (delta = ['-1', '1', '1'])
2022-01-14 15:52:18,474 INFO: Skipped Chabauty because MW generators haven't been computed. (delta = ['-7', '4', '10', '-5', '-1', '-1'], g = [8, -4, -12, 4, 1, 1])
2022-01-14 15:52:18,529 INFO: Tasks complete. Recording data and exiting.
2022-02-12 16:49:59,729 INFO: Loaded curve data from file.
2022-02-12 16:49:59,730 INFO: Computing elliptic Chabauty map... (delta = ['7', '-5', '-12', '4', '1', '1'], g = [8, -4, -12, 4, 1, 1])
2022-02-12 16:50:16,316 INFO: Elliptic Chabauty map computed. (delta = ['7', '-5', '-12', '4', '1', '1'], g = [8, -4, -12, 4, 1, 1])
2022-02-12 16:50:16,318 INFO: Computing elliptic Chabauty map... (delta = ['1'], g = [8, -4, -12, 4, 1, 1])
2022-02-12 16:50:32,641 INFO: Elliptic Chabauty map computed. (delta = ['1'], g = [8, -4, -12, 4, 1, 1])
2022-02-12 16:50:32,643 INFO: Computing elliptic Chabauty map... (delta = ['-7', '4', '10', '-5', '-1', '-1'], g = [8, -4, -12, 4, 1, 1])
2022-02-12 16:50:48,975 INFO: Elliptic Chabauty map computed. (delta = ['-7', '4', '10', '-5', '-1', '-1'], g = [8, -4, -12, 4, 1, 1])
2022-02-12 16:50:48,980 INFO: Tasks complete. Recording data and exiting.
