2022-01-11 15:27:22,293 INFO: Initialized curve data.
2022-01-11 15:27:22,297 INFO: Setting up initial twist data...
2022-01-11 15:27:23,162 INFO: Twist setup complete.
2022-01-11 15:27:23,162 INFO: Searching for rational points on each twist...
2022-01-11 15:27:24,470 INFO: Finished searching for rational points on each twist.
2022-01-11 15:27:24,470 INFO: Testing local solvability of twists...
2022-01-11 15:27:24,476 INFO: Finished local solvability testing.
2022-01-11 15:27:24,477 INFO: Computing elliptic curve a-invariants...
2022-01-11 15:27:37,451 INFO: Finished computation of a-invariants.
2022-01-11 15:27:37,452 INFO: Computing MW group (delta = ['-4', '-8', '7', '3', '2', '1'], g = [-4, -7, 6, 3, 2, 1])...
2022-01-11 15:28:20,484 INFO: Finished MW computation (delta = ['-4', '-8', '7', '3', '2', '1'], g = [-4, -7, 6, 3, 2, 1])
2022-01-11 15:28:20,488 INFO: Computing MW group (delta = ['1'], g = [-4, -7, 6, 3, 2, 1])...
2022-01-11 15:31:52,698 INFO: Finished MW computation (delta = ['1'], g = [-4, -7, 6, 3, 2, 1])
2022-01-11 15:31:52,700 INFO: Computing MW group (delta = ['16', '28', '-23', '-13', '-8', '-4'], g = [-4, -7, 6, 3, 2, 1])...
2022-01-11 15:32:35,988 INFO: Finished MW computation (delta = ['16', '28', '-23', '-13', '-8', '-4'], g = [-4, -7, 6, 3, 2, 1])
2022-01-11 15:32:35,990 INFO: Computing MW group (delta = ['-4', '-8', '6', '3', '2', '1'], g = [-4, -7, 6, 3, 2, 1])...
2022-01-11 15:34:29,478 INFO: Finished MW computation (delta = ['-4', '-8', '6', '3', '2', '1'], g = [-4, -7, 6, 3, 2, 1])
2022-01-11 15:34:29,481 INFO: Reducing MW generators...
2022-01-11 15:34:31,012 INFO: Finished reducing MW generators.
2022-01-11 15:34:31,013 INFO: Tasks complete. Recording data and exiting.
