2022-01-11 15:19:07,267 INFO: Initialized curve data.
2022-01-11 15:19:07,272 INFO: Setting up initial twist data...
2022-01-11 15:19:08,224 INFO: Twist setup complete.
2022-01-11 15:19:08,224 INFO: Searching for rational points on each twist...
2022-01-11 15:19:09,668 INFO: Finished searching for rational points on each twist.
2022-01-11 15:19:09,668 INFO: Testing local solvability of twists...
2022-01-11 15:19:10,333 INFO: Finished local solvability testing.
2022-01-11 15:19:10,334 INFO: Computing elliptic curve a-invariants...
2022-01-11 15:19:20,451 INFO: Finished computation of a-invariants.
2022-01-11 15:19:20,453 INFO: Computing MW group (delta = ['4', '11', '4', '-12', '0', '1'], g = [4, 12, 4, -12, 0, 1])...
2022-01-11 15:26:32,845 INFO: Finished MW computation (delta = ['4', '11', '4', '-12', '0', '1'], g = [4, 12, 4, -12, 0, 1])
2022-01-11 15:26:32,850 INFO: Computing MW group (delta = ['1'], g = [4, 12, 4, -12, 0, 1])...
2022-01-11 15:33:36,613 INFO: Finished MW computation (delta = ['1'], g = [4, 12, 4, -12, 0, 1])
2022-01-11 15:33:36,618 INFO: Skipped MW computation because no base point (delta = ['16', '48', '17', '-49', '0', '4'])
2022-01-11 15:33:36,618 INFO: Computing MW group (delta = ['4', '11', '5', '-12', '0', '1'], g = [4, 12, 4, -12, 0, 1])...
2022-01-11 15:37:48,708 INFO: Finished MW computation (delta = ['4', '11', '5', '-12', '0', '1'], g = [4, 12, 4, -12, 0, 1])
2022-01-11 15:37:48,712 INFO: Unable to use elliptic Chabauty on twist (delta = ['4', '11', '5', '-12', '0', '1'])
2022-01-11 15:37:48,713 INFO: Obstruction found to provably computing rational points. Exiting.
2022-01-14 09:07:48,075 INFO: Loaded curve data from file.
2022-01-14 09:07:48,076 INFO: Obstruction already found. Exiting.
