2022-01-12 12:22:04,731 INFO: Initialized curve data.
2022-01-12 12:22:04,736 INFO: Setting up initial twist data...
2022-01-12 12:22:05,839 INFO: Twist setup complete.
2022-01-12 12:22:05,840 INFO: Searching for rational points on each twist...
2022-01-12 12:22:08,207 INFO: Finished searching for rational points on each twist.
2022-01-12 12:22:08,207 INFO: Testing local solvability of twists...
2022-01-12 12:22:51,209 INFO: Finished local solvability testing.
2022-01-12 12:22:51,211 INFO: Computing elliptic curve a-invariants...
2022-01-12 12:23:08,638 INFO: Finished computation of a-invariants.
2022-01-12 12:23:08,641 INFO: Computing MW group (delta = ['-299', '107', '59', '-21', '-3', '1'], g = [-296, 108, 59, -21, -3, 1])...
2022-01-12 12:24:54,143 INFO: Finished MW computation (delta = ['-299', '107', '59', '-21', '-3', '1'], g = [-296, 108, 59, -21, -3, 1])
2022-01-12 12:24:54,149 INFO: Computing MW group (delta = ['335', '-92', '-61', '20', '3', '-1'], g = [-296, 108, 59, -21, -3, 1])...
2022-01-12 12:27:01,162 INFO: Finished MW computation (delta = ['335', '-92', '-61', '20', '3', '-1'], g = [-296, 108, 59, -21, -3, 1])
2022-01-12 12:27:01,166 INFO: Skipped MW computation because no base point (delta = ['-13', '-1', '1'])
2022-01-12 12:27:01,167 INFO: Computing MW group (delta = ['1'], g = [-296, 108, 59, -21, -3, 1])...
2022-01-12 12:38:05,418 INFO: Finished MW computation (delta = ['1'], g = [-296, 108, 59, -21, -3, 1])
2022-01-12 12:38:05,426 INFO: Reducing MW generators...
2022-01-12 12:38:10,724 INFO: Finished reducing MW generators.
2022-01-12 12:38:10,728 INFO: Tasks complete. Recording data and exiting.
2022-01-14 11:32:25,807 INFO: Loaded curve data from file.
2022-01-14 11:32:25,808 INFO: Skipped Chabauty because MW group hasn't been provably computed. (delta = ['-299', '107', '59', '-21', '-3', '1'], g = [-296, 108, 59, -21, -3, 1])
2022-01-14 11:32:25,808 INFO: Skipped Chabauty because MW group hasn't been provably computed. (delta = ['335', '-92', '-61', '20', '3', '-1'], g = [-296, 108, 59, -21, -3, 1])
2022-01-14 11:32:25,808 INFO: Skipped Chabauty because no base point (delta = ['-13', '-1', '1'])
2022-01-14 11:32:25,808 INFO: Running elliptic Chabauty (delta = ['1'], g = [-296, 108, 59, -21, -3, 1])...
2022-01-14 11:32:47,111 INFO: Chabauty completed successfully (delta = ['1'], g = [-296, 108, 59, -21, -3, 1]).
2022-01-14 11:32:47,211 INFO: Tasks complete. Recording data and exiting.
2022-02-12 16:52:57,020 INFO: Loaded curve data from file.
2022-02-12 16:52:57,020 INFO: Computing elliptic Chabauty map... (delta = ['-299', '107', '59', '-21', '-3', '1'], g = [-296, 108, 59, -21, -3, 1])
2022-02-12 16:53:11,508 INFO: Elliptic Chabauty map computed. (delta = ['-299', '107', '59', '-21', '-3', '1'], g = [-296, 108, 59, -21, -3, 1])
2022-02-12 16:53:11,510 INFO: Computing elliptic Chabauty map... (delta = ['335', '-92', '-61', '20', '3', '-1'], g = [-296, 108, 59, -21, -3, 1])
2022-02-12 16:53:25,542 INFO: Elliptic Chabauty map computed. (delta = ['335', '-92', '-61', '20', '3', '-1'], g = [-296, 108, 59, -21, -3, 1])
2022-02-12 16:53:25,545 INFO: Computing elliptic Chabauty map... (delta = ['1'], g = [-296, 108, 59, -21, -3, 1])
2022-02-12 16:53:39,229 INFO: Elliptic Chabauty map computed. (delta = ['1'], g = [-296, 108, 59, -21, -3, 1])
2022-02-12 16:53:39,231 INFO: Tasks complete. Recording data and exiting.
