2022-01-14 12:17:21,961 INFO: Initialized curve data.
2022-01-14 12:17:21,989 INFO: Setting up initial twist data...
2022-01-14 12:17:23,077 INFO: Twist setup complete.
2022-01-14 12:17:23,077 INFO: Searching for rational points on each twist...
2022-01-14 12:17:24,762 INFO: Finished searching for rational points on each twist.
2022-01-14 12:17:24,762 INFO: Testing local solvability of twists...
2022-01-14 12:17:24,776 INFO: Finished local solvability testing.
2022-01-14 12:17:24,777 INFO: Computing elliptic curve a-invariants...
2022-01-14 12:17:49,277 INFO: Finished computation of a-invariants.
2022-01-14 12:17:49,278 INFO: Computing MW group (delta = ['4', '23', '-16', '-11', '2', '1'], g = [4, 24, -16, -11, 2, 1])...
2022-01-14 12:23:34,662 INFO: Finished MW computation (delta = ['4', '23', '-16', '-11', '2', '1'], g = [4, 24, -16, -11, 2, 1])
2022-01-14 12:23:34,666 INFO: Computing MW group (delta = ['1', '-1'], g = [4, 24, -16, -11, 2, 1])...
2022-01-14 12:28:47,563 INFO: Finished MW computation (delta = ['1', '-1'], g = [4, 24, -16, -11, 2, 1])
2022-01-14 12:28:47,567 INFO: Computing MW group (delta = ['4', '23', '-15', '-11', '2', '1'], g = [4, 24, -16, -11, 2, 1])...
2022-01-14 12:40:59,878 INFO: Finished MW computation (delta = ['4', '23', '-15', '-11', '2', '1'], g = [4, 24, -16, -11, 2, 1])
2022-01-14 12:40:59,912 INFO: Computing MW group (delta = ['1'], g = [4, 24, -16, -11, 2, 1])...
2022-01-14 12:43:36,731 INFO: Finished MW computation (delta = ['1'], g = [4, 24, -16, -11, 2, 1])
2022-01-14 12:43:36,736 INFO: Reducing MW generators...
2022-01-14 12:43:40,795 INFO: Finished reducing MW generators.
2022-01-14 12:43:40,797 INFO: Tasks complete. Recording data and exiting.
