2022-01-01 12:51:09,267 INFO: Initialized curve data.
2022-01-01 12:51:09,270 INFO: Setting up initial twist data...
2022-01-01 12:51:10,350 INFO: Twist setup complete.
2022-01-01 12:51:10,350 INFO: Searching for rational points on each twist...
2022-01-01 12:51:11,181 INFO: Finished searching for rational points on each twist.
2022-01-01 12:51:11,181 INFO: Testing local solvability of twists...
2022-01-01 12:51:16,275 INFO: Finished local solvability testing.
2022-01-01 12:51:16,277 INFO: Computing elliptic curve a-invariants...
2022-01-01 12:51:36,994 INFO: Finished computation of a-invariants.
2022-01-01 12:51:36,995 INFO: Skipped MW computation because no base point (delta = ['1/4', '3/2', '1'])
2022-01-01 12:51:36,996 INFO: Computing MW group (delta = ['-1', '-35/4', '7/4', '121/4', '29', '8'], g = [-4, -36, 0, 111, 112, 32])...
2022-01-01 12:52:24,712 INFO: Finished MW computation (delta = ['-1', '-35/4', '7/4', '121/4', '29', '8'], g = [-4, -36, 0, 111, 112, 32])
2022-01-01 12:52:24,716 INFO: Computing MW group (delta = ['1'], g = [-4, -36, 0, 111, 112, 32])...
2022-01-01 12:55:22,924 INFO: Finished MW computation (delta = ['1'], g = [-4, -36, 0, 111, 112, 32])
2022-01-01 12:55:22,929 INFO: Computing MW group (delta = ['-4', '-35', '1', '111', '112', '32'], g = [-4, -36, 0, 111, 112, 32])...
2022-01-01 12:58:15,844 INFO: Finished MW computation (delta = ['-4', '-35', '1', '111', '112', '32'], g = [-4, -36, 0, 111, 112, 32])
2022-01-01 12:58:15,852 INFO: Reducing MW generators...
2022-01-01 12:58:19,593 INFO: Finished reducing MW generators.
2022-01-01 12:58:19,595 INFO: Skipped Chabauty because no base point (delta = ['1/4', '3/2', '1'])
2022-01-01 12:58:19,595 INFO: Running elliptic Chabauty (delta = ['-1', '-35/4', '7/4', '121/4', '29', '8'], g = [-4, -36, 0, 111, 112, 32])...
2022-01-01 12:58:36,778 INFO: Chabauty completed successfully (delta = ['-1', '-35/4', '7/4', '121/4', '29', '8'], g = [-4, -36, 0, 111, 112, 32]).
2022-01-01 12:58:36,781 INFO: Running elliptic Chabauty (delta = ['1'], g = [-4, -36, 0, 111, 112, 32])...
2022-01-01 12:58:59,287 INFO: Chabauty completed successfully (delta = ['1'], g = [-4, -36, 0, 111, 112, 32]).
2022-01-01 12:58:59,292 INFO: Running elliptic Chabauty (delta = ['-4', '-35', '1', '111', '112', '32'], g = [-4, -36, 0, 111, 112, 32])...
2022-01-01 13:09:52,712 INFO: Chabauty completed successfully (delta = ['-4', '-35', '1', '111', '112', '32'], g = [-4, -36, 0, 111, 112, 32]).
2022-01-01 13:09:53,003 INFO: Rational points successfully computed.
2022-01-01 13:09:53,005 INFO: Tasks complete. Recording data and exiting.
2022-01-03 13:14:57,000 INFO: Obsolete "loc_solv_error" keys removed.
2022-01-03 13:14:57,000 INFO: Deleted results of Chabauty computation.
2022-01-10 22:42:05,484 INFO: Loaded curve data from file.
2022-01-10 22:42:05,484 INFO: Skipped Chabauty because no base point (delta = ['1/4', '3/2', '1'])
2022-01-10 22:42:05,485 INFO: Running elliptic Chabauty (delta = ['-1', '-35/4', '7/4', '121/4', '29', '8'], g = [-4, -36, 0, 111, 112, 32])...
2022-01-10 22:42:21,470 INFO: Chabauty completed successfully (delta = ['-1', '-35/4', '7/4', '121/4', '29', '8'], g = [-4, -36, 0, 111, 112, 32]).
2022-01-10 22:42:21,474 INFO: Running elliptic Chabauty (delta = ['1'], g = [-4, -36, 0, 111, 112, 32])...
2022-01-10 22:42:41,793 INFO: Chabauty completed successfully (delta = ['1'], g = [-4, -36, 0, 111, 112, 32]).
2022-01-10 22:42:41,795 INFO: Running elliptic Chabauty (delta = ['-4', '-35', '1', '111', '112', '32'], g = [-4, -36, 0, 111, 112, 32])...
2022-01-10 22:51:56,801 INFO: Chabauty completed successfully (delta = ['-4', '-35', '1', '111', '112', '32'], g = [-4, -36, 0, 111, 112, 32]).
2022-01-10 22:51:57,000 INFO: Rational points successfully computed.
2022-01-10 22:51:57,002 INFO: Tasks complete. Recording data and exiting.
