2022-01-14 12:17:26,296 INFO: Initialized curve data.
2022-01-14 12:17:26,304 INFO: Setting up initial twist data...
2022-01-14 12:17:27,526 INFO: Twist setup complete.
2022-01-14 12:17:27,526 INFO: Searching for rational points on each twist...
2022-01-14 12:17:29,269 INFO: Finished searching for rational points on each twist.
2022-01-14 12:17:29,269 INFO: Testing local solvability of twists...
2022-01-14 12:19:39,601 INFO: Finished local solvability testing.
2022-01-14 12:19:39,603 INFO: Computing elliptic curve a-invariants...
2022-01-14 12:19:44,038 INFO: Finished computation of a-invariants.
2022-01-14 12:19:44,040 INFO: Skipped MW computation because no base point (delta = ['1', '0', '1'])
2022-01-14 12:19:44,040 INFO: Computing MW group (delta = ['-4', '-8', '-15', '-16', '-12', '-8'], g = [4, 9, 16, 16, 12, 8])...
2022-01-14 15:52:30,325 INFO: Loaded curve data from file.
2022-01-14 15:52:30,326 INFO: Reducing MW generators...
2022-01-14 15:52:30,326 INFO: Finished reducing MW generators.
2022-01-14 15:52:30,327 INFO: Skipped Chabauty because no base point (delta = ['1', '0', '1'])
2022-01-14 15:52:30,328 INFO: Skipped Chabauty because MW generators haven't been computed. (delta = ['-4', '-8', '-15', '-16', '-12', '-8'], g = [4, 9, 16, 16, 12, 8])
2022-01-14 15:52:30,328 INFO: Skipped Chabauty because MW generators haven't been computed. (delta = ['1'], g = [4, 9, 16, 16, 12, 8])
2022-01-14 15:52:30,328 INFO: Skipped Chabauty because no base point (delta = ['-4', '-8', '-15', '-15', '-11', '-8'])
2022-01-14 15:52:30,402 INFO: Tasks complete. Recording data and exiting.
2022-02-12 17:31:34,843 INFO: Loaded curve data from file.
2022-02-12 17:31:34,843 INFO: Computing elliptic Chabauty map... (delta = ['-4', '-8', '-15', '-16', '-12', '-8'], g = [4, 9, 16, 16, 12, 8])
2022-02-12 17:31:49,401 INFO: Elliptic Chabauty map computed. (delta = ['-4', '-8', '-15', '-16', '-12', '-8'], g = [4, 9, 16, 16, 12, 8])
2022-02-12 17:31:49,404 INFO: Computing elliptic Chabauty map... (delta = ['1'], g = [4, 9, 16, 16, 12, 8])
2022-02-12 17:32:03,558 INFO: Elliptic Chabauty map computed. (delta = ['1'], g = [4, 9, 16, 16, 12, 8])
2022-02-12 17:32:03,560 INFO: Tasks complete. Recording data and exiting.
