2022-01-01 12:50:41,694 INFO: Initialized curve data.
2022-01-01 12:50:41,697 INFO: Setting up initial twist data...
2022-01-01 12:50:43,036 INFO: Twist setup complete.
2022-01-01 12:50:43,036 INFO: Searching for rational points on each twist...
2022-01-01 12:50:44,012 INFO: Finished searching for rational points on each twist.
2022-01-01 12:50:44,013 INFO: Testing local solvability of twists...
2022-01-01 12:50:47,685 INFO: Finished local solvability testing.
2022-01-01 12:50:47,686 INFO: Computing elliptic curve a-invariants...
2022-01-01 12:50:55,841 INFO: Finished computation of a-invariants.
2022-01-01 12:50:55,843 INFO: Computing MW group (delta = ['4', '11', '-3', '-20', '0', '9'], g = [4, 12, -4, -20, 0, 9])...
2022-01-01 12:53:16,854 INFO: Finished MW computation (delta = ['4', '11', '-3', '-20', '0', '9'], g = [4, 12, -4, -20, 0, 9])
2022-01-01 12:53:16,859 INFO: Skipped MW computation because no base point (delta = ['1', '-1'])
2022-01-01 12:53:16,859 INFO: Computing MW group (delta = ['1'], g = [4, 12, -4, -20, 0, 9])...
2022-01-01 12:59:40,644 INFO: Finished MW computation (delta = ['1'], g = [4, 12, -4, -20, 0, 9])
2022-01-01 12:59:40,646 INFO: Computing MW group (delta = ['4', '11', '-4', '-20', '0', '9'], g = [4, 12, -4, -20, 0, 9])...
2022-01-01 13:04:25,734 INFO: Finished MW computation (delta = ['4', '11', '-4', '-20', '0', '9'], g = [4, 12, -4, -20, 0, 9])
2022-01-01 13:04:25,739 INFO: Reducing MW generators...
2022-01-01 13:04:29,571 INFO: Finished reducing MW generators.
2022-01-01 13:04:29,573 INFO: Running elliptic Chabauty (delta = ['4', '11', '-3', '-20', '0', '9'], g = [4, 12, -4, -20, 0, 9])...
2022-01-03 13:14:57,000 INFO: Obsolete "loc_solv_error" keys removed.
