2022-01-11 15:10:13,876 INFO: Initialized curve data.
2022-01-11 15:10:13,879 INFO: Setting up initial twist data...
2022-01-11 15:10:14,917 INFO: Twist setup complete.
2022-01-11 15:10:14,917 INFO: Searching for rational points on each twist...
2022-01-11 15:10:16,384 INFO: Finished searching for rational points on each twist.
2022-01-11 15:10:16,384 INFO: Testing local solvability of twists...
2022-01-11 15:10:18,312 INFO: Finished local solvability testing.
2022-01-11 15:10:18,314 INFO: Computing elliptic curve a-invariants...
2022-01-11 15:10:23,943 INFO: Finished computation of a-invariants.
2022-01-11 15:10:23,944 INFO: Computing MW group (delta = ['-1/3', '-1', '-1/3', '-1'], g = [4, 16, 16, 17, 8, 4])...
2022-01-11 15:11:27,301 INFO: Finished MW computation (delta = ['-1/3', '-1', '-1/3', '-1'], g = [4, 16, 16, 17, 8, 4])
2022-01-11 15:11:27,304 INFO: Skipped MW computation because no base point (delta = ['1', '0', '1'])
2022-01-11 15:11:27,304 INFO: Computing MW group (delta = ['1'], g = [4, 16, 16, 17, 8, 4])...
2022-01-11 15:13:22,456 INFO: Finished MW computation (delta = ['1'], g = [4, 16, 16, 17, 8, 4])
2022-01-11 15:13:22,458 INFO: Computing MW group (delta = ['-1/3', '-1'], g = [4, 16, 16, 17, 8, 4])...
2022-01-14 09:07:26,405 INFO: Loaded curve data from file.
2022-01-14 09:07:26,405 INFO: Reducing MW generators...
2022-01-14 09:07:27,506 INFO: Finished reducing MW generators.
2022-01-14 09:07:27,508 INFO: Running elliptic Chabauty (delta = ['-1/3', '-1', '-1/3', '-1'], g = [4, 16, 16, 17, 8, 4])...
2022-01-14 09:07:59,860 INFO: Chabauty completed successfully (delta = ['-1/3', '-1', '-1/3', '-1'], g = [4, 16, 16, 17, 8, 4]).
2022-01-14 09:07:59,864 INFO: Skipped Chabauty because no base point (delta = ['1', '0', '1'])
2022-01-14 09:07:59,864 INFO: Running elliptic Chabauty (delta = ['1'], g = [4, 16, 16, 17, 8, 4])...
2022-01-14 09:08:28,108 INFO: Chabauty completed successfully (delta = ['1'], g = [4, 16, 16, 17, 8, 4]).
2022-01-14 09:08:28,111 INFO: Skipped Chabauty because MW generators haven't been computed. (delta = ['-1/3', '-1'], g = [4, 16, 16, 17, 8, 4])
2022-01-14 09:08:28,244 INFO: Tasks complete. Recording data and exiting.
