2022-01-12 12:27:19,581 INFO: Initialized curve data.
2022-01-12 12:27:19,584 INFO: Setting up initial twist data...
2022-01-12 12:27:21,213 INFO: Twist setup complete.
2022-01-12 12:27:21,214 INFO: Searching for rational points on each twist...
2022-01-12 12:27:24,827 INFO: Finished searching for rational points on each twist.
2022-01-12 12:27:24,827 INFO: Testing local solvability of twists...
2022-01-12 12:27:38,576 INFO: Finished local solvability testing.
2022-01-12 12:27:38,578 INFO: Computing elliptic curve a-invariants...
2022-01-12 12:27:42,583 INFO: Finished computation of a-invariants.
2022-01-12 12:27:42,585 INFO: Skipped MW computation because no base point (delta = ['1', '0', '1'])
2022-01-12 12:27:42,585 INFO: Computing MW group (delta = ['1'], g = [1, 1])...
2022-01-12 12:27:42,999 INFO: Finished MW computation (delta = ['1'], g = [1, 1])
2022-01-12 12:27:43,001 INFO: Computing MW group (delta = ['1'], g = [1, 1, 2, 2, 2])...
2022-01-12 12:27:49,846 INFO: Finished MW computation (delta = ['1'], g = [1, 1, 2, 2, 2])
2022-01-12 12:27:49,849 INFO: Computing MW group (delta = ['-1', '0', '-1', '-2', '-2'], g = [1, 1])...
2022-01-12 12:27:50,452 INFO: Finished MW computation (delta = ['-1', '0', '-1', '-2', '-2'], g = [1, 1])
2022-01-12 12:27:50,454 INFO: Computing MW group (delta = ['-1', '0', '-1', '-2', '-2'], g = [1, 1, 2, 2, 2])...
2022-01-12 12:27:55,612 INFO: Finished MW computation (delta = ['-1', '0', '-1', '-2', '-2'], g = [1, 1, 2, 2, 2])
2022-01-12 12:27:55,614 INFO: Skipped MW computation because no base point (delta = ['-1', '0', '-2', '0', '1', '2'])
2022-01-12 12:27:55,614 INFO: Skipped MW computation because no base point (delta = ['1', '1', '4', '3', '5', '2'])
2022-01-12 12:27:55,614 INFO: Computing MW group (delta = ['1', '1', '4', '4', '4', '2'], g = [1, 1])...
2022-01-12 12:27:56,221 INFO: Finished MW computation (delta = ['1', '1', '4', '4', '4', '2'], g = [1, 1])
2022-01-12 12:27:56,224 INFO: Computing MW group (delta = ['1', '1', '4', '4', '4', '2'], g = [1, 1, 2, 2, 2])...
2022-01-12 12:28:01,432 INFO: Finished MW computation (delta = ['1', '1', '4', '4', '4', '2'], g = [1, 1, 2, 2, 2])
2022-01-12 12:28:01,435 INFO: Skipped MW computation because no base point (delta = ['-1', '1', '0', '1', '1', '2'])
2022-01-12 12:28:01,435 INFO: Computing MW group (delta = ['-1', '3/2', '-1', '5/2', '2', '4'], g = [1, 1])...
2022-01-12 12:28:02,075 INFO: Finished MW computation (delta = ['-1', '3/2', '-1', '5/2', '2', '4'], g = [1, 1])
2022-01-12 12:28:02,078 INFO: Computing MW group (delta = ['-1', '3/2', '-1', '5/2', '2', '4'], g = [1, 1, 2, 2, 2])...
2022-01-12 12:28:12,497 INFO: Finished MW computation (delta = ['-1', '3/2', '-1', '5/2', '2', '4'], g = [1, 1, 2, 2, 2])
2022-01-12 12:28:12,501 INFO: Reducing MW generators...
2022-01-12 12:28:20,555 INFO: Finished reducing MW generators.
2022-01-12 12:28:20,558 INFO: Tasks complete. Recording data and exiting.
