2022-01-01 12:50:51,270 INFO: Initialized curve data.
2022-01-01 12:50:51,274 INFO: Setting up initial twist data...
2022-01-01 12:50:52,267 INFO: Twist setup complete.
2022-01-01 12:50:52,267 INFO: Searching for rational points on each twist...
2022-01-01 12:50:53,276 INFO: Finished searching for rational points on each twist.
2022-01-01 12:50:53,276 INFO: Testing local solvability of twists...
2022-01-01 12:50:53,282 INFO: Finished local solvability testing.
2022-01-01 12:50:53,283 INFO: Computing elliptic curve a-invariants...
2022-01-01 12:51:03,099 INFO: Finished computation of a-invariants.
2022-01-01 12:51:03,101 INFO: Computing MW group (delta = ['1'], g = [-4, -19, -24, -4, 0, 4])...
2022-01-01 12:53:03,276 INFO: Finished MW computation (delta = ['1'], g = [-4, -19, -24, -4, 0, 4])
2022-01-01 12:53:03,284 INFO: Computing MW group (delta = ['-1', '-5', '-7', '-2', '0', '1'], g = [-4, -19, -24, -4, 0, 4])...
2022-01-01 12:53:49,002 INFO: Finished MW computation (delta = ['-1', '-5', '-7', '-2', '0', '1'], g = [-4, -19, -24, -4, 0, 4])
2022-01-01 12:53:49,005 INFO: Computing MW group (delta = ['2', '10', '13', '2', '0', '-2'], g = [-4, -19, -24, -4, 0, 4])...
2022-01-01 12:56:35,281 INFO: Finished MW computation (delta = ['2', '10', '13', '2', '0', '-2'], g = [-4, -19, -24, -4, 0, 4])
2022-01-01 12:56:35,286 INFO: Computing MW group (delta = ['-1/2', '-1'], g = [-4, -19, -24, -4, 0, 4])...
2022-01-01 12:57:08,749 INFO: Finished MW computation (delta = ['-1/2', '-1'], g = [-4, -19, -24, -4, 0, 4])
2022-01-01 12:57:08,755 INFO: Reducing MW generators...
2022-01-01 12:57:11,606 INFO: Finished reducing MW generators.
2022-01-01 12:57:11,609 INFO: Running elliptic Chabauty (delta = ['1'], g = [-4, -19, -24, -4, 0, 4])...
2022-01-01 12:57:19,949 INFO: Chabauty completed successfully (delta = ['1'], g = [-4, -19, -24, -4, 0, 4]).
2022-01-01 12:57:19,953 INFO: Running elliptic Chabauty (delta = ['-1', '-5', '-7', '-2', '0', '1'], g = [-4, -19, -24, -4, 0, 4])...
2022-01-01 12:57:28,219 INFO: Chabauty completed successfully (delta = ['-1', '-5', '-7', '-2', '0', '1'], g = [-4, -19, -24, -4, 0, 4]).
2022-01-01 12:57:28,222 INFO: Running elliptic Chabauty (delta = ['2', '10', '13', '2', '0', '-2'], g = [-4, -19, -24, -4, 0, 4])...
2022-01-01 12:57:37,945 INFO: Chabauty completed successfully (delta = ['2', '10', '13', '2', '0', '-2'], g = [-4, -19, -24, -4, 0, 4]).
2022-01-01 12:57:37,949 INFO: Running elliptic Chabauty (delta = ['-1/2', '-1'], g = [-4, -19, -24, -4, 0, 4])...
2022-01-01 12:57:51,329 INFO: Chabauty completed successfully (delta = ['-1/2', '-1'], g = [-4, -19, -24, -4, 0, 4]).
2022-01-01 12:57:51,572 INFO: Rational points successfully computed.
2022-01-01 12:57:51,574 INFO: Tasks complete. Recording data and exiting.
2022-01-03 13:14:57,000 INFO: Obsolete "loc_solv_error" keys removed.
2022-01-03 13:14:57,000 INFO: Deleted results of Chabauty computation.
