2022-01-13 21:54:56,613 INFO: Initialized curve data.
2022-01-13 21:54:56,618 INFO: Setting up initial twist data...
2022-01-13 21:54:57,881 INFO: Twist setup complete.
2022-01-13 21:54:57,881 INFO: Searching for rational points on each twist...
2022-01-13 21:55:00,963 INFO: Finished searching for rational points on each twist.
2022-01-13 21:55:00,963 INFO: Testing local solvability of twists...
2022-01-13 21:58:14,760 INFO: Finished local solvability testing.
2022-01-13 21:58:14,762 INFO: Computing elliptic curve a-invariants...
2022-01-13 21:58:30,193 INFO: Finished computation of a-invariants.
2022-01-13 21:58:30,195 INFO: Computing MW group (delta = ['2', '-4', '-3', '1', '8', '9/2'], g = [4, -7, -8, 2, 16, 9])...
2022-01-13 21:59:43,628 INFO: Finished MW computation (delta = ['2', '-4', '-3', '1', '8', '9/2'], g = [4, -7, -8, 2, 16, 9])
2022-01-13 21:59:43,630 INFO: Skipped MW computation because no base point (delta = ['-4', '8', '7', '-3', '-16', '-9'])
2022-01-13 21:59:43,631 INFO: Skipped MW computation because no base point (delta = ['8', '-14', '-31/2', '3', '32', '18'])
2022-01-13 21:59:43,631 INFO: Computing MW group (delta = ['1'], g = [4, -7, -8, 2, 16, 9])...
2022-01-14 11:35:35,630 INFO: Loaded curve data from file.
2022-01-14 11:35:35,630 INFO: Reducing MW generators...
2022-01-14 11:35:35,661 INFO: Finished reducing MW generators.
2022-01-14 11:35:35,664 INFO: Skipped Chabauty because MW group hasn't been provably computed. (delta = ['2', '-4', '-3', '1', '8', '9/2'], g = [4, -7, -8, 2, 16, 9])
2022-01-14 11:35:35,664 INFO: Skipped Chabauty because no base point (delta = ['-4', '8', '7', '-3', '-16', '-9'])
2022-01-14 11:35:35,664 INFO: Skipped Chabauty because no base point (delta = ['8', '-14', '-31/2', '3', '32', '18'])
2022-01-14 11:35:35,664 INFO: Skipped Chabauty because MW generators haven't been computed. (delta = ['1'], g = [4, -7, -8, 2, 16, 9])
2022-01-14 11:35:35,664 INFO: Skipped Chabauty because no base point (delta = ['-1', '1', '1'])
2022-01-14 11:35:35,664 INFO: Skipped Chabauty because MW generators haven't been computed. (delta = ['-8', '14', '31/2', '-5/2', '-65/2', '-19'], g = [4, -7, -8, 2, 16, 9])
2022-01-14 11:35:35,664 INFO: Skipped Chabauty because MW generators haven't been computed. (delta = ['4', '-8', '-8', '2', '16', '9'], g = [4, -7, -8, 2, 16, 9])
2022-01-14 11:35:35,664 INFO: Skipped Chabauty because no base point (delta = ['-2', '4', '5/2', '-1/2', '-7', '-9/2'])
2022-01-14 11:35:35,785 INFO: Tasks complete. Recording data and exiting.
