2022-02-01 12:30:26,026 INFO: Initialized curve data.
2022-02-01 12:30:26,034 INFO: Setting up initial twist data...
2022-02-01 12:30:27,942 INFO: Twist setup complete.
2022-02-01 12:30:27,942 INFO: Searching for rational points on each twist...
2022-02-01 12:30:30,110 INFO: Finished searching for rational points on each twist.
2022-02-01 12:30:30,111 INFO: Testing local solvability of twists...
2022-02-01 12:30:30,117 INFO: Finished local solvability testing.
2022-02-01 12:30:30,119 INFO: Computing elliptic curve a-invariants...
2022-02-01 12:30:39,396 INFO: Finished computation of a-invariants.
2022-02-01 12:30:39,397 INFO: Computing MW group (delta = ['-1/4', '-1/4', '1'], g = [4, 1, -14, 15, -22, 17])...
2022-02-01 12:33:53,251 INFO: Finished MW computation (delta = ['-1/4', '-1/4', '1'], g = [4, 1, -14, 15, -22, 17])
2022-02-01 12:33:53,255 INFO: Computing MW group (delta = ['1'], g = [4, 1, -14, 15, -22, 17])...
2022-02-02 04:43:58,877 INFO: Loaded curve data from file.
2022-02-02 04:43:58,878 INFO: Reducing MW generators...
2022-02-02 04:43:58,932 INFO: Finished reducing MW generators.
2022-02-02 04:43:58,937 INFO: Skipped Chabauty because MW group hasn't been provably computed. (delta = ['-1/4', '-1/4', '1'], g = [4, 1, -14, 15, -22, 17])
2022-02-02 04:43:58,937 INFO: Skipped Chabauty because MW generators haven't been computed. (delta = ['1'], g = [4, 1, -14, 15, -22, 17])
2022-02-02 04:43:58,938 INFO: Skipped Chabauty because MW generators haven't been computed. (delta = ['4', '0', '-13', '15', '-22', '17'], g = [4, 1, -14, 15, -22, 17])
2022-02-02 04:43:58,938 INFO: Skipped Chabauty because MW generators haven't been computed. (delta = ['-1', '0', '7/2', '-5', '13/2', '-17/4'], g = [4, 1, -14, 15, -22, 17])
2022-02-02 04:43:58,944 INFO: Tasks complete. Recording data and exiting.
