2022-01-11 15:13:04,591 INFO: Initialized curve data.
2022-01-11 15:13:04,595 INFO: Setting up initial twist data...
2022-01-11 15:13:06,551 INFO: Twist setup complete.
2022-01-11 15:13:06,551 INFO: Searching for rational points on each twist...
2022-01-11 15:13:08,352 INFO: Finished searching for rational points on each twist.
2022-01-11 15:13:08,352 INFO: Testing local solvability of twists...
2022-01-11 15:13:19,833 INFO: Finished local solvability testing.
2022-01-11 15:13:19,835 INFO: Computing elliptic curve a-invariants...
2022-01-11 15:13:37,360 INFO: Finished computation of a-invariants.
2022-01-11 15:13:37,361 INFO: Skipped MW computation because no base point (delta = ['-4', '-27', '-6', '18', '-2', '-1'])
2022-01-11 15:13:37,361 INFO: Computing MW group (delta = ['1'], g = [4, 28, 8, -19, 2, 1])...
2022-01-14 09:07:38,454 INFO: Loaded curve data from file.
2022-01-14 09:07:38,455 INFO: Reducing MW generators...
2022-01-14 09:07:38,455 INFO: Finished reducing MW generators.
2022-01-14 09:07:38,457 INFO: Skipped Chabauty because no base point (delta = ['-4', '-27', '-6', '18', '-2', '-1'])
2022-01-14 09:07:38,457 INFO: Skipped Chabauty because MW generators haven't been computed. (delta = ['1'], g = [4, 28, 8, -19, 2, 1])
2022-01-14 09:07:38,457 INFO: Skipped Chabauty because no base point (delta = ['-1', '-2', '1'])
2022-01-14 09:07:38,457 INFO: Skipped Chabauty because MW generators haven't been computed. (delta = ['4', '27', '8', '-19', '2', '1'], g = [4, 28, 8, -19, 2, 1])
2022-01-14 09:07:38,542 INFO: Tasks complete. Recording data and exiting.
2022-02-12 17:16:54,406 INFO: Loaded curve data from file.
2022-02-12 17:16:54,406 INFO: Computing elliptic Chabauty map... (delta = ['1'], g = [4, 28, 8, -19, 2, 1])
2022-02-12 17:17:14,462 INFO: Elliptic Chabauty map computed. (delta = ['1'], g = [4, 28, 8, -19, 2, 1])
2022-02-12 17:17:14,465 INFO: Computing elliptic Chabauty map... (delta = ['4', '27', '8', '-19', '2', '1'], g = [4, 28, 8, -19, 2, 1])
2022-02-12 17:17:34,593 INFO: Elliptic Chabauty map computed. (delta = ['4', '27', '8', '-19', '2', '1'], g = [4, 28, 8, -19, 2, 1])
2022-02-12 17:17:34,596 INFO: Tasks complete. Recording data and exiting.
