2022-01-14 12:17:21,651 INFO: Initialized curve data.
2022-01-14 12:17:21,654 INFO: Setting up initial twist data...
2022-01-14 12:17:22,536 INFO: Twist setup complete.
2022-01-14 12:17:22,536 INFO: Searching for rational points on each twist...
2022-01-14 12:17:23,833 INFO: Finished searching for rational points on each twist.
2022-01-14 12:17:23,833 INFO: Testing local solvability of twists...
2022-01-14 12:18:58,952 INFO: Finished local solvability testing.
2022-01-14 12:18:58,954 INFO: Computing elliptic curve a-invariants...
2022-01-14 12:19:05,899 INFO: Finished computation of a-invariants.
2022-01-14 12:19:05,901 INFO: Computing MW group (delta = ['-11', '-5', '7', '7', '5', '1'], g = [-12, -4, 7, 7, 5, 1])...
2022-01-14 12:19:50,889 INFO: Finished MW computation (delta = ['-11', '-5', '7', '7', '5', '1'], g = [-12, -4, 7, 7, 5, 1])
2022-01-14 12:19:50,893 INFO: Skipped MW computation because no base point (delta = ['2', '1', '1'])
2022-01-14 12:19:50,893 INFO: Computing MW group (delta = ['1'], g = [-12, -4, 7, 7, 5, 1])...
2022-01-14 12:20:12,159 INFO: Finished MW computation (delta = ['1'], g = [-12, -4, 7, 7, 5, 1])
2022-01-14 12:20:12,163 INFO: Skipped MW computation because no base point (delta = ['-46', '-17', '28', '27', '20', '4'])
2022-01-14 12:20:12,165 INFO: Reducing MW generators...
2022-01-14 12:20:12,724 INFO: Finished reducing MW generators.
2022-01-14 12:20:12,726 INFO: Tasks complete. Recording data and exiting.
2022-01-14 15:52:26,590 INFO: Loaded curve data from file.
2022-01-14 15:52:26,591 INFO: Skipped Chabauty because MW group hasn't been provably computed. (delta = ['-11', '-5', '7', '7', '5', '1'], g = [-12, -4, 7, 7, 5, 1])
2022-01-14 15:52:26,591 INFO: Skipped Chabauty because no base point (delta = ['2', '1', '1'])
2022-01-14 15:52:26,591 INFO: Running elliptic Chabauty (delta = ['1'], g = [-12, -4, 7, 7, 5, 1])...
2022-01-14 15:52:40,134 INFO: Chabauty completed successfully (delta = ['1'], g = [-12, -4, 7, 7, 5, 1]).
2022-01-14 15:52:40,136 INFO: Skipped Chabauty because no base point (delta = ['-46', '-17', '28', '27', '20', '4'])
2022-01-14 15:52:40,256 INFO: Tasks complete. Recording data and exiting.
