2022-02-01 12:30:20,449 INFO: Initialized curve data.
2022-02-01 12:30:20,453 INFO: Setting up initial twist data...
2022-02-01 12:30:21,532 INFO: Twist setup complete.
2022-02-01 12:30:21,532 INFO: Searching for rational points on each twist...
2022-02-01 12:30:23,609 INFO: Finished searching for rational points on each twist.
2022-02-01 12:30:23,609 INFO: Testing local solvability of twists...
2022-02-01 12:30:23,617 INFO: Finished local solvability testing.
2022-02-01 12:30:23,618 INFO: Computing elliptic curve a-invariants...
2022-02-01 12:30:38,196 INFO: Finished computation of a-invariants.
2022-02-01 12:30:38,198 INFO: Computing MW group (delta = ['2', '15/2', '-13', '10', '-4', '1/2'], g = [4, 16, -28, 20, -8, 1])...
2022-02-01 12:34:23,576 INFO: Finished MW computation (delta = ['2', '15/2', '-13', '10', '-4', '1/2'], g = [4, 16, -28, 20, -8, 1])
2022-02-01 12:34:23,581 INFO: Computing MW group (delta = ['4', '15', '-28', '20', '-8', '1'], g = [4, 16, -28, 20, -8, 1])...
2022-02-01 12:34:51,176 INFO: Finished MW computation (delta = ['4', '15', '-28', '20', '-8', '1'], g = [4, 16, -28, 20, -8, 1])
2022-02-01 12:34:51,178 INFO: Computing MW group (delta = ['1'], g = [4, 16, -28, 20, -8, 1])...
2022-02-01 12:35:19,090 INFO: Finished MW computation (delta = ['1'], g = [4, 16, -28, 20, -8, 1])
2022-02-01 12:35:19,092 INFO: Computing MW group (delta = ['1/2', '-1'], g = [4, 16, -28, 20, -8, 1])...
2022-02-01 12:37:27,767 INFO: Finished MW computation (delta = ['1/2', '-1'], g = [4, 16, -28, 20, -8, 1])
2022-02-01 12:37:27,772 INFO: Reducing MW generators...
2022-02-01 12:37:30,423 INFO: Finished reducing MW generators.
2022-02-01 12:37:30,425 INFO: Tasks complete. Recording data and exiting.
