2022-02-01 12:33:56,282 INFO: Initialized curve data.
2022-02-01 12:33:56,286 INFO: Setting up initial twist data...
2022-02-01 12:33:57,434 INFO: Twist setup complete.
2022-02-01 12:33:57,434 INFO: Searching for rational points on each twist...
2022-02-01 12:33:59,504 INFO: Finished searching for rational points on each twist.
2022-02-01 12:33:59,504 INFO: Testing local solvability of twists...
2022-02-01 12:33:59,510 INFO: Finished local solvability testing.
2022-02-01 12:33:59,511 INFO: Computing elliptic curve a-invariants...
2022-02-01 12:34:12,357 INFO: Finished computation of a-invariants.
2022-02-01 12:34:12,359 INFO: Computing MW group (delta = ['3/2', '-3', '1'], g = [-21, 15, 15, -15, 1, 1])...
2022-02-01 12:38:35,615 INFO: Finished MW computation (delta = ['3/2', '-3', '1'], g = [-21, 15, 15, -15, 1, 1])
2022-02-01 12:38:35,618 INFO: Computing MW group (delta = ['1'], g = [-21, 15, 15, -15, 1, 1])...
2022-02-02 04:48:20,710 INFO: Loaded curve data from file.
2022-02-02 04:48:20,710 INFO: Reducing MW generators...
2022-02-02 04:48:20,738 INFO: Finished reducing MW generators.
2022-02-02 04:48:20,740 INFO: Skipped Chabauty because MW group hasn't been provably computed. (delta = ['3/2', '-3', '1'], g = [-21, 15, 15, -15, 1, 1])
2022-02-02 04:48:20,740 INFO: Skipped Chabauty because MW generators haven't been computed. (delta = ['1'], g = [-21, 15, 15, -15, 1, 1])
2022-02-02 04:48:20,740 INFO: Skipped Chabauty because MW generators haven't been computed. (delta = ['-20', '14', '15', '-15', '1', '1'], g = [-21, 15, 15, -15, 1, 1])
2022-02-02 04:48:20,740 INFO: Skipped Chabauty because MW generators haven't been computed. (delta = ['12', '-12', '-7/2', '13/2', '-1/2', '-1/2'], g = [-21, 15, 15, -15, 1, 1])
2022-02-02 04:48:20,741 INFO: Tasks complete. Recording data and exiting.
