2022-01-11 15:24:23,580 INFO: Initialized curve data.
2022-01-11 15:24:23,584 INFO: Setting up initial twist data...
2022-01-11 15:24:24,983 INFO: Twist setup complete.
2022-01-11 15:24:24,983 INFO: Searching for rational points on each twist...
2022-01-11 15:24:26,311 INFO: Finished searching for rational points on each twist.
2022-01-11 15:24:26,311 INFO: Testing local solvability of twists...
2022-01-11 15:24:28,576 INFO: Finished local solvability testing.
2022-01-11 15:24:28,577 INFO: Computing elliptic curve a-invariants...
2022-01-11 15:24:31,832 INFO: Finished computation of a-invariants.
2022-01-11 15:24:31,833 INFO: Computing MW group (delta = ['-4', '-1', '4', '9', '2', '1'], g = [-4, 0, 4, 9, 2, 1])...
2022-01-11 15:26:01,067 INFO: Finished MW computation (delta = ['-4', '-1', '4', '9', '2', '1'], g = [-4, 0, 4, 9, 2, 1])
2022-01-11 15:26:01,070 INFO: Skipped MW computation because no base point (delta = ['1', '1', '1'])
2022-01-11 15:26:01,070 INFO: Computing MW group (delta = ['1'], g = [-4, 0, 4, 9, 2, 1])...
2022-01-14 09:07:51,581 INFO: Loaded curve data from file.
2022-01-14 09:07:51,581 INFO: Reducing MW generators...
2022-01-14 09:07:51,796 INFO: Finished reducing MW generators.
2022-01-14 09:07:51,798 INFO: Running elliptic Chabauty (delta = ['-4', '-1', '4', '9', '2', '1'], g = [-4, 0, 4, 9, 2, 1])...
2022-01-14 09:08:02,378 INFO: Chabauty completed successfully (delta = ['-4', '-1', '4', '9', '2', '1'], g = [-4, 0, 4, 9, 2, 1]).
2022-01-14 09:08:02,380 INFO: Skipped Chabauty because no base point (delta = ['1', '1', '1'])
2022-01-14 09:08:02,380 INFO: Skipped Chabauty because MW generators haven't been computed. (delta = ['1'], g = [-4, 0, 4, 9, 2, 1])
2022-01-14 09:08:02,380 INFO: Skipped Chabauty because no base point (delta = ['-4', '-1', '3', '8', '2', '1'])
2022-01-14 09:08:02,498 INFO: Tasks complete. Recording data and exiting.
