2022-01-01 12:50:49,159 INFO: Initialized curve data.
2022-01-01 12:50:49,161 INFO: Setting up initial twist data...
2022-01-01 12:50:50,074 INFO: Twist setup complete.
2022-01-01 12:50:50,074 INFO: Searching for rational points on each twist...
2022-01-01 12:50:50,864 INFO: Finished searching for rational points on each twist.
2022-01-01 12:50:50,864 INFO: Testing local solvability of twists...
2022-01-01 12:50:50,869 INFO: Finished local solvability testing.
2022-01-01 12:50:50,871 INFO: Computing elliptic curve a-invariants...
2022-01-01 12:51:17,936 INFO: Finished computation of a-invariants.
2022-01-01 12:51:17,937 INFO: Computing MW group (delta = ['1', '-2', '2', '1', '-2', '1'], g = [1, -1, 1, 1, -2, 1])...
2022-01-01 12:51:38,089 INFO: Finished MW computation (delta = ['1', '-2', '2', '1', '-2', '1'], g = [1, -1, 1, 1, -2, 1])
2022-01-01 12:51:38,092 INFO: Computing MW group (delta = ['1', '-1'], g = [1, -1, 1, 1, -2, 1])...
2022-01-01 12:52:17,167 INFO: Finished MW computation (delta = ['1', '-1'], g = [1, -1, 1, 1, -2, 1])
2022-01-01 12:52:17,171 INFO: Computing MW group (delta = ['1', '-2', '1', '1', '-2', '1'], g = [1, -1, 1, 1, -2, 1])...
2022-01-01 12:53:21,156 INFO: Finished MW computation (delta = ['1', '-2', '1', '1', '-2', '1'], g = [1, -1, 1, 1, -2, 1])
2022-01-01 12:53:21,160 INFO: Computing MW group (delta = ['1'], g = [1, -1, 1, 1, -2, 1])...
2022-01-01 12:53:46,243 INFO: Finished MW computation (delta = ['1'], g = [1, -1, 1, 1, -2, 1])
2022-01-01 12:53:46,249 INFO: Reducing MW generators...
2022-01-01 12:53:49,637 INFO: Finished reducing MW generators.
2022-01-01 12:53:49,639 INFO: Running elliptic Chabauty (delta = ['1', '-2', '2', '1', '-2', '1'], g = [1, -1, 1, 1, -2, 1])...
2022-01-01 12:54:05,714 INFO: Chabauty completed successfully (delta = ['1', '-2', '2', '1', '-2', '1'], g = [1, -1, 1, 1, -2, 1]).
2022-01-01 12:54:05,717 INFO: Running elliptic Chabauty (delta = ['1', '-1'], g = [1, -1, 1, 1, -2, 1])...
2022-01-01 12:54:22,831 INFO: Chabauty completed successfully (delta = ['1', '-1'], g = [1, -1, 1, 1, -2, 1]).
2022-01-01 12:54:22,835 INFO: Running elliptic Chabauty (delta = ['1', '-2', '1', '1', '-2', '1'], g = [1, -1, 1, 1, -2, 1])...
2022-01-01 12:54:41,525 INFO: Chabauty completed successfully (delta = ['1', '-2', '1', '1', '-2', '1'], g = [1, -1, 1, 1, -2, 1]).
2022-01-01 12:54:41,528 INFO: Running elliptic Chabauty (delta = ['1'], g = [1, -1, 1, 1, -2, 1])...
2022-01-01 12:54:58,429 INFO: Chabauty completed successfully (delta = ['1'], g = [1, -1, 1, 1, -2, 1]).
2022-01-01 12:54:58,634 INFO: Rational points successfully computed.
2022-01-01 12:54:58,636 INFO: Tasks complete. Recording data and exiting.
