2022-02-01 12:30:27,748 INFO: Initialized curve data.
2022-02-01 12:30:27,752 INFO: Setting up initial twist data...
2022-02-01 12:30:28,606 INFO: Twist setup complete.
2022-02-01 12:30:28,607 INFO: Searching for rational points on each twist...
2022-02-01 12:30:30,096 INFO: Finished searching for rational points on each twist.
2022-02-01 12:30:30,096 INFO: Testing local solvability of twists...
2022-02-01 12:30:34,134 INFO: Finished local solvability testing.
2022-02-01 12:30:34,136 INFO: Computing elliptic curve a-invariants...
2022-02-01 12:30:38,407 INFO: Finished computation of a-invariants.
2022-02-01 12:30:38,409 INFO: Computing MW group (delta = ['-9', '3', '13', '3', '-1', '1'], g = [-8, 4, 13, 3, -1, 1])...
2022-02-01 12:36:46,553 INFO: Finished MW computation (delta = ['-9', '3', '13', '3', '-1', '1'], g = [-8, 4, 13, 3, -1, 1])
2022-02-01 12:36:46,556 INFO: Computing MW group (delta = ['10', '-1', '-12', '-3', '1', '-1'], g = [-8, 4, 13, 3, -1, 1])...
2022-02-02 04:44:00,152 INFO: Loaded curve data from file.
2022-02-02 04:44:00,153 INFO: Reducing MW generators...
2022-02-02 04:44:00,212 INFO: Finished reducing MW generators.
2022-02-02 04:44:00,219 INFO: Skipped Chabauty because MW group hasn't been provably computed. (delta = ['-9', '3', '13', '3', '-1', '1'], g = [-8, 4, 13, 3, -1, 1])
2022-02-02 04:44:00,219 INFO: Skipped Chabauty because MW generators haven't been computed. (delta = ['10', '-1', '-12', '-3', '1', '-1'], g = [-8, 4, 13, 3, -1, 1])
2022-02-02 04:44:00,220 INFO: Skipped Chabauty because MW generators haven't been computed. (delta = ['1'], g = [-8, 4, 13, 3, -1, 1])
2022-02-02 04:44:00,220 INFO: Skipped Chabauty because no base point (delta = ['-2', '-1'])
2022-02-02 04:44:00,283 INFO: Tasks complete. Recording data and exiting.
2022-02-12 17:22:51,727 INFO: Loaded curve data from file.
2022-02-12 17:22:51,727 INFO: Computing elliptic Chabauty map... (delta = ['-9', '3', '13', '3', '-1', '1'], g = [-8, 4, 13, 3, -1, 1])
2022-02-12 17:22:59,740 INFO: Elliptic Chabauty map computed. (delta = ['-9', '3', '13', '3', '-1', '1'], g = [-8, 4, 13, 3, -1, 1])
2022-02-12 17:22:59,742 INFO: Computing elliptic Chabauty map... (delta = ['10', '-1', '-12', '-3', '1', '-1'], g = [-8, 4, 13, 3, -1, 1])
2022-02-12 17:23:07,543 INFO: Elliptic Chabauty map computed. (delta = ['10', '-1', '-12', '-3', '1', '-1'], g = [-8, 4, 13, 3, -1, 1])
2022-02-12 17:23:07,545 INFO: Computing elliptic Chabauty map... (delta = ['1'], g = [-8, 4, 13, 3, -1, 1])
2022-02-12 17:23:15,303 INFO: Elliptic Chabauty map computed. (delta = ['1'], g = [-8, 4, 13, 3, -1, 1])
2022-02-12 17:23:15,305 INFO: Tasks complete. Recording data and exiting.
