2022-01-11 15:24:23,615 INFO: Initialized curve data.
2022-01-11 15:24:23,619 INFO: Setting up initial twist data...
2022-01-11 15:24:24,495 INFO: Twist setup complete.
2022-01-11 15:24:24,495 INFO: Searching for rational points on each twist...
2022-01-11 15:24:26,973 INFO: Finished searching for rational points on each twist.
2022-01-11 15:24:26,974 INFO: Testing local solvability of twists...
2022-01-11 15:24:37,733 INFO: Finished local solvability testing.
2022-01-11 15:24:37,736 INFO: Computing elliptic curve a-invariants...
2022-01-11 15:24:39,490 INFO: Finished computation of a-invariants.
2022-01-11 15:24:39,493 INFO: Computing MW group (delta = ['1', '0', '0', '3', '-1', '1'], g = [1, -1, 1])...
2022-01-11 15:24:40,724 INFO: Finished MW computation (delta = ['1', '0', '0', '3', '-1', '1'], g = [1, -1, 1])
2022-01-11 15:24:40,729 INFO: Computing MW group (delta = ['1', '0', '0', '3', '-1', '1'], g = [1, 2, 0, 1])...
2022-01-11 15:24:43,089 INFO: Finished MW computation (delta = ['1', '0', '0', '3', '-1', '1'], g = [1, 2, 0, 1])
2022-01-11 15:24:43,094 INFO: Skipped MW computation because no base point (delta = ['1', '0', '1', '4', '-1', '2'])
2022-01-11 15:24:43,095 INFO: Skipped MW computation because no base point (delta = ['1', '-1'])
2022-01-11 15:24:43,095 INFO: Computing MW group (delta = ['1', '0', '-1', '3', '-1', '1'], g = [1, -1, 1])...
2022-01-11 15:24:44,257 INFO: Finished MW computation (delta = ['1', '0', '-1', '3', '-1', '1'], g = [1, -1, 1])
2022-01-11 15:24:44,261 INFO: Computing MW group (delta = ['1', '0', '-1', '3', '-1', '1'], g = [1, 2, 0, 1])...
2022-01-11 15:24:46,656 INFO: Finished MW computation (delta = ['1', '0', '-1', '3', '-1', '1'], g = [1, 2, 0, 1])
2022-01-11 15:24:46,661 INFO: Computing MW group (delta = ['1'], g = [1, -1, 1])...
2022-01-11 15:24:47,897 INFO: Finished MW computation (delta = ['1'], g = [1, -1, 1])
2022-01-11 15:24:47,901 INFO: Computing MW group (delta = ['1'], g = [1, 2, 0, 1])...
2022-01-11 15:24:54,368 INFO: Finished MW computation (delta = ['1'], g = [1, 2, 0, 1])
2022-01-11 15:24:54,372 INFO: Skipped MW computation because no base point (delta = ['1', '-3', '1', '1', '-1', '1'])
2022-01-11 15:24:54,373 INFO: Skipped MW computation because no base point (delta = ['1', '-2', '-1', '0', '-1'])
2022-01-11 15:24:54,373 INFO: Skipped MW computation because no base point (delta = ['1', '1', '3', '1', '1', '1'])
2022-01-11 15:24:54,377 INFO: Reducing MW generators...
2022-01-11 15:24:57,627 INFO: Finished reducing MW generators.
2022-01-11 15:24:57,631 INFO: Tasks complete. Recording data and exiting.
