2022-01-01 12:50:38,272 INFO: Initialized curve data.
2022-01-01 12:50:38,275 INFO: Setting up initial twist data...
2022-01-01 12:50:39,310 INFO: Twist setup complete.
2022-01-01 12:50:39,311 INFO: Searching for rational points on each twist...
2022-01-01 12:50:40,489 INFO: Finished searching for rational points on each twist.
2022-01-01 12:50:40,490 INFO: Testing local solvability of twists...
2022-01-01 12:50:40,496 INFO: Finished local solvability testing.
2022-01-01 12:50:40,498 INFO: Computing elliptic curve a-invariants...
2022-01-01 12:50:57,595 INFO: Finished computation of a-invariants.
2022-01-01 12:50:57,596 INFO: Computing MW group (delta = ['4', '-1', '-11', '16', '-8', '1'], g = [4, 0, -12, 16, -8, 1])...
2022-01-01 12:58:42,759 INFO: Finished MW computation (delta = ['4', '-1', '-11', '16', '-8', '1'], g = [4, 0, -12, 16, -8, 1])
2022-01-01 12:58:42,762 INFO: Computing MW group (delta = ['1'], g = [4, 0, -12, 16, -8, 1])...
2022-01-01 13:01:58,552 INFO: Finished MW computation (delta = ['1'], g = [4, 0, -12, 16, -8, 1])
2022-01-01 13:01:58,557 INFO: Computing MW group (delta = ['16', '0', '-47', '63', '-32', '4'], g = [4, 0, -12, 16, -8, 1])...
2022-01-01 13:04:31,435 INFO: Finished MW computation (delta = ['16', '0', '-47', '63', '-32', '4'], g = [4, 0, -12, 16, -8, 1])
2022-01-01 13:04:31,438 INFO: Computing MW group (delta = ['4', '-1', '-12', '16', '-8', '1'], g = [4, 0, -12, 16, -8, 1])...
2022-01-01 13:11:40,309 INFO: Finished MW computation (delta = ['4', '-1', '-12', '16', '-8', '1'], g = [4, 0, -12, 16, -8, 1])
2022-01-01 13:11:40,313 INFO: Reducing MW generators...
2022-01-01 13:11:44,318 INFO: Finished reducing MW generators.
2022-01-01 13:11:44,320 INFO: Running elliptic Chabauty (delta = ['4', '-1', '-11', '16', '-8', '1'], g = [4, 0, -12, 16, -8, 1])...
2022-01-01 13:11:59,472 INFO: Chabauty completed successfully (delta = ['4', '-1', '-11', '16', '-8', '1'], g = [4, 0, -12, 16, -8, 1]).
2022-01-01 13:11:59,475 INFO: Running elliptic Chabauty (delta = ['1'], g = [4, 0, -12, 16, -8, 1])...
2022-01-01 13:12:20,460 INFO: Chabauty completed successfully (delta = ['1'], g = [4, 0, -12, 16, -8, 1]).
2022-01-01 13:12:20,462 INFO: Running elliptic Chabauty (delta = ['16', '0', '-47', '63', '-32', '4'], g = [4, 0, -12, 16, -8, 1])...
2022-01-01 13:12:52,716 INFO: Chabauty completed successfully (delta = ['16', '0', '-47', '63', '-32', '4'], g = [4, 0, -12, 16, -8, 1]).
2022-01-01 13:12:52,719 INFO: Running elliptic Chabauty (delta = ['4', '-1', '-12', '16', '-8', '1'], g = [4, 0, -12, 16, -8, 1])...
2022-01-01 13:15:19,883 INFO: Chabauty completed successfully (delta = ['4', '-1', '-12', '16', '-8', '1'], g = [4, 0, -12, 16, -8, 1]).
2022-01-01 13:15:20,101 INFO: Rational points successfully computed.
2022-01-01 13:15:20,103 INFO: Tasks complete. Recording data and exiting.
2022-01-03 13:14:57,000 INFO: Obsolete "loc_solv_error" keys removed.
2022-01-03 13:14:57,000 INFO: Deleted results of Chabauty computation.
2022-01-10 22:39:02,634 INFO: Loaded curve data from file.
2022-01-10 22:39:02,635 INFO: Running elliptic Chabauty (delta = ['4', '-1', '-11', '16', '-8', '1'], g = [4, 0, -12, 16, -8, 1])...
2022-01-10 22:39:17,483 INFO: Chabauty completed successfully (delta = ['4', '-1', '-11', '16', '-8', '1'], g = [4, 0, -12, 16, -8, 1]).
2022-01-10 22:39:17,486 INFO: Running elliptic Chabauty (delta = ['1'], g = [4, 0, -12, 16, -8, 1])...
2022-01-10 22:39:37,751 INFO: Chabauty completed successfully (delta = ['1'], g = [4, 0, -12, 16, -8, 1]).
2022-01-10 22:39:37,752 INFO: Running elliptic Chabauty (delta = ['16', '0', '-47', '63', '-32', '4'], g = [4, 0, -12, 16, -8, 1])...
2022-01-10 22:40:08,583 INFO: Chabauty completed successfully (delta = ['16', '0', '-47', '63', '-32', '4'], g = [4, 0, -12, 16, -8, 1]).
2022-01-10 22:40:08,585 INFO: Running elliptic Chabauty (delta = ['4', '-1', '-12', '16', '-8', '1'], g = [4, 0, -12, 16, -8, 1])...
2022-01-10 22:42:27,943 INFO: Chabauty completed successfully (delta = ['4', '-1', '-12', '16', '-8', '1'], g = [4, 0, -12, 16, -8, 1]).
2022-01-10 22:42:28,157 INFO: Rational points successfully computed.
2022-01-10 22:42:28,159 INFO: Tasks complete. Recording data and exiting.
2022-02-12 16:46:21,920 INFO: Loaded curve data from file.
2022-02-12 16:46:21,920 INFO: Computing elliptic Chabauty map... (delta = ['4', '-1', '-11', '16', '-8', '1'], g = [4, 0, -12, 16, -8, 1])
2022-02-12 16:46:37,098 INFO: Elliptic Chabauty map computed. (delta = ['4', '-1', '-11', '16', '-8', '1'], g = [4, 0, -12, 16, -8, 1])
2022-02-12 16:46:37,102 INFO: Computing elliptic Chabauty map... (delta = ['1'], g = [4, 0, -12, 16, -8, 1])
2022-02-12 16:46:52,373 INFO: Elliptic Chabauty map computed. (delta = ['1'], g = [4, 0, -12, 16, -8, 1])
2022-02-12 16:46:52,376 INFO: Computing elliptic Chabauty map... (delta = ['16', '0', '-47', '63', '-32', '4'], g = [4, 0, -12, 16, -8, 1])
2022-02-12 16:47:07,502 INFO: Elliptic Chabauty map computed. (delta = ['16', '0', '-47', '63', '-32', '4'], g = [4, 0, -12, 16, -8, 1])
2022-02-12 16:47:07,506 INFO: Computing elliptic Chabauty map... (delta = ['4', '-1', '-12', '16', '-8', '1'], g = [4, 0, -12, 16, -8, 1])
2022-02-12 16:47:22,971 INFO: Elliptic Chabauty map computed. (delta = ['4', '-1', '-12', '16', '-8', '1'], g = [4, 0, -12, 16, -8, 1])
2022-02-12 16:47:22,974 INFO: Tasks complete. Recording data and exiting.
