2022-02-01 12:30:33,618 INFO: Initialized curve data.
2022-02-01 12:30:33,622 INFO: Setting up initial twist data...
2022-02-01 12:30:35,112 INFO: Twist setup complete.
2022-02-01 12:30:35,112 INFO: Searching for rational points on each twist...
2022-02-01 12:30:36,913 INFO: Finished searching for rational points on each twist.
2022-02-01 12:30:36,913 INFO: Testing local solvability of twists...
2022-02-01 12:32:31,528 INFO: Finished local solvability testing.
2022-02-01 12:32:31,529 INFO: Computing elliptic curve a-invariants...
2022-02-01 12:32:33,947 INFO: Finished computation of a-invariants.
2022-02-01 12:32:33,948 INFO: Skipped MW computation because no base point (delta = ['1', '-1', '1'])
2022-02-01 12:32:33,949 INFO: Computing MW group (delta = ['1'], g = [-4, -1, -14, -1, -12, 4])...
2022-02-01 12:55:18,532 INFO: Finished MW computation (delta = ['1'], g = [-4, -1, -14, -1, -12, 4])
2022-02-01 12:55:18,536 INFO: Skipped MW computation because no base point (delta = ['1/2', '-1/2', '3/2', '-1', '1'])
2022-02-01 12:55:18,536 INFO: Skipped MW computation because no base point (delta = ['1/2', '0', '1'])
2022-02-01 12:55:18,538 INFO: Reducing MW generators...
2022-02-01 12:55:18,996 INFO: Finished reducing MW generators.
2022-02-01 12:55:18,998 INFO: Tasks complete. Recording data and exiting.
2022-02-02 04:42:45,743 INFO: Loaded curve data from file.
2022-02-02 04:42:45,744 INFO: Skipped Chabauty because no base point (delta = ['1', '-1', '1'])
2022-02-02 04:42:45,744 INFO: Skipped Chabauty because MW group hasn't been provably computed. (delta = ['1'], g = [-4, -1, -14, -1, -12, 4])
2022-02-02 04:42:45,744 INFO: Skipped Chabauty because no base point (delta = ['1/2', '-1/2', '3/2', '-1', '1'])
2022-02-02 04:42:45,744 INFO: Skipped Chabauty because no base point (delta = ['1/2', '0', '1'])
2022-02-02 04:42:45,849 INFO: Tasks complete. Recording data and exiting.
