2022-01-11 12:29:27,670 INFO: Initialized curve data.
2022-01-11 12:29:27,675 INFO: Setting up initial twist data...
2022-01-11 12:29:28,953 INFO: Twist setup complete.
2022-01-11 12:29:28,953 INFO: Searching for rational points on each twist...
2022-01-11 12:29:30,568 INFO: Finished searching for rational points on each twist.
2022-01-11 12:29:30,568 INFO: Testing local solvability of twists...
2022-01-11 12:29:41,349 INFO: Finished local solvability testing.
2022-01-11 12:29:41,351 INFO: Computing elliptic curve a-invariants...
2022-01-11 12:29:52,105 INFO: Finished computation of a-invariants.
2022-01-11 12:29:52,107 INFO: Computing MW group (delta = ['-1/2', '1/2', '1'], g = [4, -23, 42, 1, -76, 56])...
2022-01-11 12:31:07,069 INFO: Finished MW computation (delta = ['-1/2', '1/2', '1'], g = [4, -23, 42, 1, -76, 56])
2022-01-11 12:31:07,073 INFO: Computing MW group (delta = ['4', '-24', '43', '1', '-76', '56'], g = [4, -23, 42, 1, -76, 56])...
2022-01-13 17:36:51,416 INFO: Loaded curve data from file.
2022-01-13 17:36:51,416 INFO: Reducing MW generators...
2022-01-13 17:36:52,273 INFO: Finished reducing MW generators.
2022-01-13 17:36:52,275 INFO: Running elliptic Chabauty (delta = ['-1/2', '1/2', '1'], g = [4, -23, 42, 1, -76, 56])...
2022-01-13 17:37:24,918 INFO: Chabauty completed successfully (delta = ['-1/2', '1/2', '1'], g = [4, -23, 42, 1, -76, 56]).
2022-01-13 17:37:24,920 INFO: Skipped Chabauty because MW generators haven't been computed. (delta = ['4', '-24', '43', '1', '-76', '56'], g = [4, -23, 42, 1, -76, 56])
2022-01-13 17:37:24,920 INFO: Skipped Chabauty because MW generators haven't been computed. (delta = ['1'], g = [4, -23, 42, 1, -76, 56])
2022-01-13 17:37:24,920 INFO: Skipped Chabauty because no base point (delta = ['-2', '12', '-22', '-1', '39', '-28'])
2022-01-13 17:37:25,012 INFO: Tasks complete. Recording data and exiting.
