2022-02-01 12:30:11,412 INFO: Initialized curve data.
2022-02-01 12:30:11,431 INFO: Setting up initial twist data...
2022-02-01 12:30:12,637 INFO: Twist setup complete.
2022-02-01 12:30:12,637 INFO: Searching for rational points on each twist...
2022-02-01 12:30:14,700 INFO: Finished searching for rational points on each twist.
2022-02-01 12:30:14,700 INFO: Testing local solvability of twists...
2022-02-01 12:30:16,347 INFO: Finished local solvability testing.
2022-02-01 12:30:16,348 INFO: Computing elliptic curve a-invariants...
2022-02-01 12:30:29,787 INFO: Finished computation of a-invariants.
2022-02-01 12:30:29,789 INFO: Computing MW group (delta = ['4', '-5', '13', '-12', '0', '1'], g = [4, -4, 12, -12, 0, 1])...
2022-02-01 12:32:55,379 INFO: Finished MW computation (delta = ['4', '-5', '13', '-12', '0', '1'], g = [4, -4, 12, -12, 0, 1])
2022-02-01 12:32:55,382 INFO: Computing MW group (delta = ['1'], g = [4, -4, 12, -12, 0, 1])...
2022-02-01 12:42:44,886 INFO: Finished MW computation (delta = ['1'], g = [4, -4, 12, -12, 0, 1])
2022-02-01 12:42:44,889 INFO: Computing MW group (delta = ['4', '-5', '12', '-12', '0', '1'], g = [4, -4, 12, -12, 0, 1])...
2022-02-01 12:45:29,125 INFO: Finished MW computation (delta = ['4', '-5', '12', '-12', '0', '1'], g = [4, -4, 12, -12, 0, 1])
2022-02-01 12:45:29,127 INFO: Skipped MW computation because no base point (delta = ['16', '-16', '49', '-49', '0', '4'])
2022-02-01 12:45:29,129 INFO: Reducing MW generators...
2022-02-01 12:45:31,810 INFO: Finished reducing MW generators.
2022-02-01 12:45:31,811 INFO: Tasks complete. Recording data and exiting.
2022-02-02 04:42:30,181 INFO: Loaded curve data from file.
2022-02-02 04:42:30,181 INFO: Skipped Chabauty because MW group hasn't been provably computed. (delta = ['4', '-5', '13', '-12', '0', '1'], g = [4, -4, 12, -12, 0, 1])
2022-02-02 04:42:30,181 INFO: Running elliptic Chabauty (delta = ['1'], g = [4, -4, 12, -12, 0, 1])...
2022-02-02 04:42:44,922 INFO: Chabauty completed successfully (delta = ['1'], g = [4, -4, 12, -12, 0, 1]).
2022-02-02 04:42:44,924 INFO: Running elliptic Chabauty (delta = ['4', '-5', '12', '-12', '0', '1'], g = [4, -4, 12, -12, 0, 1])...
2022-02-02 04:42:53,908 INFO: Chabauty completed successfully (delta = ['4', '-5', '12', '-12', '0', '1'], g = [4, -4, 12, -12, 0, 1]).
2022-02-02 04:42:53,910 INFO: Skipped Chabauty because no base point (delta = ['16', '-16', '49', '-49', '0', '4'])
2022-02-02 04:42:54,017 INFO: Tasks complete. Recording data and exiting.
