2022-01-12 12:29:00,560 INFO: Initialized curve data.
2022-01-12 12:29:00,566 INFO: Setting up initial twist data...
2022-01-12 12:29:01,855 INFO: Twist setup complete.
2022-01-12 12:29:01,855 INFO: Searching for rational points on each twist...
2022-01-12 12:29:04,723 INFO: Finished searching for rational points on each twist.
2022-01-12 12:29:04,724 INFO: Testing local solvability of twists...
2022-01-12 12:29:13,212 INFO: Finished local solvability testing.
2022-01-12 12:29:13,214 INFO: Computing elliptic curve a-invariants...
2022-01-12 12:29:53,429 INFO: Finished computation of a-invariants.
2022-01-12 12:29:53,431 INFO: Computing MW group (delta = ['1'], g = [-8, -32, -24, 4, 6, 1])...
2022-01-12 12:34:03,140 INFO: Finished MW computation (delta = ['1'], g = [-8, -32, -24, 4, 6, 1])
2022-01-12 12:34:03,143 INFO: Computing MW group (delta = ['-6', '-33', '-24', '4', '6', '1'], g = [-8, -32, -24, 4, 6, 1])...
2022-01-12 12:38:44,869 INFO: Finished MW computation (delta = ['-6', '-33', '-24', '4', '6', '1'], g = [-8, -32, -24, 4, 6, 1])
2022-01-12 12:38:44,875 INFO: Skipped MW computation because no base point (delta = ['-72', '-283', '-433/2', '35', '54', '9'])
2022-01-12 12:38:44,875 INFO: Computing MW group (delta = ['0', '5/2', '1'], g = [-8, -32, -24, 4, 6, 1])...
2022-01-12 12:41:29,165 INFO: Finished MW computation (delta = ['0', '5/2', '1'], g = [-8, -32, -24, 4, 6, 1])
2022-01-12 12:41:29,170 INFO: Reducing MW generators...
2022-01-12 12:41:34,042 INFO: Finished reducing MW generators.
2022-01-12 12:41:34,044 INFO: Tasks complete. Recording data and exiting.
2022-01-14 11:32:41,310 INFO: Loaded curve data from file.
2022-01-14 11:32:41,311 INFO: Running elliptic Chabauty (delta = ['1'], g = [-8, -32, -24, 4, 6, 1])...
2022-01-14 11:34:05,244 INFO: Chabauty completed successfully (delta = ['1'], g = [-8, -32, -24, 4, 6, 1]).
2022-01-14 11:34:05,248 INFO: Running elliptic Chabauty (delta = ['-6', '-33', '-24', '4', '6', '1'], g = [-8, -32, -24, 4, 6, 1])...
2022-01-14 11:34:33,786 INFO: Chabauty completed successfully (delta = ['-6', '-33', '-24', '4', '6', '1'], g = [-8, -32, -24, 4, 6, 1]).
2022-01-14 11:34:33,789 INFO: Skipped Chabauty because no base point (delta = ['-72', '-283', '-433/2', '35', '54', '9'])
2022-01-14 11:34:33,789 INFO: Running elliptic Chabauty (delta = ['0', '5/2', '1'], g = [-8, -32, -24, 4, 6, 1])...
2022-01-14 11:35:00,353 INFO: Chabauty completed successfully (delta = ['0', '5/2', '1'], g = [-8, -32, -24, 4, 6, 1]).
2022-01-14 11:35:00,856 INFO: Rational points successfully computed.
2022-01-14 11:35:00,860 INFO: Tasks complete. Recording data and exiting.
