2022-01-11 12:32:46,201 INFO: Initialized curve data.
2022-01-11 12:32:46,206 INFO: Setting up initial twist data...
2022-01-11 12:32:47,184 INFO: Twist setup complete.
2022-01-11 12:32:47,184 INFO: Searching for rational points on each twist...
2022-01-11 12:32:48,697 INFO: Finished searching for rational points on each twist.
2022-01-11 12:32:48,698 INFO: Testing local solvability of twists...
2022-01-11 12:32:48,702 INFO: Finished local solvability testing.
2022-01-11 12:32:48,702 INFO: Computing elliptic curve a-invariants...
2022-01-11 12:33:03,745 INFO: Finished computation of a-invariants.
2022-01-11 12:33:03,746 INFO: Computing MW group (delta = ['-4', '-4', '6', '-1', '2', '1'], g = [-4, -3, 6, -1, 2, 1])...
2022-01-11 12:33:57,620 INFO: Finished MW computation (delta = ['-4', '-4', '6', '-1', '2', '1'], g = [-4, -3, 6, -1, 2, 1])
2022-01-11 12:33:57,624 INFO: Computing MW group (delta = ['16', '12', '-23', '3', '-8', '-4'], g = [-4, -3, 6, -1, 2, 1])...
2022-01-11 12:35:00,400 INFO: Finished MW computation (delta = ['16', '12', '-23', '3', '-8', '-4'], g = [-4, -3, 6, -1, 2, 1])
2022-01-11 12:35:00,403 INFO: Computing MW group (delta = ['1'], g = [-4, -3, 6, -1, 2, 1])...
2022-01-11 12:36:32,867 INFO: Finished MW computation (delta = ['1'], g = [-4, -3, 6, -1, 2, 1])
2022-01-11 12:36:32,873 INFO: Computing MW group (delta = ['-4', '-4', '7', '-1', '2', '1'], g = [-4, -3, 6, -1, 2, 1])...
2022-01-11 12:40:06,051 INFO: Finished MW computation (delta = ['-4', '-4', '7', '-1', '2', '1'], g = [-4, -3, 6, -1, 2, 1])
2022-01-11 12:40:06,057 INFO: Reducing MW generators...
2022-01-11 12:40:08,708 INFO: Finished reducing MW generators.
2022-01-11 12:40:08,710 INFO: Tasks complete. Recording data and exiting.
2022-01-13 17:36:56,123 INFO: Loaded curve data from file.
2022-01-13 17:36:56,123 INFO: Skipped Chabauty because MW group hasn't been provably computed. (delta = ['-4', '-4', '6', '-1', '2', '1'], g = [-4, -3, 6, -1, 2, 1])
2022-01-13 17:36:56,123 INFO: Skipped Chabauty because MW group hasn't been provably computed. (delta = ['16', '12', '-23', '3', '-8', '-4'], g = [-4, -3, 6, -1, 2, 1])
2022-01-13 17:36:56,123 INFO: Running elliptic Chabauty (delta = ['1'], g = [-4, -3, 6, -1, 2, 1])...
2022-01-13 17:37:15,436 INFO: Chabauty completed successfully (delta = ['1'], g = [-4, -3, 6, -1, 2, 1]).
2022-01-13 17:37:15,438 INFO: Running elliptic Chabauty (delta = ['-4', '-4', '7', '-1', '2', '1'], g = [-4, -3, 6, -1, 2, 1])...
2022-01-13 17:37:34,762 INFO: Chabauty completed successfully (delta = ['-4', '-4', '7', '-1', '2', '1'], g = [-4, -3, 6, -1, 2, 1]).
2022-01-13 17:37:34,842 INFO: Tasks complete. Recording data and exiting.
2022-02-12 17:26:16,179 INFO: Loaded curve data from file.
2022-02-12 17:26:16,179 INFO: Computing elliptic Chabauty map... (delta = ['-4', '-4', '6', '-1', '2', '1'], g = [-4, -3, 6, -1, 2, 1])
2022-02-12 17:26:32,479 INFO: Elliptic Chabauty map computed. (delta = ['-4', '-4', '6', '-1', '2', '1'], g = [-4, -3, 6, -1, 2, 1])
2022-02-12 17:26:32,482 INFO: Computing elliptic Chabauty map... (delta = ['16', '12', '-23', '3', '-8', '-4'], g = [-4, -3, 6, -1, 2, 1])
2022-02-12 17:26:48,241 INFO: Elliptic Chabauty map computed. (delta = ['16', '12', '-23', '3', '-8', '-4'], g = [-4, -3, 6, -1, 2, 1])
2022-02-12 17:26:48,243 INFO: Computing elliptic Chabauty map... (delta = ['1'], g = [-4, -3, 6, -1, 2, 1])
2022-02-12 17:27:03,884 INFO: Elliptic Chabauty map computed. (delta = ['1'], g = [-4, -3, 6, -1, 2, 1])
2022-02-12 17:27:03,888 INFO: Computing elliptic Chabauty map... (delta = ['-4', '-4', '7', '-1', '2', '1'], g = [-4, -3, 6, -1, 2, 1])
2022-02-12 17:27:19,526 INFO: Elliptic Chabauty map computed. (delta = ['-4', '-4', '7', '-1', '2', '1'], g = [-4, -3, 6, -1, 2, 1])
2022-02-12 17:27:19,529 INFO: Tasks complete. Recording data and exiting.
