2022-01-01 10:40:40,752 INFO: Initialized curve data.
2022-01-01 10:40:40,755 INFO: Setting up initial twist data...
2022-01-01 10:40:42,063 INFO: Twist setup complete.
2022-01-01 10:40:42,063 INFO: Searching for rational points on each twist...
2022-01-01 10:40:43,081 INFO: Finished searching for rational points on each twist.
2022-01-01 10:40:43,081 INFO: Testing local solvability of twists...
2022-01-01 10:40:43,086 INFO: Finished local solvability testing.
2022-01-01 10:40:43,087 INFO: Computing elliptic curve a-invariants...
2022-01-01 10:40:51,253 INFO: Finished computation of a-invariants.
2022-01-01 10:40:51,255 INFO: Computing MW group (delta = ['1'], g = [4, -4, -12, 5, 12, 4])...
2022-01-01 10:41:44,595 INFO: Finished MW computation (delta = ['1'], g = [4, -4, -12, 5, 12, 4])
2022-01-01 10:41:44,598 INFO: Computing MW group (delta = ['-1', '1', '1'], g = [4, -4, -12, 5, 12, 4])...
2022-01-01 10:43:32,276 INFO: Finished MW computation (delta = ['-1', '1', '1'], g = [4, -4, -12, 5, 12, 4])
2022-01-01 10:43:32,278 INFO: Computing MW group (delta = ['-4', '5', '11', '-6', '-12', '-4'], g = [4, -4, -12, 5, 12, 4])...
2022-01-01 10:44:49,669 INFO: Finished MW computation (delta = ['-4', '5', '11', '-6', '-12', '-4'], g = [4, -4, -12, 5, 12, 4])
2022-01-01 10:44:49,671 INFO: Computing MW group (delta = ['4', '-5', '-12', '5', '12', '4'], g = [4, -4, -12, 5, 12, 4])...
2022-01-01 10:45:24,974 INFO: Finished MW computation (delta = ['4', '-5', '-12', '5', '12', '4'], g = [4, -4, -12, 5, 12, 4])
2022-01-01 10:45:24,978 INFO: Obstruction found to provably computing rational points. Exiting.
2022-01-03 13:14:58,000 INFO: Obsolete "loc_solv_error" keys removed.
2022-01-10 22:39:09,349 INFO: Loaded curve data from file.
2022-01-10 22:39:09,349 INFO: Obstruction already found. Exiting.
