2022-01-11 12:29:16,186 INFO: Initialized curve data.
2022-01-11 12:29:16,190 INFO: Setting up initial twist data...
2022-01-11 12:29:17,289 INFO: Twist setup complete.
2022-01-11 12:29:17,289 INFO: Searching for rational points on each twist...
2022-01-11 12:29:20,862 INFO: Finished searching for rational points on each twist.
2022-01-11 12:29:20,862 INFO: Testing local solvability of twists...
2022-01-11 12:29:37,760 INFO: Finished local solvability testing.
2022-01-11 12:29:37,761 INFO: Computing elliptic curve a-invariants...
2022-01-11 12:29:43,429 INFO: Finished computation of a-invariants.
2022-01-11 12:29:43,431 INFO: Computing MW group (delta = ['8', '63', '138', '108', '46', '5'], g = [1, 1])...
2022-01-11 12:29:43,731 INFO: Finished MW computation (delta = ['8', '63', '138', '108', '46', '5'], g = [1, 1])
2022-01-11 12:29:43,733 INFO: Computing MW group (delta = ['8', '63', '138', '108', '46', '5'], g = [8, 24, 20, 9, 1])...
2022-01-11 12:29:48,638 INFO: Finished MW computation (delta = ['8', '63', '138', '108', '46', '5'], g = [8, 24, 20, 9, 1])
2022-01-11 12:29:48,641 INFO: Skipped MW computation because no base point (delta = ['4', '39/2', '65/2', '47/2', '19/2', '1'])
2022-01-11 12:29:48,641 INFO: Skipped MW computation because no base point (delta = ['1/2', '11/2', '13', '10', '9/2', '1/2'])
2022-01-11 12:29:48,642 INFO: Skipped MW computation because no base point (delta = ['-1', '7', '24', '20', '9', '1'])
2022-01-11 12:29:48,642 INFO: Computing MW group (delta = ['1'], g = [1, 1])...
2022-01-11 12:29:48,894 INFO: Finished MW computation (delta = ['1'], g = [1, 1])
2022-01-11 12:29:48,897 INFO: Computing MW group (delta = ['1'], g = [8, 24, 20, 9, 1])...
2022-01-11 12:29:59,040 INFO: Finished MW computation (delta = ['1'], g = [8, 24, 20, 9, 1])
2022-01-11 12:29:59,043 INFO: Computing MW group (delta = ['-4', '1/2', '28', '28', '14', '3/2'], g = [1, 1])...
2022-01-11 12:29:59,510 INFO: Finished MW computation (delta = ['-4', '1/2', '28', '28', '14', '3/2'], g = [1, 1])
2022-01-11 12:29:59,513 INFO: Computing MW group (delta = ['-4', '1/2', '28', '28', '14', '3/2'], g = [8, 24, 20, 9, 1])...
2022-01-11 12:30:16,725 INFO: Finished MW computation (delta = ['-4', '1/2', '28', '28', '14', '3/2'], g = [8, 24, 20, 9, 1])
2022-01-11 12:30:16,728 INFO: Computing MW group (delta = ['-8', '-23', '-19', '-9', '-1'], g = [1, 1])...
2022-01-11 12:30:17,196 INFO: Finished MW computation (delta = ['-8', '-23', '-19', '-9', '-1'], g = [1, 1])
2022-01-11 12:30:17,198 INFO: Computing MW group (delta = ['-8', '-23', '-19', '-9', '-1'], g = [8, 24, 20, 9, 1])...
2022-01-13 17:36:36,496 INFO: Loaded curve data from file.
2022-01-13 17:36:36,496 INFO: Reducing MW generators...
2022-01-13 17:36:37,727 INFO: Finished reducing MW generators.
2022-01-13 17:36:37,729 INFO: Skipped Chabauty because rank >= degree(g). (delta = ['8', '63', '138', '108', '46', '5'], g = [1, 1])
2022-01-13 17:36:37,729 INFO: Running elliptic Chabauty (delta = ['8', '63', '138', '108', '46', '5'], g = [8, 24, 20, 9, 1])...
2022-01-13 17:36:50,176 INFO: Chabauty completed successfully (delta = ['8', '63', '138', '108', '46', '5'], g = [8, 24, 20, 9, 1]).
2022-01-13 17:36:50,179 INFO: Skipped Chabauty because no base point (delta = ['4', '39/2', '65/2', '47/2', '19/2', '1'])
2022-01-13 17:36:50,179 INFO: Skipped Chabauty because no base point (delta = ['1/2', '11/2', '13', '10', '9/2', '1/2'])
2022-01-13 17:36:50,179 INFO: Skipped Chabauty because no base point (delta = ['-1', '7', '24', '20', '9', '1'])
2022-01-13 17:36:50,179 INFO: Skipped Chabauty because rank >= degree(g). (delta = ['1'], g = [1, 1])
2022-01-13 17:36:50,179 INFO: Running elliptic Chabauty (delta = ['1'], g = [8, 24, 20, 9, 1])...
2022-01-13 17:37:04,082 INFO: Chabauty completed successfully (delta = ['1'], g = [8, 24, 20, 9, 1]).
2022-01-13 17:37:04,085 INFO: Skipped Chabauty because rank >= degree(g). (delta = ['-4', '1/2', '28', '28', '14', '3/2'], g = [1, 1])
2022-01-13 17:37:04,085 INFO: Running elliptic Chabauty (delta = ['-4', '1/2', '28', '28', '14', '3/2'], g = [8, 24, 20, 9, 1])...
2022-01-13 17:37:18,905 INFO: Chabauty completed successfully (delta = ['-4', '1/2', '28', '28', '14', '3/2'], g = [8, 24, 20, 9, 1]).
2022-01-13 17:37:18,907 INFO: Skipped Chabauty because rank >= degree(g). (delta = ['-8', '-23', '-19', '-9', '-1'], g = [1, 1])
2022-01-13 17:37:18,907 INFO: Skipped Chabauty because MW generators haven't been computed. (delta = ['-8', '-23', '-19', '-9', '-1'], g = [8, 24, 20, 9, 1])
2022-01-13 17:37:18,907 INFO: Skipped Chabauty because MW generators haven't been computed. (delta = ['-1/2', '-1'], g = [1, 1])
2022-01-13 17:37:18,907 INFO: Skipped Chabauty because MW generators haven't been computed. (delta = ['-1/2', '-1'], g = [8, 24, 20, 9, 1])
2022-01-13 17:37:19,143 INFO: Tasks complete. Recording data and exiting.
