2022-01-11 15:15:00,951 INFO: Initialized curve data.
2022-01-11 15:15:00,954 INFO: Setting up initial twist data...
2022-01-11 15:15:02,016 INFO: Twist setup complete.
2022-01-11 15:15:02,016 INFO: Searching for rational points on each twist...
2022-01-11 15:15:03,530 INFO: Finished searching for rational points on each twist.
2022-01-11 15:15:03,531 INFO: Testing local solvability of twists...
2022-01-11 15:15:03,535 INFO: Finished local solvability testing.
2022-01-11 15:15:03,536 INFO: Computing elliptic curve a-invariants...
2022-01-11 15:15:17,855 INFO: Finished computation of a-invariants.
2022-01-11 15:15:17,857 INFO: Computing MW group (delta = ['12', '-17', '-28', '-4', '4', '1'], g = [12, -16, -28, -4, 4, 1])...
2022-01-11 15:15:34,581 INFO: Finished MW computation (delta = ['12', '-17', '-28', '-4', '4', '1'], g = [12, -16, -28, -4, 4, 1])
2022-01-11 15:15:34,583 INFO: Computing MW group (delta = ['-36', '51', '85', '12', '-12', '-3'], g = [12, -16, -28, -4, 4, 1])...
2022-01-11 15:34:23,330 INFO: Finished MW computation (delta = ['-36', '51', '85', '12', '-12', '-3'], g = [12, -16, -28, -4, 4, 1])
2022-01-11 15:34:23,334 INFO: Computing MW group (delta = ['1'], g = [12, -16, -28, -4, 4, 1])...
2022-01-11 15:34:41,981 INFO: Finished MW computation (delta = ['1'], g = [12, -16, -28, -4, 4, 1])
2022-01-11 15:34:41,983 INFO: Computing MW group (delta = ['-3', '-1'], g = [12, -16, -28, -4, 4, 1])...
2022-01-11 15:35:26,602 INFO: Finished MW computation (delta = ['-3', '-1'], g = [12, -16, -28, -4, 4, 1])
2022-01-11 15:35:26,605 INFO: Reducing MW generators...
2022-01-11 15:35:28,913 INFO: Finished reducing MW generators.
2022-01-11 15:35:28,915 INFO: Tasks complete. Recording data and exiting.
2022-01-14 09:07:41,329 INFO: Loaded curve data from file.
2022-01-14 09:07:41,330 INFO: Running elliptic Chabauty (delta = ['12', '-17', '-28', '-4', '4', '1'], g = [12, -16, -28, -4, 4, 1])...
2022-01-14 09:07:54,549 INFO: Chabauty completed successfully (delta = ['12', '-17', '-28', '-4', '4', '1'], g = [12, -16, -28, -4, 4, 1]).
2022-01-14 09:07:54,552 INFO: Running elliptic Chabauty (delta = ['-36', '51', '85', '12', '-12', '-3'], g = [12, -16, -28, -4, 4, 1])...
2022-01-14 09:08:17,444 INFO: Chabauty completed successfully (delta = ['-36', '51', '85', '12', '-12', '-3'], g = [12, -16, -28, -4, 4, 1]).
2022-01-14 09:08:17,446 INFO: Running elliptic Chabauty (delta = ['1'], g = [12, -16, -28, -4, 4, 1])...
2022-01-14 09:08:30,707 INFO: Chabauty completed successfully (delta = ['1'], g = [12, -16, -28, -4, 4, 1]).
2022-01-14 09:08:30,710 INFO: Skipped Chabauty because MW group hasn't been provably computed. (delta = ['-3', '-1'], g = [12, -16, -28, -4, 4, 1])
2022-01-14 09:08:30,826 INFO: Tasks complete. Recording data and exiting.
2022-02-12 16:52:45,202 INFO: Loaded curve data from file.
2022-02-12 16:52:45,202 INFO: Computing elliptic Chabauty map... (delta = ['12', '-17', '-28', '-4', '4', '1'], g = [12, -16, -28, -4, 4, 1])
2022-02-12 16:53:01,604 INFO: Elliptic Chabauty map computed. (delta = ['12', '-17', '-28', '-4', '4', '1'], g = [12, -16, -28, -4, 4, 1])
2022-02-12 16:53:01,606 INFO: Computing elliptic Chabauty map... (delta = ['-36', '51', '85', '12', '-12', '-3'], g = [12, -16, -28, -4, 4, 1])
2022-02-12 16:53:18,086 INFO: Elliptic Chabauty map computed. (delta = ['-36', '51', '85', '12', '-12', '-3'], g = [12, -16, -28, -4, 4, 1])
2022-02-12 16:53:18,089 INFO: Computing elliptic Chabauty map... (delta = ['1'], g = [12, -16, -28, -4, 4, 1])
2022-02-12 16:53:34,287 INFO: Elliptic Chabauty map computed. (delta = ['1'], g = [12, -16, -28, -4, 4, 1])
2022-02-12 16:53:34,290 INFO: Computing elliptic Chabauty map... (delta = ['-3', '-1'], g = [12, -16, -28, -4, 4, 1])
2022-02-12 16:53:50,716 INFO: Elliptic Chabauty map computed. (delta = ['-3', '-1'], g = [12, -16, -28, -4, 4, 1])
2022-02-12 16:53:50,720 INFO: Tasks complete. Recording data and exiting.
