2022-01-01 12:50:57,491 INFO: Initialized curve data.
2022-01-01 12:50:57,494 INFO: Setting up initial twist data...
2022-01-01 12:50:58,621 INFO: Twist setup complete.
2022-01-01 12:50:58,622 INFO: Searching for rational points on each twist...
2022-01-01 12:50:59,770 INFO: Finished searching for rational points on each twist.
2022-01-01 12:50:59,770 INFO: Testing local solvability of twists...
2022-01-01 12:51:07,349 INFO: Finished local solvability testing.
2022-01-01 12:51:07,351 INFO: Computing elliptic curve a-invariants...
2022-01-01 12:51:19,978 INFO: Finished computation of a-invariants.
2022-01-01 12:51:19,980 INFO: Skipped MW computation because no base point (delta = ['-1/2', '1/2', '1'])
2022-01-01 12:51:19,980 INFO: Computing MW group (delta = ['-1/2', '0', '1', '3/2', '1'], g = [-4, -5, 0, 0, 4, 4])...
2022-01-01 12:53:01,445 INFO: Finished MW computation (delta = ['-1/2', '0', '1', '3/2', '1'], g = [-4, -5, 0, 0, 4, 4])
2022-01-01 12:53:01,451 INFO: Computing MW group (delta = ['1', '1', '1'], g = [-4, -5, 0, 0, 4, 4])...
2022-01-01 12:53:42,926 INFO: Finished MW computation (delta = ['1', '1', '1'], g = [-4, -5, 0, 0, 4, 4])
2022-01-01 12:53:42,929 INFO: Obstruction found to provably computing rational points. Exiting.
2022-01-03 13:14:57,000 INFO: Obsolete "loc_solv_error" keys removed.
2022-01-10 22:39:13,054 INFO: Loaded curve data from file.
2022-01-10 22:39:13,054 INFO: Obstruction already found. Exiting.
2022-02-12 17:19:44,801 INFO: Loaded curve data from file.
2022-02-12 17:19:44,801 INFO: Computing elliptic Chabauty map... (delta = ['-1/2', '0', '1', '3/2', '1'], g = [-4, -5, 0, 0, 4, 4])
2022-02-12 17:19:55,973 INFO: Elliptic Chabauty map computed. (delta = ['-1/2', '0', '1', '3/2', '1'], g = [-4, -5, 0, 0, 4, 4])
2022-02-12 17:19:55,976 INFO: Computing elliptic Chabauty map... (delta = ['1', '1', '1'], g = [-4, -5, 0, 0, 4, 4])
2022-02-12 17:20:06,498 INFO: Elliptic Chabauty map computed. (delta = ['1', '1', '1'], g = [-4, -5, 0, 0, 4, 4])
2022-02-12 17:20:06,501 INFO: Computing elliptic Chabauty map... (delta = ['1'], g = [-4, -5, 0, 0, 4, 4])
2022-02-12 17:20:16,801 INFO: Elliptic Chabauty map computed. (delta = ['1'], g = [-4, -5, 0, 0, 4, 4])
2022-02-12 17:20:16,803 INFO: Tasks complete. Recording data and exiting.
