2022-01-12 09:25:14,742 INFO: Initialized curve data.
2022-01-12 09:25:14,745 INFO: Setting up initial twist data...
2022-01-12 09:25:15,958 INFO: Twist setup complete.
2022-01-12 09:25:15,958 INFO: Searching for rational points on each twist...
2022-01-12 09:25:18,006 INFO: Finished searching for rational points on each twist.
2022-01-12 09:25:18,007 INFO: Testing local solvability of twists...
2022-01-12 09:25:18,019 INFO: Finished local solvability testing.
2022-01-12 09:25:18,021 INFO: Computing elliptic curve a-invariants...
2022-01-12 09:25:32,315 INFO: Finished computation of a-invariants.
2022-01-12 09:25:32,317 INFO: Computing MW group (delta = ['4', '6', '-1', '-3', '5', '1'], g = [3, 7, -1, -3, 5, 1])...
2022-01-12 09:27:24,741 INFO: Finished MW computation (delta = ['4', '6', '-1', '-3', '5', '1'], g = [3, 7, -1, -3, 5, 1])
2022-01-12 09:27:24,747 INFO: Computing MW group (delta = ['-5', '-11', '5/2', '9/2', '-15/2', '-3/2'], g = [3, 7, -1, -3, 5, 1])...
2022-01-14 09:10:32,902 INFO: Loaded curve data from file.
2022-01-14 09:10:32,903 INFO: Reducing MW generators...
2022-01-14 09:10:33,556 INFO: Finished reducing MW generators.
2022-01-14 09:10:33,558 INFO: Running elliptic Chabauty (delta = ['4', '6', '-1', '-3', '5', '1'], g = [3, 7, -1, -3, 5, 1])...
2022-01-14 09:11:25,230 INFO: Chabauty completed successfully (delta = ['4', '6', '-1', '-3', '5', '1'], g = [3, 7, -1, -3, 5, 1]).
2022-01-14 09:11:25,232 INFO: Skipped Chabauty because MW generators haven't been computed. (delta = ['-5', '-11', '5/2', '9/2', '-15/2', '-3/2'], g = [3, 7, -1, -3, 5, 1])
2022-01-14 09:11:25,233 INFO: Skipped Chabauty because MW generators haven't been computed. (delta = ['1'], g = [3, 7, -1, -3, 5, 1])
2022-01-14 09:11:25,233 INFO: Skipped Chabauty because MW generators haven't been computed. (delta = ['-1/2', '-1'], g = [3, 7, -1, -3, 5, 1])
2022-01-14 09:11:25,282 INFO: Tasks complete. Recording data and exiting.
