2022-01-12 09:25:15,404 INFO: Initialized curve data.
2022-01-12 09:25:15,411 INFO: Setting up initial twist data...
2022-01-12 09:25:16,444 INFO: Twist setup complete.
2022-01-12 09:25:16,444 INFO: Searching for rational points on each twist...
2022-01-12 09:25:17,880 INFO: Finished searching for rational points on each twist.
2022-01-12 09:25:17,880 INFO: Testing local solvability of twists...
2022-01-12 09:25:19,981 INFO: Finished local solvability testing.
2022-01-12 09:25:19,984 INFO: Computing elliptic curve a-invariants...
2022-01-12 09:25:41,545 INFO: Finished computation of a-invariants.
2022-01-12 09:25:41,547 INFO: Computing MW group (delta = ['1'], g = [4, 8, -12, -12, 0, 1])...
2022-01-12 09:26:07,495 INFO: Finished MW computation (delta = ['1'], g = [4, 8, -12, -12, 0, 1])
2022-01-12 09:26:07,500 INFO: Computing MW group (delta = ['-1', '1', '1'], g = [4, 8, -12, -12, 0, 1])...
2022-01-12 09:28:04,954 INFO: Finished MW computation (delta = ['-1', '1', '1'], g = [4, 8, -12, -12, 0, 1])
2022-01-12 09:28:04,958 INFO: Skipped MW computation because no base point (delta = ['-4', '-7', '11', '11', '0', '-1'])
2022-01-12 09:28:04,959 INFO: Computing MW group (delta = ['4', '7', '-12', '-12', '0', '1'], g = [4, 8, -12, -12, 0, 1])...
2022-01-12 10:01:23,353 INFO: Finished MW computation (delta = ['4', '7', '-12', '-12', '0', '1'], g = [4, 8, -12, -12, 0, 1])
2022-01-12 10:01:23,363 INFO: Reducing MW generators...
2022-01-12 10:01:26,570 INFO: Finished reducing MW generators.
2022-01-12 10:01:26,573 INFO: Tasks complete. Recording data and exiting.
2022-01-14 09:10:34,151 INFO: Loaded curve data from file.
2022-01-14 09:10:34,152 INFO: Running elliptic Chabauty (delta = ['1'], g = [4, 8, -12, -12, 0, 1])...
2022-01-14 09:10:46,512 INFO: Chabauty completed successfully (delta = ['1'], g = [4, 8, -12, -12, 0, 1]).
2022-01-14 09:10:46,514 INFO: Running elliptic Chabauty (delta = ['-1', '1', '1'], g = [4, 8, -12, -12, 0, 1])...
2022-01-14 09:11:05,491 INFO: Chabauty completed successfully (delta = ['-1', '1', '1'], g = [4, 8, -12, -12, 0, 1]).
2022-01-14 09:11:05,494 INFO: Skipped Chabauty because no base point (delta = ['-4', '-7', '11', '11', '0', '-1'])
2022-01-14 09:11:05,494 INFO: Running elliptic Chabauty (delta = ['4', '7', '-12', '-12', '0', '1'], g = [4, 8, -12, -12, 0, 1])...
2022-01-14 09:21:17,326 INFO: Chabauty completed successfully (delta = ['4', '7', '-12', '-12', '0', '1'], g = [4, 8, -12, -12, 0, 1]).
2022-01-14 09:21:17,538 INFO: Rational points successfully computed.
2022-01-14 09:21:17,545 INFO: Tasks complete. Recording data and exiting.
