2022-01-11 15:22:24,013 INFO: Initialized curve data.
2022-01-11 15:22:24,017 INFO: Setting up initial twist data...
2022-01-11 15:22:24,967 INFO: Twist setup complete.
2022-01-11 15:22:24,968 INFO: Searching for rational points on each twist...
2022-01-11 15:22:26,498 INFO: Finished searching for rational points on each twist.
2022-01-11 15:22:26,498 INFO: Testing local solvability of twists...
2022-01-11 15:22:27,958 INFO: Finished local solvability testing.
2022-01-11 15:22:27,959 INFO: Computing elliptic curve a-invariants...
2022-01-11 15:22:33,720 INFO: Finished computation of a-invariants.
2022-01-11 15:22:33,721 INFO: Computing MW group (delta = ['2', '7/2', '15/2', '5', '-4', '1/2'], g = [4, 8, 16, 12, -8, 1])...
2022-01-14 09:07:49,931 INFO: Loaded curve data from file.
2022-01-14 09:07:49,932 INFO: Reducing MW generators...
2022-01-14 09:07:49,932 INFO: Finished reducing MW generators.
2022-01-14 09:07:49,934 INFO: Skipped Chabauty because MW generators haven't been computed. (delta = ['2', '7/2', '15/2', '5', '-4', '1/2'], g = [4, 8, 16, 12, -8, 1])
2022-01-14 09:07:49,934 INFO: Skipped Chabauty because MW generators haven't been computed. (delta = ['1'], g = [4, 8, 16, 12, -8, 1])
2022-01-14 09:07:49,935 INFO: Skipped Chabauty because no base point (delta = ['1/2', '1/2', '1'])
2022-01-14 09:07:49,935 INFO: Skipped Chabauty because MW generators haven't been computed. (delta = ['4', '7', '16', '12', '-8', '1'], g = [4, 8, 16, 12, -8, 1])
2022-01-14 09:07:49,996 INFO: Tasks complete. Recording data and exiting.
2022-02-12 17:06:46,439 INFO: Loaded curve data from file.
2022-02-12 17:06:46,440 INFO: Computing elliptic Chabauty map... (delta = ['2', '7/2', '15/2', '5', '-4', '1/2'], g = [4, 8, 16, 12, -8, 1])
2022-02-12 17:07:00,624 INFO: Elliptic Chabauty map computed. (delta = ['2', '7/2', '15/2', '5', '-4', '1/2'], g = [4, 8, 16, 12, -8, 1])
2022-02-12 17:07:00,627 INFO: Computing elliptic Chabauty map... (delta = ['1'], g = [4, 8, 16, 12, -8, 1])
2022-02-12 17:07:14,635 INFO: Elliptic Chabauty map computed. (delta = ['1'], g = [4, 8, 16, 12, -8, 1])
2022-02-12 17:07:14,637 INFO: Computing elliptic Chabauty map... (delta = ['4', '7', '16', '12', '-8', '1'], g = [4, 8, 16, 12, -8, 1])
2022-02-12 17:07:28,595 INFO: Elliptic Chabauty map computed. (delta = ['4', '7', '16', '12', '-8', '1'], g = [4, 8, 16, 12, -8, 1])
2022-02-12 17:07:28,597 INFO: Tasks complete. Recording data and exiting.
