2022-01-11 12:29:23,995 INFO: Initialized curve data.
2022-01-11 12:29:24,001 INFO: Setting up initial twist data...
2022-01-11 12:29:24,958 INFO: Twist setup complete.
2022-01-11 12:29:24,958 INFO: Searching for rational points on each twist...
2022-01-11 12:29:26,663 INFO: Finished searching for rational points on each twist.
2022-01-11 12:29:26,663 INFO: Testing local solvability of twists...
2022-01-11 12:29:26,668 INFO: Finished local solvability testing.
2022-01-11 12:29:26,670 INFO: Computing elliptic curve a-invariants...
2022-01-11 12:29:41,345 INFO: Finished computation of a-invariants.
2022-01-11 12:29:41,347 INFO: Computing MW group (delta = ['4', '-33', '28', '40', '12', '1'], g = [4, -32, 28, 40, 12, 1])...
2022-01-11 12:33:23,236 INFO: Finished MW computation (delta = ['4', '-33', '28', '40', '12', '1'], g = [4, -32, 28, 40, 12, 1])
2022-01-11 12:33:23,239 INFO: Computing MW group (delta = ['1'], g = [4, -32, 28, 40, 12, 1])...
2022-01-11 12:46:06,426 INFO: Finished MW computation (delta = ['1'], g = [4, -32, 28, 40, 12, 1])
2022-01-11 12:46:06,431 INFO: Computing MW group (delta = ['1/2', '-1'], g = [4, -32, 28, 40, 12, 1])...
2022-01-11 12:49:57,732 INFO: Finished MW computation (delta = ['1/2', '-1'], g = [4, -32, 28, 40, 12, 1])
2022-01-11 12:49:57,735 INFO: Computing MW group (delta = ['2', '-33/2', '15', '20', '6', '1/2'], g = [4, -32, 28, 40, 12, 1])...
2022-01-11 12:51:33,499 INFO: Finished MW computation (delta = ['2', '-33/2', '15', '20', '6', '1/2'], g = [4, -32, 28, 40, 12, 1])
2022-01-11 12:51:33,504 INFO: Reducing MW generators...
2022-01-11 12:51:36,267 INFO: Finished reducing MW generators.
2022-01-11 12:51:36,270 INFO: Tasks complete. Recording data and exiting.
