2022-01-14 12:17:30,764 INFO: Initialized curve data.
2022-01-14 12:17:30,768 INFO: Setting up initial twist data...
2022-01-14 12:17:32,754 INFO: Twist setup complete.
2022-01-14 12:17:32,754 INFO: Searching for rational points on each twist...
2022-01-14 12:17:34,719 INFO: Finished searching for rational points on each twist.
2022-01-14 12:17:34,720 INFO: Testing local solvability of twists...
2022-01-14 12:17:48,788 INFO: Finished local solvability testing.
2022-01-14 12:17:48,790 INFO: Computing elliptic curve a-invariants...
2022-01-14 12:18:04,498 INFO: Finished computation of a-invariants.
2022-01-14 12:18:04,501 INFO: Skipped MW computation because no base point (delta = ['-1', '-1', '1'])
2022-01-14 12:18:04,501 INFO: Computing MW group (delta = ['1'], g = [4, 0, -64, -125, -38, 39])...
2022-01-14 12:18:51,773 INFO: Finished MW computation (delta = ['1'], g = [4, 0, -64, -125, -38, 39])
2022-01-14 12:18:51,776 INFO: Computing MW group (delta = ['2', '1/2', '-31', '-125/2', '-19', '39/2'], g = [4, 0, -64, -125, -38, 39])...
2022-01-14 12:19:55,110 INFO: Finished MW computation (delta = ['2', '1/2', '-31', '-125/2', '-19', '39/2'], g = [4, 0, -64, -125, -38, 39])
2022-01-14 12:19:55,114 INFO: Skipped MW computation because no base point (delta = ['-2', '-1/2', '61/2', '62', '20', '-39/2'])
2022-01-14 12:19:55,117 INFO: Reducing MW generators...
2022-01-14 12:19:56,575 INFO: Finished reducing MW generators.
2022-01-14 12:19:56,578 INFO: Tasks complete. Recording data and exiting.
2022-01-14 15:52:34,211 INFO: Loaded curve data from file.
2022-01-14 15:52:34,212 INFO: Skipped Chabauty because no base point (delta = ['-1', '-1', '1'])
2022-01-14 15:52:34,212 INFO: Running elliptic Chabauty (delta = ['1'], g = [4, 0, -64, -125, -38, 39])...
2022-01-14 15:52:49,993 INFO: Chabauty completed successfully (delta = ['1'], g = [4, 0, -64, -125, -38, 39]).
2022-01-14 15:52:49,995 INFO: Running elliptic Chabauty (delta = ['2', '1/2', '-31', '-125/2', '-19', '39/2'], g = [4, 0, -64, -125, -38, 39])...
2022-01-14 15:53:06,855 INFO: Chabauty completed successfully (delta = ['2', '1/2', '-31', '-125/2', '-19', '39/2'], g = [4, 0, -64, -125, -38, 39]).
2022-01-14 15:53:06,857 INFO: Skipped Chabauty because no base point (delta = ['-2', '-1/2', '61/2', '62', '20', '-39/2'])
2022-01-14 15:53:07,066 INFO: Rational points successfully computed.
2022-01-14 15:53:07,068 INFO: Tasks complete. Recording data and exiting.
