2022-02-01 12:30:19,043 INFO: Initialized curve data.
2022-02-01 12:30:19,049 INFO: Setting up initial twist data...
2022-02-01 12:30:20,080 INFO: Twist setup complete.
2022-02-01 12:30:20,080 INFO: Searching for rational points on each twist...
2022-02-01 12:30:22,393 INFO: Finished searching for rational points on each twist.
2022-02-01 12:30:22,394 INFO: Testing local solvability of twists...
2022-02-01 12:30:22,400 INFO: Finished local solvability testing.
2022-02-01 12:30:22,402 INFO: Computing elliptic curve a-invariants...
2022-02-01 12:30:31,050 INFO: Finished computation of a-invariants.
2022-02-01 12:30:31,052 INFO: Computing MW group (delta = ['-4/3', '-1/3', '1'], g = [4, 13, -24, 10, 8, 1])...
2022-02-01 12:33:43,195 INFO: Finished MW computation (delta = ['-4/3', '-1/3', '1'], g = [4, 13, -24, 10, 8, 1])
2022-02-01 12:33:43,198 INFO: Computing MW group (delta = ['1'], g = [4, 13, -24, 10, 8, 1])...
2022-02-02 04:42:42,013 INFO: Loaded curve data from file.
2022-02-02 04:42:42,013 INFO: Reducing MW generators...
2022-02-02 04:42:42,050 INFO: Finished reducing MW generators.
2022-02-02 04:42:42,053 INFO: Skipped Chabauty because MW group hasn't been provably computed. (delta = ['-4/3', '-1/3', '1'], g = [4, 13, -24, 10, 8, 1])
2022-02-02 04:42:42,053 INFO: Skipped Chabauty because MW generators haven't been computed. (delta = ['1'], g = [4, 13, -24, 10, 8, 1])
2022-02-02 04:42:42,053 INFO: Skipped Chabauty because MW generators haven't been computed. (delta = ['4', '12', '-24', '10', '8', '1'], g = [4, 13, -24, 10, 8, 1])
2022-02-02 04:42:42,053 INFO: Skipped Chabauty because MW generators haven't been computed. (delta = ['-16/3', '-16', '97/3', '-43/3', '-32/3', '-4/3'], g = [4, 13, -24, 10, 8, 1])
2022-02-02 04:42:42,054 INFO: Tasks complete. Recording data and exiting.
2022-02-12 16:59:52,100 INFO: Loaded curve data from file.
2022-02-12 16:59:52,100 INFO: Computing elliptic Chabauty map... (delta = ['-4/3', '-1/3', '1'], g = [4, 13, -24, 10, 8, 1])
2022-02-12 17:00:06,645 INFO: Elliptic Chabauty map computed. (delta = ['-4/3', '-1/3', '1'], g = [4, 13, -24, 10, 8, 1])
2022-02-12 17:00:06,648 INFO: Computing elliptic Chabauty map... (delta = ['1'], g = [4, 13, -24, 10, 8, 1])
2022-02-12 17:00:20,607 INFO: Elliptic Chabauty map computed. (delta = ['1'], g = [4, 13, -24, 10, 8, 1])
2022-02-12 17:00:20,610 INFO: Computing elliptic Chabauty map... (delta = ['4', '12', '-24', '10', '8', '1'], g = [4, 13, -24, 10, 8, 1])
2022-02-12 17:00:34,607 INFO: Elliptic Chabauty map computed. (delta = ['4', '12', '-24', '10', '8', '1'], g = [4, 13, -24, 10, 8, 1])
2022-02-12 17:00:34,610 INFO: Computing elliptic Chabauty map... (delta = ['-16/3', '-16', '97/3', '-43/3', '-32/3', '-4/3'], g = [4, 13, -24, 10, 8, 1])
2022-02-12 17:00:48,781 INFO: Elliptic Chabauty map computed. (delta = ['-16/3', '-16', '97/3', '-43/3', '-32/3', '-4/3'], g = [4, 13, -24, 10, 8, 1])
2022-02-12 17:00:48,784 INFO: Tasks complete. Recording data and exiting.
