2022-01-01 12:50:43,609 INFO: Initialized curve data.
2022-01-01 12:50:43,614 INFO: Setting up initial twist data...
2022-01-01 12:50:45,051 INFO: Twist setup complete.
2022-01-01 12:50:45,051 INFO: Searching for rational points on each twist...
2022-01-01 12:50:46,282 INFO: Finished searching for rational points on each twist.
2022-01-01 12:50:46,283 INFO: Testing local solvability of twists...
2022-01-01 12:50:50,571 INFO: Finished local solvability testing.
2022-01-01 12:50:50,572 INFO: Computing elliptic curve a-invariants...
2022-01-01 12:51:06,714 INFO: Finished computation of a-invariants.
2022-01-01 12:51:06,716 INFO: Computing MW group (delta = ['4', '15', '9', '-4', '0', '1'], g = [4, 16, 8, -4, 0, 1])...
2022-01-01 12:53:54,952 INFO: Finished MW computation (delta = ['4', '15', '9', '-4', '0', '1'], g = [4, 16, 8, -4, 0, 1])
2022-01-01 12:53:54,955 INFO: Skipped MW computation because no base point (delta = ['-1', '0', '1'])
2022-01-01 12:53:54,955 INFO: Computing MW group (delta = ['1'], g = [4, 16, 8, -4, 0, 1])...
2022-01-01 12:55:03,341 INFO: Finished MW computation (delta = ['1'], g = [4, 16, 8, -4, 0, 1])
2022-01-01 12:55:03,343 INFO: Computing MW group (delta = ['-4', '-15', '-9', '3', '1', '-1'], g = [4, 16, 8, -4, 0, 1])...
2022-01-01 12:56:29,518 INFO: Finished MW computation (delta = ['-4', '-15', '-9', '3', '1', '-1'], g = [4, 16, 8, -4, 0, 1])
2022-01-01 12:56:29,522 INFO: Reducing MW generators...
2022-01-01 12:56:37,032 INFO: Finished reducing MW generators.
2022-01-01 12:56:37,034 INFO: Running elliptic Chabauty (delta = ['4', '15', '9', '-4', '0', '1'], g = [4, 16, 8, -4, 0, 1])...
2022-01-01 12:57:20,649 INFO: Chabauty completed successfully (delta = ['4', '15', '9', '-4', '0', '1'], g = [4, 16, 8, -4, 0, 1]).
2022-01-01 12:57:20,651 INFO: Skipped Chabauty because no base point (delta = ['-1', '0', '1'])
2022-01-01 12:57:20,651 INFO: Running elliptic Chabauty (delta = ['1'], g = [4, 16, 8, -4, 0, 1])...
2022-01-01 12:57:48,869 INFO: Chabauty completed successfully (delta = ['1'], g = [4, 16, 8, -4, 0, 1]).
2022-01-01 12:57:48,871 INFO: Running elliptic Chabauty (delta = ['-4', '-15', '-9', '3', '1', '-1'], g = [4, 16, 8, -4, 0, 1])...
2022-01-01 12:58:49,382 INFO: Chabauty completed successfully (delta = ['-4', '-15', '-9', '3', '1', '-1'], g = [4, 16, 8, -4, 0, 1]).
2022-01-01 12:58:49,773 INFO: Rational points successfully computed.
2022-01-01 12:58:49,776 INFO: Tasks complete. Recording data and exiting.
2022-01-03 13:14:57,000 INFO: Obsolete "loc_solv_error" keys removed.
2022-01-03 13:14:57,000 INFO: Deleted results of Chabauty computation.
