2022-01-11 12:29:23,535 INFO: Initialized curve data.
2022-01-11 12:29:23,539 INFO: Setting up initial twist data...
2022-01-11 12:29:24,592 INFO: Twist setup complete.
2022-01-11 12:29:24,592 INFO: Searching for rational points on each twist...
2022-01-11 12:29:27,055 INFO: Finished searching for rational points on each twist.
2022-01-11 12:29:27,056 INFO: Testing local solvability of twists...
2022-01-11 12:29:27,061 INFO: Finished local solvability testing.
2022-01-11 12:29:27,063 INFO: Computing elliptic curve a-invariants...
2022-01-11 12:29:35,160 INFO: Finished computation of a-invariants.
2022-01-11 12:29:35,161 INFO: Computing MW group (delta = ['1', '2', '5', '0', '8', '4'], g = [1, 1, 4, 0, 8, 4])...
2022-01-11 12:30:51,737 INFO: Finished MW computation (delta = ['1', '2', '5', '0', '8', '4'], g = [1, 1, 4, 0, 8, 4])
2022-01-11 12:30:51,740 INFO: Computing MW group (delta = ['1', '1', '3', '-1', '8', '4'], g = [1, 1, 4, 0, 8, 4])...
2022-01-11 12:34:03,024 INFO: Finished MW computation (delta = ['1', '1', '3', '-1', '8', '4'], g = [1, 1, 4, 0, 8, 4])
2022-01-11 12:34:03,027 INFO: Computing MW group (delta = ['1'], g = [1, 1, 4, 0, 8, 4])...
2022-01-11 12:38:22,443 INFO: Finished MW computation (delta = ['1'], g = [1, 1, 4, 0, 8, 4])
2022-01-11 12:38:22,450 INFO: Computing MW group (delta = ['0', '-1'], g = [1, 1, 4, 0, 8, 4])...
2022-01-11 12:43:48,407 INFO: Finished MW computation (delta = ['0', '-1'], g = [1, 1, 4, 0, 8, 4])
2022-01-11 12:43:48,411 INFO: Reducing MW generators...
2022-01-11 12:43:52,234 INFO: Finished reducing MW generators.
2022-01-11 12:43:52,236 INFO: Tasks complete. Recording data and exiting.
