2022-01-12 09:25:23,502 INFO: Initialized curve data.
2022-01-12 09:25:23,504 INFO: Setting up initial twist data...
2022-01-12 09:25:24,235 INFO: Twist setup complete.
2022-01-12 09:25:24,235 INFO: Searching for rational points on each twist...
2022-01-12 09:25:25,641 INFO: Finished searching for rational points on each twist.
2022-01-12 09:25:25,642 INFO: Testing local solvability of twists...
2022-01-12 09:25:25,647 INFO: Finished local solvability testing.
2022-01-12 09:25:25,648 INFO: Computing elliptic curve a-invariants...
2022-01-12 09:25:33,853 INFO: Finished computation of a-invariants.
2022-01-12 09:25:33,855 INFO: Computing MW group (delta = ['1'], g = [11, -9, 3, -3, 1, 1])...
2022-01-12 09:26:42,178 INFO: Finished MW computation (delta = ['1'], g = [11, -9, 3, -3, 1, 1])
2022-01-12 09:26:42,181 INFO: Computing MW group (delta = ['12', '-10', '3', '-3', '1', '1'], g = [11, -9, 3, -3, 1, 1])...
2022-01-12 09:27:15,464 INFO: Finished MW computation (delta = ['12', '-10', '3', '-3', '1', '1'], g = [11, -9, 3, -3, 1, 1])
2022-01-12 09:27:15,467 INFO: Computing MW group (delta = ['-47', '38', '-11', '12', '-4', '-4'], g = [11, -9, 3, -3, 1, 1])...
2022-01-12 09:27:39,219 INFO: Finished MW computation (delta = ['-47', '38', '-11', '12', '-4', '-4'], g = [11, -9, 3, -3, 1, 1])
2022-01-12 09:27:39,222 INFO: Computing MW group (delta = ['-3', '-1'], g = [11, -9, 3, -3, 1, 1])...
2022-01-12 09:28:52,148 INFO: Finished MW computation (delta = ['-3', '-1'], g = [11, -9, 3, -3, 1, 1])
2022-01-12 09:28:52,154 INFO: Reducing MW generators...
2022-01-12 09:28:54,550 INFO: Finished reducing MW generators.
2022-01-12 09:28:54,552 INFO: Tasks complete. Recording data and exiting.
