2022-01-11 15:35:22,539 INFO: Initialized curve data.
2022-01-11 15:35:22,542 INFO: Setting up initial twist data...
2022-01-11 15:35:23,558 INFO: Twist setup complete.
2022-01-11 15:35:23,559 INFO: Searching for rational points on each twist...
2022-01-11 15:35:25,232 INFO: Finished searching for rational points on each twist.
2022-01-11 15:35:25,232 INFO: Testing local solvability of twists...
2022-01-11 15:35:27,844 INFO: Finished local solvability testing.
2022-01-11 15:35:27,845 INFO: Computing elliptic curve a-invariants...
2022-01-11 15:35:38,597 INFO: Finished computation of a-invariants.
2022-01-11 15:35:38,598 INFO: Skipped MW computation because no base point (delta = ['-1', '0', '1'])
2022-01-11 15:35:38,599 INFO: Computing MW group (delta = ['4', '0', '3', '7', '-2', '-3'], g = [-4, -1, -2, -7, 2, 3])...
2022-01-11 15:37:08,088 INFO: Finished MW computation (delta = ['4', '0', '3', '7', '-2', '-3'], g = [-4, -1, -2, -7, 2, 3])
2022-01-11 15:37:08,091 INFO: Computing MW group (delta = ['1'], g = [-4, -1, -2, -7, 2, 3])...
2022-01-11 15:39:58,196 INFO: Finished MW computation (delta = ['1'], g = [-4, -1, -2, -7, 2, 3])
2022-01-11 15:39:58,198 INFO: Computing MW group (delta = ['-4', '0', '-3', '-8', '3', '3'], g = [-4, -1, -2, -7, 2, 3])...
2022-01-11 15:43:42,025 INFO: Finished MW computation (delta = ['-4', '0', '-3', '-8', '3', '3'], g = [-4, -1, -2, -7, 2, 3])
2022-01-11 15:43:42,028 INFO: Reducing MW generators...
2022-01-11 15:43:45,883 INFO: Finished reducing MW generators.
2022-01-11 15:43:45,885 INFO: Tasks complete. Recording data and exiting.
2022-01-14 09:07:57,434 INFO: Loaded curve data from file.
2022-01-14 09:07:57,434 INFO: Skipped Chabauty because no base point (delta = ['-1', '0', '1'])
2022-01-14 09:07:57,434 INFO: Running elliptic Chabauty (delta = ['4', '0', '3', '7', '-2', '-3'], g = [-4, -1, -2, -7, 2, 3])...
2022-01-14 09:08:22,744 INFO: Chabauty completed successfully (delta = ['4', '0', '3', '7', '-2', '-3'], g = [-4, -1, -2, -7, 2, 3]).
2022-01-14 09:08:22,748 INFO: Running elliptic Chabauty (delta = ['1'], g = [-4, -1, -2, -7, 2, 3])...
2022-01-14 09:09:03,263 INFO: Chabauty completed successfully (delta = ['1'], g = [-4, -1, -2, -7, 2, 3]).
2022-01-14 09:09:03,265 INFO: Running elliptic Chabauty (delta = ['-4', '0', '-3', '-8', '3', '3'], g = [-4, -1, -2, -7, 2, 3])...
2022-01-14 09:09:20,816 INFO: Chabauty completed successfully (delta = ['-4', '0', '-3', '-8', '3', '3'], g = [-4, -1, -2, -7, 2, 3]).
2022-01-14 09:09:21,004 INFO: Rational points successfully computed.
2022-01-14 09:09:21,007 INFO: Tasks complete. Recording data and exiting.
2022-02-12 17:05:39,177 INFO: Loaded curve data from file.
2022-02-12 17:05:39,177 INFO: Computing elliptic Chabauty map... (delta = ['4', '0', '3', '7', '-2', '-3'], g = [-4, -1, -2, -7, 2, 3])
2022-02-12 17:05:56,107 INFO: Elliptic Chabauty map computed. (delta = ['4', '0', '3', '7', '-2', '-3'], g = [-4, -1, -2, -7, 2, 3])
2022-02-12 17:05:56,110 INFO: Computing elliptic Chabauty map... (delta = ['1'], g = [-4, -1, -2, -7, 2, 3])
2022-02-12 17:06:12,710 INFO: Elliptic Chabauty map computed. (delta = ['1'], g = [-4, -1, -2, -7, 2, 3])
2022-02-12 17:06:12,713 INFO: Computing elliptic Chabauty map... (delta = ['-4', '0', '-3', '-8', '3', '3'], g = [-4, -1, -2, -7, 2, 3])
2022-02-12 17:06:29,544 INFO: Elliptic Chabauty map computed. (delta = ['-4', '0', '-3', '-8', '3', '3'], g = [-4, -1, -2, -7, 2, 3])
2022-02-12 17:06:29,547 INFO: Tasks complete. Recording data and exiting.
