2022-01-12 09:25:20,753 INFO: Initialized curve data.
2022-01-12 09:25:20,755 INFO: Setting up initial twist data...
2022-01-12 09:25:22,176 INFO: Twist setup complete.
2022-01-12 09:25:22,177 INFO: Searching for rational points on each twist...
2022-01-12 09:25:23,620 INFO: Finished searching for rational points on each twist.
2022-01-12 09:25:23,620 INFO: Testing local solvability of twists...
2022-01-12 09:25:25,404 INFO: Finished local solvability testing.
2022-01-12 09:25:25,406 INFO: Computing elliptic curve a-invariants...
2022-01-12 09:25:31,231 INFO: Finished computation of a-invariants.
2022-01-12 09:25:31,234 INFO: Computing MW group (delta = ['-1/3', '1/3', '1'], g = [4, 0, -36, -19, 88, 84])...
2022-01-12 09:30:20,475 INFO: Finished MW computation (delta = ['-1/3', '1/3', '1'], g = [4, 0, -36, -19, 88, 84])
2022-01-12 09:30:20,479 INFO: Computing MW group (delta = ['1'], g = [4, 0, -36, -19, 88, 84])...
2022-01-12 10:58:12,471 INFO: Finished MW computation (delta = ['1'], g = [4, 0, -36, -19, 88, 84])
2022-01-12 10:58:12,476 INFO: Computing MW group (delta = ['1/12', '-1/6', '-1/2', '7/12', '1'], g = [4, 0, -36, -19, 88, 84])...
2022-01-14 09:10:29,968 INFO: Loaded curve data from file.
2022-01-14 09:10:29,969 INFO: Reducing MW generators...
2022-01-14 09:10:30,166 INFO: Finished reducing MW generators.
2022-01-14 09:10:30,185 INFO: Skipped Chabauty because MW group hasn't been provably computed. (delta = ['-1/3', '1/3', '1'], g = [4, 0, -36, -19, 88, 84])
2022-01-14 09:10:30,185 INFO: Skipped Chabauty because MW group hasn't been provably computed. (delta = ['1'], g = [4, 0, -36, -19, 88, 84])
2022-01-14 09:10:30,185 INFO: Skipped Chabauty because MW generators haven't been computed. (delta = ['1/12', '-1/6', '-1/2', '7/12', '1'], g = [4, 0, -36, -19, 88, 84])
2022-01-14 09:10:30,185 INFO: Skipped Chabauty because no base point (delta = ['-1/4', '1/4', '1'])
2022-01-14 09:10:30,240 INFO: Tasks complete. Recording data and exiting.
