2022-01-13 21:54:44,138 INFO: Initialized curve data.
2022-01-13 21:54:44,141 INFO: Setting up initial twist data...
2022-01-13 21:54:45,647 INFO: Twist setup complete.
2022-01-13 21:54:45,647 INFO: Searching for rational points on each twist...
2022-01-13 21:54:47,801 INFO: Finished searching for rational points on each twist.
2022-01-13 21:54:47,801 INFO: Testing local solvability of twists...
2022-01-13 21:54:53,529 INFO: Finished local solvability testing.
2022-01-13 21:54:53,530 INFO: Computing elliptic curve a-invariants...
2022-01-13 21:54:59,900 INFO: Finished computation of a-invariants.
2022-01-13 21:54:59,901 INFO: Skipped MW computation because no base point (delta = ['2', '0', '1'])
2022-01-13 21:54:59,901 INFO: Skipped MW computation because no base point (delta = ['1', '1', '1'])
2022-01-13 21:54:59,901 INFO: Computing MW group (delta = ['1'], g = [8, 20, 16, 21, 6, 5])...
2022-01-14 11:35:20,758 INFO: Loaded curve data from file.
2022-01-14 11:35:20,758 INFO: Reducing MW generators...
2022-01-14 11:35:20,758 INFO: Finished reducing MW generators.
2022-01-14 11:35:20,760 INFO: Skipped Chabauty because no base point (delta = ['2', '0', '1'])
2022-01-14 11:35:20,760 INFO: Skipped Chabauty because no base point (delta = ['1', '1', '1'])
2022-01-14 11:35:20,760 INFO: Skipped Chabauty because MW generators haven't been computed. (delta = ['1'], g = [8, 20, 16, 21, 6, 5])
2022-01-14 11:35:20,760 INFO: Skipped Chabauty because MW generators haven't been computed. (delta = ['2', '2', '3', '1', '1'], g = [8, 20, 16, 21, 6, 5])
2022-01-14 11:35:20,833 INFO: Tasks complete. Recording data and exiting.
