2022-01-12 12:21:09,030 INFO: Initialized curve data.
2022-01-12 12:21:09,034 INFO: Setting up initial twist data...
2022-01-12 12:21:10,267 INFO: Twist setup complete.
2022-01-12 12:21:10,267 INFO: Searching for rational points on each twist...
2022-01-12 12:21:15,768 INFO: Finished searching for rational points on each twist.
2022-01-12 12:21:15,768 INFO: Testing local solvability of twists...
2022-01-12 12:21:51,811 INFO: Finished local solvability testing.
2022-01-12 12:21:51,813 INFO: Computing elliptic curve a-invariants...
2022-01-12 12:21:56,303 INFO: Finished computation of a-invariants.
2022-01-12 12:21:56,305 INFO: Skipped MW computation because no base point (delta = ['1/2', '11/2', '31', '80', '185/2', '81/2'])
2022-01-12 12:21:56,305 INFO: Computing MW group (delta = ['-8', '-59', '-159', '-185', '-81'], g = [1, 1])...
2022-01-12 12:21:56,737 INFO: Finished MW computation (delta = ['-8', '-59', '-159', '-185', '-81'], g = [1, 1])
2022-01-12 12:21:56,739 INFO: Computing MW group (delta = ['-8', '-59', '-159', '-185', '-81'], g = [8, 60, 160, 185, 81])...
2022-01-12 12:22:02,208 INFO: Finished MW computation (delta = ['-8', '-59', '-159', '-185', '-81'], g = [8, 60, 160, 185, 81])
2022-01-12 12:22:02,212 INFO: Skipped MW computation because no base point (delta = ['-1/4', '3/4', '13', '39', '185/4', '81/4'])
2022-01-12 12:22:02,212 INFO: Skipped MW computation because no base point (delta = ['4', '75/2', '277/2', '503/2', '451/2', '81'])
2022-01-12 12:22:02,212 INFO: Computing MW group (delta = ['2', '35/4', '-13/2', '-77', '-243/2', '-247/4'], g = [1, 1])...
2022-01-12 12:22:02,603 INFO: Finished MW computation (delta = ['2', '35/4', '-13/2', '-77', '-243/2', '-247/4'], g = [1, 1])
2022-01-12 12:22:02,605 INFO: Computing MW group (delta = ['2', '35/4', '-13/2', '-77', '-243/2', '-247/4'], g = [8, 60, 160, 185, 81])...
2022-01-12 12:22:15,120 INFO: Finished MW computation (delta = ['2', '35/4', '-13/2', '-77', '-243/2', '-247/4'], g = [8, 60, 160, 185, 81])
2022-01-12 12:22:15,123 INFO: Computing MW group (delta = ['1'], g = [1, 1])...
2022-01-12 12:22:15,514 INFO: Finished MW computation (delta = ['1'], g = [1, 1])
2022-01-12 12:22:15,517 INFO: Computing MW group (delta = ['1'], g = [8, 60, 160, 185, 81])...
2022-01-12 12:22:27,492 INFO: Finished MW computation (delta = ['1'], g = [8, 60, 160, 185, 81])
2022-01-12 12:22:27,495 INFO: Computing MW group (delta = ['-4', '-99/2', '-228', '-490', '-502', '-405/2'], g = [1, 1])...
2022-01-12 12:22:27,879 INFO: Finished MW computation (delta = ['-4', '-99/2', '-228', '-490', '-502', '-405/2'], g = [1, 1])
2022-01-12 12:22:27,881 INFO: Computing MW group (delta = ['-4', '-99/2', '-228', '-490', '-502', '-405/2'], g = [8, 60, 160, 185, 81])...
2022-01-12 12:22:38,169 INFO: Finished MW computation (delta = ['-4', '-99/2', '-228', '-490', '-502', '-405/2'], g = [8, 60, 160, 185, 81])
2022-01-12 12:22:38,172 INFO: Skipped MW computation because no base point (delta = ['-1/2', '-1'])
2022-01-12 12:22:38,174 INFO: Reducing MW generators...
2022-01-12 12:22:41,093 INFO: Finished reducing MW generators.
2022-01-12 12:22:41,097 INFO: Tasks complete. Recording data and exiting.
