2022-02-01 12:30:14,691 INFO: Initialized curve data.
2022-02-01 12:30:14,694 INFO: Setting up initial twist data...
2022-02-01 12:30:15,993 INFO: Twist setup complete.
2022-02-01 12:30:15,993 INFO: Searching for rational points on each twist...
2022-02-01 12:30:18,069 INFO: Finished searching for rational points on each twist.
2022-02-01 12:30:18,070 INFO: Testing local solvability of twists...
2022-02-01 12:30:18,087 INFO: Finished local solvability testing.
2022-02-01 12:30:18,089 INFO: Computing elliptic curve a-invariants...
2022-02-01 12:30:36,629 INFO: Finished computation of a-invariants.
2022-02-01 12:30:36,632 INFO: Computing MW group (delta = ['16', '-16', '1', '-49', '48', '4'], g = [4, -4, 0, -12, 12, 1])...
2022-02-01 13:01:48,055 INFO: Finished MW computation (delta = ['16', '-16', '1', '-49', '48', '4'], g = [4, -4, 0, -12, 12, 1])
2022-02-01 13:01:48,061 INFO: Computing MW group (delta = ['4', '-5', '1', '-12', '12', '1'], g = [4, -4, 0, -12, 12, 1])...
2022-02-01 13:08:58,449 INFO: Finished MW computation (delta = ['4', '-5', '1', '-12', '12', '1'], g = [4, -4, 0, -12, 12, 1])
2022-02-01 13:08:58,452 INFO: Computing MW group (delta = ['1'], g = [4, -4, 0, -12, 12, 1])...
2022-02-01 13:15:44,895 INFO: Finished MW computation (delta = ['1'], g = [4, -4, 0, -12, 12, 1])
2022-02-01 13:15:44,898 INFO: Computing MW group (delta = ['4', '-5', '0', '-12', '12', '1'], g = [4, -4, 0, -12, 12, 1])...
2022-02-01 13:46:14,382 INFO: Finished MW computation (delta = ['4', '-5', '0', '-12', '12', '1'], g = [4, -4, 0, -12, 12, 1])
2022-02-01 13:46:14,390 INFO: Reducing MW generators...
2022-02-01 13:46:18,540 INFO: Finished reducing MW generators.
2022-02-01 13:46:18,543 INFO: Tasks complete. Recording data and exiting.
2022-02-02 04:42:39,511 INFO: Loaded curve data from file.
2022-02-02 04:42:39,535 INFO: Running elliptic Chabauty (delta = ['16', '-16', '1', '-49', '48', '4'], g = [4, -4, 0, -12, 12, 1])...
2022-02-02 05:45:39,043 INFO: Chabauty completed successfully (delta = ['16', '-16', '1', '-49', '48', '4'], g = [4, -4, 0, -12, 12, 1]).
2022-02-02 05:45:39,048 INFO: Skipped Chabauty because MW group hasn't been provably computed. (delta = ['4', '-5', '1', '-12', '12', '1'], g = [4, -4, 0, -12, 12, 1])
2022-02-02 05:45:39,048 INFO: Running elliptic Chabauty (delta = ['1'], g = [4, -4, 0, -12, 12, 1])...
2022-02-02 05:45:55,248 INFO: Chabauty completed successfully (delta = ['1'], g = [4, -4, 0, -12, 12, 1]).
2022-02-02 05:45:55,250 INFO: Skipped Chabauty because MW group hasn't been provably computed. (delta = ['4', '-5', '0', '-12', '12', '1'], g = [4, -4, 0, -12, 12, 1])
2022-02-02 05:45:55,337 INFO: Tasks complete. Recording data and exiting.
