2022-01-12 09:25:17,565 INFO: Initialized curve data.
2022-01-12 09:25:17,576 INFO: Setting up initial twist data...
2022-01-12 09:25:19,202 INFO: Twist setup complete.
2022-01-12 09:25:19,202 INFO: Searching for rational points on each twist...
2022-01-12 09:25:24,573 INFO: Finished searching for rational points on each twist.
2022-01-12 09:25:24,574 INFO: Testing local solvability of twists...
2022-01-12 09:25:49,470 INFO: Finished local solvability testing.
2022-01-12 09:25:49,473 INFO: Computing elliptic curve a-invariants...
2022-01-12 09:25:55,751 INFO: Finished computation of a-invariants.
2022-01-12 09:25:55,754 INFO: Computing MW group (delta = ['1/3', '-1', '-2', '-10/3', '-11/3', '-4/3'], g = [1, 1])...
2022-01-12 09:25:56,185 INFO: Finished MW computation (delta = ['1/3', '-1', '-2', '-10/3', '-11/3', '-4/3'], g = [1, 1])
2022-01-12 09:25:56,189 INFO: Computing MW group (delta = ['1/3', '-1', '-2', '-10/3', '-11/3', '-4/3'], g = [1, 0, 7, 11, 4])...
2022-01-12 09:25:58,084 INFO: Finished MW computation (delta = ['1/3', '-1', '-2', '-10/3', '-11/3', '-4/3'], g = [1, 0, 7, 11, 4])
2022-01-12 09:25:58,090 INFO: Computing MW group (delta = ['-1', '1', '-6', '-11', '-4'], g = [1, 1])...
2022-01-12 09:25:58,475 INFO: Finished MW computation (delta = ['-1', '1', '-6', '-11', '-4'], g = [1, 1])
2022-01-12 09:25:58,479 INFO: Computing MW group (delta = ['-1', '1', '-6', '-11', '-4'], g = [1, 0, 7, 11, 4])...
2022-01-12 09:26:04,726 INFO: Finished MW computation (delta = ['-1', '1', '-6', '-11', '-4'], g = [1, 0, 7, 11, 4])
2022-01-12 09:26:04,733 INFO: Computing MW group (delta = ['1'], g = [1, 1])...
2022-01-12 09:26:05,217 INFO: Finished MW computation (delta = ['1'], g = [1, 1])
2022-01-12 09:26:05,222 INFO: Computing MW group (delta = ['1'], g = [1, 0, 7, 11, 4])...
2022-01-12 09:26:18,359 INFO: Finished MW computation (delta = ['1'], g = [1, 0, 7, 11, 4])
2022-01-12 09:26:18,365 INFO: Skipped MW computation because no base point (delta = ['-1/3', '1/3', '-8/3', '-19/3', '-13/3', '-1'])
2022-01-12 09:26:18,366 INFO: Computing MW group (delta = ['1', '-1', '5', '10', '4'], g = [1, 1])...
2022-01-12 09:26:18,914 INFO: Finished MW computation (delta = ['1', '-1', '5', '10', '4'], g = [1, 1])
2022-01-12 09:26:18,918 INFO: Computing MW group (delta = ['1', '-1', '5', '10', '4'], g = [1, 0, 7, 11, 4])...
2022-01-12 09:26:26,283 INFO: Finished MW computation (delta = ['1', '-1', '5', '10', '4'], g = [1, 0, 7, 11, 4])
2022-01-12 09:26:26,289 INFO: Computing MW group (delta = ['-1/3', '1', '1'], g = [1, 1])...
2022-01-12 09:26:26,836 INFO: Finished MW computation (delta = ['-1/3', '1', '1'], g = [1, 1])
2022-01-12 09:26:26,843 INFO: Computing MW group (delta = ['-1/3', '1', '1'], g = [1, 0, 7, 11, 4])...
2022-01-12 09:26:30,643 INFO: Finished MW computation (delta = ['-1/3', '1', '1'], g = [1, 0, 7, 11, 4])
2022-01-12 09:26:30,650 INFO: Computing MW group (delta = ['-1', '0', '0', '7', '11', '4'], g = [1, 1])...
2022-01-12 09:26:31,187 INFO: Finished MW computation (delta = ['-1', '0', '0', '7', '11', '4'], g = [1, 1])
2022-01-12 09:26:31,193 INFO: Computing MW group (delta = ['-1', '0', '0', '7', '11', '4'], g = [1, 0, 7, 11, 4])...
2022-01-12 09:26:40,039 INFO: Finished MW computation (delta = ['-1', '0', '0', '7', '11', '4'], g = [1, 0, 7, 11, 4])
2022-01-12 09:26:40,046 INFO: Skipped MW computation because no base point (delta = ['1/3', '-1/3', '3', '17/3', '7/3'])
2022-01-12 09:26:40,051 INFO: Reducing MW generators...
2022-01-12 09:26:47,571 INFO: Finished reducing MW generators.
2022-01-12 09:26:47,578 INFO: Tasks complete. Recording data and exiting.
2022-01-14 09:10:37,665 INFO: Loaded curve data from file.
2022-01-14 09:10:37,666 INFO: Skipped Chabauty because rank >= degree(g). (delta = ['1/3', '-1', '-2', '-10/3', '-11/3', '-4/3'], g = [1, 1])
2022-01-14 09:10:37,666 INFO: Running elliptic Chabauty (delta = ['1/3', '-1', '-2', '-10/3', '-11/3', '-4/3'], g = [1, 0, 7, 11, 4])...
2022-01-14 09:10:47,678 INFO: Chabauty completed successfully (delta = ['1/3', '-1', '-2', '-10/3', '-11/3', '-4/3'], g = [1, 0, 7, 11, 4]).
2022-01-14 09:10:47,682 INFO: Skipped Chabauty because rank >= degree(g). (delta = ['-1', '1', '-6', '-11', '-4'], g = [1, 1])
2022-01-14 09:10:47,682 INFO: Running elliptic Chabauty (delta = ['-1', '1', '-6', '-11', '-4'], g = [1, 0, 7, 11, 4])...
2022-01-14 09:10:57,392 INFO: Chabauty completed successfully (delta = ['-1', '1', '-6', '-11', '-4'], g = [1, 0, 7, 11, 4]).
2022-01-14 09:10:57,395 INFO: Skipped Chabauty because rank >= degree(g). (delta = ['1'], g = [1, 1])
2022-01-14 09:10:57,395 INFO: Running elliptic Chabauty (delta = ['1'], g = [1, 0, 7, 11, 4])...
2022-01-14 09:11:09,349 INFO: Chabauty completed successfully (delta = ['1'], g = [1, 0, 7, 11, 4]).
2022-01-14 09:11:09,353 INFO: Skipped Chabauty because no base point (delta = ['-1/3', '1/3', '-8/3', '-19/3', '-13/3', '-1'])
2022-01-14 09:11:09,353 INFO: Skipped Chabauty because rank >= degree(g). (delta = ['1', '-1', '5', '10', '4'], g = [1, 1])
2022-01-14 09:11:09,353 INFO: Running elliptic Chabauty (delta = ['1', '-1', '5', '10', '4'], g = [1, 0, 7, 11, 4])...
2022-01-14 09:11:23,157 INFO: Chabauty completed successfully (delta = ['1', '-1', '5', '10', '4'], g = [1, 0, 7, 11, 4]).
2022-01-14 09:11:23,161 INFO: Skipped Chabauty because rank >= degree(g). (delta = ['-1/3', '1', '1'], g = [1, 1])
2022-01-14 09:11:23,161 INFO: Running elliptic Chabauty (delta = ['-1/3', '1', '1'], g = [1, 0, 7, 11, 4])...
2022-01-14 09:11:34,220 INFO: Chabauty completed successfully (delta = ['-1/3', '1', '1'], g = [1, 0, 7, 11, 4]).
2022-01-14 09:11:34,224 INFO: Skipped Chabauty because rank >= degree(g). (delta = ['-1', '0', '0', '7', '11', '4'], g = [1, 1])
2022-01-14 09:11:34,224 INFO: Running elliptic Chabauty (delta = ['-1', '0', '0', '7', '11', '4'], g = [1, 0, 7, 11, 4])...
2022-01-14 09:11:46,040 INFO: Chabauty completed successfully (delta = ['-1', '0', '0', '7', '11', '4'], g = [1, 0, 7, 11, 4]).
2022-01-14 09:11:46,044 INFO: Skipped Chabauty because no base point (delta = ['1/3', '-1/3', '3', '17/3', '7/3'])
2022-01-14 09:11:46,464 INFO: Rational points successfully computed.
2022-01-14 09:11:46,468 INFO: Tasks complete. Recording data and exiting.
2022-02-12 17:04:26,560 INFO: Loaded curve data from file.
2022-02-12 17:04:26,561 INFO: Computing elliptic Chabauty map... (delta = ['1/3', '-1', '-2', '-10/3', '-11/3', '-4/3'], g = [1, 1])
2022-02-12 17:04:37,218 INFO: Elliptic Chabauty map computed. (delta = ['1/3', '-1', '-2', '-10/3', '-11/3', '-4/3'], g = [1, 1])
2022-02-12 17:04:37,221 INFO: Computing elliptic Chabauty map... (delta = ['1/3', '-1', '-2', '-10/3', '-11/3', '-4/3'], g = [1, 0, 7, 11, 4])
2022-02-12 17:04:50,521 INFO: Elliptic Chabauty map computed. (delta = ['1/3', '-1', '-2', '-10/3', '-11/3', '-4/3'], g = [1, 0, 7, 11, 4])
2022-02-12 17:04:50,525 INFO: Computing elliptic Chabauty map... (delta = ['-1', '1', '-6', '-11', '-4'], g = [1, 1])
2022-02-12 17:05:01,168 INFO: Elliptic Chabauty map computed. (delta = ['-1', '1', '-6', '-11', '-4'], g = [1, 1])
2022-02-12 17:05:01,171 INFO: Computing elliptic Chabauty map... (delta = ['-1', '1', '-6', '-11', '-4'], g = [1, 0, 7, 11, 4])
2022-02-12 17:05:14,134 INFO: Elliptic Chabauty map computed. (delta = ['-1', '1', '-6', '-11', '-4'], g = [1, 0, 7, 11, 4])
2022-02-12 17:05:14,138 INFO: Computing elliptic Chabauty map... (delta = ['1'], g = [1, 1])
2022-02-12 17:05:24,678 INFO: Elliptic Chabauty map computed. (delta = ['1'], g = [1, 1])
2022-02-12 17:05:24,682 INFO: Computing elliptic Chabauty map... (delta = ['1'], g = [1, 0, 7, 11, 4])
2022-02-12 17:05:37,723 INFO: Elliptic Chabauty map computed. (delta = ['1'], g = [1, 0, 7, 11, 4])
2022-02-12 17:05:37,727 INFO: Computing elliptic Chabauty map... (delta = ['1', '-1', '5', '10', '4'], g = [1, 1])
2022-02-12 17:05:48,309 INFO: Elliptic Chabauty map computed. (delta = ['1', '-1', '5', '10', '4'], g = [1, 1])
2022-02-12 17:05:48,313 INFO: Computing elliptic Chabauty map... (delta = ['1', '-1', '5', '10', '4'], g = [1, 0, 7, 11, 4])
2022-02-12 17:06:01,446 INFO: Elliptic Chabauty map computed. (delta = ['1', '-1', '5', '10', '4'], g = [1, 0, 7, 11, 4])
2022-02-12 17:06:01,451 INFO: Computing elliptic Chabauty map... (delta = ['-1/3', '1', '1'], g = [1, 1])
2022-02-12 17:06:11,998 INFO: Elliptic Chabauty map computed. (delta = ['-1/3', '1', '1'], g = [1, 1])
2022-02-12 17:06:12,002 INFO: Computing elliptic Chabauty map... (delta = ['-1/3', '1', '1'], g = [1, 0, 7, 11, 4])
2022-02-12 17:06:25,107 INFO: Elliptic Chabauty map computed. (delta = ['-1/3', '1', '1'], g = [1, 0, 7, 11, 4])
2022-02-12 17:06:25,114 INFO: Computing elliptic Chabauty map... (delta = ['-1', '0', '0', '7', '11', '4'], g = [1, 1])
2022-02-12 17:06:35,734 INFO: Elliptic Chabauty map computed. (delta = ['-1', '0', '0', '7', '11', '4'], g = [1, 1])
2022-02-12 17:06:35,740 INFO: Computing elliptic Chabauty map... (delta = ['-1', '0', '0', '7', '11', '4'], g = [1, 0, 7, 11, 4])
2022-02-12 17:06:48,985 INFO: Elliptic Chabauty map computed. (delta = ['-1', '0', '0', '7', '11', '4'], g = [1, 0, 7, 11, 4])
2022-02-12 17:06:48,991 INFO: Tasks complete. Recording data and exiting.
