2022-01-12 09:25:32,856 INFO: Initialized curve data.
2022-01-12 09:25:32,860 INFO: Setting up initial twist data...
2022-01-12 09:25:33,885 INFO: Twist setup complete.
2022-01-12 09:25:33,886 INFO: Searching for rational points on each twist...
2022-01-12 09:25:37,031 INFO: Finished searching for rational points on each twist.
2022-01-12 09:25:37,031 INFO: Testing local solvability of twists...
2022-01-12 09:26:09,766 INFO: Finished local solvability testing.
2022-01-12 09:26:09,768 INFO: Computing elliptic curve a-invariants...
2022-01-12 09:26:16,656 INFO: Finished computation of a-invariants.
2022-01-12 09:26:16,658 INFO: Skipped MW computation because no base point (delta = ['-1/2', '1/2', '1'])
2022-01-12 09:26:16,658 INFO: Skipped MW computation because no base point (delta = ['-16', '20', '57', '-62', '-39', '24'])
2022-01-12 09:26:16,658 INFO: Computing MW group (delta = ['-4', '4', '15', '-9', '-8', '4'], g = [-1, 1])...
2022-01-12 09:26:17,041 INFO: Finished MW computation (delta = ['-4', '4', '15', '-9', '-8', '4'], g = [-1, 1])
2022-01-12 09:26:17,044 INFO: Computing MW group (delta = ['-4', '4', '15', '-9', '-8', '4'], g = [4, 1, -13, -4, 4])...
2022-01-12 09:26:22,810 INFO: Finished MW computation (delta = ['-4', '4', '15', '-9', '-8', '4'], g = [4, 1, -13, -4, 4])
2022-01-12 09:26:22,816 INFO: Computing MW group (delta = ['1'], g = [-1, 1])...
2022-01-12 09:26:23,320 INFO: Finished MW computation (delta = ['1'], g = [-1, 1])
2022-01-12 09:26:23,323 INFO: Computing MW group (delta = ['1'], g = [4, 1, -13, -4, 4])...
2022-01-12 09:27:00,849 INFO: Finished MW computation (delta = ['1'], g = [4, 1, -13, -4, 4])
2022-01-12 09:27:00,853 INFO: Unable to use elliptic Chabauty on twist (delta = ['1'])
2022-01-12 09:27:00,856 INFO: Obstruction found to provably computing rational points. Exiting.
2022-01-14 09:13:20,209 INFO: Loaded curve data from file.
2022-01-14 09:13:20,209 INFO: Obstruction already found. Exiting.
2022-02-12 17:37:17,927 INFO: Loaded curve data from file.
2022-02-12 17:37:17,927 INFO: Computing elliptic Chabauty map... (delta = ['-4', '4', '15', '-9', '-8', '4'], g = [-1, 1])
2022-02-12 17:37:28,537 INFO: Elliptic Chabauty map computed. (delta = ['-4', '4', '15', '-9', '-8', '4'], g = [-1, 1])
2022-02-12 17:37:28,541 INFO: Computing elliptic Chabauty map... (delta = ['-4', '4', '15', '-9', '-8', '4'], g = [4, 1, -13, -4, 4])
2022-02-12 17:37:42,653 INFO: Elliptic Chabauty map computed. (delta = ['-4', '4', '15', '-9', '-8', '4'], g = [4, 1, -13, -4, 4])
2022-02-12 17:37:42,656 INFO: Computing elliptic Chabauty map... (delta = ['1'], g = [-1, 1])
2022-02-12 17:37:53,221 INFO: Elliptic Chabauty map computed. (delta = ['1'], g = [-1, 1])
2022-02-12 17:37:53,224 INFO: Computing elliptic Chabauty map... (delta = ['1'], g = [4, 1, -13, -4, 4])
2022-02-12 17:38:07,356 INFO: Elliptic Chabauty map computed. (delta = ['1'], g = [4, 1, -13, -4, 4])
2022-02-12 17:38:07,359 INFO: Computing elliptic Chabauty map... (delta = ['4', '0', '-12', '-4', '4'], g = [-1, 1])
2022-02-12 17:38:17,912 INFO: Elliptic Chabauty map computed. (delta = ['4', '0', '-12', '-4', '4'], g = [-1, 1])
2022-02-12 17:38:17,915 INFO: Computing elliptic Chabauty map... (delta = ['4', '0', '-12', '-4', '4'], g = [4, 1, -13, -4, 4])
2022-02-12 17:38:32,125 INFO: Elliptic Chabauty map computed. (delta = ['4', '0', '-12', '-4', '4'], g = [4, 1, -13, -4, 4])
2022-02-12 17:38:32,129 INFO: Computing elliptic Chabauty map... (delta = ['2', '-2', '-7', '6', '5', '-2'], g = [-1, 1])
2022-02-12 17:38:42,685 INFO: Elliptic Chabauty map computed. (delta = ['2', '-2', '-7', '6', '5', '-2'], g = [-1, 1])
2022-02-12 17:38:42,690 INFO: Computing elliptic Chabauty map... (delta = ['2', '-2', '-7', '6', '5', '-2'], g = [4, 1, -13, -4, 4])
2022-02-12 17:38:56,840 INFO: Elliptic Chabauty map computed. (delta = ['2', '-2', '-7', '6', '5', '-2'], g = [4, 1, -13, -4, 4])
2022-02-12 17:38:56,845 INFO: Tasks complete. Recording data and exiting.
