2022-01-11 12:31:50,478 INFO: Initialized curve data.
2022-01-11 12:31:50,482 INFO: Setting up initial twist data...
2022-01-11 12:31:51,382 INFO: Twist setup complete.
2022-01-11 12:31:51,382 INFO: Searching for rational points on each twist...
2022-01-11 12:31:52,819 INFO: Finished searching for rational points on each twist.
2022-01-11 12:31:52,819 INFO: Testing local solvability of twists...
2022-01-11 12:31:52,823 INFO: Finished local solvability testing.
2022-01-11 12:31:52,824 INFO: Computing elliptic curve a-invariants...
2022-01-11 12:32:06,483 INFO: Finished computation of a-invariants.
2022-01-11 12:32:06,484 INFO: Computing MW group (delta = ['4', '11', '-28', '16', '-4', '1'], g = [4, 12, -28, 16, -4, 1])...
2022-01-11 12:34:04,168 INFO: Finished MW computation (delta = ['4', '11', '-28', '16', '-4', '1'], g = [4, 12, -28, 16, -4, 1])
2022-01-11 12:34:04,172 INFO: Computing MW group (delta = ['16', '48', '-111', '63', '-16', '4'], g = [4, 12, -28, 16, -4, 1])...
2022-01-11 12:35:43,206 INFO: Finished MW computation (delta = ['16', '48', '-111', '63', '-16', '4'], g = [4, 12, -28, 16, -4, 1])
2022-01-11 12:35:43,211 INFO: Computing MW group (delta = ['1'], g = [4, 12, -28, 16, -4, 1])...
2022-01-11 12:36:13,061 INFO: Finished MW computation (delta = ['1'], g = [4, 12, -28, 16, -4, 1])
2022-01-11 12:36:13,064 INFO: Computing MW group (delta = ['4', '11', '-27', '16', '-4', '1'], g = [4, 12, -28, 16, -4, 1])...
2022-01-11 12:36:52,080 INFO: Finished MW computation (delta = ['4', '11', '-27', '16', '-4', '1'], g = [4, 12, -28, 16, -4, 1])
2022-01-11 12:36:52,086 INFO: Reducing MW generators...
2022-01-11 12:36:55,399 INFO: Finished reducing MW generators.
2022-01-11 12:36:55,401 INFO: Tasks complete. Recording data and exiting.
