2022-01-11 12:29:21,557 INFO: Initialized curve data.
2022-01-11 12:29:21,561 INFO: Setting up initial twist data...
2022-01-11 12:29:22,865 INFO: Twist setup complete.
2022-01-11 12:29:22,865 INFO: Searching for rational points on each twist...
2022-01-11 12:29:25,963 INFO: Finished searching for rational points on each twist.
2022-01-11 12:29:25,963 INFO: Testing local solvability of twists...
2022-01-11 12:29:25,973 INFO: Finished local solvability testing.
2022-01-11 12:29:25,974 INFO: Computing elliptic curve a-invariants...
2022-01-11 12:29:36,683 INFO: Finished computation of a-invariants.
2022-01-11 12:29:36,685 INFO: Computing MW group (delta = ['-4', '-4', '-12', '0', '-8', '4'], g = [-4, -3, -12, 0, -8, 4])...
2022-01-11 12:32:56,693 INFO: Finished MW computation (delta = ['-4', '-4', '-12', '0', '-8', '4'], g = [-4, -3, -12, 0, -8, 4])
2022-01-11 12:32:56,696 INFO: Computing MW group (delta = ['-2', '-2', '-6', '-1', '-4', '2'], g = [-4, -3, -12, 0, -8, 4])...
2022-01-11 12:37:21,722 INFO: Finished MW computation (delta = ['-2', '-2', '-6', '-1', '-4', '2'], g = [-4, -3, -12, 0, -8, 4])
2022-01-11 12:37:21,726 INFO: Computing MW group (delta = ['1'], g = [-4, -3, -12, 0, -8, 4])...
2022-01-11 12:45:09,268 INFO: Finished MW computation (delta = ['1'], g = [-4, -3, -12, 0, -8, 4])
2022-01-11 12:45:09,272 INFO: Computing MW group (delta = ['1/2', '0', '1'], g = [-4, -3, -12, 0, -8, 4])...
2022-01-11 12:49:28,874 INFO: Finished MW computation (delta = ['1/2', '0', '1'], g = [-4, -3, -12, 0, -8, 4])
2022-01-11 12:49:28,880 INFO: Reducing MW generators...
2022-01-11 12:49:33,433 INFO: Finished reducing MW generators.
2022-01-11 12:49:33,435 INFO: Tasks complete. Recording data and exiting.
2022-01-13 17:36:43,614 INFO: Loaded curve data from file.
2022-01-13 17:36:43,615 INFO: Running elliptic Chabauty (delta = ['-4', '-4', '-12', '0', '-8', '4'], g = [-4, -3, -12, 0, -8, 4])...
2022-01-13 17:36:58,407 INFO: Chabauty completed successfully (delta = ['-4', '-4', '-12', '0', '-8', '4'], g = [-4, -3, -12, 0, -8, 4]).
2022-01-13 17:36:58,410 INFO: Skipped Chabauty because MW group hasn't been provably computed. (delta = ['-2', '-2', '-6', '-1', '-4', '2'], g = [-4, -3, -12, 0, -8, 4])
2022-01-13 17:36:58,410 INFO: Running elliptic Chabauty (delta = ['1'], g = [-4, -3, -12, 0, -8, 4])...
2022-01-13 17:37:09,514 INFO: Chabauty completed successfully (delta = ['1'], g = [-4, -3, -12, 0, -8, 4]).
2022-01-13 17:37:09,517 INFO: Running elliptic Chabauty (delta = ['1/2', '0', '1'], g = [-4, -3, -12, 0, -8, 4])...
2022-01-13 17:37:19,169 INFO: Chabauty completed successfully (delta = ['1/2', '0', '1'], g = [-4, -3, -12, 0, -8, 4]).
2022-01-13 17:37:19,279 INFO: Tasks complete. Recording data and exiting.
2022-02-12 17:30:23,898 INFO: Loaded curve data from file.
2022-02-12 17:30:23,899 INFO: Computing elliptic Chabauty map... (delta = ['-4', '-4', '-12', '0', '-8', '4'], g = [-4, -3, -12, 0, -8, 4])
2022-02-12 17:30:34,535 INFO: Elliptic Chabauty map computed. (delta = ['-4', '-4', '-12', '0', '-8', '4'], g = [-4, -3, -12, 0, -8, 4])
2022-02-12 17:30:34,538 INFO: Computing elliptic Chabauty map... (delta = ['-2', '-2', '-6', '-1', '-4', '2'], g = [-4, -3, -12, 0, -8, 4])
2022-02-12 17:30:45,028 INFO: Elliptic Chabauty map computed. (delta = ['-2', '-2', '-6', '-1', '-4', '2'], g = [-4, -3, -12, 0, -8, 4])
2022-02-12 17:30:45,031 INFO: Computing elliptic Chabauty map... (delta = ['1'], g = [-4, -3, -12, 0, -8, 4])
2022-02-12 17:30:55,532 INFO: Elliptic Chabauty map computed. (delta = ['1'], g = [-4, -3, -12, 0, -8, 4])
2022-02-12 17:30:55,535 INFO: Computing elliptic Chabauty map... (delta = ['1/2', '0', '1'], g = [-4, -3, -12, 0, -8, 4])
2022-02-12 17:31:06,118 INFO: Elliptic Chabauty map computed. (delta = ['1/2', '0', '1'], g = [-4, -3, -12, 0, -8, 4])
2022-02-12 17:31:06,121 INFO: Tasks complete. Recording data and exiting.
