2022-01-14 12:17:21,356 INFO: Initialized curve data.
2022-01-14 12:17:21,361 INFO: Setting up initial twist data...
2022-01-14 12:17:23,680 INFO: Twist setup complete.
2022-01-14 12:17:23,681 INFO: Searching for rational points on each twist...
2022-01-14 12:17:25,833 INFO: Finished searching for rational points on each twist.
2022-01-14 12:17:25,834 INFO: Testing local solvability of twists...
2022-01-14 12:17:48,392 INFO: Finished local solvability testing.
2022-01-14 12:17:48,395 INFO: Computing elliptic curve a-invariants...
2022-01-14 12:17:56,081 INFO: Finished computation of a-invariants.
2022-01-14 12:17:56,083 INFO: Computing MW group (delta = ['-16', '0', '6', '2', '3', '1'], g = [-17, 1, 6, 2, 3, 1])...
2022-01-14 15:52:21,204 INFO: Loaded curve data from file.
2022-01-14 15:52:21,204 INFO: Reducing MW generators...
2022-01-14 15:52:21,204 INFO: Finished reducing MW generators.
2022-01-14 15:52:21,205 INFO: Skipped Chabauty because MW generators haven't been computed. (delta = ['-16', '0', '6', '2', '3', '1'], g = [-17, 1, 6, 2, 3, 1])
2022-01-14 15:52:21,206 INFO: Skipped Chabauty because no base point (delta = ['-2', '2', '1'])
2022-01-14 15:52:21,206 INFO: Skipped Chabauty because no base point (delta = ['-19', '5', '5', '1', '3', '1'])
2022-01-14 15:52:21,206 INFO: Skipped Chabauty because MW generators haven't been computed. (delta = ['1'], g = [-17, 1, 6, 2, 3, 1])
2022-01-14 15:52:21,283 INFO: Tasks complete. Recording data and exiting.
2022-02-12 17:22:52,908 INFO: Loaded curve data from file.
2022-02-12 17:22:52,909 INFO: Computing elliptic Chabauty map... (delta = ['-16', '0', '6', '2', '3', '1'], g = [-17, 1, 6, 2, 3, 1])
2022-02-12 17:23:09,144 INFO: Elliptic Chabauty map computed. (delta = ['-16', '0', '6', '2', '3', '1'], g = [-17, 1, 6, 2, 3, 1])
2022-02-12 17:23:09,146 INFO: Computing elliptic Chabauty map... (delta = ['1'], g = [-17, 1, 6, 2, 3, 1])
2022-02-12 17:23:24,888 INFO: Elliptic Chabauty map computed. (delta = ['1'], g = [-17, 1, 6, 2, 3, 1])
2022-02-12 17:23:24,889 INFO: Tasks complete. Recording data and exiting.
