2022-01-12 09:25:08,046 INFO: Initialized curve data.
2022-01-12 09:25:08,049 INFO: Setting up initial twist data...
2022-01-12 09:25:09,218 INFO: Twist setup complete.
2022-01-12 09:25:09,218 INFO: Searching for rational points on each twist...
2022-01-12 09:25:10,961 INFO: Finished searching for rational points on each twist.
2022-01-12 09:25:10,961 INFO: Testing local solvability of twists...
2022-01-12 09:25:10,966 INFO: Finished local solvability testing.
2022-01-12 09:25:10,967 INFO: Computing elliptic curve a-invariants...
2022-01-12 09:25:25,541 INFO: Finished computation of a-invariants.
2022-01-12 09:25:25,542 INFO: Computing MW group (delta = ['16', '-64', '65', '3', '-32', '16'], g = [4, -16, 16, 1, -8, 4])...
2022-01-12 09:27:50,111 INFO: Finished MW computation (delta = ['16', '-64', '65', '3', '-32', '16'], g = [4, -16, 16, 1, -8, 4])
2022-01-12 09:27:50,113 INFO: Computing MW group (delta = ['4', '-17', '16', '1', '-8', '4'], g = [4, -16, 16, 1, -8, 4])...
2022-01-12 09:30:09,575 INFO: Finished MW computation (delta = ['4', '-17', '16', '1', '-8', '4'], g = [4, -16, 16, 1, -8, 4])
2022-01-12 09:30:09,577 INFO: Computing MW group (delta = ['1'], g = [4, -16, 16, 1, -8, 4])...
2022-01-12 09:32:30,065 INFO: Finished MW computation (delta = ['1'], g = [4, -16, 16, 1, -8, 4])
2022-01-12 09:32:30,068 INFO: Computing MW group (delta = ['4', '-17', '17', '1', '-8', '4'], g = [4, -16, 16, 1, -8, 4])...
2022-01-12 09:34:48,898 INFO: Finished MW computation (delta = ['4', '-17', '17', '1', '-8', '4'], g = [4, -16, 16, 1, -8, 4])
2022-01-12 09:34:48,902 INFO: Reducing MW generators...
2022-01-12 09:34:51,167 INFO: Finished reducing MW generators.
2022-01-12 09:34:51,169 INFO: Tasks complete. Recording data and exiting.
