2022-01-12 12:13:51,758 INFO: Initialized curve data.
2022-01-12 12:13:51,763 INFO: Setting up initial twist data...
2022-01-12 12:13:52,583 INFO: Twist setup complete.
2022-01-12 12:13:52,583 INFO: Searching for rational points on each twist...
2022-01-12 12:13:54,119 INFO: Finished searching for rational points on each twist.
2022-01-12 12:13:54,119 INFO: Testing local solvability of twists...
2022-01-12 12:13:54,124 INFO: Finished local solvability testing.
2022-01-12 12:13:54,125 INFO: Computing elliptic curve a-invariants...
2022-01-12 12:13:59,830 INFO: Finished computation of a-invariants.
2022-01-12 12:13:59,832 INFO: Computing MW group (delta = ['-3/2', '-1'], g = [-8, -12, -3, 3, -1, 1])...
2022-01-12 12:16:58,744 INFO: Finished MW computation (delta = ['-3/2', '-1'], g = [-8, -12, -3, 3, -1, 1])
2022-01-12 12:16:58,747 INFO: Computing MW group (delta = ['1'], g = [-8, -12, -3, 3, -1, 1])...
2022-01-12 12:19:19,061 INFO: Finished MW computation (delta = ['1'], g = [-8, -12, -3, 3, -1, 1])
2022-01-12 12:19:19,064 INFO: Computing MW group (delta = ['-9', '-13', '-3', '3', '-1', '1'], g = [-8, -12, -3, 3, -1, 1])...
2022-01-12 12:22:57,820 INFO: Finished MW computation (delta = ['-9', '-13', '-3', '3', '-1', '1'], g = [-8, -12, -3, 3, -1, 1])
2022-01-12 12:22:57,823 INFO: Computing MW group (delta = ['11/2', '17/2', '5/2', '-3/2', '1/2', '-1/2'], g = [-8, -12, -3, 3, -1, 1])...
2022-01-12 12:34:54,906 INFO: Finished MW computation (delta = ['11/2', '17/2', '5/2', '-3/2', '1/2', '-1/2'], g = [-8, -12, -3, 3, -1, 1])
2022-01-12 12:34:54,911 INFO: Reducing MW generators...
2022-01-12 12:34:58,380 INFO: Finished reducing MW generators.
2022-01-12 12:34:58,383 INFO: Tasks complete. Recording data and exiting.
