2022-01-13 21:54:40,801 INFO: Initialized curve data.
2022-01-13 21:54:40,806 INFO: Setting up initial twist data...
2022-01-13 21:54:42,417 INFO: Twist setup complete.
2022-01-13 21:54:42,418 INFO: Searching for rational points on each twist...
2022-01-13 21:54:45,718 INFO: Finished searching for rational points on each twist.
2022-01-13 21:54:45,718 INFO: Testing local solvability of twists...
2022-01-13 21:54:47,246 INFO: Finished local solvability testing.
2022-01-13 21:54:47,249 INFO: Computing elliptic curve a-invariants...
2022-01-13 21:55:06,812 INFO: Finished computation of a-invariants.
2022-01-13 21:55:06,814 INFO: Computing MW group (delta = ['4', '7', '-3', '1', '6', '1'], g = [4, 8, -4, 1, 6, 1])...
2022-01-13 21:57:23,475 INFO: Finished MW computation (delta = ['4', '7', '-3', '1', '6', '1'], g = [4, 8, -4, 1, 6, 1])
2022-01-13 21:57:23,478 INFO: Skipped MW computation because no base point (delta = ['-16', '-32', '15', '-5', '-24', '-4'])
2022-01-13 21:57:23,478 INFO: Computing MW group (delta = ['-4', '-7', '5', '-1', '-6', '-1'], g = [4, 8, -4, 1, 6, 1])...
2022-01-13 21:58:38,039 INFO: Finished MW computation (delta = ['-4', '-7', '5', '-1', '-6', '-1'], g = [4, 8, -4, 1, 6, 1])
2022-01-13 21:58:38,042 INFO: Skipped MW computation because no base point (delta = ['16', '32', '-15', '3', '24', '4'])
2022-01-13 21:58:38,042 INFO: Computing MW group (delta = ['1'], g = [4, 8, -4, 1, 6, 1])...
2022-01-13 22:05:17,731 INFO: Finished MW computation (delta = ['1'], g = [4, 8, -4, 1, 6, 1])
2022-01-13 22:05:17,737 INFO: Computing MW group (delta = ['4', '7', '-4', '1', '6', '1'], g = [4, 8, -4, 1, 6, 1])...
2022-01-13 22:07:18,473 INFO: Finished MW computation (delta = ['4', '7', '-4', '1', '6', '1'], g = [4, 8, -4, 1, 6, 1])
2022-01-13 22:07:18,479 INFO: Computing MW group (delta = ['-64', '-128', '64', '-15', '-96', '-17'], g = [4, 8, -4, 1, 6, 1])...
2022-01-13 22:09:11,617 INFO: Finished MW computation (delta = ['-64', '-128', '64', '-15', '-96', '-17'], g = [4, 8, -4, 1, 6, 1])
2022-01-13 22:09:11,624 INFO: Computing MW group (delta = ['-16', '-32', '15', '-4', '-23', '-4'], g = [4, 8, -4, 1, 6, 1])...
2022-01-13 22:10:46,229 INFO: Finished MW computation (delta = ['-16', '-32', '15', '-4', '-23', '-4'], g = [4, 8, -4, 1, 6, 1])
2022-01-13 22:10:46,240 INFO: Reducing MW generators...
2022-01-13 22:10:51,201 INFO: Finished reducing MW generators.
2022-01-13 22:10:51,206 INFO: Tasks complete. Recording data and exiting.
