2022-01-11 12:29:28,415 INFO: Initialized curve data.
2022-01-11 12:29:28,418 INFO: Setting up initial twist data...
2022-01-11 12:29:29,271 INFO: Twist setup complete.
2022-01-11 12:29:29,271 INFO: Searching for rational points on each twist...
2022-01-11 12:29:31,137 INFO: Finished searching for rational points on each twist.
2022-01-11 12:29:31,138 INFO: Testing local solvability of twists...
2022-01-11 12:29:31,143 INFO: Finished local solvability testing.
2022-01-11 12:29:31,144 INFO: Computing elliptic curve a-invariants...
2022-01-11 12:29:37,950 INFO: Finished computation of a-invariants.
2022-01-11 12:29:37,952 INFO: Computing MW group (delta = ['4', '4', '-3', '-6', '4', '1'], g = [4, 5, -4, -6, 4, 1])...
2022-01-13 17:36:50,331 INFO: Loaded curve data from file.
2022-01-13 17:36:50,331 INFO: Reducing MW generators...
2022-01-13 17:36:50,331 INFO: Finished reducing MW generators.
2022-01-13 17:36:50,332 INFO: Skipped Chabauty because MW generators haven't been computed. (delta = ['4', '4', '-3', '-6', '4', '1'], g = [4, 5, -4, -6, 4, 1])
2022-01-13 17:36:50,332 INFO: Skipped Chabauty because MW generators haven't been computed. (delta = ['16', '20', '-15', '-25', '16', '4'], g = [4, 5, -4, -6, 4, 1])
2022-01-13 17:36:50,333 INFO: Skipped Chabauty because MW generators haven't been computed. (delta = ['1'], g = [4, 5, -4, -6, 4, 1])
2022-01-13 17:36:50,333 INFO: Skipped Chabauty because MW generators haven't been computed. (delta = ['4', '4', '-4', '-6', '4', '1'], g = [4, 5, -4, -6, 4, 1])
2022-01-13 17:36:50,334 INFO: Tasks complete. Recording data and exiting.
2022-02-12 17:27:08,636 INFO: Loaded curve data from file.
2022-02-12 17:27:08,636 INFO: Computing elliptic Chabauty map... (delta = ['4', '4', '-3', '-6', '4', '1'], g = [4, 5, -4, -6, 4, 1])
2022-02-12 17:27:22,560 INFO: Elliptic Chabauty map computed. (delta = ['4', '4', '-3', '-6', '4', '1'], g = [4, 5, -4, -6, 4, 1])
2022-02-12 17:27:22,563 INFO: Computing elliptic Chabauty map... (delta = ['16', '20', '-15', '-25', '16', '4'], g = [4, 5, -4, -6, 4, 1])
2022-02-12 17:27:36,398 INFO: Elliptic Chabauty map computed. (delta = ['16', '20', '-15', '-25', '16', '4'], g = [4, 5, -4, -6, 4, 1])
2022-02-12 17:27:36,400 INFO: Computing elliptic Chabauty map... (delta = ['1'], g = [4, 5, -4, -6, 4, 1])
2022-02-12 17:27:50,179 INFO: Elliptic Chabauty map computed. (delta = ['1'], g = [4, 5, -4, -6, 4, 1])
2022-02-12 17:27:50,181 INFO: Computing elliptic Chabauty map... (delta = ['4', '4', '-4', '-6', '4', '1'], g = [4, 5, -4, -6, 4, 1])
2022-02-12 17:28:03,948 INFO: Elliptic Chabauty map computed. (delta = ['4', '4', '-4', '-6', '4', '1'], g = [4, 5, -4, -6, 4, 1])
2022-02-12 17:28:03,951 INFO: Tasks complete. Recording data and exiting.
