2022-01-11 15:10:18,366 INFO: Initialized curve data.
2022-01-11 15:10:18,370 INFO: Setting up initial twist data...
2022-01-11 15:10:19,955 INFO: Twist setup complete.
2022-01-11 15:10:19,955 INFO: Searching for rational points on each twist...
2022-01-11 15:10:23,375 INFO: Finished searching for rational points on each twist.
2022-01-11 15:10:23,375 INFO: Testing local solvability of twists...
2022-01-11 15:10:31,597 INFO: Finished local solvability testing.
2022-01-11 15:10:31,599 INFO: Computing elliptic curve a-invariants...
2022-01-11 15:10:43,491 INFO: Finished computation of a-invariants.
2022-01-11 15:10:43,493 INFO: Computing MW group (delta = ['0', '1', '1'], g = [-2, -3, 0, -4, -4, 4])...
2022-01-14 09:07:33,086 INFO: Loaded curve data from file.
2022-01-14 09:07:33,087 INFO: Reducing MW generators...
2022-01-14 09:07:33,087 INFO: Finished reducing MW generators.
2022-01-14 09:07:33,090 INFO: Skipped Chabauty because MW generators haven't been computed. (delta = ['0', '1', '1'], g = [-2, -3, 0, -4, -4, 4])
2022-01-14 09:07:33,090 INFO: Skipped Chabauty because MW generators haven't been computed. (delta = ['4', '4', '1', '8', '8', '-8'], g = [-2, -3, 0, -4, -4, 4])
2022-01-14 09:07:33,090 INFO: Skipped Chabauty because no base point (delta = ['23', '35', '11/4', '49', '45', '-47'])
2022-01-14 09:07:33,090 INFO: Skipped Chabauty because MW generators haven't been computed. (delta = ['24', '36', '-2', '47', '49', '-48'], g = [-2, -3, 0, -4, -4, 4])
2022-01-14 09:07:33,090 INFO: Skipped Chabauty because no base point (delta = ['-1', '-1', '1'])
2022-01-14 09:07:33,091 INFO: Skipped Chabauty because MW generators haven't been computed. (delta = ['1'], g = [-2, -3, 0, -4, -4, 4])
2022-01-14 09:07:33,091 INFO: Skipped Chabauty because MW generators haven't been computed. (delta = ['0', '-1', '-2', '0', '1'], g = [-2, -3, 0, -4, -4, 4])
2022-01-14 09:07:33,091 INFO: Skipped Chabauty because MW generators haven't been computed. (delta = ['4', '8', '1', '5', '9', '-8'], g = [-2, -3, 0, -4, -4, 4])
2022-01-14 09:07:33,178 INFO: Tasks complete. Recording data and exiting.
2022-02-12 16:39:32,493 INFO: Loaded curve data from file.
2022-02-12 16:39:32,494 INFO: Computing elliptic Chabauty map... (delta = ['0', '1', '1'], g = [-2, -3, 0, -4, -4, 4])
2022-02-12 16:39:46,880 INFO: Elliptic Chabauty map computed. (delta = ['0', '1', '1'], g = [-2, -3, 0, -4, -4, 4])
2022-02-12 16:39:46,884 INFO: Computing elliptic Chabauty map... (delta = ['4', '4', '1', '8', '8', '-8'], g = [-2, -3, 0, -4, -4, 4])
2022-02-12 16:40:01,312 INFO: Elliptic Chabauty map computed. (delta = ['4', '4', '1', '8', '8', '-8'], g = [-2, -3, 0, -4, -4, 4])
2022-02-12 16:40:01,315 INFO: Computing elliptic Chabauty map... (delta = ['24', '36', '-2', '47', '49', '-48'], g = [-2, -3, 0, -4, -4, 4])
2022-02-12 16:40:15,580 INFO: Elliptic Chabauty map computed. (delta = ['24', '36', '-2', '47', '49', '-48'], g = [-2, -3, 0, -4, -4, 4])
2022-02-12 16:40:15,583 INFO: Computing elliptic Chabauty map... (delta = ['1'], g = [-2, -3, 0, -4, -4, 4])
2022-02-12 16:40:29,943 INFO: Elliptic Chabauty map computed. (delta = ['1'], g = [-2, -3, 0, -4, -4, 4])
2022-02-12 16:40:29,946 INFO: Computing elliptic Chabauty map... (delta = ['0', '-1', '-2', '0', '1'], g = [-2, -3, 0, -4, -4, 4])
2022-02-12 16:40:45,115 INFO: Elliptic Chabauty map computed. (delta = ['0', '-1', '-2', '0', '1'], g = [-2, -3, 0, -4, -4, 4])
2022-02-12 16:40:45,118 INFO: Computing elliptic Chabauty map... (delta = ['4', '8', '1', '5', '9', '-8'], g = [-2, -3, 0, -4, -4, 4])
2022-02-12 16:41:00,306 INFO: Elliptic Chabauty map computed. (delta = ['4', '8', '1', '5', '9', '-8'], g = [-2, -3, 0, -4, -4, 4])
2022-02-12 16:41:00,310 INFO: Tasks complete. Recording data and exiting.
