2022-01-11 15:10:21,386 INFO: Initialized curve data.
2022-01-11 15:10:21,405 INFO: Setting up initial twist data...
2022-01-11 15:10:22,821 INFO: Twist setup complete.
2022-01-11 15:10:22,821 INFO: Searching for rational points on each twist...
2022-01-11 15:10:24,414 INFO: Finished searching for rational points on each twist.
2022-01-11 15:10:24,414 INFO: Testing local solvability of twists...
2022-01-11 15:10:31,405 INFO: Finished local solvability testing.
2022-01-11 15:10:31,406 INFO: Computing elliptic curve a-invariants...
2022-01-11 15:10:36,859 INFO: Finished computation of a-invariants.
2022-01-11 15:10:36,860 INFO: Computing MW group (delta = ['4', '8', '-4', '2', '4', '1'], g = [4, 9, -4, 2, 4, 1])...
2022-01-11 15:12:10,686 INFO: Finished MW computation (delta = ['4', '8', '-4', '2', '4', '1'], g = [4, 9, -4, 2, 4, 1])
2022-01-11 15:12:10,689 INFO: Skipped MW computation because no base point (delta = ['1', '-1'])
2022-01-11 15:12:10,690 INFO: Computing MW group (delta = ['1'], g = [4, 9, -4, 2, 4, 1])...
2022-01-11 15:12:56,996 INFO: Finished MW computation (delta = ['1'], g = [4, 9, -4, 2, 4, 1])
2022-01-11 15:12:56,999 INFO: Computing MW group (delta = ['4', '8', '-3', '2', '4', '1'], g = [4, 9, -4, 2, 4, 1])...
2022-01-11 15:13:13,711 INFO: Finished MW computation (delta = ['4', '8', '-3', '2', '4', '1'], g = [4, 9, -4, 2, 4, 1])
2022-01-11 15:13:13,714 INFO: Reducing MW generators...
2022-01-11 15:13:16,669 INFO: Finished reducing MW generators.
2022-01-11 15:13:16,673 INFO: Tasks complete. Recording data and exiting.
2022-01-14 09:07:25,670 INFO: Loaded curve data from file.
2022-01-14 09:07:25,671 INFO: Running elliptic Chabauty (delta = ['4', '8', '-4', '2', '4', '1'], g = [4, 9, -4, 2, 4, 1])...
2022-01-14 09:07:39,153 INFO: Chabauty completed successfully (delta = ['4', '8', '-4', '2', '4', '1'], g = [4, 9, -4, 2, 4, 1]).
2022-01-14 09:07:39,203 INFO: Skipped Chabauty because no base point (delta = ['1', '-1'])
2022-01-14 09:07:39,204 INFO: Running elliptic Chabauty (delta = ['1'], g = [4, 9, -4, 2, 4, 1])...
2022-01-14 09:07:55,947 INFO: Chabauty completed successfully (delta = ['1'], g = [4, 9, -4, 2, 4, 1]).
2022-01-14 09:07:55,965 INFO: Running elliptic Chabauty (delta = ['4', '8', '-3', '2', '4', '1'], g = [4, 9, -4, 2, 4, 1])...
2022-01-14 09:08:07,310 INFO: Chabauty completed successfully (delta = ['4', '8', '-3', '2', '4', '1'], g = [4, 9, -4, 2, 4, 1]).
2022-01-14 09:08:07,529 INFO: Rational points successfully computed.
2022-01-14 09:08:07,531 INFO: Tasks complete. Recording data and exiting.
