2022-01-12 12:13:52,590 INFO: Initialized curve data.
2022-01-12 12:13:52,592 INFO: Setting up initial twist data...
2022-01-12 12:13:53,603 INFO: Twist setup complete.
2022-01-12 12:13:53,603 INFO: Searching for rational points on each twist...
2022-01-12 12:13:55,542 INFO: Finished searching for rational points on each twist.
2022-01-12 12:13:55,542 INFO: Testing local solvability of twists...
2022-01-12 12:14:01,490 INFO: Finished local solvability testing.
2022-01-12 12:14:01,491 INFO: Computing elliptic curve a-invariants...
2022-01-12 12:14:14,340 INFO: Finished computation of a-invariants.
2022-01-12 12:14:14,342 INFO: Computing MW group (delta = ['26', '27', '5', '-8', '-2', '1'], g = [24, 24, 4, -8, -2, 1])...
2022-01-12 12:14:40,156 INFO: Finished MW computation (delta = ['26', '27', '5', '-8', '-2', '1'], g = [24, 24, 4, -8, -2, 1])
2022-01-12 12:14:40,159 INFO: Computing MW group (delta = ['1'], g = [24, 24, 4, -8, -2, 1])...
2022-01-12 12:15:47,837 INFO: Finished MW computation (delta = ['1'], g = [24, 24, 4, -8, -2, 1])
2022-01-12 12:15:47,840 INFO: Skipped MW computation because no base point (delta = ['-196', '-200', '-37', '63', '16', '-8'])
2022-01-12 12:15:47,840 INFO: Computing MW group (delta = ['22', '23', '4', '-8', '-2', '1'], g = [24, 24, 4, -8, -2, 1])...
2022-01-12 12:17:29,404 INFO: Finished MW computation (delta = ['22', '23', '4', '-8', '-2', '1'], g = [24, 24, 4, -8, -2, 1])
2022-01-12 12:17:29,408 INFO: Reducing MW generators...
2022-01-12 12:17:31,672 INFO: Finished reducing MW generators.
2022-01-12 12:17:31,674 INFO: Tasks complete. Recording data and exiting.
2022-01-14 11:32:09,601 INFO: Loaded curve data from file.
2022-01-14 11:32:09,602 INFO: Running elliptic Chabauty (delta = ['26', '27', '5', '-8', '-2', '1'], g = [24, 24, 4, -8, -2, 1])...
2022-01-14 11:32:20,272 INFO: Chabauty completed successfully (delta = ['26', '27', '5', '-8', '-2', '1'], g = [24, 24, 4, -8, -2, 1]).
2022-01-14 11:32:20,274 INFO: Running elliptic Chabauty (delta = ['1'], g = [24, 24, 4, -8, -2, 1])...
2022-01-14 11:32:30,541 INFO: Chabauty completed successfully (delta = ['1'], g = [24, 24, 4, -8, -2, 1]).
2022-01-14 11:32:30,543 INFO: Skipped Chabauty because no base point (delta = ['-196', '-200', '-37', '63', '16', '-8'])
2022-01-14 11:32:30,543 INFO: Running elliptic Chabauty (delta = ['22', '23', '4', '-8', '-2', '1'], g = [24, 24, 4, -8, -2, 1])...
2022-01-14 11:32:39,389 INFO: Chabauty completed successfully (delta = ['22', '23', '4', '-8', '-2', '1'], g = [24, 24, 4, -8, -2, 1]).
2022-01-14 11:32:39,635 INFO: Rational points successfully computed.
2022-01-14 11:32:39,637 INFO: Tasks complete. Recording data and exiting.
