2022-01-13 21:54:56,710 INFO: Initialized curve data.
2022-01-13 21:54:56,712 INFO: Setting up initial twist data...
2022-01-13 21:54:57,753 INFO: Twist setup complete.
2022-01-13 21:54:57,753 INFO: Searching for rational points on each twist...
2022-01-13 21:54:59,373 INFO: Finished searching for rational points on each twist.
2022-01-13 21:54:59,373 INFO: Testing local solvability of twists...
2022-01-13 21:54:59,379 INFO: Finished local solvability testing.
2022-01-13 21:54:59,380 INFO: Computing elliptic curve a-invariants...
2022-01-13 21:55:13,489 INFO: Finished computation of a-invariants.
2022-01-13 21:55:13,491 INFO: Computing MW group (delta = ['-1', '0', '1'], g = [-4, -9, -4, 0, 4, 4])...
2022-01-13 21:59:16,317 INFO: Finished MW computation (delta = ['-1', '0', '1'], g = [-4, -9, -4, 0, 4, 4])
2022-01-13 21:59:16,320 INFO: Computing MW group (delta = ['1'], g = [-4, -9, -4, 0, 4, 4])...
2022-01-13 22:14:51,068 INFO: Finished MW computation (delta = ['1'], g = [-4, -9, -4, 0, 4, 4])
2022-01-13 22:14:51,071 INFO: Computing MW group (delta = ['-4', '-8', '-3', '0', '4', '4'], g = [-4, -9, -4, 0, 4, 4])...
2022-01-13 22:15:48,678 INFO: Finished MW computation (delta = ['-4', '-8', '-3', '0', '4', '4'], g = [-4, -9, -4, 0, 4, 4])
2022-01-13 22:15:48,681 INFO: Computing MW group (delta = ['4', '8', '3', '1', '-3', '-4'], g = [-4, -9, -4, 0, 4, 4])...
2022-01-13 22:32:52,672 INFO: Finished MW computation (delta = ['4', '8', '3', '1', '-3', '-4'], g = [-4, -9, -4, 0, 4, 4])
2022-01-13 22:32:52,677 INFO: Reducing MW generators...
2022-01-13 22:32:54,903 INFO: Finished reducing MW generators.
2022-01-13 22:32:54,905 INFO: Tasks complete. Recording data and exiting.
