2022-01-12 09:25:19,356 INFO: Initialized curve data.
2022-01-12 09:25:19,360 INFO: Setting up initial twist data...
2022-01-12 09:25:20,814 INFO: Twist setup complete.
2022-01-12 09:25:20,814 INFO: Searching for rational points on each twist...
2022-01-12 09:25:22,790 INFO: Finished searching for rational points on each twist.
2022-01-12 09:25:22,791 INFO: Testing local solvability of twists...
2022-01-12 09:25:27,037 INFO: Finished local solvability testing.
2022-01-12 09:25:27,038 INFO: Computing elliptic curve a-invariants...
2022-01-12 09:25:52,089 INFO: Finished computation of a-invariants.
2022-01-12 09:25:52,091 INFO: Computing MW group (delta = ['-4', '-8', '15', '33', '-2', '-17'], g = [4, 9, -14, -33, 2, 17])...
2022-01-12 09:30:14,007 INFO: Finished MW computation (delta = ['-4', '-8', '15', '33', '-2', '-17'], g = [4, 9, -14, -33, 2, 17])
2022-01-12 09:30:14,010 INFO: Skipped MW computation because no base point (delta = ['1/2', '3/2', '1'])
2022-01-12 09:30:14,011 INFO: Computing MW group (delta = ['1'], g = [4, 9, -14, -33, 2, 17])...
2022-01-12 09:35:27,551 INFO: Finished MW computation (delta = ['1'], g = [4, 9, -14, -33, 2, 17])
2022-01-12 09:35:27,553 INFO: Computing MW group (delta = ['-2', '-4', '9', '19', '0', '-17/2'], g = [4, 9, -14, -33, 2, 17])...
2022-01-14 09:10:39,557 INFO: Loaded curve data from file.
2022-01-14 09:10:39,557 INFO: Reducing MW generators...
2022-01-14 09:10:40,728 INFO: Finished reducing MW generators.
2022-01-14 09:10:40,730 INFO: Running elliptic Chabauty (delta = ['-4', '-8', '15', '33', '-2', '-17'], g = [4, 9, -14, -33, 2, 17])...
2022-01-14 09:11:32,836 INFO: Chabauty completed successfully (delta = ['-4', '-8', '15', '33', '-2', '-17'], g = [4, 9, -14, -33, 2, 17]).
2022-01-14 09:11:32,838 INFO: Skipped Chabauty because no base point (delta = ['1/2', '3/2', '1'])
2022-01-14 09:11:32,838 INFO: Running elliptic Chabauty (delta = ['1'], g = [4, 9, -14, -33, 2, 17])...
2022-01-14 09:12:16,533 INFO: Chabauty completed successfully (delta = ['1'], g = [4, 9, -14, -33, 2, 17]).
2022-01-14 09:12:16,535 INFO: Skipped Chabauty because MW generators haven't been computed. (delta = ['-2', '-4', '9', '19', '0', '-17/2'], g = [4, 9, -14, -33, 2, 17])
2022-01-14 09:12:16,655 INFO: Tasks complete. Recording data and exiting.
