2022-01-11 12:29:21,261 INFO: Initialized curve data.
2022-01-11 12:29:21,264 INFO: Setting up initial twist data...
2022-01-11 12:29:22,158 INFO: Twist setup complete.
2022-01-11 12:29:22,158 INFO: Searching for rational points on each twist...
2022-01-11 12:29:23,532 INFO: Finished searching for rational points on each twist.
2022-01-11 12:29:23,532 INFO: Testing local solvability of twists...
2022-01-11 12:29:23,539 INFO: Finished local solvability testing.
2022-01-11 12:29:23,540 INFO: Computing elliptic curve a-invariants...
2022-01-11 12:29:30,824 INFO: Finished computation of a-invariants.
2022-01-11 12:29:30,826 INFO: Computing MW group (delta = ['-1', '-1'], g = [4, 13, 8, 2, 0, 1])...
2022-01-11 12:29:59,268 INFO: Finished MW computation (delta = ['-1', '-1'], g = [4, 13, 8, 2, 0, 1])
2022-01-11 12:29:59,271 INFO: Computing MW group (delta = ['-4', '-12', '-7', '-2', '0', '-1'], g = [4, 13, 8, 2, 0, 1])...
2022-01-11 12:30:25,801 INFO: Finished MW computation (delta = ['-4', '-12', '-7', '-2', '0', '-1'], g = [4, 13, 8, 2, 0, 1])
2022-01-11 12:30:25,804 INFO: Computing MW group (delta = ['1'], g = [4, 13, 8, 2, 0, 1])...
2022-01-11 12:31:18,599 INFO: Finished MW computation (delta = ['1'], g = [4, 13, 8, 2, 0, 1])
2022-01-11 12:31:18,601 INFO: Computing MW group (delta = ['4', '12', '8', '2', '0', '1'], g = [4, 13, 8, 2, 0, 1])...
2022-01-11 12:32:12,123 INFO: Finished MW computation (delta = ['4', '12', '8', '2', '0', '1'], g = [4, 13, 8, 2, 0, 1])
2022-01-11 12:32:12,128 INFO: Reducing MW generators...
2022-01-11 12:32:14,110 INFO: Finished reducing MW generators.
2022-01-11 12:32:14,111 INFO: Tasks complete. Recording data and exiting.
