2022-01-13 21:54:34,929 INFO: Initialized curve data.
2022-01-13 21:54:34,938 INFO: Setting up initial twist data...
2022-01-13 21:54:35,919 INFO: Twist setup complete.
2022-01-13 21:54:35,919 INFO: Searching for rational points on each twist...
2022-01-13 21:54:37,397 INFO: Finished searching for rational points on each twist.
2022-01-13 21:54:37,397 INFO: Testing local solvability of twists...
2022-01-13 21:54:44,812 INFO: Finished local solvability testing.
2022-01-13 21:54:44,815 INFO: Computing elliptic curve a-invariants...
2022-01-13 21:54:54,885 INFO: Finished computation of a-invariants.
2022-01-13 21:54:54,888 INFO: Computing MW group (delta = ['4', '-16', '1', '10', '4', '1'], g = [4, -15, 0, 10, 4, 1])...
2022-01-14 11:35:08,741 INFO: Loaded curve data from file.
2022-01-14 11:35:08,741 INFO: Reducing MW generators...
2022-01-14 11:35:08,742 INFO: Finished reducing MW generators.
2022-01-14 11:35:08,746 INFO: Skipped Chabauty because MW generators haven't been computed. (delta = ['4', '-16', '1', '10', '4', '1'], g = [4, -15, 0, 10, 4, 1])
2022-01-14 11:35:08,746 INFO: Skipped Chabauty because no base point (delta = ['1', '-1'])
2022-01-14 11:35:08,746 INFO: Skipped Chabauty because MW generators haven't been computed. (delta = ['1'], g = [4, -15, 0, 10, 4, 1])
2022-01-14 11:35:08,746 INFO: Skipped Chabauty because MW generators haven't been computed. (delta = ['4', '-16', '0', '10', '4', '1'], g = [4, -15, 0, 10, 4, 1])
2022-01-14 11:35:08,796 INFO: Tasks complete. Recording data and exiting.
2022-02-12 16:54:11,975 INFO: Loaded curve data from file.
2022-02-12 16:54:11,975 INFO: Computing elliptic Chabauty map... (delta = ['4', '-16', '1', '10', '4', '1'], g = [4, -15, 0, 10, 4, 1])
2022-02-12 16:54:26,568 INFO: Elliptic Chabauty map computed. (delta = ['4', '-16', '1', '10', '4', '1'], g = [4, -15, 0, 10, 4, 1])
2022-02-12 16:54:26,570 INFO: Computing elliptic Chabauty map... (delta = ['1'], g = [4, -15, 0, 10, 4, 1])
2022-02-12 16:54:40,869 INFO: Elliptic Chabauty map computed. (delta = ['1'], g = [4, -15, 0, 10, 4, 1])
2022-02-12 16:54:40,871 INFO: Computing elliptic Chabauty map... (delta = ['4', '-16', '0', '10', '4', '1'], g = [4, -15, 0, 10, 4, 1])
2022-02-12 16:54:54,962 INFO: Elliptic Chabauty map computed. (delta = ['4', '-16', '0', '10', '4', '1'], g = [4, -15, 0, 10, 4, 1])
2022-02-12 16:54:54,964 INFO: Tasks complete. Recording data and exiting.
