2022-01-12 09:25:03,764 INFO: Initialized curve data.
2022-01-12 09:25:03,766 INFO: Setting up initial twist data...
2022-01-12 09:25:05,056 INFO: Twist setup complete.
2022-01-12 09:25:05,057 INFO: Searching for rational points on each twist...
2022-01-12 09:25:07,144 INFO: Finished searching for rational points on each twist.
2022-01-12 09:25:07,144 INFO: Testing local solvability of twists...
2022-01-12 09:25:07,149 INFO: Finished local solvability testing.
2022-01-12 09:25:07,150 INFO: Computing elliptic curve a-invariants...
2022-01-12 09:25:14,818 INFO: Finished computation of a-invariants.
2022-01-12 09:25:14,820 INFO: Computing MW group (delta = ['-4', '15', '24', '9', '2', '1'], g = [-4, 16, 24, 9, 2, 1])...
2022-01-12 09:29:40,674 INFO: Finished MW computation (delta = ['-4', '15', '24', '9', '2', '1'], g = [-4, 16, 24, 9, 2, 1])
2022-01-12 09:29:40,677 INFO: Computing MW group (delta = ['1'], g = [-4, 16, 24, 9, 2, 1])...
2022-01-12 09:42:03,430 INFO: Finished MW computation (delta = ['1'], g = [-4, 16, 24, 9, 2, 1])
2022-01-12 09:42:03,432 INFO: Computing MW group (delta = ['4', '-15', '-23', '-9', '-2', '-1'], g = [-4, 16, 24, 9, 2, 1])...
2022-01-12 09:51:59,140 INFO: Finished MW computation (delta = ['4', '-15', '-23', '-9', '-2', '-1'], g = [-4, 16, 24, 9, 2, 1])
2022-01-12 09:51:59,142 INFO: Computing MW group (delta = ['-16', '64', '95', '35', '8', '4'], g = [-4, 16, 24, 9, 2, 1])...
2022-01-14 09:10:22,425 INFO: Loaded curve data from file.
2022-01-14 09:10:22,425 INFO: Reducing MW generators...
2022-01-14 09:10:23,647 INFO: Finished reducing MW generators.
2022-01-14 09:10:23,649 INFO: Skipped Chabauty because MW group hasn't been provably computed. (delta = ['-4', '15', '24', '9', '2', '1'], g = [-4, 16, 24, 9, 2, 1])
2022-01-14 09:10:23,650 INFO: Skipped Chabauty because MW group hasn't been provably computed. (delta = ['1'], g = [-4, 16, 24, 9, 2, 1])
2022-01-14 09:10:23,650 INFO: Running elliptic Chabauty (delta = ['4', '-15', '-23', '-9', '-2', '-1'], g = [-4, 16, 24, 9, 2, 1])...
2022-01-14 09:10:44,704 INFO: Chabauty completed successfully (delta = ['4', '-15', '-23', '-9', '-2', '-1'], g = [-4, 16, 24, 9, 2, 1]).
2022-01-14 09:10:44,706 INFO: Skipped Chabauty because MW generators haven't been computed. (delta = ['-16', '64', '95', '35', '8', '4'], g = [-4, 16, 24, 9, 2, 1])
2022-01-14 09:10:44,750 INFO: Tasks complete. Recording data and exiting.
2022-02-12 17:38:18,777 INFO: Loaded curve data from file.
2022-02-12 17:38:18,778 INFO: Computing elliptic Chabauty map... (delta = ['-4', '15', '24', '9', '2', '1'], g = [-4, 16, 24, 9, 2, 1])
2022-02-12 17:38:32,231 INFO: Elliptic Chabauty map computed. (delta = ['-4', '15', '24', '9', '2', '1'], g = [-4, 16, 24, 9, 2, 1])
2022-02-12 17:38:32,233 INFO: Computing elliptic Chabauty map... (delta = ['1'], g = [-4, 16, 24, 9, 2, 1])
2022-02-12 17:38:45,592 INFO: Elliptic Chabauty map computed. (delta = ['1'], g = [-4, 16, 24, 9, 2, 1])
2022-02-12 17:38:45,594 INFO: Computing elliptic Chabauty map... (delta = ['4', '-15', '-23', '-9', '-2', '-1'], g = [-4, 16, 24, 9, 2, 1])
2022-02-12 17:38:58,769 INFO: Elliptic Chabauty map computed. (delta = ['4', '-15', '-23', '-9', '-2', '-1'], g = [-4, 16, 24, 9, 2, 1])
2022-02-12 17:38:58,772 INFO: Computing elliptic Chabauty map... (delta = ['-16', '64', '95', '35', '8', '4'], g = [-4, 16, 24, 9, 2, 1])
2022-02-12 17:39:11,975 INFO: Elliptic Chabauty map computed. (delta = ['-16', '64', '95', '35', '8', '4'], g = [-4, 16, 24, 9, 2, 1])
2022-02-12 17:39:11,978 INFO: Tasks complete. Recording data and exiting.
