2022-02-01 12:30:21,665 INFO: Initialized curve data.
2022-02-01 12:30:21,669 INFO: Setting up initial twist data...
2022-02-01 12:30:23,139 INFO: Twist setup complete.
2022-02-01 12:30:23,139 INFO: Searching for rational points on each twist...
2022-02-01 12:30:25,379 INFO: Finished searching for rational points on each twist.
2022-02-01 12:30:25,379 INFO: Testing local solvability of twists...
2022-02-01 12:30:25,391 INFO: Finished local solvability testing.
2022-02-01 12:30:25,392 INFO: Computing elliptic curve a-invariants...
2022-02-01 12:30:34,859 INFO: Finished computation of a-invariants.
2022-02-01 12:30:34,861 INFO: Computing MW group (delta = ['1', '0', '1'], g = [4, 3, -2, -1, 0, 4])...
2022-02-01 12:32:24,653 INFO: Finished MW computation (delta = ['1', '0', '1'], g = [4, 3, -2, -1, 0, 4])
2022-02-01 12:32:24,656 INFO: Computing MW group (delta = ['1', '1', '1'], g = [4, 3, -2, -1, 0, 4])...
2022-02-01 12:34:26,041 INFO: Finished MW computation (delta = ['1', '1', '1'], g = [4, 3, -2, -1, 0, 4])
2022-02-01 12:34:26,043 INFO: Computing MW group (delta = ['1'], g = [4, 3, -2, -1, 0, 4])...
2022-02-01 12:36:24,167 INFO: Finished MW computation (delta = ['1'], g = [4, 3, -2, -1, 0, 4])
2022-02-01 12:36:24,170 INFO: Computing MW group (delta = ['1', '1', '2', '1', '1'], g = [4, 3, -2, -1, 0, 4])...
2022-02-01 12:50:52,787 INFO: Finished MW computation (delta = ['1', '1', '2', '1', '1'], g = [4, 3, -2, -1, 0, 4])
2022-02-01 12:50:52,792 INFO: Reducing MW generators...
2022-02-01 12:50:54,376 INFO: Finished reducing MW generators.
2022-02-01 12:50:54,378 INFO: Tasks complete. Recording data and exiting.
2022-02-02 04:42:38,479 INFO: Loaded curve data from file.
2022-02-02 04:42:38,480 INFO: Running elliptic Chabauty (delta = ['1', '0', '1'], g = [4, 3, -2, -1, 0, 4])...
2022-02-02 04:42:46,684 INFO: Chabauty completed successfully (delta = ['1', '0', '1'], g = [4, 3, -2, -1, 0, 4]).
2022-02-02 04:42:46,687 INFO: Skipped Chabauty because MW group hasn't been provably computed. (delta = ['1', '1', '1'], g = [4, 3, -2, -1, 0, 4])
2022-02-02 04:42:46,687 INFO: Skipped Chabauty because MW group hasn't been provably computed. (delta = ['1'], g = [4, 3, -2, -1, 0, 4])
2022-02-02 04:42:46,687 INFO: Skipped Chabauty because MW group hasn't been provably computed. (delta = ['1', '1', '2', '1', '1'], g = [4, 3, -2, -1, 0, 4])
2022-02-02 04:42:46,722 INFO: Tasks complete. Recording data and exiting.
2022-02-12 16:53:33,343 INFO: Loaded curve data from file.
2022-02-12 16:53:33,343 INFO: Computing elliptic Chabauty map... (delta = ['1', '0', '1'], g = [4, 3, -2, -1, 0, 4])
2022-02-12 16:53:41,804 INFO: Elliptic Chabauty map computed. (delta = ['1', '0', '1'], g = [4, 3, -2, -1, 0, 4])
2022-02-12 16:53:41,806 INFO: Computing elliptic Chabauty map... (delta = ['1', '1', '1'], g = [4, 3, -2, -1, 0, 4])
2022-02-12 16:53:50,108 INFO: Elliptic Chabauty map computed. (delta = ['1', '1', '1'], g = [4, 3, -2, -1, 0, 4])
2022-02-12 16:53:50,111 INFO: Computing elliptic Chabauty map... (delta = ['1'], g = [4, 3, -2, -1, 0, 4])
2022-02-12 16:53:58,377 INFO: Elliptic Chabauty map computed. (delta = ['1'], g = [4, 3, -2, -1, 0, 4])
2022-02-12 16:53:58,380 INFO: Computing elliptic Chabauty map... (delta = ['1', '1', '2', '1', '1'], g = [4, 3, -2, -1, 0, 4])
2022-02-12 16:54:06,792 INFO: Elliptic Chabauty map computed. (delta = ['1', '1', '2', '1', '1'], g = [4, 3, -2, -1, 0, 4])
2022-02-12 16:54:06,795 INFO: Tasks complete. Recording data and exiting.
