2022-01-12 09:25:07,996 INFO: Initialized curve data.
2022-01-12 09:25:08,000 INFO: Setting up initial twist data...
2022-01-12 09:25:09,698 INFO: Twist setup complete.
2022-01-12 09:25:09,698 INFO: Searching for rational points on each twist...
2022-01-12 09:25:12,467 INFO: Finished searching for rational points on each twist.
2022-01-12 09:25:12,467 INFO: Testing local solvability of twists...
2022-01-12 09:25:12,473 INFO: Finished local solvability testing.
2022-01-12 09:25:12,475 INFO: Computing elliptic curve a-invariants...
2022-01-12 09:25:21,478 INFO: Finished computation of a-invariants.
2022-01-12 09:25:21,480 INFO: Computing MW group (delta = ['8', '14', '9', '5', '-1', '1'], g = [9, 15, 9, 5, -1, 1])...
2022-01-12 09:26:01,831 INFO: Finished MW computation (delta = ['8', '14', '9', '5', '-1', '1'], g = [9, 15, 9, 5, -1, 1])
2022-01-12 09:26:01,833 INFO: Computing MW group (delta = ['9', '16', '10', '5', '-1', '1'], g = [9, 15, 9, 5, -1, 1])...
2022-01-12 09:27:25,598 INFO: Finished MW computation (delta = ['9', '16', '10', '5', '-1', '1'], g = [9, 15, 9, 5, -1, 1])
2022-01-12 09:27:25,601 INFO: Computing MW group (delta = ['1'], g = [9, 15, 9, 5, -1, 1])...
2022-01-12 09:53:07,879 INFO: Finished MW computation (delta = ['1'], g = [9, 15, 9, 5, -1, 1])
2022-01-12 09:53:07,882 INFO: Computing MW group (delta = ['-36', '-61', '-38', '-21', '4', '-4'], g = [9, 15, 9, 5, -1, 1])...
2022-01-12 09:54:05,337 INFO: Finished MW computation (delta = ['-36', '-61', '-38', '-21', '4', '-4'], g = [9, 15, 9, 5, -1, 1])
2022-01-12 09:54:05,341 INFO: Reducing MW generators...
2022-01-12 09:54:08,993 INFO: Finished reducing MW generators.
2022-01-12 09:54:08,996 INFO: Tasks complete. Recording data and exiting.
2022-01-14 09:10:27,078 INFO: Loaded curve data from file.
2022-01-14 09:10:27,080 INFO: Running elliptic Chabauty (delta = ['8', '14', '9', '5', '-1', '1'], g = [9, 15, 9, 5, -1, 1])...
2022-01-14 09:10:35,683 INFO: Chabauty completed successfully (delta = ['8', '14', '9', '5', '-1', '1'], g = [9, 15, 9, 5, -1, 1]).
2022-01-14 09:10:35,707 INFO: Running elliptic Chabauty (delta = ['9', '16', '10', '5', '-1', '1'], g = [9, 15, 9, 5, -1, 1])...
2022-01-14 09:10:57,614 INFO: Chabauty completed successfully (delta = ['9', '16', '10', '5', '-1', '1'], g = [9, 15, 9, 5, -1, 1]).
2022-01-14 09:10:57,616 INFO: Skipped Chabauty because MW group hasn't been provably computed. (delta = ['1'], g = [9, 15, 9, 5, -1, 1])
2022-01-14 09:10:57,617 INFO: Skipped Chabauty because MW group hasn't been provably computed. (delta = ['-36', '-61', '-38', '-21', '4', '-4'], g = [9, 15, 9, 5, -1, 1])
2022-01-14 09:10:57,717 INFO: Tasks complete. Recording data and exiting.
