2022-01-01 12:51:03,176 INFO: Initialized curve data.
2022-01-01 12:51:03,179 INFO: Setting up initial twist data...
2022-01-01 12:51:04,192 INFO: Twist setup complete.
2022-01-01 12:51:04,193 INFO: Searching for rational points on each twist...
2022-01-01 12:51:05,232 INFO: Finished searching for rational points on each twist.
2022-01-01 12:51:05,232 INFO: Testing local solvability of twists...
2022-01-01 12:51:05,237 INFO: Finished local solvability testing.
2022-01-01 12:51:05,238 INFO: Computing elliptic curve a-invariants...
2022-01-01 12:51:27,183 INFO: Finished computation of a-invariants.
2022-01-01 12:51:27,185 INFO: Computing MW group (delta = ['44', '-261', '-196', '-32', '4', '1'], g = [44, -260, -196, -32, 4, 1])...
2022-01-01 12:53:16,904 INFO: Finished MW computation (delta = ['44', '-261', '-196', '-32', '4', '1'], g = [44, -260, -196, -32, 4, 1])
2022-01-01 12:53:16,912 INFO: Computing MW group (delta = ['-11/3', '-1'], g = [44, -260, -196, -32, 4, 1])...
2022-01-01 12:54:15,584 INFO: Finished MW computation (delta = ['-11/3', '-1'], g = [44, -260, -196, -32, 4, 1])
2022-01-01 12:54:15,587 INFO: Computing MW group (delta = ['1'], g = [44, -260, -196, -32, 4, 1])...
2022-01-01 12:56:58,762 INFO: Finished MW computation (delta = ['1'], g = [44, -260, -196, -32, 4, 1])
2022-01-01 12:56:58,766 INFO: Obstruction found to provably computing rational points. Exiting.
2022-01-03 13:14:57,000 INFO: Obsolete "loc_solv_error" keys removed.
2022-01-10 22:42:01,296 INFO: Loaded curve data from file.
2022-01-10 22:42:01,297 INFO: Obstruction already found. Exiting.
2022-02-12 16:38:46,840 INFO: Loaded curve data from file.
2022-02-12 16:38:46,841 INFO: Computing elliptic Chabauty map... (delta = ['44', '-261', '-196', '-32', '4', '1'], g = [44, -260, -196, -32, 4, 1])
2022-02-12 16:39:06,026 INFO: Elliptic Chabauty map computed. (delta = ['44', '-261', '-196', '-32', '4', '1'], g = [44, -260, -196, -32, 4, 1])
2022-02-12 16:39:06,028 INFO: Computing elliptic Chabauty map... (delta = ['-11/3', '-1'], g = [44, -260, -196, -32, 4, 1])
2022-02-12 16:39:25,060 INFO: Elliptic Chabauty map computed. (delta = ['-11/3', '-1'], g = [44, -260, -196, -32, 4, 1])
2022-02-12 16:39:25,063 INFO: Computing elliptic Chabauty map... (delta = ['1'], g = [44, -260, -196, -32, 4, 1])
2022-02-12 16:39:44,278 INFO: Elliptic Chabauty map computed. (delta = ['1'], g = [44, -260, -196, -32, 4, 1])
2022-02-12 16:39:44,281 INFO: Computing elliptic Chabauty map... (delta = ['-484/3', '957', '2159/3', '352/3', '-44/3', '-11/3'], g = [44, -260, -196, -32, 4, 1])
2022-02-12 16:40:03,362 INFO: Elliptic Chabauty map computed. (delta = ['-484/3', '957', '2159/3', '352/3', '-44/3', '-11/3'], g = [44, -260, -196, -32, 4, 1])
2022-02-12 16:40:03,366 INFO: Tasks complete. Recording data and exiting.
