2022-01-11 15:13:03,570 INFO: Initialized curve data.
2022-01-11 15:13:03,577 INFO: Setting up initial twist data...
2022-01-11 15:13:04,730 INFO: Twist setup complete.
2022-01-11 15:13:04,731 INFO: Searching for rational points on each twist...
2022-01-11 15:13:07,048 INFO: Finished searching for rational points on each twist.
2022-01-11 15:13:07,048 INFO: Testing local solvability of twists...
2022-01-11 15:13:14,389 INFO: Finished local solvability testing.
2022-01-11 15:13:14,390 INFO: Computing elliptic curve a-invariants...
2022-01-11 15:13:22,492 INFO: Finished computation of a-invariants.
2022-01-11 15:13:22,493 INFO: Skipped MW computation because no base point (delta = ['4', '12', '7', '9', '4', '1'])
2022-01-11 15:13:22,493 INFO: Computing MW group (delta = ['1', '1', '1'], g = [4, 13, 8, 10, 4, 1])...
2022-01-11 15:14:14,464 INFO: Finished MW computation (delta = ['1', '1', '1'], g = [4, 13, 8, 10, 4, 1])
2022-01-11 15:14:14,468 INFO: Computing MW group (delta = ['1'], g = [4, 13, 8, 10, 4, 1])...
2022-01-11 15:16:19,818 INFO: Finished MW computation (delta = ['1'], g = [4, 13, 8, 10, 4, 1])
2022-01-11 15:16:19,824 INFO: Computing MW group (delta = ['4', '12', '8', '10', '4', '1'], g = [4, 13, 8, 10, 4, 1])...
2022-01-11 15:17:49,260 INFO: Finished MW computation (delta = ['4', '12', '8', '10', '4', '1'], g = [4, 13, 8, 10, 4, 1])
2022-01-11 15:17:49,264 INFO: Reducing MW generators...
2022-01-11 15:17:51,938 INFO: Finished reducing MW generators.
2022-01-11 15:17:51,940 INFO: Tasks complete. Recording data and exiting.
2022-01-14 09:07:37,417 INFO: Loaded curve data from file.
2022-01-14 09:07:37,418 INFO: Skipped Chabauty because no base point (delta = ['4', '12', '7', '9', '4', '1'])
2022-01-14 09:07:37,418 INFO: Running elliptic Chabauty (delta = ['1', '1', '1'], g = [4, 13, 8, 10, 4, 1])...
2022-01-14 09:07:50,471 INFO: Chabauty completed successfully (delta = ['1', '1', '1'], g = [4, 13, 8, 10, 4, 1]).
2022-01-14 09:07:50,473 INFO: Skipped Chabauty because MW group hasn't been provably computed. (delta = ['1'], g = [4, 13, 8, 10, 4, 1])
2022-01-14 09:07:50,473 INFO: Skipped Chabauty because MW group hasn't been provably computed. (delta = ['4', '12', '8', '10', '4', '1'], g = [4, 13, 8, 10, 4, 1])
2022-01-14 09:07:50,580 INFO: Tasks complete. Recording data and exiting.
2022-02-12 16:43:08,774 INFO: Loaded curve data from file.
2022-02-12 16:43:08,774 INFO: Computing elliptic Chabauty map... (delta = ['1', '1', '1'], g = [4, 13, 8, 10, 4, 1])
2022-02-12 16:43:23,533 INFO: Elliptic Chabauty map computed. (delta = ['1', '1', '1'], g = [4, 13, 8, 10, 4, 1])
2022-02-12 16:43:23,536 INFO: Computing elliptic Chabauty map... (delta = ['1'], g = [4, 13, 8, 10, 4, 1])
2022-02-12 16:43:37,701 INFO: Elliptic Chabauty map computed. (delta = ['1'], g = [4, 13, 8, 10, 4, 1])
2022-02-12 16:43:37,704 INFO: Computing elliptic Chabauty map... (delta = ['4', '12', '8', '10', '4', '1'], g = [4, 13, 8, 10, 4, 1])
2022-02-12 16:43:51,525 INFO: Elliptic Chabauty map computed. (delta = ['4', '12', '8', '10', '4', '1'], g = [4, 13, 8, 10, 4, 1])
2022-02-12 16:43:51,528 INFO: Tasks complete. Recording data and exiting.
