2022-01-12 12:22:06,518 INFO: Initialized curve data.
2022-01-12 12:22:06,520 INFO: Setting up initial twist data...
2022-01-12 12:22:07,826 INFO: Twist setup complete.
2022-01-12 12:22:07,826 INFO: Searching for rational points on each twist...
2022-01-12 12:22:09,818 INFO: Finished searching for rational points on each twist.
2022-01-12 12:22:09,818 INFO: Testing local solvability of twists...
2022-01-12 12:22:09,829 INFO: Finished local solvability testing.
2022-01-12 12:22:09,830 INFO: Computing elliptic curve a-invariants...
2022-01-12 12:22:18,677 INFO: Finished computation of a-invariants.
2022-01-12 12:22:18,679 INFO: Computing MW group (delta = ['-16', '-32', '-49', '-53', '-8', '-4'], g = [4, 8, 12, 13, 2, 1])...
2022-01-12 12:27:02,497 INFO: Finished MW computation (delta = ['-16', '-32', '-49', '-53', '-8', '-4'], g = [4, 8, 12, 13, 2, 1])
2022-01-12 12:27:02,500 INFO: Computing MW group (delta = ['1'], g = [4, 8, 12, 13, 2, 1])...
2022-01-12 12:41:51,634 INFO: Finished MW computation (delta = ['1'], g = [4, 8, 12, 13, 2, 1])
2022-01-12 12:41:51,637 INFO: Computing MW group (delta = ['-4', '-7', '-11', '-13', '-2', '-1'], g = [4, 8, 12, 13, 2, 1])...
2022-01-12 12:44:00,616 INFO: Finished MW computation (delta = ['-4', '-7', '-11', '-13', '-2', '-1'], g = [4, 8, 12, 13, 2, 1])
2022-01-12 12:44:00,618 INFO: Computing MW group (delta = ['4', '7', '12', '13', '2', '1'], g = [4, 8, 12, 13, 2, 1])...
2022-01-12 12:45:02,851 INFO: Finished MW computation (delta = ['4', '7', '12', '13', '2', '1'], g = [4, 8, 12, 13, 2, 1])
2022-01-12 12:45:02,855 INFO: Reducing MW generators...
2022-01-12 12:45:04,671 INFO: Finished reducing MW generators.
2022-01-12 12:45:04,673 INFO: Tasks complete. Recording data and exiting.
2022-01-14 11:32:27,250 INFO: Loaded curve data from file.
2022-01-14 11:32:27,250 INFO: Skipped Chabauty because MW group hasn't been provably computed. (delta = ['-16', '-32', '-49', '-53', '-8', '-4'], g = [4, 8, 12, 13, 2, 1])
2022-01-14 11:32:27,250 INFO: Running elliptic Chabauty (delta = ['1'], g = [4, 8, 12, 13, 2, 1])...
2022-01-14 11:32:39,816 INFO: Chabauty completed successfully (delta = ['1'], g = [4, 8, 12, 13, 2, 1]).
2022-01-14 11:32:39,995 INFO: Skipped Chabauty because MW group hasn't been provably computed. (delta = ['-4', '-7', '-11', '-13', '-2', '-1'], g = [4, 8, 12, 13, 2, 1])
2022-01-14 11:32:39,996 INFO: Skipped Chabauty because MW group hasn't been provably computed. (delta = ['4', '7', '12', '13', '2', '1'], g = [4, 8, 12, 13, 2, 1])
2022-01-14 11:32:40,066 INFO: Tasks complete. Recording data and exiting.
