2022-01-11 12:36:47,405 INFO: Initialized curve data.
2022-01-11 12:36:47,409 INFO: Setting up initial twist data...
2022-01-11 12:36:48,575 INFO: Twist setup complete.
2022-01-11 12:36:48,575 INFO: Searching for rational points on each twist...
2022-01-11 12:36:50,118 INFO: Finished searching for rational points on each twist.
2022-01-11 12:36:50,118 INFO: Testing local solvability of twists...
2022-01-11 12:36:51,146 INFO: Finished local solvability testing.
2022-01-11 12:36:51,147 INFO: Computing elliptic curve a-invariants...
2022-01-11 12:36:56,090 INFO: Finished computation of a-invariants.
2022-01-11 12:36:56,091 INFO: Computing MW group (delta = ['-4', '5', '3', '-5', '5', '-5'], g = [4, -4, -4, 4, -4, 5])...
2022-01-11 12:45:58,870 INFO: Finished MW computation (delta = ['-4', '5', '3', '-5', '5', '-5'], g = [4, -4, -4, 4, -4, 5])
2022-01-11 12:45:58,874 INFO: Computing MW group (delta = ['4', '-5', '-3', '4', '-4', '5'], g = [4, -4, -4, 4, -4, 5])...
2022-01-11 12:47:52,203 INFO: Finished MW computation (delta = ['4', '-5', '-3', '4', '-4', '5'], g = [4, -4, -4, 4, -4, 5])
2022-01-11 12:47:52,208 INFO: Skipped MW computation because no base point (delta = ['-1', '0', '1'])
2022-01-11 12:47:52,209 INFO: Computing MW group (delta = ['1'], g = [4, -4, -4, 4, -4, 5])...
2022-01-11 12:52:34,843 INFO: Finished MW computation (delta = ['1'], g = [4, -4, -4, 4, -4, 5])
2022-01-11 12:52:34,849 INFO: Reducing MW generators...
2022-01-11 12:52:38,441 INFO: Finished reducing MW generators.
2022-01-11 12:52:38,443 INFO: Tasks complete. Recording data and exiting.
2022-01-13 17:37:03,821 INFO: Loaded curve data from file.
2022-01-13 17:37:03,822 INFO: Running elliptic Chabauty (delta = ['-4', '5', '3', '-5', '5', '-5'], g = [4, -4, -4, 4, -4, 5])...
2022-01-13 17:40:23,882 INFO: Chabauty completed successfully (delta = ['-4', '5', '3', '-5', '5', '-5'], g = [4, -4, -4, 4, -4, 5]).
2022-01-13 17:40:23,886 INFO: Running elliptic Chabauty (delta = ['4', '-5', '-3', '4', '-4', '5'], g = [4, -4, -4, 4, -4, 5])...
2022-01-13 17:40:41,126 INFO: Chabauty completed successfully (delta = ['4', '-5', '-3', '4', '-4', '5'], g = [4, -4, -4, 4, -4, 5]).
2022-01-13 17:40:41,128 INFO: Skipped Chabauty because no base point (delta = ['-1', '0', '1'])
2022-01-13 17:40:41,128 INFO: Running elliptic Chabauty (delta = ['1'], g = [4, -4, -4, 4, -4, 5])...
2022-01-13 17:40:58,381 INFO: Chabauty completed successfully (delta = ['1'], g = [4, -4, -4, 4, -4, 5]).
2022-01-13 17:40:58,616 INFO: Rational points successfully computed.
2022-01-13 17:40:58,619 INFO: Tasks complete. Recording data and exiting.
