2022-01-01 12:50:49,224 INFO: Initialized curve data.
2022-01-01 12:50:49,227 INFO: Setting up initial twist data...
2022-01-01 12:50:50,237 INFO: Twist setup complete.
2022-01-01 12:50:50,237 INFO: Searching for rational points on each twist...
2022-01-01 12:50:51,037 INFO: Finished searching for rational points on each twist.
2022-01-01 12:50:51,037 INFO: Testing local solvability of twists...
2022-01-01 12:50:57,076 INFO: Finished local solvability testing.
2022-01-01 12:50:57,078 INFO: Computing elliptic curve a-invariants...
2022-01-01 12:51:03,045 INFO: Finished computation of a-invariants.
2022-01-01 12:51:03,047 INFO: Computing MW group (delta = ['-8', '0', '10', '6', '3', '1'], g = [-9, 1, 10, 6, 3, 1])...
2022-01-01 12:51:33,084 INFO: Finished MW computation (delta = ['-8', '0', '10', '6', '3', '1'], g = [-9, 1, 10, 6, 3, 1])
2022-01-01 12:51:33,087 INFO: Computing MW group (delta = ['1'], g = [-9, 1, 10, 6, 3, 1])...
2022-01-01 12:52:42,667 INFO: Finished MW computation (delta = ['1'], g = [-9, 1, 10, 6, 3, 1])
2022-01-01 12:52:42,672 INFO: Skipped MW computation because no base point (delta = ['-10', '3', '10', '5', '3', '1'])
2022-01-01 12:52:42,672 INFO: Computing MW group (delta = ['-1', '1', '1'], g = [-9, 1, 10, 6, 3, 1])...
2022-01-01 12:54:21,402 INFO: Finished MW computation (delta = ['-1', '1', '1'], g = [-9, 1, 10, 6, 3, 1])
2022-01-01 12:54:21,409 INFO: Reducing MW generators...
2022-01-01 12:54:23,581 INFO: Finished reducing MW generators.
2022-01-01 12:54:23,583 INFO: Running elliptic Chabauty (delta = ['-8', '0', '10', '6', '3', '1'], g = [-9, 1, 10, 6, 3, 1])...
2022-01-01 12:54:43,696 INFO: Chabauty completed successfully (delta = ['-8', '0', '10', '6', '3', '1'], g = [-9, 1, 10, 6, 3, 1]).
2022-01-01 12:54:43,699 INFO: Running elliptic Chabauty (delta = ['1'], g = [-9, 1, 10, 6, 3, 1])...
2022-01-01 12:54:59,845 INFO: Chabauty completed successfully (delta = ['1'], g = [-9, 1, 10, 6, 3, 1]).
2022-01-01 12:54:59,848 INFO: Skipped Chabauty because no base point (delta = ['-10', '3', '10', '5', '3', '1'])
2022-01-01 12:54:59,848 INFO: Running elliptic Chabauty (delta = ['-1', '1', '1'], g = [-9, 1, 10, 6, 3, 1])...
2022-01-01 12:55:13,378 INFO: Chabauty completed successfully (delta = ['-1', '1', '1'], g = [-9, 1, 10, 6, 3, 1]).
2022-01-01 12:55:13,671 INFO: Rational points successfully computed.
2022-01-01 12:55:13,673 INFO: Tasks complete. Recording data and exiting.
2022-01-03 13:14:57,000 INFO: Obsolete "loc_solv_error" keys removed.
2022-01-03 13:14:57,000 INFO: Deleted results of Chabauty computation.
2022-01-10 22:39:12,234 INFO: Loaded curve data from file.
2022-01-10 22:39:12,234 INFO: Running elliptic Chabauty (delta = ['-8', '0', '10', '6', '3', '1'], g = [-9, 1, 10, 6, 3, 1])...
2022-01-10 22:39:36,381 INFO: Chabauty completed successfully (delta = ['-8', '0', '10', '6', '3', '1'], g = [-9, 1, 10, 6, 3, 1]).
2022-01-10 22:39:36,470 INFO: Running elliptic Chabauty (delta = ['1'], g = [-9, 1, 10, 6, 3, 1])...
2022-01-10 22:39:53,368 INFO: Chabauty completed successfully (delta = ['1'], g = [-9, 1, 10, 6, 3, 1]).
2022-01-10 22:39:53,369 INFO: Skipped Chabauty because no base point (delta = ['-10', '3', '10', '5', '3', '1'])
2022-01-10 22:39:53,369 INFO: Running elliptic Chabauty (delta = ['-1', '1', '1'], g = [-9, 1, 10, 6, 3, 1])...
2022-01-10 22:40:07,500 INFO: Chabauty completed successfully (delta = ['-1', '1', '1'], g = [-9, 1, 10, 6, 3, 1]).
2022-01-10 22:40:07,729 INFO: Rational points successfully computed.
2022-01-10 22:40:07,730 INFO: Tasks complete. Recording data and exiting.
