2022-01-11 15:10:17,004 INFO: Initialized curve data.
2022-01-11 15:10:17,007 INFO: Setting up initial twist data...
2022-01-11 15:10:18,295 INFO: Twist setup complete.
2022-01-11 15:10:18,295 INFO: Searching for rational points on each twist...
2022-01-11 15:10:20,491 INFO: Finished searching for rational points on each twist.
2022-01-11 15:10:20,491 INFO: Testing local solvability of twists...
2022-01-11 15:10:20,498 INFO: Finished local solvability testing.
2022-01-11 15:10:20,499 INFO: Computing elliptic curve a-invariants...
2022-01-11 15:10:37,205 INFO: Finished computation of a-invariants.
2022-01-11 15:10:37,207 INFO: Computing MW group (delta = ['4', '7', '-43', '33', '2', '1'], g = [4, 8, -44, 33, 2, 1])...
2022-01-11 15:12:15,790 INFO: Finished MW computation (delta = ['4', '7', '-43', '33', '2', '1'], g = [4, 8, -44, 33, 2, 1])
2022-01-11 15:12:15,793 INFO: Computing MW group (delta = ['1', '-1'], g = [4, 8, -44, 33, 2, 1])...
2022-01-11 15:13:23,074 INFO: Finished MW computation (delta = ['1', '-1'], g = [4, 8, -44, 33, 2, 1])
2022-01-11 15:13:23,076 INFO: Computing MW group (delta = ['1'], g = [4, 8, -44, 33, 2, 1])...
2022-01-11 17:08:51,244 INFO: Finished MW computation (delta = ['1'], g = [4, 8, -44, 33, 2, 1])
2022-01-11 17:08:51,258 INFO: Computing MW group (delta = ['4', '7', '-42', '32', '2', '1'], g = [4, 8, -44, 33, 2, 1])...
2022-01-14 09:07:28,991 INFO: Loaded curve data from file.
2022-01-14 09:07:28,992 INFO: Reducing MW generators...
2022-01-14 09:07:29,704 INFO: Finished reducing MW generators.
2022-01-14 09:07:29,706 INFO: Running elliptic Chabauty (delta = ['4', '7', '-43', '33', '2', '1'], g = [4, 8, -44, 33, 2, 1])...
2022-01-14 09:07:43,992 INFO: Chabauty completed successfully (delta = ['4', '7', '-43', '33', '2', '1'], g = [4, 8, -44, 33, 2, 1]).
2022-01-14 09:07:43,994 INFO: Skipped Chabauty because MW group hasn't been provably computed. (delta = ['1', '-1'], g = [4, 8, -44, 33, 2, 1])
2022-01-14 09:07:43,995 INFO: Skipped Chabauty because MW group hasn't been provably computed. (delta = ['1'], g = [4, 8, -44, 33, 2, 1])
2022-01-14 09:07:43,995 INFO: Skipped Chabauty because MW generators haven't been computed. (delta = ['4', '7', '-42', '32', '2', '1'], g = [4, 8, -44, 33, 2, 1])
2022-01-14 09:07:44,045 INFO: Tasks complete. Recording data and exiting.
