2022-01-11 12:29:21,228 INFO: Initialized curve data.
2022-01-11 12:29:21,231 INFO: Setting up initial twist data...
2022-01-11 12:29:22,172 INFO: Twist setup complete.
2022-01-11 12:29:22,172 INFO: Searching for rational points on each twist...
2022-01-11 12:29:23,732 INFO: Finished searching for rational points on each twist.
2022-01-11 12:29:23,732 INFO: Testing local solvability of twists...
2022-01-11 12:29:23,736 INFO: Finished local solvability testing.
2022-01-11 12:29:23,737 INFO: Computing elliptic curve a-invariants...
2022-01-11 12:29:31,033 INFO: Finished computation of a-invariants.
2022-01-11 12:29:31,034 INFO: Computing MW group (delta = ['-1/2', '-1/2', '1'], g = [4, 13, 2, -25, -10, 17])...
2022-01-11 12:35:43,888 INFO: Finished MW computation (delta = ['-1/2', '-1/2', '1'], g = [4, 13, 2, -25, -10, 17])
2022-01-11 12:35:43,892 INFO: Computing MW group (delta = ['4', '12', '3', '-25', '-10', '17'], g = [4, 13, 2, -25, -10, 17])...
2022-01-11 12:40:15,799 INFO: Finished MW computation (delta = ['4', '12', '3', '-25', '-10', '17'], g = [4, 13, 2, -25, -10, 17])
2022-01-11 12:40:15,803 INFO: Computing MW group (delta = ['1'], g = [4, 13, 2, -25, -10, 17])...
2022-01-11 12:41:58,569 INFO: Finished MW computation (delta = ['1'], g = [4, 13, 2, -25, -10, 17])
2022-01-11 12:41:58,573 INFO: Computing MW group (delta = ['-2', '-6', '-1', '11', '6', '-17/2'], g = [4, 13, 2, -25, -10, 17])...
2022-01-11 12:43:01,349 INFO: Finished MW computation (delta = ['-2', '-6', '-1', '11', '6', '-17/2'], g = [4, 13, 2, -25, -10, 17])
2022-01-11 12:43:01,355 INFO: Reducing MW generators...
2022-01-11 12:43:03,754 INFO: Finished reducing MW generators.
2022-01-11 12:43:03,756 INFO: Tasks complete. Recording data and exiting.
2022-01-13 17:36:43,797 INFO: Loaded curve data from file.
2022-01-13 17:36:43,798 INFO: Skipped Chabauty because MW group hasn't been provably computed. (delta = ['-1/2', '-1/2', '1'], g = [4, 13, 2, -25, -10, 17])
2022-01-13 17:36:43,799 INFO: Skipped Chabauty because MW group hasn't been provably computed. (delta = ['4', '12', '3', '-25', '-10', '17'], g = [4, 13, 2, -25, -10, 17])
2022-01-13 17:36:43,799 INFO: Skipped Chabauty because MW group hasn't been provably computed. (delta = ['1'], g = [4, 13, 2, -25, -10, 17])
2022-01-13 17:36:43,799 INFO: Skipped Chabauty because MW group hasn't been provably computed. (delta = ['-2', '-6', '-1', '11', '6', '-17/2'], g = [4, 13, 2, -25, -10, 17])
2022-01-13 17:36:43,802 INFO: Tasks complete. Recording data and exiting.
