2022-01-01 12:51:06,760 INFO: Initialized curve data.
2022-01-01 12:51:06,764 INFO: Setting up initial twist data...
2022-01-01 12:51:07,865 INFO: Twist setup complete.
2022-01-01 12:51:07,866 INFO: Searching for rational points on each twist...
2022-01-01 12:51:08,708 INFO: Finished searching for rational points on each twist.
2022-01-01 12:51:08,709 INFO: Testing local solvability of twists...
2022-01-01 12:51:08,714 INFO: Finished local solvability testing.
2022-01-01 12:51:08,715 INFO: Computing elliptic curve a-invariants...
2022-01-01 12:51:22,509 INFO: Finished computation of a-invariants.
2022-01-01 12:51:22,511 INFO: Computing MW group (delta = ['4', '7', '0', '-11', '-4', '4'], g = [4, 8, 0, -11, -4, 4])...
2022-01-01 12:52:41,095 INFO: Finished MW computation (delta = ['4', '7', '0', '-11', '-4', '4'], g = [4, 8, 0, -11, -4, 4])
2022-01-01 12:52:41,100 INFO: Obstruction found to provably computing rational points. Exiting.
2022-01-03 13:14:57,000 INFO: Obsolete "loc_solv_error" keys removed.
2022-01-10 22:42:03,911 INFO: Loaded curve data from file.
2022-01-10 22:42:03,911 INFO: Obstruction already found. Exiting.
2022-02-12 17:50:46,512 INFO: Loaded curve data from file.
2022-02-12 17:50:46,513 INFO: Computing elliptic Chabauty map... (delta = ['4', '7', '0', '-11', '-4', '4'], g = [4, 8, 0, -11, -4, 4])
2022-02-12 17:51:00,631 INFO: Elliptic Chabauty map computed. (delta = ['4', '7', '0', '-11', '-4', '4'], g = [4, 8, 0, -11, -4, 4])
2022-02-12 17:51:00,633 INFO: Computing elliptic Chabauty map... (delta = ['-1', '-1'], g = [4, 8, 0, -11, -4, 4])
2022-02-12 17:51:14,550 INFO: Elliptic Chabauty map computed. (delta = ['-1', '-1'], g = [4, 8, 0, -11, -4, 4])
2022-02-12 17:51:14,553 INFO: Computing elliptic Chabauty map... (delta = ['-4', '-7', '1', '11', '4', '-4'], g = [4, 8, 0, -11, -4, 4])
2022-02-12 17:51:28,382 INFO: Elliptic Chabauty map computed. (delta = ['-4', '-7', '1', '11', '4', '-4'], g = [4, 8, 0, -11, -4, 4])
2022-02-12 17:51:28,384 INFO: Computing elliptic Chabauty map... (delta = ['1'], g = [4, 8, 0, -11, -4, 4])
2022-02-12 17:51:42,423 INFO: Elliptic Chabauty map computed. (delta = ['1'], g = [4, 8, 0, -11, -4, 4])
2022-02-12 17:51:42,426 INFO: Tasks complete. Recording data and exiting.
