2022-01-13 21:54:37,513 INFO: Initialized curve data.
2022-01-13 21:54:37,526 INFO: Setting up initial twist data...
2022-01-13 21:54:38,595 INFO: Twist setup complete.
2022-01-13 21:54:38,595 INFO: Searching for rational points on each twist...
2022-01-13 21:54:40,181 INFO: Finished searching for rational points on each twist.
2022-01-13 21:54:40,181 INFO: Testing local solvability of twists...
2022-01-13 21:54:42,781 INFO: Finished local solvability testing.
2022-01-13 21:54:42,783 INFO: Computing elliptic curve a-invariants...
2022-01-13 21:54:47,944 INFO: Finished computation of a-invariants.
2022-01-13 21:54:47,946 INFO: Skipped MW computation because no base point (delta = ['1', '1', '1'])
2022-01-13 21:54:47,946 INFO: Computing MW group (delta = ['-8', '-9', '-5', '4', '2', '1'], g = [-8, -8, -4, 5, 2, 1])...
2022-01-13 21:56:54,562 INFO: Finished MW computation (delta = ['-8', '-9', '-5', '4', '2', '1'], g = [-8, -8, -4, 5, 2, 1])
2022-01-13 21:56:54,566 INFO: Computing MW group (delta = ['1'], g = [-8, -8, -4, 5, 2, 1])...
2022-01-13 21:57:46,070 INFO: Finished MW computation (delta = ['1'], g = [-8, -8, -4, 5, 2, 1])
2022-01-13 21:57:46,075 INFO: Computing MW group (delta = ['-8', '-9', '-4', '5', '2', '1'], g = [-8, -8, -4, 5, 2, 1])...
2022-01-13 21:58:32,613 INFO: Finished MW computation (delta = ['-8', '-9', '-4', '5', '2', '1'], g = [-8, -8, -4, 5, 2, 1])
2022-01-13 21:58:32,621 INFO: Reducing MW generators...
2022-01-13 21:58:35,162 INFO: Finished reducing MW generators.
2022-01-13 21:58:35,164 INFO: Tasks complete. Recording data and exiting.
2022-01-14 11:35:12,517 INFO: Loaded curve data from file.
2022-01-14 11:35:12,517 INFO: Skipped Chabauty because no base point (delta = ['1', '1', '1'])
2022-01-14 11:35:12,517 INFO: Running elliptic Chabauty (delta = ['-8', '-9', '-5', '4', '2', '1'], g = [-8, -8, -4, 5, 2, 1])...
2022-01-14 11:35:26,563 INFO: Chabauty completed successfully (delta = ['-8', '-9', '-5', '4', '2', '1'], g = [-8, -8, -4, 5, 2, 1]).
2022-01-14 11:35:26,566 INFO: Running elliptic Chabauty (delta = ['1'], g = [-8, -8, -4, 5, 2, 1])...
2022-01-14 11:35:38,902 INFO: Chabauty completed successfully (delta = ['1'], g = [-8, -8, -4, 5, 2, 1]).
2022-01-14 11:35:38,903 INFO: Skipped Chabauty because MW group hasn't been provably computed. (delta = ['-8', '-9', '-4', '5', '2', '1'], g = [-8, -8, -4, 5, 2, 1])
2022-01-14 11:35:38,987 INFO: Tasks complete. Recording data and exiting.
