2022-01-12 12:25:08,462 INFO: Initialized curve data.
2022-01-12 12:25:08,466 INFO: Setting up initial twist data...
2022-01-12 12:25:09,619 INFO: Twist setup complete.
2022-01-12 12:25:09,620 INFO: Searching for rational points on each twist...
2022-01-12 12:25:12,701 INFO: Finished searching for rational points on each twist.
2022-01-12 12:25:12,702 INFO: Testing local solvability of twists...
2022-01-12 12:25:33,883 INFO: Finished local solvability testing.
2022-01-12 12:25:33,885 INFO: Computing elliptic curve a-invariants...
2022-01-12 12:25:39,039 INFO: Finished computation of a-invariants.
2022-01-12 12:25:39,041 INFO: Computing MW group (delta = ['4', '7', '-34', '-68', '-42', '-27'], g = [1, 1])...
2022-01-12 12:25:39,511 INFO: Finished MW computation (delta = ['4', '7', '-34', '-68', '-42', '-27'], g = [1, 1])
2022-01-12 12:25:39,515 INFO: Computing MW group (delta = ['4', '7', '-34', '-68', '-42', '-27'], g = [4, 20, 28, 17, 9])...
2022-01-12 12:30:04,904 INFO: Finished MW computation (delta = ['4', '7', '-34', '-68', '-42', '-27'], g = [4, 20, 28, 17, 9])
2022-01-12 12:30:04,909 INFO: Computing MW group (delta = ['-4', '-19', '-27', '-17', '-9'], g = [1, 1])...
2022-01-12 12:30:05,406 INFO: Finished MW computation (delta = ['-4', '-19', '-27', '-17', '-9'], g = [1, 1])
2022-01-12 12:30:05,409 INFO: Computing MW group (delta = ['-4', '-19', '-27', '-17', '-9'], g = [4, 20, 28, 17, 9])...
2022-01-14 11:32:33,874 INFO: Loaded curve data from file.
2022-01-14 11:32:33,874 INFO: Reducing MW generators...
2022-01-14 11:32:34,165 INFO: Finished reducing MW generators.
2022-01-14 11:32:34,172 INFO: Skipped Chabauty because rank >= degree(g). (delta = ['4', '7', '-34', '-68', '-42', '-27'], g = [1, 1])
2022-01-14 11:32:34,172 INFO: Running elliptic Chabauty (delta = ['4', '7', '-34', '-68', '-42', '-27'], g = [4, 20, 28, 17, 9])...
2022-01-14 11:32:44,822 INFO: Chabauty completed successfully (delta = ['4', '7', '-34', '-68', '-42', '-27'], g = [4, 20, 28, 17, 9]).
2022-01-14 11:32:44,964 INFO: Skipped Chabauty because rank >= degree(g). (delta = ['-4', '-19', '-27', '-17', '-9'], g = [1, 1])
2022-01-14 11:32:44,964 INFO: Skipped Chabauty because MW generators haven't been computed. (delta = ['-4', '-19', '-27', '-17', '-9'], g = [4, 20, 28, 17, 9])
2022-01-14 11:32:44,964 INFO: Skipped Chabauty because no base point (delta = ['-1/2', '-10', '-85/2', '-57', '-34', '-18'])
2022-01-14 11:32:44,964 INFO: Skipped Chabauty because MW generators haven't been computed. (delta = ['-2', '-39/2', '-62', '-76', '-46', '-45/2'], g = [1, 1])
2022-01-14 11:32:44,964 INFO: Skipped Chabauty because MW generators haven't been computed. (delta = ['-2', '-39/2', '-62', '-76', '-46', '-45/2'], g = [4, 20, 28, 17, 9])
2022-01-14 11:32:44,964 INFO: Skipped Chabauty because no base point (delta = ['2', '87/2', '363/2', '242', '291/2', '151/2'])
2022-01-14 11:32:44,965 INFO: Skipped Chabauty because MW generators haven't been computed. (delta = ['1'], g = [1, 1])
2022-01-14 11:32:44,965 INFO: Skipped Chabauty because MW generators haven't been computed. (delta = ['1'], g = [4, 20, 28, 17, 9])
2022-01-14 11:32:44,965 INFO: Skipped Chabauty because no base point (delta = ['1/2', '7/2', '11', '14', '17/2', '9/2'])
2022-01-14 11:32:44,965 INFO: Skipped Chabauty because MW generators haven't been computed. (delta = ['-1', '3', '20', '28', '17', '9'], g = [1, 1])
2022-01-14 11:32:44,965 INFO: Skipped Chabauty because MW generators haven't been computed. (delta = ['-1', '3', '20', '28', '17', '9'], g = [4, 20, 28, 17, 9])
2022-01-14 11:32:45,178 INFO: Tasks complete. Recording data and exiting.
