2022-01-11 12:29:28,048 INFO: Initialized curve data.
2022-01-11 12:29:28,052 INFO: Setting up initial twist data...
2022-01-11 12:29:29,542 INFO: Twist setup complete.
2022-01-11 12:29:29,543 INFO: Searching for rational points on each twist...
2022-01-11 12:29:31,906 INFO: Finished searching for rational points on each twist.
2022-01-11 12:29:31,906 INFO: Testing local solvability of twists...
2022-01-11 12:29:40,161 INFO: Finished local solvability testing.
2022-01-11 12:29:40,162 INFO: Computing elliptic curve a-invariants...
2022-01-11 12:29:52,662 INFO: Finished computation of a-invariants.
2022-01-11 12:29:52,664 INFO: Computing MW group (delta = ['0', '-10', '-1', '-3', '1', '1'], g = [-1, -9, -1, -3, 1, 1])...
2022-01-11 12:32:39,397 INFO: Finished MW computation (delta = ['0', '-10', '-1', '-3', '1', '1'], g = [-1, -9, -1, -3, 1, 1])
2022-01-11 12:32:39,401 INFO: Skipped MW computation because no base point (delta = ['1', '1', '1'])
2022-01-11 12:32:39,401 INFO: Computing MW group (delta = ['1'], g = [-1, -9, -1, -3, 1, 1])...
2022-01-11 12:38:12,470 INFO: Finished MW computation (delta = ['1'], g = [-1, -9, -1, -3, 1, 1])
2022-01-11 12:38:12,473 INFO: Unable to use elliptic Chabauty on twist (delta = ['1'])
2022-01-11 12:38:12,475 INFO: Obstruction found to provably computing rational points. Exiting.
2022-01-13 17:36:50,931 INFO: Loaded curve data from file.
2022-01-13 17:36:50,931 INFO: Obstruction already found. Exiting.
2022-02-12 17:32:01,872 INFO: Loaded curve data from file.
2022-02-12 17:32:01,872 INFO: Computing elliptic Chabauty map... (delta = ['0', '-10', '-1', '-3', '1', '1'], g = [-1, -9, -1, -3, 1, 1])
2022-02-12 17:32:11,381 INFO: Elliptic Chabauty map computed. (delta = ['0', '-10', '-1', '-3', '1', '1'], g = [-1, -9, -1, -3, 1, 1])
2022-02-12 17:32:11,384 INFO: Computing elliptic Chabauty map... (delta = ['1'], g = [-1, -9, -1, -3, 1, 1])
2022-02-12 17:32:20,612 INFO: Elliptic Chabauty map computed. (delta = ['1'], g = [-1, -9, -1, -3, 1, 1])
2022-02-12 17:32:20,615 INFO: Computing elliptic Chabauty map... (delta = ['-2', '-27', '-3', '-10', '3', '3'], g = [-1, -9, -1, -3, 1, 1])
2022-02-12 17:32:30,004 INFO: Elliptic Chabauty map computed. (delta = ['-2', '-27', '-3', '-10', '3', '3'], g = [-1, -9, -1, -3, 1, 1])
2022-02-12 17:32:30,007 INFO: Tasks complete. Recording data and exiting.
