2022-01-01 12:50:40,390 INFO: Initialized curve data.
2022-01-01 12:50:40,395 INFO: Setting up initial twist data...
2022-01-01 12:50:41,631 INFO: Twist setup complete.
2022-01-01 12:50:41,631 INFO: Searching for rational points on each twist...
2022-01-01 12:50:42,878 INFO: Finished searching for rational points on each twist.
2022-01-01 12:50:42,878 INFO: Testing local solvability of twists...
2022-01-01 12:50:52,662 INFO: Finished local solvability testing.
2022-01-01 12:50:52,663 INFO: Computing elliptic curve a-invariants...
2022-01-01 12:51:05,966 INFO: Finished computation of a-invariants.
2022-01-01 12:51:05,968 INFO: Computing MW group (delta = ['-64', '16', '86', '-13', '-24', '-4'], g = [16, -3, -22, 3, 6, 1])...
2022-01-01 12:54:45,562 INFO: Finished MW computation (delta = ['-64', '16', '86', '-13', '-24', '-4'], g = [16, -3, -22, 3, 6, 1])
2022-01-01 12:54:45,564 INFO: Skipped MW computation because no base point (delta = ['-4', '2', '1'])
2022-01-01 12:54:45,564 INFO: Computing MW group (delta = ['16', '-4', '-22', '3', '6', '1'], g = [16, -3, -22, 3, 6, 1])...
2022-01-01 12:57:10,973 INFO: Finished MW computation (delta = ['16', '-4', '-22', '3', '6', '1'], g = [16, -3, -22, 3, 6, 1])
2022-01-01 12:57:10,976 INFO: Computing MW group (delta = ['1'], g = [16, -3, -22, 3, 6, 1])...
2022-01-01 13:34:49,356 INFO: Finished MW computation (delta = ['1'], g = [16, -3, -22, 3, 6, 1])
2022-01-01 13:34:49,361 INFO: Reducing MW generators...
2022-01-01 13:34:53,859 INFO: Finished reducing MW generators.
2022-01-01 13:34:53,861 INFO: Running elliptic Chabauty (delta = ['-64', '16', '86', '-13', '-24', '-4'], g = [16, -3, -22, 3, 6, 1])...
2022-01-01 13:35:12,212 INFO: Chabauty completed successfully (delta = ['-64', '16', '86', '-13', '-24', '-4'], g = [16, -3, -22, 3, 6, 1]).
2022-01-01 13:35:12,215 INFO: Skipped Chabauty because no base point (delta = ['-4', '2', '1'])
2022-01-01 13:35:12,215 INFO: Running elliptic Chabauty (delta = ['16', '-4', '-22', '3', '6', '1'], g = [16, -3, -22, 3, 6, 1])...
2022-01-01 13:35:42,539 INFO: Chabauty completed successfully (delta = ['16', '-4', '-22', '3', '6', '1'], g = [16, -3, -22, 3, 6, 1]).
2022-01-01 13:35:42,541 INFO: Running elliptic Chabauty (delta = ['1'], g = [16, -3, -22, 3, 6, 1])...
2022-01-01 13:36:31,798 INFO: Chabauty completed successfully (delta = ['1'], g = [16, -3, -22, 3, 6, 1]).
2022-01-01 13:36:32,066 INFO: Rational points successfully computed.
2022-01-01 13:36:32,068 INFO: Tasks complete. Recording data and exiting.
2022-01-03 13:14:57,000 INFO: Obsolete "loc_solv_error" keys removed.
2022-01-03 13:14:57,000 INFO: Deleted results of Chabauty computation.
2022-01-10 22:39:01,318 INFO: Loaded curve data from file.
2022-01-10 22:39:01,319 INFO: Running elliptic Chabauty (delta = ['-64', '16', '86', '-13', '-24', '-4'], g = [16, -3, -22, 3, 6, 1])...
2022-01-10 22:39:20,984 INFO: Chabauty completed successfully (delta = ['-64', '16', '86', '-13', '-24', '-4'], g = [16, -3, -22, 3, 6, 1]).
2022-01-10 22:39:20,986 INFO: Skipped Chabauty because no base point (delta = ['-4', '2', '1'])
2022-01-10 22:39:20,986 INFO: Running elliptic Chabauty (delta = ['16', '-4', '-22', '3', '6', '1'], g = [16, -3, -22, 3, 6, 1])...
2022-01-10 22:39:54,172 INFO: Chabauty completed successfully (delta = ['16', '-4', '-22', '3', '6', '1'], g = [16, -3, -22, 3, 6, 1]).
2022-01-10 22:39:54,174 INFO: Running elliptic Chabauty (delta = ['1'], g = [16, -3, -22, 3, 6, 1])...
2022-01-10 22:40:48,736 INFO: Chabauty completed successfully (delta = ['1'], g = [16, -3, -22, 3, 6, 1]).
2022-01-10 22:40:48,994 INFO: Rational points successfully computed.
2022-01-10 22:40:48,996 INFO: Tasks complete. Recording data and exiting.
2022-02-12 17:23:38,482 INFO: Loaded curve data from file.
2022-02-12 17:23:38,482 INFO: Computing elliptic Chabauty map... (delta = ['-64', '16', '86', '-13', '-24', '-4'], g = [16, -3, -22, 3, 6, 1])
2022-02-12 17:23:55,174 INFO: Elliptic Chabauty map computed. (delta = ['-64', '16', '86', '-13', '-24', '-4'], g = [16, -3, -22, 3, 6, 1])
2022-02-12 17:23:55,177 INFO: Computing elliptic Chabauty map... (delta = ['16', '-4', '-22', '3', '6', '1'], g = [16, -3, -22, 3, 6, 1])
2022-02-12 17:24:12,087 INFO: Elliptic Chabauty map computed. (delta = ['16', '-4', '-22', '3', '6', '1'], g = [16, -3, -22, 3, 6, 1])
2022-02-12 17:24:12,090 INFO: Computing elliptic Chabauty map... (delta = ['1'], g = [16, -3, -22, 3, 6, 1])
2022-02-12 17:24:28,899 INFO: Elliptic Chabauty map computed. (delta = ['1'], g = [16, -3, -22, 3, 6, 1])
2022-02-12 17:24:28,902 INFO: Tasks complete. Recording data and exiting.
