2022-01-11 12:31:51,297 INFO: Initialized curve data.
2022-01-11 12:31:51,299 INFO: Setting up initial twist data...
2022-01-11 12:31:52,179 INFO: Twist setup complete.
2022-01-11 12:31:52,179 INFO: Searching for rational points on each twist...
2022-01-11 12:31:54,215 INFO: Finished searching for rational points on each twist.
2022-01-11 12:31:54,215 INFO: Testing local solvability of twists...
2022-01-11 12:32:00,886 INFO: Finished local solvability testing.
2022-01-11 12:32:00,888 INFO: Computing elliptic curve a-invariants...
2022-01-11 12:32:05,622 INFO: Finished computation of a-invariants.
2022-01-11 12:32:05,624 INFO: Skipped MW computation because no base point (delta = ['1', '-1'])
2022-01-11 12:32:05,624 INFO: Computing MW group (delta = ['1'], g = [4, 5, -8, 0, -4, 4])...
2022-01-13 17:36:55,251 INFO: Loaded curve data from file.
2022-01-13 17:36:55,251 INFO: Reducing MW generators...
2022-01-13 17:36:55,251 INFO: Finished reducing MW generators.
2022-01-13 17:36:55,253 INFO: Skipped Chabauty because no base point (delta = ['1', '-1'])
2022-01-13 17:36:55,253 INFO: Skipped Chabauty because MW generators haven't been computed. (delta = ['1'], g = [4, 5, -8, 0, -4, 4])
2022-01-13 17:36:55,253 INFO: Skipped Chabauty because MW generators haven't been computed. (delta = ['4', '4', '-7', '0', '-4', '4'], g = [4, 5, -8, 0, -4, 4])
2022-01-13 17:36:55,253 INFO: Skipped Chabauty because MW generators haven't been computed. (delta = ['4', '4', '-6', '-1', '-4', '4'], g = [4, 5, -8, 0, -4, 4])
2022-01-13 17:36:55,336 INFO: Tasks complete. Recording data and exiting.
2022-02-12 17:32:51,268 INFO: Loaded curve data from file.
2022-02-12 17:32:51,268 INFO: Computing elliptic Chabauty map... (delta = ['1'], g = [4, 5, -8, 0, -4, 4])
2022-02-12 17:33:02,040 INFO: Elliptic Chabauty map computed. (delta = ['1'], g = [4, 5, -8, 0, -4, 4])
2022-02-12 17:33:02,043 INFO: Computing elliptic Chabauty map... (delta = ['4', '4', '-7', '0', '-4', '4'], g = [4, 5, -8, 0, -4, 4])
2022-02-12 17:33:12,749 INFO: Elliptic Chabauty map computed. (delta = ['4', '4', '-7', '0', '-4', '4'], g = [4, 5, -8, 0, -4, 4])
2022-02-12 17:33:12,751 INFO: Computing elliptic Chabauty map... (delta = ['4', '4', '-6', '-1', '-4', '4'], g = [4, 5, -8, 0, -4, 4])
2022-02-12 17:33:23,393 INFO: Elliptic Chabauty map computed. (delta = ['4', '4', '-6', '-1', '-4', '4'], g = [4, 5, -8, 0, -4, 4])
2022-02-12 17:33:23,396 INFO: Tasks complete. Recording data and exiting.
