2022-01-11 15:41:17,543 INFO: Initialized curve data.
2022-01-11 15:41:17,545 INFO: Setting up initial twist data...
2022-01-11 15:41:18,595 INFO: Twist setup complete.
2022-01-11 15:41:18,595 INFO: Searching for rational points on each twist...
2022-01-11 15:41:19,981 INFO: Finished searching for rational points on each twist.
2022-01-11 15:41:19,981 INFO: Testing local solvability of twists...
2022-01-11 15:41:19,987 INFO: Finished local solvability testing.
2022-01-11 15:41:19,988 INFO: Computing elliptic curve a-invariants...
2022-01-11 15:41:33,799 INFO: Finished computation of a-invariants.
2022-01-11 15:41:33,801 INFO: Computing MW group (delta = ['1', '-1'], g = [12, -12, 12, 0, -4, 1])...
2022-01-11 15:42:29,210 INFO: Finished MW computation (delta = ['1', '-1'], g = [12, -12, 12, 0, -4, 1])
2022-01-11 15:42:29,215 INFO: Computing MW group (delta = ['12', '-13', '12', '0', '-4', '1'], g = [12, -12, 12, 0, -4, 1])...
2022-01-14 09:07:57,874 INFO: Loaded curve data from file.
2022-01-14 09:07:57,874 INFO: Reducing MW generators...
2022-01-14 09:07:58,310 INFO: Finished reducing MW generators.
2022-01-14 09:07:58,312 INFO: Running elliptic Chabauty (delta = ['1', '-1'], g = [12, -12, 12, 0, -4, 1])...
2022-01-14 09:08:11,090 INFO: Chabauty completed successfully (delta = ['1', '-1'], g = [12, -12, 12, 0, -4, 1]).
2022-01-14 09:08:11,091 INFO: Skipped Chabauty because MW generators haven't been computed. (delta = ['12', '-13', '12', '0', '-4', '1'], g = [12, -12, 12, 0, -4, 1])
2022-01-14 09:08:11,091 INFO: Skipped Chabauty because MW generators haven't been computed. (delta = ['1'], g = [12, -12, 12, 0, -4, 1])
2022-01-14 09:08:11,091 INFO: Skipped Chabauty because MW generators haven't been computed. (delta = ['12', '-13', '13', '0', '-4', '1'], g = [12, -12, 12, 0, -4, 1])
2022-01-14 09:08:11,122 INFO: Tasks complete. Recording data and exiting.
