2022-01-11 12:29:17,105 INFO: Initialized curve data.
2022-01-11 12:29:17,108 INFO: Setting up initial twist data...
2022-01-11 12:29:18,118 INFO: Twist setup complete.
2022-01-11 12:29:18,119 INFO: Searching for rational points on each twist...
2022-01-11 12:29:22,169 INFO: Finished searching for rational points on each twist.
2022-01-11 12:29:22,169 INFO: Testing local solvability of twists...
2022-01-11 12:29:29,698 INFO: Finished local solvability testing.
2022-01-11 12:29:29,699 INFO: Computing elliptic curve a-invariants...
2022-01-11 12:29:33,925 INFO: Finished computation of a-invariants.
2022-01-11 12:29:33,927 INFO: Skipped MW computation because no base point (delta = ['0', '-1'])
2022-01-11 12:29:33,927 INFO: Computing MW group (delta = ['0', '2', '-9', '-9', '-1'], g = [-1, 3, 1])...
2022-01-11 12:29:36,213 INFO: Finished MW computation (delta = ['0', '2', '-9', '-9', '-1'], g = [-1, 3, 1])
2022-01-11 12:29:36,215 INFO: Computing MW group (delta = ['0', '2', '-9', '-9', '-1'], g = [-1, 2, 8, 1])...
2022-01-11 12:29:45,033 INFO: Finished MW computation (delta = ['0', '2', '-9', '-9', '-1'], g = [-1, 2, 8, 1])
2022-01-11 12:29:45,039 INFO: Skipped MW computation because no base point (delta = ['-1/2', '-1'])
2022-01-11 12:29:45,039 INFO: Computing MW group (delta = ['1'], g = [-1, 3, 1])...
2022-01-11 12:29:45,917 INFO: Finished MW computation (delta = ['1'], g = [-1, 3, 1])
2022-01-11 12:29:45,920 INFO: Computing MW group (delta = ['1'], g = [-1, 2, 8, 1])...
2022-01-11 12:29:57,516 INFO: Finished MW computation (delta = ['1'], g = [-1, 2, 8, 1])
2022-01-11 12:29:57,520 INFO: Computing MW group (delta = ['0', '-1', '5/2', '27/2', '19/2', '1'], g = [-1, 3, 1])...
2022-01-11 12:29:58,797 INFO: Finished MW computation (delta = ['0', '-1', '5/2', '27/2', '19/2', '1'], g = [-1, 3, 1])
2022-01-11 12:29:58,800 INFO: Computing MW group (delta = ['0', '-1', '5/2', '27/2', '19/2', '1'], g = [-1, 2, 8, 1])...
2022-01-11 12:30:03,877 INFO: Finished MW computation (delta = ['0', '-1', '5/2', '27/2', '19/2', '1'], g = [-1, 2, 8, 1])
2022-01-11 12:30:03,880 INFO: Computing MW group (delta = ['1', '-4', '-7', '39/2', '45/2', '5/2'], g = [-1, 3, 1])...
2022-01-11 12:30:05,916 INFO: Finished MW computation (delta = ['1', '-4', '-7', '39/2', '45/2', '5/2'], g = [-1, 3, 1])
2022-01-11 12:30:05,919 INFO: Computing MW group (delta = ['1', '-4', '-7', '39/2', '45/2', '5/2'], g = [-1, 2, 8, 1])...
2022-01-11 12:30:13,790 INFO: Finished MW computation (delta = ['1', '-4', '-7', '39/2', '45/2', '5/2'], g = [-1, 2, 8, 1])
2022-01-11 12:30:13,794 INFO: Unable to use elliptic Chabauty on twist (delta = ['1', '-4', '-7', '39/2', '45/2', '5/2'])
2022-01-11 12:30:13,797 INFO: Obstruction found to provably computing rational points. Exiting.
