2022-01-11 15:29:25,680 INFO: Initialized curve data.
2022-01-11 15:29:25,690 INFO: Setting up initial twist data...
2022-01-11 15:29:27,190 INFO: Twist setup complete.
2022-01-11 15:29:27,190 INFO: Searching for rational points on each twist...
2022-01-11 15:29:30,570 INFO: Finished searching for rational points on each twist.
2022-01-11 15:29:30,571 INFO: Testing local solvability of twists...
2022-01-11 15:29:43,656 INFO: Finished local solvability testing.
2022-01-11 15:29:43,658 INFO: Computing elliptic curve a-invariants...
2022-01-11 15:29:55,908 INFO: Finished computation of a-invariants.
2022-01-11 15:29:55,910 INFO: Skipped MW computation because no base point (delta = ['1', '0', '1'])
2022-01-11 15:29:55,910 INFO: Computing MW group (delta = ['16', '-12', '49', '-25', '33', '3'], g = [4, -3, 12, -6, 8, 1])...
2022-01-11 15:30:46,113 INFO: Finished MW computation (delta = ['16', '-12', '49', '-25', '33', '3'], g = [4, -3, 12, -6, 8, 1])
2022-01-11 15:30:46,116 INFO: Computing MW group (delta = ['4', '-4', '12', '-6', '8', '1'], g = [4, -3, 12, -6, 8, 1])...
2022-01-11 15:31:38,097 INFO: Finished MW computation (delta = ['4', '-4', '12', '-6', '8', '1'], g = [4, -3, 12, -6, 8, 1])
2022-01-11 15:31:38,099 INFO: Skipped MW computation because no base point (delta = ['16', '-12', '49', '-25', '32', '4'])
2022-01-11 15:31:38,099 INFO: Computing MW group (delta = ['1'], g = [4, -3, 12, -6, 8, 1])...
2022-01-11 15:32:07,457 INFO: Finished MW computation (delta = ['1'], g = [4, -3, 12, -6, 8, 1])
2022-01-11 15:32:07,461 INFO: Computing MW group (delta = ['4', '-4', '13', '-7', '9', '1'], g = [4, -3, 12, -6, 8, 1])...
2022-01-11 15:32:42,986 INFO: Finished MW computation (delta = ['4', '-4', '13', '-7', '9', '1'], g = [4, -3, 12, -6, 8, 1])
2022-01-11 15:32:42,989 INFO: Computing MW group (delta = ['4', '-4', '13', '-6', '8', '1'], g = [4, -3, 12, -6, 8, 1])...
2022-01-11 15:33:22,267 INFO: Finished MW computation (delta = ['4', '-4', '13', '-6', '8', '1'], g = [4, -3, 12, -6, 8, 1])
2022-01-11 15:33:22,277 INFO: Skipped MW computation because no base point (delta = ['4', '-4', '12', '-7', '8', '1'])
2022-01-11 15:33:22,279 INFO: Reducing MW generators...
2022-01-11 15:33:27,520 INFO: Finished reducing MW generators.
2022-01-11 15:33:27,522 INFO: Tasks complete. Recording data and exiting.
2022-01-14 09:08:16,845 INFO: Loaded curve data from file.
2022-01-14 09:08:16,846 INFO: Skipped Chabauty because no base point (delta = ['1', '0', '1'])
2022-01-14 09:08:16,846 INFO: Running elliptic Chabauty (delta = ['16', '-12', '49', '-25', '33', '3'], g = [4, -3, 12, -6, 8, 1])...
2022-01-14 09:08:34,976 INFO: Chabauty completed successfully (delta = ['16', '-12', '49', '-25', '33', '3'], g = [4, -3, 12, -6, 8, 1]).
2022-01-14 09:08:34,980 INFO: Running elliptic Chabauty (delta = ['4', '-4', '12', '-6', '8', '1'], g = [4, -3, 12, -6, 8, 1])...
2022-01-14 09:08:50,772 INFO: Chabauty completed successfully (delta = ['4', '-4', '12', '-6', '8', '1'], g = [4, -3, 12, -6, 8, 1]).
2022-01-14 09:08:50,775 INFO: Skipped Chabauty because no base point (delta = ['16', '-12', '49', '-25', '32', '4'])
2022-01-14 09:08:50,776 INFO: Running elliptic Chabauty (delta = ['1'], g = [4, -3, 12, -6, 8, 1])...
2022-01-14 09:09:06,356 INFO: Chabauty completed successfully (delta = ['1'], g = [4, -3, 12, -6, 8, 1]).
2022-01-14 09:09:06,360 INFO: Running elliptic Chabauty (delta = ['4', '-4', '13', '-7', '9', '1'], g = [4, -3, 12, -6, 8, 1])...
2022-01-14 09:09:20,896 INFO: Chabauty completed successfully (delta = ['4', '-4', '13', '-7', '9', '1'], g = [4, -3, 12, -6, 8, 1]).
2022-01-14 09:09:20,899 INFO: Running elliptic Chabauty (delta = ['4', '-4', '13', '-6', '8', '1'], g = [4, -3, 12, -6, 8, 1])...
2022-01-14 09:09:34,269 INFO: Chabauty completed successfully (delta = ['4', '-4', '13', '-6', '8', '1'], g = [4, -3, 12, -6, 8, 1]).
2022-01-14 09:09:34,273 INFO: Skipped Chabauty because no base point (delta = ['4', '-4', '12', '-7', '8', '1'])
2022-01-14 09:09:34,752 INFO: Rational points successfully computed.
2022-01-14 09:09:34,757 INFO: Tasks complete. Recording data and exiting.
