2022-01-13 21:54:59,719 INFO: Initialized curve data.
2022-01-13 21:54:59,722 INFO: Setting up initial twist data...
2022-01-13 21:55:00,518 INFO: Twist setup complete.
2022-01-13 21:55:00,518 INFO: Searching for rational points on each twist...
2022-01-13 21:55:01,708 INFO: Finished searching for rational points on each twist.
2022-01-13 21:55:01,708 INFO: Testing local solvability of twists...
2022-01-13 21:55:10,563 INFO: Finished local solvability testing.
2022-01-13 21:55:10,565 INFO: Computing elliptic curve a-invariants...
2022-01-13 21:55:15,823 INFO: Finished computation of a-invariants.
2022-01-13 21:55:15,825 INFO: Computing MW group (delta = ['-1', '-1', '1'], g = [-4, -7, -8, 6, 0, 1])...
2022-01-14 11:35:40,172 INFO: Loaded curve data from file.
2022-01-14 11:35:40,172 INFO: Reducing MW generators...
2022-01-14 11:35:40,172 INFO: Finished reducing MW generators.
2022-01-14 11:35:40,175 INFO: Skipped Chabauty because MW generators haven't been computed. (delta = ['-1', '-1', '1'], g = [-4, -7, -8, 6, 0, 1])
2022-01-14 11:35:40,175 INFO: Skipped Chabauty because MW generators haven't been computed. (delta = ['1'], g = [-4, -7, -8, 6, 0, 1])
2022-01-14 11:35:40,175 INFO: Skipped Chabauty because no base point (delta = ['4', '8', '9', '-7', '0', '-1'])
2022-01-14 11:35:40,175 INFO: Skipped Chabauty because MW generators haven't been computed. (delta = ['-4', '-8', '-8', '6', '0', '1'], g = [-4, -7, -8, 6, 0, 1])
2022-01-14 11:35:40,248 INFO: Tasks complete. Recording data and exiting.
2022-02-12 17:11:23,692 INFO: Loaded curve data from file.
2022-02-12 17:11:23,693 INFO: Computing elliptic Chabauty map... (delta = ['-1', '-1', '1'], g = [-4, -7, -8, 6, 0, 1])
2022-02-12 17:11:32,425 INFO: Elliptic Chabauty map computed. (delta = ['-1', '-1', '1'], g = [-4, -7, -8, 6, 0, 1])
2022-02-12 17:11:32,427 INFO: Computing elliptic Chabauty map... (delta = ['1'], g = [-4, -7, -8, 6, 0, 1])
2022-02-12 17:11:40,892 INFO: Elliptic Chabauty map computed. (delta = ['1'], g = [-4, -7, -8, 6, 0, 1])
2022-02-12 17:11:40,894 INFO: Computing elliptic Chabauty map... (delta = ['-4', '-8', '-8', '6', '0', '1'], g = [-4, -7, -8, 6, 0, 1])
2022-02-12 17:11:49,144 INFO: Elliptic Chabauty map computed. (delta = ['-4', '-8', '-8', '6', '0', '1'], g = [-4, -7, -8, 6, 0, 1])
2022-02-12 17:11:49,146 INFO: Tasks complete. Recording data and exiting.
