2022-01-12 09:25:53,848 INFO: Initialized curve data.
2022-01-12 09:25:53,851 INFO: Setting up initial twist data...
2022-01-12 09:25:55,253 INFO: Twist setup complete.
2022-01-12 09:25:55,254 INFO: Searching for rational points on each twist...
2022-01-12 09:25:57,930 INFO: Finished searching for rational points on each twist.
2022-01-12 09:25:57,930 INFO: Testing local solvability of twists...
2022-01-12 09:25:57,936 INFO: Finished local solvability testing.
2022-01-12 09:25:57,938 INFO: Computing elliptic curve a-invariants...
2022-01-12 09:26:07,114 INFO: Finished computation of a-invariants.
2022-01-12 09:26:07,115 INFO: Computing MW group (delta = ['0', '0', '0', '-4', '8', '4'], g = [1, 1, 0, -4, 8, 4])...
2022-01-12 09:34:25,833 INFO: Finished MW computation (delta = ['0', '0', '0', '-4', '8', '4'], g = [1, 1, 0, -4, 8, 4])
2022-01-12 09:34:25,836 INFO: Computing MW group (delta = ['8', '7', '-2', '-33', '64', '32'], g = [1, 1, 0, -4, 8, 4])...
2022-01-12 09:38:37,846 INFO: Finished MW computation (delta = ['8', '7', '-2', '-33', '64', '32'], g = [1, 1, 0, -4, 8, 4])
2022-01-12 09:38:37,849 INFO: Computing MW group (delta = ['1', '2', '1', '-4', '8', '4'], g = [1, 1, 0, -4, 8, 4])...
2022-01-12 09:47:00,065 INFO: Finished MW computation (delta = ['1', '2', '1', '-4', '8', '4'], g = [1, 1, 0, -4, 8, 4])
2022-01-12 09:47:00,068 INFO: Computing MW group (delta = ['1'], g = [1, 1, 0, -4, 8, 4])...
2022-01-12 09:51:49,009 INFO: Finished MW computation (delta = ['1'], g = [1, 1, 0, -4, 8, 4])
2022-01-12 09:51:49,014 INFO: Reducing MW generators...
2022-01-12 09:51:54,210 INFO: Finished reducing MW generators.
2022-01-12 09:51:54,213 INFO: Tasks complete. Recording data and exiting.
