2022-02-01 12:33:51,460 INFO: Initialized curve data.
2022-02-01 12:33:51,463 INFO: Setting up initial twist data...
2022-02-01 12:33:52,901 INFO: Twist setup complete.
2022-02-01 12:33:52,901 INFO: Searching for rational points on each twist...
2022-02-01 12:33:54,799 INFO: Finished searching for rational points on each twist.
2022-02-01 12:33:54,799 INFO: Testing local solvability of twists...
2022-02-01 12:33:54,806 INFO: Finished local solvability testing.
2022-02-01 12:33:54,807 INFO: Computing elliptic curve a-invariants...
2022-02-01 12:34:10,203 INFO: Finished computation of a-invariants.
2022-02-01 12:34:10,205 INFO: Computing MW group (delta = ['4', '-16', '0', '22', '12', '1'], g = [4, -15, 0, 22, 12, 1])...
2022-02-01 12:35:11,946 INFO: Finished MW computation (delta = ['4', '-16', '0', '22', '12', '1'], g = [4, -15, 0, 22, 12, 1])
2022-02-01 12:35:11,950 INFO: Computing MW group (delta = ['1'], g = [4, -15, 0, 22, 12, 1])...
2022-02-01 12:39:11,965 INFO: Finished MW computation (delta = ['1'], g = [4, -15, 0, 22, 12, 1])
2022-02-01 12:39:11,968 INFO: Computing MW group (delta = ['1/2', '-1'], g = [4, -15, 0, 22, 12, 1])...
2022-02-01 12:41:17,555 INFO: Finished MW computation (delta = ['1/2', '-1'], g = [4, -15, 0, 22, 12, 1])
2022-02-01 12:41:17,557 INFO: Computing MW group (delta = ['2', '-8', '1', '11', '6', '1/2'], g = [4, -15, 0, 22, 12, 1])...
2022-02-01 12:43:06,297 INFO: Finished MW computation (delta = ['2', '-8', '1', '11', '6', '1/2'], g = [4, -15, 0, 22, 12, 1])
2022-02-01 12:43:06,302 INFO: Reducing MW generators...
2022-02-01 12:43:08,572 INFO: Finished reducing MW generators.
2022-02-01 12:43:08,574 INFO: Tasks complete. Recording data and exiting.
