2022-01-12 12:31:12,858 INFO: Initialized curve data.
2022-01-12 12:31:12,862 INFO: Setting up initial twist data...
2022-01-12 12:31:14,178 INFO: Twist setup complete.
2022-01-12 12:31:14,178 INFO: Searching for rational points on each twist...
2022-01-12 12:31:16,065 INFO: Finished searching for rational points on each twist.
2022-01-12 12:31:16,065 INFO: Testing local solvability of twists...
2022-01-12 12:31:16,071 INFO: Finished local solvability testing.
2022-01-12 12:31:16,072 INFO: Computing elliptic curve a-invariants...
2022-01-12 12:31:29,484 INFO: Finished computation of a-invariants.
2022-01-12 12:31:29,486 INFO: Computing MW group (delta = ['4', '12', '-1', '-10', '19', '21'], g = [4, 13, 2, -9, 18, 21])...
2022-01-12 12:33:56,096 INFO: Finished MW computation (delta = ['4', '12', '-1', '-10', '19', '21'], g = [4, 13, 2, -9, 18, 21])
2022-01-12 12:33:56,098 INFO: Computing MW group (delta = ['-4', '-12', '-1', '9', '-18', '-21'], g = [4, 13, 2, -9, 18, 21])...
2022-01-14 11:32:42,155 INFO: Loaded curve data from file.
2022-01-14 11:32:42,155 INFO: Reducing MW generators...
2022-01-14 11:32:42,186 INFO: Finished reducing MW generators.
2022-01-14 11:32:42,188 INFO: Skipped Chabauty because MW group hasn't been provably computed. (delta = ['4', '12', '-1', '-10', '19', '21'], g = [4, 13, 2, -9, 18, 21])
2022-01-14 11:32:42,188 INFO: Skipped Chabauty because MW generators haven't been computed. (delta = ['-4', '-12', '-1', '9', '-18', '-21'], g = [4, 13, 2, -9, 18, 21])
2022-01-14 11:32:42,188 INFO: Skipped Chabauty because MW generators haven't been computed. (delta = ['1'], g = [4, 13, 2, -9, 18, 21])
2022-01-14 11:32:42,188 INFO: Skipped Chabauty because MW generators haven't been computed. (delta = ['-1', '-2', '1'], g = [4, 13, 2, -9, 18, 21])
2022-01-14 11:32:42,190 INFO: Tasks complete. Recording data and exiting.
