2022-02-01 12:30:14,291 INFO: Initialized curve data.
2022-02-01 12:30:14,295 INFO: Setting up initial twist data...
2022-02-01 12:30:15,633 INFO: Twist setup complete.
2022-02-01 12:30:15,634 INFO: Searching for rational points on each twist...
2022-02-01 12:30:18,893 INFO: Finished searching for rational points on each twist.
2022-02-01 12:30:18,893 INFO: Testing local solvability of twists...
2022-02-01 12:30:18,909 INFO: Finished local solvability testing.
2022-02-01 12:30:18,911 INFO: Computing elliptic curve a-invariants...
2022-02-01 12:30:30,512 INFO: Finished computation of a-invariants.
2022-02-01 12:30:30,515 INFO: Computing MW group (delta = ['4', '-5', '22', '-33', '12', '1'], g = [4, -4, 20, -32, 12, 1])...
2022-02-01 12:35:17,951 INFO: Finished MW computation (delta = ['4', '-5', '22', '-33', '12', '1'], g = [4, -4, 20, -32, 12, 1])
2022-02-01 12:35:17,955 INFO: Computing MW group (delta = ['4', '-5', '21', '-32', '12', '1'], g = [4, -4, 20, -32, 12, 1])...
2022-02-01 12:38:02,777 INFO: Finished MW computation (delta = ['4', '-5', '21', '-32', '12', '1'], g = [4, -4, 20, -32, 12, 1])
2022-02-01 12:38:02,780 INFO: Computing MW group (delta = ['1', '-1'], g = [4, -4, 20, -32, 12, 1])...
2022-02-01 12:39:29,106 INFO: Finished MW computation (delta = ['1', '-1'], g = [4, -4, 20, -32, 12, 1])
2022-02-01 12:39:29,109 INFO: Computing MW group (delta = ['1'], g = [4, -4, 20, -32, 12, 1])...
2022-02-01 12:40:33,033 INFO: Finished MW computation (delta = ['1'], g = [4, -4, 20, -32, 12, 1])
2022-02-01 12:40:33,039 INFO: Reducing MW generators...
2022-02-01 12:40:34,945 INFO: Finished reducing MW generators.
2022-02-01 12:40:34,947 INFO: Tasks complete. Recording data and exiting.
