2022-01-14 12:17:21,668 INFO: Initialized curve data.
2022-01-14 12:17:21,672 INFO: Setting up initial twist data...
2022-01-14 12:17:23,115 INFO: Twist setup complete.
2022-01-14 12:17:23,115 INFO: Searching for rational points on each twist...
2022-01-14 12:17:25,301 INFO: Finished searching for rational points on each twist.
2022-01-14 12:17:25,302 INFO: Testing local solvability of twists...
2022-01-14 12:17:29,358 INFO: Finished local solvability testing.
2022-01-14 12:17:29,361 INFO: Computing elliptic curve a-invariants...
2022-01-14 12:17:39,881 INFO: Finished computation of a-invariants.
2022-01-14 12:17:39,884 INFO: Computing MW group (delta = ['-4', '4', '14', '3', '2', '1'], g = [-4, 5, 14, 3, 2, 1])...
2022-01-14 12:25:47,064 INFO: Finished MW computation (delta = ['-4', '4', '14', '3', '2', '1'], g = [-4, 5, 14, 3, 2, 1])
2022-01-14 12:25:47,068 INFO: Unable to use elliptic Chabauty on twist (delta = ['-4', '4', '14', '3', '2', '1'])
2022-01-14 12:25:47,070 INFO: Obstruction found to provably computing rational points. Exiting.
2022-01-14 15:52:26,459 INFO: Loaded curve data from file.
2022-01-14 15:52:26,459 INFO: Obstruction already found. Exiting.
2022-02-12 16:43:46,932 INFO: Loaded curve data from file.
2022-02-12 16:43:46,932 INFO: Computing elliptic Chabauty map... (delta = ['-4', '4', '14', '3', '2', '1'], g = [-4, 5, 14, 3, 2, 1])
2022-02-12 16:44:01,976 INFO: Elliptic Chabauty map computed. (delta = ['-4', '4', '14', '3', '2', '1'], g = [-4, 5, 14, 3, 2, 1])
2022-02-12 16:44:01,978 INFO: Computing elliptic Chabauty map... (delta = ['1'], g = [-4, 5, 14, 3, 2, 1])
2022-02-12 16:44:16,636 INFO: Elliptic Chabauty map computed. (delta = ['1'], g = [-4, 5, 14, 3, 2, 1])
2022-02-12 16:44:16,638 INFO: Computing elliptic Chabauty map... (delta = ['1', '3', '1'], g = [-4, 5, 14, 3, 2, 1])
2022-02-12 16:44:31,465 INFO: Elliptic Chabauty map computed. (delta = ['1', '3', '1'], g = [-4, 5, 14, 3, 2, 1])
2022-02-12 16:44:31,468 INFO: Tasks complete. Recording data and exiting.
