2022-01-13 21:55:00,522 INFO: Initialized curve data.
2022-01-13 21:55:00,525 INFO: Setting up initial twist data...
2022-01-13 21:55:01,402 INFO: Twist setup complete.
2022-01-13 21:55:01,402 INFO: Searching for rational points on each twist...
2022-01-13 21:55:02,665 INFO: Finished searching for rational points on each twist.
2022-01-13 21:55:02,665 INFO: Testing local solvability of twists...
2022-01-13 21:55:13,113 INFO: Finished local solvability testing.
2022-01-13 21:55:13,115 INFO: Computing elliptic curve a-invariants...
2022-01-13 21:55:32,198 INFO: Finished computation of a-invariants.
2022-01-13 21:55:32,199 INFO: Skipped MW computation because no base point (delta = ['-1', '0', '1'])
2022-01-13 21:55:32,199 INFO: Computing MW group (delta = ['4', '-12', '-5', '23', '2', '-11'], g = [-4, 11, 6, -23, -2, 11])...
2022-01-13 21:57:51,688 INFO: Finished MW computation (delta = ['4', '-12', '-5', '23', '2', '-11'], g = [-4, 11, 6, -23, -2, 11])
2022-01-13 21:57:51,691 INFO: Computing MW group (delta = ['1'], g = [-4, 11, 6, -23, -2, 11])...
2022-01-13 22:01:38,029 INFO: Finished MW computation (delta = ['1'], g = [-4, 11, 6, -23, -2, 11])
2022-01-13 22:01:38,032 INFO: Computing MW group (delta = ['-4', '12', '5', '-24', '-1', '11'], g = [-4, 11, 6, -23, -2, 11])...
2022-01-13 22:02:05,719 INFO: Finished MW computation (delta = ['-4', '12', '5', '-24', '-1', '11'], g = [-4, 11, 6, -23, -2, 11])
2022-01-13 22:02:05,724 INFO: Reducing MW generators...
2022-01-13 22:02:07,422 INFO: Finished reducing MW generators.
2022-01-13 22:02:07,425 INFO: Tasks complete. Recording data and exiting.
2022-01-14 11:35:42,343 INFO: Loaded curve data from file.
2022-01-14 11:35:42,343 INFO: Skipped Chabauty because no base point (delta = ['-1', '0', '1'])
2022-01-14 11:35:42,344 INFO: Running elliptic Chabauty (delta = ['4', '-12', '-5', '23', '2', '-11'], g = [-4, 11, 6, -23, -2, 11])...
2022-01-14 11:36:08,334 INFO: Chabauty completed successfully (delta = ['4', '-12', '-5', '23', '2', '-11'], g = [-4, 11, 6, -23, -2, 11]).
2022-01-14 11:36:08,339 INFO: Skipped Chabauty because MW group hasn't been provably computed. (delta = ['1'], g = [-4, 11, 6, -23, -2, 11])
2022-01-14 11:36:08,339 INFO: Running elliptic Chabauty (delta = ['-4', '12', '5', '-24', '-1', '11'], g = [-4, 11, 6, -23, -2, 11])...
2022-01-14 11:36:35,003 INFO: Chabauty completed successfully (delta = ['-4', '12', '5', '-24', '-1', '11'], g = [-4, 11, 6, -23, -2, 11]).
2022-01-14 11:36:35,159 INFO: Tasks complete. Recording data and exiting.
