2022-01-12 09:25:30,797 INFO: Initialized curve data.
2022-01-12 09:25:30,800 INFO: Setting up initial twist data...
2022-01-12 09:25:31,637 INFO: Twist setup complete.
2022-01-12 09:25:31,637 INFO: Searching for rational points on each twist...
2022-01-12 09:25:33,199 INFO: Finished searching for rational points on each twist.
2022-01-12 09:25:33,200 INFO: Testing local solvability of twists...
2022-01-12 09:25:33,205 INFO: Finished local solvability testing.
2022-01-12 09:25:33,206 INFO: Computing elliptic curve a-invariants...
2022-01-12 09:25:48,131 INFO: Finished computation of a-invariants.
2022-01-12 09:25:48,133 INFO: Computing MW group (delta = ['-7', '22', '-13', '-14', '14', '2'], g = [-3, 11, -7, -7, 7, 1])...
2022-01-12 09:27:32,984 INFO: Finished MW computation (delta = ['-7', '22', '-13', '-14', '14', '2'], g = [-3, 11, -7, -7, 7, 1])
2022-01-12 09:27:32,988 INFO: Computing MW group (delta = ['49', '-175', '111', '111', '-112', '-16'], g = [-3, 11, -7, -7, 7, 1])...
2022-01-12 09:28:00,628 INFO: Finished MW computation (delta = ['49', '-175', '111', '111', '-112', '-16'], g = [-3, 11, -7, -7, 7, 1])
2022-01-12 09:28:00,631 INFO: Computing MW group (delta = ['1'], g = [-3, 11, -7, -7, 7, 1])...
2022-01-12 09:29:30,267 INFO: Finished MW computation (delta = ['1'], g = [-3, 11, -7, -7, 7, 1])
2022-01-12 09:29:30,270 INFO: Computing MW group (delta = ['-4', '10', '-7', '-7', '7', '1'], g = [-3, 11, -7, -7, 7, 1])...
2022-01-12 09:31:04,291 INFO: Finished MW computation (delta = ['-4', '10', '-7', '-7', '7', '1'], g = [-3, 11, -7, -7, 7, 1])
2022-01-12 09:31:04,299 INFO: Reducing MW generators...
2022-01-12 09:31:06,491 INFO: Finished reducing MW generators.
2022-01-12 09:31:06,494 INFO: Tasks complete. Recording data and exiting.
