2022-02-01 12:30:08,678 INFO: Initialized curve data.
2022-02-01 12:30:08,687 INFO: Setting up initial twist data...
2022-02-01 12:30:09,922 INFO: Twist setup complete.
2022-02-01 12:30:09,922 INFO: Searching for rational points on each twist...
2022-02-01 12:30:11,596 INFO: Finished searching for rational points on each twist.
2022-02-01 12:30:11,596 INFO: Testing local solvability of twists...
2022-02-01 12:30:22,155 INFO: Finished local solvability testing.
2022-02-01 12:30:22,159 INFO: Computing elliptic curve a-invariants...
2022-02-01 12:30:32,458 INFO: Finished computation of a-invariants.
2022-02-01 12:30:32,461 INFO: Computing MW group (delta = ['-1/5', '93/20', '-11/10', '-8/5', '-2/5', '-1/20'], g = [4, -92, -40, 12, 8, 1])...
2022-02-01 12:32:42,408 INFO: Finished MW computation (delta = ['-1/5', '93/20', '-11/10', '-8/5', '-2/5', '-1/20'], g = [4, -92, -40, 12, 8, 1])
2022-02-01 12:32:42,413 INFO: Computing MW group (delta = ['4', '-93', '-40', '12', '8', '1'], g = [4, -92, -40, 12, 8, 1])...
2022-02-01 13:49:08,834 INFO: Finished MW computation (delta = ['4', '-93', '-40', '12', '8', '1'], g = [4, -92, -40, 12, 8, 1])
2022-02-01 13:49:08,842 INFO: Computing MW group (delta = ['1'], g = [4, -92, -40, 12, 8, 1])...
2022-02-01 14:11:40,462 INFO: Finished MW computation (delta = ['1'], g = [4, -92, -40, 12, 8, 1])
2022-02-01 14:11:40,465 INFO: Skipped MW computation because no base point (delta = ['-1/20', '31/10', '1'])
2022-02-01 14:11:40,467 INFO: Reducing MW generators...
2022-02-01 14:11:43,049 INFO: Finished reducing MW generators.
2022-02-01 14:11:43,051 INFO: Tasks complete. Recording data and exiting.
2022-02-02 04:42:33,429 INFO: Loaded curve data from file.
2022-02-02 04:42:33,429 INFO: Skipped Chabauty because MW group hasn't been provably computed. (delta = ['-1/5', '93/20', '-11/10', '-8/5', '-2/5', '-1/20'], g = [4, -92, -40, 12, 8, 1])
2022-02-02 04:42:33,429 INFO: Skipped Chabauty because MW group hasn't been provably computed. (delta = ['4', '-93', '-40', '12', '8', '1'], g = [4, -92, -40, 12, 8, 1])
2022-02-02 04:42:33,429 INFO: Skipped Chabauty because MW group hasn't been provably computed. (delta = ['1'], g = [4, -92, -40, 12, 8, 1])
2022-02-02 04:42:33,429 INFO: Skipped Chabauty because no base point (delta = ['-1/20', '31/10', '1'])
2022-02-02 04:42:33,487 INFO: Tasks complete. Recording data and exiting.
2022-02-12 17:21:29,796 INFO: Loaded curve data from file.
2022-02-12 17:21:29,797 INFO: Computing elliptic Chabauty map... (delta = ['-1/5', '93/20', '-11/10', '-8/5', '-2/5', '-1/20'], g = [4, -92, -40, 12, 8, 1])
2022-02-12 17:21:46,340 INFO: Elliptic Chabauty map computed. (delta = ['-1/5', '93/20', '-11/10', '-8/5', '-2/5', '-1/20'], g = [4, -92, -40, 12, 8, 1])
2022-02-12 17:21:46,342 INFO: Computing elliptic Chabauty map... (delta = ['4', '-93', '-40', '12', '8', '1'], g = [4, -92, -40, 12, 8, 1])
2022-02-12 17:22:02,434 INFO: Elliptic Chabauty map computed. (delta = ['4', '-93', '-40', '12', '8', '1'], g = [4, -92, -40, 12, 8, 1])
2022-02-12 17:22:02,436 INFO: Computing elliptic Chabauty map... (delta = ['1'], g = [4, -92, -40, 12, 8, 1])
2022-02-12 17:22:18,397 INFO: Elliptic Chabauty map computed. (delta = ['1'], g = [4, -92, -40, 12, 8, 1])
2022-02-12 17:22:18,399 INFO: Tasks complete. Recording data and exiting.
