2022-02-01 12:30:30,612 INFO: Initialized curve data.
2022-02-01 12:30:30,616 INFO: Setting up initial twist data...
2022-02-01 12:30:31,980 INFO: Twist setup complete.
2022-02-01 12:30:31,980 INFO: Searching for rational points on each twist...
2022-02-01 12:30:34,073 INFO: Finished searching for rational points on each twist.
2022-02-01 12:30:34,073 INFO: Testing local solvability of twists...
2022-02-01 12:30:37,499 INFO: Finished local solvability testing.
2022-02-01 12:30:37,500 INFO: Computing elliptic curve a-invariants...
2022-02-01 12:30:52,460 INFO: Finished computation of a-invariants.
2022-02-01 12:30:52,461 INFO: Computing MW group (delta = ['4', '3', '-48', '44', '-12', '1'], g = [4, 4, -48, 44, -12, 1])...
2022-02-02 04:48:14,537 INFO: Loaded curve data from file.
2022-02-02 04:48:14,537 INFO: Reducing MW generators...
2022-02-02 04:48:14,537 INFO: Finished reducing MW generators.
2022-02-02 04:48:14,541 INFO: Skipped Chabauty because MW generators haven't been computed. (delta = ['4', '3', '-48', '44', '-12', '1'], g = [4, 4, -48, 44, -12, 1])
2022-02-02 04:48:14,541 INFO: Skipped Chabauty because no base point (delta = ['-1', '-4', '1'])
2022-02-02 04:48:14,541 INFO: Skipped Chabauty because no base point (delta = ['-4', '-3', '52', '-45', '12', '-1'])
2022-02-02 04:48:14,541 INFO: Skipped Chabauty because MW generators haven't been computed. (delta = ['1'], g = [4, 4, -48, 44, -12, 1])
2022-02-02 04:48:14,622 INFO: Tasks complete. Recording data and exiting.
2022-02-12 17:30:37,080 INFO: Loaded curve data from file.
2022-02-12 17:30:37,080 INFO: Computing elliptic Chabauty map... (delta = ['4', '3', '-48', '44', '-12', '1'], g = [4, 4, -48, 44, -12, 1])
2022-02-12 17:30:58,706 INFO: Elliptic Chabauty map computed. (delta = ['4', '3', '-48', '44', '-12', '1'], g = [4, 4, -48, 44, -12, 1])
2022-02-12 17:30:58,708 INFO: Computing elliptic Chabauty map... (delta = ['1'], g = [4, 4, -48, 44, -12, 1])
2022-02-12 17:31:20,552 INFO: Elliptic Chabauty map computed. (delta = ['1'], g = [4, 4, -48, 44, -12, 1])
2022-02-12 17:31:20,554 INFO: Tasks complete. Recording data and exiting.
