2022-01-11 12:29:14,786 INFO: Initialized curve data.
2022-01-11 12:29:14,790 INFO: Setting up initial twist data...
2022-01-11 12:29:16,028 INFO: Twist setup complete.
2022-01-11 12:29:16,028 INFO: Searching for rational points on each twist...
2022-01-11 12:29:18,634 INFO: Finished searching for rational points on each twist.
2022-01-11 12:29:18,634 INFO: Testing local solvability of twists...
2022-01-11 12:29:27,873 INFO: Finished local solvability testing.
2022-01-11 12:29:27,874 INFO: Computing elliptic curve a-invariants...
2022-01-11 12:29:44,878 INFO: Finished computation of a-invariants.
2022-01-11 12:29:44,880 INFO: Computing MW group (delta = ['0', '-6', '13', '-11', '-1', '1'], g = [1, -5, 13, -11, -1, 1])...
2022-01-11 12:30:25,755 INFO: Finished MW computation (delta = ['0', '-6', '13', '-11', '-1', '1'], g = [1, -5, 13, -11, -1, 1])
2022-01-11 12:30:25,757 INFO: Computing MW group (delta = ['1', '-4', '14', '-11', '-1', '1'], g = [1, -5, 13, -11, -1, 1])...
2022-01-11 12:31:05,597 INFO: Finished MW computation (delta = ['1', '-4', '14', '-11', '-1', '1'], g = [1, -5, 13, -11, -1, 1])
2022-01-11 12:31:05,599 INFO: Skipped MW computation because no base point (delta = ['28', '-141', '362', '-309', '-28', '28'])
2022-01-11 12:31:05,599 INFO: Computing MW group (delta = ['1'], g = [1, -5, 13, -11, -1, 1])...
2022-01-11 12:51:40,878 INFO: Finished MW computation (delta = ['1'], g = [1, -5, 13, -11, -1, 1])
2022-01-11 12:51:40,886 INFO: Reducing MW generators...
2022-01-11 12:51:43,439 INFO: Finished reducing MW generators.
2022-01-11 12:51:43,441 INFO: Tasks complete. Recording data and exiting.
2022-01-13 17:36:33,546 INFO: Loaded curve data from file.
2022-01-13 17:36:33,547 INFO: Running elliptic Chabauty (delta = ['0', '-6', '13', '-11', '-1', '1'], g = [1, -5, 13, -11, -1, 1])...
2022-01-13 17:36:50,986 INFO: Chabauty completed successfully (delta = ['0', '-6', '13', '-11', '-1', '1'], g = [1, -5, 13, -11, -1, 1]).
2022-01-13 17:36:50,988 INFO: Running elliptic Chabauty (delta = ['1', '-4', '14', '-11', '-1', '1'], g = [1, -5, 13, -11, -1, 1])...
2022-01-13 17:37:13,362 INFO: Chabauty completed successfully (delta = ['1', '-4', '14', '-11', '-1', '1'], g = [1, -5, 13, -11, -1, 1]).
2022-01-13 17:37:13,363 INFO: Skipped Chabauty because no base point (delta = ['28', '-141', '362', '-309', '-28', '28'])
2022-01-13 17:37:13,363 INFO: Running elliptic Chabauty (delta = ['1'], g = [1, -5, 13, -11, -1, 1])...
2022-01-13 17:37:35,141 INFO: Chabauty completed successfully (delta = ['1'], g = [1, -5, 13, -11, -1, 1]).
2022-01-13 17:37:35,408 INFO: Rational points successfully computed.
2022-01-13 17:37:35,409 INFO: Tasks complete. Recording data and exiting.
