2022-02-01 12:30:29,484 INFO: Initialized curve data.
2022-02-01 12:30:29,488 INFO: Setting up initial twist data...
2022-02-01 12:30:30,816 INFO: Twist setup complete.
2022-02-01 12:30:30,816 INFO: Searching for rational points on each twist...
2022-02-01 12:30:32,504 INFO: Finished searching for rational points on each twist.
2022-02-01 12:30:32,504 INFO: Testing local solvability of twists...
2022-02-01 12:30:32,510 INFO: Finished local solvability testing.
2022-02-01 12:30:32,511 INFO: Computing elliptic curve a-invariants...
2022-02-01 12:30:40,012 INFO: Finished computation of a-invariants.
2022-02-01 12:30:40,014 INFO: Computing MW group (delta = ['-4', '-11', '-17', '-10', '-8', '-4'], g = [4, 12, 16, 9, 8, 4])...
2022-02-01 12:31:38,620 INFO: Finished MW computation (delta = ['-4', '-11', '-17', '-10', '-8', '-4'], g = [4, 12, 16, 9, 8, 4])
2022-02-01 12:31:38,625 INFO: Computing MW group (delta = ['1'], g = [4, 12, 16, 9, 8, 4])...
2022-02-02 04:48:13,645 INFO: Loaded curve data from file.
2022-02-02 04:48:13,645 INFO: Reducing MW generators...
2022-02-02 04:48:13,682 INFO: Finished reducing MW generators.
2022-02-02 04:48:13,684 INFO: Skipped Chabauty because MW group hasn't been provably computed. (delta = ['-4', '-11', '-17', '-10', '-8', '-4'], g = [4, 12, 16, 9, 8, 4])
2022-02-02 04:48:13,684 INFO: Skipped Chabauty because MW generators haven't been computed. (delta = ['1'], g = [4, 12, 16, 9, 8, 4])
2022-02-02 04:48:13,684 INFO: Skipped Chabauty because MW generators haven't been computed. (delta = ['-1', '1', '1'], g = [4, 12, 16, 9, 8, 4])
2022-02-02 04:48:13,684 INFO: Skipped Chabauty because MW generators haven't been computed. (delta = ['4', '11', '16', '9', '8', '4'], g = [4, 12, 16, 9, 8, 4])
2022-02-02 04:48:13,685 INFO: Tasks complete. Recording data and exiting.
2022-02-12 17:13:24,016 INFO: Loaded curve data from file.
2022-02-12 17:13:24,017 INFO: Computing elliptic Chabauty map... (delta = ['-4', '-11', '-17', '-10', '-8', '-4'], g = [4, 12, 16, 9, 8, 4])
2022-02-12 17:13:39,804 INFO: Elliptic Chabauty map computed. (delta = ['-4', '-11', '-17', '-10', '-8', '-4'], g = [4, 12, 16, 9, 8, 4])
2022-02-12 17:13:39,807 INFO: Computing elliptic Chabauty map... (delta = ['1'], g = [4, 12, 16, 9, 8, 4])
2022-02-12 17:13:54,857 INFO: Elliptic Chabauty map computed. (delta = ['1'], g = [4, 12, 16, 9, 8, 4])
2022-02-12 17:13:54,859 INFO: Computing elliptic Chabauty map... (delta = ['-1', '1', '1'], g = [4, 12, 16, 9, 8, 4])
2022-02-12 17:14:09,855 INFO: Elliptic Chabauty map computed. (delta = ['-1', '1', '1'], g = [4, 12, 16, 9, 8, 4])
2022-02-12 17:14:09,857 INFO: Computing elliptic Chabauty map... (delta = ['4', '11', '16', '9', '8', '4'], g = [4, 12, 16, 9, 8, 4])
2022-02-12 17:14:24,804 INFO: Elliptic Chabauty map computed. (delta = ['4', '11', '16', '9', '8', '4'], g = [4, 12, 16, 9, 8, 4])
2022-02-12 17:14:24,807 INFO: Tasks complete. Recording data and exiting.
