2022-01-01 12:50:48,964 INFO: Initialized curve data.
2022-01-01 12:50:48,968 INFO: Setting up initial twist data...
2022-01-01 12:50:49,886 INFO: Twist setup complete.
2022-01-01 12:50:49,887 INFO: Searching for rational points on each twist...
2022-01-01 12:50:50,786 INFO: Finished searching for rational points on each twist.
2022-01-01 12:50:50,786 INFO: Testing local solvability of twists...
2022-01-01 12:50:50,791 INFO: Finished local solvability testing.
2022-01-01 12:50:50,792 INFO: Computing elliptic curve a-invariants...
2022-01-01 12:50:56,819 INFO: Finished computation of a-invariants.
2022-01-01 12:50:56,821 INFO: Computing MW group (delta = ['16', '15', '2', '-5', '12', '4'], g = [4, 4, 1, -1, 3, 1])...
2022-01-01 12:51:25,932 INFO: Finished MW computation (delta = ['16', '15', '2', '-5', '12', '4'], g = [4, 4, 1, -1, 3, 1])
2022-01-01 12:51:25,935 INFO: Computing MW group (delta = ['4', '5', '2', '-1', '3', '1'], g = [4, 4, 1, -1, 3, 1])...
2022-01-01 12:52:33,236 INFO: Finished MW computation (delta = ['4', '5', '2', '-1', '3', '1'], g = [4, 4, 1, -1, 3, 1])
2022-01-01 12:52:33,241 INFO: Computing MW group (delta = ['1'], g = [4, 4, 1, -1, 3, 1])...
2022-01-01 12:53:15,805 INFO: Finished MW computation (delta = ['1'], g = [4, 4, 1, -1, 3, 1])
2022-01-01 12:53:15,809 INFO: Computing MW group (delta = ['3', '3', '1', '-1', '3', '1'], g = [4, 4, 1, -1, 3, 1])...
2022-01-01 12:53:28,370 INFO: Finished MW computation (delta = ['3', '3', '1', '-1', '3', '1'], g = [4, 4, 1, -1, 3, 1])
2022-01-01 12:53:28,376 INFO: Reducing MW generators...
2022-01-01 12:53:30,650 INFO: Finished reducing MW generators.
2022-01-01 12:53:30,652 INFO: Running elliptic Chabauty (delta = ['16', '15', '2', '-5', '12', '4'], g = [4, 4, 1, -1, 3, 1])...
2022-01-01 12:53:43,820 INFO: Chabauty completed successfully (delta = ['16', '15', '2', '-5', '12', '4'], g = [4, 4, 1, -1, 3, 1]).
2022-01-01 12:53:43,824 INFO: Running elliptic Chabauty (delta = ['4', '5', '2', '-1', '3', '1'], g = [4, 4, 1, -1, 3, 1])...
2022-01-01 12:53:55,935 INFO: Chabauty completed successfully (delta = ['4', '5', '2', '-1', '3', '1'], g = [4, 4, 1, -1, 3, 1]).
2022-01-01 12:53:55,938 INFO: Running elliptic Chabauty (delta = ['1'], g = [4, 4, 1, -1, 3, 1])...
2022-01-01 12:54:05,967 INFO: Chabauty completed successfully (delta = ['1'], g = [4, 4, 1, -1, 3, 1]).
2022-01-01 12:54:05,970 INFO: Running elliptic Chabauty (delta = ['3', '3', '1', '-1', '3', '1'], g = [4, 4, 1, -1, 3, 1])...
2022-01-01 12:54:16,087 INFO: Chabauty completed successfully (delta = ['3', '3', '1', '-1', '3', '1'], g = [4, 4, 1, -1, 3, 1]).
2022-01-01 12:54:16,332 INFO: Rational points successfully computed.
2022-01-01 12:54:16,334 INFO: Tasks complete. Recording data and exiting.
2022-01-03 13:14:58,000 INFO: Obsolete "loc_solv_error" keys removed.
2022-01-03 13:14:58,000 INFO: Deleted results of Chabauty computation.
2022-01-10 22:39:12,374 INFO: Loaded curve data from file.
2022-01-10 22:39:12,375 INFO: Running elliptic Chabauty (delta = ['16', '15', '2', '-5', '12', '4'], g = [4, 4, 1, -1, 3, 1])...
2022-01-10 22:39:32,052 INFO: Chabauty completed successfully (delta = ['16', '15', '2', '-5', '12', '4'], g = [4, 4, 1, -1, 3, 1]).
2022-01-10 22:39:32,131 INFO: Running elliptic Chabauty (delta = ['4', '5', '2', '-1', '3', '1'], g = [4, 4, 1, -1, 3, 1])...
2022-01-10 22:39:48,843 INFO: Chabauty completed successfully (delta = ['4', '5', '2', '-1', '3', '1'], g = [4, 4, 1, -1, 3, 1]).
2022-01-10 22:39:48,845 INFO: Running elliptic Chabauty (delta = ['1'], g = [4, 4, 1, -1, 3, 1])...
2022-01-10 22:40:01,987 INFO: Chabauty completed successfully (delta = ['1'], g = [4, 4, 1, -1, 3, 1]).
2022-01-10 22:40:01,989 INFO: Running elliptic Chabauty (delta = ['3', '3', '1', '-1', '3', '1'], g = [4, 4, 1, -1, 3, 1])...
2022-01-10 22:40:15,221 INFO: Chabauty completed successfully (delta = ['3', '3', '1', '-1', '3', '1'], g = [4, 4, 1, -1, 3, 1]).
2022-01-10 22:40:15,465 INFO: Rational points successfully computed.
2022-01-10 22:40:15,466 INFO: Tasks complete. Recording data and exiting.
