2022-01-13 21:54:38,085 INFO: Initialized curve data.
2022-01-13 21:54:38,089 INFO: Setting up initial twist data...
2022-01-13 21:54:39,537 INFO: Twist setup complete.
2022-01-13 21:54:39,537 INFO: Searching for rational points on each twist...
2022-01-13 21:54:41,364 INFO: Finished searching for rational points on each twist.
2022-01-13 21:54:41,365 INFO: Testing local solvability of twists...
2022-01-13 21:54:51,576 INFO: Finished local solvability testing.
2022-01-13 21:54:51,578 INFO: Computing elliptic curve a-invariants...
2022-01-13 21:54:56,035 INFO: Finished computation of a-invariants.
2022-01-13 21:54:56,039 INFO: Skipped MW computation because no base point (delta = ['-2', '0', '1'])
2022-01-13 21:54:56,039 INFO: Computing MW group (delta = ['14', '11', '-4', '-4', '2', '1'], g = [16, 12, -4, -4, 2, 1])...
2022-01-13 21:55:40,308 INFO: Finished MW computation (delta = ['14', '11', '-4', '-4', '2', '1'], g = [16, 12, -4, -4, 2, 1])
2022-01-13 21:55:40,312 INFO: Computing MW group (delta = ['1'], g = [16, 12, -4, -4, 2, 1])...
2022-01-13 21:57:43,744 INFO: Finished MW computation (delta = ['1'], g = [16, 12, -4, -4, 2, 1])
2022-01-13 21:57:43,750 INFO: Unable to use elliptic Chabauty on twist (delta = ['1'])
2022-01-13 21:57:43,753 INFO: Obstruction found to provably computing rational points. Exiting.
2022-01-14 11:35:16,171 INFO: Loaded curve data from file.
2022-01-14 11:35:16,171 INFO: Obstruction already found. Exiting.
2022-02-12 17:17:15,949 INFO: Loaded curve data from file.
2022-02-12 17:17:15,949 INFO: Computing elliptic Chabauty map... (delta = ['14', '11', '-4', '-4', '2', '1'], g = [16, 12, -4, -4, 2, 1])
2022-02-12 17:17:27,189 INFO: Elliptic Chabauty map computed. (delta = ['14', '11', '-4', '-4', '2', '1'], g = [16, 12, -4, -4, 2, 1])
2022-02-12 17:17:27,192 INFO: Computing elliptic Chabauty map... (delta = ['1'], g = [16, 12, -4, -4, 2, 1])
2022-02-12 17:17:38,489 INFO: Elliptic Chabauty map computed. (delta = ['1'], g = [16, 12, -4, -4, 2, 1])
2022-02-12 17:17:38,491 INFO: Tasks complete. Recording data and exiting.
