2022-01-01 03:06:47,626 INFO: Initialized curve data.
2022-01-01 03:06:47,630 INFO: Setting up initial twist data...
2022-01-01 03:06:48,796 INFO: Twist setup complete.
2022-01-01 03:06:48,796 INFO: Searching for rational points on each twist...
2022-01-01 03:06:49,726 INFO: Finished searching for rational points on each twist.
2022-01-01 03:06:49,726 INFO: Testing local solvability of twists...
2022-01-01 03:06:52,735 INFO: Finished local solvability testing.
2022-01-01 03:06:52,736 INFO: Computing elliptic curve a-invariants...
2022-01-01 03:07:24,753 INFO: Finished computation of a-invariants.
2022-01-01 03:07:24,754 INFO: Skipped MW computation because no base point (delta = ['-1', '-1', '1'])
2022-01-01 03:07:24,755 INFO: Computing MW group (delta = ['-1/2', '0', '1'], g = [4, 12, 0, -20, -4, 9])...
2022-01-01 03:11:56,817 INFO: Finished MW computation (delta = ['-1/2', '0', '1'], g = [4, 12, 0, -20, -4, 9])
2022-01-01 03:11:56,820 INFO: Computing MW group (delta = ['1'], g = [4, 12, 0, -20, -4, 9])...
2022-01-01 03:14:57,897 INFO: Finished MW computation (delta = ['1'], g = [4, 12, 0, -20, -4, 9])
2022-01-01 03:14:57,900 INFO: Computing MW group (delta = ['1/2', '1/2', '-3/2', '-1', '1'], g = [4, 12, 0, -20, -4, 9])...
2022-01-01 03:17:01,339 INFO: Finished MW computation (delta = ['1/2', '1/2', '-3/2', '-1', '1'], g = [4, 12, 0, -20, -4, 9])
2022-01-01 03:17:01,343 INFO: Reducing MW generators...
2022-01-01 03:17:05,277 INFO: Finished reducing MW generators.
2022-01-01 03:17:05,279 INFO: Skipped Chabauty because no base point (delta = ['-1', '-1', '1'])
2022-01-01 03:17:05,279 INFO: Running elliptic Chabauty (delta = ['-1/2', '0', '1'], g = [4, 12, 0, -20, -4, 9])...
2022-01-01 03:17:35,985 INFO: Chabauty completed successfully (delta = ['-1/2', '0', '1'], g = [4, 12, 0, -20, -4, 9]).
2022-01-01 03:17:35,988 INFO: Running elliptic Chabauty (delta = ['1'], g = [4, 12, 0, -20, -4, 9])...
2022-01-01 03:18:12,982 INFO: Chabauty completed successfully (delta = ['1'], g = [4, 12, 0, -20, -4, 9]).
2022-01-01 03:18:12,985 INFO: Running elliptic Chabauty (delta = ['1/2', '1/2', '-3/2', '-1', '1'], g = [4, 12, 0, -20, -4, 9])...
2022-01-01 03:18:50,030 INFO: Chabauty completed successfully (delta = ['1/2', '1/2', '-3/2', '-1', '1'], g = [4, 12, 0, -20, -4, 9]).
2022-01-01 03:18:50,246 INFO: Rational points successfully computed.
2022-01-01 03:18:50,248 INFO: Tasks complete. Recording data and exiting.
2022-01-03 13:14:58,000 INFO: Obsolete "loc_solv_error" keys removed.
2022-01-03 13:14:58,000 INFO: Deleted results of Chabauty computation.
2022-01-10 21:33:43,501 INFO: Loaded curve data from file.
2022-01-10 21:33:43,501 INFO: Skipped Chabauty because no base point (delta = ['-1', '-1', '1'])
2022-01-10 21:33:43,502 INFO: Running elliptic Chabauty (delta = ['-1/2', '0', '1'], g = [4, 12, 0, -20, -4, 9])...
2022-01-10 21:34:15,060 INFO: Chabauty completed successfully (delta = ['-1/2', '0', '1'], g = [4, 12, 0, -20, -4, 9]).
2022-01-10 21:34:15,063 INFO: Running elliptic Chabauty (delta = ['1'], g = [4, 12, 0, -20, -4, 9])...
2022-01-10 21:34:52,591 INFO: Chabauty completed successfully (delta = ['1'], g = [4, 12, 0, -20, -4, 9]).
2022-01-10 21:34:52,593 INFO: Running elliptic Chabauty (delta = ['1/2', '1/2', '-3/2', '-1', '1'], g = [4, 12, 0, -20, -4, 9])...
2022-01-10 21:35:30,255 INFO: Chabauty completed successfully (delta = ['1/2', '1/2', '-3/2', '-1', '1'], g = [4, 12, 0, -20, -4, 9]).
2022-01-10 21:35:30,508 INFO: Rational points successfully computed.
2022-01-10 21:35:30,509 INFO: Tasks complete. Recording data and exiting.
