2022-01-12 09:25:09,735 INFO: Initialized curve data.
2022-01-12 09:25:09,738 INFO: Setting up initial twist data...
2022-01-12 09:25:11,067 INFO: Twist setup complete.
2022-01-12 09:25:11,067 INFO: Searching for rational points on each twist...
2022-01-12 09:25:13,268 INFO: Finished searching for rational points on each twist.
2022-01-12 09:25:13,269 INFO: Testing local solvability of twists...
2022-01-12 09:25:13,324 INFO: Finished local solvability testing.
2022-01-12 09:25:13,326 INFO: Computing elliptic curve a-invariants...
2022-01-12 09:25:20,529 INFO: Finished computation of a-invariants.
2022-01-12 09:25:20,531 INFO: Computing MW group (delta = ['-32', '-46', '-27', '-3', '3', '1'], g = [-31, -45, -27, -3, 3, 1])...
2022-01-12 09:28:35,481 INFO: Finished MW computation (delta = ['-32', '-46', '-27', '-3', '3', '1'], g = [-31, -45, -27, -3, 3, 1])
2022-01-12 09:28:35,484 INFO: Computing MW group (delta = ['33', '48', '28', '3', '-3', '-1'], g = [-31, -45, -27, -3, 3, 1])...
2022-01-12 09:35:59,929 INFO: Finished MW computation (delta = ['33', '48', '28', '3', '-3', '-1'], g = [-31, -45, -27, -3, 3, 1])
2022-01-12 09:35:59,931 INFO: Computing MW group (delta = ['1'], g = [-31, -45, -27, -3, 3, 1])...
2022-01-12 09:41:24,270 INFO: Finished MW computation (delta = ['1'], g = [-31, -45, -27, -3, 3, 1])
2022-01-12 09:41:24,272 INFO: Computing MW group (delta = ['-2', '-1'], g = [-31, -45, -27, -3, 3, 1])...
2022-01-12 09:42:39,355 INFO: Finished MW computation (delta = ['-2', '-1'], g = [-31, -45, -27, -3, 3, 1])
2022-01-12 09:42:39,359 INFO: Reducing MW generators...
2022-01-12 09:42:41,435 INFO: Finished reducing MW generators.
2022-01-12 09:42:41,437 INFO: Tasks complete. Recording data and exiting.
2022-01-14 09:10:28,765 INFO: Loaded curve data from file.
2022-01-14 09:10:28,766 INFO: Skipped Chabauty because MW group hasn't been provably computed. (delta = ['-32', '-46', '-27', '-3', '3', '1'], g = [-31, -45, -27, -3, 3, 1])
2022-01-14 09:10:28,766 INFO: Skipped Chabauty because MW group hasn't been provably computed. (delta = ['33', '48', '28', '3', '-3', '-1'], g = [-31, -45, -27, -3, 3, 1])
2022-01-14 09:10:28,766 INFO: Running elliptic Chabauty (delta = ['1'], g = [-31, -45, -27, -3, 3, 1])...
2022-01-14 09:10:38,394 INFO: Chabauty completed successfully (delta = ['1'], g = [-31, -45, -27, -3, 3, 1]).
2022-01-14 09:10:38,397 INFO: Skipped Chabauty because MW group hasn't been provably computed. (delta = ['-2', '-1'], g = [-31, -45, -27, -3, 3, 1])
2022-01-14 09:10:38,444 INFO: Tasks complete. Recording data and exiting.
