2022-01-12 12:22:03,898 INFO: Initialized curve data.
2022-01-12 12:22:03,902 INFO: Setting up initial twist data...
2022-01-12 12:22:05,128 INFO: Twist setup complete.
2022-01-12 12:22:05,128 INFO: Searching for rational points on each twist...
2022-01-12 12:22:09,672 INFO: Finished searching for rational points on each twist.
2022-01-12 12:22:09,672 INFO: Testing local solvability of twists...
2022-01-12 12:22:32,779 INFO: Finished local solvability testing.
2022-01-12 12:22:32,781 INFO: Computing elliptic curve a-invariants...
2022-01-12 12:22:40,110 INFO: Finished computation of a-invariants.
2022-01-12 12:22:40,112 INFO: Computing MW group (delta = ['4', '43/2', '81/2', '67/2', '27/2', '1'], g = [1, 1])...
2022-01-12 12:22:40,596 INFO: Finished MW computation (delta = ['4', '43/2', '81/2', '67/2', '27/2', '1'], g = [1, 1])
2022-01-12 12:22:40,598 INFO: Computing MW group (delta = ['4', '43/2', '81/2', '67/2', '27/2', '1'], g = [8, 28, 28, 13, 1])...
2022-01-12 12:23:23,862 INFO: Finished MW computation (delta = ['4', '43/2', '81/2', '67/2', '27/2', '1'], g = [8, 28, 28, 13, 1])
2022-01-12 12:23:23,867 INFO: Computing MW group (delta = ['8', '67', '166', '152', '66', '5'], g = [1, 1])...
2022-01-12 12:23:24,250 INFO: Finished MW computation (delta = ['8', '67', '166', '152', '66', '5'], g = [1, 1])
2022-01-12 12:23:24,253 INFO: Computing MW group (delta = ['8', '67', '166', '152', '66', '5'], g = [8, 28, 28, 13, 1])...
2022-01-12 12:24:06,525 INFO: Finished MW computation (delta = ['8', '67', '166', '152', '66', '5'], g = [8, 28, 28, 13, 1])
2022-01-12 12:24:06,528 INFO: Computing MW group (delta = ['1'], g = [1, 1])...
2022-01-12 12:24:06,798 INFO: Finished MW computation (delta = ['1'], g = [1, 1])
2022-01-12 12:24:06,801 INFO: Computing MW group (delta = ['1'], g = [8, 28, 28, 13, 1])...
2022-01-12 12:25:26,872 INFO: Finished MW computation (delta = ['1'], g = [8, 28, 28, 13, 1])
2022-01-12 12:25:26,876 INFO: Skipped MW computation because no base point (delta = ['1/2', '11/2', '15', '14', '13/2', '1/2'])
2022-01-12 12:25:26,877 INFO: Computing MW group (delta = ['-8', '-27', '-27', '-13', '-1'], g = [1, 1])...
2022-01-12 12:25:27,258 INFO: Finished MW computation (delta = ['-8', '-27', '-27', '-13', '-1'], g = [1, 1])
2022-01-12 12:25:27,260 INFO: Computing MW group (delta = ['-8', '-27', '-27', '-13', '-1'], g = [8, 28, 28, 13, 1])...
2022-01-12 12:26:10,483 INFO: Finished MW computation (delta = ['-8', '-27', '-27', '-13', '-1'], g = [8, 28, 28, 13, 1])
2022-01-12 12:26:10,487 INFO: Computing MW group (delta = ['-4', '-3/2', '30', '38', '20', '3/2'], g = [1, 1])...
2022-01-12 12:26:10,863 INFO: Finished MW computation (delta = ['-4', '-3/2', '30', '38', '20', '3/2'], g = [1, 1])
2022-01-12 12:26:10,866 INFO: Computing MW group (delta = ['-4', '-3/2', '30', '38', '20', '3/2'], g = [8, 28, 28, 13, 1])...
2022-01-12 12:26:55,314 INFO: Finished MW computation (delta = ['-4', '-3/2', '30', '38', '20', '3/2'], g = [8, 28, 28, 13, 1])
2022-01-12 12:26:55,317 INFO: Skipped MW computation because no base point (delta = ['-1', '7', '28', '28', '13', '1'])
2022-01-12 12:26:55,317 INFO: Skipped MW computation because no base point (delta = ['-1/2', '-1'])
2022-01-12 12:26:55,320 INFO: Reducing MW generators...
2022-01-12 12:26:59,704 INFO: Finished reducing MW generators.
2022-01-12 12:26:59,707 INFO: Tasks complete. Recording data and exiting.
2022-01-14 11:32:25,376 INFO: Loaded curve data from file.
2022-01-14 11:32:25,376 INFO: Skipped Chabauty because rank >= degree(g). (delta = ['4', '43/2', '81/2', '67/2', '27/2', '1'], g = [1, 1])
2022-01-14 11:32:25,376 INFO: Running elliptic Chabauty (delta = ['4', '43/2', '81/2', '67/2', '27/2', '1'], g = [8, 28, 28, 13, 1])...
2022-01-14 11:32:41,767 INFO: Chabauty completed successfully (delta = ['4', '43/2', '81/2', '67/2', '27/2', '1'], g = [8, 28, 28, 13, 1]).
2022-01-14 11:32:41,778 INFO: Skipped Chabauty because rank >= degree(g). (delta = ['8', '67', '166', '152', '66', '5'], g = [1, 1])
2022-01-14 11:32:41,779 INFO: Running elliptic Chabauty (delta = ['8', '67', '166', '152', '66', '5'], g = [8, 28, 28, 13, 1])...
2022-01-14 11:32:55,465 INFO: Chabauty completed successfully (delta = ['8', '67', '166', '152', '66', '5'], g = [8, 28, 28, 13, 1]).
2022-01-14 11:32:55,469 INFO: Skipped Chabauty because rank >= degree(g). (delta = ['1'], g = [1, 1])
2022-01-14 11:32:55,469 INFO: Skipped Chabauty because MW group hasn't been provably computed. (delta = ['1'], g = [8, 28, 28, 13, 1])
2022-01-14 11:32:55,469 INFO: Skipped Chabauty because no base point (delta = ['1/2', '11/2', '15', '14', '13/2', '1/2'])
2022-01-14 11:32:55,469 INFO: Skipped Chabauty because rank >= degree(g). (delta = ['-8', '-27', '-27', '-13', '-1'], g = [1, 1])
2022-01-14 11:32:55,469 INFO: Skipped Chabauty because MW group hasn't been provably computed. (delta = ['-8', '-27', '-27', '-13', '-1'], g = [8, 28, 28, 13, 1])
2022-01-14 11:32:55,469 INFO: Skipped Chabauty because rank >= degree(g). (delta = ['-4', '-3/2', '30', '38', '20', '3/2'], g = [1, 1])
2022-01-14 11:32:55,469 INFO: Skipped Chabauty because MW group hasn't been provably computed. (delta = ['-4', '-3/2', '30', '38', '20', '3/2'], g = [8, 28, 28, 13, 1])
2022-01-14 11:32:55,469 INFO: Skipped Chabauty because no base point (delta = ['-1', '7', '28', '28', '13', '1'])
2022-01-14 11:32:55,469 INFO: Skipped Chabauty because no base point (delta = ['-1/2', '-1'])
2022-01-14 11:32:55,670 INFO: Tasks complete. Recording data and exiting.
