2022-01-11 12:31:52,374 INFO: Initialized curve data.
2022-01-11 12:31:52,376 INFO: Setting up initial twist data...
2022-01-11 12:31:53,537 INFO: Twist setup complete.
2022-01-11 12:31:53,537 INFO: Searching for rational points on each twist...
2022-01-11 12:31:55,954 INFO: Finished searching for rational points on each twist.
2022-01-11 12:31:55,955 INFO: Testing local solvability of twists...
2022-01-11 12:31:55,959 INFO: Finished local solvability testing.
2022-01-11 12:31:55,960 INFO: Computing elliptic curve a-invariants...
2022-01-11 12:32:03,683 INFO: Finished computation of a-invariants.
2022-01-11 12:32:03,685 INFO: Computing MW group (delta = ['1'], g = [1, 5, -8, -4, 4, 4])...
2022-01-11 12:38:10,860 INFO: Finished MW computation (delta = ['1'], g = [1, 5, -8, -4, 4, 4])
2022-01-11 12:38:10,866 INFO: Computing MW group (delta = ['0', '-1'], g = [1, 5, -8, -4, 4, 4])...
2022-01-11 12:40:17,698 INFO: Finished MW computation (delta = ['0', '-1'], g = [1, 5, -8, -4, 4, 4])
2022-01-11 12:40:17,702 INFO: Computing MW group (delta = ['1', '6', '-7', '-4', '4', '4'], g = [1, 5, -8, -4, 4, 4])...
2022-01-13 17:36:54,183 INFO: Loaded curve data from file.
2022-01-13 17:36:54,183 INFO: Reducing MW generators...
2022-01-13 17:36:55,735 INFO: Finished reducing MW generators.
2022-01-13 17:36:55,737 INFO: Running elliptic Chabauty (delta = ['1'], g = [1, 5, -8, -4, 4, 4])...
2022-01-13 17:38:04,190 INFO: Chabauty completed successfully (delta = ['1'], g = [1, 5, -8, -4, 4, 4]).
2022-01-13 17:38:04,191 INFO: Running elliptic Chabauty (delta = ['0', '-1'], g = [1, 5, -8, -4, 4, 4])...
2022-01-13 17:38:52,255 INFO: Chabauty completed successfully (delta = ['0', '-1'], g = [1, 5, -8, -4, 4, 4]).
2022-01-13 17:38:52,256 INFO: Skipped Chabauty because MW generators haven't been computed. (delta = ['1', '6', '-7', '-4', '4', '4'], g = [1, 5, -8, -4, 4, 4])
2022-01-13 17:38:52,256 INFO: Skipped Chabauty because MW generators haven't been computed. (delta = ['0', '4', '-8', '-4', '4', '4'], g = [1, 5, -8, -4, 4, 4])
2022-01-13 17:38:52,327 INFO: Tasks complete. Recording data and exiting.
2022-02-12 16:44:18,054 INFO: Loaded curve data from file.
2022-02-12 16:44:18,054 INFO: Computing elliptic Chabauty map... (delta = ['1'], g = [1, 5, -8, -4, 4, 4])
2022-02-12 16:44:27,958 INFO: Elliptic Chabauty map computed. (delta = ['1'], g = [1, 5, -8, -4, 4, 4])
2022-02-12 16:44:27,961 INFO: Computing elliptic Chabauty map... (delta = ['0', '-1'], g = [1, 5, -8, -4, 4, 4])
2022-02-12 16:44:37,699 INFO: Elliptic Chabauty map computed. (delta = ['0', '-1'], g = [1, 5, -8, -4, 4, 4])
2022-02-12 16:44:37,701 INFO: Computing elliptic Chabauty map... (delta = ['1', '6', '-7', '-4', '4', '4'], g = [1, 5, -8, -4, 4, 4])
2022-02-12 16:44:47,532 INFO: Elliptic Chabauty map computed. (delta = ['1', '6', '-7', '-4', '4', '4'], g = [1, 5, -8, -4, 4, 4])
2022-02-12 16:44:47,535 INFO: Computing elliptic Chabauty map... (delta = ['0', '4', '-8', '-4', '4', '4'], g = [1, 5, -8, -4, 4, 4])
2022-02-12 16:44:57,264 INFO: Elliptic Chabauty map computed. (delta = ['0', '4', '-8', '-4', '4', '4'], g = [1, 5, -8, -4, 4, 4])
2022-02-12 16:44:57,268 INFO: Tasks complete. Recording data and exiting.
