2022-01-12 09:25:56,142 INFO: Initialized curve data.
2022-01-12 09:25:56,145 INFO: Setting up initial twist data...
2022-01-12 09:25:56,988 INFO: Twist setup complete.
2022-01-12 09:25:56,988 INFO: Searching for rational points on each twist...
2022-01-12 09:25:58,277 INFO: Finished searching for rational points on each twist.
2022-01-12 09:25:58,277 INFO: Testing local solvability of twists...
2022-01-12 09:26:01,780 INFO: Finished local solvability testing.
2022-01-12 09:26:01,781 INFO: Computing elliptic curve a-invariants...
2022-01-12 09:26:11,217 INFO: Finished computation of a-invariants.
2022-01-12 09:26:11,218 INFO: Computing MW group (delta = ['64', '68', '12', '13', '2', '-1'], g = [-64, -64, -4, -8, -1, 1])...
2022-01-12 09:27:47,512 INFO: Finished MW computation (delta = ['64', '68', '12', '13', '2', '-1'], g = [-64, -64, -4, -8, -1, 1])
2022-01-12 09:27:47,515 INFO: Skipped MW computation because no base point (delta = ['0', '2', '1'])
2022-01-12 09:27:47,515 INFO: Computing MW group (delta = ['1'], g = [-64, -64, -4, -8, -1, 1])...
2022-01-12 09:29:07,919 INFO: Finished MW computation (delta = ['1'], g = [-64, -64, -4, -8, -1, 1])
2022-01-12 09:29:07,922 INFO: Computing MW group (delta = ['-62', '-61', '-3', '-8', '-1', '1'], g = [-64, -64, -4, -8, -1, 1])...
2022-01-12 09:29:48,813 INFO: Finished MW computation (delta = ['-62', '-61', '-3', '-8', '-1', '1'], g = [-64, -64, -4, -8, -1, 1])
2022-01-12 09:29:48,818 INFO: Reducing MW generators...
2022-01-12 09:29:51,052 INFO: Finished reducing MW generators.
2022-01-12 09:29:51,055 INFO: Tasks complete. Recording data and exiting.
2022-01-14 09:10:46,047 INFO: Loaded curve data from file.
2022-01-14 09:10:46,048 INFO: Running elliptic Chabauty (delta = ['64', '68', '12', '13', '2', '-1'], g = [-64, -64, -4, -8, -1, 1])...
2022-01-14 09:10:55,745 INFO: Chabauty completed successfully (delta = ['64', '68', '12', '13', '2', '-1'], g = [-64, -64, -4, -8, -1, 1]).
2022-01-14 09:10:55,747 INFO: Skipped Chabauty because no base point (delta = ['0', '2', '1'])
2022-01-14 09:10:55,747 INFO: Running elliptic Chabauty (delta = ['1'], g = [-64, -64, -4, -8, -1, 1])...
2022-01-14 09:11:09,186 INFO: Chabauty completed successfully (delta = ['1'], g = [-64, -64, -4, -8, -1, 1]).
2022-01-14 09:11:09,189 INFO: Running elliptic Chabauty (delta = ['-62', '-61', '-3', '-8', '-1', '1'], g = [-64, -64, -4, -8, -1, 1])...
2022-01-14 09:11:21,544 INFO: Chabauty completed successfully (delta = ['-62', '-61', '-3', '-8', '-1', '1'], g = [-64, -64, -4, -8, -1, 1]).
2022-01-14 09:11:21,738 INFO: Rational points successfully computed.
2022-01-14 09:11:21,740 INFO: Tasks complete. Recording data and exiting.
2022-02-12 17:08:07,759 INFO: Loaded curve data from file.
2022-02-12 17:08:07,759 INFO: Computing elliptic Chabauty map... (delta = ['64', '68', '12', '13', '2', '-1'], g = [-64, -64, -4, -8, -1, 1])
2022-02-12 17:08:18,557 INFO: Elliptic Chabauty map computed. (delta = ['64', '68', '12', '13', '2', '-1'], g = [-64, -64, -4, -8, -1, 1])
2022-02-12 17:08:18,560 INFO: Computing elliptic Chabauty map... (delta = ['1'], g = [-64, -64, -4, -8, -1, 1])
2022-02-12 17:08:28,800 INFO: Elliptic Chabauty map computed. (delta = ['1'], g = [-64, -64, -4, -8, -1, 1])
2022-02-12 17:08:28,802 INFO: Computing elliptic Chabauty map... (delta = ['-62', '-61', '-3', '-8', '-1', '1'], g = [-64, -64, -4, -8, -1, 1])
2022-02-12 17:08:39,417 INFO: Elliptic Chabauty map computed. (delta = ['-62', '-61', '-3', '-8', '-1', '1'], g = [-64, -64, -4, -8, -1, 1])
2022-02-12 17:08:39,420 INFO: Tasks complete. Recording data and exiting.
