2022-01-01 12:50:40,401 INFO: Initialized curve data.
2022-01-01 12:50:40,403 INFO: Setting up initial twist data...
2022-01-01 12:50:41,410 INFO: Twist setup complete.
2022-01-01 12:50:41,410 INFO: Searching for rational points on each twist...
2022-01-01 12:50:42,452 INFO: Finished searching for rational points on each twist.
2022-01-01 12:50:42,452 INFO: Testing local solvability of twists...
2022-01-01 12:50:42,461 INFO: Finished local solvability testing.
2022-01-01 12:50:42,462 INFO: Computing elliptic curve a-invariants...
2022-01-01 12:50:51,901 INFO: Finished computation of a-invariants.
2022-01-01 12:50:51,903 INFO: Computing MW group (delta = ['-4', '-7', '-11', '-12', '-4', '-1'], g = [4, 8, 12, 12, 4, 1])...
2022-01-01 14:38:00,810 INFO: Finished MW computation (delta = ['-4', '-7', '-11', '-12', '-4', '-1'], g = [4, 8, 12, 12, 4, 1])
2022-01-01 14:38:00,816 INFO: Computing MW group (delta = ['1'], g = [4, 8, 12, 12, 4, 1])...
2022-01-01 14:39:38,601 INFO: Finished MW computation (delta = ['1'], g = [4, 8, 12, 12, 4, 1])
2022-01-01 14:39:38,603 INFO: Computing MW group (delta = ['4', '7', '12', '12', '4', '1'], g = [4, 8, 12, 12, 4, 1])...
2022-01-01 14:41:11,130 INFO: Finished MW computation (delta = ['4', '7', '12', '12', '4', '1'], g = [4, 8, 12, 12, 4, 1])
2022-01-01 14:41:11,133 INFO: Computing MW group (delta = ['-16', '-32', '-49', '-49', '-16', '-4'], g = [4, 8, 12, 12, 4, 1])...
2022-01-01 14:41:46,388 INFO: Finished MW computation (delta = ['-16', '-32', '-49', '-49', '-16', '-4'], g = [4, 8, 12, 12, 4, 1])
2022-01-01 14:41:46,393 INFO: Reducing MW generators...
2022-01-01 14:41:50,730 INFO: Finished reducing MW generators.
2022-01-01 14:41:50,732 INFO: Running elliptic Chabauty (delta = ['-4', '-7', '-11', '-12', '-4', '-1'], g = [4, 8, 12, 12, 4, 1])...
2022-01-01 14:42:28,142 INFO: Chabauty completed successfully (delta = ['-4', '-7', '-11', '-12', '-4', '-1'], g = [4, 8, 12, 12, 4, 1]).
2022-01-01 14:42:28,145 INFO: Running elliptic Chabauty (delta = ['1'], g = [4, 8, 12, 12, 4, 1])...
2022-01-01 14:42:42,858 INFO: Chabauty completed successfully (delta = ['1'], g = [4, 8, 12, 12, 4, 1]).
2022-01-01 14:42:42,861 INFO: Running elliptic Chabauty (delta = ['4', '7', '12', '12', '4', '1'], g = [4, 8, 12, 12, 4, 1])...
2022-01-03 13:14:58,000 INFO: Obsolete "loc_solv_error" keys removed.
2022-01-03 13:14:58,000 INFO: Deleted results of Chabauty computation.
