2022-02-01 12:30:10,618 INFO: Initialized curve data.
2022-02-01 12:30:10,631 INFO: Setting up initial twist data...
2022-02-01 12:30:11,677 INFO: Twist setup complete.
2022-02-01 12:30:11,678 INFO: Searching for rational points on each twist...
2022-02-01 12:30:13,390 INFO: Finished searching for rational points on each twist.
2022-02-01 12:30:13,390 INFO: Testing local solvability of twists...
2022-02-01 12:30:13,406 INFO: Finished local solvability testing.
2022-02-01 12:30:13,407 INFO: Computing elliptic curve a-invariants...
2022-02-01 12:30:20,754 INFO: Finished computation of a-invariants.
2022-02-01 12:30:20,757 INFO: Computing MW group (delta = ['1'], g = [4, -12, 0, 16, 4, 1])...
2022-02-01 12:31:29,363 INFO: Finished MW computation (delta = ['1'], g = [4, -12, 0, 16, 4, 1])
2022-02-01 12:31:29,366 INFO: Computing MW group (delta = ['1/2', '-1'], g = [4, -12, 0, 16, 4, 1])...
2022-02-01 12:38:31,035 INFO: Finished MW computation (delta = ['1/2', '-1'], g = [4, -12, 0, 16, 4, 1])
2022-02-01 12:38:31,037 INFO: Computing MW group (delta = ['4', '-13', '0', '16', '4', '1'], g = [4, -12, 0, 16, 4, 1])...
2022-02-01 12:40:58,566 INFO: Finished MW computation (delta = ['4', '-13', '0', '16', '4', '1'], g = [4, -12, 0, 16, 4, 1])
2022-02-01 12:40:58,569 INFO: Computing MW group (delta = ['2', '-13/2', '1', '8', '2', '1/2'], g = [4, -12, 0, 16, 4, 1])...
2022-02-01 12:42:14,087 INFO: Finished MW computation (delta = ['2', '-13/2', '1', '8', '2', '1/2'], g = [4, -12, 0, 16, 4, 1])
2022-02-01 12:42:14,091 INFO: Reducing MW generators...
2022-02-01 12:42:16,119 INFO: Finished reducing MW generators.
2022-02-01 12:42:16,122 INFO: Tasks complete. Recording data and exiting.
2022-02-02 04:42:30,151 INFO: Loaded curve data from file.
2022-02-02 04:42:30,152 INFO: Running elliptic Chabauty (delta = ['1'], g = [4, -12, 0, 16, 4, 1])...
2022-02-02 04:42:41,676 INFO: Chabauty completed successfully (delta = ['1'], g = [4, -12, 0, 16, 4, 1]).
2022-02-02 04:42:41,679 INFO: Skipped Chabauty because MW group hasn't been provably computed. (delta = ['1/2', '-1'], g = [4, -12, 0, 16, 4, 1])
2022-02-02 04:42:41,679 INFO: Skipped Chabauty because MW group hasn't been provably computed. (delta = ['4', '-13', '0', '16', '4', '1'], g = [4, -12, 0, 16, 4, 1])
2022-02-02 04:42:41,679 INFO: Running elliptic Chabauty (delta = ['2', '-13/2', '1', '8', '2', '1/2'], g = [4, -12, 0, 16, 4, 1])...
2022-02-02 04:42:52,284 INFO: Chabauty completed successfully (delta = ['2', '-13/2', '1', '8', '2', '1/2'], g = [4, -12, 0, 16, 4, 1]).
2022-02-02 04:42:52,355 INFO: Tasks complete. Recording data and exiting.
2022-02-12 16:51:24,462 INFO: Loaded curve data from file.
2022-02-12 16:51:24,462 INFO: Computing elliptic Chabauty map... (delta = ['1'], g = [4, -12, 0, 16, 4, 1])
2022-02-12 16:51:35,463 INFO: Elliptic Chabauty map computed. (delta = ['1'], g = [4, -12, 0, 16, 4, 1])
2022-02-12 16:51:35,465 INFO: Computing elliptic Chabauty map... (delta = ['1/2', '-1'], g = [4, -12, 0, 16, 4, 1])
2022-02-12 16:51:46,369 INFO: Elliptic Chabauty map computed. (delta = ['1/2', '-1'], g = [4, -12, 0, 16, 4, 1])
2022-02-12 16:51:46,371 INFO: Computing elliptic Chabauty map... (delta = ['4', '-13', '0', '16', '4', '1'], g = [4, -12, 0, 16, 4, 1])
2022-02-12 16:51:57,016 INFO: Elliptic Chabauty map computed. (delta = ['4', '-13', '0', '16', '4', '1'], g = [4, -12, 0, 16, 4, 1])
2022-02-12 16:51:57,019 INFO: Computing elliptic Chabauty map... (delta = ['2', '-13/2', '1', '8', '2', '1/2'], g = [4, -12, 0, 16, 4, 1])
2022-02-12 16:52:07,734 INFO: Elliptic Chabauty map computed. (delta = ['2', '-13/2', '1', '8', '2', '1/2'], g = [4, -12, 0, 16, 4, 1])
2022-02-12 16:52:07,737 INFO: Tasks complete. Recording data and exiting.
