2022-01-12 12:25:08,833 INFO: Initialized curve data.
2022-01-12 12:25:08,838 INFO: Setting up initial twist data...
2022-01-12 12:25:09,890 INFO: Twist setup complete.
2022-01-12 12:25:09,890 INFO: Searching for rational points on each twist...
2022-01-12 12:25:11,638 INFO: Finished searching for rational points on each twist.
2022-01-12 12:25:11,638 INFO: Testing local solvability of twists...
2022-01-12 12:25:11,644 INFO: Finished local solvability testing.
2022-01-12 12:25:11,645 INFO: Computing elliptic curve a-invariants...
2022-01-12 12:25:19,080 INFO: Finished computation of a-invariants.
2022-01-12 12:25:19,082 INFO: Computing MW group (delta = ['8', '-5', '-4', '-4', '4', '1'], g = [8, -4, -4, -4, 4, 1])...
2022-01-12 12:25:44,944 INFO: Finished MW computation (delta = ['8', '-5', '-4', '-4', '4', '1'], g = [8, -4, -4, -4, 4, 1])
2022-01-12 12:25:44,949 INFO: Computing MW group (delta = ['1'], g = [8, -4, -4, -4, 4, 1])...
2022-01-12 12:26:13,808 INFO: Finished MW computation (delta = ['1'], g = [8, -4, -4, -4, 4, 1])
2022-01-12 12:26:13,813 INFO: Computing MW group (delta = ['8', '-5', '-3', '-4', '4', '1'], g = [8, -4, -4, -4, 4, 1])...
2022-01-12 12:26:30,177 INFO: Finished MW computation (delta = ['8', '-5', '-3', '-4', '4', '1'], g = [8, -4, -4, -4, 4, 1])
2022-01-12 12:26:30,181 INFO: Computing MW group (delta = ['64', '-32', '-31', '-33', '32', '8'], g = [8, -4, -4, -4, 4, 1])...
2022-01-12 12:27:08,824 INFO: Finished MW computation (delta = ['64', '-32', '-31', '-33', '32', '8'], g = [8, -4, -4, -4, 4, 1])
2022-01-12 12:27:08,832 INFO: Reducing MW generators...
2022-01-12 12:27:12,057 INFO: Finished reducing MW generators.
2022-01-12 12:27:12,060 INFO: Tasks complete. Recording data and exiting.
