2022-01-01 12:51:02,709 INFO: Initialized curve data.
2022-01-01 12:51:02,712 INFO: Setting up initial twist data...
2022-01-01 12:51:03,652 INFO: Twist setup complete.
2022-01-01 12:51:03,652 INFO: Searching for rational points on each twist...
2022-01-01 12:51:04,524 INFO: Finished searching for rational points on each twist.
2022-01-01 12:51:04,524 INFO: Testing local solvability of twists...
2022-01-01 12:51:04,529 INFO: Finished local solvability testing.
2022-01-01 12:51:04,531 INFO: Computing elliptic curve a-invariants...
2022-01-01 12:51:21,191 INFO: Finished computation of a-invariants.
2022-01-01 12:51:21,193 INFO: Computing MW group (delta = ['1', '6', '5', '-4', '0', '-4'], g = [-1, -5, -4, 4, 0, 4])...
2022-01-01 12:51:34,551 INFO: Finished MW computation (delta = ['1', '6', '5', '-4', '0', '-4'], g = [-1, -5, -4, 4, 0, 4])
2022-01-01 12:51:34,555 INFO: Computing MW group (delta = ['1/2', '5/2', '5/2', '-1/2', '1', '-2'], g = [-1, -5, -4, 4, 0, 4])...
2022-01-01 12:52:01,559 INFO: Finished MW computation (delta = ['1/2', '5/2', '5/2', '-1/2', '1', '-2'], g = [-1, -5, -4, 4, 0, 4])
2022-01-01 12:52:01,563 INFO: Computing MW group (delta = ['1'], g = [-1, -5, -4, 4, 0, 4])...
2022-01-01 12:53:08,433 INFO: Finished MW computation (delta = ['1'], g = [-1, -5, -4, 4, 0, 4])
2022-01-01 12:53:08,438 INFO: Computing MW group (delta = ['0', '1/2', '1'], g = [-1, -5, -4, 4, 0, 4])...
2022-01-01 12:54:23,423 INFO: Finished MW computation (delta = ['0', '1/2', '1'], g = [-1, -5, -4, 4, 0, 4])
2022-01-01 12:54:23,430 INFO: Reducing MW generators...
2022-01-01 12:54:26,729 INFO: Finished reducing MW generators.
2022-01-01 12:54:26,732 INFO: Running elliptic Chabauty (delta = ['1', '6', '5', '-4', '0', '-4'], g = [-1, -5, -4, 4, 0, 4])...
2022-01-01 12:54:39,008 INFO: Chabauty completed successfully (delta = ['1', '6', '5', '-4', '0', '-4'], g = [-1, -5, -4, 4, 0, 4]).
2022-01-01 12:54:39,011 INFO: Running elliptic Chabauty (delta = ['1/2', '5/2', '5/2', '-1/2', '1', '-2'], g = [-1, -5, -4, 4, 0, 4])...
2022-01-01 12:54:54,454 INFO: Chabauty completed successfully (delta = ['1/2', '5/2', '5/2', '-1/2', '1', '-2'], g = [-1, -5, -4, 4, 0, 4]).
2022-01-01 12:54:54,458 INFO: Running elliptic Chabauty (delta = ['1'], g = [-1, -5, -4, 4, 0, 4])...
2022-01-01 12:55:11,664 INFO: Chabauty completed successfully (delta = ['1'], g = [-1, -5, -4, 4, 0, 4]).
2022-01-01 12:55:11,667 INFO: Running elliptic Chabauty (delta = ['0', '1/2', '1'], g = [-1, -5, -4, 4, 0, 4])...
2022-01-01 12:56:23,465 INFO: Chabauty completed successfully (delta = ['0', '1/2', '1'], g = [-1, -5, -4, 4, 0, 4]).
2022-01-01 12:56:23,710 INFO: Rational points successfully computed.
2022-01-01 12:56:23,712 INFO: Tasks complete. Recording data and exiting.
