2022-01-11 15:10:15,179 INFO: Initialized curve data.
2022-01-11 15:10:15,182 INFO: Setting up initial twist data...
2022-01-11 15:10:16,080 INFO: Twist setup complete.
2022-01-11 15:10:16,080 INFO: Searching for rational points on each twist...
2022-01-11 15:10:17,453 INFO: Finished searching for rational points on each twist.
2022-01-11 15:10:17,453 INFO: Testing local solvability of twists...
2022-01-11 15:10:21,196 INFO: Finished local solvability testing.
2022-01-11 15:10:21,199 INFO: Computing elliptic curve a-invariants...
2022-01-11 15:10:44,703 INFO: Finished computation of a-invariants.
2022-01-11 15:10:44,705 INFO: Computing MW group (delta = ['4', '-17', '4', '32', '-12', '1'], g = [4, -16, 4, 32, -12, 1])...
2022-01-11 15:28:17,956 INFO: Finished MW computation (delta = ['4', '-17', '4', '32', '-12', '1'], g = [4, -16, 4, 32, -12, 1])
2022-01-11 15:28:17,960 INFO: Computing MW group (delta = ['1'], g = [4, -16, 4, 32, -12, 1])...
2022-01-11 15:31:35,384 INFO: Finished MW computation (delta = ['1'], g = [4, -16, 4, 32, -12, 1])
2022-01-11 15:31:35,387 INFO: Computing MW group (delta = ['2', '-17/2', '3', '16', '-6', '1/2'], g = [4, -16, 4, 32, -12, 1])...
2022-01-11 15:54:37,155 INFO: Finished MW computation (delta = ['2', '-17/2', '3', '16', '-6', '1/2'], g = [4, -16, 4, 32, -12, 1])
2022-01-11 15:54:37,159 INFO: Unable to use elliptic Chabauty on twist (delta = ['2', '-17/2', '3', '16', '-6', '1/2'])
2022-01-11 15:54:37,161 INFO: Obstruction found to provably computing rational points. Exiting.
2022-01-14 09:07:27,853 INFO: Loaded curve data from file.
2022-01-14 09:07:27,853 INFO: Obstruction already found. Exiting.
2022-02-12 17:28:36,360 INFO: Loaded curve data from file.
2022-02-12 17:28:36,360 INFO: Computing elliptic Chabauty map... (delta = ['4', '-17', '4', '32', '-12', '1'], g = [4, -16, 4, 32, -12, 1])
2022-02-12 17:28:58,716 INFO: Elliptic Chabauty map computed. (delta = ['4', '-17', '4', '32', '-12', '1'], g = [4, -16, 4, 32, -12, 1])
2022-02-12 17:28:58,719 INFO: Computing elliptic Chabauty map... (delta = ['1'], g = [4, -16, 4, 32, -12, 1])
2022-02-12 17:29:20,745 INFO: Elliptic Chabauty map computed. (delta = ['1'], g = [4, -16, 4, 32, -12, 1])
2022-02-12 17:29:20,748 INFO: Computing elliptic Chabauty map... (delta = ['2', '-17/2', '3', '16', '-6', '1/2'], g = [4, -16, 4, 32, -12, 1])
2022-02-12 17:29:42,712 INFO: Elliptic Chabauty map computed. (delta = ['2', '-17/2', '3', '16', '-6', '1/2'], g = [4, -16, 4, 32, -12, 1])
2022-02-12 17:29:42,716 INFO: Tasks complete. Recording data and exiting.
