2022-01-11 12:31:50,477 INFO: Initialized curve data.
2022-01-11 12:31:50,481 INFO: Setting up initial twist data...
2022-01-11 12:31:51,596 INFO: Twist setup complete.
2022-01-11 12:31:51,596 INFO: Searching for rational points on each twist...
2022-01-11 12:31:52,879 INFO: Finished searching for rational points on each twist.
2022-01-11 12:31:52,879 INFO: Testing local solvability of twists...
2022-01-11 12:32:06,611 INFO: Finished local solvability testing.
2022-01-11 12:32:06,613 INFO: Computing elliptic curve a-invariants...
2022-01-11 12:32:10,028 INFO: Finished computation of a-invariants.
2022-01-11 12:32:10,030 INFO: Skipped MW computation because no base point (delta = ['-4', '4', '6', '-3', '3', '5'])
2022-01-11 12:32:10,030 INFO: Computing MW group (delta = ['1'], g = [-4, 5, 6, -5, 2, 5])...
2022-01-11 12:32:28,490 INFO: Finished MW computation (delta = ['1'], g = [-4, 5, 6, -5, 2, 5])
2022-01-11 12:32:28,493 INFO: Skipped MW computation because no base point (delta = ['-1', '1', '1'])
2022-01-11 12:32:28,494 INFO: Computing MW group (delta = ['4', '-4', '-5', '5', '-2', '-5'], g = [-4, 5, 6, -5, 2, 5])...
2022-01-11 12:33:15,635 INFO: Finished MW computation (delta = ['4', '-4', '-5', '5', '-2', '-5'], g = [-4, 5, 6, -5, 2, 5])
2022-01-11 12:33:15,640 INFO: Reducing MW generators...
2022-01-11 12:33:16,972 INFO: Finished reducing MW generators.
2022-01-11 12:33:16,975 INFO: Tasks complete. Recording data and exiting.
2022-01-13 17:36:51,966 INFO: Loaded curve data from file.
2022-01-13 17:36:51,967 INFO: Skipped Chabauty because no base point (delta = ['-4', '4', '6', '-3', '3', '5'])
2022-01-13 17:36:51,967 INFO: Running elliptic Chabauty (delta = ['1'], g = [-4, 5, 6, -5, 2, 5])...
2022-01-13 17:37:08,177 INFO: Chabauty completed successfully (delta = ['1'], g = [-4, 5, 6, -5, 2, 5]).
2022-01-13 17:37:08,180 INFO: Skipped Chabauty because no base point (delta = ['-1', '1', '1'])
2022-01-13 17:37:08,180 INFO: Running elliptic Chabauty (delta = ['4', '-4', '-5', '5', '-2', '-5'], g = [-4, 5, 6, -5, 2, 5])...
2022-01-13 17:37:27,055 INFO: Chabauty completed successfully (delta = ['4', '-4', '-5', '5', '-2', '-5'], g = [-4, 5, 6, -5, 2, 5]).
2022-01-13 17:37:27,247 INFO: Rational points successfully computed.
2022-01-13 17:37:27,249 INFO: Tasks complete. Recording data and exiting.
