2022-01-12 09:25:28,345 INFO: Initialized curve data.
2022-01-12 09:25:28,347 INFO: Setting up initial twist data...
2022-01-12 09:25:29,214 INFO: Twist setup complete.
2022-01-12 09:25:29,214 INFO: Searching for rational points on each twist...
2022-01-12 09:25:30,501 INFO: Finished searching for rational points on each twist.
2022-01-12 09:25:30,501 INFO: Testing local solvability of twists...
2022-01-12 09:25:32,013 INFO: Finished local solvability testing.
2022-01-12 09:25:32,016 INFO: Computing elliptic curve a-invariants...
2022-01-12 09:25:50,634 INFO: Finished computation of a-invariants.
2022-01-12 09:25:50,636 INFO: Computing MW group (delta = ['1', '-3', '3', '-1', '0', '1'], g = [1, -2, 2, -1, 0, 1])...
2022-01-12 09:26:12,008 INFO: Finished MW computation (delta = ['1', '-3', '3', '-1', '0', '1'], g = [1, -2, 2, -1, 0, 1])
2022-01-12 09:26:12,011 INFO: Skipped MW computation because no base point (delta = ['1', '-1'])
2022-01-12 09:26:12,011 INFO: Computing MW group (delta = ['1'], g = [1, -2, 2, -1, 0, 1])...
2022-01-12 09:27:26,276 INFO: Finished MW computation (delta = ['1'], g = [1, -2, 2, -1, 0, 1])
2022-01-12 09:27:26,280 INFO: Computing MW group (delta = ['1', '-3', '2', '-1', '0', '1'], g = [1, -2, 2, -1, 0, 1])...
2022-01-12 09:28:05,193 INFO: Finished MW computation (delta = ['1', '-3', '2', '-1', '0', '1'], g = [1, -2, 2, -1, 0, 1])
2022-01-12 09:28:05,200 INFO: Reducing MW generators...
2022-01-12 09:28:07,895 INFO: Finished reducing MW generators.
2022-01-12 09:28:07,898 INFO: Tasks complete. Recording data and exiting.
2022-01-14 09:10:52,843 INFO: Loaded curve data from file.
2022-01-14 09:10:52,844 INFO: Running elliptic Chabauty (delta = ['1', '-3', '3', '-1', '0', '1'], g = [1, -2, 2, -1, 0, 1])...
2022-01-14 09:11:02,885 INFO: Chabauty completed successfully (delta = ['1', '-3', '3', '-1', '0', '1'], g = [1, -2, 2, -1, 0, 1]).
2022-01-14 09:11:02,888 INFO: Skipped Chabauty because no base point (delta = ['1', '-1'])
2022-01-14 09:11:02,888 INFO: Running elliptic Chabauty (delta = ['1'], g = [1, -2, 2, -1, 0, 1])...
2022-01-14 09:11:24,342 INFO: Chabauty completed successfully (delta = ['1'], g = [1, -2, 2, -1, 0, 1]).
2022-01-14 09:11:24,344 INFO: Running elliptic Chabauty (delta = ['1', '-3', '2', '-1', '0', '1'], g = [1, -2, 2, -1, 0, 1])...
2022-01-14 09:11:35,176 INFO: Chabauty completed successfully (delta = ['1', '-3', '2', '-1', '0', '1'], g = [1, -2, 2, -1, 0, 1]).
2022-01-14 09:11:35,347 INFO: Rational points successfully computed.
2022-01-14 09:11:35,349 INFO: Tasks complete. Recording data and exiting.
2022-02-12 16:54:02,467 INFO: Loaded curve data from file.
2022-02-12 16:54:02,467 INFO: Computing elliptic Chabauty map... (delta = ['1', '-3', '3', '-1', '0', '1'], g = [1, -2, 2, -1, 0, 1])
2022-02-12 16:54:17,443 INFO: Elliptic Chabauty map computed. (delta = ['1', '-3', '3', '-1', '0', '1'], g = [1, -2, 2, -1, 0, 1])
2022-02-12 16:54:17,446 INFO: Computing elliptic Chabauty map... (delta = ['1'], g = [1, -2, 2, -1, 0, 1])
2022-02-12 16:54:32,115 INFO: Elliptic Chabauty map computed. (delta = ['1'], g = [1, -2, 2, -1, 0, 1])
2022-02-12 16:54:32,118 INFO: Computing elliptic Chabauty map... (delta = ['1', '-3', '2', '-1', '0', '1'], g = [1, -2, 2, -1, 0, 1])
2022-02-12 16:54:46,535 INFO: Elliptic Chabauty map computed. (delta = ['1', '-3', '2', '-1', '0', '1'], g = [1, -2, 2, -1, 0, 1])
2022-02-12 16:54:46,538 INFO: Tasks complete. Recording data and exiting.
