2022-01-13 21:54:41,228 INFO: Initialized curve data.
2022-01-13 21:54:41,233 INFO: Setting up initial twist data...
2022-01-13 21:54:42,262 INFO: Twist setup complete.
2022-01-13 21:54:42,262 INFO: Searching for rational points on each twist...
2022-01-13 21:54:43,977 INFO: Finished searching for rational points on each twist.
2022-01-13 21:54:43,977 INFO: Testing local solvability of twists...
2022-01-13 21:54:43,982 INFO: Finished local solvability testing.
2022-01-13 21:54:43,984 INFO: Computing elliptic curve a-invariants...
2022-01-13 21:54:58,611 INFO: Finished computation of a-invariants.
2022-01-13 21:54:58,613 INFO: Computing MW group (delta = ['-4', '-15', '9', '39', '-4', '-24'], g = [4, 16, -8, -39, 4, 24])...
2022-01-14 11:35:16,468 INFO: Loaded curve data from file.
2022-01-14 11:35:16,468 INFO: Reducing MW generators...
2022-01-14 11:35:16,468 INFO: Finished reducing MW generators.
2022-01-14 11:35:16,469 INFO: Skipped Chabauty because MW generators haven't been computed. (delta = ['-4', '-15', '9', '39', '-4', '-24'], g = [4, 16, -8, -39, 4, 24])
2022-01-14 11:35:16,469 INFO: Skipped Chabauty because MW generators haven't been computed. (delta = ['4', '15', '-9', '-38', '5', '24'], g = [4, 16, -8, -39, 4, 24])
2022-01-14 11:35:16,469 INFO: Skipped Chabauty because MW generators haven't been computed. (delta = ['-1', '0', '1'], g = [4, 16, -8, -39, 4, 24])
2022-01-14 11:35:16,469 INFO: Skipped Chabauty because MW generators haven't been computed. (delta = ['1'], g = [4, 16, -8, -39, 4, 24])
2022-01-14 11:35:16,470 INFO: Tasks complete. Recording data and exiting.
2022-02-12 17:18:20,492 INFO: Loaded curve data from file.
2022-02-12 17:18:20,493 INFO: Computing elliptic Chabauty map... (delta = ['-4', '-15', '9', '39', '-4', '-24'], g = [4, 16, -8, -39, 4, 24])
2022-02-12 17:18:37,540 INFO: Elliptic Chabauty map computed. (delta = ['-4', '-15', '9', '39', '-4', '-24'], g = [4, 16, -8, -39, 4, 24])
2022-02-12 17:18:37,543 INFO: Computing elliptic Chabauty map... (delta = ['4', '15', '-9', '-38', '5', '24'], g = [4, 16, -8, -39, 4, 24])
2022-02-12 17:18:54,580 INFO: Elliptic Chabauty map computed. (delta = ['4', '15', '-9', '-38', '5', '24'], g = [4, 16, -8, -39, 4, 24])
2022-02-12 17:18:54,582 INFO: Computing elliptic Chabauty map... (delta = ['-1', '0', '1'], g = [4, 16, -8, -39, 4, 24])
2022-02-12 17:19:11,373 INFO: Elliptic Chabauty map computed. (delta = ['-1', '0', '1'], g = [4, 16, -8, -39, 4, 24])
2022-02-12 17:19:11,376 INFO: Computing elliptic Chabauty map... (delta = ['1'], g = [4, 16, -8, -39, 4, 24])
2022-02-12 17:19:28,378 INFO: Elliptic Chabauty map computed. (delta = ['1'], g = [4, 16, -8, -39, 4, 24])
2022-02-12 17:19:28,381 INFO: Tasks complete. Recording data and exiting.
