2022-01-11 15:13:03,867 INFO: Initialized curve data.
2022-01-11 15:13:03,870 INFO: Setting up initial twist data...
2022-01-11 15:13:04,900 INFO: Twist setup complete.
2022-01-11 15:13:04,900 INFO: Searching for rational points on each twist...
2022-01-11 15:13:07,010 INFO: Finished searching for rational points on each twist.
2022-01-11 15:13:07,010 INFO: Testing local solvability of twists...
2022-01-11 15:13:15,588 INFO: Finished local solvability testing.
2022-01-11 15:13:15,590 INFO: Computing elliptic curve a-invariants...
2022-01-11 15:13:38,017 INFO: Finished computation of a-invariants.
2022-01-11 15:13:38,018 INFO: Computing MW group (delta = ['1'], g = [4, 1, -28, -2, 36, 17])...
2022-01-11 15:29:44,297 INFO: Finished MW computation (delta = ['1'], g = [4, 1, -28, -2, 36, 17])
2022-01-11 15:29:44,301 INFO: Skipped MW computation because no base point (delta = ['-1', '1', '1'])
2022-01-11 15:29:44,301 INFO: Computing MW group (delta = ['-1/2', '1', '1'], g = [4, 1, -28, -2, 36, 17])...
2022-01-14 09:07:38,575 INFO: Loaded curve data from file.
2022-01-14 09:07:38,575 INFO: Reducing MW generators...
2022-01-14 09:07:39,166 INFO: Finished reducing MW generators.
2022-01-14 09:07:39,203 INFO: Running elliptic Chabauty (delta = ['1'], g = [4, 1, -28, -2, 36, 17])...
2022-01-14 09:08:04,722 INFO: Chabauty completed successfully (delta = ['1'], g = [4, 1, -28, -2, 36, 17]).
2022-01-14 09:08:04,724 INFO: Skipped Chabauty because no base point (delta = ['-1', '1', '1'])
2022-01-14 09:08:04,724 INFO: Skipped Chabauty because MW generators haven't been computed. (delta = ['-1/2', '1', '1'], g = [4, 1, -28, -2, 36, 17])
2022-01-14 09:08:04,724 INFO: Skipped Chabauty because MW generators haven't been computed. (delta = ['1/2', '-3/2', '-1/2', '2', '1'], g = [4, 1, -28, -2, 36, 17])
2022-01-14 09:08:04,805 INFO: Tasks complete. Recording data and exiting.
