2022-01-11 12:29:15,305 INFO: Initialized curve data.
2022-01-11 12:29:15,309 INFO: Setting up initial twist data...
2022-01-11 12:29:16,254 INFO: Twist setup complete.
2022-01-11 12:29:16,254 INFO: Searching for rational points on each twist...
2022-01-11 12:29:17,772 INFO: Finished searching for rational points on each twist.
2022-01-11 12:29:17,772 INFO: Testing local solvability of twists...
2022-01-11 12:29:17,776 INFO: Finished local solvability testing.
2022-01-11 12:29:17,777 INFO: Computing elliptic curve a-invariants...
2022-01-11 12:29:26,455 INFO: Finished computation of a-invariants.
2022-01-11 12:29:26,457 INFO: Computing MW group (delta = ['64', '-32', '1', '-65', '32', '8'], g = [8, -4, 0, -8, 4, 1])...
2022-01-11 12:29:53,283 INFO: Finished MW computation (delta = ['64', '-32', '1', '-65', '32', '8'], g = [8, -4, 0, -8, 4, 1])
2022-01-11 12:29:53,286 INFO: Computing MW group (delta = ['8', '-5', '1', '-8', '4', '1'], g = [8, -4, 0, -8, 4, 1])...
2022-01-11 12:30:41,592 INFO: Finished MW computation (delta = ['8', '-5', '1', '-8', '4', '1'], g = [8, -4, 0, -8, 4, 1])
2022-01-11 12:30:41,594 INFO: Computing MW group (delta = ['1'], g = [8, -4, 0, -8, 4, 1])...
2022-01-11 12:30:59,231 INFO: Finished MW computation (delta = ['1'], g = [8, -4, 0, -8, 4, 1])
2022-01-11 12:30:59,234 INFO: Computing MW group (delta = ['8', '-5', '0', '-8', '4', '1'], g = [8, -4, 0, -8, 4, 1])...
2022-01-11 12:31:28,600 INFO: Finished MW computation (delta = ['8', '-5', '0', '-8', '4', '1'], g = [8, -4, 0, -8, 4, 1])
2022-01-11 12:31:28,605 INFO: Reducing MW generators...
2022-01-11 12:31:30,666 INFO: Finished reducing MW generators.
2022-01-11 12:31:30,668 INFO: Tasks complete. Recording data and exiting.
2022-01-13 17:36:34,883 INFO: Loaded curve data from file.
2022-01-13 17:36:34,884 INFO: Running elliptic Chabauty (delta = ['64', '-32', '1', '-65', '32', '8'], g = [8, -4, 0, -8, 4, 1])...
2022-01-13 17:36:49,069 INFO: Chabauty completed successfully (delta = ['64', '-32', '1', '-65', '32', '8'], g = [8, -4, 0, -8, 4, 1]).
2022-01-13 17:36:49,071 INFO: Running elliptic Chabauty (delta = ['8', '-5', '1', '-8', '4', '1'], g = [8, -4, 0, -8, 4, 1])...
2022-01-13 17:37:01,000 INFO: Chabauty completed successfully (delta = ['8', '-5', '1', '-8', '4', '1'], g = [8, -4, 0, -8, 4, 1]).
2022-01-13 17:37:01,001 INFO: Running elliptic Chabauty (delta = ['1'], g = [8, -4, 0, -8, 4, 1])...
2022-01-13 17:37:14,354 INFO: Chabauty completed successfully (delta = ['1'], g = [8, -4, 0, -8, 4, 1]).
2022-01-13 17:37:14,356 INFO: Skipped Chabauty because MW group hasn't been provably computed. (delta = ['8', '-5', '0', '-8', '4', '1'], g = [8, -4, 0, -8, 4, 1])
2022-01-13 17:37:14,458 INFO: Tasks complete. Recording data and exiting.
