2022-01-11 15:10:18,658 INFO: Initialized curve data.
2022-01-11 15:10:18,660 INFO: Setting up initial twist data...
2022-01-11 15:10:19,854 INFO: Twist setup complete.
2022-01-11 15:10:19,854 INFO: Searching for rational points on each twist...
2022-01-11 15:10:22,514 INFO: Finished searching for rational points on each twist.
2022-01-11 15:10:22,514 INFO: Testing local solvability of twists...
2022-01-11 15:10:22,519 INFO: Finished local solvability testing.
2022-01-11 15:10:22,521 INFO: Computing elliptic curve a-invariants...
2022-01-11 15:10:29,543 INFO: Finished computation of a-invariants.
2022-01-11 15:10:29,545 INFO: Computing MW group (delta = ['1'], g = [-1, -3, -4, -8, -8, 4])...
2022-01-14 09:07:32,105 INFO: Loaded curve data from file.
2022-01-14 09:07:32,106 INFO: Reducing MW generators...
2022-01-14 09:07:32,106 INFO: Finished reducing MW generators.
2022-01-14 09:07:32,108 INFO: Skipped Chabauty because MW generators haven't been computed. (delta = ['1'], g = [-1, -3, -4, -8, -8, 4])
2022-01-14 09:07:32,109 INFO: Skipped Chabauty because MW generators haven't been computed. (delta = ['1', '2', '5', '8', '8', '-4'], g = [-1, -3, -4, -8, -8, 4])
2022-01-14 09:07:32,109 INFO: Skipped Chabauty because MW generators haven't been computed. (delta = ['-20', '-61', '-78', '-161', '-160', '80'], g = [-1, -3, -4, -8, -8, 4])
2022-01-14 09:07:32,109 INFO: Skipped Chabauty because MW generators haven't been computed. (delta = ['0', '-4', '-4', '-8', '-8', '4'], g = [-1, -3, -4, -8, -8, 4])
2022-01-14 09:07:32,111 INFO: Tasks complete. Recording data and exiting.
2022-02-12 16:38:47,148 INFO: Loaded curve data from file.
2022-02-12 16:38:47,148 INFO: Computing elliptic Chabauty map... (delta = ['1'], g = [-1, -3, -4, -8, -8, 4])
2022-02-12 16:38:57,515 INFO: Elliptic Chabauty map computed. (delta = ['1'], g = [-1, -3, -4, -8, -8, 4])
2022-02-12 16:38:57,517 INFO: Computing elliptic Chabauty map... (delta = ['1', '2', '5', '8', '8', '-4'], g = [-1, -3, -4, -8, -8, 4])
2022-02-12 16:39:07,834 INFO: Elliptic Chabauty map computed. (delta = ['1', '2', '5', '8', '8', '-4'], g = [-1, -3, -4, -8, -8, 4])
2022-02-12 16:39:07,837 INFO: Computing elliptic Chabauty map... (delta = ['-20', '-61', '-78', '-161', '-160', '80'], g = [-1, -3, -4, -8, -8, 4])
2022-02-12 16:39:18,120 INFO: Elliptic Chabauty map computed. (delta = ['-20', '-61', '-78', '-161', '-160', '80'], g = [-1, -3, -4, -8, -8, 4])
2022-02-12 16:39:18,122 INFO: Computing elliptic Chabauty map... (delta = ['0', '-4', '-4', '-8', '-8', '4'], g = [-1, -3, -4, -8, -8, 4])
2022-02-12 16:39:28,294 INFO: Elliptic Chabauty map computed. (delta = ['0', '-4', '-4', '-8', '-8', '4'], g = [-1, -3, -4, -8, -8, 4])
2022-02-12 16:39:28,296 INFO: Tasks complete. Recording data and exiting.
