2022-02-01 12:30:12,387 INFO: Initialized curve data.
2022-02-01 12:30:12,390 INFO: Setting up initial twist data...
2022-02-01 12:30:13,438 INFO: Twist setup complete.
2022-02-01 12:30:13,438 INFO: Searching for rational points on each twist...
2022-02-01 12:30:15,676 INFO: Finished searching for rational points on each twist.
2022-02-01 12:30:15,677 INFO: Testing local solvability of twists...
2022-02-01 12:30:31,905 INFO: Finished local solvability testing.
2022-02-01 12:30:31,907 INFO: Computing elliptic curve a-invariants...
2022-02-01 12:30:37,094 INFO: Finished computation of a-invariants.
2022-02-01 12:30:37,096 INFO: Computing MW group (delta = ['25', '20', '-4', '-1', '1', '-1'], g = [-23, -17, 5, 1, -1, 1])...
2022-02-01 12:42:24,515 INFO: Finished MW computation (delta = ['25', '20', '-4', '-1', '1', '-1'], g = [-23, -17, 5, 1, -1, 1])
2022-02-01 12:42:24,517 INFO: Computing MW group (delta = ['1'], g = [-23, -17, 5, 1, -1, 1])...
2022-02-01 12:53:12,495 INFO: Finished MW computation (delta = ['1'], g = [-23, -17, 5, 1, -1, 1])
2022-02-01 12:53:12,498 INFO: Computing MW group (delta = ['-24', '-18', '5', '1', '-1', '1'], g = [-23, -17, 5, 1, -1, 1])...
2022-02-01 13:02:41,032 INFO: Finished MW computation (delta = ['-24', '-18', '5', '1', '-1', '1'], g = [-23, -17, 5, 1, -1, 1])
2022-02-01 13:02:41,034 INFO: Skipped MW computation because no base point (delta = ['-2', '-1'])
2022-02-01 13:02:41,035 INFO: Reducing MW generators...
2022-02-01 13:02:43,657 INFO: Finished reducing MW generators.
2022-02-01 13:02:43,659 INFO: Tasks complete. Recording data and exiting.
2022-02-02 04:42:36,243 INFO: Loaded curve data from file.
2022-02-02 04:42:36,244 INFO: Skipped Chabauty because MW group hasn't been provably computed. (delta = ['25', '20', '-4', '-1', '1', '-1'], g = [-23, -17, 5, 1, -1, 1])
2022-02-02 04:42:36,245 INFO: Skipped Chabauty because MW group hasn't been provably computed. (delta = ['1'], g = [-23, -17, 5, 1, -1, 1])
2022-02-02 04:42:36,245 INFO: Skipped Chabauty because MW group hasn't been provably computed. (delta = ['-24', '-18', '5', '1', '-1', '1'], g = [-23, -17, 5, 1, -1, 1])
2022-02-02 04:42:36,245 INFO: Skipped Chabauty because no base point (delta = ['-2', '-1'])
2022-02-02 04:42:36,349 INFO: Tasks complete. Recording data and exiting.
2022-02-12 17:27:16,734 INFO: Loaded curve data from file.
2022-02-12 17:27:16,734 INFO: Computing elliptic Chabauty map... (delta = ['25', '20', '-4', '-1', '1', '-1'], g = [-23, -17, 5, 1, -1, 1])
2022-02-12 17:27:21,558 INFO: Elliptic Chabauty map computed. (delta = ['25', '20', '-4', '-1', '1', '-1'], g = [-23, -17, 5, 1, -1, 1])
2022-02-12 17:27:21,561 INFO: Computing elliptic Chabauty map... (delta = ['1'], g = [-23, -17, 5, 1, -1, 1])
2022-02-12 17:27:25,993 INFO: Elliptic Chabauty map computed. (delta = ['1'], g = [-23, -17, 5, 1, -1, 1])
2022-02-12 17:27:25,996 INFO: Computing elliptic Chabauty map... (delta = ['-24', '-18', '5', '1', '-1', '1'], g = [-23, -17, 5, 1, -1, 1])
2022-02-12 17:27:30,449 INFO: Elliptic Chabauty map computed. (delta = ['-24', '-18', '5', '1', '-1', '1'], g = [-23, -17, 5, 1, -1, 1])
2022-02-12 17:27:30,452 INFO: Tasks complete. Recording data and exiting.
