2022-01-12 12:19:45,485 INFO: Initialized curve data.
2022-01-12 12:19:45,490 INFO: Setting up initial twist data...
2022-01-12 12:19:46,688 INFO: Twist setup complete.
2022-01-12 12:19:46,689 INFO: Searching for rational points on each twist...
2022-01-12 12:19:49,229 INFO: Finished searching for rational points on each twist.
2022-01-12 12:19:49,229 INFO: Testing local solvability of twists...
2022-01-12 12:20:03,415 INFO: Finished local solvability testing.
2022-01-12 12:20:03,417 INFO: Computing elliptic curve a-invariants...
2022-01-12 12:20:16,030 INFO: Finished computation of a-invariants.
2022-01-12 12:20:16,032 INFO: Computing MW group (delta = ['1', '12', '-2', '-7', '3', '1'], g = [1, 11, -3, -7, 3, 1])...
2022-01-12 12:22:35,003 INFO: Finished MW computation (delta = ['1', '12', '-2', '-7', '3', '1'], g = [1, 11, -3, -7, 3, 1])
2022-01-12 12:22:35,006 INFO: Skipped MW computation because no base point (delta = ['-4', '-45', '10', '27', '-12', '-4'])
2022-01-12 12:22:35,006 INFO: Computing MW group (delta = ['1'], g = [1, 11, -3, -7, 3, 1])...
2022-01-12 12:25:33,059 INFO: Finished MW computation (delta = ['1'], g = [1, 11, -3, -7, 3, 1])
2022-01-12 12:25:33,062 INFO: Computing MW group (delta = ['0', '10', '-3', '-7', '3', '1'], g = [1, 11, -3, -7, 3, 1])...
2022-01-12 12:27:46,403 INFO: Finished MW computation (delta = ['0', '10', '-3', '-7', '3', '1'], g = [1, 11, -3, -7, 3, 1])
2022-01-12 12:27:46,407 INFO: Reducing MW generators...
2022-01-12 12:27:48,649 INFO: Finished reducing MW generators.
2022-01-12 12:27:48,652 INFO: Tasks complete. Recording data and exiting.
2022-01-14 11:32:19,588 INFO: Loaded curve data from file.
2022-01-14 11:32:19,589 INFO: Skipped Chabauty because MW group hasn't been provably computed. (delta = ['1', '12', '-2', '-7', '3', '1'], g = [1, 11, -3, -7, 3, 1])
2022-01-14 11:32:19,589 INFO: Skipped Chabauty because no base point (delta = ['-4', '-45', '10', '27', '-12', '-4'])
2022-01-14 11:32:19,589 INFO: Running elliptic Chabauty (delta = ['1'], g = [1, 11, -3, -7, 3, 1])...
2022-01-14 11:32:35,092 INFO: Chabauty completed successfully (delta = ['1'], g = [1, 11, -3, -7, 3, 1]).
2022-01-14 11:32:35,095 INFO: Skipped Chabauty because MW group hasn't been provably computed. (delta = ['0', '10', '-3', '-7', '3', '1'], g = [1, 11, -3, -7, 3, 1])
2022-01-14 11:32:35,206 INFO: Tasks complete. Recording data and exiting.
2022-02-12 17:23:55,634 INFO: Loaded curve data from file.
2022-02-12 17:23:55,634 INFO: Computing elliptic Chabauty map... (delta = ['1', '12', '-2', '-7', '3', '1'], g = [1, 11, -3, -7, 3, 1])
2022-02-12 17:24:11,557 INFO: Elliptic Chabauty map computed. (delta = ['1', '12', '-2', '-7', '3', '1'], g = [1, 11, -3, -7, 3, 1])
2022-02-12 17:24:11,560 INFO: Computing elliptic Chabauty map... (delta = ['1'], g = [1, 11, -3, -7, 3, 1])
2022-02-12 17:24:27,434 INFO: Elliptic Chabauty map computed. (delta = ['1'], g = [1, 11, -3, -7, 3, 1])
2022-02-12 17:24:27,436 INFO: Computing elliptic Chabauty map... (delta = ['0', '10', '-3', '-7', '3', '1'], g = [1, 11, -3, -7, 3, 1])
2022-02-12 17:24:43,462 INFO: Elliptic Chabauty map computed. (delta = ['0', '10', '-3', '-7', '3', '1'], g = [1, 11, -3, -7, 3, 1])
2022-02-12 17:24:43,465 INFO: Tasks complete. Recording data and exiting.
