2022-01-14 12:17:17,496 INFO: Initialized curve data.
2022-01-14 12:17:17,499 INFO: Setting up initial twist data...
2022-01-14 12:17:18,546 INFO: Twist setup complete.
2022-01-14 12:17:18,547 INFO: Searching for rational points on each twist...
2022-01-14 12:17:19,744 INFO: Finished searching for rational points on each twist.
2022-01-14 12:17:19,744 INFO: Testing local solvability of twists...
2022-01-14 12:17:35,636 INFO: Finished local solvability testing.
2022-01-14 12:17:35,638 INFO: Computing elliptic curve a-invariants...
2022-01-14 12:17:41,309 INFO: Finished computation of a-invariants.
2022-01-14 12:17:41,310 INFO: Skipped MW computation because no base point (delta = ['-2', '-1/2', '1'])
2022-01-14 12:17:41,310 INFO: Skipped MW computation because no base point (delta = ['8', '24', '-5/2', '1/2', '41', '24'])
2022-01-14 12:17:41,310 INFO: Computing MW group (delta = ['1'], g = [4, 13, 0, 0, 20, 12])...
2022-01-14 15:52:19,531 INFO: Loaded curve data from file.
2022-01-14 15:52:19,531 INFO: Reducing MW generators...
2022-01-14 15:52:19,532 INFO: Finished reducing MW generators.
2022-01-14 15:52:19,533 INFO: Skipped Chabauty because no base point (delta = ['-2', '-1/2', '1'])
2022-01-14 15:52:19,533 INFO: Skipped Chabauty because no base point (delta = ['8', '24', '-5/2', '1/2', '41', '24'])
2022-01-14 15:52:19,533 INFO: Skipped Chabauty because MW generators haven't been computed. (delta = ['1'], g = [4, 13, 0, 0, 20, 12])
2022-01-14 15:52:19,533 INFO: Skipped Chabauty because MW generators haven't been computed. (delta = ['-4', '-12', '1', '0', '-20', '-12'], g = [4, 13, 0, 0, 20, 12])
2022-01-14 15:52:19,612 INFO: Tasks complete. Recording data and exiting.
2022-02-12 17:01:01,249 INFO: Loaded curve data from file.
2022-02-12 17:01:01,249 INFO: Computing elliptic Chabauty map... (delta = ['1'], g = [4, 13, 0, 0, 20, 12])
2022-02-12 17:01:11,107 INFO: Elliptic Chabauty map computed. (delta = ['1'], g = [4, 13, 0, 0, 20, 12])
2022-02-12 17:01:11,109 INFO: Computing elliptic Chabauty map... (delta = ['-4', '-12', '1', '0', '-20', '-12'], g = [4, 13, 0, 0, 20, 12])
2022-02-12 17:01:21,063 INFO: Elliptic Chabauty map computed. (delta = ['-4', '-12', '1', '0', '-20', '-12'], g = [4, 13, 0, 0, 20, 12])
2022-02-12 17:01:21,065 INFO: Tasks complete. Recording data and exiting.
