2022-01-14 12:17:17,719 INFO: Initialized curve data.
2022-01-14 12:17:17,725 INFO: Setting up initial twist data...
2022-01-14 12:17:19,068 INFO: Twist setup complete.
2022-01-14 12:17:19,068 INFO: Searching for rational points on each twist...
2022-01-14 12:17:22,087 INFO: Finished searching for rational points on each twist.
2022-01-14 12:17:22,087 INFO: Testing local solvability of twists...
2022-01-14 12:17:22,101 INFO: Finished local solvability testing.
2022-01-14 12:17:22,103 INFO: Computing elliptic curve a-invariants...
2022-01-14 12:17:32,033 INFO: Finished computation of a-invariants.
2022-01-14 12:17:32,040 INFO: Computing MW group (delta = ['4', '8', '8', '14', '4', '1'], g = [4, 9, 8, 14, 4, 1])...
2022-01-14 12:19:00,041 INFO: Finished MW computation (delta = ['4', '8', '8', '14', '4', '1'], g = [4, 9, 8, 14, 4, 1])
2022-01-14 12:19:00,045 INFO: Computing MW group (delta = ['1'], g = [4, 9, 8, 14, 4, 1])...
2022-01-14 13:22:21,268 INFO: Finished MW computation (delta = ['1'], g = [4, 9, 8, 14, 4, 1])
2022-01-14 13:22:21,277 INFO: Computing MW group (delta = ['-2', '-4', '-3', '-7', '-2', '-1/2'], g = [4, 9, 8, 14, 4, 1])...
2022-01-14 13:25:56,483 INFO: Finished MW computation (delta = ['-2', '-4', '-3', '-7', '-2', '-1/2'], g = [4, 9, 8, 14, 4, 1])
2022-01-14 13:25:56,639 INFO: Computing MW group (delta = ['-1/2', '-1'], g = [4, 9, 8, 14, 4, 1])...
2022-01-14 13:27:34,589 INFO: Finished MW computation (delta = ['-1/2', '-1'], g = [4, 9, 8, 14, 4, 1])
2022-01-14 13:27:34,597 INFO: Reducing MW generators...
2022-01-14 13:27:38,014 INFO: Finished reducing MW generators.
2022-01-14 13:27:38,053 INFO: Tasks complete. Recording data and exiting.
