2022-02-01 12:30:22,860 INFO: Initialized curve data.
2022-02-01 12:30:22,864 INFO: Setting up initial twist data...
2022-02-01 12:30:23,844 INFO: Twist setup complete.
2022-02-01 12:30:23,844 INFO: Searching for rational points on each twist...
2022-02-01 12:30:25,490 INFO: Finished searching for rational points on each twist.
2022-02-01 12:30:25,490 INFO: Testing local solvability of twists...
2022-02-01 12:31:29,369 INFO: Finished local solvability testing.
2022-02-01 12:31:29,370 INFO: Computing elliptic curve a-invariants...
2022-02-01 12:31:38,290 INFO: Finished computation of a-invariants.
2022-02-01 12:31:38,292 INFO: Computing MW group (delta = ['4', '8', '1', '-12', '-5', '5'], g = [4, 9, 2, -13, -6, 5])...
2022-02-01 12:32:36,909 INFO: Finished MW computation (delta = ['4', '8', '1', '-12', '-5', '5'], g = [4, 9, 2, -13, -6, 5])
2022-02-01 12:32:36,912 INFO: Skipped MW computation because no base point (delta = ['-1', '0', '1'])
2022-02-01 12:32:36,912 INFO: Computing MW group (delta = ['1'], g = [4, 9, 2, -13, -6, 5])...
2022-02-01 12:33:39,427 INFO: Finished MW computation (delta = ['1'], g = [4, 9, 2, -13, -6, 5])
2022-02-01 12:33:39,430 INFO: Computing MW group (delta = ['-4', '-8', '-1', '13', '6', '-5'], g = [4, 9, 2, -13, -6, 5])...
2022-02-01 12:34:38,047 INFO: Finished MW computation (delta = ['-4', '-8', '-1', '13', '6', '-5'], g = [4, 9, 2, -13, -6, 5])
2022-02-01 12:34:38,050 INFO: Reducing MW generators...
2022-02-01 12:34:39,385 INFO: Finished reducing MW generators.
2022-02-01 12:34:39,388 INFO: Tasks complete. Recording data and exiting.
2022-02-02 04:42:44,713 INFO: Loaded curve data from file.
2022-02-02 04:42:44,714 INFO: Running elliptic Chabauty (delta = ['4', '8', '1', '-12', '-5', '5'], g = [4, 9, 2, -13, -6, 5])...
2022-02-02 04:42:59,111 INFO: Chabauty completed successfully (delta = ['4', '8', '1', '-12', '-5', '5'], g = [4, 9, 2, -13, -6, 5]).
2022-02-02 04:42:59,114 INFO: Skipped Chabauty because no base point (delta = ['-1', '0', '1'])
2022-02-02 04:42:59,114 INFO: Skipped Chabauty because MW group hasn't been provably computed. (delta = ['1'], g = [4, 9, 2, -13, -6, 5])
2022-02-02 04:42:59,115 INFO: Skipped Chabauty because MW group hasn't been provably computed. (delta = ['-4', '-8', '-1', '13', '6', '-5'], g = [4, 9, 2, -13, -6, 5])
2022-02-02 04:42:59,181 INFO: Tasks complete. Recording data and exiting.
2022-02-12 16:53:17,853 INFO: Loaded curve data from file.
2022-02-12 16:53:17,853 INFO: Computing elliptic Chabauty map... (delta = ['4', '8', '1', '-12', '-5', '5'], g = [4, 9, 2, -13, -6, 5])
2022-02-12 16:53:34,465 INFO: Elliptic Chabauty map computed. (delta = ['4', '8', '1', '-12', '-5', '5'], g = [4, 9, 2, -13, -6, 5])
2022-02-12 16:53:34,468 INFO: Computing elliptic Chabauty map... (delta = ['1'], g = [4, 9, 2, -13, -6, 5])
2022-02-12 16:53:50,894 INFO: Elliptic Chabauty map computed. (delta = ['1'], g = [4, 9, 2, -13, -6, 5])
2022-02-12 16:53:50,897 INFO: Computing elliptic Chabauty map... (delta = ['-4', '-8', '-1', '13', '6', '-5'], g = [4, 9, 2, -13, -6, 5])
2022-02-12 16:54:07,240 INFO: Elliptic Chabauty map computed. (delta = ['-4', '-8', '-1', '13', '6', '-5'], g = [4, 9, 2, -13, -6, 5])
2022-02-12 16:54:07,243 INFO: Tasks complete. Recording data and exiting.
