2022-01-11 15:42:09,886 INFO: Initialized curve data.
2022-01-11 15:42:09,891 INFO: Setting up initial twist data...
2022-01-11 15:42:11,039 INFO: Twist setup complete.
2022-01-11 15:42:11,039 INFO: Searching for rational points on each twist...
2022-01-11 15:42:12,808 INFO: Finished searching for rational points on each twist.
2022-01-11 15:42:12,809 INFO: Testing local solvability of twists...
2022-01-11 15:42:12,814 INFO: Finished local solvability testing.
2022-01-11 15:42:12,815 INFO: Computing elliptic curve a-invariants...
2022-01-11 15:42:32,611 INFO: Finished computation of a-invariants.
2022-01-11 15:42:32,612 INFO: Computing MW group (delta = ['-4', '4', '1', '4', '0', '-4'], g = [4, -5, 0, -4, 0, 4])...
2022-01-11 15:42:48,195 INFO: Finished MW computation (delta = ['-4', '4', '1', '4', '0', '-4'], g = [4, -5, 0, -4, 0, 4])
2022-01-11 15:42:48,197 INFO: Computing MW group (delta = ['-1', '0', '1'], g = [4, -5, 0, -4, 0, 4])...
2022-01-11 15:44:04,886 INFO: Finished MW computation (delta = ['-1', '0', '1'], g = [4, -5, 0, -4, 0, 4])
2022-01-11 15:44:04,889 INFO: Computing MW group (delta = ['4', '-4', '-1', '-5', '1', '4'], g = [4, -5, 0, -4, 0, 4])...
2022-01-11 15:44:51,013 INFO: Finished MW computation (delta = ['4', '-4', '-1', '-5', '1', '4'], g = [4, -5, 0, -4, 0, 4])
2022-01-11 15:44:51,015 INFO: Computing MW group (delta = ['1'], g = [4, -5, 0, -4, 0, 4])...
2022-01-11 15:46:51,369 INFO: Finished MW computation (delta = ['1'], g = [4, -5, 0, -4, 0, 4])
2022-01-11 15:46:51,373 INFO: Reducing MW generators...
2022-01-11 15:46:55,471 INFO: Finished reducing MW generators.
2022-01-11 15:46:55,473 INFO: Tasks complete. Recording data and exiting.
