2022-01-13 21:54:49,338 INFO: Initialized curve data.
2022-01-13 21:54:49,348 INFO: Setting up initial twist data...
2022-01-13 21:54:50,224 INFO: Twist setup complete.
2022-01-13 21:54:50,224 INFO: Searching for rational points on each twist...
2022-01-13 21:54:51,429 INFO: Finished searching for rational points on each twist.
2022-01-13 21:54:51,429 INFO: Testing local solvability of twists...
2022-01-13 21:54:53,319 INFO: Finished local solvability testing.
2022-01-13 21:54:53,321 INFO: Computing elliptic curve a-invariants...
2022-01-13 21:55:01,716 INFO: Finished computation of a-invariants.
2022-01-13 21:55:01,717 INFO: Skipped MW computation because no base point (delta = ['2', '-9/2', '1', '23/2', '-5', '1/2'])
2022-01-13 21:55:01,717 INFO: Computing MW group (delta = ['1/2', '-1', '1'], g = [4, -8, 0, 25, -10, 1])...
2022-01-13 21:56:00,591 INFO: Finished MW computation (delta = ['1/2', '-1', '1'], g = [4, -8, 0, 25, -10, 1])
2022-01-13 21:56:00,594 INFO: Computing MW group (delta = ['4', '-9', '0', '25', '-10', '1'], g = [4, -8, 0, 25, -10, 1])...
2022-01-13 21:57:53,046 INFO: Finished MW computation (delta = ['4', '-9', '0', '25', '-10', '1'], g = [4, -8, 0, 25, -10, 1])
2022-01-13 21:57:53,049 INFO: Computing MW group (delta = ['1'], g = [4, -8, 0, 25, -10, 1])...
2022-01-14 11:35:22,704 INFO: Loaded curve data from file.
2022-01-14 11:35:22,704 INFO: Reducing MW generators...
2022-01-14 11:35:23,103 INFO: Finished reducing MW generators.
2022-01-14 11:35:23,105 INFO: Skipped Chabauty because no base point (delta = ['2', '-9/2', '1', '23/2', '-5', '1/2'])
2022-01-14 11:35:23,106 INFO: Skipped Chabauty because MW group hasn't been provably computed. (delta = ['1/2', '-1', '1'], g = [4, -8, 0, 25, -10, 1])
2022-01-14 11:35:23,106 INFO: Running elliptic Chabauty (delta = ['4', '-9', '0', '25', '-10', '1'], g = [4, -8, 0, 25, -10, 1])...
2022-01-14 11:35:36,416 INFO: Chabauty completed successfully (delta = ['4', '-9', '0', '25', '-10', '1'], g = [4, -8, 0, 25, -10, 1]).
2022-01-14 11:35:36,418 INFO: Skipped Chabauty because MW generators haven't been computed. (delta = ['1'], g = [4, -8, 0, 25, -10, 1])
2022-01-14 11:35:36,516 INFO: Tasks complete. Recording data and exiting.
2022-02-12 17:11:31,485 INFO: Loaded curve data from file.
2022-02-12 17:11:31,485 INFO: Computing elliptic Chabauty map... (delta = ['1/2', '-1', '1'], g = [4, -8, 0, 25, -10, 1])
2022-02-12 17:11:45,549 INFO: Elliptic Chabauty map computed. (delta = ['1/2', '-1', '1'], g = [4, -8, 0, 25, -10, 1])
2022-02-12 17:11:45,551 INFO: Computing elliptic Chabauty map... (delta = ['4', '-9', '0', '25', '-10', '1'], g = [4, -8, 0, 25, -10, 1])
2022-02-12 17:11:59,113 INFO: Elliptic Chabauty map computed. (delta = ['4', '-9', '0', '25', '-10', '1'], g = [4, -8, 0, 25, -10, 1])
2022-02-12 17:11:59,115 INFO: Computing elliptic Chabauty map... (delta = ['1'], g = [4, -8, 0, 25, -10, 1])
2022-02-12 17:12:12,633 INFO: Elliptic Chabauty map computed. (delta = ['1'], g = [4, -8, 0, 25, -10, 1])
2022-02-12 17:12:12,636 INFO: Tasks complete. Recording data and exiting.
