2022-01-12 12:31:13,046 INFO: Initialized curve data.
2022-01-12 12:31:13,049 INFO: Setting up initial twist data...
2022-01-12 12:31:14,383 INFO: Twist setup complete.
2022-01-12 12:31:14,384 INFO: Searching for rational points on each twist...
2022-01-12 12:31:17,322 INFO: Finished searching for rational points on each twist.
2022-01-12 12:31:17,322 INFO: Testing local solvability of twists...
2022-01-12 12:31:17,330 INFO: Finished local solvability testing.
2022-01-12 12:31:17,331 INFO: Computing elliptic curve a-invariants...
2022-01-12 12:31:36,669 INFO: Finished computation of a-invariants.
2022-01-12 12:31:36,671 INFO: Computing MW group (delta = ['-2', '11', '-6', '-11', '4', '1'], g = [-4, 12, -6, -11, 4, 1])...
2022-01-12 12:34:30,576 INFO: Finished MW computation (delta = ['-2', '11', '-6', '-11', '4', '1'], g = [-4, 12, -6, -11, 4, 1])
2022-01-12 12:34:30,579 INFO: Computing MW group (delta = ['1', '-1'], g = [-4, 12, -6, -11, 4, 1])...
2022-01-12 12:37:22,958 INFO: Finished MW computation (delta = ['1', '-1'], g = [-4, 12, -6, -11, 4, 1])
2022-01-12 12:37:22,961 INFO: Computing MW group (delta = ['1'], g = [-4, 12, -6, -11, 4, 1])...
2022-01-12 12:42:16,638 INFO: Finished MW computation (delta = ['1'], g = [-4, 12, -6, -11, 4, 1])
2022-01-12 12:42:16,642 INFO: Computing MW group (delta = ['6', '-15', '7', '11', '-4', '-1'], g = [-4, 12, -6, -11, 4, 1])...
2022-01-12 12:45:00,402 INFO: Finished MW computation (delta = ['6', '-15', '7', '11', '-4', '-1'], g = [-4, 12, -6, -11, 4, 1])
2022-01-12 12:45:00,407 INFO: Reducing MW generators...
2022-01-12 12:45:06,212 INFO: Finished reducing MW generators.
2022-01-12 12:45:06,215 INFO: Tasks complete. Recording data and exiting.
2022-01-14 11:32:44,381 INFO: Loaded curve data from file.
2022-01-14 11:32:44,382 INFO: Skipped Chabauty because MW group hasn't been provably computed. (delta = ['-2', '11', '-6', '-11', '4', '1'], g = [-4, 12, -6, -11, 4, 1])
2022-01-14 11:32:44,383 INFO: Running elliptic Chabauty (delta = ['1', '-1'], g = [-4, 12, -6, -11, 4, 1])...
2022-01-14 11:33:08,141 INFO: Chabauty completed successfully (delta = ['1', '-1'], g = [-4, 12, -6, -11, 4, 1]).
2022-01-14 11:33:08,155 INFO: Skipped Chabauty because MW group hasn't been provably computed. (delta = ['1'], g = [-4, 12, -6, -11, 4, 1])
2022-01-14 11:33:08,155 INFO: Running elliptic Chabauty (delta = ['6', '-15', '7', '11', '-4', '-1'], g = [-4, 12, -6, -11, 4, 1])...
2022-01-14 11:33:26,820 INFO: Chabauty completed successfully (delta = ['6', '-15', '7', '11', '-4', '-1'], g = [-4, 12, -6, -11, 4, 1]).
2022-01-14 11:33:26,937 INFO: Tasks complete. Recording data and exiting.
