2022-01-12 12:29:01,443 INFO: Initialized curve data.
2022-01-12 12:29:01,445 INFO: Setting up initial twist data...
2022-01-12 12:29:02,798 INFO: Twist setup complete.
2022-01-12 12:29:02,798 INFO: Searching for rational points on each twist...
2022-01-12 12:29:04,909 INFO: Finished searching for rational points on each twist.
2022-01-12 12:29:04,910 INFO: Testing local solvability of twists...
2022-01-12 12:29:24,318 INFO: Finished local solvability testing.
2022-01-12 12:29:24,319 INFO: Computing elliptic curve a-invariants...
2022-01-12 12:29:30,641 INFO: Finished computation of a-invariants.
2022-01-12 12:29:30,642 INFO: Computing MW group (delta = ['-1', '-1', '1'], g = [-4, -3, -10, 3, 2, 1])...
2022-01-12 12:30:45,630 INFO: Finished MW computation (delta = ['-1', '-1', '1'], g = [-4, -3, -10, 3, 2, 1])
2022-01-12 12:30:45,633 INFO: Computing MW group (delta = ['1'], g = [-4, -3, -10, 3, 2, 1])...
2022-01-12 12:34:38,143 INFO: Finished MW computation (delta = ['1'], g = [-4, -3, -10, 3, 2, 1])
2022-01-12 12:34:38,146 INFO: Computing MW group (delta = ['-4', '-4', '-10', '3', '2', '1'], g = [-4, -3, -10, 3, 2, 1])...
2022-01-12 12:35:44,847 INFO: Finished MW computation (delta = ['-4', '-4', '-10', '3', '2', '1'], g = [-4, -3, -10, 3, 2, 1])
2022-01-12 12:35:44,849 INFO: Skipped MW computation because no base point (delta = ['4', '4', '11', '-4', '-2', '-1'])
2022-01-12 12:35:44,851 INFO: Reducing MW generators...
2022-01-12 12:35:46,482 INFO: Finished reducing MW generators.
2022-01-12 12:35:46,483 INFO: Tasks complete. Recording data and exiting.
2022-01-14 11:32:42,714 INFO: Loaded curve data from file.
2022-01-14 11:32:42,715 INFO: Skipped Chabauty because MW group hasn't been provably computed. (delta = ['-1', '-1', '1'], g = [-4, -3, -10, 3, 2, 1])
2022-01-14 11:32:42,715 INFO: Skipped Chabauty because MW group hasn't been provably computed. (delta = ['1'], g = [-4, -3, -10, 3, 2, 1])
2022-01-14 11:32:42,716 INFO: Running elliptic Chabauty (delta = ['-4', '-4', '-10', '3', '2', '1'], g = [-4, -3, -10, 3, 2, 1])...
2022-01-14 11:32:56,449 INFO: Chabauty completed successfully (delta = ['-4', '-4', '-10', '3', '2', '1'], g = [-4, -3, -10, 3, 2, 1]).
2022-01-14 11:32:56,452 INFO: Skipped Chabauty because no base point (delta = ['4', '4', '11', '-4', '-2', '-1'])
2022-01-14 11:32:56,550 INFO: Tasks complete. Recording data and exiting.
