2022-01-11 12:29:16,735 INFO: Initialized curve data.
2022-01-11 12:29:16,738 INFO: Setting up initial twist data...
2022-01-11 12:29:17,706 INFO: Twist setup complete.
2022-01-11 12:29:17,706 INFO: Searching for rational points on each twist...
2022-01-11 12:29:19,088 INFO: Finished searching for rational points on each twist.
2022-01-11 12:29:19,088 INFO: Testing local solvability of twists...
2022-01-11 12:29:19,092 INFO: Finished local solvability testing.
2022-01-11 12:29:19,093 INFO: Computing elliptic curve a-invariants...
2022-01-11 12:29:26,037 INFO: Finished computation of a-invariants.
2022-01-11 12:29:26,038 INFO: Computing MW group (delta = ['4', '0', '-3', '0', '-4', '4'], g = [4, 1, -4, 0, -4, 4])...
2022-01-11 12:30:36,982 INFO: Finished MW computation (delta = ['4', '0', '-3', '0', '-4', '4'], g = [4, 1, -4, 0, -4, 4])
2022-01-11 12:30:36,985 INFO: Computing MW group (delta = ['-1', '0', '1'], g = [4, 1, -4, 0, -4, 4])...
2022-01-11 12:38:48,664 INFO: Finished MW computation (delta = ['-1', '0', '1'], g = [4, 1, -4, 0, -4, 4])
2022-01-11 12:38:48,668 INFO: Computing MW group (delta = ['1'], g = [4, 1, -4, 0, -4, 4])...
2022-01-11 13:23:47,260 INFO: Finished MW computation (delta = ['1'], g = [4, 1, -4, 0, -4, 4])
2022-01-11 13:23:47,264 INFO: Computing MW group (delta = ['-4', '0', '3', '-1', '5', '-4'], g = [4, 1, -4, 0, -4, 4])...
2022-01-11 13:24:42,970 INFO: Finished MW computation (delta = ['-4', '0', '3', '-1', '5', '-4'], g = [4, 1, -4, 0, -4, 4])
2022-01-11 13:24:42,975 INFO: Reducing MW generators...
2022-01-11 13:24:46,896 INFO: Finished reducing MW generators.
2022-01-11 13:24:46,899 INFO: Tasks complete. Recording data and exiting.
