2022-01-14 12:17:16,010 INFO: Initialized curve data.
2022-01-14 12:17:16,019 INFO: Setting up initial twist data...
2022-01-14 12:17:17,187 INFO: Twist setup complete.
2022-01-14 12:17:17,187 INFO: Searching for rational points on each twist...
2022-01-14 12:17:19,080 INFO: Finished searching for rational points on each twist.
2022-01-14 12:17:19,081 INFO: Testing local solvability of twists...
2022-01-14 12:17:20,308 INFO: Finished local solvability testing.
2022-01-14 12:17:20,310 INFO: Computing elliptic curve a-invariants...
2022-01-14 12:17:26,931 INFO: Finished computation of a-invariants.
2022-01-14 12:17:26,933 INFO: Skipped MW computation because no base point (delta = ['-16', '68', '55', '11', '8', '4'])
2022-01-14 12:17:26,933 INFO: Computing MW group (delta = ['1'], g = [-4, 17, 14, 3, 2, 1])...
2022-01-14 12:19:46,324 INFO: Finished MW computation (delta = ['1'], g = [-4, 17, 14, 3, 2, 1])
2022-01-14 12:19:46,329 INFO: Computing MW group (delta = ['-4', '16', '14', '3', '2', '1'], g = [-4, 17, 14, 3, 2, 1])...
2022-01-14 12:21:22,803 INFO: Finished MW computation (delta = ['-4', '16', '14', '3', '2', '1'], g = [-4, 17, 14, 3, 2, 1])
2022-01-14 12:21:22,806 INFO: Computing MW group (delta = ['4', '-16', '-13', '-3', '-2', '-1'], g = [-4, 17, 14, 3, 2, 1])...
2022-01-14 15:52:17,446 INFO: Loaded curve data from file.
2022-01-14 15:52:17,446 INFO: Reducing MW generators...
2022-01-14 15:52:18,252 INFO: Finished reducing MW generators.
2022-01-14 15:52:18,254 INFO: Skipped Chabauty because no base point (delta = ['-16', '68', '55', '11', '8', '4'])
2022-01-14 15:52:18,254 INFO: Skipped Chabauty because MW group hasn't been provably computed. (delta = ['1'], g = [-4, 17, 14, 3, 2, 1])
2022-01-14 15:52:18,254 INFO: Running elliptic Chabauty (delta = ['-4', '16', '14', '3', '2', '1'], g = [-4, 17, 14, 3, 2, 1])...
2022-01-14 15:52:35,776 INFO: Chabauty completed successfully (delta = ['-4', '16', '14', '3', '2', '1'], g = [-4, 17, 14, 3, 2, 1]).
2022-01-14 15:52:35,942 INFO: Skipped Chabauty because MW generators haven't been computed. (delta = ['4', '-16', '-13', '-3', '-2', '-1'], g = [-4, 17, 14, 3, 2, 1])
2022-01-14 15:52:36,078 INFO: Tasks complete. Recording data and exiting.
