2022-01-11 12:29:19,878 INFO: Initialized curve data.
2022-01-11 12:29:19,881 INFO: Setting up initial twist data...
2022-01-11 12:29:20,918 INFO: Twist setup complete.
2022-01-11 12:29:20,918 INFO: Searching for rational points on each twist...
2022-01-11 12:29:22,318 INFO: Finished searching for rational points on each twist.
2022-01-11 12:29:22,318 INFO: Testing local solvability of twists...
2022-01-11 12:29:22,322 INFO: Finished local solvability testing.
2022-01-11 12:29:22,323 INFO: Computing elliptic curve a-invariants...
2022-01-11 12:29:37,005 INFO: Finished computation of a-invariants.
2022-01-11 12:29:37,467 INFO: Computing MW group (delta = ['-4', '-3', '11', '-2', '-6', '-1'], g = [4, 4, -12, 1, 6, 1])...
2022-01-11 12:30:18,277 INFO: Finished MW computation (delta = ['-4', '-3', '11', '-2', '-6', '-1'], g = [4, 4, -12, 1, 6, 1])
2022-01-11 12:30:18,281 INFO: Computing MW group (delta = ['1'], g = [4, 4, -12, 1, 6, 1])...
2022-01-11 12:31:15,436 INFO: Finished MW computation (delta = ['1'], g = [4, 4, -12, 1, 6, 1])
2022-01-11 12:31:15,439 INFO: Computing MW group (delta = ['-1', '1', '1'], g = [4, 4, -12, 1, 6, 1])...
2022-01-11 12:33:12,378 INFO: Finished MW computation (delta = ['-1', '1', '1'], g = [4, 4, -12, 1, 6, 1])
2022-01-11 12:33:12,383 INFO: Computing MW group (delta = ['4', '3', '-12', '1', '6', '1'], g = [4, 4, -12, 1, 6, 1])...
2022-01-11 12:34:04,117 INFO: Finished MW computation (delta = ['4', '3', '-12', '1', '6', '1'], g = [4, 4, -12, 1, 6, 1])
2022-01-11 12:34:04,122 INFO: Reducing MW generators...
2022-01-11 12:34:06,972 INFO: Finished reducing MW generators.
2022-01-11 12:34:06,974 INFO: Tasks complete. Recording data and exiting.
2022-01-13 17:36:41,860 INFO: Loaded curve data from file.
2022-01-13 17:36:41,861 INFO: Skipped Chabauty because MW group hasn't been provably computed. (delta = ['-4', '-3', '11', '-2', '-6', '-1'], g = [4, 4, -12, 1, 6, 1])
2022-01-13 17:36:41,861 INFO: Running elliptic Chabauty (delta = ['1'], g = [4, 4, -12, 1, 6, 1])...
2022-01-13 17:36:59,524 INFO: Chabauty completed successfully (delta = ['1'], g = [4, 4, -12, 1, 6, 1]).
2022-01-13 17:36:59,526 INFO: Running elliptic Chabauty (delta = ['-1', '1', '1'], g = [4, 4, -12, 1, 6, 1])...
2022-01-13 17:37:13,361 INFO: Chabauty completed successfully (delta = ['-1', '1', '1'], g = [4, 4, -12, 1, 6, 1]).
2022-01-13 17:37:13,363 INFO: Running elliptic Chabauty (delta = ['4', '3', '-12', '1', '6', '1'], g = [4, 4, -12, 1, 6, 1])...
2022-01-13 17:37:33,699 INFO: Chabauty completed successfully (delta = ['4', '3', '-12', '1', '6', '1'], g = [4, 4, -12, 1, 6, 1]).
2022-01-13 17:37:33,812 INFO: Tasks complete. Recording data and exiting.
2022-02-12 17:51:34,156 INFO: Loaded curve data from file.
2022-02-12 17:51:34,156 INFO: Computing elliptic Chabauty map... (delta = ['-4', '-3', '11', '-2', '-6', '-1'], g = [4, 4, -12, 1, 6, 1])
2022-02-12 17:51:49,742 INFO: Elliptic Chabauty map computed. (delta = ['-4', '-3', '11', '-2', '-6', '-1'], g = [4, 4, -12, 1, 6, 1])
2022-02-12 17:51:49,745 INFO: Computing elliptic Chabauty map... (delta = ['1'], g = [4, 4, -12, 1, 6, 1])
2022-02-12 17:52:05,634 INFO: Elliptic Chabauty map computed. (delta = ['1'], g = [4, 4, -12, 1, 6, 1])
2022-02-12 17:52:05,637 INFO: Computing elliptic Chabauty map... (delta = ['-1', '1', '1'], g = [4, 4, -12, 1, 6, 1])
2022-02-12 17:52:21,319 INFO: Elliptic Chabauty map computed. (delta = ['-1', '1', '1'], g = [4, 4, -12, 1, 6, 1])
2022-02-12 17:52:21,322 INFO: Computing elliptic Chabauty map... (delta = ['4', '3', '-12', '1', '6', '1'], g = [4, 4, -12, 1, 6, 1])
2022-02-12 17:52:37,201 INFO: Elliptic Chabauty map computed. (delta = ['4', '3', '-12', '1', '6', '1'], g = [4, 4, -12, 1, 6, 1])
2022-02-12 17:52:37,204 INFO: Tasks complete. Recording data and exiting.
