2022-02-01 12:30:11,567 INFO: Initialized curve data.
2022-02-01 12:30:11,570 INFO: Setting up initial twist data...
2022-02-01 12:30:12,509 INFO: Twist setup complete.
2022-02-01 12:30:12,509 INFO: Searching for rational points on each twist...
2022-02-01 12:30:14,058 INFO: Finished searching for rational points on each twist.
2022-02-01 12:30:14,058 INFO: Testing local solvability of twists...
2022-02-01 12:30:14,064 INFO: Finished local solvability testing.
2022-02-01 12:30:14,065 INFO: Computing elliptic curve a-invariants...
2022-02-01 12:30:25,916 INFO: Finished computation of a-invariants.
2022-02-01 12:30:25,917 INFO: Computing MW group (delta = ['-16', '16', '63', '11', '-32', '-16'], g = [4, -4, -16, -3, 8, 4])...
2022-02-01 12:34:48,633 INFO: Finished MW computation (delta = ['-16', '16', '63', '11', '-32', '-16'], g = [4, -4, -16, -3, 8, 4])
2022-02-01 12:34:48,638 INFO: Computing MW group (delta = ['4', '-5', '-16', '-3', '8', '4'], g = [4, -4, -16, -3, 8, 4])...
2022-02-01 12:41:09,425 INFO: Finished MW computation (delta = ['4', '-5', '-16', '-3', '8', '4'], g = [4, -4, -16, -3, 8, 4])
2022-02-01 12:41:09,431 INFO: Computing MW group (delta = ['1'], g = [4, -4, -16, -3, 8, 4])...
2022-02-01 12:57:13,110 INFO: Finished MW computation (delta = ['1'], g = [4, -4, -16, -3, 8, 4])
2022-02-01 12:57:13,112 INFO: Computing MW group (delta = ['-4', '5', '17', '3', '-8', '-4'], g = [4, -4, -16, -3, 8, 4])...
2022-02-01 12:59:24,779 INFO: Finished MW computation (delta = ['-4', '5', '17', '3', '-8', '-4'], g = [4, -4, -16, -3, 8, 4])
2022-02-01 12:59:24,786 INFO: Reducing MW generators...
2022-02-01 12:59:27,839 INFO: Finished reducing MW generators.
2022-02-01 12:59:27,842 INFO: Tasks complete. Recording data and exiting.
2022-02-02 04:42:35,099 INFO: Loaded curve data from file.
2022-02-02 04:42:35,100 INFO: Skipped Chabauty because MW group hasn't been provably computed. (delta = ['-16', '16', '63', '11', '-32', '-16'], g = [4, -4, -16, -3, 8, 4])
2022-02-02 04:42:35,100 INFO: Running elliptic Chabauty (delta = ['4', '-5', '-16', '-3', '8', '4'], g = [4, -4, -16, -3, 8, 4])...
2022-02-02 04:43:22,513 INFO: Chabauty completed successfully (delta = ['4', '-5', '-16', '-3', '8', '4'], g = [4, -4, -16, -3, 8, 4]).
2022-02-02 04:43:22,517 INFO: Skipped Chabauty because MW group hasn't been provably computed. (delta = ['1'], g = [4, -4, -16, -3, 8, 4])
2022-02-02 04:43:22,517 INFO: Skipped Chabauty because MW group hasn't been provably computed. (delta = ['-4', '5', '17', '3', '-8', '-4'], g = [4, -4, -16, -3, 8, 4])
2022-02-02 04:43:22,554 INFO: Tasks complete. Recording data and exiting.
