2022-01-12 12:26:03,692 INFO: Initialized curve data.
2022-01-12 12:26:03,697 INFO: Setting up initial twist data...
2022-01-12 12:26:05,094 INFO: Twist setup complete.
2022-01-12 12:26:05,094 INFO: Searching for rational points on each twist...
2022-01-12 12:26:07,679 INFO: Finished searching for rational points on each twist.
2022-01-12 12:26:07,679 INFO: Testing local solvability of twists...
2022-01-12 12:26:07,686 INFO: Finished local solvability testing.
2022-01-12 12:26:07,687 INFO: Computing elliptic curve a-invariants...
2022-01-12 12:26:17,871 INFO: Finished computation of a-invariants.
2022-01-12 12:26:17,873 INFO: Computing MW group (delta = ['1'], g = [8, 4, -4, 4, 4, 1])...
2022-01-12 12:26:49,672 INFO: Finished MW computation (delta = ['1'], g = [8, 4, -4, 4, 4, 1])
2022-01-12 12:26:49,674 INFO: Computing MW group (delta = ['8', '3', '-4', '4', '4', '1'], g = [8, 4, -4, 4, 4, 1])...
2022-01-12 12:28:21,300 INFO: Finished MW computation (delta = ['8', '3', '-4', '4', '4', '1'], g = [8, 4, -4, 4, 4, 1])
2022-01-12 12:28:21,302 INFO: Computing MW group (delta = ['-8', '-3', '5', '-4', '-4', '-1'], g = [8, 4, -4, 4, 4, 1])...
2022-01-12 12:28:42,884 INFO: Finished MW computation (delta = ['-8', '-3', '5', '-4', '-4', '-1'], g = [8, 4, -4, 4, 4, 1])
2022-01-12 12:28:42,887 INFO: Computing MW group (delta = ['-64', '-32', '31', '-33', '-32', '-8'], g = [8, 4, -4, 4, 4, 1])...
2022-01-12 12:30:00,130 INFO: Finished MW computation (delta = ['-64', '-32', '31', '-33', '-32', '-8'], g = [8, 4, -4, 4, 4, 1])
2022-01-12 12:30:00,136 INFO: Reducing MW generators...
2022-01-12 12:30:05,350 INFO: Finished reducing MW generators.
2022-01-12 12:30:05,352 INFO: Tasks complete. Recording data and exiting.
