2022-01-11 15:41:08,942 INFO: Initialized curve data.
2022-01-11 15:41:08,946 INFO: Setting up initial twist data...
2022-01-11 15:41:10,066 INFO: Twist setup complete.
2022-01-11 15:41:10,067 INFO: Searching for rational points on each twist...
2022-01-11 15:41:12,006 INFO: Finished searching for rational points on each twist.
2022-01-11 15:41:12,006 INFO: Testing local solvability of twists...
2022-01-11 15:41:12,011 INFO: Finished local solvability testing.
2022-01-11 15:41:12,013 INFO: Computing elliptic curve a-invariants...
2022-01-11 15:41:20,078 INFO: Finished computation of a-invariants.
2022-01-11 15:41:20,079 INFO: Computing MW group (delta = ['0', '-12', '-16', '2', '2', '1'], g = [-2, -11, -16, 2, 2, 1])...
2022-01-14 09:08:00,418 INFO: Loaded curve data from file.
2022-01-14 09:08:00,418 INFO: Reducing MW generators...
2022-01-14 09:08:00,418 INFO: Finished reducing MW generators.
2022-01-14 09:08:00,421 INFO: Skipped Chabauty because MW generators haven't been computed. (delta = ['0', '-12', '-16', '2', '2', '1'], g = [-2, -11, -16, 2, 2, 1])
2022-01-14 09:08:00,421 INFO: Skipped Chabauty because MW generators haven't been computed. (delta = ['4', '20', '33', '-4', '-4', '-2'], g = [-2, -11, -16, 2, 2, 1])
2022-01-14 09:08:00,421 INFO: Skipped Chabauty because MW generators haven't been computed. (delta = ['1'], g = [-2, -11, -16, 2, 2, 1])
2022-01-14 09:08:00,421 INFO: Skipped Chabauty because MW generators haven't been computed. (delta = ['0', '-1'], g = [-2, -11, -16, 2, 2, 1])
2022-01-14 09:08:00,423 INFO: Tasks complete. Recording data and exiting.
2022-02-12 17:36:50,678 INFO: Loaded curve data from file.
2022-02-12 17:36:50,679 INFO: Computing elliptic Chabauty map... (delta = ['0', '-12', '-16', '2', '2', '1'], g = [-2, -11, -16, 2, 2, 1])
2022-02-12 17:36:59,398 INFO: Elliptic Chabauty map computed. (delta = ['0', '-12', '-16', '2', '2', '1'], g = [-2, -11, -16, 2, 2, 1])
2022-02-12 17:36:59,401 INFO: Computing elliptic Chabauty map... (delta = ['4', '20', '33', '-4', '-4', '-2'], g = [-2, -11, -16, 2, 2, 1])
2022-02-12 17:37:07,903 INFO: Elliptic Chabauty map computed. (delta = ['4', '20', '33', '-4', '-4', '-2'], g = [-2, -11, -16, 2, 2, 1])
2022-02-12 17:37:07,905 INFO: Computing elliptic Chabauty map... (delta = ['1'], g = [-2, -11, -16, 2, 2, 1])
2022-02-12 17:37:16,384 INFO: Elliptic Chabauty map computed. (delta = ['1'], g = [-2, -11, -16, 2, 2, 1])
2022-02-12 17:37:16,387 INFO: Computing elliptic Chabauty map... (delta = ['0', '-1'], g = [-2, -11, -16, 2, 2, 1])
2022-02-12 17:37:24,850 INFO: Elliptic Chabauty map computed. (delta = ['0', '-1'], g = [-2, -11, -16, 2, 2, 1])
2022-02-12 17:37:24,853 INFO: Tasks complete. Recording data and exiting.
