2022-01-12 12:25:08,550 INFO: Initialized curve data.
2022-01-12 12:25:08,555 INFO: Setting up initial twist data...
2022-01-12 12:25:09,910 INFO: Twist setup complete.
2022-01-12 12:25:09,911 INFO: Searching for rational points on each twist...
2022-01-12 12:25:13,052 INFO: Finished searching for rational points on each twist.
2022-01-12 12:25:13,052 INFO: Testing local solvability of twists...
2022-01-12 12:25:21,529 INFO: Finished local solvability testing.
2022-01-12 12:25:21,532 INFO: Computing elliptic curve a-invariants...
2022-01-12 12:25:33,911 INFO: Finished computation of a-invariants.
2022-01-12 12:25:33,914 INFO: Computing MW group (delta = ['-16', '-8', '3', '13', '4', '2'], g = [-8, -3, 2, 7, 2, 1])...
2022-01-12 12:32:39,311 INFO: Finished MW computation (delta = ['-16', '-8', '3', '13', '4', '2'], g = [-8, -3, 2, 7, 2, 1])
2022-01-12 12:32:39,318 INFO: Computing MW group (delta = ['-2', '-3', '-2', '-1'], g = [-8, -3, 2, 7, 2, 1])...
2022-01-12 12:34:22,390 INFO: Finished MW computation (delta = ['-2', '-3', '-2', '-1'], g = [-8, -3, 2, 7, 2, 1])
2022-01-12 12:34:22,395 INFO: Skipped MW computation because no base point (delta = ['16', '8', '-1', '-12', '-3', '-2'])
2022-01-12 12:34:22,395 INFO: Computing MW group (delta = ['-8', '-4', '2', '7', '2', '1'], g = [-8, -3, 2, 7, 2, 1])...
2022-01-12 12:36:01,477 INFO: Finished MW computation (delta = ['-8', '-4', '2', '7', '2', '1'], g = [-8, -3, 2, 7, 2, 1])
2022-01-12 12:36:01,483 INFO: Computing MW group (delta = ['2', '1', '1'], g = [-8, -3, 2, 7, 2, 1])...
2022-01-12 12:39:32,949 INFO: Finished MW computation (delta = ['2', '1', '1'], g = [-8, -3, 2, 7, 2, 1])
2022-01-12 12:39:32,954 INFO: Computing MW group (delta = ['8', '4', '-1', '-7', '-2', '-1'], g = [-8, -3, 2, 7, 2, 1])...
2022-01-12 12:41:43,770 INFO: Finished MW computation (delta = ['8', '4', '-1', '-7', '-2', '-1'], g = [-8, -3, 2, 7, 2, 1])
2022-01-12 12:41:43,775 INFO: Computing MW group (delta = ['1'], g = [-8, -3, 2, 7, 2, 1])...
2022-01-12 13:10:23,399 INFO: Finished MW computation (delta = ['1'], g = [-8, -3, 2, 7, 2, 1])
2022-01-12 13:10:23,403 INFO: Computing MW group (delta = ['-1', '-1'], g = [-8, -3, 2, 7, 2, 1])...
2022-01-12 13:14:15,288 INFO: Finished MW computation (delta = ['-1', '-1'], g = [-8, -3, 2, 7, 2, 1])
2022-01-12 13:14:15,299 INFO: Reducing MW generators...
2022-01-12 13:14:19,179 INFO: Finished reducing MW generators.
2022-01-12 13:14:19,181 INFO: Tasks complete. Recording data and exiting.
