2022-01-11 12:29:28,011 INFO: Initialized curve data.
2022-01-11 12:29:28,017 INFO: Setting up initial twist data...
2022-01-11 12:29:29,665 INFO: Twist setup complete.
2022-01-11 12:29:29,665 INFO: Searching for rational points on each twist...
2022-01-11 12:29:34,353 INFO: Finished searching for rational points on each twist.
2022-01-11 12:29:34,354 INFO: Testing local solvability of twists...
2022-01-11 12:30:07,408 INFO: Finished local solvability testing.
2022-01-11 12:30:07,410 INFO: Computing elliptic curve a-invariants...
2022-01-11 12:30:11,398 INFO: Finished computation of a-invariants.
2022-01-11 12:30:11,400 INFO: Skipped MW computation because no base point (delta = ['1', '1', '-12', '-17', '9', '2'])
2022-01-11 12:30:11,400 INFO: Skipped MW computation because no base point (delta = ['2', '23', '31', '-8', '-7', '-1'])
2022-01-11 12:30:11,400 INFO: Computing MW group (delta = ['0', '10', '5', '-15', '3', '1'], g = [-1, -1, 1])...
2022-01-11 12:30:12,595 INFO: Finished MW computation (delta = ['0', '10', '5', '-15', '3', '1'], g = [-1, -1, 1])
2022-01-11 12:30:12,598 INFO: Computing MW group (delta = ['0', '10', '5', '-15', '3', '1'], g = [-1, -10, 4, 1])...
2022-01-11 12:30:17,559 INFO: Finished MW computation (delta = ['0', '10', '5', '-15', '3', '1'], g = [-1, -10, 4, 1])
2022-01-11 12:30:17,562 INFO: Computing MW group (delta = ['9', '95', '-10', '-193', '63', '16'], g = [-1, -1, 1])...
2022-01-11 12:30:20,687 INFO: Finished MW computation (delta = ['9', '95', '-10', '-193', '63', '16'], g = [-1, -1, 1])
2022-01-11 12:30:20,689 INFO: Computing MW group (delta = ['9', '95', '-10', '-193', '63', '16'], g = [-1, -10, 4, 1])...
2022-01-11 12:30:43,333 INFO: Finished MW computation (delta = ['9', '95', '-10', '-193', '63', '16'], g = [-1, -10, 4, 1])
2022-01-11 12:30:43,337 INFO: Unable to use elliptic Chabauty on twist (delta = ['9', '95', '-10', '-193', '63', '16'])
2022-01-11 12:30:43,339 INFO: Obstruction found to provably computing rational points. Exiting.
2022-01-13 17:36:50,898 INFO: Loaded curve data from file.
2022-01-13 17:36:50,898 INFO: Obstruction already found. Exiting.
