2022-01-11 15:13:04,146 INFO: Initialized curve data.
2022-01-11 15:13:04,151 INFO: Setting up initial twist data...
2022-01-11 15:13:05,037 INFO: Twist setup complete.
2022-01-11 15:13:05,037 INFO: Searching for rational points on each twist...
2022-01-11 15:13:06,793 INFO: Finished searching for rational points on each twist.
2022-01-11 15:13:06,793 INFO: Testing local solvability of twists...
2022-01-11 15:13:06,799 INFO: Finished local solvability testing.
2022-01-11 15:13:06,800 INFO: Computing elliptic curve a-invariants...
2022-01-11 15:13:20,413 INFO: Finished computation of a-invariants.
2022-01-11 15:13:20,415 INFO: Computing MW group (delta = ['1/2', '3/2', '1'], g = [-4, -16, -16, -1, 8, 4])...
2022-01-11 15:14:28,385 INFO: Finished MW computation (delta = ['1/2', '3/2', '1'], g = [-4, -16, -16, -1, 8, 4])
2022-01-11 15:14:28,388 INFO: Computing MW group (delta = ['1'], g = [-4, -16, -16, -1, 8, 4])...
2022-01-11 15:15:14,795 INFO: Finished MW computation (delta = ['1'], g = [-4, -16, -16, -1, 8, 4])
2022-01-11 15:15:14,798 INFO: Computing MW group (delta = ['-2', '-15/2', '-6', '2', '5', '2'], g = [-4, -16, -16, -1, 8, 4])...
2022-01-11 15:15:55,510 INFO: Finished MW computation (delta = ['-2', '-15/2', '-6', '2', '5', '2'], g = [-4, -16, -16, -1, 8, 4])
2022-01-11 15:15:55,514 INFO: Computing MW group (delta = ['-4', '-15', '-15', '-1', '8', '4'], g = [-4, -16, -16, -1, 8, 4])...
2022-01-11 15:16:39,692 INFO: Finished MW computation (delta = ['-4', '-15', '-15', '-1', '8', '4'], g = [-4, -16, -16, -1, 8, 4])
2022-01-11 15:16:39,697 INFO: Reducing MW generators...
2022-01-11 15:16:42,330 INFO: Finished reducing MW generators.
2022-01-11 15:16:42,332 INFO: Tasks complete. Recording data and exiting.
