2022-01-11 12:29:24,353 INFO: Initialized curve data.
2022-01-11 12:29:24,357 INFO: Setting up initial twist data...
2022-01-11 12:29:25,692 INFO: Twist setup complete.
2022-01-11 12:29:25,692 INFO: Searching for rational points on each twist...
2022-01-11 12:29:27,788 INFO: Finished searching for rational points on each twist.
2022-01-11 12:29:27,789 INFO: Testing local solvability of twists...
2022-01-11 12:29:36,072 INFO: Finished local solvability testing.
2022-01-11 12:29:36,073 INFO: Computing elliptic curve a-invariants...
2022-01-11 12:29:51,955 INFO: Finished computation of a-invariants.
2022-01-11 12:29:51,957 INFO: Skipped MW computation because no base point (delta = ['-1', '-1'])
2022-01-11 12:29:51,957 INFO: Computing MW group (delta = ['4', '0', '-14', '1', '12', '4'], g = [4, 1, -14, 1, 12, 4])...
2022-01-11 12:46:42,699 INFO: Finished MW computation (delta = ['4', '0', '-14', '1', '12', '4'], g = [4, 1, -14, 1, 12, 4])
2022-01-11 12:46:42,705 INFO: Computing MW group (delta = ['1'], g = [4, 1, -14, 1, 12, 4])...
2022-01-11 12:49:50,776 INFO: Finished MW computation (delta = ['1'], g = [4, 1, -14, 1, 12, 4])
2022-01-11 12:49:50,779 INFO: Computing MW group (delta = ['-4', '0', '15', '-1', '-12', '-4'], g = [4, 1, -14, 1, 12, 4])...
2022-01-11 12:51:07,078 INFO: Finished MW computation (delta = ['-4', '0', '15', '-1', '-12', '-4'], g = [4, 1, -14, 1, 12, 4])
2022-01-11 12:51:07,082 INFO: Reducing MW generators...
2022-01-11 12:51:11,877 INFO: Finished reducing MW generators.
2022-01-11 12:51:11,879 INFO: Tasks complete. Recording data and exiting.
2022-01-13 17:36:46,713 INFO: Loaded curve data from file.
2022-01-13 17:36:46,714 INFO: Skipped Chabauty because no base point (delta = ['-1', '-1'])
2022-01-13 17:36:46,714 INFO: Running elliptic Chabauty (delta = ['4', '0', '-14', '1', '12', '4'], g = [4, 1, -14, 1, 12, 4])...
