2022-01-11 15:10:12,893 INFO: Initialized curve data.
2022-01-11 15:10:12,897 INFO: Setting up initial twist data...
2022-01-11 15:10:13,738 INFO: Twist setup complete.
2022-01-11 15:10:13,738 INFO: Searching for rational points on each twist...
2022-01-11 15:10:15,296 INFO: Finished searching for rational points on each twist.
2022-01-11 15:10:15,296 INFO: Testing local solvability of twists...
2022-01-11 15:10:15,301 INFO: Finished local solvability testing.
2022-01-11 15:10:15,303 INFO: Computing elliptic curve a-invariants...
2022-01-11 15:10:27,076 INFO: Finished computation of a-invariants.
2022-01-11 15:10:27,078 INFO: Computing MW group (delta = ['17', '4', '-8', '3', '1', '-1'], g = [-15, -1, 9, -3, -1, 1])...
2022-01-11 15:14:07,053 INFO: Finished MW computation (delta = ['17', '4', '-8', '3', '1', '-1'], g = [-15, -1, 9, -3, -1, 1])
2022-01-11 15:14:07,056 INFO: Computing MW group (delta = ['-16', '-2', '9', '-3', '-1', '1'], g = [-15, -1, 9, -3, -1, 1])...
2022-01-11 15:15:42,105 INFO: Finished MW computation (delta = ['-16', '-2', '9', '-3', '-1', '1'], g = [-15, -1, 9, -3, -1, 1])
2022-01-11 15:15:42,108 INFO: Computing MW group (delta = ['1'], g = [-15, -1, 9, -3, -1, 1])...
2022-01-11 15:18:21,773 INFO: Finished MW computation (delta = ['1'], g = [-15, -1, 9, -3, -1, 1])
2022-01-11 15:18:21,778 INFO: Computing MW group (delta = ['-2', '-1'], g = [-15, -1, 9, -3, -1, 1])...
2022-01-11 15:19:19,668 INFO: Finished MW computation (delta = ['-2', '-1'], g = [-15, -1, 9, -3, -1, 1])
2022-01-11 15:19:19,675 INFO: Reducing MW generators...
2022-01-11 15:19:24,028 INFO: Finished reducing MW generators.
2022-01-11 15:19:24,030 INFO: Tasks complete. Recording data and exiting.
2022-01-14 09:07:24,522 INFO: Loaded curve data from file.
2022-01-14 09:07:24,523 INFO: Running elliptic Chabauty (delta = ['17', '4', '-8', '3', '1', '-1'], g = [-15, -1, 9, -3, -1, 1])...
2022-01-14 09:07:36,685 INFO: Chabauty completed successfully (delta = ['17', '4', '-8', '3', '1', '-1'], g = [-15, -1, 9, -3, -1, 1]).
2022-01-14 09:07:36,688 INFO: Running elliptic Chabauty (delta = ['-16', '-2', '9', '-3', '-1', '1'], g = [-15, -1, 9, -3, -1, 1])...
2022-01-14 09:07:51,350 INFO: Chabauty completed successfully (delta = ['-16', '-2', '9', '-3', '-1', '1'], g = [-15, -1, 9, -3, -1, 1]).
2022-01-14 09:07:51,352 INFO: Running elliptic Chabauty (delta = ['1'], g = [-15, -1, 9, -3, -1, 1])...
2022-01-14 09:08:33,178 INFO: Chabauty completed successfully (delta = ['1'], g = [-15, -1, 9, -3, -1, 1]).
2022-01-14 09:08:33,181 INFO: Skipped Chabauty because MW group hasn't been provably computed. (delta = ['-2', '-1'], g = [-15, -1, 9, -3, -1, 1])
2022-01-14 09:08:33,308 INFO: Tasks complete. Recording data and exiting.
