2022-01-12 12:16:53,834 INFO: Initialized curve data.
2022-01-12 12:16:53,836 INFO: Setting up initial twist data...
2022-01-12 12:16:54,738 INFO: Twist setup complete.
2022-01-12 12:16:54,738 INFO: Searching for rational points on each twist...
2022-01-12 12:16:57,104 INFO: Finished searching for rational points on each twist.
2022-01-12 12:16:57,104 INFO: Testing local solvability of twists...
2022-01-12 12:16:57,109 INFO: Finished local solvability testing.
2022-01-12 12:16:57,111 INFO: Computing elliptic curve a-invariants...
2022-01-12 12:17:04,062 INFO: Finished computation of a-invariants.
2022-01-12 12:17:04,064 INFO: Computing MW group (delta = ['1', '-8', '12', '11', '-4', '-4'], g = [-1, 7, -11, -11, 4, 4])...
2022-01-12 12:18:53,924 INFO: Finished MW computation (delta = ['1', '-8', '12', '11', '-4', '-4'], g = [-1, 7, -11, -11, 4, 4])
2022-01-12 12:18:53,926 INFO: Computing MW group (delta = ['1'], g = [-1, 7, -11, -11, 4, 4])...
2022-01-12 12:19:28,643 INFO: Finished MW computation (delta = ['1'], g = [-1, 7, -11, -11, 4, 4])
2022-01-12 12:19:28,646 INFO: Computing MW group (delta = ['0', '-1'], g = [-1, 7, -11, -11, 4, 4])...
2022-01-12 12:20:15,793 INFO: Finished MW computation (delta = ['0', '-1'], g = [-1, 7, -11, -11, 4, 4])
2022-01-12 12:20:15,795 INFO: Computing MW group (delta = ['-1', '7', '-10', '-12', '4', '4'], g = [-1, 7, -11, -11, 4, 4])...
2022-01-12 12:21:36,991 INFO: Finished MW computation (delta = ['-1', '7', '-10', '-12', '4', '4'], g = [-1, 7, -11, -11, 4, 4])
2022-01-12 12:21:36,994 INFO: Reducing MW generators...
2022-01-12 12:21:41,030 INFO: Finished reducing MW generators.
2022-01-12 12:21:41,032 INFO: Tasks complete. Recording data and exiting.
