2022-02-01 12:30:14,290 INFO: Initialized curve data.
2022-02-01 12:30:14,292 INFO: Setting up initial twist data...
2022-02-01 12:30:15,257 INFO: Twist setup complete.
2022-02-01 12:30:15,257 INFO: Searching for rational points on each twist...
2022-02-01 12:30:16,758 INFO: Finished searching for rational points on each twist.
2022-02-01 12:30:16,758 INFO: Testing local solvability of twists...
2022-02-01 12:32:25,260 INFO: Finished local solvability testing.
2022-02-01 12:32:25,262 INFO: Computing elliptic curve a-invariants...
2022-02-01 12:32:31,721 INFO: Finished computation of a-invariants.
2022-02-01 12:32:31,722 INFO: Skipped MW computation because no base point (delta = ['-1', '-3', '1'])
2022-02-01 12:32:31,722 INFO: Computing MW group (delta = ['1/14', '1/7', '-9/7', '-41/14', '1'], g = [4, 29, 60, 24, -4, 8])...
2022-02-02 04:42:44,351 INFO: Loaded curve data from file.
2022-02-02 04:42:44,351 INFO: Reducing MW generators...
2022-02-02 04:42:44,351 INFO: Finished reducing MW generators.
2022-02-02 04:42:44,354 INFO: Skipped Chabauty because no base point (delta = ['-1', '-3', '1'])
2022-02-02 04:42:44,354 INFO: Skipped Chabauty because MW generators haven't been computed. (delta = ['1/14', '1/7', '-9/7', '-41/14', '1'], g = [4, 29, 60, 24, -4, 8])
2022-02-02 04:42:44,354 INFO: Skipped Chabauty because MW generators haven't been computed. (delta = ['1'], g = [4, 29, 60, 24, -4, 8])
2022-02-02 04:42:44,354 INFO: Skipped Chabauty because no base point (delta = ['-1/14', '1/14', '1'])
2022-02-02 04:42:44,435 INFO: Tasks complete. Recording data and exiting.
2022-02-12 16:40:06,718 INFO: Loaded curve data from file.
2022-02-12 16:40:06,718 INFO: Computing elliptic Chabauty map... (delta = ['1/14', '1/7', '-9/7', '-41/14', '1'], g = [4, 29, 60, 24, -4, 8])
2022-02-12 16:40:23,443 INFO: Elliptic Chabauty map computed. (delta = ['1/14', '1/7', '-9/7', '-41/14', '1'], g = [4, 29, 60, 24, -4, 8])
2022-02-12 16:40:23,446 INFO: Computing elliptic Chabauty map... (delta = ['1'], g = [4, 29, 60, 24, -4, 8])
2022-02-12 16:40:39,850 INFO: Elliptic Chabauty map computed. (delta = ['1'], g = [4, 29, 60, 24, -4, 8])
2022-02-12 16:40:39,852 INFO: Tasks complete. Recording data and exiting.
