2022-01-12 12:26:02,714 INFO: Initialized curve data.
2022-01-12 12:26:02,715 INFO: Setting up initial twist data...
2022-01-12 12:26:03,576 INFO: Twist setup complete.
2022-01-12 12:26:03,576 INFO: Searching for rational points on each twist...
2022-01-12 12:26:05,004 INFO: Finished searching for rational points on each twist.
2022-01-12 12:26:05,004 INFO: Testing local solvability of twists...
2022-01-12 12:26:07,705 INFO: Finished local solvability testing.
2022-01-12 12:26:07,707 INFO: Computing elliptic curve a-invariants...
2022-01-12 12:26:17,151 INFO: Finished computation of a-invariants.
2022-01-12 12:26:17,153 INFO: Computing MW group (delta = ['-4', '0', '17', '10', '0', '-1'], g = [4, 1, -16, -10, 0, 1])...
2022-01-12 12:27:07,901 INFO: Finished MW computation (delta = ['-4', '0', '17', '10', '0', '-1'], g = [4, 1, -16, -10, 0, 1])
2022-01-12 12:27:07,905 INFO: Computing MW group (delta = ['4', '0', '-16', '-10', '0', '1'], g = [4, 1, -16, -10, 0, 1])...
2022-01-12 12:28:56,866 INFO: Finished MW computation (delta = ['4', '0', '-16', '-10', '0', '1'], g = [4, 1, -16, -10, 0, 1])
2022-01-12 12:28:56,869 INFO: Computing MW group (delta = ['1'], g = [4, 1, -16, -10, 0, 1])...
2022-01-12 12:33:01,472 INFO: Finished MW computation (delta = ['1'], g = [4, 1, -16, -10, 0, 1])
2022-01-12 12:33:01,476 INFO: Skipped MW computation because no base point (delta = ['-16', '-4', '63', '39', '0', '-4'])
2022-01-12 12:33:01,478 INFO: Reducing MW generators...
2022-01-12 12:33:03,436 INFO: Finished reducing MW generators.
2022-01-12 12:33:03,439 INFO: Tasks complete. Recording data and exiting.
2022-01-14 11:32:37,505 INFO: Loaded curve data from file.
2022-01-14 11:32:37,506 INFO: Skipped Chabauty because MW group hasn't been provably computed. (delta = ['-4', '0', '17', '10', '0', '-1'], g = [4, 1, -16, -10, 0, 1])
2022-01-14 11:32:37,506 INFO: Skipped Chabauty because MW group hasn't been provably computed. (delta = ['4', '0', '-16', '-10', '0', '1'], g = [4, 1, -16, -10, 0, 1])
2022-01-14 11:32:37,506 INFO: Running elliptic Chabauty (delta = ['1'], g = [4, 1, -16, -10, 0, 1])...
2022-01-14 11:32:46,013 INFO: Chabauty completed successfully (delta = ['1'], g = [4, 1, -16, -10, 0, 1]).
2022-01-14 11:32:46,019 INFO: Skipped Chabauty because no base point (delta = ['-16', '-4', '63', '39', '0', '-4'])
2022-01-14 11:32:46,080 INFO: Tasks complete. Recording data and exiting.
2022-02-12 17:52:01,402 INFO: Loaded curve data from file.
2022-02-12 17:52:01,402 INFO: Computing elliptic Chabauty map... (delta = ['-4', '0', '17', '10', '0', '-1'], g = [4, 1, -16, -10, 0, 1])
2022-02-12 17:52:11,882 INFO: Elliptic Chabauty map computed. (delta = ['-4', '0', '17', '10', '0', '-1'], g = [4, 1, -16, -10, 0, 1])
2022-02-12 17:52:11,884 INFO: Computing elliptic Chabauty map... (delta = ['4', '0', '-16', '-10', '0', '1'], g = [4, 1, -16, -10, 0, 1])
2022-02-12 17:52:22,101 INFO: Elliptic Chabauty map computed. (delta = ['4', '0', '-16', '-10', '0', '1'], g = [4, 1, -16, -10, 0, 1])
2022-02-12 17:52:22,103 INFO: Computing elliptic Chabauty map... (delta = ['1'], g = [4, 1, -16, -10, 0, 1])
2022-02-12 17:52:32,337 INFO: Elliptic Chabauty map computed. (delta = ['1'], g = [4, 1, -16, -10, 0, 1])
2022-02-12 17:52:32,339 INFO: Tasks complete. Recording data and exiting.
