2022-01-11 15:29:52,112 INFO: Initialized curve data.
2022-01-11 15:29:52,114 INFO: Setting up initial twist data...
2022-01-11 15:29:54,099 INFO: Twist setup complete.
2022-01-11 15:29:54,099 INFO: Searching for rational points on each twist...
2022-01-11 15:29:56,783 INFO: Finished searching for rational points on each twist.
2022-01-11 15:29:56,784 INFO: Testing local solvability of twists...
2022-01-11 15:29:58,947 INFO: Finished local solvability testing.
2022-01-11 15:29:58,948 INFO: Computing elliptic curve a-invariants...
2022-01-11 15:30:04,265 INFO: Finished computation of a-invariants.
2022-01-11 15:30:04,266 INFO: Computing MW group (delta = ['25', '16', '-10', '-3', '3', '1'], g = [25, 15, -11, -3, 3, 1])...
2022-01-11 15:32:17,557 INFO: Finished MW computation (delta = ['25', '16', '-10', '-3', '3', '1'], g = [25, 15, -11, -3, 3, 1])
2022-01-11 15:32:17,559 INFO: Computing MW group (delta = ['24', '14', '-11', '-3', '3', '1'], g = [25, 15, -11, -3, 3, 1])...
2022-01-11 15:33:55,712 INFO: Finished MW computation (delta = ['24', '14', '-11', '-3', '3', '1'], g = [25, 15, -11, -3, 3, 1])
2022-01-11 15:33:55,715 INFO: Computing MW group (delta = ['1'], g = [25, 15, -11, -3, 3, 1])...
2022-01-11 16:43:58,132 INFO: Finished MW computation (delta = ['1'], g = [25, 15, -11, -3, 3, 1])
2022-01-11 16:43:58,135 INFO: Skipped MW computation because no base point (delta = ['0', '-1'])
2022-01-11 16:43:58,136 INFO: Reducing MW generators...
2022-01-11 16:44:00,818 INFO: Finished reducing MW generators.
2022-01-11 16:44:00,820 INFO: Tasks complete. Recording data and exiting.
2022-01-14 09:08:07,773 INFO: Loaded curve data from file.
2022-01-14 09:08:07,773 INFO: Running elliptic Chabauty (delta = ['25', '16', '-10', '-3', '3', '1'], g = [25, 15, -11, -3, 3, 1])...
2022-01-14 09:08:17,831 INFO: Chabauty completed successfully (delta = ['25', '16', '-10', '-3', '3', '1'], g = [25, 15, -11, -3, 3, 1]).
2022-01-14 09:08:17,834 INFO: Skipped Chabauty because MW group hasn't been provably computed. (delta = ['24', '14', '-11', '-3', '3', '1'], g = [25, 15, -11, -3, 3, 1])
2022-01-14 09:08:17,834 INFO: Running elliptic Chabauty (delta = ['1'], g = [25, 15, -11, -3, 3, 1])...
2022-01-14 09:10:16,590 INFO: Chabauty completed successfully (delta = ['1'], g = [25, 15, -11, -3, 3, 1]).
2022-01-14 09:10:16,593 INFO: Skipped Chabauty because no base point (delta = ['0', '-1'])
2022-01-14 09:10:16,716 INFO: Tasks complete. Recording data and exiting.
