2022-01-01 12:50:41,918 INFO: Initialized curve data.
2022-01-01 12:50:41,921 INFO: Setting up initial twist data...
2022-01-01 12:50:43,255 INFO: Twist setup complete.
2022-01-01 12:50:43,255 INFO: Searching for rational points on each twist...
2022-01-01 12:50:44,408 INFO: Finished searching for rational points on each twist.
2022-01-01 12:50:44,408 INFO: Testing local solvability of twists...
2022-01-01 12:50:47,186 INFO: Finished local solvability testing.
2022-01-01 12:50:47,187 INFO: Computing elliptic curve a-invariants...
2022-01-01 12:50:55,001 INFO: Finished computation of a-invariants.
2022-01-01 12:50:55,003 INFO: Computing MW group (delta = ['4', '-13', '6', '3', '8', '1'], g = [4, -12, 4, 4, 8, 1])...
2022-01-01 12:53:33,199 INFO: Finished MW computation (delta = ['4', '-13', '6', '3', '8', '1'], g = [4, -12, 4, 4, 8, 1])
2022-01-01 12:53:33,202 INFO: Computing MW group (delta = ['4', '-13', '5', '4', '8', '1'], g = [4, -12, 4, 4, 8, 1])...
2022-01-01 12:55:14,783 INFO: Finished MW computation (delta = ['4', '-13', '5', '4', '8', '1'], g = [4, -12, 4, 4, 8, 1])
2022-01-01 12:55:14,786 INFO: Skipped MW computation because no base point (delta = ['1', '-1'])
2022-01-01 12:55:14,786 INFO: Computing MW group (delta = ['1'], g = [4, -12, 4, 4, 8, 1])...
2022-01-01 12:56:44,058 INFO: Finished MW computation (delta = ['1'], g = [4, -12, 4, 4, 8, 1])
2022-01-01 12:56:44,062 INFO: Reducing MW generators...
2022-01-01 12:56:51,558 INFO: Finished reducing MW generators.
2022-01-01 12:56:51,561 INFO: Running elliptic Chabauty (delta = ['4', '-13', '6', '3', '8', '1'], g = [4, -12, 4, 4, 8, 1])...
2022-01-01 12:57:09,830 INFO: Chabauty completed successfully (delta = ['4', '-13', '6', '3', '8', '1'], g = [4, -12, 4, 4, 8, 1]).
2022-01-01 12:57:09,832 INFO: Running elliptic Chabauty (delta = ['4', '-13', '5', '4', '8', '1'], g = [4, -12, 4, 4, 8, 1])...
2022-01-01 12:57:32,508 INFO: Chabauty completed successfully (delta = ['4', '-13', '5', '4', '8', '1'], g = [4, -12, 4, 4, 8, 1]).
2022-01-01 12:57:32,510 INFO: Skipped Chabauty because no base point (delta = ['1', '-1'])
2022-01-01 12:57:32,510 INFO: Running elliptic Chabauty (delta = ['1'], g = [4, -12, 4, 4, 8, 1])...
2022-01-01 12:58:02,094 INFO: Chabauty completed successfully (delta = ['1'], g = [4, -12, 4, 4, 8, 1]).
2022-01-01 12:58:02,440 INFO: Rational points successfully computed.
2022-01-01 12:58:02,442 INFO: Tasks complete. Recording data and exiting.
