2022-01-12 12:22:06,980 INFO: Initialized curve data.
2022-01-12 12:22:06,983 INFO: Setting up initial twist data...
2022-01-12 12:22:08,212 INFO: Twist setup complete.
2022-01-12 12:22:08,212 INFO: Searching for rational points on each twist...
2022-01-12 12:22:09,886 INFO: Finished searching for rational points on each twist.
2022-01-12 12:22:09,887 INFO: Testing local solvability of twists...
2022-01-12 12:22:09,896 INFO: Finished local solvability testing.
2022-01-12 12:22:09,897 INFO: Computing elliptic curve a-invariants...
2022-01-12 12:22:27,494 INFO: Finished computation of a-invariants.
2022-01-12 12:22:27,497 INFO: Computing MW group (delta = ['-8', '20', '-17', '-1', '6', '1'], g = [-8, 21, -18, -1, 6, 1])...
2022-01-12 12:24:25,049 INFO: Finished MW computation (delta = ['-8', '20', '-17', '-1', '6', '1'], g = [-8, 21, -18, -1, 6, 1])
2022-01-12 12:24:25,055 INFO: Computing MW group (delta = ['1', '-1'], g = [-8, 21, -18, -1, 6, 1])...
2022-01-12 12:25:22,738 INFO: Finished MW computation (delta = ['1', '-1'], g = [-8, 21, -18, -1, 6, 1])
2022-01-12 12:25:22,742 INFO: Computing MW group (delta = ['1'], g = [-8, 21, -18, -1, 6, 1])...
2022-01-12 12:29:18,164 INFO: Finished MW computation (delta = ['1'], g = [-8, 21, -18, -1, 6, 1])
2022-01-12 12:29:18,169 INFO: Computing MW group (delta = ['-8', '20', '-18', '-1', '6', '1'], g = [-8, 21, -18, -1, 6, 1])...
2022-01-12 12:30:17,945 INFO: Finished MW computation (delta = ['-8', '20', '-18', '-1', '6', '1'], g = [-8, 21, -18, -1, 6, 1])
2022-01-12 12:30:17,953 INFO: Reducing MW generators...
2022-01-12 12:30:23,940 INFO: Finished reducing MW generators.
2022-01-12 12:30:23,944 INFO: Tasks complete. Recording data and exiting.
2022-01-14 11:32:29,402 INFO: Loaded curve data from file.
2022-01-14 11:32:29,403 INFO: Running elliptic Chabauty (delta = ['-8', '20', '-17', '-1', '6', '1'], g = [-8, 21, -18, -1, 6, 1])...
2022-01-14 11:32:45,444 INFO: Chabauty completed successfully (delta = ['-8', '20', '-17', '-1', '6', '1'], g = [-8, 21, -18, -1, 6, 1]).
2022-01-14 11:32:45,447 INFO: Skipped Chabauty because MW group hasn't been provably computed. (delta = ['1', '-1'], g = [-8, 21, -18, -1, 6, 1])
2022-01-14 11:32:45,448 INFO: Running elliptic Chabauty (delta = ['1'], g = [-8, 21, -18, -1, 6, 1])...
2022-01-14 11:33:01,043 INFO: Chabauty completed successfully (delta = ['1'], g = [-8, 21, -18, -1, 6, 1]).
2022-01-14 11:33:01,045 INFO: Running elliptic Chabauty (delta = ['-8', '20', '-18', '-1', '6', '1'], g = [-8, 21, -18, -1, 6, 1])...
2022-01-14 11:33:14,944 INFO: Chabauty completed successfully (delta = ['-8', '20', '-18', '-1', '6', '1'], g = [-8, 21, -18, -1, 6, 1]).
2022-01-14 11:33:15,092 INFO: Tasks complete. Recording data and exiting.
2022-02-12 17:34:28,109 INFO: Loaded curve data from file.
2022-02-12 17:34:28,110 INFO: Computing elliptic Chabauty map... (delta = ['-8', '20', '-17', '-1', '6', '1'], g = [-8, 21, -18, -1, 6, 1])
2022-02-12 17:34:45,090 INFO: Elliptic Chabauty map computed. (delta = ['-8', '20', '-17', '-1', '6', '1'], g = [-8, 21, -18, -1, 6, 1])
2022-02-12 17:34:45,092 INFO: Computing elliptic Chabauty map... (delta = ['1', '-1'], g = [-8, 21, -18, -1, 6, 1])
2022-02-12 17:35:01,778 INFO: Elliptic Chabauty map computed. (delta = ['1', '-1'], g = [-8, 21, -18, -1, 6, 1])
2022-02-12 17:35:01,780 INFO: Computing elliptic Chabauty map... (delta = ['1'], g = [-8, 21, -18, -1, 6, 1])
2022-02-12 17:35:18,642 INFO: Elliptic Chabauty map computed. (delta = ['1'], g = [-8, 21, -18, -1, 6, 1])
2022-02-12 17:35:18,646 INFO: Computing elliptic Chabauty map... (delta = ['-8', '20', '-18', '-1', '6', '1'], g = [-8, 21, -18, -1, 6, 1])
2022-02-12 17:35:35,557 INFO: Elliptic Chabauty map computed. (delta = ['-8', '20', '-18', '-1', '6', '1'], g = [-8, 21, -18, -1, 6, 1])
2022-02-12 17:35:35,560 INFO: Tasks complete. Recording data and exiting.
