2022-01-12 12:22:43,540 INFO: Initialized curve data.
2022-01-12 12:22:43,543 INFO: Setting up initial twist data...
2022-01-12 12:22:44,874 INFO: Twist setup complete.
2022-01-12 12:22:44,874 INFO: Searching for rational points on each twist...
2022-01-12 12:22:46,823 INFO: Finished searching for rational points on each twist.
2022-01-12 12:22:46,823 INFO: Testing local solvability of twists...
2022-01-12 12:22:56,209 INFO: Finished local solvability testing.
2022-01-12 12:22:56,210 INFO: Computing elliptic curve a-invariants...
2022-01-12 12:23:03,942 INFO: Finished computation of a-invariants.
2022-01-12 12:23:03,944 INFO: Computing MW group (delta = ['-4', '-8', '-11', '-6', '4', '-1'], g = [4, 9, 12, 6, -4, 1])...
2022-01-12 12:24:46,404 INFO: Finished MW computation (delta = ['-4', '-8', '-11', '-6', '4', '-1'], g = [4, 9, 12, 6, -4, 1])
2022-01-12 12:24:46,406 INFO: Skipped MW computation because no base point (delta = ['-1', '-1'])
2022-01-12 12:24:46,407 INFO: Computing MW group (delta = ['4', '8', '12', '6', '-4', '1'], g = [4, 9, 12, 6, -4, 1])...
2022-01-14 11:32:28,845 INFO: Loaded curve data from file.
2022-01-14 11:32:28,845 INFO: Reducing MW generators...
2022-01-14 11:32:29,015 INFO: Finished reducing MW generators.
2022-01-14 11:32:29,016 INFO: Skipped Chabauty because MW group hasn't been provably computed. (delta = ['-4', '-8', '-11', '-6', '4', '-1'], g = [4, 9, 12, 6, -4, 1])
2022-01-14 11:32:29,017 INFO: Skipped Chabauty because no base point (delta = ['-1', '-1'])
2022-01-14 11:32:29,017 INFO: Skipped Chabauty because MW generators haven't been computed. (delta = ['4', '8', '12', '6', '-4', '1'], g = [4, 9, 12, 6, -4, 1])
2022-01-14 11:32:29,017 INFO: Skipped Chabauty because MW generators haven't been computed. (delta = ['1'], g = [4, 9, 12, 6, -4, 1])
2022-01-14 11:32:29,051 INFO: Tasks complete. Recording data and exiting.
2022-02-12 16:52:12,037 INFO: Loaded curve data from file.
2022-02-12 16:52:12,037 INFO: Computing elliptic Chabauty map... (delta = ['-4', '-8', '-11', '-6', '4', '-1'], g = [4, 9, 12, 6, -4, 1])
2022-02-12 16:52:26,081 INFO: Elliptic Chabauty map computed. (delta = ['-4', '-8', '-11', '-6', '4', '-1'], g = [4, 9, 12, 6, -4, 1])
2022-02-12 16:52:26,083 INFO: Computing elliptic Chabauty map... (delta = ['4', '8', '12', '6', '-4', '1'], g = [4, 9, 12, 6, -4, 1])
2022-02-12 16:52:39,980 INFO: Elliptic Chabauty map computed. (delta = ['4', '8', '12', '6', '-4', '1'], g = [4, 9, 12, 6, -4, 1])
2022-02-12 16:52:39,982 INFO: Computing elliptic Chabauty map... (delta = ['1'], g = [4, 9, 12, 6, -4, 1])
2022-02-12 16:52:53,907 INFO: Elliptic Chabauty map computed. (delta = ['1'], g = [4, 9, 12, 6, -4, 1])
2022-02-12 16:52:53,909 INFO: Tasks complete. Recording data and exiting.
