2022-01-11 15:10:15,337 INFO: Initialized curve data.
2022-01-11 15:10:15,340 INFO: Setting up initial twist data...
2022-01-11 15:10:16,602 INFO: Twist setup complete.
2022-01-11 15:10:16,602 INFO: Searching for rational points on each twist...
2022-01-11 15:10:18,781 INFO: Finished searching for rational points on each twist.
2022-01-11 15:10:18,781 INFO: Testing local solvability of twists...
2022-01-11 15:10:18,786 INFO: Finished local solvability testing.
2022-01-11 15:10:18,787 INFO: Computing elliptic curve a-invariants...
2022-01-11 15:10:35,057 INFO: Finished computation of a-invariants.
2022-01-11 15:10:35,061 INFO: Computing MW group (delta = ['1', '2', '1', '-4', '-8', '4'], g = [1, 1, 0, -4, -8, 4])...
2022-01-11 15:12:25,728 INFO: Finished MW computation (delta = ['1', '2', '1', '-4', '-8', '4'], g = [1, 1, 0, -4, -8, 4])
2022-01-11 15:12:25,731 INFO: Computing MW group (delta = ['0', '0', '0', '-4', '-8', '4'], g = [1, 1, 0, -4, -8, 4])...
2022-01-11 15:14:25,832 INFO: Finished MW computation (delta = ['0', '0', '0', '-4', '-8', '4'], g = [1, 1, 0, -4, -8, 4])
2022-01-11 15:14:25,834 INFO: Computing MW group (delta = ['1'], g = [1, 1, 0, -4, -8, 4])...
2022-01-11 15:17:57,474 INFO: Finished MW computation (delta = ['1'], g = [1, 1, 0, -4, -8, 4])
2022-01-11 15:17:57,476 INFO: Computing MW group (delta = ['-8', '-9', '-2', '31', '64', '-32'], g = [1, 1, 0, -4, -8, 4])...
2022-01-11 16:45:02,107 INFO: Finished MW computation (delta = ['-8', '-9', '-2', '31', '64', '-32'], g = [1, 1, 0, -4, -8, 4])
2022-01-11 16:45:02,116 INFO: Reducing MW generators...
2022-01-11 16:45:07,730 INFO: Finished reducing MW generators.
2022-01-11 16:45:07,732 INFO: Tasks complete. Recording data and exiting.
2022-01-14 09:07:27,841 INFO: Loaded curve data from file.
2022-01-14 09:07:27,843 INFO: Running elliptic Chabauty (delta = ['1', '2', '1', '-4', '-8', '4'], g = [1, 1, 0, -4, -8, 4])...
2022-01-14 09:07:41,196 INFO: Chabauty completed successfully (delta = ['1', '2', '1', '-4', '-8', '4'], g = [1, 1, 0, -4, -8, 4]).
2022-01-14 09:07:41,199 INFO: Running elliptic Chabauty (delta = ['0', '0', '0', '-4', '-8', '4'], g = [1, 1, 0, -4, -8, 4])...
2022-01-14 09:09:43,450 INFO: Chabauty completed successfully (delta = ['0', '0', '0', '-4', '-8', '4'], g = [1, 1, 0, -4, -8, 4]).
2022-01-14 09:09:43,453 INFO: Running elliptic Chabauty (delta = ['1'], g = [1, 1, 0, -4, -8, 4])...
2022-01-14 09:09:56,681 INFO: Chabauty completed successfully (delta = ['1'], g = [1, 1, 0, -4, -8, 4]).
2022-01-14 09:09:56,684 INFO: Running elliptic Chabauty (delta = ['-8', '-9', '-2', '31', '64', '-32'], g = [1, 1, 0, -4, -8, 4])...
2022-01-14 09:10:24,644 INFO: Chabauty completed successfully (delta = ['-8', '-9', '-2', '31', '64', '-32'], g = [1, 1, 0, -4, -8, 4]).
2022-01-14 09:10:24,969 INFO: Rational points successfully computed.
2022-01-14 09:10:24,973 INFO: Tasks complete. Recording data and exiting.
