2022-01-01 12:50:59,587 INFO: Initialized curve data.
2022-01-01 12:50:59,590 INFO: Setting up initial twist data...
2022-01-01 12:51:00,708 INFO: Twist setup complete.
2022-01-01 12:51:00,708 INFO: Searching for rational points on each twist...
2022-01-01 12:51:01,661 INFO: Finished searching for rational points on each twist.
2022-01-01 12:51:01,661 INFO: Testing local solvability of twists...
2022-01-01 12:51:01,666 INFO: Finished local solvability testing.
2022-01-01 12:51:01,668 INFO: Computing elliptic curve a-invariants...
2022-01-01 12:51:18,611 INFO: Finished computation of a-invariants.
2022-01-01 12:51:18,613 INFO: Computing MW group (delta = ['4', '19', '-26', '-5', '-4', '-4'], g = [-1, -5, 7, 1, 1, 1])...
2022-01-01 12:52:13,423 INFO: Finished MW computation (delta = ['4', '19', '-26', '-5', '-4', '-4'], g = [-1, -5, 7, 1, 1, 1])
2022-01-01 12:52:13,426 INFO: Computing MW group (delta = ['1', '4', '-6', '-1', '-1', '-1'], g = [-1, -5, 7, 1, 1, 1])...
2022-01-01 12:53:59,068 INFO: Finished MW computation (delta = ['1', '4', '-6', '-1', '-1', '-1'], g = [-1, -5, 7, 1, 1, 1])
2022-01-01 12:53:59,071 INFO: Computing MW group (delta = ['0', '-6', '7', '1', '1', '1'], g = [-1, -5, 7, 1, 1, 1])...
2022-01-01 12:54:20,121 INFO: Finished MW computation (delta = ['0', '-6', '7', '1', '1', '1'], g = [-1, -5, 7, 1, 1, 1])
2022-01-01 12:54:20,124 INFO: Computing MW group (delta = ['1'], g = [-1, -5, 7, 1, 1, 1])...
2022-01-01 12:55:39,544 INFO: Finished MW computation (delta = ['1'], g = [-1, -5, 7, 1, 1, 1])
2022-01-01 12:55:39,548 INFO: Reducing MW generators...
2022-01-01 12:55:43,285 INFO: Finished reducing MW generators.
2022-01-01 12:55:43,286 INFO: Running elliptic Chabauty (delta = ['4', '19', '-26', '-5', '-4', '-4'], g = [-1, -5, 7, 1, 1, 1])...
2022-01-01 12:55:52,242 INFO: Chabauty completed successfully (delta = ['4', '19', '-26', '-5', '-4', '-4'], g = [-1, -5, 7, 1, 1, 1]).
2022-01-01 12:55:52,244 INFO: Running elliptic Chabauty (delta = ['1', '4', '-6', '-1', '-1', '-1'], g = [-1, -5, 7, 1, 1, 1])...
2022-01-01 12:56:04,496 INFO: Chabauty completed successfully (delta = ['1', '4', '-6', '-1', '-1', '-1'], g = [-1, -5, 7, 1, 1, 1]).
2022-01-01 12:56:04,499 INFO: Running elliptic Chabauty (delta = ['0', '-6', '7', '1', '1', '1'], g = [-1, -5, 7, 1, 1, 1])...
2022-01-01 12:56:12,388 INFO: Chabauty completed successfully (delta = ['0', '-6', '7', '1', '1', '1'], g = [-1, -5, 7, 1, 1, 1]).
2022-01-01 12:56:12,390 INFO: Running elliptic Chabauty (delta = ['1'], g = [-1, -5, 7, 1, 1, 1])...
2022-01-01 12:56:21,712 INFO: Chabauty completed successfully (delta = ['1'], g = [-1, -5, 7, 1, 1, 1]).
2022-01-01 12:56:21,938 INFO: Rational points successfully computed.
2022-01-01 12:56:21,940 INFO: Tasks complete. Recording data and exiting.
2022-01-03 13:14:58,000 INFO: Obsolete "loc_solv_error" keys removed.
2022-01-03 13:14:58,000 INFO: Deleted results of Chabauty computation.
