2022-01-13 21:54:52,311 INFO: Initialized curve data.
2022-01-13 21:54:52,315 INFO: Setting up initial twist data...
2022-01-13 21:54:53,678 INFO: Twist setup complete.
2022-01-13 21:54:53,679 INFO: Searching for rational points on each twist...
2022-01-13 21:54:55,569 INFO: Finished searching for rational points on each twist.
2022-01-13 21:54:55,570 INFO: Testing local solvability of twists...
2022-01-13 21:54:55,576 INFO: Finished local solvability testing.
2022-01-13 21:54:55,577 INFO: Computing elliptic curve a-invariants...
2022-01-13 21:55:12,787 INFO: Finished computation of a-invariants.
2022-01-13 21:55:12,789 INFO: Computing MW group (delta = ['1'], g = [4, -8, 4, -4, 0, 5])...
2022-01-13 21:57:24,023 INFO: Finished MW computation (delta = ['1'], g = [4, -8, 4, -4, 0, 5])
2022-01-13 21:57:24,026 INFO: Computing MW group (delta = ['-1', '1', '1'], g = [4, -8, 4, -4, 0, 5])...
2022-01-13 21:59:39,971 INFO: Finished MW computation (delta = ['-1', '1', '1'], g = [4, -8, 4, -4, 0, 5])
2022-01-13 21:59:39,973 INFO: Computing MW group (delta = ['-4', '9', '-6', '4', '1', '-5'], g = [4, -8, 4, -4, 0, 5])...
2022-01-13 22:04:16,298 INFO: Finished MW computation (delta = ['-4', '9', '-6', '4', '1', '-5'], g = [4, -8, 4, -4, 0, 5])
2022-01-13 22:04:16,301 INFO: Computing MW group (delta = ['4', '-9', '5', '-4', '0', '5'], g = [4, -8, 4, -4, 0, 5])...
2022-01-13 22:14:19,750 INFO: Finished MW computation (delta = ['4', '-9', '5', '-4', '0', '5'], g = [4, -8, 4, -4, 0, 5])
2022-01-13 22:14:19,755 INFO: Reducing MW generators...
2022-01-13 22:14:22,895 INFO: Finished reducing MW generators.
2022-01-13 22:14:22,897 INFO: Tasks complete. Recording data and exiting.
