2022-02-01 12:30:20,247 INFO: Initialized curve data.
2022-02-01 12:30:20,251 INFO: Setting up initial twist data...
2022-02-01 12:30:21,583 INFO: Twist setup complete.
2022-02-01 12:30:21,584 INFO: Searching for rational points on each twist...
2022-02-01 12:30:24,042 INFO: Finished searching for rational points on each twist.
2022-02-01 12:30:24,042 INFO: Testing local solvability of twists...
2022-02-01 12:30:24,050 INFO: Finished local solvability testing.
2022-02-01 12:30:24,052 INFO: Computing elliptic curve a-invariants...
2022-02-01 12:30:42,789 INFO: Finished computation of a-invariants.
2022-02-01 12:30:42,791 INFO: Computing MW group (delta = ['4', '15', '-24', '0', '4', '1'], g = [4, 16, -24, 0, 4, 1])...
2022-02-01 12:44:01,895 INFO: Finished MW computation (delta = ['4', '15', '-24', '0', '4', '1'], g = [4, 16, -24, 0, 4, 1])
2022-02-01 12:44:01,898 INFO: Computing MW group (delta = ['1'], g = [4, 16, -24, 0, 4, 1])...
2022-02-02 04:42:35,218 INFO: Loaded curve data from file.
2022-02-02 04:42:35,218 INFO: Reducing MW generators...
2022-02-02 04:42:35,811 INFO: Finished reducing MW generators.
2022-02-02 04:42:35,814 INFO: Running elliptic Chabauty (delta = ['4', '15', '-24', '0', '4', '1'], g = [4, 16, -24, 0, 4, 1])...
2022-02-02 04:42:50,210 INFO: Chabauty completed successfully (delta = ['4', '15', '-24', '0', '4', '1'], g = [4, 16, -24, 0, 4, 1]).
2022-02-02 04:42:50,212 INFO: Skipped Chabauty because MW generators haven't been computed. (delta = ['1'], g = [4, 16, -24, 0, 4, 1])
2022-02-02 04:42:50,212 INFO: Skipped Chabauty because MW generators haven't been computed. (delta = ['4', '15', '-23', '0', '4', '1'], g = [4, 16, -24, 0, 4, 1])
2022-02-02 04:42:50,212 INFO: Skipped Chabauty because MW generators haven't been computed. (delta = ['16', '64', '-95', '-1', '16', '4'], g = [4, 16, -24, 0, 4, 1])
2022-02-02 04:42:50,248 INFO: Tasks complete. Recording data and exiting.
2022-02-12 16:45:50,509 INFO: Loaded curve data from file.
2022-02-12 16:45:50,509 INFO: Computing elliptic Chabauty map... (delta = ['4', '15', '-24', '0', '4', '1'], g = [4, 16, -24, 0, 4, 1])
2022-02-12 16:46:02,821 INFO: Elliptic Chabauty map computed. (delta = ['4', '15', '-24', '0', '4', '1'], g = [4, 16, -24, 0, 4, 1])
2022-02-12 16:46:02,823 INFO: Computing elliptic Chabauty map... (delta = ['1'], g = [4, 16, -24, 0, 4, 1])
2022-02-12 16:46:14,587 INFO: Elliptic Chabauty map computed. (delta = ['1'], g = [4, 16, -24, 0, 4, 1])
2022-02-12 16:46:14,590 INFO: Computing elliptic Chabauty map... (delta = ['4', '15', '-23', '0', '4', '1'], g = [4, 16, -24, 0, 4, 1])
2022-02-12 16:46:26,305 INFO: Elliptic Chabauty map computed. (delta = ['4', '15', '-23', '0', '4', '1'], g = [4, 16, -24, 0, 4, 1])
2022-02-12 16:46:26,308 INFO: Computing elliptic Chabauty map... (delta = ['16', '64', '-95', '-1', '16', '4'], g = [4, 16, -24, 0, 4, 1])
2022-02-12 16:46:38,390 INFO: Elliptic Chabauty map computed. (delta = ['16', '64', '-95', '-1', '16', '4'], g = [4, 16, -24, 0, 4, 1])
2022-02-12 16:46:38,392 INFO: Tasks complete. Recording data and exiting.
