2022-01-11 12:29:23,886 INFO: Initialized curve data.
2022-01-11 12:29:23,889 INFO: Setting up initial twist data...
2022-01-11 12:29:24,709 INFO: Twist setup complete.
2022-01-11 12:29:24,709 INFO: Searching for rational points on each twist...
2022-01-11 12:29:26,330 INFO: Finished searching for rational points on each twist.
2022-01-11 12:29:26,330 INFO: Testing local solvability of twists...
2022-01-11 12:29:27,638 INFO: Finished local solvability testing.
2022-01-11 12:29:27,639 INFO: Computing elliptic curve a-invariants...
2022-01-11 12:29:47,983 INFO: Finished computation of a-invariants.
2022-01-11 12:29:47,984 INFO: Skipped MW computation because no base point (delta = ['-1', '0', '1'])
2022-01-11 12:29:47,985 INFO: Computing MW group (delta = ['1'], g = [1, 0, -2, 0, 1, 1])...
2022-01-11 12:31:16,569 INFO: Finished MW computation (delta = ['1'], g = [1, 0, -2, 0, 1, 1])
2022-01-11 12:31:16,572 INFO: Computing MW group (delta = ['-1', '1', '3', '0', '-1', '-1'], g = [1, 0, -2, 0, 1, 1])...
2022-01-11 12:34:34,828 INFO: Finished MW computation (delta = ['-1', '1', '3', '0', '-1', '-1'], g = [1, 0, -2, 0, 1, 1])
2022-01-11 12:34:34,832 INFO: Unable to use elliptic Chabauty on twist (delta = ['-1', '1', '3', '0', '-1', '-1'])
2022-01-11 12:34:34,834 INFO: Obstruction found to provably computing rational points. Exiting.
2022-01-13 17:36:46,584 INFO: Loaded curve data from file.
2022-01-13 17:36:46,584 INFO: Obstruction already found. Exiting.
2022-02-12 17:29:40,232 INFO: Loaded curve data from file.
2022-02-12 17:29:40,232 INFO: Computing elliptic Chabauty map... (delta = ['1'], g = [1, 0, -2, 0, 1, 1])
2022-02-12 17:29:56,916 INFO: Elliptic Chabauty map computed. (delta = ['1'], g = [1, 0, -2, 0, 1, 1])
2022-02-12 17:29:56,919 INFO: Computing elliptic Chabauty map... (delta = ['-1', '1', '3', '0', '-1', '-1'], g = [1, 0, -2, 0, 1, 1])
2022-02-12 17:30:13,476 INFO: Elliptic Chabauty map computed. (delta = ['-1', '1', '3', '0', '-1', '-1'], g = [1, 0, -2, 0, 1, 1])
2022-02-12 17:30:13,478 INFO: Computing elliptic Chabauty map... (delta = ['1', '-1', '-3', '1', '2', '1'], g = [1, 0, -2, 0, 1, 1])
2022-02-12 17:30:29,304 INFO: Elliptic Chabauty map computed. (delta = ['1', '-1', '-3', '1', '2', '1'], g = [1, 0, -2, 0, 1, 1])
2022-02-12 17:30:29,306 INFO: Tasks complete. Recording data and exiting.
