2022-01-01 12:51:06,297 INFO: Initialized curve data.
2022-01-01 12:51:06,299 INFO: Setting up initial twist data...
2022-01-01 12:51:07,343 INFO: Twist setup complete.
2022-01-01 12:51:07,343 INFO: Searching for rational points on each twist...
2022-01-01 12:51:08,553 INFO: Finished searching for rational points on each twist.
2022-01-01 12:51:08,553 INFO: Testing local solvability of twists...
2022-01-01 12:51:13,262 INFO: Finished local solvability testing.
2022-01-01 12:51:13,263 INFO: Computing elliptic curve a-invariants...
2022-01-01 12:51:19,124 INFO: Finished computation of a-invariants.
2022-01-01 12:51:19,126 INFO: Computing MW group (delta = ['-1/2', '1/2', '1'], g = [4, 8, 4, -7, -4, 4])...
2022-01-01 12:52:45,905 INFO: Finished MW computation (delta = ['-1/2', '1/2', '1'], g = [4, 8, 4, -7, -4, 4])
2022-01-01 12:52:45,911 INFO: Skipped MW computation because no base point (delta = ['-2', '-7/2', '-5/2', '5/2', '2', '-2'])
2022-01-01 12:52:45,911 INFO: Computing MW group (delta = ['4', '7', '4', '-7', '-4', '4'], g = [4, 8, 4, -7, -4, 4])...
2022-01-01 12:58:46,813 INFO: Finished MW computation (delta = ['4', '7', '4', '-7', '-4', '4'], g = [4, 8, 4, -7, -4, 4])
2022-01-01 12:58:46,817 INFO: Computing MW group (delta = ['1'], g = [4, 8, 4, -7, -4, 4])...
2022-01-01 13:01:44,048 INFO: Finished MW computation (delta = ['1'], g = [4, 8, 4, -7, -4, 4])
2022-01-01 13:01:44,053 INFO: Obstruction found to provably computing rational points. Exiting.
2022-01-03 13:14:58,000 INFO: Obsolete "loc_solv_error" keys removed.
2022-01-10 22:42:03,061 INFO: Loaded curve data from file.
2022-01-10 22:42:03,061 INFO: Obstruction already found. Exiting.
