2022-01-12 12:17:55,207 INFO: Initialized curve data.
2022-01-12 12:17:55,210 INFO: Setting up initial twist data...
2022-01-12 12:17:56,134 INFO: Twist setup complete.
2022-01-12 12:17:56,134 INFO: Searching for rational points on each twist...
2022-01-12 12:17:57,926 INFO: Finished searching for rational points on each twist.
2022-01-12 12:17:57,926 INFO: Testing local solvability of twists...
2022-01-12 12:17:57,935 INFO: Finished local solvability testing.
2022-01-12 12:17:57,936 INFO: Computing elliptic curve a-invariants...
2022-01-12 12:18:05,835 INFO: Finished computation of a-invariants.
2022-01-12 12:18:05,837 INFO: Computing MW group (delta = ['-1', '0', '1'], g = [4, -4, 4, 0, -8, 5])...
2022-01-12 12:18:31,119 INFO: Finished MW computation (delta = ['-1', '0', '1'], g = [4, -4, 4, 0, -8, 5])
2022-01-12 12:18:31,121 INFO: Computing MW group (delta = ['1'], g = [4, -4, 4, 0, -8, 5])...
2022-01-14 11:32:18,754 INFO: Loaded curve data from file.
2022-01-14 11:32:18,754 INFO: Reducing MW generators...
2022-01-14 11:32:18,786 INFO: Finished reducing MW generators.
2022-01-14 11:32:18,810 INFO: Skipped Chabauty because MW group hasn't been provably computed. (delta = ['-1', '0', '1'], g = [4, -4, 4, 0, -8, 5])
2022-01-14 11:32:18,810 INFO: Skipped Chabauty because MW generators haven't been computed. (delta = ['1'], g = [4, -4, 4, 0, -8, 5])
2022-01-14 11:32:18,810 INFO: Skipped Chabauty because MW generators haven't been computed. (delta = ['4', '-5', '5', '0', '-8', '5'], g = [4, -4, 4, 0, -8, 5])
2022-01-14 11:32:18,810 INFO: Skipped Chabauty because MW generators haven't been computed. (delta = ['-4', '5', '-5', '-1', '9', '-5'], g = [4, -4, 4, 0, -8, 5])
2022-01-14 11:32:18,811 INFO: Tasks complete. Recording data and exiting.
2022-02-12 16:56:27,829 INFO: Loaded curve data from file.
2022-02-12 16:56:27,829 INFO: Computing elliptic Chabauty map... (delta = ['-1', '0', '1'], g = [4, -4, 4, 0, -8, 5])
2022-02-12 16:56:39,515 INFO: Elliptic Chabauty map computed. (delta = ['-1', '0', '1'], g = [4, -4, 4, 0, -8, 5])
2022-02-12 16:56:39,518 INFO: Computing elliptic Chabauty map... (delta = ['1'], g = [4, -4, 4, 0, -8, 5])
2022-02-12 16:56:50,801 INFO: Elliptic Chabauty map computed. (delta = ['1'], g = [4, -4, 4, 0, -8, 5])
2022-02-12 16:56:50,803 INFO: Computing elliptic Chabauty map... (delta = ['4', '-5', '5', '0', '-8', '5'], g = [4, -4, 4, 0, -8, 5])
2022-02-12 16:57:01,859 INFO: Elliptic Chabauty map computed. (delta = ['4', '-5', '5', '0', '-8', '5'], g = [4, -4, 4, 0, -8, 5])
2022-02-12 16:57:01,861 INFO: Computing elliptic Chabauty map... (delta = ['-4', '5', '-5', '-1', '9', '-5'], g = [4, -4, 4, 0, -8, 5])
2022-02-12 16:57:13,091 INFO: Elliptic Chabauty map computed. (delta = ['-4', '5', '-5', '-1', '9', '-5'], g = [4, -4, 4, 0, -8, 5])
2022-02-12 16:57:13,093 INFO: Tasks complete. Recording data and exiting.
