2022-01-01 10:40:31,024 INFO: Initialized curve data.
2022-01-01 10:40:31,029 INFO: Setting up initial twist data...
2022-01-01 10:40:32,223 INFO: Twist setup complete.
2022-01-01 10:40:32,223 INFO: Searching for rational points on each twist...
2022-01-01 10:40:33,263 INFO: Finished searching for rational points on each twist.
2022-01-01 10:40:33,263 INFO: Testing local solvability of twists...
2022-01-01 10:40:33,269 INFO: Finished local solvability testing.
2022-01-01 10:40:33,271 INFO: Computing elliptic curve a-invariants...
2022-01-01 10:40:41,003 INFO: Finished computation of a-invariants.
2022-01-01 10:40:41,004 INFO: Computing MW group (delta = ['1', '-1'], g = [-4, 8, -4, 1, 2, 1])...
2022-01-01 10:42:02,938 INFO: Finished MW computation (delta = ['1', '-1'], g = [-4, 8, -4, 1, 2, 1])
2022-01-01 10:42:02,941 INFO: Computing MW group (delta = ['4', '-7', '4', '-2', '-2', '-1'], g = [-4, 8, -4, 1, 2, 1])...
2022-01-01 10:43:35,106 INFO: Finished MW computation (delta = ['4', '-7', '4', '-2', '-2', '-1'], g = [-4, 8, -4, 1, 2, 1])
2022-01-01 10:43:35,108 INFO: Computing MW group (delta = ['1'], g = [-4, 8, -4, 1, 2, 1])...
2022-01-01 10:44:15,328 INFO: Finished MW computation (delta = ['1'], g = [-4, 8, -4, 1, 2, 1])
2022-01-01 10:44:15,330 INFO: Computing MW group (delta = ['4', '-7', '5', '-1', '-2', '-1'], g = [-4, 8, -4, 1, 2, 1])...
2022-01-01 10:44:41,509 INFO: Finished MW computation (delta = ['4', '-7', '5', '-1', '-2', '-1'], g = [-4, 8, -4, 1, 2, 1])
2022-01-01 10:44:41,514 INFO: Reducing MW generators...
2022-01-01 10:44:47,041 INFO: Finished reducing MW generators.
2022-01-01 10:44:47,043 INFO: Running elliptic Chabauty (delta = ['1', '-1'], g = [-4, 8, -4, 1, 2, 1])...
2022-01-01 10:45:01,237 INFO: Chabauty completed successfully (delta = ['1', '-1'], g = [-4, 8, -4, 1, 2, 1]).
2022-01-01 10:45:01,239 INFO: Running elliptic Chabauty (delta = ['4', '-7', '4', '-2', '-2', '-1'], g = [-4, 8, -4, 1, 2, 1])...
2022-01-01 10:45:21,799 INFO: Chabauty completed successfully (delta = ['4', '-7', '4', '-2', '-2', '-1'], g = [-4, 8, -4, 1, 2, 1]).
2022-01-01 10:45:21,803 INFO: Running elliptic Chabauty (delta = ['1'], g = [-4, 8, -4, 1, 2, 1])...
2022-01-01 10:45:39,126 INFO: Chabauty completed successfully (delta = ['1'], g = [-4, 8, -4, 1, 2, 1]).
2022-01-01 10:45:39,129 INFO: Running elliptic Chabauty (delta = ['4', '-7', '5', '-1', '-2', '-1'], g = [-4, 8, -4, 1, 2, 1])...
2022-01-01 10:45:53,563 INFO: Chabauty completed successfully (delta = ['4', '-7', '5', '-1', '-2', '-1'], g = [-4, 8, -4, 1, 2, 1]).
2022-01-01 10:45:53,855 INFO: Rational points successfully computed.
2022-01-01 10:45:53,857 INFO: Tasks complete. Recording data and exiting.
2022-01-03 13:14:57,000 INFO: Obsolete "loc_solv_error" keys removed.
2022-01-03 13:14:57,000 INFO: Deleted results of Chabauty computation.
2022-01-10 22:38:56,995 INFO: Loaded curve data from file.
2022-01-10 22:38:56,996 INFO: Running elliptic Chabauty (delta = ['1', '-1'], g = [-4, 8, -4, 1, 2, 1])...
2022-01-10 22:39:08,207 INFO: Chabauty completed successfully (delta = ['1', '-1'], g = [-4, 8, -4, 1, 2, 1]).
2022-01-10 22:39:08,210 INFO: Running elliptic Chabauty (delta = ['4', '-7', '4', '-2', '-2', '-1'], g = [-4, 8, -4, 1, 2, 1])...
2022-01-10 22:39:23,416 INFO: Chabauty completed successfully (delta = ['4', '-7', '4', '-2', '-2', '-1'], g = [-4, 8, -4, 1, 2, 1]).
2022-01-10 22:39:23,418 INFO: Running elliptic Chabauty (delta = ['1'], g = [-4, 8, -4, 1, 2, 1])...
2022-01-10 22:39:36,087 INFO: Chabauty completed successfully (delta = ['1'], g = [-4, 8, -4, 1, 2, 1]).
2022-01-10 22:39:36,089 INFO: Running elliptic Chabauty (delta = ['4', '-7', '5', '-1', '-2', '-1'], g = [-4, 8, -4, 1, 2, 1])...
2022-01-10 22:39:46,876 INFO: Chabauty completed successfully (delta = ['4', '-7', '5', '-1', '-2', '-1'], g = [-4, 8, -4, 1, 2, 1]).
2022-01-10 22:39:47,082 INFO: Rational points successfully computed.
2022-01-10 22:39:47,084 INFO: Tasks complete. Recording data and exiting.
2022-02-12 17:50:27,417 INFO: Loaded curve data from file.
2022-02-12 17:50:27,417 INFO: Computing elliptic Chabauty map... (delta = ['1', '-1'], g = [-4, 8, -4, 1, 2, 1])
2022-02-12 17:50:40,370 INFO: Elliptic Chabauty map computed. (delta = ['1', '-1'], g = [-4, 8, -4, 1, 2, 1])
2022-02-12 17:50:40,374 INFO: Computing elliptic Chabauty map... (delta = ['4', '-7', '4', '-2', '-2', '-1'], g = [-4, 8, -4, 1, 2, 1])
2022-02-12 17:50:53,157 INFO: Elliptic Chabauty map computed. (delta = ['4', '-7', '4', '-2', '-2', '-1'], g = [-4, 8, -4, 1, 2, 1])
2022-02-12 17:50:53,160 INFO: Computing elliptic Chabauty map... (delta = ['1'], g = [-4, 8, -4, 1, 2, 1])
2022-02-12 17:51:05,763 INFO: Elliptic Chabauty map computed. (delta = ['1'], g = [-4, 8, -4, 1, 2, 1])
2022-02-12 17:51:05,767 INFO: Computing elliptic Chabauty map... (delta = ['4', '-7', '5', '-1', '-2', '-1'], g = [-4, 8, -4, 1, 2, 1])
2022-02-12 17:51:18,484 INFO: Elliptic Chabauty map computed. (delta = ['4', '-7', '5', '-1', '-2', '-1'], g = [-4, 8, -4, 1, 2, 1])
2022-02-12 17:51:18,488 INFO: Tasks complete. Recording data and exiting.
