2022-01-01 12:50:37,997 INFO: Initialized curve data.
2022-01-01 12:50:38,000 INFO: Setting up initial twist data...
2022-01-01 12:50:39,248 INFO: Twist setup complete.
2022-01-01 12:50:39,248 INFO: Searching for rational points on each twist...
2022-01-01 12:50:40,290 INFO: Finished searching for rational points on each twist.
2022-01-01 12:50:40,290 INFO: Testing local solvability of twists...
2022-01-01 12:50:40,295 INFO: Finished local solvability testing.
2022-01-01 12:50:40,297 INFO: Computing elliptic curve a-invariants...
2022-01-01 12:50:48,712 INFO: Finished computation of a-invariants.
2022-01-01 12:50:48,714 INFO: Computing MW group (delta = ['2', '3', '0', '7', '-16', '8'], g = [1, 1, 0, 4, -8, 4])...
2022-01-01 12:51:39,952 INFO: Finished MW computation (delta = ['2', '3', '0', '7', '-16', '8'], g = [1, 1, 0, 4, -8, 4])
2022-01-01 12:51:39,954 INFO: Computing MW group (delta = ['0', '0', '0', '4', '-8', '4'], g = [1, 1, 0, 4, -8, 4])...
2022-01-01 12:57:26,317 INFO: Finished MW computation (delta = ['0', '0', '0', '4', '-8', '4'], g = [1, 1, 0, 4, -8, 4])
2022-01-01 12:57:26,320 INFO: Computing MW group (delta = ['0', '-1', '1'], g = [1, 1, 0, 4, -8, 4])...
2022-01-01 12:58:23,355 INFO: Finished MW computation (delta = ['0', '-1', '1'], g = [1, 1, 0, 4, -8, 4])
2022-01-01 12:58:23,357 INFO: Computing MW group (delta = ['1'], g = [1, 1, 0, 4, -8, 4])...
2022-01-01 13:00:00,456 INFO: Finished MW computation (delta = ['1'], g = [1, 1, 0, 4, -8, 4])
2022-01-01 13:00:00,461 INFO: Reducing MW generators...
2022-01-01 13:00:06,070 INFO: Finished reducing MW generators.
2022-01-01 13:00:06,073 INFO: Running elliptic Chabauty (delta = ['2', '3', '0', '7', '-16', '8'], g = [1, 1, 0, 4, -8, 4])...
2022-01-01 13:00:22,934 INFO: Chabauty completed successfully (delta = ['2', '3', '0', '7', '-16', '8'], g = [1, 1, 0, 4, -8, 4]).
2022-01-01 13:00:22,937 INFO: Running elliptic Chabauty (delta = ['0', '0', '0', '4', '-8', '4'], g = [1, 1, 0, 4, -8, 4])...
2022-01-01 13:00:43,133 INFO: Chabauty completed successfully (delta = ['0', '0', '0', '4', '-8', '4'], g = [1, 1, 0, 4, -8, 4]).
2022-01-01 13:00:43,136 INFO: Running elliptic Chabauty (delta = ['0', '-1', '1'], g = [1, 1, 0, 4, -8, 4])...
2022-01-01 13:00:58,235 INFO: Chabauty completed successfully (delta = ['0', '-1', '1'], g = [1, 1, 0, 4, -8, 4]).
2022-01-01 13:00:58,238 INFO: Running elliptic Chabauty (delta = ['1'], g = [1, 1, 0, 4, -8, 4])...
2022-01-01 13:01:21,176 INFO: Chabauty completed successfully (delta = ['1'], g = [1, 1, 0, 4, -8, 4]).
2022-01-01 13:01:21,447 INFO: Rational points successfully computed.
2022-01-01 13:01:21,449 INFO: Tasks complete. Recording data and exiting.
2022-01-03 13:14:57,000 INFO: Obsolete "loc_solv_error" keys removed.
2022-01-03 13:14:57,000 INFO: Deleted results of Chabauty computation.
