2022-01-01 12:51:00,742 INFO: Initialized curve data.
2022-01-01 12:51:00,748 INFO: Setting up initial twist data...
2022-01-01 12:51:01,673 INFO: Twist setup complete.
2022-01-01 12:51:01,673 INFO: Searching for rational points on each twist...
2022-01-01 12:51:02,523 INFO: Finished searching for rational points on each twist.
2022-01-01 12:51:02,523 INFO: Testing local solvability of twists...
2022-01-01 12:51:02,529 INFO: Finished local solvability testing.
2022-01-01 12:51:02,531 INFO: Computing elliptic curve a-invariants...
2022-01-01 12:51:24,375 INFO: Finished computation of a-invariants.
2022-01-01 12:51:24,377 INFO: Computing MW group (delta = ['-4', '0', '21', '16', '-16', '-16'], g = [4, 1, -20, -16, 16, 16])...
2022-01-01 12:51:48,660 INFO: Finished MW computation (delta = ['-4', '0', '21', '16', '-16', '-16'], g = [4, 1, -20, -16, 16, 16])
2022-01-01 12:51:48,666 INFO: Computing MW group (delta = ['-1', '-1'], g = [4, 1, -20, -16, 16, 16])...
2022-01-01 12:52:40,543 INFO: Finished MW computation (delta = ['-1', '-1'], g = [4, 1, -20, -16, 16, 16])
2022-01-01 12:52:40,549 INFO: Computing MW group (delta = ['1'], g = [4, 1, -20, -16, 16, 16])...
2022-01-01 12:53:24,075 INFO: Finished MW computation (delta = ['1'], g = [4, 1, -20, -16, 16, 16])
2022-01-01 12:53:24,080 INFO: Computing MW group (delta = ['4', '0', '-22', '-17', '16', '16'], g = [4, 1, -20, -16, 16, 16])...
2022-01-01 12:53:53,689 INFO: Finished MW computation (delta = ['4', '0', '-22', '-17', '16', '16'], g = [4, 1, -20, -16, 16, 16])
2022-01-01 12:53:53,697 INFO: Reducing MW generators...
2022-01-01 12:53:57,562 INFO: Finished reducing MW generators.
2022-01-01 12:53:57,565 INFO: Running elliptic Chabauty (delta = ['-4', '0', '21', '16', '-16', '-16'], g = [4, 1, -20, -16, 16, 16])...
2022-01-01 12:54:18,046 INFO: Chabauty completed successfully (delta = ['-4', '0', '21', '16', '-16', '-16'], g = [4, 1, -20, -16, 16, 16]).
2022-01-01 12:54:18,050 INFO: Running elliptic Chabauty (delta = ['-1', '-1'], g = [4, 1, -20, -16, 16, 16])...
2022-01-01 12:54:41,144 INFO: Chabauty completed successfully (delta = ['-1', '-1'], g = [4, 1, -20, -16, 16, 16]).
2022-01-01 12:54:41,148 INFO: Running elliptic Chabauty (delta = ['1'], g = [4, 1, -20, -16, 16, 16])...
2022-01-01 12:55:02,970 INFO: Chabauty completed successfully (delta = ['1'], g = [4, 1, -20, -16, 16, 16]).
2022-01-01 12:55:02,973 INFO: Running elliptic Chabauty (delta = ['4', '0', '-22', '-17', '16', '16'], g = [4, 1, -20, -16, 16, 16])...
2022-01-01 12:55:22,273 INFO: Chabauty completed successfully (delta = ['4', '0', '-22', '-17', '16', '16'], g = [4, 1, -20, -16, 16, 16]).
2022-01-01 12:55:22,533 INFO: Rational points successfully computed.
2022-01-01 12:55:22,535 INFO: Tasks complete. Recording data and exiting.
2022-01-03 13:14:57,000 INFO: Obsolete "loc_solv_error" keys removed.
2022-01-03 13:14:57,000 INFO: Deleted results of Chabauty computation.
2022-01-10 22:41:59,001 INFO: Loaded curve data from file.
2022-01-10 22:41:59,001 INFO: Running elliptic Chabauty (delta = ['-4', '0', '21', '16', '-16', '-16'], g = [4, 1, -20, -16, 16, 16])...
2022-01-10 22:42:23,072 INFO: Chabauty completed successfully (delta = ['-4', '0', '21', '16', '-16', '-16'], g = [4, 1, -20, -16, 16, 16]).
2022-01-10 22:42:23,075 INFO: Running elliptic Chabauty (delta = ['-1', '-1'], g = [4, 1, -20, -16, 16, 16])...
2022-01-10 22:42:50,222 INFO: Chabauty completed successfully (delta = ['-1', '-1'], g = [4, 1, -20, -16, 16, 16]).
2022-01-10 22:42:50,223 INFO: Running elliptic Chabauty (delta = ['1'], g = [4, 1, -20, -16, 16, 16])...
2022-01-10 22:43:15,599 INFO: Chabauty completed successfully (delta = ['1'], g = [4, 1, -20, -16, 16, 16]).
2022-01-10 22:43:15,601 INFO: Running elliptic Chabauty (delta = ['4', '0', '-22', '-17', '16', '16'], g = [4, 1, -20, -16, 16, 16])...
2022-01-10 22:43:38,508 INFO: Chabauty completed successfully (delta = ['4', '0', '-22', '-17', '16', '16'], g = [4, 1, -20, -16, 16, 16]).
2022-01-10 22:43:38,736 INFO: Rational points successfully computed.
2022-01-10 22:43:38,738 INFO: Tasks complete. Recording data and exiting.
2022-02-12 16:59:18,661 INFO: Loaded curve data from file.
2022-02-12 16:59:18,661 INFO: Computing elliptic Chabauty map... (delta = ['-4', '0', '21', '16', '-16', '-16'], g = [4, 1, -20, -16, 16, 16])
2022-02-12 16:59:37,380 INFO: Elliptic Chabauty map computed. (delta = ['-4', '0', '21', '16', '-16', '-16'], g = [4, 1, -20, -16, 16, 16])
2022-02-12 16:59:37,383 INFO: Computing elliptic Chabauty map... (delta = ['-1', '-1'], g = [4, 1, -20, -16, 16, 16])
2022-02-12 16:59:56,044 INFO: Elliptic Chabauty map computed. (delta = ['-1', '-1'], g = [4, 1, -20, -16, 16, 16])
2022-02-12 16:59:56,047 INFO: Computing elliptic Chabauty map... (delta = ['1'], g = [4, 1, -20, -16, 16, 16])
2022-02-12 17:00:14,470 INFO: Elliptic Chabauty map computed. (delta = ['1'], g = [4, 1, -20, -16, 16, 16])
2022-02-12 17:00:14,473 INFO: Computing elliptic Chabauty map... (delta = ['4', '0', '-22', '-17', '16', '16'], g = [4, 1, -20, -16, 16, 16])
2022-02-12 17:00:32,918 INFO: Elliptic Chabauty map computed. (delta = ['4', '0', '-22', '-17', '16', '16'], g = [4, 1, -20, -16, 16, 16])
2022-02-12 17:00:32,922 INFO: Tasks complete. Recording data and exiting.
