2022-01-11 12:31:52,280 INFO: Initialized curve data.
2022-01-11 12:31:52,283 INFO: Setting up initial twist data...
2022-01-11 12:31:53,422 INFO: Twist setup complete.
2022-01-11 12:31:53,422 INFO: Searching for rational points on each twist...
2022-01-11 12:31:55,790 INFO: Finished searching for rational points on each twist.
2022-01-11 12:31:55,791 INFO: Testing local solvability of twists...
2022-01-11 12:31:55,796 INFO: Finished local solvability testing.
2022-01-11 12:31:55,797 INFO: Computing elliptic curve a-invariants...
2022-01-11 12:32:09,288 INFO: Finished computation of a-invariants.
2022-01-11 12:32:09,289 INFO: Computing MW group (delta = ['4', '11', '2', '-4', '-8', '4'], g = [4, 12, 0, -3, -8, 4])...
2022-01-11 14:30:29,743 INFO: Finished MW computation (delta = ['4', '11', '2', '-4', '-8', '4'], g = [4, 12, 0, -3, -8, 4])
2022-01-11 14:30:29,747 INFO: Computing MW group (delta = ['1', '-1'], g = [4, 12, 0, -3, -8, 4])...
2022-01-11 14:31:42,630 INFO: Finished MW computation (delta = ['1', '-1'], g = [4, 12, 0, -3, -8, 4])
2022-01-11 14:31:42,632 INFO: Computing MW group (delta = ['1'], g = [4, 12, 0, -3, -8, 4])...
2022-01-13 17:36:55,529 INFO: Loaded curve data from file.
2022-01-13 17:36:55,529 INFO: Reducing MW generators...
2022-01-13 17:36:57,328 INFO: Finished reducing MW generators.
2022-01-13 17:36:57,333 INFO: Running elliptic Chabauty (delta = ['4', '11', '2', '-4', '-8', '4'], g = [4, 12, 0, -3, -8, 4])...
2022-01-13 17:37:22,604 INFO: Chabauty completed successfully (delta = ['4', '11', '2', '-4', '-8', '4'], g = [4, 12, 0, -3, -8, 4]).
2022-01-13 17:37:22,606 INFO: Skipped Chabauty because MW group hasn't been provably computed. (delta = ['1', '-1'], g = [4, 12, 0, -3, -8, 4])
2022-01-13 17:37:22,606 INFO: Skipped Chabauty because MW generators haven't been computed. (delta = ['1'], g = [4, 12, 0, -3, -8, 4])
2022-01-13 17:37:22,606 INFO: Skipped Chabauty because MW generators haven't been computed. (delta = ['4', '11', '1', '-3', '-8', '4'], g = [4, 12, 0, -3, -8, 4])
2022-01-13 17:37:22,668 INFO: Tasks complete. Recording data and exiting.
2022-02-12 17:51:17,126 INFO: Loaded curve data from file.
2022-02-12 17:51:17,126 INFO: Computing elliptic Chabauty map... (delta = ['4', '11', '2', '-4', '-8', '4'], g = [4, 12, 0, -3, -8, 4])
2022-02-12 17:51:31,259 INFO: Elliptic Chabauty map computed. (delta = ['4', '11', '2', '-4', '-8', '4'], g = [4, 12, 0, -3, -8, 4])
2022-02-12 17:51:31,262 INFO: Computing elliptic Chabauty map... (delta = ['1', '-1'], g = [4, 12, 0, -3, -8, 4])
2022-02-12 17:51:45,180 INFO: Elliptic Chabauty map computed. (delta = ['1', '-1'], g = [4, 12, 0, -3, -8, 4])
2022-02-12 17:51:45,182 INFO: Computing elliptic Chabauty map... (delta = ['1'], g = [4, 12, 0, -3, -8, 4])
2022-02-12 17:51:59,114 INFO: Elliptic Chabauty map computed. (delta = ['1'], g = [4, 12, 0, -3, -8, 4])
2022-02-12 17:51:59,117 INFO: Computing elliptic Chabauty map... (delta = ['4', '11', '1', '-3', '-8', '4'], g = [4, 12, 0, -3, -8, 4])
2022-02-12 17:52:12,893 INFO: Elliptic Chabauty map computed. (delta = ['4', '11', '1', '-3', '-8', '4'], g = [4, 12, 0, -3, -8, 4])
2022-02-12 17:52:12,897 INFO: Tasks complete. Recording data and exiting.
