2022-01-11 15:10:20,181 INFO: Initialized curve data.
2022-01-11 15:10:20,186 INFO: Setting up initial twist data...
2022-01-11 15:10:21,429 INFO: Twist setup complete.
2022-01-11 15:10:21,429 INFO: Searching for rational points on each twist...
2022-01-11 15:10:23,998 INFO: Finished searching for rational points on each twist.
2022-01-11 15:10:23,999 INFO: Testing local solvability of twists...
2022-01-11 15:10:24,003 INFO: Finished local solvability testing.
2022-01-11 15:10:24,004 INFO: Computing elliptic curve a-invariants...
2022-01-11 15:10:38,334 INFO: Finished computation of a-invariants.
2022-01-11 15:10:38,336 INFO: Computing MW group (delta = ['4', '-29', '53', '-11', '-12', '4'], g = [4, -28, 52, -11, -12, 4])...
2022-01-11 15:15:01,431 INFO: Finished MW computation (delta = ['4', '-29', '53', '-11', '-12', '4'], g = [4, -28, 52, -11, -12, 4])
2022-01-11 15:15:01,437 INFO: Computing MW group (delta = ['1', '-1'], g = [4, -28, 52, -11, -12, 4])...
2022-01-11 15:15:51,435 INFO: Finished MW computation (delta = ['1', '-1'], g = [4, -28, 52, -11, -12, 4])
2022-01-11 15:15:51,438 INFO: Computing MW group (delta = ['1'], g = [4, -28, 52, -11, -12, 4])...
2022-01-11 15:16:55,374 INFO: Finished MW computation (delta = ['1'], g = [4, -28, 52, -11, -12, 4])
2022-01-11 15:16:55,379 INFO: Computing MW group (delta = ['4', '-29', '54', '-12', '-12', '4'], g = [4, -28, 52, -11, -12, 4])...
2022-01-11 15:34:16,327 INFO: Finished MW computation (delta = ['4', '-29', '54', '-12', '-12', '4'], g = [4, -28, 52, -11, -12, 4])
2022-01-11 15:34:16,342 INFO: Reducing MW generators...
2022-01-11 15:34:20,271 INFO: Finished reducing MW generators.
2022-01-11 15:34:20,273 INFO: Tasks complete. Recording data and exiting.
2022-01-14 09:07:34,952 INFO: Loaded curve data from file.
2022-01-14 09:07:34,953 INFO: Running elliptic Chabauty (delta = ['4', '-29', '53', '-11', '-12', '4'], g = [4, -28, 52, -11, -12, 4])...
2022-01-14 09:07:48,174 INFO: Chabauty completed successfully (delta = ['4', '-29', '53', '-11', '-12', '4'], g = [4, -28, 52, -11, -12, 4]).
2022-01-14 09:07:48,177 INFO: Skipped Chabauty because MW group hasn't been provably computed. (delta = ['1', '-1'], g = [4, -28, 52, -11, -12, 4])
2022-01-14 09:07:48,177 INFO: Running elliptic Chabauty (delta = ['1'], g = [4, -28, 52, -11, -12, 4])...
2022-01-14 09:08:06,687 INFO: Chabauty completed successfully (delta = ['1'], g = [4, -28, 52, -11, -12, 4]).
2022-01-14 09:08:06,689 INFO: Running elliptic Chabauty (delta = ['4', '-29', '54', '-12', '-12', '4'], g = [4, -28, 52, -11, -12, 4])...
2022-01-14 09:08:28,549 INFO: Chabauty completed successfully (delta = ['4', '-29', '54', '-12', '-12', '4'], g = [4, -28, 52, -11, -12, 4]).
2022-01-14 09:08:28,669 INFO: Tasks complete. Recording data and exiting.
