2022-01-12 09:25:21,169 INFO: Initialized curve data.
2022-01-12 09:25:21,171 INFO: Setting up initial twist data...
2022-01-12 09:25:22,022 INFO: Twist setup complete.
2022-01-12 09:25:22,022 INFO: Searching for rational points on each twist...
2022-01-12 09:25:23,286 INFO: Finished searching for rational points on each twist.
2022-01-12 09:25:23,286 INFO: Testing local solvability of twists...
2022-01-12 09:25:23,292 INFO: Finished local solvability testing.
2022-01-12 09:25:23,293 INFO: Computing elliptic curve a-invariants...
2022-01-12 09:25:38,840 INFO: Finished computation of a-invariants.
2022-01-12 09:25:38,842 INFO: Computing MW group (delta = ['8', '-9', '-16', '0', '4', '1'], g = [8, -8, -16, 0, 4, 1])...
2022-01-12 09:26:24,990 INFO: Finished MW computation (delta = ['8', '-9', '-16', '0', '4', '1'], g = [8, -8, -16, 0, 4, 1])
2022-01-12 09:26:24,993 INFO: Computing MW group (delta = ['1'], g = [8, -8, -16, 0, 4, 1])...
2022-01-12 09:26:58,507 INFO: Finished MW computation (delta = ['1'], g = [8, -8, -16, 0, 4, 1])
2022-01-12 09:26:58,510 INFO: Computing MW group (delta = ['-128', '128', '254', '-1', '-64', '-16'], g = [8, -8, -16, 0, 4, 1])...
2022-01-12 09:27:11,157 INFO: Finished MW computation (delta = ['-128', '128', '254', '-1', '-64', '-16'], g = [8, -8, -16, 0, 4, 1])
2022-01-12 09:27:11,160 INFO: Computing MW group (delta = ['-16', '18', '33', '0', '-8', '-2'], g = [8, -8, -16, 0, 4, 1])...
2022-01-12 09:27:23,040 INFO: Finished MW computation (delta = ['-16', '18', '33', '0', '-8', '-2'], g = [8, -8, -16, 0, 4, 1])
2022-01-12 09:27:23,045 INFO: Reducing MW generators...
2022-01-12 09:27:24,895 INFO: Finished reducing MW generators.
2022-01-12 09:27:24,898 INFO: Tasks complete. Recording data and exiting.
