2022-01-01 12:51:08,965 INFO: Initialized curve data.
2022-01-01 12:51:08,968 INFO: Setting up initial twist data...
2022-01-01 12:51:10,147 INFO: Twist setup complete.
2022-01-01 12:51:10,148 INFO: Searching for rational points on each twist...
2022-01-01 12:51:11,101 INFO: Finished searching for rational points on each twist.
2022-01-01 12:51:11,101 INFO: Testing local solvability of twists...
2022-01-01 12:51:11,107 INFO: Finished local solvability testing.
2022-01-01 12:51:11,108 INFO: Computing elliptic curve a-invariants...
2022-01-01 12:51:23,940 INFO: Finished computation of a-invariants.
2022-01-01 12:51:23,942 INFO: Computing MW group (delta = ['-1', '-1'], g = [2, 13, 16, 3, 0, 1])...
2022-01-01 12:53:46,594 INFO: Finished MW computation (delta = ['-1', '-1'], g = [2, 13, 16, 3, 0, 1])
2022-01-01 12:53:46,600 INFO: Computing MW group (delta = ['0', '12', '16', '3', '0', '1'], g = [2, 13, 16, 3, 0, 1])...
2022-01-01 12:54:39,839 INFO: Finished MW computation (delta = ['0', '12', '16', '3', '0', '1'], g = [2, 13, 16, 3, 0, 1])
2022-01-01 12:54:39,843 INFO: Computing MW group (delta = ['4', '16', '17', '3', '0', '1'], g = [2, 13, 16, 3, 0, 1])...
2022-01-01 12:57:40,337 INFO: Finished MW computation (delta = ['4', '16', '17', '3', '0', '1'], g = [2, 13, 16, 3, 0, 1])
2022-01-01 12:57:40,342 INFO: Computing MW group (delta = ['1'], g = [2, 13, 16, 3, 0, 1])...
2022-01-01 14:06:01,361 INFO: Finished MW computation (delta = ['1'], g = [2, 13, 16, 3, 0, 1])
2022-01-01 14:06:01,372 INFO: Reducing MW generators...
2022-01-01 14:06:06,242 INFO: Finished reducing MW generators.
2022-01-01 14:06:06,246 INFO: Running elliptic Chabauty (delta = ['-1', '-1'], g = [2, 13, 16, 3, 0, 1])...
2022-01-01 14:06:21,616 INFO: Chabauty completed successfully (delta = ['-1', '-1'], g = [2, 13, 16, 3, 0, 1]).
2022-01-01 14:06:21,619 INFO: Running elliptic Chabauty (delta = ['0', '12', '16', '3', '0', '1'], g = [2, 13, 16, 3, 0, 1])...
2022-01-01 14:06:37,451 INFO: Chabauty completed successfully (delta = ['0', '12', '16', '3', '0', '1'], g = [2, 13, 16, 3, 0, 1]).
2022-01-01 14:06:37,455 INFO: Running elliptic Chabauty (delta = ['4', '16', '17', '3', '0', '1'], g = [2, 13, 16, 3, 0, 1])...
2022-01-01 14:06:51,681 INFO: Chabauty completed successfully (delta = ['4', '16', '17', '3', '0', '1'], g = [2, 13, 16, 3, 0, 1]).
2022-01-01 14:06:51,685 INFO: Running elliptic Chabauty (delta = ['1'], g = [2, 13, 16, 3, 0, 1])...
2022-01-01 14:07:30,000 INFO: Chabauty completed successfully (delta = ['1'], g = [2, 13, 16, 3, 0, 1]).
2022-01-01 14:07:30,282 INFO: Rational points successfully computed.
2022-01-01 14:07:30,284 INFO: Tasks complete. Recording data and exiting.
2022-01-03 13:14:57,000 INFO: Obsolete "loc_solv_error" keys removed.
2022-01-03 13:14:57,000 INFO: Deleted results of Chabauty computation.
2022-01-10 22:42:05,184 INFO: Loaded curve data from file.
2022-01-10 22:42:05,185 INFO: Running elliptic Chabauty (delta = ['-1', '-1'], g = [2, 13, 16, 3, 0, 1])...
2022-01-10 22:42:22,911 INFO: Chabauty completed successfully (delta = ['-1', '-1'], g = [2, 13, 16, 3, 0, 1]).
2022-01-10 22:42:22,914 INFO: Running elliptic Chabauty (delta = ['0', '12', '16', '3', '0', '1'], g = [2, 13, 16, 3, 0, 1])...
2022-01-10 22:42:41,197 INFO: Chabauty completed successfully (delta = ['0', '12', '16', '3', '0', '1'], g = [2, 13, 16, 3, 0, 1]).
2022-01-10 22:42:41,198 INFO: Running elliptic Chabauty (delta = ['4', '16', '17', '3', '0', '1'], g = [2, 13, 16, 3, 0, 1])...
2022-01-10 22:42:57,641 INFO: Chabauty completed successfully (delta = ['4', '16', '17', '3', '0', '1'], g = [2, 13, 16, 3, 0, 1]).
2022-01-10 22:42:57,643 INFO: Running elliptic Chabauty (delta = ['1'], g = [2, 13, 16, 3, 0, 1])...
2022-01-10 22:43:39,143 INFO: Chabauty completed successfully (delta = ['1'], g = [2, 13, 16, 3, 0, 1]).
2022-01-10 22:43:39,374 INFO: Rational points successfully computed.
2022-01-10 22:43:39,376 INFO: Tasks complete. Recording data and exiting.
