2022-01-12 12:13:53,421 INFO: Initialized curve data.
2022-01-12 12:13:53,426 INFO: Setting up initial twist data...
2022-01-12 12:13:54,564 INFO: Twist setup complete.
2022-01-12 12:13:54,564 INFO: Searching for rational points on each twist...
2022-01-12 12:13:56,709 INFO: Finished searching for rational points on each twist.
2022-01-12 12:13:56,709 INFO: Testing local solvability of twists...
2022-01-12 12:14:05,738 INFO: Finished local solvability testing.
2022-01-12 12:14:05,740 INFO: Computing elliptic curve a-invariants...
2022-01-12 12:14:17,995 INFO: Finished computation of a-invariants.
2022-01-12 12:14:18,001 INFO: Computing MW group (delta = ['-16', '-40', '-39', '12', '8', '-2'], g = [8, 21, 20, -6, -4, 1])...
2022-01-12 12:16:02,778 INFO: Finished MW computation (delta = ['-16', '-40', '-39', '12', '8', '-2'], g = [8, 21, 20, -6, -4, 1])
2022-01-12 12:16:02,781 INFO: Computing MW group (delta = ['8', '20', '20', '-6', '-4', '1'], g = [8, 21, 20, -6, -4, 1])...
2022-01-12 12:17:49,989 INFO: Finished MW computation (delta = ['8', '20', '20', '-6', '-4', '1'], g = [8, 21, 20, -6, -4, 1])
2022-01-12 12:17:49,991 INFO: Computing MW group (delta = ['1'], g = [8, 21, 20, -6, -4, 1])...
2022-01-14 11:32:11,436 INFO: Loaded curve data from file.
2022-01-14 11:32:11,436 INFO: Reducing MW generators...
2022-01-14 11:32:11,723 INFO: Finished reducing MW generators.
2022-01-14 11:32:11,728 INFO: Skipped Chabauty because MW group hasn't been provably computed. (delta = ['-16', '-40', '-39', '12', '8', '-2'], g = [8, 21, 20, -6, -4, 1])
2022-01-14 11:32:11,728 INFO: Running elliptic Chabauty (delta = ['8', '20', '20', '-6', '-4', '1'], g = [8, 21, 20, -6, -4, 1])...
2022-01-14 11:32:25,255 INFO: Chabauty completed successfully (delta = ['8', '20', '20', '-6', '-4', '1'], g = [8, 21, 20, -6, -4, 1]).
2022-01-14 11:32:25,429 INFO: Skipped Chabauty because MW generators haven't been computed. (delta = ['1'], g = [8, 21, 20, -6, -4, 1])
2022-01-14 11:32:25,429 INFO: Skipped Chabauty because no base point (delta = ['-2', '-1'])
2022-01-14 11:32:25,511 INFO: Tasks complete. Recording data and exiting.
