2022-02-01 12:30:08,241 INFO: Initialized curve data.
2022-02-01 12:30:08,244 INFO: Setting up initial twist data...
2022-02-01 12:30:09,467 INFO: Twist setup complete.
2022-02-01 12:30:09,468 INFO: Searching for rational points on each twist...
2022-02-01 12:30:11,696 INFO: Finished searching for rational points on each twist.
2022-02-01 12:30:11,696 INFO: Testing local solvability of twists...
2022-02-01 12:30:18,657 INFO: Finished local solvability testing.
2022-02-01 12:30:18,659 INFO: Computing elliptic curve a-invariants...
2022-02-01 12:30:23,811 INFO: Finished computation of a-invariants.
2022-02-01 12:30:23,813 INFO: Computing MW group (delta = ['4', '-9', '1', '4', '8', '-7'], g = [-4, 8, 0, -4, -8, 7])...
2022-02-01 12:37:39,126 INFO: Finished MW computation (delta = ['4', '-9', '1', '4', '8', '-7'], g = [-4, 8, 0, -4, -8, 7])
2022-02-01 12:37:39,132 INFO: Skipped MW computation because no base point (delta = ['8', '-16', '1/2', '13/2', '17', '-14'])
2022-02-01 12:37:39,132 INFO: Computing MW group (delta = ['1'], g = [-4, 8, 0, -4, -8, 7])...
2022-02-01 12:40:18,832 INFO: Finished MW computation (delta = ['1'], g = [-4, 8, 0, -4, -8, 7])
2022-02-01 12:40:18,837 INFO: Computing MW group (delta = ['2', '-9/2', '1', '2', '4', '-7/2'], g = [-4, 8, 0, -4, -8, 7])...
2022-02-01 12:55:49,688 INFO: Finished MW computation (delta = ['2', '-9/2', '1', '2', '4', '-7/2'], g = [-4, 8, 0, -4, -8, 7])
2022-02-01 12:55:49,697 INFO: Reducing MW generators...
2022-02-01 12:55:52,731 INFO: Finished reducing MW generators.
2022-02-01 12:55:52,735 INFO: Tasks complete. Recording data and exiting.
2022-02-02 04:42:33,810 INFO: Loaded curve data from file.
2022-02-02 04:42:33,810 INFO: Running elliptic Chabauty (delta = ['4', '-9', '1', '4', '8', '-7'], g = [-4, 8, 0, -4, -8, 7])...
2022-02-02 04:42:44,118 INFO: Chabauty completed successfully (delta = ['4', '-9', '1', '4', '8', '-7'], g = [-4, 8, 0, -4, -8, 7]).
2022-02-02 04:42:44,121 INFO: Skipped Chabauty because no base point (delta = ['8', '-16', '1/2', '13/2', '17', '-14'])
2022-02-02 04:42:44,121 INFO: Running elliptic Chabauty (delta = ['1'], g = [-4, 8, 0, -4, -8, 7])...
2022-02-02 04:43:18,025 INFO: Chabauty completed successfully (delta = ['1'], g = [-4, 8, 0, -4, -8, 7]).
2022-02-02 04:43:18,028 INFO: Running elliptic Chabauty (delta = ['2', '-9/2', '1', '2', '4', '-7/2'], g = [-4, 8, 0, -4, -8, 7])...
2022-02-02 04:43:29,013 INFO: Chabauty completed successfully (delta = ['2', '-9/2', '1', '2', '4', '-7/2'], g = [-4, 8, 0, -4, -8, 7]).
2022-02-02 04:43:29,169 INFO: Rational points successfully computed.
2022-02-02 04:43:29,171 INFO: Tasks complete. Recording data and exiting.
