2022-01-01 10:40:40,723 INFO: Initialized curve data.
2022-01-01 10:40:40,729 INFO: Setting up initial twist data...
2022-01-01 10:40:42,113 INFO: Twist setup complete.
2022-01-01 10:40:42,114 INFO: Searching for rational points on each twist...
2022-01-01 10:40:43,958 INFO: Finished searching for rational points on each twist.
2022-01-01 10:40:43,958 INFO: Testing local solvability of twists...
2022-01-01 10:41:04,025 INFO: Finished local solvability testing.
2022-01-01 10:41:04,026 INFO: Computing elliptic curve a-invariants...
2022-01-01 10:41:07,617 INFO: Finished computation of a-invariants.
2022-01-01 10:41:07,619 INFO: Computing MW group (delta = ['-16', '-52', '-25', '3', '-8', '-4'], g = [1, 3, 1])...
2022-01-01 10:41:09,372 INFO: Finished MW computation (delta = ['-16', '-52', '-25', '3', '-8', '-4'], g = [1, 3, 1])
2022-01-01 10:41:09,375 INFO: Computing MW group (delta = ['-16', '-52', '-25', '3', '-8', '-4'], g = [4, 1, -1, 1])...
2022-01-01 10:41:16,173 INFO: Finished MW computation (delta = ['-16', '-52', '-25', '3', '-8', '-4'], g = [4, 1, -1, 1])
2022-01-01 10:41:16,175 INFO: Skipped MW computation because no base point (delta = ['-4', '-8', '7', '6', '-2', '1'])
2022-01-01 10:41:16,175 INFO: Computing MW group (delta = ['-4', '-12', '-5', '1', '-2', '-1'], g = [1, 3, 1])...
2022-01-01 10:41:17,800 INFO: Finished MW computation (delta = ['-4', '-12', '-5', '1', '-2', '-1'], g = [1, 3, 1])
2022-01-01 10:41:17,803 INFO: Computing MW group (delta = ['-4', '-12', '-5', '1', '-2', '-1'], g = [4, 1, -1, 1])...
2022-01-01 10:41:20,349 INFO: Finished MW computation (delta = ['-4', '-12', '-5', '1', '-2', '-1'], g = [4, 1, -1, 1])
2022-01-01 10:41:20,351 INFO: Skipped MW computation because no base point (delta = ['4', '12', '7', '-1', '1', '2'])
2022-01-01 10:41:20,351 INFO: Computing MW group (delta = ['4', '12', '6', '-1', '2', '1'], g = [1, 3, 1])...
2022-01-01 10:41:23,093 INFO: Finished MW computation (delta = ['4', '12', '6', '-1', '2', '1'], g = [1, 3, 1])
2022-01-01 10:41:23,097 INFO: Computing MW group (delta = ['4', '12', '6', '-1', '2', '1'], g = [4, 1, -1, 1])...
2022-01-01 10:41:27,142 INFO: Finished MW computation (delta = ['4', '12', '6', '-1', '2', '1'], g = [4, 1, -1, 1])
2022-01-01 10:41:27,145 INFO: Computing MW group (delta = ['1'], g = [1, 3, 1])...
2022-01-01 10:41:29,979 INFO: Finished MW computation (delta = ['1'], g = [1, 3, 1])
2022-01-01 10:41:29,982 INFO: Computing MW group (delta = ['1'], g = [4, 1, -1, 1])...
2022-01-01 10:41:34,556 INFO: Finished MW computation (delta = ['1'], g = [4, 1, -1, 1])
2022-01-01 10:41:34,559 INFO: Skipped MW computation because no base point (delta = ['1', '-1', '0', '1', '-1'])
2022-01-01 10:41:34,559 INFO: Computing MW group (delta = ['-16', '-44', '-3', '3', '-15'], g = [1, 3, 1])...
2022-01-01 10:41:36,519 INFO: Finished MW computation (delta = ['-16', '-44', '-3', '3', '-15'], g = [1, 3, 1])
2022-01-01 10:41:36,522 INFO: Computing MW group (delta = ['-16', '-44', '-3', '3', '-15'], g = [4, 1, -1, 1])...
2022-01-01 10:41:44,175 INFO: Finished MW computation (delta = ['-16', '-44', '-3', '3', '-15'], g = [4, 1, -1, 1])
2022-01-01 10:41:44,181 INFO: Reducing MW generators...
2022-01-01 10:41:50,648 INFO: Finished reducing MW generators.
2022-01-01 10:41:50,652 INFO: Running elliptic Chabauty (delta = ['-16', '-52', '-25', '3', '-8', '-4'], g = [1, 3, 1])...
