2022-01-12 12:19:46,301 INFO: Initialized curve data.
2022-01-12 12:19:46,310 INFO: Setting up initial twist data...
2022-01-12 12:19:47,571 INFO: Twist setup complete.
2022-01-12 12:19:47,571 INFO: Searching for rational points on each twist...
2022-01-12 12:19:49,414 INFO: Finished searching for rational points on each twist.
2022-01-12 12:19:49,414 INFO: Testing local solvability of twists...
2022-01-12 12:19:49,421 INFO: Finished local solvability testing.
2022-01-12 12:19:49,423 INFO: Computing elliptic curve a-invariants...
2022-01-12 12:19:58,694 INFO: Finished computation of a-invariants.
2022-01-12 12:19:58,698 INFO: Computing MW group (delta = ['1'], g = [4, -12, 4, 29, 20, 4])...
2022-01-12 12:21:42,390 INFO: Finished MW computation (delta = ['1'], g = [4, -12, 4, 29, 20, 4])
2022-01-12 12:21:42,396 INFO: Computing MW group (delta = ['-1', '2', '1'], g = [4, -12, 4, 29, 20, 4])...
2022-01-14 11:32:20,679 INFO: Loaded curve data from file.
2022-01-14 11:32:20,679 INFO: Reducing MW generators...
2022-01-14 11:32:20,706 INFO: Finished reducing MW generators.
2022-01-14 11:32:20,708 INFO: Skipped Chabauty because MW group hasn't been provably computed. (delta = ['1'], g = [4, -12, 4, 29, 20, 4])
2022-01-14 11:32:20,708 INFO: Skipped Chabauty because MW generators haven't been computed. (delta = ['-1', '2', '1'], g = [4, -12, 4, 29, 20, 4])
2022-01-14 11:32:20,708 INFO: Skipped Chabauty because MW generators haven't been computed. (delta = ['-4', '13', '-6', '-30', '-20', '-4'], g = [4, -12, 4, 29, 20, 4])
2022-01-14 11:32:20,708 INFO: Skipped Chabauty because MW generators haven't been computed. (delta = ['4', '-13', '4', '29', '20', '4'], g = [4, -12, 4, 29, 20, 4])
2022-01-14 11:32:20,710 INFO: Tasks complete. Recording data and exiting.
