2022-01-12 12:22:05,843 INFO: Initialized curve data.
2022-01-12 12:22:05,850 INFO: Setting up initial twist data...
2022-01-12 12:22:07,626 INFO: Twist setup complete.
2022-01-12 12:22:07,626 INFO: Searching for rational points on each twist...
2022-01-12 12:22:09,535 INFO: Finished searching for rational points on each twist.
2022-01-12 12:22:09,536 INFO: Testing local solvability of twists...
2022-01-12 12:22:59,247 INFO: Finished local solvability testing.
2022-01-12 12:22:59,249 INFO: Computing elliptic curve a-invariants...
2022-01-12 12:23:04,025 INFO: Finished computation of a-invariants.
2022-01-12 12:23:04,027 INFO: Computing MW group (delta = ['1', '-1', '1'], g = [4, -1, -2, 15, -12, 8])...
2022-01-12 12:23:37,908 INFO: Finished MW computation (delta = ['1', '-1', '1'], g = [4, -1, -2, 15, -12, 8])
2022-01-12 12:23:37,912 INFO: Skipped MW computation because no base point (delta = ['1/2', '-1', '2', '-3/2', '1'])
2022-01-12 12:23:37,912 INFO: Skipped MW computation because no base point (delta = ['1/2', '-1/2', '1'])
2022-01-12 12:23:37,912 INFO: Computing MW group (delta = ['1'], g = [4, -1, -2, 15, -12, 8])...
2022-01-14 11:32:27,361 INFO: Loaded curve data from file.
2022-01-14 11:32:27,361 INFO: Reducing MW generators...
2022-01-14 11:32:27,393 INFO: Finished reducing MW generators.
2022-01-14 11:32:27,394 INFO: Skipped Chabauty because MW group hasn't been provably computed. (delta = ['1', '-1', '1'], g = [4, -1, -2, 15, -12, 8])
2022-01-14 11:32:27,395 INFO: Skipped Chabauty because no base point (delta = ['1/2', '-1', '2', '-3/2', '1'])
2022-01-14 11:32:27,395 INFO: Skipped Chabauty because no base point (delta = ['1/2', '-1/2', '1'])
2022-01-14 11:32:27,395 INFO: Skipped Chabauty because MW generators haven't been computed. (delta = ['1'], g = [4, -1, -2, 15, -12, 8])
2022-01-14 11:32:27,461 INFO: Tasks complete. Recording data and exiting.
