2022-01-12 12:26:04,039 INFO: Initialized curve data.
2022-01-12 12:26:04,047 INFO: Setting up initial twist data...
2022-01-12 12:26:05,452 INFO: Twist setup complete.
2022-01-12 12:26:05,452 INFO: Searching for rational points on each twist...
2022-01-12 12:26:09,722 INFO: Finished searching for rational points on each twist.
2022-01-12 12:26:09,722 INFO: Testing local solvability of twists...
2022-01-12 12:26:32,992 INFO: Finished local solvability testing.
2022-01-12 12:26:32,993 INFO: Computing elliptic curve a-invariants...
2022-01-12 12:26:39,216 INFO: Finished computation of a-invariants.
2022-01-12 12:26:39,218 INFO: Skipped MW computation because no base point (delta = ['1/2', '7/2', '11', '10', '-3/2', '1/2'])
2022-01-12 12:26:39,219 INFO: Computing MW group (delta = ['-4', '-19', '-19', '3', '-1'], g = [1, 1])...
2022-01-12 12:26:39,670 INFO: Finished MW computation (delta = ['-4', '-19', '-19', '3', '-1'], g = [1, 1])
2022-01-12 12:26:39,672 INFO: Computing MW group (delta = ['-4', '-19', '-19', '3', '-1'], g = [4, 20, 20, -3, 1])...
2022-01-12 12:28:59,455 INFO: Finished MW computation (delta = ['-4', '-19', '-19', '3', '-1'], g = [4, 20, 20, -3, 1])
2022-01-12 12:28:59,459 INFO: Skipped MW computation because no base point (delta = ['-1', '3', '20', '20', '-3', '1'])
2022-01-12 12:28:59,459 INFO: Computing MW group (delta = ['-2', '-55/2', '-98', '-86', '14', '-9/2'], g = [1, 1])...
2022-01-12 12:28:59,876 INFO: Finished MW computation (delta = ['-2', '-55/2', '-98', '-86', '14', '-9/2'], g = [1, 1])
2022-01-12 12:28:59,878 INFO: Computing MW group (delta = ['-2', '-55/2', '-98', '-86', '14', '-9/2'], g = [4, 20, 20, -3, 1])...
2022-01-12 12:31:10,101 INFO: Finished MW computation (delta = ['-2', '-55/2', '-98', '-86', '14', '-9/2'], g = [4, 20, 20, -3, 1])
2022-01-12 12:31:10,105 INFO: Computing MW group (delta = ['1'], g = [1, 1])...
2022-01-12 12:31:10,523 INFO: Finished MW computation (delta = ['1'], g = [1, 1])
2022-01-12 12:31:10,525 INFO: Computing MW group (delta = ['1'], g = [4, 20, 20, -3, 1])...
