2022-01-12 12:27:19,827 INFO: Initialized curve data.
2022-01-12 12:27:19,831 INFO: Setting up initial twist data...
2022-01-12 12:27:21,174 INFO: Twist setup complete.
2022-01-12 12:27:21,174 INFO: Searching for rational points on each twist...
2022-01-12 12:27:25,529 INFO: Finished searching for rational points on each twist.
2022-01-12 12:27:25,529 INFO: Testing local solvability of twists...
2022-01-12 12:27:50,101 INFO: Finished local solvability testing.
2022-01-12 12:27:50,103 INFO: Computing elliptic curve a-invariants...
2022-01-12 12:27:54,878 INFO: Finished computation of a-invariants.
2022-01-12 12:27:54,880 INFO: Skipped MW computation because no base point (delta = ['1', '-3', '3', '11', '-4', '-16'])
2022-01-12 12:27:54,880 INFO: Computing MW group (delta = ['-1', '2', '4', '-1', '-4'], g = [1, 1])...
2022-01-12 12:27:55,377 INFO: Finished MW computation (delta = ['-1', '2', '4', '-1', '-4'], g = [1, 1])
2022-01-12 12:27:55,379 INFO: Computing MW group (delta = ['-1', '2', '4', '-1', '-4'], g = [1, -1, -3, 1, 4])...
2022-01-12 12:28:04,952 INFO: Finished MW computation (delta = ['-1', '2', '4', '-1', '-4'], g = [1, -1, -3, 1, 4])
2022-01-12 12:28:04,954 INFO: Skipped MW computation because no base point (delta = ['-1', '2', '-1', '-6', '2', '8'])
2022-01-12 12:28:04,955 INFO: Computing MW group (delta = ['1'], g = [1, 1])...
2022-01-12 12:28:05,628 INFO: Finished MW computation (delta = ['1'], g = [1, 1])
2022-01-12 12:28:05,631 INFO: Computing MW group (delta = ['1'], g = [1, -1, -3, 1, 4])...
2022-01-12 12:28:10,050 INFO: Finished MW computation (delta = ['1'], g = [1, -1, -3, 1, 4])
2022-01-12 12:28:10,052 INFO: Skipped MW computation because no base point (delta = ['-1', '0', '-1', '-3', '1', '4'])
2022-01-12 12:28:10,052 INFO: Computing MW group (delta = ['1', '-3', '-4', '3', '3', '-4'], g = [1, 1])...
2022-01-12 12:28:10,728 INFO: Finished MW computation (delta = ['1', '-3', '-4', '3', '3', '-4'], g = [1, 1])
2022-01-12 12:28:10,732 INFO: Computing MW group (delta = ['1', '-3', '-4', '3', '3', '-4'], g = [1, -1, -3, 1, 4])...
2022-01-12 12:28:16,822 INFO: Finished MW computation (delta = ['1', '-3', '-4', '3', '3', '-4'], g = [1, -1, -3, 1, 4])
2022-01-12 12:28:16,825 INFO: Skipped MW computation because no base point (delta = ['-1', '9', '-2', '-22', '1', '27'])
2022-01-12 12:28:16,825 INFO: Computing MW group (delta = ['1', '-5', '-1', '11', '2', '-12'], g = [1, 1])...
2022-01-12 12:28:17,443 INFO: Finished MW computation (delta = ['1', '-5', '-1', '11', '2', '-12'], g = [1, 1])
2022-01-12 12:28:17,446 INFO: Computing MW group (delta = ['1', '-5', '-1', '11', '2', '-12'], g = [1, -1, -3, 1, 4])...
2022-01-12 12:28:23,893 INFO: Finished MW computation (delta = ['1', '-5', '-1', '11', '2', '-12'], g = [1, -1, -3, 1, 4])
2022-01-12 12:28:23,898 INFO: Reducing MW generators...
2022-01-12 12:28:31,188 INFO: Finished reducing MW generators.
2022-01-12 12:28:31,192 INFO: Tasks complete. Recording data and exiting.
2022-01-14 11:32:36,523 INFO: Loaded curve data from file.
2022-01-14 11:32:36,524 INFO: Skipped Chabauty because no base point (delta = ['1', '-3', '3', '11', '-4', '-16'])
2022-01-14 11:32:36,524 INFO: Skipped Chabauty because rank >= degree(g). (delta = ['-1', '2', '4', '-1', '-4'], g = [1, 1])
2022-01-14 11:32:36,524 INFO: Running elliptic Chabauty (delta = ['-1', '2', '4', '-1', '-4'], g = [1, -1, -3, 1, 4])...
2022-01-14 11:32:48,214 INFO: Chabauty completed successfully (delta = ['-1', '2', '4', '-1', '-4'], g = [1, -1, -3, 1, 4]).
2022-01-14 11:32:48,219 INFO: Skipped Chabauty because no base point (delta = ['-1', '2', '-1', '-6', '2', '8'])
2022-01-14 11:32:48,219 INFO: Skipped Chabauty because rank >= degree(g). (delta = ['1'], g = [1, 1])
2022-01-14 11:32:48,219 INFO: Running elliptic Chabauty (delta = ['1'], g = [1, -1, -3, 1, 4])...
2022-01-14 11:32:59,447 INFO: Chabauty completed successfully (delta = ['1'], g = [1, -1, -3, 1, 4]).
2022-01-14 11:32:59,449 INFO: Skipped Chabauty because no base point (delta = ['-1', '0', '-1', '-3', '1', '4'])
2022-01-14 11:32:59,450 INFO: Skipped Chabauty because rank >= degree(g). (delta = ['1', '-3', '-4', '3', '3', '-4'], g = [1, 1])
2022-01-14 11:32:59,450 INFO: Running elliptic Chabauty (delta = ['1', '-3', '-4', '3', '3', '-4'], g = [1, -1, -3, 1, 4])...
2022-01-14 11:33:11,138 INFO: Chabauty completed successfully (delta = ['1', '-3', '-4', '3', '3', '-4'], g = [1, -1, -3, 1, 4]).
2022-01-14 11:33:11,141 INFO: Skipped Chabauty because no base point (delta = ['-1', '9', '-2', '-22', '1', '27'])
2022-01-14 11:33:11,142 INFO: Skipped Chabauty because rank >= degree(g). (delta = ['1', '-5', '-1', '11', '2', '-12'], g = [1, 1])
2022-01-14 11:33:11,142 INFO: Running elliptic Chabauty (delta = ['1', '-5', '-1', '11', '2', '-12'], g = [1, -1, -3, 1, 4])...
2022-01-14 11:33:23,062 INFO: Chabauty completed successfully (delta = ['1', '-5', '-1', '11', '2', '-12'], g = [1, -1, -3, 1, 4]).
2022-01-14 11:33:23,441 INFO: Rational points successfully computed.
2022-01-14 11:33:23,444 INFO: Tasks complete. Recording data and exiting.
