2022-01-12 09:25:03,327 INFO: Initialized curve data.
2022-01-12 09:25:03,334 INFO: Setting up initial twist data...
2022-01-12 09:25:04,581 INFO: Twist setup complete.
2022-01-12 09:25:04,581 INFO: Searching for rational points on each twist...
2022-01-12 09:25:06,756 INFO: Finished searching for rational points on each twist.
2022-01-12 09:25:06,757 INFO: Testing local solvability of twists...
2022-01-12 09:25:06,765 INFO: Finished local solvability testing.
2022-01-12 09:25:06,767 INFO: Computing elliptic curve a-invariants...
2022-01-12 09:25:23,517 INFO: Finished computation of a-invariants.
2022-01-12 09:25:23,518 INFO: Computing MW group (delta = ['4', '7', '-11', '0', '0', '1'], g = [4, 8, -12, 0, 0, 1])...
2022-01-12 09:26:11,042 INFO: Finished MW computation (delta = ['4', '7', '-11', '0', '0', '1'], g = [4, 8, -12, 0, 0, 1])
2022-01-12 09:26:11,045 INFO: Computing MW group (delta = ['1'], g = [4, 8, -12, 0, 0, 1])...
2022-01-12 09:28:25,323 INFO: Finished MW computation (delta = ['1'], g = [4, 8, -12, 0, 0, 1])
2022-01-12 09:28:25,326 INFO: Computing MW group (delta = ['4', '7', '-12', '0', '0', '1'], g = [4, 8, -12, 0, 0, 1])...
2022-01-12 09:30:03,460 INFO: Finished MW computation (delta = ['4', '7', '-12', '0', '0', '1'], g = [4, 8, -12, 0, 0, 1])
2022-01-12 09:30:03,463 INFO: Computing MW group (delta = ['16', '32', '-47', '-1', '0', '4'], g = [4, 8, -12, 0, 0, 1])...
2022-01-12 09:31:10,951 INFO: Finished MW computation (delta = ['16', '32', '-47', '-1', '0', '4'], g = [4, 8, -12, 0, 0, 1])
2022-01-12 09:31:10,955 INFO: Reducing MW generators...
2022-01-12 09:31:15,741 INFO: Finished reducing MW generators.
2022-01-12 09:31:15,743 INFO: Tasks complete. Recording data and exiting.
