2022-01-01 12:50:44,230 INFO: Initialized curve data.
2022-01-01 12:50:44,233 INFO: Setting up initial twist data...
2022-01-01 12:50:45,832 INFO: Twist setup complete.
2022-01-01 12:50:45,832 INFO: Searching for rational points on each twist...
2022-01-01 12:50:48,109 INFO: Finished searching for rational points on each twist.
2022-01-01 12:50:48,110 INFO: Testing local solvability of twists...
2022-01-01 12:51:11,073 INFO: Finished local solvability testing.
2022-01-01 12:51:11,074 INFO: Computing elliptic curve a-invariants...
2022-01-01 12:51:16,259 INFO: Finished computation of a-invariants.
2022-01-01 12:51:16,261 INFO: Skipped MW computation because no base point (delta = ['1', '-3', '-4', '7', '-1'])
2022-01-01 12:51:16,261 INFO: Computing MW group (delta = ['-1/2', '1/2', '5', '1/2', '-13/2', '1'], g = [1, 1, 1])...
2022-01-01 12:51:19,453 INFO: Finished MW computation (delta = ['-1/2', '1/2', '5', '1/2', '-13/2', '1'], g = [1, 1, 1])
2022-01-01 12:51:19,456 INFO: Computing MW group (delta = ['-1/2', '1/2', '5', '1/2', '-13/2', '1'], g = [4, 5, -7, 1])...
2022-01-01 12:51:30,344 INFO: Finished MW computation (delta = ['-1/2', '1/2', '5', '1/2', '-13/2', '1'], g = [4, 5, -7, 1])
2022-01-01 12:51:30,346 INFO: Skipped MW computation because no base point (delta = ['-2', '0', '15/2', '-5/2', '3/2'])
2022-01-01 12:51:30,347 INFO: Computing MW group (delta = ['4', '8', '5', '3', '-13', '2'], g = [1, 1, 1])...
2022-01-01 12:51:33,694 INFO: Finished MW computation (delta = ['4', '8', '5', '3', '-13', '2'], g = [1, 1, 1])
2022-01-01 12:51:33,697 INFO: Computing MW group (delta = ['4', '8', '5', '3', '-13', '2'], g = [4, 5, -7, 1])...
2022-01-01 12:51:40,725 INFO: Finished MW computation (delta = ['4', '8', '5', '3', '-13', '2'], g = [4, 5, -7, 1])
2022-01-01 12:51:40,728 INFO: Computing MW group (delta = ['1'], g = [1, 1, 1])...
2022-01-01 12:51:44,893 INFO: Finished MW computation (delta = ['1'], g = [1, 1, 1])
2022-01-01 12:51:44,897 INFO: Computing MW group (delta = ['1'], g = [4, 5, -7, 1])...
2022-01-01 12:51:50,284 INFO: Finished MW computation (delta = ['1'], g = [4, 5, -7, 1])
2022-01-01 12:51:50,287 INFO: Computing MW group (delta = ['-2', '-4', '0', '1/2', '3', '-1/2'], g = [1, 1, 1])...
2022-01-01 12:51:53,850 INFO: Finished MW computation (delta = ['-2', '-4', '0', '1/2', '3', '-1/2'], g = [1, 1, 1])
2022-01-01 12:51:53,854 INFO: Computing MW group (delta = ['-2', '-4', '0', '1/2', '3', '-1/2'], g = [4, 5, -7, 1])...
2022-01-01 12:52:06,760 INFO: Finished MW computation (delta = ['-2', '-4', '0', '1/2', '3', '-1/2'], g = [4, 5, -7, 1])
2022-01-01 12:52:06,764 INFO: Skipped MW computation because no base point (delta = ['-1/2', '-1'])
2022-01-01 12:52:06,765 INFO: Computing MW group (delta = ['4', '8', '2', '-1', '-6', '1'], g = [1, 1, 1])...
2022-01-01 12:52:11,401 INFO: Finished MW computation (delta = ['4', '8', '2', '-1', '-6', '1'], g = [1, 1, 1])
2022-01-01 12:52:11,404 INFO: Computing MW group (delta = ['4', '8', '2', '-1', '-6', '1'], g = [4, 5, -7, 1])...
2022-01-01 12:52:14,096 INFO: Finished MW computation (delta = ['4', '8', '2', '-1', '-6', '1'], g = [4, 5, -7, 1])
2022-01-01 12:52:14,101 INFO: Reducing MW generators...
2022-01-01 12:52:26,806 INFO: Finished reducing MW generators.
2022-01-01 12:52:26,810 INFO: Skipped Chabauty because no base point (delta = ['1', '-3', '-4', '7', '-1'])
2022-01-01 12:52:26,810 INFO: Running elliptic Chabauty (delta = ['-1/2', '1/2', '5', '1/2', '-13/2', '1'], g = [1, 1, 1])...
2022-01-03 13:14:57,000 INFO: Obsolete "loc_solv_error" keys removed.
2022-01-10 22:39:03,251 INFO: Loaded curve data from file.
2022-01-10 22:39:03,252 INFO: Skipped Chabauty because no base point (delta = ['1', '-3', '-4', '7', '-1'])
2022-01-10 22:39:03,252 INFO: Skipped Chabauty because rank >= degree(g). (delta = ['-1/2', '1/2', '5', '1/2', '-13/2', '1'], g = [1, 1, 1])
2022-01-10 22:39:03,252 INFO: Running elliptic Chabauty (delta = ['-1/2', '1/2', '5', '1/2', '-13/2', '1'], g = [4, 5, -7, 1])...
2022-01-10 22:39:13,723 INFO: Chabauty completed successfully (delta = ['-1/2', '1/2', '5', '1/2', '-13/2', '1'], g = [4, 5, -7, 1]).
2022-01-10 22:39:13,728 INFO: Skipped Chabauty because no base point (delta = ['-2', '0', '15/2', '-5/2', '3/2'])
2022-01-10 22:39:13,729 INFO: Skipped Chabauty because rank >= degree(g). (delta = ['4', '8', '5', '3', '-13', '2'], g = [1, 1, 1])
2022-01-10 22:39:13,729 INFO: Running elliptic Chabauty (delta = ['4', '8', '5', '3', '-13', '2'], g = [4, 5, -7, 1])...
2022-01-10 22:39:25,375 INFO: Chabauty completed successfully (delta = ['4', '8', '5', '3', '-13', '2'], g = [4, 5, -7, 1]).
2022-01-10 22:39:25,378 INFO: Skipped Chabauty because rank >= degree(g). (delta = ['1'], g = [1, 1, 1])
2022-01-10 22:39:25,378 INFO: Running elliptic Chabauty (delta = ['1'], g = [4, 5, -7, 1])...
2022-01-10 22:39:36,525 INFO: Chabauty completed successfully (delta = ['1'], g = [4, 5, -7, 1]).
2022-01-10 22:39:36,528 INFO: Skipped Chabauty because rank >= degree(g). (delta = ['-2', '-4', '0', '1/2', '3', '-1/2'], g = [1, 1, 1])
2022-01-10 22:39:36,528 INFO: Skipped Chabauty because rank >= degree(g). (delta = ['-2', '-4', '0', '1/2', '3', '-1/2'], g = [4, 5, -7, 1])
2022-01-10 22:39:36,528 INFO: Skipped Chabauty because no base point (delta = ['-1/2', '-1'])
2022-01-10 22:39:36,528 INFO: Running elliptic Chabauty (delta = ['4', '8', '2', '-1', '-6', '1'], g = [1, 1, 1])...
2022-01-10 22:39:46,032 INFO: Chabauty completed successfully (delta = ['4', '8', '2', '-1', '-6', '1'], g = [1, 1, 1]).
2022-01-10 22:39:46,035 INFO: Skipped Chabauty because twist points already verified. (delta = ['4', '8', '2', '-1', '-6', '1'])
2022-01-10 22:39:46,312 INFO: Tasks complete. Recording data and exiting.
2022-02-12 17:08:17,011 INFO: Loaded curve data from file.
2022-02-12 17:08:17,011 INFO: Computing elliptic Chabauty map... (delta = ['-1/2', '1/2', '5', '1/2', '-13/2', '1'], g = [1, 1, 1])
2022-02-12 17:08:28,638 INFO: Elliptic Chabauty map computed. (delta = ['-1/2', '1/2', '5', '1/2', '-13/2', '1'], g = [1, 1, 1])
2022-02-12 17:08:28,641 INFO: Computing elliptic Chabauty map... (delta = ['-1/2', '1/2', '5', '1/2', '-13/2', '1'], g = [4, 5, -7, 1])
2022-02-12 17:08:40,577 INFO: Elliptic Chabauty map computed. (delta = ['-1/2', '1/2', '5', '1/2', '-13/2', '1'], g = [4, 5, -7, 1])
2022-02-12 17:08:40,580 INFO: Computing elliptic Chabauty map... (delta = ['4', '8', '5', '3', '-13', '2'], g = [1, 1, 1])
2022-02-12 17:08:51,898 INFO: Elliptic Chabauty map computed. (delta = ['4', '8', '5', '3', '-13', '2'], g = [1, 1, 1])
2022-02-12 17:08:51,902 INFO: Computing elliptic Chabauty map... (delta = ['4', '8', '5', '3', '-13', '2'], g = [4, 5, -7, 1])
2022-02-12 17:09:03,743 INFO: Elliptic Chabauty map computed. (delta = ['4', '8', '5', '3', '-13', '2'], g = [4, 5, -7, 1])
2022-02-12 17:09:03,746 INFO: Computing elliptic Chabauty map... (delta = ['1'], g = [1, 1, 1])
2022-02-12 17:09:15,085 INFO: Elliptic Chabauty map computed. (delta = ['1'], g = [1, 1, 1])
2022-02-12 17:09:15,090 INFO: Computing elliptic Chabauty map... (delta = ['1'], g = [4, 5, -7, 1])
2022-02-12 17:09:26,917 INFO: Elliptic Chabauty map computed. (delta = ['1'], g = [4, 5, -7, 1])
2022-02-12 17:09:26,921 INFO: Computing elliptic Chabauty map... (delta = ['-2', '-4', '0', '1/2', '3', '-1/2'], g = [1, 1, 1])
2022-02-12 17:09:38,322 INFO: Elliptic Chabauty map computed. (delta = ['-2', '-4', '0', '1/2', '3', '-1/2'], g = [1, 1, 1])
2022-02-12 17:09:38,327 INFO: Computing elliptic Chabauty map... (delta = ['-2', '-4', '0', '1/2', '3', '-1/2'], g = [4, 5, -7, 1])
2022-02-12 17:09:50,230 INFO: Elliptic Chabauty map computed. (delta = ['-2', '-4', '0', '1/2', '3', '-1/2'], g = [4, 5, -7, 1])
2022-02-12 17:09:50,235 INFO: Computing elliptic Chabauty map... (delta = ['4', '8', '2', '-1', '-6', '1'], g = [1, 1, 1])
2022-02-12 17:10:01,644 INFO: Elliptic Chabauty map computed. (delta = ['4', '8', '2', '-1', '-6', '1'], g = [1, 1, 1])
2022-02-12 17:10:01,650 INFO: Computing elliptic Chabauty map... (delta = ['4', '8', '2', '-1', '-6', '1'], g = [4, 5, -7, 1])
2022-02-12 17:10:13,440 INFO: Elliptic Chabauty map computed. (delta = ['4', '8', '2', '-1', '-6', '1'], g = [4, 5, -7, 1])
2022-02-12 17:10:13,446 INFO: Tasks complete. Recording data and exiting.
