2022-01-13 21:54:47,031 INFO: Initialized curve data.
2022-01-13 21:54:47,033 INFO: Setting up initial twist data...
2022-01-13 21:54:48,053 INFO: Twist setup complete.
2022-01-13 21:54:48,053 INFO: Searching for rational points on each twist...
2022-01-13 21:54:50,402 INFO: Finished searching for rational points on each twist.
2022-01-13 21:54:50,402 INFO: Testing local solvability of twists...
2022-01-13 21:54:50,408 INFO: Finished local solvability testing.
2022-01-13 21:54:50,409 INFO: Computing elliptic curve a-invariants...
2022-01-13 21:55:04,349 INFO: Finished computation of a-invariants.
2022-01-13 21:55:04,350 INFO: Computing MW group (delta = ['-8', '-9', '62', '31', '0', '-32'], g = [1, 1, -8, -4, 0, 4])...
2022-01-13 21:56:05,658 INFO: Finished MW computation (delta = ['-8', '-9', '62', '31', '0', '-32'], g = [1, 1, -8, -4, 0, 4])
2022-01-13 21:56:05,661 INFO: Computing MW group (delta = ['1', '2', '-7', '-4', '0', '4'], g = [1, 1, -8, -4, 0, 4])...
2022-01-13 21:58:33,353 INFO: Finished MW computation (delta = ['1', '2', '-7', '-4', '0', '4'], g = [1, 1, -8, -4, 0, 4])
2022-01-13 21:58:33,357 INFO: Computing MW group (delta = ['0', '0', '-8', '-4', '0', '4'], g = [1, 1, -8, -4, 0, 4])...
2022-01-13 22:02:13,313 INFO: Finished MW computation (delta = ['0', '0', '-8', '-4', '0', '4'], g = [1, 1, -8, -4, 0, 4])
2022-01-13 22:02:13,315 INFO: Computing MW group (delta = ['1'], g = [1, 1, -8, -4, 0, 4])...
2022-01-13 22:03:16,684 INFO: Finished MW computation (delta = ['1'], g = [1, 1, -8, -4, 0, 4])
2022-01-13 22:03:16,687 INFO: Reducing MW generators...
2022-01-13 22:03:19,544 INFO: Finished reducing MW generators.
2022-01-13 22:03:19,546 INFO: Tasks complete. Recording data and exiting.
2022-01-14 11:35:23,955 INFO: Loaded curve data from file.
2022-01-14 11:35:23,956 INFO: Running elliptic Chabauty (delta = ['-8', '-9', '62', '31', '0', '-32'], g = [1, 1, -8, -4, 0, 4])...
2022-01-14 11:35:41,743 INFO: Chabauty completed successfully (delta = ['-8', '-9', '62', '31', '0', '-32'], g = [1, 1, -8, -4, 0, 4]).
2022-01-14 11:35:41,746 INFO: Running elliptic Chabauty (delta = ['1', '2', '-7', '-4', '0', '4'], g = [1, 1, -8, -4, 0, 4])...
2022-01-14 11:35:55,643 INFO: Chabauty completed successfully (delta = ['1', '2', '-7', '-4', '0', '4'], g = [1, 1, -8, -4, 0, 4]).
2022-01-14 11:35:55,645 INFO: Running elliptic Chabauty (delta = ['0', '0', '-8', '-4', '0', '4'], g = [1, 1, -8, -4, 0, 4])...
2022-01-14 11:36:12,344 INFO: Chabauty completed successfully (delta = ['0', '0', '-8', '-4', '0', '4'], g = [1, 1, -8, -4, 0, 4]).
2022-01-14 11:36:12,346 INFO: Running elliptic Chabauty (delta = ['1'], g = [1, 1, -8, -4, 0, 4])...
2022-01-14 11:36:52,990 INFO: Chabauty completed successfully (delta = ['1'], g = [1, 1, -8, -4, 0, 4]).
2022-01-14 11:36:53,206 INFO: Rational points successfully computed.
2022-01-14 11:36:53,208 INFO: Tasks complete. Recording data and exiting.
2022-02-12 17:03:12,911 INFO: Loaded curve data from file.
2022-02-12 17:03:12,911 INFO: Computing elliptic Chabauty map... (delta = ['-8', '-9', '62', '31', '0', '-32'], g = [1, 1, -8, -4, 0, 4])
2022-02-12 17:03:29,280 INFO: Elliptic Chabauty map computed. (delta = ['-8', '-9', '62', '31', '0', '-32'], g = [1, 1, -8, -4, 0, 4])
2022-02-12 17:03:29,283 INFO: Computing elliptic Chabauty map... (delta = ['1', '2', '-7', '-4', '0', '4'], g = [1, 1, -8, -4, 0, 4])
2022-02-12 17:03:45,133 INFO: Elliptic Chabauty map computed. (delta = ['1', '2', '-7', '-4', '0', '4'], g = [1, 1, -8, -4, 0, 4])
2022-02-12 17:03:45,136 INFO: Computing elliptic Chabauty map... (delta = ['0', '0', '-8', '-4', '0', '4'], g = [1, 1, -8, -4, 0, 4])
2022-02-12 17:04:01,096 INFO: Elliptic Chabauty map computed. (delta = ['0', '0', '-8', '-4', '0', '4'], g = [1, 1, -8, -4, 0, 4])
2022-02-12 17:04:01,098 INFO: Computing elliptic Chabauty map... (delta = ['1'], g = [1, 1, -8, -4, 0, 4])
2022-02-12 17:04:16,952 INFO: Elliptic Chabauty map computed. (delta = ['1'], g = [1, 1, -8, -4, 0, 4])
2022-02-12 17:04:16,955 INFO: Tasks complete. Recording data and exiting.
