2022-01-12 12:16:54,847 INFO: Initialized curve data.
2022-01-12 12:16:54,849 INFO: Setting up initial twist data...
2022-01-12 12:16:56,072 INFO: Twist setup complete.
2022-01-12 12:16:56,072 INFO: Searching for rational points on each twist...
2022-01-12 12:16:57,993 INFO: Finished searching for rational points on each twist.
2022-01-12 12:16:57,994 INFO: Testing local solvability of twists...
2022-01-12 12:16:57,999 INFO: Finished local solvability testing.
2022-01-12 12:16:58,000 INFO: Computing elliptic curve a-invariants...
2022-01-12 12:17:12,693 INFO: Finished computation of a-invariants.
2022-01-12 12:17:12,695 INFO: Computing MW group (delta = ['8', '-4', '0', '2', '-4', '1'], g = [8, -3, 0, 2, -4, 1])...
2022-01-12 12:22:00,324 INFO: Finished MW computation (delta = ['8', '-4', '0', '2', '-4', '1'], g = [8, -3, 0, 2, -4, 1])
2022-01-12 12:22:00,327 INFO: Computing MW group (delta = ['64', '-24', '1', '15', '-32', '8'], g = [8, -3, 0, 2, -4, 1])...
2022-01-12 12:22:55,254 INFO: Finished MW computation (delta = ['64', '-24', '1', '15', '-32', '8'], g = [8, -3, 0, 2, -4, 1])
2022-01-12 12:22:55,257 INFO: Computing MW group (delta = ['1'], g = [8, -3, 0, 2, -4, 1])...
2022-01-12 12:23:52,365 INFO: Finished MW computation (delta = ['1'], g = [8, -3, 0, 2, -4, 1])
2022-01-12 12:23:52,367 INFO: Computing MW group (delta = ['8', '-4', '1', '2', '-4', '1'], g = [8, -3, 0, 2, -4, 1])...
2022-01-12 12:28:04,912 INFO: Finished MW computation (delta = ['8', '-4', '1', '2', '-4', '1'], g = [8, -3, 0, 2, -4, 1])
2022-01-12 12:28:04,916 INFO: Reducing MW generators...
2022-01-12 12:28:08,421 INFO: Finished reducing MW generators.
2022-01-12 12:28:08,423 INFO: Tasks complete. Recording data and exiting.
2022-01-14 11:32:15,632 INFO: Loaded curve data from file.
2022-01-14 11:32:15,633 INFO: Skipped Chabauty because MW group hasn't been provably computed. (delta = ['8', '-4', '0', '2', '-4', '1'], g = [8, -3, 0, 2, -4, 1])
2022-01-14 11:32:15,633 INFO: Running elliptic Chabauty (delta = ['64', '-24', '1', '15', '-32', '8'], g = [8, -3, 0, 2, -4, 1])...
2022-01-14 11:32:28,839 INFO: Chabauty completed successfully (delta = ['64', '-24', '1', '15', '-32', '8'], g = [8, -3, 0, 2, -4, 1]).
2022-01-14 11:32:29,057 INFO: Skipped Chabauty because MW group hasn't been provably computed. (delta = ['1'], g = [8, -3, 0, 2, -4, 1])
2022-01-14 11:32:29,057 INFO: Running elliptic Chabauty (delta = ['8', '-4', '1', '2', '-4', '1'], g = [8, -3, 0, 2, -4, 1])...
2022-01-14 11:32:39,676 INFO: Chabauty completed successfully (delta = ['8', '-4', '1', '2', '-4', '1'], g = [8, -3, 0, 2, -4, 1]).
2022-01-14 11:32:39,851 INFO: Tasks complete. Recording data and exiting.
