2022-01-12 12:22:04,013 INFO: Initialized curve data.
2022-01-12 12:22:04,016 INFO: Setting up initial twist data...
2022-01-12 12:22:05,238 INFO: Twist setup complete.
2022-01-12 12:22:05,238 INFO: Searching for rational points on each twist...
2022-01-12 12:22:07,193 INFO: Finished searching for rational points on each twist.
2022-01-12 12:22:07,193 INFO: Testing local solvability of twists...
2022-01-12 12:22:09,448 INFO: Finished local solvability testing.
2022-01-12 12:22:09,449 INFO: Computing elliptic curve a-invariants...
2022-01-12 12:22:22,807 INFO: Finished computation of a-invariants.
2022-01-12 12:22:22,809 INFO: Skipped MW computation because no base point (delta = ['16', '-16', '33', '-17', '-16', '4'])
2022-01-12 12:22:22,809 INFO: Computing MW group (delta = ['4', '-5', '9', '-4', '-4', '1'], g = [4, -4, 8, -4, -4, 1])...
2022-01-12 12:24:51,083 INFO: Finished MW computation (delta = ['4', '-5', '9', '-4', '-4', '1'], g = [4, -4, 8, -4, -4, 1])
2022-01-12 12:24:51,086 INFO: Computing MW group (delta = ['1'], g = [4, -4, 8, -4, -4, 1])...
2022-01-12 12:28:50,956 INFO: Finished MW computation (delta = ['1'], g = [4, -4, 8, -4, -4, 1])
2022-01-12 12:28:50,958 INFO: Computing MW group (delta = ['4', '-5', '8', '-4', '-4', '1'], g = [4, -4, 8, -4, -4, 1])...
2022-01-12 12:30:44,107 INFO: Finished MW computation (delta = ['4', '-5', '8', '-4', '-4', '1'], g = [4, -4, 8, -4, -4, 1])
2022-01-12 12:30:44,111 INFO: Reducing MW generators...
2022-01-12 12:30:47,304 INFO: Finished reducing MW generators.
2022-01-12 12:30:47,306 INFO: Tasks complete. Recording data and exiting.
2022-01-14 11:32:24,583 INFO: Loaded curve data from file.
2022-01-14 11:32:24,584 INFO: Skipped Chabauty because no base point (delta = ['16', '-16', '33', '-17', '-16', '4'])
2022-01-14 11:32:24,584 INFO: Skipped Chabauty because MW group hasn't been provably computed. (delta = ['4', '-5', '9', '-4', '-4', '1'], g = [4, -4, 8, -4, -4, 1])
2022-01-14 11:32:24,584 INFO: Running elliptic Chabauty (delta = ['1'], g = [4, -4, 8, -4, -4, 1])...
2022-02-12 16:39:07,509 INFO: Loaded curve data from file.
2022-02-12 16:39:07,510 INFO: Computing elliptic Chabauty map... (delta = ['4', '-5', '9', '-4', '-4', '1'], g = [4, -4, 8, -4, -4, 1])
2022-02-12 16:39:23,071 INFO: Elliptic Chabauty map computed. (delta = ['4', '-5', '9', '-4', '-4', '1'], g = [4, -4, 8, -4, -4, 1])
2022-02-12 16:39:23,074 INFO: Computing elliptic Chabauty map... (delta = ['1'], g = [4, -4, 8, -4, -4, 1])
2022-02-12 16:39:38,418 INFO: Elliptic Chabauty map computed. (delta = ['1'], g = [4, -4, 8, -4, -4, 1])
2022-02-12 16:39:38,420 INFO: Computing elliptic Chabauty map... (delta = ['4', '-5', '8', '-4', '-4', '1'], g = [4, -4, 8, -4, -4, 1])
2022-02-12 16:39:53,440 INFO: Elliptic Chabauty map computed. (delta = ['4', '-5', '8', '-4', '-4', '1'], g = [4, -4, 8, -4, -4, 1])
2022-02-12 16:39:53,442 INFO: Tasks complete. Recording data and exiting.
