2022-01-12 09:25:03,157 INFO: Initialized curve data.
2022-01-12 09:25:03,159 INFO: Setting up initial twist data...
2022-01-12 09:25:04,462 INFO: Twist setup complete.
2022-01-12 09:25:04,462 INFO: Searching for rational points on each twist...
2022-01-12 09:25:07,176 INFO: Finished searching for rational points on each twist.
2022-01-12 09:25:07,176 INFO: Testing local solvability of twists...
2022-01-12 09:25:20,145 INFO: Finished local solvability testing.
2022-01-12 09:25:20,146 INFO: Computing elliptic curve a-invariants...
2022-01-12 09:25:42,138 INFO: Finished computation of a-invariants.
2022-01-12 09:25:42,140 INFO: Computing MW group (delta = ['1/2', '1', '1'], g = [-1, -3, -5, -4, -1, 1])...
2022-01-12 09:26:56,735 INFO: Finished MW computation (delta = ['1/2', '1', '1'], g = [-1, -3, -5, -4, -1, 1])
2022-01-12 09:26:56,738 INFO: Computing MW group (delta = ['2', '-4', '-5', '-4', '-1', '1'], g = [-1, -3, -5, -4, -1, 1])...
2022-01-12 09:28:15,769 INFO: Finished MW computation (delta = ['2', '-4', '-5', '-4', '-1', '1'], g = [-1, -3, -5, -4, -1, 1])
2022-01-12 09:28:15,772 INFO: Computing MW group (delta = ['1'], g = [-1, -3, -5, -4, -1, 1])...
2022-01-12 09:29:00,966 INFO: Finished MW computation (delta = ['1'], g = [-1, -3, -5, -4, -1, 1])
2022-01-12 09:29:00,968 INFO: Skipped MW computation because no base point (delta = ['-11', '-35', '-121/2', '-51', '-25/2', '25/2'])
2022-01-12 09:29:00,969 INFO: Reducing MW generators...
2022-01-12 09:29:04,159 INFO: Finished reducing MW generators.
2022-01-12 09:29:04,161 INFO: Tasks complete. Recording data and exiting.
2022-01-14 09:10:20,774 INFO: Loaded curve data from file.
2022-01-14 09:10:20,774 INFO: Running elliptic Chabauty (delta = ['1/2', '1', '1'], g = [-1, -3, -5, -4, -1, 1])...
2022-01-14 09:10:43,735 INFO: Chabauty completed successfully (delta = ['1/2', '1', '1'], g = [-1, -3, -5, -4, -1, 1]).
2022-01-14 09:10:43,737 INFO: Running elliptic Chabauty (delta = ['2', '-4', '-5', '-4', '-1', '1'], g = [-1, -3, -5, -4, -1, 1])...
2022-01-14 09:11:09,381 INFO: Chabauty completed successfully (delta = ['2', '-4', '-5', '-4', '-1', '1'], g = [-1, -3, -5, -4, -1, 1]).
2022-01-14 09:11:09,383 INFO: Running elliptic Chabauty (delta = ['1'], g = [-1, -3, -5, -4, -1, 1])...
2022-01-14 09:11:32,106 INFO: Chabauty completed successfully (delta = ['1'], g = [-1, -3, -5, -4, -1, 1]).
2022-01-14 09:11:32,108 INFO: Skipped Chabauty because no base point (delta = ['-11', '-35', '-121/2', '-51', '-25/2', '25/2'])
2022-01-14 09:11:32,328 INFO: Rational points successfully computed.
2022-01-14 09:11:32,330 INFO: Tasks complete. Recording data and exiting.
2022-02-12 17:10:54,703 INFO: Loaded curve data from file.
2022-02-12 17:10:54,704 INFO: Computing elliptic Chabauty map... (delta = ['1/2', '1', '1'], g = [-1, -3, -5, -4, -1, 1])
2022-02-12 17:11:14,993 INFO: Elliptic Chabauty map computed. (delta = ['1/2', '1', '1'], g = [-1, -3, -5, -4, -1, 1])
2022-02-12 17:11:14,995 INFO: Computing elliptic Chabauty map... (delta = ['2', '-4', '-5', '-4', '-1', '1'], g = [-1, -3, -5, -4, -1, 1])
2022-02-12 17:11:35,109 INFO: Elliptic Chabauty map computed. (delta = ['2', '-4', '-5', '-4', '-1', '1'], g = [-1, -3, -5, -4, -1, 1])
2022-02-12 17:11:35,112 INFO: Computing elliptic Chabauty map... (delta = ['1'], g = [-1, -3, -5, -4, -1, 1])
2022-02-12 17:11:53,472 INFO: Elliptic Chabauty map computed. (delta = ['1'], g = [-1, -3, -5, -4, -1, 1])
2022-02-12 17:11:53,475 INFO: Tasks complete. Recording data and exiting.
