2022-01-13 21:55:01,136 INFO: Initialized curve data.
2022-01-13 21:55:01,139 INFO: Setting up initial twist data...
2022-01-13 21:55:02,191 INFO: Twist setup complete.
2022-01-13 21:55:02,191 INFO: Searching for rational points on each twist...
2022-01-13 21:55:04,024 INFO: Finished searching for rational points on each twist.
2022-01-13 21:55:04,024 INFO: Testing local solvability of twists...
2022-01-13 21:55:05,562 INFO: Finished local solvability testing.
2022-01-13 21:55:05,564 INFO: Computing elliptic curve a-invariants...
2022-01-13 21:55:17,523 INFO: Finished computation of a-invariants.
2022-01-13 21:55:17,525 INFO: Computing MW group (delta = ['4', '-9', '8', '-12', '4', '1'], g = [4, -8, 8, -12, 4, 1])...
2022-01-13 22:00:04,577 INFO: Finished MW computation (delta = ['4', '-9', '8', '-12', '4', '1'], g = [4, -8, 8, -12, 4, 1])
2022-01-13 22:00:04,580 INFO: Computing MW group (delta = ['1'], g = [4, -8, 8, -12, 4, 1])...
2022-01-13 22:01:53,735 INFO: Finished MW computation (delta = ['1'], g = [4, -8, 8, -12, 4, 1])
2022-01-13 22:01:53,738 INFO: Computing MW group (delta = ['2', '-9/2', '5', '-6', '2', '1/2'], g = [4, -8, 8, -12, 4, 1])...
2022-01-13 22:06:48,644 INFO: Finished MW computation (delta = ['2', '-9/2', '5', '-6', '2', '1/2'], g = [4, -8, 8, -12, 4, 1])
2022-01-13 22:06:48,646 INFO: Skipped MW computation because no base point (delta = ['1/2', '-1'])
2022-01-13 22:06:48,648 INFO: Reducing MW generators...
2022-01-13 22:06:51,040 INFO: Finished reducing MW generators.
2022-01-13 22:06:51,043 INFO: Tasks complete. Recording data and exiting.
2022-01-14 11:35:41,085 INFO: Loaded curve data from file.
2022-01-14 11:35:41,086 INFO: Skipped Chabauty because MW group hasn't been provably computed. (delta = ['4', '-9', '8', '-12', '4', '1'], g = [4, -8, 8, -12, 4, 1])
2022-01-14 11:35:41,086 INFO: Skipped Chabauty because MW group hasn't been provably computed. (delta = ['1'], g = [4, -8, 8, -12, 4, 1])
2022-01-14 11:35:41,086 INFO: Skipped Chabauty because MW group hasn't been provably computed. (delta = ['2', '-9/2', '5', '-6', '2', '1/2'], g = [4, -8, 8, -12, 4, 1])
2022-01-14 11:35:41,086 INFO: Skipped Chabauty because no base point (delta = ['1/2', '-1'])
2022-01-14 11:35:41,148 INFO: Tasks complete. Recording data and exiting.
2022-02-12 17:36:34,881 INFO: Loaded curve data from file.
2022-02-12 17:36:34,881 INFO: Computing elliptic Chabauty map... (delta = ['4', '-9', '8', '-12', '4', '1'], g = [4, -8, 8, -12, 4, 1])
2022-02-12 17:36:50,536 INFO: Elliptic Chabauty map computed. (delta = ['4', '-9', '8', '-12', '4', '1'], g = [4, -8, 8, -12, 4, 1])
2022-02-12 17:36:50,538 INFO: Computing elliptic Chabauty map... (delta = ['1'], g = [4, -8, 8, -12, 4, 1])
2022-02-12 17:37:06,036 INFO: Elliptic Chabauty map computed. (delta = ['1'], g = [4, -8, 8, -12, 4, 1])
2022-02-12 17:37:06,038 INFO: Computing elliptic Chabauty map... (delta = ['2', '-9/2', '5', '-6', '2', '1/2'], g = [4, -8, 8, -12, 4, 1])
2022-02-12 17:37:21,512 INFO: Elliptic Chabauty map computed. (delta = ['2', '-9/2', '5', '-6', '2', '1/2'], g = [4, -8, 8, -12, 4, 1])
2022-02-12 17:37:21,515 INFO: Tasks complete. Recording data and exiting.
