2022-02-01 12:30:12,748 INFO: Initialized curve data.
2022-02-01 12:30:12,752 INFO: Setting up initial twist data...
2022-02-01 12:30:13,961 INFO: Twist setup complete.
2022-02-01 12:30:13,961 INFO: Searching for rational points on each twist...
2022-02-01 12:30:15,499 INFO: Finished searching for rational points on each twist.
2022-02-01 12:30:15,499 INFO: Testing local solvability of twists...
2022-02-01 12:30:31,896 INFO: Finished local solvability testing.
2022-02-01 12:30:31,897 INFO: Computing elliptic curve a-invariants...
2022-02-01 12:30:39,153 INFO: Finished computation of a-invariants.
2022-02-01 12:30:39,154 INFO: Skipped MW computation because no base point (delta = ['-2', '-8', '-5/2', '0', '0', '1/2'])
2022-02-01 12:30:39,154 INFO: Computing MW group (delta = ['-4', '-16', '0', '2', '0', '1'], g = [-4, -15, 0, 2, 0, 1])...
2022-02-02 04:42:44,503 INFO: Loaded curve data from file.
2022-02-02 04:42:44,503 INFO: Reducing MW generators...
2022-02-02 04:42:44,503 INFO: Finished reducing MW generators.
2022-02-02 04:42:44,506 INFO: Skipped Chabauty because no base point (delta = ['-2', '-8', '-5/2', '0', '0', '1/2'])
2022-02-02 04:42:44,506 INFO: Skipped Chabauty because MW generators haven't been computed. (delta = ['-4', '-16', '0', '2', '0', '1'], g = [-4, -15, 0, 2, 0, 1])
2022-02-02 04:42:44,506 INFO: Skipped Chabauty because MW generators haven't been computed. (delta = ['1'], g = [-4, -15, 0, 2, 0, 1])
2022-02-02 04:42:44,506 INFO: Skipped Chabauty because no base point (delta = ['1/2', '5/2', '1'])
2022-02-02 04:42:44,589 INFO: Tasks complete. Recording data and exiting.
2022-02-12 17:14:43,561 INFO: Loaded curve data from file.
2022-02-12 17:14:43,561 INFO: Computing elliptic Chabauty map... (delta = ['-4', '-16', '0', '2', '0', '1'], g = [-4, -15, 0, 2, 0, 1])
2022-02-12 17:14:52,180 INFO: Elliptic Chabauty map computed. (delta = ['-4', '-16', '0', '2', '0', '1'], g = [-4, -15, 0, 2, 0, 1])
2022-02-12 17:14:52,183 INFO: Computing elliptic Chabauty map... (delta = ['1'], g = [-4, -15, 0, 2, 0, 1])
2022-02-12 17:15:00,165 INFO: Elliptic Chabauty map computed. (delta = ['1'], g = [-4, -15, 0, 2, 0, 1])
2022-02-12 17:15:00,167 INFO: Tasks complete. Recording data and exiting.
