2022-01-11 15:23:22,442 INFO: Initialized curve data.
2022-01-11 15:23:22,447 INFO: Setting up initial twist data...
2022-01-11 15:23:23,300 INFO: Twist setup complete.
2022-01-11 15:23:23,300 INFO: Searching for rational points on each twist...
2022-01-11 15:23:24,618 INFO: Finished searching for rational points on each twist.
2022-01-11 15:23:24,619 INFO: Testing local solvability of twists...
2022-01-11 15:23:24,625 INFO: Finished local solvability testing.
2022-01-11 15:23:24,626 INFO: Computing elliptic curve a-invariants...
2022-01-11 15:23:31,787 INFO: Finished computation of a-invariants.
2022-01-11 15:23:31,788 INFO: Computing MW group (delta = ['4', '-1', '13', '4', '4', '1'], g = [4, 0, 12, 4, 4, 1])...
2022-01-11 15:24:55,185 INFO: Finished MW computation (delta = ['4', '-1', '13', '4', '4', '1'], g = [4, 0, 12, 4, 4, 1])
2022-01-11 15:24:55,188 INFO: Computing MW group (delta = ['1', '-1'], g = [4, 0, 12, 4, 4, 1])...
2022-01-11 15:26:58,489 INFO: Finished MW computation (delta = ['1', '-1'], g = [4, 0, 12, 4, 4, 1])
2022-01-11 15:26:58,491 INFO: Computing MW group (delta = ['1'], g = [4, 0, 12, 4, 4, 1])...
2022-01-11 15:27:18,673 INFO: Finished MW computation (delta = ['1'], g = [4, 0, 12, 4, 4, 1])
2022-01-11 15:27:18,675 INFO: Computing MW group (delta = ['4', '-1', '12', '4', '4', '1'], g = [4, 0, 12, 4, 4, 1])...
2022-01-11 15:27:33,313 INFO: Finished MW computation (delta = ['4', '-1', '12', '4', '4', '1'], g = [4, 0, 12, 4, 4, 1])
2022-01-11 15:27:33,317 INFO: Reducing MW generators...
2022-01-11 15:27:34,743 INFO: Finished reducing MW generators.
2022-01-11 15:27:34,745 INFO: Tasks complete. Recording data and exiting.
2022-01-14 09:07:49,840 INFO: Loaded curve data from file.
2022-01-14 09:07:49,841 INFO: Skipped Chabauty because MW group hasn't been provably computed. (delta = ['4', '-1', '13', '4', '4', '1'], g = [4, 0, 12, 4, 4, 1])
2022-01-14 09:07:49,841 INFO: Running elliptic Chabauty (delta = ['1', '-1'], g = [4, 0, 12, 4, 4, 1])...
2022-01-14 09:08:00,953 INFO: Chabauty completed successfully (delta = ['1', '-1'], g = [4, 0, 12, 4, 4, 1]).
2022-01-14 09:08:00,956 INFO: Running elliptic Chabauty (delta = ['1'], g = [4, 0, 12, 4, 4, 1])...
2022-01-14 09:08:11,523 INFO: Chabauty completed successfully (delta = ['1'], g = [4, 0, 12, 4, 4, 1]).
2022-01-14 09:08:11,525 INFO: Running elliptic Chabauty (delta = ['4', '-1', '12', '4', '4', '1'], g = [4, 0, 12, 4, 4, 1])...
2022-01-14 09:08:21,762 INFO: Chabauty completed successfully (delta = ['4', '-1', '12', '4', '4', '1'], g = [4, 0, 12, 4, 4, 1]).
2022-01-14 09:08:21,868 INFO: Tasks complete. Recording data and exiting.
