2022-01-12 12:25:08,127 INFO: Initialized curve data.
2022-01-12 12:25:08,131 INFO: Setting up initial twist data...
2022-01-12 12:25:09,215 INFO: Twist setup complete.
2022-01-12 12:25:09,215 INFO: Searching for rational points on each twist...
2022-01-12 12:25:13,779 INFO: Finished searching for rational points on each twist.
2022-01-12 12:25:13,779 INFO: Testing local solvability of twists...
2022-01-12 12:25:32,157 INFO: Finished local solvability testing.
2022-01-12 12:25:32,159 INFO: Computing elliptic curve a-invariants...
2022-01-12 12:25:42,545 INFO: Finished computation of a-invariants.
2022-01-12 12:25:42,547 INFO: Computing MW group (delta = ['1', '-5', '5', '-4', '-10', '-3'], g = [1, 1])...
2022-01-12 12:25:42,937 INFO: Finished MW computation (delta = ['1', '-5', '5', '-4', '-10', '-3'], g = [1, 1])
2022-01-12 12:25:42,939 INFO: Computing MW group (delta = ['1', '-5', '5', '-4', '-10', '-3'], g = [1, -1, 3, 4, 1])...
2022-01-12 12:25:52,788 INFO: Finished MW computation (delta = ['1', '-5', '5', '-4', '-10', '-3'], g = [1, -1, 3, 4, 1])
2022-01-12 12:25:52,791 INFO: Skipped MW computation because no base point (delta = ['-1', '3', '-4', '-2', '3', '1'])
2022-01-12 12:25:52,791 INFO: Computing MW group (delta = ['-1', '2', '-2', '-4', '-1'], g = [1, 1])...
2022-01-12 12:25:53,158 INFO: Finished MW computation (delta = ['-1', '2', '-2', '-4', '-1'], g = [1, 1])
2022-01-12 12:25:53,161 INFO: Computing MW group (delta = ['-1', '2', '-2', '-4', '-1'], g = [1, -1, 3, 4, 1])...
2022-01-12 12:25:55,562 INFO: Finished MW computation (delta = ['-1', '2', '-2', '-4', '-1'], g = [1, -1, 3, 4, 1])
2022-01-12 12:25:55,564 INFO: Computing MW group (delta = ['1', '-3', '2', '0', '-3', '-1'], g = [1, 1])...
2022-01-12 12:25:55,927 INFO: Finished MW computation (delta = ['1', '-3', '2', '0', '-3', '-1'], g = [1, 1])
2022-01-12 12:25:55,930 INFO: Computing MW group (delta = ['1', '-3', '2', '0', '-3', '-1'], g = [1, -1, 3, 4, 1])...
2022-01-12 12:26:05,493 INFO: Finished MW computation (delta = ['1', '-3', '2', '0', '-3', '-1'], g = [1, -1, 3, 4, 1])
2022-01-12 12:26:05,497 INFO: Computing MW group (delta = ['1'], g = [1, 1])...
2022-01-12 12:26:05,894 INFO: Finished MW computation (delta = ['1'], g = [1, 1])
2022-01-12 12:26:05,897 INFO: Computing MW group (delta = ['1'], g = [1, -1, 3, 4, 1])...
2022-01-12 12:26:25,227 INFO: Finished MW computation (delta = ['1'], g = [1, -1, 3, 4, 1])
2022-01-12 12:26:25,231 INFO: Skipped MW computation because no base point (delta = ['-1', '0', '-1', '3', '4', '1'])
2022-01-12 12:26:25,231 INFO: Computing MW group (delta = ['1', '-1'], g = [1, 1])...
2022-01-12 12:26:25,608 INFO: Finished MW computation (delta = ['1', '-1'], g = [1, 1])
2022-01-12 12:26:25,610 INFO: Computing MW group (delta = ['1', '-1'], g = [1, -1, 3, 4, 1])...
2022-01-12 12:26:30,796 INFO: Finished MW computation (delta = ['1', '-1'], g = [1, -1, 3, 4, 1])
2022-01-12 12:26:30,799 INFO: Skipped MW computation because no base point (delta = ['-1', '2', '-1', '6', '8', '2'])
2022-01-12 12:26:30,801 INFO: Reducing MW generators...
2022-01-12 12:26:36,124 INFO: Finished reducing MW generators.
2022-01-12 12:26:36,127 INFO: Tasks complete. Recording data and exiting.
2022-01-14 11:32:32,189 INFO: Loaded curve data from file.
2022-01-14 11:32:32,189 INFO: Skipped Chabauty because rank >= degree(g). (delta = ['1', '-5', '5', '-4', '-10', '-3'], g = [1, 1])
2022-01-14 11:32:32,189 INFO: Running elliptic Chabauty (delta = ['1', '-5', '5', '-4', '-10', '-3'], g = [1, -1, 3, 4, 1])...
2022-01-14 11:32:42,863 INFO: Chabauty completed successfully (delta = ['1', '-5', '5', '-4', '-10', '-3'], g = [1, -1, 3, 4, 1]).
2022-01-14 11:32:42,867 INFO: Skipped Chabauty because no base point (delta = ['-1', '3', '-4', '-2', '3', '1'])
2022-01-14 11:32:42,867 INFO: Skipped Chabauty because rank >= degree(g). (delta = ['-1', '2', '-2', '-4', '-1'], g = [1, 1])
2022-01-14 11:32:42,867 INFO: Running elliptic Chabauty (delta = ['-1', '2', '-2', '-4', '-1'], g = [1, -1, 3, 4, 1])...
2022-01-14 11:32:51,593 INFO: Chabauty completed successfully (delta = ['-1', '2', '-2', '-4', '-1'], g = [1, -1, 3, 4, 1]).
2022-01-14 11:32:51,595 INFO: Skipped Chabauty because rank >= degree(g). (delta = ['1', '-3', '2', '0', '-3', '-1'], g = [1, 1])
2022-01-14 11:32:51,595 INFO: Running elliptic Chabauty (delta = ['1', '-3', '2', '0', '-3', '-1'], g = [1, -1, 3, 4, 1])...
2022-01-14 11:33:02,089 INFO: Chabauty completed successfully (delta = ['1', '-3', '2', '0', '-3', '-1'], g = [1, -1, 3, 4, 1]).
2022-01-14 11:33:02,092 INFO: Skipped Chabauty because rank >= degree(g). (delta = ['1'], g = [1, 1])
2022-01-14 11:33:02,092 INFO: Running elliptic Chabauty (delta = ['1'], g = [1, -1, 3, 4, 1])...
2022-01-14 11:33:14,810 INFO: Chabauty completed successfully (delta = ['1'], g = [1, -1, 3, 4, 1]).
2022-01-14 11:33:14,813 INFO: Skipped Chabauty because no base point (delta = ['-1', '0', '-1', '3', '4', '1'])
2022-01-14 11:33:14,814 INFO: Skipped Chabauty because rank >= degree(g). (delta = ['1', '-1'], g = [1, 1])
2022-01-14 11:33:14,814 INFO: Running elliptic Chabauty (delta = ['1', '-1'], g = [1, -1, 3, 4, 1])...
2022-01-14 11:33:23,799 INFO: Chabauty completed successfully (delta = ['1', '-1'], g = [1, -1, 3, 4, 1]).
2022-01-14 11:33:23,802 INFO: Skipped Chabauty because no base point (delta = ['-1', '2', '-1', '6', '8', '2'])
2022-01-14 11:33:24,107 INFO: Rational points successfully computed.
2022-01-14 11:33:24,110 INFO: Tasks complete. Recording data and exiting.
