2022-01-12 09:25:03,183 INFO: Initialized curve data.
2022-01-12 09:25:03,187 INFO: Setting up initial twist data...
2022-01-12 09:25:04,351 INFO: Twist setup complete.
2022-01-12 09:25:04,351 INFO: Searching for rational points on each twist...
2022-01-12 09:25:06,620 INFO: Finished searching for rational points on each twist.
2022-01-12 09:25:06,620 INFO: Testing local solvability of twists...
2022-01-12 09:25:06,628 INFO: Finished local solvability testing.
2022-01-12 09:25:06,629 INFO: Computing elliptic curve a-invariants...
2022-01-12 09:25:37,418 INFO: Finished computation of a-invariants.
2022-01-12 09:25:37,420 INFO: Computing MW group (delta = ['1/2', '-3/2', '1'], g = [4, -23, 36, 0, -28, 12])...
2022-01-12 09:26:13,282 INFO: Finished MW computation (delta = ['1/2', '-3/2', '1'], g = [4, -23, 36, 0, -28, 12])
2022-01-12 09:26:13,288 INFO: Computing MW group (delta = ['2', '-12', '20', '-5/2', '-13', '6'], g = [4, -23, 36, 0, -28, 12])...
2022-01-12 09:28:06,994 INFO: Finished MW computation (delta = ['2', '-12', '20', '-5/2', '-13', '6'], g = [4, -23, 36, 0, -28, 12])
2022-01-12 09:28:06,997 INFO: Computing MW group (delta = ['1'], g = [4, -23, 36, 0, -28, 12])...
2022-01-12 09:30:35,413 INFO: Finished MW computation (delta = ['1'], g = [4, -23, 36, 0, -28, 12])
2022-01-12 09:30:35,416 INFO: Computing MW group (delta = ['4', '-24', '37', '0', '-28', '12'], g = [4, -23, 36, 0, -28, 12])...
2022-01-12 09:31:36,909 INFO: Finished MW computation (delta = ['4', '-24', '37', '0', '-28', '12'], g = [4, -23, 36, 0, -28, 12])
2022-01-12 09:31:36,913 INFO: Reducing MW generators...
2022-01-12 09:31:40,284 INFO: Finished reducing MW generators.
2022-01-12 09:31:40,286 INFO: Tasks complete. Recording data and exiting.
