2022-01-11 12:29:26,057 INFO: Initialized curve data.
2022-01-11 12:29:26,060 INFO: Setting up initial twist data...
2022-01-11 12:29:27,058 INFO: Twist setup complete.
2022-01-11 12:29:27,058 INFO: Searching for rational points on each twist...
2022-01-11 12:29:30,054 INFO: Finished searching for rational points on each twist.
2022-01-11 12:29:30,054 INFO: Testing local solvability of twists...
2022-01-11 12:29:43,275 INFO: Finished local solvability testing.
2022-01-11 12:29:43,277 INFO: Computing elliptic curve a-invariants...
2022-01-11 12:29:51,456 INFO: Finished computation of a-invariants.
2022-01-11 12:29:51,459 INFO: Computing MW group (delta = ['-1', '-4', '-4', '0', '-1'], g = [1, 1])...
2022-01-11 12:29:51,804 INFO: Finished MW computation (delta = ['-1', '-4', '-4', '0', '-1'], g = [1, 1])
2022-01-11 12:29:51,807 INFO: Computing MW group (delta = ['-1', '-4', '-4', '0', '-1'], g = [1, 4, 3, -1, 1])...
2022-01-11 12:30:00,152 INFO: Finished MW computation (delta = ['-1', '-4', '-4', '0', '-1'], g = [1, 4, 3, -1, 1])
2022-01-11 12:30:00,157 INFO: Skipped MW computation because no base point (delta = ['1/2', '2', '3', '3/2', '-1/2', '1/2'])
2022-01-11 12:30:00,157 INFO: Computing MW group (delta = ['1'], g = [1, 1])...
2022-01-11 12:30:00,482 INFO: Finished MW computation (delta = ['1'], g = [1, 1])
2022-01-11 12:30:00,485 INFO: Computing MW group (delta = ['1'], g = [1, 4, 3, -1, 1])...
2022-01-11 12:30:07,656 INFO: Finished MW computation (delta = ['1'], g = [1, 4, 3, -1, 1])
2022-01-11 12:30:07,660 INFO: Computing MW group (delta = ['1', '4', '7', '2', '0', '1'], g = [1, 1])...
2022-01-11 12:30:07,988 INFO: Finished MW computation (delta = ['1', '4', '7', '2', '0', '1'], g = [1, 1])
2022-01-11 12:30:07,991 INFO: Computing MW group (delta = ['1', '4', '7', '2', '0', '1'], g = [1, 4, 3, -1, 1])...
2022-01-11 12:30:23,614 INFO: Finished MW computation (delta = ['1', '4', '7', '2', '0', '1'], g = [1, 4, 3, -1, 1])
2022-01-11 12:30:23,619 INFO: Computing MW group (delta = ['-1', '-3', '-2', '1', '-1'], g = [1, 1])...
2022-01-11 12:30:23,946 INFO: Finished MW computation (delta = ['-1', '-3', '-2', '1', '-1'], g = [1, 1])
2022-01-11 12:30:23,950 INFO: Computing MW group (delta = ['-1', '-3', '-2', '1', '-1'], g = [1, 4, 3, -1, 1])...
2022-01-11 12:30:28,006 INFO: Finished MW computation (delta = ['-1', '-3', '-2', '1', '-1'], g = [1, 4, 3, -1, 1])
2022-01-11 12:30:28,010 INFO: Skipped MW computation because no base point (delta = ['-1/2', '-7/2', '-8', '-6', '-3/2', '-5/2'])
2022-01-11 12:30:28,010 INFO: Skipped MW computation because no base point (delta = ['1/2', '5/2', '4', '3/2', '-1/2', '1'])
2022-01-11 12:30:28,010 INFO: Computing MW group (delta = ['-1/2', '-3', '-11/2', '-3/2', '2', '-3/2'], g = [1, 1])...
2022-01-11 12:30:28,229 INFO: Finished MW computation (delta = ['-1/2', '-3', '-11/2', '-3/2', '2', '-3/2'], g = [1, 1])
2022-01-11 12:30:28,232 INFO: Computing MW group (delta = ['-1/2', '-3', '-11/2', '-3/2', '2', '-3/2'], g = [1, 4, 3, -1, 1])...
2022-01-11 12:30:36,438 INFO: Finished MW computation (delta = ['-1/2', '-3', '-11/2', '-3/2', '2', '-3/2'], g = [1, 4, 3, -1, 1])
2022-01-11 12:30:36,446 INFO: Reducing MW generators...
2022-01-11 12:30:41,459 INFO: Finished reducing MW generators.
2022-01-11 12:30:41,463 INFO: Tasks complete. Recording data and exiting.
2022-01-13 17:36:57,198 INFO: Loaded curve data from file.
2022-01-13 17:36:57,199 INFO: Skipped Chabauty because rank >= degree(g). (delta = ['-1', '-4', '-4', '0', '-1'], g = [1, 1])
2022-01-13 17:36:57,199 INFO: Running elliptic Chabauty (delta = ['-1', '-4', '-4', '0', '-1'], g = [1, 4, 3, -1, 1])...
2022-01-13 17:37:06,741 INFO: Chabauty completed successfully (delta = ['-1', '-4', '-4', '0', '-1'], g = [1, 4, 3, -1, 1]).
2022-01-13 17:37:06,745 INFO: Skipped Chabauty because no base point (delta = ['1/2', '2', '3', '3/2', '-1/2', '1/2'])
2022-01-13 17:37:06,745 INFO: Skipped Chabauty because rank >= degree(g). (delta = ['1'], g = [1, 1])
2022-01-13 17:37:06,745 INFO: Running elliptic Chabauty (delta = ['1'], g = [1, 4, 3, -1, 1])...
2022-01-13 17:37:16,201 INFO: Chabauty completed successfully (delta = ['1'], g = [1, 4, 3, -1, 1]).
2022-01-13 17:37:16,204 INFO: Skipped Chabauty because rank >= degree(g). (delta = ['1', '4', '7', '2', '0', '1'], g = [1, 1])
2022-01-13 17:37:16,204 INFO: Running elliptic Chabauty (delta = ['1', '4', '7', '2', '0', '1'], g = [1, 4, 3, -1, 1])...
2022-01-13 17:37:29,827 INFO: Chabauty completed successfully (delta = ['1', '4', '7', '2', '0', '1'], g = [1, 4, 3, -1, 1]).
2022-01-13 17:37:29,830 INFO: Skipped Chabauty because rank >= degree(g). (delta = ['-1', '-3', '-2', '1', '-1'], g = [1, 1])
2022-01-13 17:37:29,830 INFO: Running elliptic Chabauty (delta = ['-1', '-3', '-2', '1', '-1'], g = [1, 4, 3, -1, 1])...
2022-01-13 17:37:37,676 INFO: Chabauty completed successfully (delta = ['-1', '-3', '-2', '1', '-1'], g = [1, 4, 3, -1, 1]).
2022-01-13 17:37:37,678 INFO: Skipped Chabauty because no base point (delta = ['-1/2', '-7/2', '-8', '-6', '-3/2', '-5/2'])
2022-01-13 17:37:37,679 INFO: Skipped Chabauty because no base point (delta = ['1/2', '5/2', '4', '3/2', '-1/2', '1'])
2022-01-13 17:37:37,679 INFO: Skipped Chabauty because rank >= degree(g). (delta = ['-1/2', '-3', '-11/2', '-3/2', '2', '-3/2'], g = [1, 1])
2022-01-13 17:37:37,679 INFO: Running elliptic Chabauty (delta = ['-1/2', '-3', '-11/2', '-3/2', '2', '-3/2'], g = [1, 4, 3, -1, 1])...
2022-01-13 17:37:46,585 INFO: Chabauty completed successfully (delta = ['-1/2', '-3', '-11/2', '-3/2', '2', '-3/2'], g = [1, 4, 3, -1, 1]).
2022-01-13 17:37:46,995 INFO: Rational points successfully computed.
2022-01-13 17:37:46,998 INFO: Tasks complete. Recording data and exiting.
2022-02-12 17:06:01,914 INFO: Loaded curve data from file.
2022-02-12 17:06:01,914 INFO: Computing elliptic Chabauty map... (delta = ['-1', '-4', '-4', '0', '-1'], g = [1, 1])
2022-02-12 17:06:07,023 INFO: Elliptic Chabauty map computed. (delta = ['-1', '-4', '-4', '0', '-1'], g = [1, 1])
2022-02-12 17:06:07,027 INFO: Computing elliptic Chabauty map... (delta = ['-1', '-4', '-4', '0', '-1'], g = [1, 4, 3, -1, 1])
2022-02-12 17:06:14,689 INFO: Elliptic Chabauty map computed. (delta = ['-1', '-4', '-4', '0', '-1'], g = [1, 4, 3, -1, 1])
2022-02-12 17:06:14,694 INFO: Computing elliptic Chabauty map... (delta = ['1'], g = [1, 1])
2022-02-12 17:06:19,725 INFO: Elliptic Chabauty map computed. (delta = ['1'], g = [1, 1])
2022-02-12 17:06:19,729 INFO: Computing elliptic Chabauty map... (delta = ['1'], g = [1, 4, 3, -1, 1])
2022-02-12 17:06:27,406 INFO: Elliptic Chabauty map computed. (delta = ['1'], g = [1, 4, 3, -1, 1])
2022-02-12 17:06:27,411 INFO: Computing elliptic Chabauty map... (delta = ['1', '4', '7', '2', '0', '1'], g = [1, 1])
2022-02-12 17:06:32,392 INFO: Elliptic Chabauty map computed. (delta = ['1', '4', '7', '2', '0', '1'], g = [1, 1])
2022-02-12 17:06:32,397 INFO: Computing elliptic Chabauty map... (delta = ['1', '4', '7', '2', '0', '1'], g = [1, 4, 3, -1, 1])
2022-02-12 17:06:40,089 INFO: Elliptic Chabauty map computed. (delta = ['1', '4', '7', '2', '0', '1'], g = [1, 4, 3, -1, 1])
2022-02-12 17:06:40,094 INFO: Computing elliptic Chabauty map... (delta = ['-1', '-3', '-2', '1', '-1'], g = [1, 1])
2022-02-12 17:06:45,107 INFO: Elliptic Chabauty map computed. (delta = ['-1', '-3', '-2', '1', '-1'], g = [1, 1])
2022-02-12 17:06:45,112 INFO: Computing elliptic Chabauty map... (delta = ['-1', '-3', '-2', '1', '-1'], g = [1, 4, 3, -1, 1])
2022-02-12 17:06:52,806 INFO: Elliptic Chabauty map computed. (delta = ['-1', '-3', '-2', '1', '-1'], g = [1, 4, 3, -1, 1])
2022-02-12 17:06:52,812 INFO: Computing elliptic Chabauty map... (delta = ['-1/2', '-3', '-11/2', '-3/2', '2', '-3/2'], g = [1, 1])
2022-02-12 17:06:58,212 INFO: Elliptic Chabauty map computed. (delta = ['-1/2', '-3', '-11/2', '-3/2', '2', '-3/2'], g = [1, 1])
2022-02-12 17:06:58,217 INFO: Computing elliptic Chabauty map... (delta = ['-1/2', '-3', '-11/2', '-3/2', '2', '-3/2'], g = [1, 4, 3, -1, 1])
2022-02-12 17:07:05,975 INFO: Elliptic Chabauty map computed. (delta = ['-1/2', '-3', '-11/2', '-3/2', '2', '-3/2'], g = [1, 4, 3, -1, 1])
2022-02-12 17:07:05,980 INFO: Tasks complete. Recording data and exiting.
