2022-01-11 12:29:26,511 INFO: Initialized curve data.
2022-01-11 12:29:26,515 INFO: Setting up initial twist data...
2022-01-11 12:29:27,633 INFO: Twist setup complete.
2022-01-11 12:29:27,633 INFO: Searching for rational points on each twist...
2022-01-11 12:29:32,204 INFO: Finished searching for rational points on each twist.
2022-01-11 12:29:32,204 INFO: Testing local solvability of twists...
2022-01-11 12:29:41,229 INFO: Finished local solvability testing.
2022-01-11 12:29:41,230 INFO: Computing elliptic curve a-invariants...
2022-01-11 12:29:49,791 INFO: Finished computation of a-invariants.
2022-01-11 12:29:49,793 INFO: Skipped MW computation because no base point (delta = ['1/2', '7/2', '11', '35/2', '23/2', '1'])
2022-01-11 12:29:49,793 INFO: Computing MW group (delta = ['1/4', '2', '25/4', '37/4', '11/2', '-1/4'], g = [1, 1])...
2022-01-11 12:29:50,151 INFO: Finished MW computation (delta = ['1/4', '2', '25/4', '37/4', '11/2', '-1/4'], g = [1, 1])
2022-01-11 12:29:50,154 INFO: Computing MW group (delta = ['1/4', '2', '25/4', '37/4', '11/2', '-1/4'], g = [1, 6, 13, 11, 1])...
2022-01-11 12:29:56,408 INFO: Finished MW computation (delta = ['1/4', '2', '25/4', '37/4', '11/2', '-1/4'], g = [1, 6, 13, 11, 1])
2022-01-11 12:29:56,412 INFO: Skipped MW computation because no base point (delta = ['-1/4', '-1', '-1/2', '9/4', '11/4', '1/4'])
2022-01-11 12:29:56,413 INFO: Computing MW group (delta = ['1'], g = [1, 1])...
2022-01-11 12:29:56,744 INFO: Finished MW computation (delta = ['1'], g = [1, 1])
2022-01-11 12:29:56,747 INFO: Computing MW group (delta = ['1'], g = [1, 6, 13, 11, 1])...
2022-01-11 12:30:04,701 INFO: Finished MW computation (delta = ['1'], g = [1, 6, 13, 11, 1])
2022-01-11 12:30:04,705 INFO: Computing MW group (delta = ['-1/2', '-2', '-3/2', '7/2', '6', '1/2'], g = [1, 1])...
2022-01-11 12:30:04,931 INFO: Finished MW computation (delta = ['-1/2', '-2', '-3/2', '7/2', '6', '1/2'], g = [1, 1])
2022-01-11 12:30:04,934 INFO: Computing MW group (delta = ['-1/2', '-2', '-3/2', '7/2', '6', '1/2'], g = [1, 6, 13, 11, 1])...
2022-01-11 12:30:21,900 INFO: Finished MW computation (delta = ['-1/2', '-2', '-3/2', '7/2', '6', '1/2'], g = [1, 6, 13, 11, 1])
2022-01-11 12:30:21,904 INFO: Computing MW group (delta = ['-1', '-5', '-12', '-11', '-1'], g = [1, 1])...
2022-01-11 12:30:22,142 INFO: Finished MW computation (delta = ['-1', '-5', '-12', '-11', '-1'], g = [1, 1])
2022-01-11 12:30:22,145 INFO: Computing MW group (delta = ['-1', '-5', '-12', '-11', '-1'], g = [1, 6, 13, 11, 1])...
2022-01-11 12:30:30,269 INFO: Finished MW computation (delta = ['-1', '-5', '-12', '-11', '-1'], g = [1, 6, 13, 11, 1])
2022-01-11 12:30:30,274 INFO: Computing MW group (delta = ['1/2', '2', '4', '13/2', '11/2', '1/2'], g = [1, 1])...
2022-01-11 12:30:30,507 INFO: Finished MW computation (delta = ['1/2', '2', '4', '13/2', '11/2', '1/2'], g = [1, 1])
2022-01-11 12:30:30,511 INFO: Computing MW group (delta = ['1/2', '2', '4', '13/2', '11/2', '1/2'], g = [1, 6, 13, 11, 1])...
2022-01-11 12:30:35,075 INFO: Finished MW computation (delta = ['1/2', '2', '4', '13/2', '11/2', '1/2'], g = [1, 6, 13, 11, 1])
2022-01-11 12:30:35,079 INFO: Skipped MW computation because no base point (delta = ['-1/2', '-1'])
2022-01-11 12:30:35,083 INFO: Reducing MW generators...
2022-01-11 12:30:39,524 INFO: Finished reducing MW generators.
2022-01-11 12:30:39,529 INFO: Tasks complete. Recording data and exiting.
2022-01-13 17:36:50,159 INFO: Loaded curve data from file.
2022-01-13 17:36:50,160 INFO: Skipped Chabauty because no base point (delta = ['1/2', '7/2', '11', '35/2', '23/2', '1'])
2022-01-13 17:36:50,160 INFO: Skipped Chabauty because rank >= degree(g). (delta = ['1/4', '2', '25/4', '37/4', '11/2', '-1/4'], g = [1, 1])
2022-01-13 17:36:50,160 INFO: Running elliptic Chabauty (delta = ['1/4', '2', '25/4', '37/4', '11/2', '-1/4'], g = [1, 6, 13, 11, 1])...
2022-01-13 17:37:06,152 INFO: Chabauty completed successfully (delta = ['1/4', '2', '25/4', '37/4', '11/2', '-1/4'], g = [1, 6, 13, 11, 1]).
2022-01-13 17:37:06,155 INFO: Skipped Chabauty because no base point (delta = ['-1/4', '-1', '-1/2', '9/4', '11/4', '1/4'])
2022-01-13 17:37:06,155 INFO: Skipped Chabauty because rank >= degree(g). (delta = ['1'], g = [1, 1])
2022-01-13 17:37:06,155 INFO: Running elliptic Chabauty (delta = ['1'], g = [1, 6, 13, 11, 1])...
2022-01-13 17:37:23,199 INFO: Chabauty completed successfully (delta = ['1'], g = [1, 6, 13, 11, 1]).
2022-01-13 17:37:23,202 INFO: Skipped Chabauty because rank >= degree(g). (delta = ['-1/2', '-2', '-3/2', '7/2', '6', '1/2'], g = [1, 1])
2022-01-13 17:37:23,202 INFO: Running elliptic Chabauty (delta = ['-1/2', '-2', '-3/2', '7/2', '6', '1/2'], g = [1, 6, 13, 11, 1])...
2022-01-13 17:37:39,061 INFO: Chabauty completed successfully (delta = ['-1/2', '-2', '-3/2', '7/2', '6', '1/2'], g = [1, 6, 13, 11, 1]).
2022-01-13 17:37:39,064 INFO: Skipped Chabauty because rank >= degree(g). (delta = ['-1', '-5', '-12', '-11', '-1'], g = [1, 1])
2022-01-13 17:37:39,064 INFO: Running elliptic Chabauty (delta = ['-1', '-5', '-12', '-11', '-1'], g = [1, 6, 13, 11, 1])...
2022-01-13 17:37:52,376 INFO: Chabauty completed successfully (delta = ['-1', '-5', '-12', '-11', '-1'], g = [1, 6, 13, 11, 1]).
2022-01-13 17:37:52,379 INFO: Skipped Chabauty because rank >= degree(g). (delta = ['1/2', '2', '4', '13/2', '11/2', '1/2'], g = [1, 1])
2022-01-13 17:37:52,379 INFO: Running elliptic Chabauty (delta = ['1/2', '2', '4', '13/2', '11/2', '1/2'], g = [1, 6, 13, 11, 1])...
2022-01-13 17:38:06,677 INFO: Chabauty completed successfully (delta = ['1/2', '2', '4', '13/2', '11/2', '1/2'], g = [1, 6, 13, 11, 1]).
2022-01-13 17:38:06,680 INFO: Skipped Chabauty because no base point (delta = ['-1/2', '-1'])
2022-01-13 17:38:07,088 INFO: Rational points successfully computed.
2022-01-13 17:38:07,090 INFO: Tasks complete. Recording data and exiting.
2022-02-12 17:07:08,348 INFO: Loaded curve data from file.
2022-02-12 17:07:08,348 INFO: Computing elliptic Chabauty map... (delta = ['1/4', '2', '25/4', '37/4', '11/2', '-1/4'], g = [1, 1])
2022-02-12 17:07:18,918 INFO: Elliptic Chabauty map computed. (delta = ['1/4', '2', '25/4', '37/4', '11/2', '-1/4'], g = [1, 1])
2022-02-12 17:07:18,922 INFO: Computing elliptic Chabauty map... (delta = ['1/4', '2', '25/4', '37/4', '11/2', '-1/4'], g = [1, 6, 13, 11, 1])
2022-02-12 17:07:32,627 INFO: Elliptic Chabauty map computed. (delta = ['1/4', '2', '25/4', '37/4', '11/2', '-1/4'], g = [1, 6, 13, 11, 1])
2022-02-12 17:07:32,630 INFO: Computing elliptic Chabauty map... (delta = ['1'], g = [1, 1])
2022-02-12 17:07:43,024 INFO: Elliptic Chabauty map computed. (delta = ['1'], g = [1, 1])
2022-02-12 17:07:43,027 INFO: Computing elliptic Chabauty map... (delta = ['1'], g = [1, 6, 13, 11, 1])
2022-02-12 17:07:56,407 INFO: Elliptic Chabauty map computed. (delta = ['1'], g = [1, 6, 13, 11, 1])
2022-02-12 17:07:56,411 INFO: Computing elliptic Chabauty map... (delta = ['-1/2', '-2', '-3/2', '7/2', '6', '1/2'], g = [1, 1])
2022-02-12 17:08:06,850 INFO: Elliptic Chabauty map computed. (delta = ['-1/2', '-2', '-3/2', '7/2', '6', '1/2'], g = [1, 1])
2022-02-12 17:08:06,853 INFO: Computing elliptic Chabauty map... (delta = ['-1/2', '-2', '-3/2', '7/2', '6', '1/2'], g = [1, 6, 13, 11, 1])
2022-02-12 17:08:20,413 INFO: Elliptic Chabauty map computed. (delta = ['-1/2', '-2', '-3/2', '7/2', '6', '1/2'], g = [1, 6, 13, 11, 1])
2022-02-12 17:08:20,417 INFO: Computing elliptic Chabauty map... (delta = ['-1', '-5', '-12', '-11', '-1'], g = [1, 1])
2022-02-12 17:08:30,840 INFO: Elliptic Chabauty map computed. (delta = ['-1', '-5', '-12', '-11', '-1'], g = [1, 1])
2022-02-12 17:08:30,844 INFO: Computing elliptic Chabauty map... (delta = ['-1', '-5', '-12', '-11', '-1'], g = [1, 6, 13, 11, 1])
2022-02-12 17:08:44,290 INFO: Elliptic Chabauty map computed. (delta = ['-1', '-5', '-12', '-11', '-1'], g = [1, 6, 13, 11, 1])
2022-02-12 17:08:44,294 INFO: Computing elliptic Chabauty map... (delta = ['1/2', '2', '4', '13/2', '11/2', '1/2'], g = [1, 1])
2022-02-12 17:08:54,719 INFO: Elliptic Chabauty map computed. (delta = ['1/2', '2', '4', '13/2', '11/2', '1/2'], g = [1, 1])
2022-02-12 17:08:54,723 INFO: Computing elliptic Chabauty map... (delta = ['1/2', '2', '4', '13/2', '11/2', '1/2'], g = [1, 6, 13, 11, 1])
2022-02-12 17:09:08,165 INFO: Elliptic Chabauty map computed. (delta = ['1/2', '2', '4', '13/2', '11/2', '1/2'], g = [1, 6, 13, 11, 1])
2022-02-12 17:09:08,170 INFO: Tasks complete. Recording data and exiting.
