2022-01-11 15:27:22,528 INFO: Initialized curve data.
2022-01-11 15:27:22,533 INFO: Setting up initial twist data...
2022-01-11 15:27:23,541 INFO: Twist setup complete.
2022-01-11 15:27:23,541 INFO: Searching for rational points on each twist...
2022-01-11 15:27:25,285 INFO: Finished searching for rational points on each twist.
2022-01-11 15:27:25,285 INFO: Testing local solvability of twists...
2022-01-11 15:27:25,291 INFO: Finished local solvability testing.
2022-01-11 15:27:25,292 INFO: Computing elliptic curve a-invariants...
2022-01-11 15:27:38,057 INFO: Finished computation of a-invariants.
2022-01-11 15:27:38,058 INFO: Computing MW group (delta = ['4', '-5', '-6', '-7', '-5', '-1'], g = [-4, 4, 7, 7, 5, 1])...
2022-01-11 15:29:26,603 INFO: Finished MW computation (delta = ['4', '-5', '-6', '-7', '-5', '-1'], g = [-4, 4, 7, 7, 5, 1])
2022-01-11 15:29:26,607 INFO: Computing MW group (delta = ['1'], g = [-4, 4, 7, 7, 5, 1])...
2022-01-11 15:31:37,142 INFO: Finished MW computation (delta = ['1'], g = [-4, 4, 7, 7, 5, 1])
2022-01-11 15:31:37,144 INFO: Computing MW group (delta = ['80', '-81', '-138', '-141', '-100', '-20'], g = [-4, 4, 7, 7, 5, 1])...
2022-01-11 15:33:25,683 INFO: Finished MW computation (delta = ['80', '-81', '-138', '-141', '-100', '-20'], g = [-4, 4, 7, 7, 5, 1])
2022-01-11 15:33:25,687 INFO: Computing MW group (delta = ['-3', '3', '7', '7', '5', '1'], g = [-4, 4, 7, 7, 5, 1])...
2022-01-11 15:36:39,694 INFO: Finished MW computation (delta = ['-3', '3', '7', '7', '5', '1'], g = [-4, 4, 7, 7, 5, 1])
2022-01-11 15:36:39,698 INFO: Reducing MW generators...
2022-01-11 15:36:43,299 INFO: Finished reducing MW generators.
2022-01-11 15:36:43,300 INFO: Tasks complete. Recording data and exiting.
2022-01-14 09:07:52,720 INFO: Loaded curve data from file.
2022-01-14 09:07:52,721 INFO: Running elliptic Chabauty (delta = ['4', '-5', '-6', '-7', '-5', '-1'], g = [-4, 4, 7, 7, 5, 1])...
2022-01-14 09:08:35,212 INFO: Chabauty completed successfully (delta = ['4', '-5', '-6', '-7', '-5', '-1'], g = [-4, 4, 7, 7, 5, 1]).
2022-01-14 09:08:35,215 INFO: Running elliptic Chabauty (delta = ['1'], g = [-4, 4, 7, 7, 5, 1])...
2022-01-14 09:08:46,838 INFO: Chabauty completed successfully (delta = ['1'], g = [-4, 4, 7, 7, 5, 1]).
2022-01-14 09:08:46,840 INFO: Skipped Chabauty because MW group hasn't been provably computed. (delta = ['80', '-81', '-138', '-141', '-100', '-20'], g = [-4, 4, 7, 7, 5, 1])
2022-01-14 09:08:46,841 INFO: Running elliptic Chabauty (delta = ['-3', '3', '7', '7', '5', '1'], g = [-4, 4, 7, 7, 5, 1])...
2022-01-14 09:09:00,689 INFO: Chabauty completed successfully (delta = ['-3', '3', '7', '7', '5', '1'], g = [-4, 4, 7, 7, 5, 1]).
2022-01-14 09:09:00,819 INFO: Tasks complete. Recording data and exiting.
