2022-01-12 09:25:05,542 INFO: Initialized curve data.
2022-01-12 09:25:05,545 INFO: Setting up initial twist data...
2022-01-12 09:25:06,755 INFO: Twist setup complete.
2022-01-12 09:25:06,755 INFO: Searching for rational points on each twist...
2022-01-12 09:25:08,744 INFO: Finished searching for rational points on each twist.
2022-01-12 09:25:08,745 INFO: Testing local solvability of twists...
2022-01-12 09:25:25,144 INFO: Finished local solvability testing.
2022-01-12 09:25:25,146 INFO: Computing elliptic curve a-invariants...
2022-01-12 09:25:39,522 INFO: Finished computation of a-invariants.
2022-01-12 09:25:39,524 INFO: Computing MW group (delta = ['1'], g = [-17, -11, 6, 6, 3, 1])...
2022-01-14 09:10:23,743 INFO: Loaded curve data from file.
2022-01-14 09:10:23,743 INFO: Reducing MW generators...
2022-01-14 09:10:23,743 INFO: Finished reducing MW generators.
2022-01-14 09:10:23,745 INFO: Skipped Chabauty because MW generators haven't been computed. (delta = ['1'], g = [-17, -11, 6, 6, 3, 1])
2022-01-14 09:10:23,745 INFO: Skipped Chabauty because MW generators haven't been computed. (delta = ['49', '34', '-17', '-18', '-9', '-3'], g = [-17, -11, 6, 6, 3, 1])
2022-01-14 09:10:23,745 INFO: Skipped Chabauty because MW generators haven't been computed. (delta = ['-16', '-12', '6', '6', '3', '1'], g = [-17, -11, 6, 6, 3, 1])
2022-01-14 09:10:23,745 INFO: Skipped Chabauty because no base point (delta = ['-2', '-1'])
2022-01-14 09:10:23,791 INFO: Tasks complete. Recording data and exiting.
2022-02-12 16:51:06,514 INFO: Loaded curve data from file.
2022-02-12 16:51:06,514 INFO: Computing elliptic Chabauty map... (delta = ['1'], g = [-17, -11, 6, 6, 3, 1])
2022-02-12 16:51:21,351 INFO: Elliptic Chabauty map computed. (delta = ['1'], g = [-17, -11, 6, 6, 3, 1])
2022-02-12 16:51:21,353 INFO: Computing elliptic Chabauty map... (delta = ['49', '34', '-17', '-18', '-9', '-3'], g = [-17, -11, 6, 6, 3, 1])
2022-02-12 16:51:36,269 INFO: Elliptic Chabauty map computed. (delta = ['49', '34', '-17', '-18', '-9', '-3'], g = [-17, -11, 6, 6, 3, 1])
2022-02-12 16:51:36,271 INFO: Computing elliptic Chabauty map... (delta = ['-16', '-12', '6', '6', '3', '1'], g = [-17, -11, 6, 6, 3, 1])
2022-02-12 16:51:51,215 INFO: Elliptic Chabauty map computed. (delta = ['-16', '-12', '6', '6', '3', '1'], g = [-17, -11, 6, 6, 3, 1])
2022-02-12 16:51:51,218 INFO: Tasks complete. Recording data and exiting.
