2022-01-14 12:17:15,031 INFO: Initialized curve data.
2022-01-14 12:17:15,033 INFO: Setting up initial twist data...
2022-01-14 12:17:15,767 INFO: Twist setup complete.
2022-01-14 12:17:15,767 INFO: Searching for rational points on each twist...
2022-01-14 12:17:17,336 INFO: Finished searching for rational points on each twist.
2022-01-14 12:17:17,336 INFO: Testing local solvability of twists...
2022-01-14 12:17:17,346 INFO: Finished local solvability testing.
2022-01-14 12:17:17,348 INFO: Computing elliptic curve a-invariants...
2022-01-14 12:17:23,405 INFO: Finished computation of a-invariants.
2022-01-14 12:17:23,407 INFO: Computing MW group (delta = ['2', '-5/2', '0', '-5/2', '7', '-7/2'], g = [-4, 4, 4, 0, -12, 7])...
2022-01-14 12:19:11,474 INFO: Finished MW computation (delta = ['2', '-5/2', '0', '-5/2', '7', '-7/2'], g = [-4, 4, 4, 0, -12, 7])
2022-01-14 12:19:11,477 INFO: Computing MW group (delta = ['1/2', '-3/2', '1'], g = [-4, 4, 4, 0, -12, 7])...
2022-01-14 12:20:11,631 INFO: Finished MW computation (delta = ['1/2', '-3/2', '1'], g = [-4, 4, 4, 0, -12, 7])
2022-01-14 12:20:11,635 INFO: Computing MW group (delta = ['1'], g = [-4, 4, 4, 0, -12, 7])...
2022-01-14 12:23:30,370 INFO: Finished MW computation (delta = ['1'], g = [-4, 4, 4, 0, -12, 7])
2022-01-14 12:23:30,373 INFO: Computing MW group (delta = ['4', '-5', '-3', '0', '12', '-7'], g = [-4, 4, 4, 0, -12, 7])...
2022-01-14 12:25:31,438 INFO: Finished MW computation (delta = ['4', '-5', '-3', '0', '12', '-7'], g = [-4, 4, 4, 0, -12, 7])
2022-01-14 12:25:31,464 INFO: Reducing MW generators...
2022-01-14 12:25:33,358 INFO: Finished reducing MW generators.
2022-01-14 12:25:33,362 INFO: Tasks complete. Recording data and exiting.
2022-01-14 15:52:19,579 INFO: Loaded curve data from file.
2022-01-14 15:52:19,580 INFO: Skipped Chabauty because MW group hasn't been provably computed. (delta = ['2', '-5/2', '0', '-5/2', '7', '-7/2'], g = [-4, 4, 4, 0, -12, 7])
2022-01-14 15:52:19,580 INFO: Skipped Chabauty because MW group hasn't been provably computed. (delta = ['1/2', '-3/2', '1'], g = [-4, 4, 4, 0, -12, 7])
2022-01-14 15:52:19,580 INFO: Skipped Chabauty because MW group hasn't been provably computed. (delta = ['1'], g = [-4, 4, 4, 0, -12, 7])
2022-01-14 15:52:19,580 INFO: Skipped Chabauty because MW group hasn't been provably computed. (delta = ['4', '-5', '-3', '0', '12', '-7'], g = [-4, 4, 4, 0, -12, 7])
2022-01-14 15:52:19,584 INFO: Tasks complete. Recording data and exiting.
2022-02-12 17:24:04,581 INFO: Loaded curve data from file.
2022-02-12 17:24:04,581 INFO: Computing elliptic Chabauty map... (delta = ['2', '-5/2', '0', '-5/2', '7', '-7/2'], g = [-4, 4, 4, 0, -12, 7])
2022-02-12 17:24:15,781 INFO: Elliptic Chabauty map computed. (delta = ['2', '-5/2', '0', '-5/2', '7', '-7/2'], g = [-4, 4, 4, 0, -12, 7])
2022-02-12 17:24:15,784 INFO: Computing elliptic Chabauty map... (delta = ['1/2', '-3/2', '1'], g = [-4, 4, 4, 0, -12, 7])
2022-02-12 17:24:26,757 INFO: Elliptic Chabauty map computed. (delta = ['1/2', '-3/2', '1'], g = [-4, 4, 4, 0, -12, 7])
2022-02-12 17:24:26,759 INFO: Computing elliptic Chabauty map... (delta = ['1'], g = [-4, 4, 4, 0, -12, 7])
2022-02-12 17:24:37,583 INFO: Elliptic Chabauty map computed. (delta = ['1'], g = [-4, 4, 4, 0, -12, 7])
2022-02-12 17:24:37,585 INFO: Computing elliptic Chabauty map... (delta = ['4', '-5', '-3', '0', '12', '-7'], g = [-4, 4, 4, 0, -12, 7])
2022-02-12 17:24:48,504 INFO: Elliptic Chabauty map computed. (delta = ['4', '-5', '-3', '0', '12', '-7'], g = [-4, 4, 4, 0, -12, 7])
2022-02-12 17:24:48,507 INFO: Tasks complete. Recording data and exiting.
