2022-02-01 12:30:19,762 INFO: Initialized curve data.
2022-02-01 12:30:19,767 INFO: Setting up initial twist data...
2022-02-01 12:30:20,826 INFO: Twist setup complete.
2022-02-01 12:30:20,827 INFO: Searching for rational points on each twist...
2022-02-01 12:30:22,539 INFO: Finished searching for rational points on each twist.
2022-02-01 12:30:22,539 INFO: Testing local solvability of twists...
2022-02-01 12:30:22,545 INFO: Finished local solvability testing.
2022-02-01 12:30:22,547 INFO: Computing elliptic curve a-invariants...
2022-02-01 12:30:37,708 INFO: Finished computation of a-invariants.
2022-02-01 12:30:37,710 INFO: Computing MW group (delta = ['-4', '-1'], g = [4, -11, -12, -2, 4, 1])...
2022-02-01 12:33:35,321 INFO: Finished MW computation (delta = ['-4', '-1'], g = [4, -11, -12, -2, 4, 1])
2022-02-01 12:33:35,324 INFO: Computing MW group (delta = ['1'], g = [4, -11, -12, -2, 4, 1])...
2022-02-01 12:35:38,465 INFO: Finished MW computation (delta = ['1'], g = [4, -11, -12, -2, 4, 1])
2022-02-01 12:35:38,468 INFO: Computing MW group (delta = ['4', '-12', '-12', '-2', '4', '1'], g = [4, -11, -12, -2, 4, 1])...
2022-02-01 12:39:05,676 INFO: Finished MW computation (delta = ['4', '-12', '-12', '-2', '4', '1'], g = [4, -11, -12, -2, 4, 1])
2022-02-01 12:39:05,678 INFO: Computing MW group (delta = ['-16', '48', '49', '8', '-16', '-4'], g = [4, -11, -12, -2, 4, 1])...
2022-02-01 12:41:13,656 INFO: Finished MW computation (delta = ['-16', '48', '49', '8', '-16', '-4'], g = [4, -11, -12, -2, 4, 1])
2022-02-01 12:41:13,664 INFO: Reducing MW generators...
2022-02-01 12:41:15,815 INFO: Finished reducing MW generators.
2022-02-01 12:41:15,816 INFO: Tasks complete. Recording data and exiting.
2022-02-02 04:42:45,040 INFO: Loaded curve data from file.
2022-02-02 04:42:45,040 INFO: Skipped Chabauty because MW group hasn't been provably computed. (delta = ['-4', '-1'], g = [4, -11, -12, -2, 4, 1])
2022-02-02 04:42:45,040 INFO: Skipped Chabauty because MW group hasn't been provably computed. (delta = ['1'], g = [4, -11, -12, -2, 4, 1])
2022-02-02 04:42:45,040 INFO: Skipped Chabauty because MW group hasn't been provably computed. (delta = ['4', '-12', '-12', '-2', '4', '1'], g = [4, -11, -12, -2, 4, 1])
2022-02-02 04:42:45,040 INFO: Skipped Chabauty because MW group hasn't been provably computed. (delta = ['-16', '48', '49', '8', '-16', '-4'], g = [4, -11, -12, -2, 4, 1])
2022-02-02 04:42:45,045 INFO: Tasks complete. Recording data and exiting.
