2022-01-12 12:13:53,921 INFO: Initialized curve data.
2022-01-12 12:13:53,926 INFO: Setting up initial twist data...
2022-01-12 12:13:55,036 INFO: Twist setup complete.
2022-01-12 12:13:55,036 INFO: Searching for rational points on each twist...
2022-01-12 12:13:57,215 INFO: Finished searching for rational points on each twist.
2022-01-12 12:13:57,215 INFO: Testing local solvability of twists...
2022-01-12 12:13:57,221 INFO: Finished local solvability testing.
2022-01-12 12:13:57,222 INFO: Computing elliptic curve a-invariants...
2022-01-12 12:14:14,356 INFO: Finished computation of a-invariants.
2022-01-12 12:14:14,358 INFO: Computing MW group (delta = ['2', '10', '-1', '-8', '9', '-8'], g = [-1, -5, 0, 4, -4, 4])...
2022-01-12 12:16:08,139 INFO: Finished MW computation (delta = ['2', '10', '-1', '-8', '9', '-8'], g = [-1, -5, 0, 4, -4, 4])
2022-01-12 12:16:08,142 INFO: Computing MW group (delta = ['0', '-1', '1'], g = [-1, -5, 0, 4, -4, 4])...
2022-01-12 12:17:56,476 INFO: Finished MW computation (delta = ['0', '-1', '1'], g = [-1, -5, 0, 4, -4, 4])
2022-01-12 12:17:56,479 INFO: Computing MW group (delta = ['1', '6', '1', '-4', '4', '-4'], g = [-1, -5, 0, 4, -4, 4])...
2022-01-12 12:19:35,802 INFO: Finished MW computation (delta = ['1', '6', '1', '-4', '4', '-4'], g = [-1, -5, 0, 4, -4, 4])
2022-01-12 12:19:35,805 INFO: Computing MW group (delta = ['1'], g = [-1, -5, 0, 4, -4, 4])...
2022-01-12 12:23:02,579 INFO: Finished MW computation (delta = ['1'], g = [-1, -5, 0, 4, -4, 4])
2022-01-12 12:23:02,583 INFO: Reducing MW generators...
2022-01-12 12:23:05,911 INFO: Finished reducing MW generators.
2022-01-12 12:23:05,913 INFO: Tasks complete. Recording data and exiting.
