2022-01-11 12:31:51,767 INFO: Initialized curve data.
2022-01-11 12:31:51,769 INFO: Setting up initial twist data...
2022-01-11 12:31:52,717 INFO: Twist setup complete.
2022-01-11 12:31:52,717 INFO: Searching for rational points on each twist...
2022-01-11 12:31:54,404 INFO: Finished searching for rational points on each twist.
2022-01-11 12:31:54,405 INFO: Testing local solvability of twists...
2022-01-11 12:31:58,379 INFO: Finished local solvability testing.
2022-01-11 12:31:58,381 INFO: Computing elliptic curve a-invariants...
2022-01-11 12:32:05,204 INFO: Finished computation of a-invariants.
2022-01-11 12:32:05,205 INFO: Computing MW group (delta = ['4', '-13', '1', '13', '10', '1'], g = [4, -12, 0, 13, 10, 1])...
2022-01-11 12:32:52,885 INFO: Finished MW computation (delta = ['4', '-13', '1', '13', '10', '1'], g = [4, -12, 0, 13, 10, 1])
2022-01-11 12:32:52,888 INFO: Skipped MW computation because no base point (delta = ['1', '-1'])
2022-01-11 12:32:52,888 INFO: Computing MW group (delta = ['1'], g = [4, -12, 0, 13, 10, 1])...
2022-01-11 12:58:21,375 INFO: Finished MW computation (delta = ['1'], g = [4, -12, 0, 13, 10, 1])
2022-01-11 12:58:21,414 INFO: Computing MW group (delta = ['4', '-13', '2', '12', '10', '1'], g = [4, -12, 0, 13, 10, 1])...
2022-01-11 12:59:14,759 INFO: Finished MW computation (delta = ['4', '-13', '2', '12', '10', '1'], g = [4, -12, 0, 13, 10, 1])
2022-01-11 12:59:14,764 INFO: Reducing MW generators...
2022-01-11 12:59:18,152 INFO: Finished reducing MW generators.
2022-01-11 12:59:18,154 INFO: Tasks complete. Recording data and exiting.
2022-01-13 17:36:55,568 INFO: Loaded curve data from file.
2022-01-13 17:36:55,569 INFO: Running elliptic Chabauty (delta = ['4', '-13', '1', '13', '10', '1'], g = [4, -12, 0, 13, 10, 1])...
2022-01-13 17:37:08,929 INFO: Chabauty completed successfully (delta = ['4', '-13', '1', '13', '10', '1'], g = [4, -12, 0, 13, 10, 1]).
2022-01-13 17:37:08,931 INFO: Skipped Chabauty because no base point (delta = ['1', '-1'])
2022-01-13 17:37:08,932 INFO: Running elliptic Chabauty (delta = ['1'], g = [4, -12, 0, 13, 10, 1])...
2022-01-13 17:37:24,982 INFO: Chabauty completed successfully (delta = ['1'], g = [4, -12, 0, 13, 10, 1]).
2022-01-13 17:37:24,985 INFO: Running elliptic Chabauty (delta = ['4', '-13', '2', '12', '10', '1'], g = [4, -12, 0, 13, 10, 1])...
2022-01-13 17:37:46,463 INFO: Chabauty completed successfully (delta = ['4', '-13', '2', '12', '10', '1'], g = [4, -12, 0, 13, 10, 1]).
2022-01-13 17:37:46,932 INFO: Rational points successfully computed.
2022-01-13 17:37:46,935 INFO: Tasks complete. Recording data and exiting.
2022-02-12 17:41:46,690 INFO: Loaded curve data from file.
2022-02-12 17:41:46,690 INFO: Computing elliptic Chabauty map... (delta = ['4', '-13', '1', '13', '10', '1'], g = [4, -12, 0, 13, 10, 1])
2022-02-12 17:41:59,042 INFO: Elliptic Chabauty map computed. (delta = ['4', '-13', '1', '13', '10', '1'], g = [4, -12, 0, 13, 10, 1])
2022-02-12 17:41:59,045 INFO: Computing elliptic Chabauty map... (delta = ['1'], g = [4, -12, 0, 13, 10, 1])
2022-02-12 17:42:11,821 INFO: Elliptic Chabauty map computed. (delta = ['1'], g = [4, -12, 0, 13, 10, 1])
2022-02-12 17:42:11,824 INFO: Computing elliptic Chabauty map... (delta = ['4', '-13', '2', '12', '10', '1'], g = [4, -12, 0, 13, 10, 1])
2022-02-12 17:42:25,033 INFO: Elliptic Chabauty map computed. (delta = ['4', '-13', '2', '12', '10', '1'], g = [4, -12, 0, 13, 10, 1])
2022-02-12 17:42:25,036 INFO: Tasks complete. Recording data and exiting.
