2022-01-01 12:50:37,680 INFO: Initialized curve data.
2022-01-01 12:50:37,683 INFO: Setting up initial twist data...
2022-01-01 12:50:38,702 INFO: Twist setup complete.
2022-01-01 12:50:38,702 INFO: Searching for rational points on each twist...
2022-01-01 12:50:39,585 INFO: Finished searching for rational points on each twist.
2022-01-01 12:50:39,586 INFO: Testing local solvability of twists...
2022-01-01 12:50:39,591 INFO: Finished local solvability testing.
2022-01-01 12:50:39,592 INFO: Computing elliptic curve a-invariants...
2022-01-01 12:50:52,834 INFO: Finished computation of a-invariants.
2022-01-01 12:50:52,836 INFO: Computing MW group (delta = ['-1', '-1'], g = [8, 8, -4, -4, 0, 1])...
2022-01-01 12:51:14,186 INFO: Finished MW computation (delta = ['-1', '-1'], g = [8, 8, -4, -4, 0, 1])
2022-01-01 12:51:14,187 INFO: Computing MW group (delta = ['8', '7', '-4', '-4', '0', '1'], g = [8, 8, -4, -4, 0, 1])...
2022-01-01 12:51:52,618 INFO: Finished MW computation (delta = ['8', '7', '-4', '-4', '0', '1'], g = [8, 8, -4, -4, 0, 1])
2022-01-01 12:51:52,621 INFO: Computing MW group (delta = ['1'], g = [8, 8, -4, -4, 0, 1])...
2022-01-01 12:52:28,720 INFO: Finished MW computation (delta = ['1'], g = [8, 8, -4, -4, 0, 1])
2022-01-01 12:52:28,723 INFO: Computing MW group (delta = ['-8', '-7', '5', '4', '0', '-1'], g = [8, 8, -4, -4, 0, 1])...
2022-01-01 12:53:34,259 INFO: Finished MW computation (delta = ['-8', '-7', '5', '4', '0', '-1'], g = [8, 8, -4, -4, 0, 1])
2022-01-01 12:53:34,263 INFO: Reducing MW generators...
2022-01-01 12:53:38,520 INFO: Finished reducing MW generators.
2022-01-01 12:53:38,522 INFO: Running elliptic Chabauty (delta = ['-1', '-1'], g = [8, 8, -4, -4, 0, 1])...
2022-01-01 12:53:53,491 INFO: Chabauty completed successfully (delta = ['-1', '-1'], g = [8, 8, -4, -4, 0, 1]).
2022-01-01 12:53:53,493 INFO: Running elliptic Chabauty (delta = ['8', '7', '-4', '-4', '0', '1'], g = [8, 8, -4, -4, 0, 1])...
2022-01-01 12:54:10,534 INFO: Chabauty completed successfully (delta = ['8', '7', '-4', '-4', '0', '1'], g = [8, 8, -4, -4, 0, 1]).
2022-01-01 12:54:10,536 INFO: Running elliptic Chabauty (delta = ['1'], g = [8, 8, -4, -4, 0, 1])...
2022-01-01 12:54:23,519 INFO: Chabauty completed successfully (delta = ['1'], g = [8, 8, -4, -4, 0, 1]).
2022-01-01 12:54:23,521 INFO: Running elliptic Chabauty (delta = ['-8', '-7', '5', '4', '0', '-1'], g = [8, 8, -4, -4, 0, 1])...
2022-01-01 12:55:10,516 INFO: Chabauty completed successfully (delta = ['-8', '-7', '5', '4', '0', '-1'], g = [8, 8, -4, -4, 0, 1]).
2022-01-01 12:55:10,707 INFO: Rational points successfully computed.
2022-01-01 12:55:10,709 INFO: Tasks complete. Recording data and exiting.
2022-01-03 13:14:58,000 INFO: Obsolete "loc_solv_error" keys removed.
2022-01-03 13:14:58,000 INFO: Deleted results of Chabauty computation.
2022-01-10 22:38:59,256 INFO: Loaded curve data from file.
2022-01-10 22:38:59,257 INFO: Running elliptic Chabauty (delta = ['-1', '-1'], g = [8, 8, -4, -4, 0, 1])...
2022-01-10 22:39:14,146 INFO: Chabauty completed successfully (delta = ['-1', '-1'], g = [8, 8, -4, -4, 0, 1]).
2022-01-10 22:39:14,148 INFO: Running elliptic Chabauty (delta = ['8', '7', '-4', '-4', '0', '1'], g = [8, 8, -4, -4, 0, 1])...
2022-01-10 22:39:31,403 INFO: Chabauty completed successfully (delta = ['8', '7', '-4', '-4', '0', '1'], g = [8, 8, -4, -4, 0, 1]).
2022-01-10 22:39:31,404 INFO: Running elliptic Chabauty (delta = ['1'], g = [8, 8, -4, -4, 0, 1])...
2022-01-10 22:39:43,712 INFO: Chabauty completed successfully (delta = ['1'], g = [8, 8, -4, -4, 0, 1]).
2022-01-10 22:39:43,713 INFO: Running elliptic Chabauty (delta = ['-8', '-7', '5', '4', '0', '-1'], g = [8, 8, -4, -4, 0, 1])...
2022-01-10 22:40:30,684 INFO: Chabauty completed successfully (delta = ['-8', '-7', '5', '4', '0', '-1'], g = [8, 8, -4, -4, 0, 1]).
2022-01-10 22:40:30,894 INFO: Rational points successfully computed.
2022-01-10 22:40:30,896 INFO: Tasks complete. Recording data and exiting.
2022-02-12 18:03:11,889 INFO: Loaded curve data from file.
2022-02-12 18:03:11,889 INFO: Computing elliptic Chabauty map... (delta = ['-1', '-1'], g = [8, 8, -4, -4, 0, 1])
2022-02-12 18:03:21,558 INFO: Elliptic Chabauty map computed. (delta = ['-1', '-1'], g = [8, 8, -4, -4, 0, 1])
2022-02-12 18:03:21,561 INFO: Computing elliptic Chabauty map... (delta = ['8', '7', '-4', '-4', '0', '1'], g = [8, 8, -4, -4, 0, 1])
2022-02-12 18:03:31,081 INFO: Elliptic Chabauty map computed. (delta = ['8', '7', '-4', '-4', '0', '1'], g = [8, 8, -4, -4, 0, 1])
2022-02-12 18:03:31,084 INFO: Computing elliptic Chabauty map... (delta = ['1'], g = [8, 8, -4, -4, 0, 1])
2022-02-12 18:03:40,373 INFO: Elliptic Chabauty map computed. (delta = ['1'], g = [8, 8, -4, -4, 0, 1])
2022-02-12 18:03:40,376 INFO: Computing elliptic Chabauty map... (delta = ['-8', '-7', '5', '4', '0', '-1'], g = [8, 8, -4, -4, 0, 1])
2022-02-12 18:03:49,736 INFO: Elliptic Chabauty map computed. (delta = ['-8', '-7', '5', '4', '0', '-1'], g = [8, 8, -4, -4, 0, 1])
2022-02-12 18:03:49,740 INFO: Tasks complete. Recording data and exiting.
