2022-01-13 21:54:36,864 INFO: Initialized curve data.
2022-01-13 21:54:36,866 INFO: Setting up initial twist data...
2022-01-13 21:54:37,864 INFO: Twist setup complete.
2022-01-13 21:54:37,864 INFO: Searching for rational points on each twist...
2022-01-13 21:54:41,001 INFO: Finished searching for rational points on each twist.
2022-01-13 21:54:41,001 INFO: Testing local solvability of twists...
2022-01-13 21:54:41,007 INFO: Finished local solvability testing.
2022-01-13 21:54:41,009 INFO: Computing elliptic curve a-invariants...
2022-01-13 21:55:01,808 INFO: Finished computation of a-invariants.
2022-01-13 21:55:01,810 INFO: Computing MW group (delta = ['8', '-13', '21', '-24', '8', '1'], g = [8, -12, 20, -24, 8, 1])...
2022-01-13 21:55:38,763 INFO: Finished MW computation (delta = ['8', '-13', '21', '-24', '8', '1'], g = [8, -12, 20, -24, 8, 1])
2022-01-13 21:55:38,768 INFO: Computing MW group (delta = ['8', '-13', '22', '-25', '8', '1'], g = [8, -12, 20, -24, 8, 1])...
2022-01-13 21:55:54,689 INFO: Finished MW computation (delta = ['8', '-13', '22', '-25', '8', '1'], g = [8, -12, 20, -24, 8, 1])
2022-01-13 21:55:54,692 INFO: Computing MW group (delta = ['1', '-1'], g = [8, -12, 20, -24, 8, 1])...
2022-01-13 21:56:23,698 INFO: Finished MW computation (delta = ['1', '-1'], g = [8, -12, 20, -24, 8, 1])
2022-01-13 21:56:23,702 INFO: Computing MW group (delta = ['1'], g = [8, -12, 20, -24, 8, 1])...
2022-01-13 21:57:03,113 INFO: Finished MW computation (delta = ['1'], g = [8, -12, 20, -24, 8, 1])
2022-01-13 21:57:03,121 INFO: Reducing MW generators...
2022-01-13 21:57:05,731 INFO: Finished reducing MW generators.
2022-01-13 21:57:05,734 INFO: Tasks complete. Recording data and exiting.
2022-01-14 11:35:12,992 INFO: Loaded curve data from file.
2022-01-14 11:35:12,993 INFO: Running elliptic Chabauty (delta = ['8', '-13', '21', '-24', '8', '1'], g = [8, -12, 20, -24, 8, 1])...
2022-01-14 11:35:28,118 INFO: Chabauty completed successfully (delta = ['8', '-13', '21', '-24', '8', '1'], g = [8, -12, 20, -24, 8, 1]).
2022-01-14 11:35:28,120 INFO: Running elliptic Chabauty (delta = ['8', '-13', '22', '-25', '8', '1'], g = [8, -12, 20, -24, 8, 1])...
2022-01-14 11:35:42,908 INFO: Chabauty completed successfully (delta = ['8', '-13', '22', '-25', '8', '1'], g = [8, -12, 20, -24, 8, 1]).
2022-01-14 11:35:42,912 INFO: Running elliptic Chabauty (delta = ['1', '-1'], g = [8, -12, 20, -24, 8, 1])...
2022-01-14 11:35:56,972 INFO: Chabauty completed successfully (delta = ['1', '-1'], g = [8, -12, 20, -24, 8, 1]).
2022-01-14 11:35:56,974 INFO: Running elliptic Chabauty (delta = ['1'], g = [8, -12, 20, -24, 8, 1])...
2022-01-14 11:36:10,895 INFO: Chabauty completed successfully (delta = ['1'], g = [8, -12, 20, -24, 8, 1]).
2022-01-14 11:36:11,070 INFO: Rational points successfully computed.
2022-01-14 11:36:11,072 INFO: Tasks complete. Recording data and exiting.
