2022-01-11 15:13:05,241 INFO: Initialized curve data.
2022-01-11 15:13:05,245 INFO: Setting up initial twist data...
2022-01-11 15:13:06,459 INFO: Twist setup complete.
2022-01-11 15:13:06,459 INFO: Searching for rational points on each twist...
2022-01-11 15:13:08,554 INFO: Finished searching for rational points on each twist.
2022-01-11 15:13:08,555 INFO: Testing local solvability of twists...
2022-01-11 15:13:25,433 INFO: Finished local solvability testing.
2022-01-11 15:13:25,434 INFO: Computing elliptic curve a-invariants...
2022-01-11 15:13:31,629 INFO: Finished computation of a-invariants.
2022-01-11 15:13:31,631 INFO: Computing MW group (delta = ['-4', '4', '0', '-4', '0', '4'], g = [-3, 5, 0, -4, 0, 4])...
2022-01-14 09:07:38,895 INFO: Loaded curve data from file.
2022-01-14 09:07:38,895 INFO: Reducing MW generators...
2022-01-14 09:07:38,896 INFO: Finished reducing MW generators.
2022-01-14 09:07:38,898 INFO: Skipped Chabauty because MW generators haven't been computed. (delta = ['-4', '4', '0', '-4', '0', '4'], g = [-3, 5, 0, -4, 0, 4])
2022-01-14 09:07:38,898 INFO: Skipped Chabauty because MW generators haven't been computed. (delta = ['-7', '10', '1', '-8', '0', '8'], g = [-3, 5, 0, -4, 0, 4])
2022-01-14 09:07:38,898 INFO: Skipped Chabauty because no base point (delta = ['49', '-79', '-1', '63', '0', '-64'])
2022-01-14 09:07:38,898 INFO: Skipped Chabauty because MW generators haven't been computed. (delta = ['1'], g = [-3, 5, 0, -4, 0, 4])
2022-01-14 09:07:38,955 INFO: Tasks complete. Recording data and exiting.
2022-02-12 17:26:51,959 INFO: Loaded curve data from file.
2022-02-12 17:26:51,959 INFO: Computing elliptic Chabauty map... (delta = ['-4', '4', '0', '-4', '0', '4'], g = [-3, 5, 0, -4, 0, 4])
2022-02-12 17:27:05,318 INFO: Elliptic Chabauty map computed. (delta = ['-4', '4', '0', '-4', '0', '4'], g = [-3, 5, 0, -4, 0, 4])
2022-02-12 17:27:05,320 INFO: Computing elliptic Chabauty map... (delta = ['-7', '10', '1', '-8', '0', '8'], g = [-3, 5, 0, -4, 0, 4])
2022-02-12 17:27:18,500 INFO: Elliptic Chabauty map computed. (delta = ['-7', '10', '1', '-8', '0', '8'], g = [-3, 5, 0, -4, 0, 4])
2022-02-12 17:27:18,502 INFO: Computing elliptic Chabauty map... (delta = ['1'], g = [-3, 5, 0, -4, 0, 4])
2022-02-12 17:27:31,603 INFO: Elliptic Chabauty map computed. (delta = ['1'], g = [-3, 5, 0, -4, 0, 4])
2022-02-12 17:27:31,606 INFO: Tasks complete. Recording data and exiting.
