2022-01-12 12:27:19,680 INFO: Initialized curve data.
2022-01-12 12:27:19,685 INFO: Setting up initial twist data...
2022-01-12 12:27:20,760 INFO: Twist setup complete.
2022-01-12 12:27:20,761 INFO: Searching for rational points on each twist...
2022-01-12 12:27:22,356 INFO: Finished searching for rational points on each twist.
2022-01-12 12:27:22,357 INFO: Testing local solvability of twists...
2022-01-12 12:27:55,563 INFO: Finished local solvability testing.
2022-01-12 12:27:55,565 INFO: Computing elliptic curve a-invariants...
2022-01-12 12:28:03,314 INFO: Finished computation of a-invariants.
2022-01-12 12:28:03,316 INFO: Computing MW group (delta = ['-4', '0', '-10', '7', '6', '1'], g = [-4, 1, -10, 7, 6, 1])...
2022-01-12 12:30:08,248 INFO: Finished MW computation (delta = ['-4', '0', '-10', '7', '6', '1'], g = [-4, 1, -10, 7, 6, 1])
2022-01-12 12:30:08,250 INFO: Skipped MW computation because no base point (delta = ['1', '-1'])
2022-01-12 12:30:08,250 INFO: Computing MW group (delta = ['1'], g = [-4, 1, -10, 7, 6, 1])...
2022-01-12 12:30:47,577 INFO: Finished MW computation (delta = ['1'], g = [-4, 1, -10, 7, 6, 1])
2022-01-12 12:30:47,579 INFO: Computing MW group (delta = ['-4', '0', '-9', '7', '6', '1'], g = [-4, 1, -10, 7, 6, 1])...
2022-01-12 12:32:52,243 INFO: Finished MW computation (delta = ['-4', '0', '-9', '7', '6', '1'], g = [-4, 1, -10, 7, 6, 1])
2022-01-12 12:32:52,246 INFO: Reducing MW generators...
2022-01-12 12:32:55,621 INFO: Finished reducing MW generators.
2022-01-12 12:32:55,623 INFO: Tasks complete. Recording data and exiting.
2022-01-14 11:32:37,683 INFO: Loaded curve data from file.
2022-01-14 11:32:37,684 INFO: Skipped Chabauty because MW group hasn't been provably computed. (delta = ['-4', '0', '-10', '7', '6', '1'], g = [-4, 1, -10, 7, 6, 1])
2022-01-14 11:32:37,684 INFO: Skipped Chabauty because no base point (delta = ['1', '-1'])
2022-01-14 11:32:37,684 INFO: Running elliptic Chabauty (delta = ['1'], g = [-4, 1, -10, 7, 6, 1])...
2022-01-14 11:32:53,538 INFO: Chabauty completed successfully (delta = ['1'], g = [-4, 1, -10, 7, 6, 1]).
2022-01-14 11:32:53,542 INFO: Skipped Chabauty because MW group hasn't been provably computed. (delta = ['-4', '0', '-9', '7', '6', '1'], g = [-4, 1, -10, 7, 6, 1])
2022-01-14 11:32:53,617 INFO: Tasks complete. Recording data and exiting.
2022-02-12 17:10:37,490 INFO: Loaded curve data from file.
2022-02-12 17:10:37,491 INFO: Computing elliptic Chabauty map... (delta = ['-4', '0', '-10', '7', '6', '1'], g = [-4, 1, -10, 7, 6, 1])
2022-02-12 17:10:52,531 INFO: Elliptic Chabauty map computed. (delta = ['-4', '0', '-10', '7', '6', '1'], g = [-4, 1, -10, 7, 6, 1])
2022-02-12 17:10:52,534 INFO: Computing elliptic Chabauty map... (delta = ['1'], g = [-4, 1, -10, 7, 6, 1])
2022-02-12 17:11:07,414 INFO: Elliptic Chabauty map computed. (delta = ['1'], g = [-4, 1, -10, 7, 6, 1])
2022-02-12 17:11:07,416 INFO: Computing elliptic Chabauty map... (delta = ['-4', '0', '-9', '7', '6', '1'], g = [-4, 1, -10, 7, 6, 1])
2022-02-12 17:11:22,258 INFO: Elliptic Chabauty map computed. (delta = ['-4', '0', '-9', '7', '6', '1'], g = [-4, 1, -10, 7, 6, 1])
2022-02-12 17:11:22,260 INFO: Tasks complete. Recording data and exiting.
