2022-01-01 12:50:43,073 INFO: Initialized curve data.
2022-01-01 12:50:43,076 INFO: Setting up initial twist data...
2022-01-01 12:50:44,276 INFO: Twist setup complete.
2022-01-01 12:50:44,276 INFO: Searching for rational points on each twist...
2022-01-01 12:50:45,274 INFO: Finished searching for rational points on each twist.
2022-01-01 12:50:45,274 INFO: Testing local solvability of twists...
2022-01-01 12:50:45,279 INFO: Finished local solvability testing.
2022-01-01 12:50:45,280 INFO: Computing elliptic curve a-invariants...
2022-01-01 12:51:01,707 INFO: Finished computation of a-invariants.
2022-01-01 12:51:01,708 INFO: Computing MW group (delta = ['0', '-4', '0', '-4', '-4', '4'], g = [-1, -3, 0, -4, -4, 4])...
2022-01-01 12:51:27,022 INFO: Finished MW computation (delta = ['0', '-4', '0', '-4', '-4', '4'], g = [-1, -3, 0, -4, -4, 4])
2022-01-01 12:51:27,024 INFO: Computing MW group (delta = ['1'], g = [-1, -3, 0, -4, -4, 4])...
2022-01-01 12:52:05,680 INFO: Finished MW computation (delta = ['1'], g = [-1, -3, 0, -4, -4, 4])
2022-01-01 12:52:05,684 INFO: Computing MW group (delta = ['1', '2', '1', '4', '4', '-4'], g = [-1, -3, 0, -4, -4, 4])...
2022-01-01 12:52:53,906 INFO: Finished MW computation (delta = ['1', '2', '1', '4', '4', '-4'], g = [-1, -3, 0, -4, -4, 4])
2022-01-01 12:52:53,909 INFO: Computing MW group (delta = ['-8', '-25', '2', '-33', '-32', '32'], g = [-1, -3, 0, -4, -4, 4])...
2022-01-01 12:53:29,663 INFO: Finished MW computation (delta = ['-8', '-25', '2', '-33', '-32', '32'], g = [-1, -3, 0, -4, -4, 4])
2022-01-01 12:53:29,667 INFO: Reducing MW generators...
2022-01-01 12:53:33,277 INFO: Finished reducing MW generators.
2022-01-01 12:53:33,279 INFO: Running elliptic Chabauty (delta = ['0', '-4', '0', '-4', '-4', '4'], g = [-1, -3, 0, -4, -4, 4])...
2022-01-01 12:53:48,279 INFO: Chabauty completed successfully (delta = ['0', '-4', '0', '-4', '-4', '4'], g = [-1, -3, 0, -4, -4, 4]).
2022-01-01 12:53:48,281 INFO: Running elliptic Chabauty (delta = ['1'], g = [-1, -3, 0, -4, -4, 4])...
2022-01-01 12:54:01,694 INFO: Chabauty completed successfully (delta = ['1'], g = [-1, -3, 0, -4, -4, 4]).
2022-01-01 12:54:01,697 INFO: Running elliptic Chabauty (delta = ['1', '2', '1', '4', '4', '-4'], g = [-1, -3, 0, -4, -4, 4])...
2022-01-01 12:54:24,030 INFO: Chabauty completed successfully (delta = ['1', '2', '1', '4', '4', '-4'], g = [-1, -3, 0, -4, -4, 4]).
2022-01-01 12:54:24,032 INFO: Running elliptic Chabauty (delta = ['-8', '-25', '2', '-33', '-32', '32'], g = [-1, -3, 0, -4, -4, 4])...
2022-01-01 12:54:39,280 INFO: Chabauty completed successfully (delta = ['-8', '-25', '2', '-33', '-32', '32'], g = [-1, -3, 0, -4, -4, 4]).
2022-01-01 12:54:39,505 INFO: Rational points successfully computed.
2022-01-01 12:54:39,507 INFO: Tasks complete. Recording data and exiting.
2022-01-03 13:14:58,000 INFO: Obsolete "loc_solv_error" keys removed.
2022-01-03 13:14:58,000 INFO: Deleted results of Chabauty computation.
2022-01-10 22:39:03,349 INFO: Loaded curve data from file.
2022-01-10 22:39:03,350 INFO: Running elliptic Chabauty (delta = ['0', '-4', '0', '-4', '-4', '4'], g = [-1, -3, 0, -4, -4, 4])...
2022-01-10 22:39:18,230 INFO: Chabauty completed successfully (delta = ['0', '-4', '0', '-4', '-4', '4'], g = [-1, -3, 0, -4, -4, 4]).
2022-01-10 22:39:18,233 INFO: Running elliptic Chabauty (delta = ['1'], g = [-1, -3, 0, -4, -4, 4])...
2022-01-10 22:39:31,452 INFO: Chabauty completed successfully (delta = ['1'], g = [-1, -3, 0, -4, -4, 4]).
2022-01-10 22:39:31,454 INFO: Running elliptic Chabauty (delta = ['1', '2', '1', '4', '4', '-4'], g = [-1, -3, 0, -4, -4, 4])...
2022-01-10 22:39:52,816 INFO: Chabauty completed successfully (delta = ['1', '2', '1', '4', '4', '-4'], g = [-1, -3, 0, -4, -4, 4]).
2022-01-10 22:39:52,818 INFO: Running elliptic Chabauty (delta = ['-8', '-25', '2', '-33', '-32', '32'], g = [-1, -3, 0, -4, -4, 4])...
2022-01-10 22:40:08,019 INFO: Chabauty completed successfully (delta = ['-8', '-25', '2', '-33', '-32', '32'], g = [-1, -3, 0, -4, -4, 4]).
2022-01-10 22:40:08,256 INFO: Rational points successfully computed.
2022-01-10 22:40:08,258 INFO: Tasks complete. Recording data and exiting.
2022-02-12 16:47:40,720 INFO: Loaded curve data from file.
2022-02-12 16:47:40,720 INFO: Computing elliptic Chabauty map... (delta = ['0', '-4', '0', '-4', '-4', '4'], g = [-1, -3, 0, -4, -4, 4])
2022-02-12 16:47:54,284 INFO: Elliptic Chabauty map computed. (delta = ['0', '-4', '0', '-4', '-4', '4'], g = [-1, -3, 0, -4, -4, 4])
2022-02-12 16:47:54,287 INFO: Computing elliptic Chabauty map... (delta = ['1'], g = [-1, -3, 0, -4, -4, 4])
2022-02-12 16:48:07,634 INFO: Elliptic Chabauty map computed. (delta = ['1'], g = [-1, -3, 0, -4, -4, 4])
2022-02-12 16:48:07,637 INFO: Computing elliptic Chabauty map... (delta = ['1', '2', '1', '4', '4', '-4'], g = [-1, -3, 0, -4, -4, 4])
2022-02-12 16:48:20,932 INFO: Elliptic Chabauty map computed. (delta = ['1', '2', '1', '4', '4', '-4'], g = [-1, -3, 0, -4, -4, 4])
2022-02-12 16:48:20,935 INFO: Computing elliptic Chabauty map... (delta = ['-8', '-25', '2', '-33', '-32', '32'], g = [-1, -3, 0, -4, -4, 4])
2022-02-12 16:48:34,227 INFO: Elliptic Chabauty map computed. (delta = ['-8', '-25', '2', '-33', '-32', '32'], g = [-1, -3, 0, -4, -4, 4])
2022-02-12 16:48:34,230 INFO: Tasks complete. Recording data and exiting.
