2022-01-11 12:29:26,013 INFO: Initialized curve data.
2022-01-11 12:29:26,016 INFO: Setting up initial twist data...
2022-01-11 12:29:27,833 INFO: Twist setup complete.
2022-01-11 12:29:27,833 INFO: Searching for rational points on each twist...
2022-01-11 12:29:32,101 INFO: Finished searching for rational points on each twist.
2022-01-11 12:29:32,102 INFO: Testing local solvability of twists...
2022-01-11 12:29:51,796 INFO: Finished local solvability testing.
2022-01-11 12:29:51,798 INFO: Computing elliptic curve a-invariants...
2022-01-11 12:30:22,595 INFO: Finished computation of a-invariants.
2022-01-11 12:30:22,597 INFO: Skipped MW computation because no base point (delta = ['-4', '-4', '10', '4', '-6', '-1'])
2022-01-11 12:30:22,598 INFO: Computing MW group (delta = ['-4', '-4', '9', '4', '-5', '-1'], g = [4, 5, -10, -5, 6, 1])...
2022-01-11 12:31:22,761 INFO: Finished MW computation (delta = ['-4', '-4', '9', '4', '-5', '-1'], g = [4, 5, -10, -5, 6, 1])
2022-01-11 12:31:22,765 INFO: Computing MW group (delta = ['-1', '0', '1'], g = [4, 5, -10, -5, 6, 1])...
2022-01-11 12:32:24,602 INFO: Finished MW computation (delta = ['-1', '0', '1'], g = [4, 5, -10, -5, 6, 1])
2022-01-11 12:32:24,605 INFO: Computing MW group (delta = ['4', '4', '-9', '-5', '6', '1'], g = [4, 5, -10, -5, 6, 1])...
2022-01-11 12:33:06,612 INFO: Finished MW computation (delta = ['4', '4', '-9', '-5', '6', '1'], g = [4, 5, -10, -5, 6, 1])
2022-01-11 12:33:06,615 INFO: Computing MW group (delta = ['1'], g = [4, 5, -10, -5, 6, 1])...
2022-01-11 12:34:09,525 INFO: Finished MW computation (delta = ['1'], g = [4, 5, -10, -5, 6, 1])
2022-01-11 12:34:09,528 INFO: Computing MW group (delta = ['-16', '-20', '39', '21', '-23', '-5'], g = [4, 5, -10, -5, 6, 1])...
2022-01-11 12:35:14,421 INFO: Finished MW computation (delta = ['-16', '-20', '39', '21', '-23', '-5'], g = [4, 5, -10, -5, 6, 1])
2022-01-11 12:35:14,423 INFO: Skipped MW computation because no base point (delta = ['16', '20', '-39', '-21', '24', '4'])
2022-01-11 12:35:14,423 INFO: Computing MW group (delta = ['4', '4', '-10', '-5', '6', '1'], g = [4, 5, -10, -5, 6, 1])...
2022-01-11 12:35:55,224 INFO: Finished MW computation (delta = ['4', '4', '-10', '-5', '6', '1'], g = [4, 5, -10, -5, 6, 1])
2022-01-11 12:35:55,230 INFO: Reducing MW generators...
2022-01-11 12:35:58,435 INFO: Finished reducing MW generators.
2022-01-11 12:35:58,438 INFO: Tasks complete. Recording data and exiting.
2022-01-13 17:36:48,262 INFO: Loaded curve data from file.
2022-01-13 17:36:48,262 INFO: Skipped Chabauty because no base point (delta = ['-4', '-4', '10', '4', '-6', '-1'])
2022-01-13 17:36:48,263 INFO: Skipped Chabauty because MW group hasn't been provably computed. (delta = ['-4', '-4', '9', '4', '-5', '-1'], g = [4, 5, -10, -5, 6, 1])
2022-01-13 17:36:48,263 INFO: Skipped Chabauty because MW group hasn't been provably computed. (delta = ['-1', '0', '1'], g = [4, 5, -10, -5, 6, 1])
2022-01-13 17:36:48,263 INFO: Running elliptic Chabauty (delta = ['4', '4', '-9', '-5', '6', '1'], g = [4, 5, -10, -5, 6, 1])...
2022-01-13 17:37:05,013 INFO: Chabauty completed successfully (delta = ['4', '4', '-9', '-5', '6', '1'], g = [4, 5, -10, -5, 6, 1]).
2022-01-13 17:37:05,018 INFO: Skipped Chabauty because MW group hasn't been provably computed. (delta = ['1'], g = [4, 5, -10, -5, 6, 1])
2022-01-13 17:37:05,018 INFO: Skipped Chabauty because MW group hasn't been provably computed. (delta = ['-16', '-20', '39', '21', '-23', '-5'], g = [4, 5, -10, -5, 6, 1])
2022-01-13 17:37:05,018 INFO: Skipped Chabauty because no base point (delta = ['16', '20', '-39', '-21', '24', '4'])
2022-01-13 17:37:05,018 INFO: Running elliptic Chabauty (delta = ['4', '4', '-10', '-5', '6', '1'], g = [4, 5, -10, -5, 6, 1])...
2022-01-13 17:37:19,883 INFO: Chabauty completed successfully (delta = ['4', '4', '-10', '-5', '6', '1'], g = [4, 5, -10, -5, 6, 1]).
2022-01-13 17:37:20,037 INFO: Tasks complete. Recording data and exiting.
