2022-01-12 09:25:55,013 INFO: Initialized curve data.
2022-01-12 09:25:55,015 INFO: Setting up initial twist data...
2022-01-12 09:25:56,071 INFO: Twist setup complete.
2022-01-12 09:25:56,071 INFO: Searching for rational points on each twist...
2022-01-12 09:25:58,928 INFO: Finished searching for rational points on each twist.
2022-01-12 09:25:58,929 INFO: Testing local solvability of twists...
2022-01-12 09:26:15,739 INFO: Finished local solvability testing.
2022-01-12 09:26:15,741 INFO: Computing elliptic curve a-invariants...
2022-01-12 09:26:25,973 INFO: Finished computation of a-invariants.
2022-01-12 09:26:25,975 INFO: Skipped MW computation because no base point (delta = ['2', '-2', '1'])
2022-01-12 09:26:25,976 INFO: Computing MW group (delta = ['-15', '23', '-4', '-4', '3', '1'], g = [-16, 24, -4, -4, 3, 1])...
2022-01-12 09:27:47,787 INFO: Finished MW computation (delta = ['-15', '23', '-4', '-4', '3', '1'], g = [-16, 24, -4, -4, 3, 1])
2022-01-12 09:27:47,791 INFO: Computing MW group (delta = ['16', '-25', '5', '4', '-3', '-1'], g = [-16, 24, -4, -4, 3, 1])...
2022-01-12 09:28:18,479 INFO: Finished MW computation (delta = ['16', '-25', '5', '4', '-3', '-1'], g = [-16, 24, -4, -4, 3, 1])
2022-01-12 09:28:18,484 INFO: Skipped MW computation because no base point (delta = ['-14', '20', '-1', '-5', '3', '1'])
2022-01-12 09:28:18,484 INFO: Computing MW group (delta = ['1'], g = [-16, 24, -4, -4, 3, 1])...
2022-01-12 09:28:45,906 INFO: Finished MW computation (delta = ['1'], g = [-16, 24, -4, -4, 3, 1])
2022-01-12 09:28:45,909 INFO: Skipped MW computation because no base point (delta = ['0', '-1'])
2022-01-12 09:28:45,909 INFO: Computing MW group (delta = ['16', '-26', '8', '1', '-2', '-1'], g = [-16, 24, -4, -4, 3, 1])...
2022-01-12 09:29:07,993 INFO: Finished MW computation (delta = ['16', '-26', '8', '1', '-2', '-1'], g = [-16, 24, -4, -4, 3, 1])
2022-01-12 09:29:07,997 INFO: Computing MW group (delta = ['0', '-2', '2', '-1'], g = [-16, 24, -4, -4, 3, 1])...
2022-01-12 09:29:53,008 INFO: Finished MW computation (delta = ['0', '-2', '2', '-1'], g = [-16, 24, -4, -4, 3, 1])
2022-01-12 09:29:53,014 INFO: Reducing MW generators...
2022-01-12 09:29:57,183 INFO: Finished reducing MW generators.
2022-01-12 09:29:57,186 INFO: Tasks complete. Recording data and exiting.
2022-01-14 09:10:42,943 INFO: Loaded curve data from file.
2022-01-14 09:10:42,944 INFO: Skipped Chabauty because no base point (delta = ['2', '-2', '1'])
2022-01-14 09:10:42,944 INFO: Running elliptic Chabauty (delta = ['-15', '23', '-4', '-4', '3', '1'], g = [-16, 24, -4, -4, 3, 1])...
2022-01-14 09:10:53,078 INFO: Chabauty completed successfully (delta = ['-15', '23', '-4', '-4', '3', '1'], g = [-16, 24, -4, -4, 3, 1]).
2022-01-14 09:10:53,083 INFO: Running elliptic Chabauty (delta = ['16', '-25', '5', '4', '-3', '-1'], g = [-16, 24, -4, -4, 3, 1])...
2022-01-14 09:11:06,850 INFO: Chabauty completed successfully (delta = ['16', '-25', '5', '4', '-3', '-1'], g = [-16, 24, -4, -4, 3, 1]).
2022-01-14 09:11:06,853 INFO: Skipped Chabauty because no base point (delta = ['-14', '20', '-1', '-5', '3', '1'])
2022-01-14 09:11:06,853 INFO: Running elliptic Chabauty (delta = ['1'], g = [-16, 24, -4, -4, 3, 1])...
2022-01-14 09:11:18,167 INFO: Chabauty completed successfully (delta = ['1'], g = [-16, 24, -4, -4, 3, 1]).
2022-01-14 09:11:18,171 INFO: Skipped Chabauty because no base point (delta = ['0', '-1'])
2022-01-14 09:11:18,171 INFO: Running elliptic Chabauty (delta = ['16', '-26', '8', '1', '-2', '-1'], g = [-16, 24, -4, -4, 3, 1])...
2022-01-14 09:11:29,093 INFO: Chabauty completed successfully (delta = ['16', '-26', '8', '1', '-2', '-1'], g = [-16, 24, -4, -4, 3, 1]).
2022-01-14 09:11:29,096 INFO: Running elliptic Chabauty (delta = ['0', '-2', '2', '-1'], g = [-16, 24, -4, -4, 3, 1])...
2022-01-14 09:11:40,847 INFO: Chabauty completed successfully (delta = ['0', '-2', '2', '-1'], g = [-16, 24, -4, -4, 3, 1]).
2022-01-14 09:11:41,202 INFO: Rational points successfully computed.
2022-01-14 09:11:41,207 INFO: Tasks complete. Recording data and exiting.
2022-02-12 17:22:50,811 INFO: Loaded curve data from file.
2022-02-12 17:22:50,811 INFO: Computing elliptic Chabauty map... (delta = ['-15', '23', '-4', '-4', '3', '1'], g = [-16, 24, -4, -4, 3, 1])
2022-02-12 17:23:03,564 INFO: Elliptic Chabauty map computed. (delta = ['-15', '23', '-4', '-4', '3', '1'], g = [-16, 24, -4, -4, 3, 1])
2022-02-12 17:23:03,567 INFO: Computing elliptic Chabauty map... (delta = ['16', '-25', '5', '4', '-3', '-1'], g = [-16, 24, -4, -4, 3, 1])
2022-02-12 17:23:16,099 INFO: Elliptic Chabauty map computed. (delta = ['16', '-25', '5', '4', '-3', '-1'], g = [-16, 24, -4, -4, 3, 1])
2022-02-12 17:23:16,102 INFO: Computing elliptic Chabauty map... (delta = ['1'], g = [-16, 24, -4, -4, 3, 1])
2022-02-12 17:23:28,357 INFO: Elliptic Chabauty map computed. (delta = ['1'], g = [-16, 24, -4, -4, 3, 1])
2022-02-12 17:23:28,361 INFO: Computing elliptic Chabauty map... (delta = ['16', '-26', '8', '1', '-2', '-1'], g = [-16, 24, -4, -4, 3, 1])
2022-02-12 17:23:40,852 INFO: Elliptic Chabauty map computed. (delta = ['16', '-26', '8', '1', '-2', '-1'], g = [-16, 24, -4, -4, 3, 1])
2022-02-12 17:23:40,857 INFO: Computing elliptic Chabauty map... (delta = ['0', '-2', '2', '-1'], g = [-16, 24, -4, -4, 3, 1])
2022-02-12 17:23:53,217 INFO: Elliptic Chabauty map computed. (delta = ['0', '-2', '2', '-1'], g = [-16, 24, -4, -4, 3, 1])
2022-02-12 17:23:53,221 INFO: Tasks complete. Recording data and exiting.
