2022-01-11 15:22:24,482 INFO: Initialized curve data.
2022-01-11 15:22:24,486 INFO: Setting up initial twist data...
2022-01-11 15:22:25,880 INFO: Twist setup complete.
2022-01-11 15:22:25,880 INFO: Searching for rational points on each twist...
2022-01-11 15:22:27,899 INFO: Finished searching for rational points on each twist.
2022-01-11 15:22:27,899 INFO: Testing local solvability of twists...
2022-01-11 15:22:31,251 INFO: Finished local solvability testing.
2022-01-11 15:22:31,253 INFO: Computing elliptic curve a-invariants...
2022-01-11 15:22:45,971 INFO: Finished computation of a-invariants.
2022-01-11 15:22:45,973 INFO: Skipped MW computation because no base point (delta = ['-1', '-1'])
2022-01-11 15:22:45,973 INFO: Computing MW group (delta = ['1'], g = [4, 5, -10, 3, 6, 1])...
2022-01-11 15:25:23,030 INFO: Finished MW computation (delta = ['1'], g = [4, 5, -10, 3, 6, 1])
2022-01-11 15:25:23,033 INFO: Computing MW group (delta = ['4', '4', '-10', '3', '6', '1'], g = [4, 5, -10, 3, 6, 1])...
2022-01-11 15:26:43,346 INFO: Finished MW computation (delta = ['4', '4', '-10', '3', '6', '1'], g = [4, 5, -10, 3, 6, 1])
2022-01-11 15:26:43,349 INFO: Computing MW group (delta = ['-4', '-4', '11', '-3', '-6', '-1'], g = [4, 5, -10, 3, 6, 1])...
2022-01-11 15:27:49,466 INFO: Finished MW computation (delta = ['-4', '-4', '11', '-3', '-6', '-1'], g = [4, 5, -10, 3, 6, 1])
2022-01-11 15:27:49,470 INFO: Reducing MW generators...
2022-01-11 15:27:52,936 INFO: Finished reducing MW generators.
2022-01-11 15:27:52,938 INFO: Tasks complete. Recording data and exiting.
2022-01-14 09:07:50,855 INFO: Loaded curve data from file.
2022-01-14 09:07:50,856 INFO: Skipped Chabauty because no base point (delta = ['-1', '-1'])
2022-01-14 09:07:50,856 INFO: Running elliptic Chabauty (delta = ['1'], g = [4, 5, -10, 3, 6, 1])...
2022-01-14 09:08:45,772 INFO: Chabauty completed successfully (delta = ['1'], g = [4, 5, -10, 3, 6, 1]).
2022-01-14 09:08:45,775 INFO: Running elliptic Chabauty (delta = ['4', '4', '-10', '3', '6', '1'], g = [4, 5, -10, 3, 6, 1])...
2022-01-14 09:09:02,742 INFO: Chabauty completed successfully (delta = ['4', '4', '-10', '3', '6', '1'], g = [4, 5, -10, 3, 6, 1]).
2022-01-14 09:09:02,786 INFO: Skipped Chabauty because MW group hasn't been provably computed. (delta = ['-4', '-4', '11', '-3', '-6', '-1'], g = [4, 5, -10, 3, 6, 1])
2022-01-14 09:09:02,905 INFO: Tasks complete. Recording data and exiting.
