2022-01-01 12:50:43,984 INFO: Initialized curve data.
2022-01-01 12:50:43,988 INFO: Setting up initial twist data...
2022-01-01 12:50:45,445 INFO: Twist setup complete.
2022-01-01 12:50:45,445 INFO: Searching for rational points on each twist...
2022-01-01 12:50:46,806 INFO: Finished searching for rational points on each twist.
2022-01-01 12:50:46,806 INFO: Testing local solvability of twists...
2022-01-01 12:50:46,812 INFO: Finished local solvability testing.
2022-01-01 12:50:46,813 INFO: Computing elliptic curve a-invariants...
2022-01-01 12:50:56,263 INFO: Finished computation of a-invariants.
2022-01-01 12:50:56,264 INFO: Computing MW group (delta = ['0', '1', '1'], g = [-1, -3, -8, -8, 0, 4])...
2022-01-01 12:53:25,376 INFO: Finished MW computation (delta = ['0', '1', '1'], g = [-1, -3, -8, -8, 0, 4])
2022-01-01 12:53:25,380 INFO: Obstruction found to provably computing rational points. Exiting.
2022-01-03 13:14:57,000 INFO: Obsolete "loc_solv_error" keys removed.
2022-01-10 22:39:04,203 INFO: Loaded curve data from file.
2022-01-10 22:39:04,203 INFO: Obstruction already found. Exiting.
2022-02-12 17:10:15,845 INFO: Loaded curve data from file.
2022-02-12 17:10:15,845 INFO: Computing elliptic Chabauty map... (delta = ['0', '1', '1'], g = [-1, -3, -8, -8, 0, 4])
2022-02-12 17:10:28,049 INFO: Elliptic Chabauty map computed. (delta = ['0', '1', '1'], g = [-1, -3, -8, -8, 0, 4])
2022-02-12 17:10:28,051 INFO: Computing elliptic Chabauty map... (delta = ['1'], g = [-1, -3, -8, -8, 0, 4])
2022-02-12 17:10:40,076 INFO: Elliptic Chabauty map computed. (delta = ['1'], g = [-1, -3, -8, -8, 0, 4])
2022-02-12 17:10:40,078 INFO: Computing elliptic Chabauty map... (delta = ['2', '6', '15', '16', '1', '-8'], g = [-1, -3, -8, -8, 0, 4])
2022-02-12 17:10:52,140 INFO: Elliptic Chabauty map computed. (delta = ['2', '6', '15', '16', '1', '-8'], g = [-1, -3, -8, -8, 0, 4])
2022-02-12 17:10:52,142 INFO: Computing elliptic Chabauty map... (delta = ['1', '2', '9', '8', '0', '-4'], g = [-1, -3, -8, -8, 0, 4])
2022-02-12 17:11:04,377 INFO: Elliptic Chabauty map computed. (delta = ['1', '2', '9', '8', '0', '-4'], g = [-1, -3, -8, -8, 0, 4])
2022-02-12 17:11:04,380 INFO: Tasks complete. Recording data and exiting.
