2022-01-13 21:55:03,117 INFO: Initialized curve data.
2022-01-13 21:55:03,122 INFO: Setting up initial twist data...
2022-01-13 21:55:05,165 INFO: Twist setup complete.
2022-01-13 21:55:05,165 INFO: Searching for rational points on each twist...
2022-01-13 21:55:07,778 INFO: Finished searching for rational points on each twist.
2022-01-13 21:55:07,778 INFO: Testing local solvability of twists...
2022-01-13 21:55:29,239 INFO: Finished local solvability testing.
2022-01-13 21:55:29,241 INFO: Computing elliptic curve a-invariants...
2022-01-13 21:55:32,981 INFO: Finished computation of a-invariants.
2022-01-13 21:55:32,983 INFO: Computing MW group (delta = ['-7', '-9', '3', '7', '1', '1'], g = [-8, -8, 3, 7, 1, 1])...
2022-01-13 22:00:10,676 INFO: Finished MW computation (delta = ['-7', '-9', '3', '7', '1', '1'], g = [-8, -8, 3, 7, 1, 1])
2022-01-13 22:00:10,681 INFO: Skipped MW computation because no base point (delta = ['-2', '0', '1'])
2022-01-13 22:00:10,681 INFO: Computing MW group (delta = ['1'], g = [-8, -8, 3, 7, 1, 1])...
2022-01-13 22:05:35,362 INFO: Finished MW computation (delta = ['1'], g = [-8, -8, 3, 7, 1, 1])
2022-01-13 22:05:35,365 INFO: Skipped MW computation because no base point (delta = ['6', '10', '-2', '-8', '-1', '-1'])
2022-01-13 22:05:35,367 INFO: Reducing MW generators...
2022-01-13 22:05:37,163 INFO: Finished reducing MW generators.
2022-01-13 22:05:37,166 INFO: Tasks complete. Recording data and exiting.
2022-01-14 11:35:40,525 INFO: Loaded curve data from file.
2022-01-14 11:35:40,526 INFO: Skipped Chabauty because MW group hasn't been provably computed. (delta = ['-7', '-9', '3', '7', '1', '1'], g = [-8, -8, 3, 7, 1, 1])
2022-01-14 11:35:40,526 INFO: Skipped Chabauty because no base point (delta = ['-2', '0', '1'])
2022-01-14 11:35:40,526 INFO: Skipped Chabauty because MW group hasn't been provably computed. (delta = ['1'], g = [-8, -8, 3, 7, 1, 1])
2022-01-14 11:35:40,526 INFO: Skipped Chabauty because no base point (delta = ['6', '10', '-2', '-8', '-1', '-1'])
2022-01-14 11:35:40,594 INFO: Tasks complete. Recording data and exiting.
