2022-01-11 12:34:54,154 INFO: Initialized curve data.
2022-01-11 12:34:54,157 INFO: Setting up initial twist data...
2022-01-11 12:34:55,219 INFO: Twist setup complete.
2022-01-11 12:34:55,219 INFO: Searching for rational points on each twist...
2022-01-11 12:34:56,757 INFO: Finished searching for rational points on each twist.
2022-01-11 12:34:56,757 INFO: Testing local solvability of twists...
2022-01-11 12:34:59,892 INFO: Finished local solvability testing.
2022-01-11 12:34:59,893 INFO: Computing elliptic curve a-invariants...
2022-01-11 12:35:05,582 INFO: Finished computation of a-invariants.
2022-01-11 12:35:05,584 INFO: Skipped MW computation because no base point (delta = ['-1', '0', '1'])
2022-01-11 12:35:05,584 INFO: Computing MW group (delta = ['4', '0', '-25', '-17', '46', '41'], g = [4, 1, -26, -17, 46, 41])...
2022-01-13 17:37:00,103 INFO: Loaded curve data from file.
2022-01-13 17:37:00,104 INFO: Reducing MW generators...
2022-01-13 17:37:00,104 INFO: Finished reducing MW generators.
2022-01-13 17:37:00,106 INFO: Skipped Chabauty because no base point (delta = ['-1', '0', '1'])
2022-01-13 17:37:00,106 INFO: Skipped Chabauty because MW generators haven't been computed. (delta = ['4', '0', '-25', '-17', '46', '41'], g = [4, 1, -26, -17, 46, 41])
2022-01-13 17:37:00,106 INFO: Skipped Chabauty because MW generators haven't been computed. (delta = ['1'], g = [4, 1, -26, -17, 46, 41])
2022-01-13 17:37:00,106 INFO: Skipped Chabauty because MW generators haven't been computed. (delta = ['-4', '0', '25', '16', '-45', '-41'], g = [4, 1, -26, -17, 46, 41])
2022-01-13 17:37:00,204 INFO: Tasks complete. Recording data and exiting.
2022-02-12 17:15:18,239 INFO: Loaded curve data from file.
2022-02-12 17:15:18,240 INFO: Computing elliptic Chabauty map... (delta = ['4', '0', '-25', '-17', '46', '41'], g = [4, 1, -26, -17, 46, 41])
2022-02-12 17:15:32,657 INFO: Elliptic Chabauty map computed. (delta = ['4', '0', '-25', '-17', '46', '41'], g = [4, 1, -26, -17, 46, 41])
2022-02-12 17:15:32,659 INFO: Computing elliptic Chabauty map... (delta = ['1'], g = [4, 1, -26, -17, 46, 41])
2022-02-12 17:15:46,711 INFO: Elliptic Chabauty map computed. (delta = ['1'], g = [4, 1, -26, -17, 46, 41])
2022-02-12 17:15:46,713 INFO: Computing elliptic Chabauty map... (delta = ['-4', '0', '25', '16', '-45', '-41'], g = [4, 1, -26, -17, 46, 41])
2022-02-12 17:16:00,932 INFO: Elliptic Chabauty map computed. (delta = ['-4', '0', '25', '16', '-45', '-41'], g = [4, 1, -26, -17, 46, 41])
2022-02-12 17:16:00,936 INFO: Tasks complete. Recording data and exiting.
