2022-01-01 12:50:35,669 INFO: Initialized curve data.
2022-01-01 12:50:35,672 INFO: Setting up initial twist data...
2022-01-01 12:50:36,954 INFO: Twist setup complete.
2022-01-01 12:50:36,954 INFO: Searching for rational points on each twist...
2022-01-01 12:50:37,961 INFO: Finished searching for rational points on each twist.
2022-01-01 12:50:37,961 INFO: Testing local solvability of twists...
2022-01-01 12:50:37,966 INFO: Finished local solvability testing.
2022-01-01 12:50:37,967 INFO: Computing elliptic curve a-invariants...
2022-01-01 12:50:46,155 INFO: Finished computation of a-invariants.
2022-01-01 12:50:46,158 INFO: Computing MW group (delta = ['8', '-20', '5', '5', '0', '-1'], g = [-8, 21, -4, -6, 0, 1])...
2022-01-01 12:51:31,592 INFO: Finished MW computation (delta = ['8', '-20', '5', '5', '0', '-1'], g = [-8, 21, -4, -6, 0, 1])
2022-01-01 12:51:31,594 INFO: Computing MW group (delta = ['-1', '-1', '1'], g = [-8, 21, -4, -6, 0, 1])...
2022-01-01 12:51:51,453 INFO: Finished MW computation (delta = ['-1', '-1', '1'], g = [-8, 21, -4, -6, 0, 1])
2022-01-01 12:51:51,456 INFO: Computing MW group (delta = ['1'], g = [-8, 21, -4, -6, 0, 1])...
2022-01-01 12:53:23,863 INFO: Finished MW computation (delta = ['1'], g = [-8, 21, -4, -6, 0, 1])
2022-01-01 12:53:23,866 INFO: Computing MW group (delta = ['-8', '20', '-4', '-6', '0', '1'], g = [-8, 21, -4, -6, 0, 1])...
2022-01-01 12:54:10,270 INFO: Finished MW computation (delta = ['-8', '20', '-4', '-6', '0', '1'], g = [-8, 21, -4, -6, 0, 1])
2022-01-01 12:54:10,275 INFO: Reducing MW generators...
2022-01-01 12:54:15,133 INFO: Finished reducing MW generators.
2022-01-01 12:54:15,135 INFO: Running elliptic Chabauty (delta = ['8', '-20', '5', '5', '0', '-1'], g = [-8, 21, -4, -6, 0, 1])...
2022-01-01 12:55:13,170 INFO: Chabauty completed successfully (delta = ['8', '-20', '5', '5', '0', '-1'], g = [-8, 21, -4, -6, 0, 1]).
2022-01-01 12:55:13,173 INFO: Running elliptic Chabauty (delta = ['-1', '-1', '1'], g = [-8, 21, -4, -6, 0, 1])...
2022-01-01 12:55:23,160 INFO: Chabauty completed successfully (delta = ['-1', '-1', '1'], g = [-8, 21, -4, -6, 0, 1]).
2022-01-01 12:55:23,162 INFO: Running elliptic Chabauty (delta = ['1'], g = [-8, 21, -4, -6, 0, 1])...
2022-01-01 13:38:00,809 INFO: Chabauty completed successfully (delta = ['1'], g = [-8, 21, -4, -6, 0, 1]).
2022-01-01 13:38:00,813 INFO: Running elliptic Chabauty (delta = ['-8', '20', '-4', '-6', '0', '1'], g = [-8, 21, -4, -6, 0, 1])...
2022-01-01 13:38:16,377 INFO: Chabauty completed successfully (delta = ['-8', '20', '-4', '-6', '0', '1'], g = [-8, 21, -4, -6, 0, 1]).
2022-01-01 13:38:16,614 INFO: Rational points successfully computed.
2022-01-01 13:38:16,617 INFO: Tasks complete. Recording data and exiting.
