2022-01-01 12:51:03,196 INFO: Initialized curve data.
2022-01-01 12:51:03,199 INFO: Setting up initial twist data...
2022-01-01 12:51:04,069 INFO: Twist setup complete.
2022-01-01 12:51:04,069 INFO: Searching for rational points on each twist...
2022-01-01 12:51:04,851 INFO: Finished searching for rational points on each twist.
2022-01-01 12:51:04,851 INFO: Testing local solvability of twists...
2022-01-01 12:51:06,252 INFO: Finished local solvability testing.
2022-01-01 12:51:06,253 INFO: Computing elliptic curve a-invariants...
2022-01-01 12:51:33,226 INFO: Finished computation of a-invariants.
2022-01-01 12:51:33,228 INFO: Skipped MW computation because no base point (delta = ['-1', '0', '1'])
2022-01-01 12:51:33,228 INFO: Computing MW group (delta = ['1'], g = [1, 1, 0, -1, -1, 1])...
2022-01-01 12:52:36,760 INFO: Finished MW computation (delta = ['1'], g = [1, 1, 0, -1, -1, 1])
2022-01-01 12:52:36,765 INFO: Computing MW group (delta = ['1', '0', '1', '-1', '-1', '1'], g = [1, 1, 0, -1, -1, 1])...
2022-01-01 12:54:42,046 INFO: Finished MW computation (delta = ['1', '0', '1', '-1', '-1', '1'], g = [1, 1, 0, -1, -1, 1])
2022-01-01 12:54:42,051 INFO: Computing MW group (delta = ['-1', '0', '-1', '0', '2', '-1'], g = [1, 1, 0, -1, -1, 1])...
2022-01-01 12:56:47,774 INFO: Finished MW computation (delta = ['-1', '0', '-1', '0', '2', '-1'], g = [1, 1, 0, -1, -1, 1])
2022-01-01 12:56:47,781 INFO: Reducing MW generators...
2022-01-01 12:56:51,934 INFO: Finished reducing MW generators.
2022-01-01 12:56:51,937 INFO: Skipped Chabauty because no base point (delta = ['-1', '0', '1'])
2022-01-01 12:56:51,937 INFO: Running elliptic Chabauty (delta = ['1'], g = [1, 1, 0, -1, -1, 1])...
2022-01-01 12:57:12,239 INFO: Chabauty completed successfully (delta = ['1'], g = [1, 1, 0, -1, -1, 1]).
2022-01-01 12:57:12,243 INFO: Running elliptic Chabauty (delta = ['1', '0', '1', '-1', '-1', '1'], g = [1, 1, 0, -1, -1, 1])...
2022-01-01 12:58:18,261 INFO: Chabauty completed successfully (delta = ['1', '0', '1', '-1', '-1', '1'], g = [1, 1, 0, -1, -1, 1]).
2022-01-01 12:58:18,265 INFO: Running elliptic Chabauty (delta = ['-1', '0', '-1', '0', '2', '-1'], g = [1, 1, 0, -1, -1, 1])...
2022-01-01 13:01:35,606 INFO: Chabauty completed successfully (delta = ['-1', '0', '-1', '0', '2', '-1'], g = [1, 1, 0, -1, -1, 1]).
2022-01-01 13:01:35,843 INFO: Rational points successfully computed.
2022-01-01 13:01:35,845 INFO: Tasks complete. Recording data and exiting.
2022-01-03 13:14:57,000 INFO: Obsolete "loc_solv_error" keys removed.
2022-01-03 13:14:57,000 INFO: Deleted results of Chabauty computation.
2022-01-10 22:42:00,619 INFO: Loaded curve data from file.
2022-01-10 22:42:00,619 INFO: Skipped Chabauty because no base point (delta = ['-1', '0', '1'])
2022-01-10 22:42:00,620 INFO: Running elliptic Chabauty (delta = ['1'], g = [1, 1, 0, -1, -1, 1])...
2022-01-10 22:42:23,907 INFO: Chabauty completed successfully (delta = ['1'], g = [1, 1, 0, -1, -1, 1]).
2022-01-10 22:42:23,909 INFO: Running elliptic Chabauty (delta = ['1', '0', '1', '-1', '-1', '1'], g = [1, 1, 0, -1, -1, 1])...
2022-01-10 22:43:44,973 INFO: Chabauty completed successfully (delta = ['1', '0', '1', '-1', '-1', '1'], g = [1, 1, 0, -1, -1, 1]).
2022-01-10 22:43:44,975 INFO: Running elliptic Chabauty (delta = ['-1', '0', '-1', '0', '2', '-1'], g = [1, 1, 0, -1, -1, 1])...
2022-01-10 22:47:28,451 INFO: Chabauty completed successfully (delta = ['-1', '0', '-1', '0', '2', '-1'], g = [1, 1, 0, -1, -1, 1]).
2022-01-10 22:47:28,647 INFO: Rational points successfully computed.
2022-01-10 22:47:28,649 INFO: Tasks complete. Recording data and exiting.
