2022-01-12 12:14:58,595 INFO: Initialized curve data.
2022-01-12 12:14:58,599 INFO: Setting up initial twist data...
2022-01-12 12:14:59,938 INFO: Twist setup complete.
2022-01-12 12:14:59,939 INFO: Searching for rational points on each twist...
2022-01-12 12:15:03,995 INFO: Finished searching for rational points on each twist.
2022-01-12 12:15:03,995 INFO: Testing local solvability of twists...
2022-01-12 12:15:04,003 INFO: Finished local solvability testing.
2022-01-12 12:15:04,005 INFO: Computing elliptic curve a-invariants...
2022-01-12 12:15:21,284 INFO: Finished computation of a-invariants.
2022-01-12 12:15:21,286 INFO: Computing MW group (delta = ['-5', '20', '9', '-24', '-2', '2'], g = [-4, 8, 4, -12, -1, 1])...
2022-01-12 12:18:05,108 INFO: Finished MW computation (delta = ['-5', '20', '9', '-24', '-2', '2'], g = [-4, 8, 4, -12, -1, 1])
2022-01-12 12:18:05,112 INFO: Computing MW group (delta = ['-7', '7', '4', '-12', '-1', '1'], g = [-4, 8, 4, -12, -1, 1])...
2022-01-12 12:22:46,335 INFO: Finished MW computation (delta = ['-7', '7', '4', '-12', '-1', '1'], g = [-4, 8, 4, -12, -1, 1])
2022-01-12 12:22:46,338 INFO: Computing MW group (delta = ['1'], g = [-4, 8, 4, -12, -1, 1])...
2022-01-12 12:25:01,309 INFO: Finished MW computation (delta = ['1'], g = [-4, 8, 4, -12, -1, 1])
2022-01-12 12:25:01,311 INFO: Computing MW group (delta = ['-73', '113', '57', '-193', '-16', '16'], g = [-4, 8, 4, -12, -1, 1])...
2022-01-12 12:26:01,853 INFO: Finished MW computation (delta = ['-73', '113', '57', '-193', '-16', '16'], g = [-4, 8, 4, -12, -1, 1])
2022-01-12 12:26:01,857 INFO: Reducing MW generators...
2022-01-12 12:26:03,089 INFO: Finished reducing MW generators.
2022-01-12 12:26:03,091 INFO: Tasks complete. Recording data and exiting.
2022-01-14 11:32:15,859 INFO: Loaded curve data from file.
2022-01-14 11:32:15,860 INFO: Running elliptic Chabauty (delta = ['-5', '20', '9', '-24', '-2', '2'], g = [-4, 8, 4, -12, -1, 1])...
2022-01-14 11:32:33,529 INFO: Chabauty completed successfully (delta = ['-5', '20', '9', '-24', '-2', '2'], g = [-4, 8, 4, -12, -1, 1]).
2022-01-14 11:32:33,544 INFO: Skipped Chabauty because MW group hasn't been provably computed. (delta = ['-7', '7', '4', '-12', '-1', '1'], g = [-4, 8, 4, -12, -1, 1])
2022-01-14 11:32:33,544 INFO: Skipped Chabauty because MW group hasn't been provably computed. (delta = ['1'], g = [-4, 8, 4, -12, -1, 1])
2022-01-14 11:32:33,544 INFO: Skipped Chabauty because MW group hasn't been provably computed. (delta = ['-73', '113', '57', '-193', '-16', '16'], g = [-4, 8, 4, -12, -1, 1])
2022-01-14 11:32:33,607 INFO: Tasks complete. Recording data and exiting.
