2022-01-13 21:55:03,797 INFO: Initialized curve data.
2022-01-13 21:55:03,802 INFO: Setting up initial twist data...
2022-01-13 21:55:04,903 INFO: Twist setup complete.
2022-01-13 21:55:04,903 INFO: Searching for rational points on each twist...
2022-01-13 21:55:07,715 INFO: Finished searching for rational points on each twist.
2022-01-13 21:55:07,715 INFO: Testing local solvability of twists...
2022-01-13 21:55:07,721 INFO: Finished local solvability testing.
2022-01-13 21:55:07,723 INFO: Computing elliptic curve a-invariants...
2022-01-13 21:55:48,867 INFO: Finished computation of a-invariants.
2022-01-13 21:55:48,869 INFO: Computing MW group (delta = ['-1', '3', '-5', '-5', '4', '-1'], g = [1, -4, 3, 4, -4, 1])...
2022-01-13 21:56:48,869 INFO: Finished MW computation (delta = ['-1', '3', '-5', '-5', '4', '-1'], g = [1, -4, 3, 4, -4, 1])
2022-01-13 21:56:48,872 INFO: Computing MW group (delta = ['1'], g = [1, -4, 3, 4, -4, 1])...
2022-01-13 21:59:28,431 INFO: Finished MW computation (delta = ['1'], g = [1, -4, 3, 4, -4, 1])
2022-01-13 21:59:28,434 INFO: Computing MW group (delta = ['0', '-5', '3', '4', '-4', '1'], g = [1, -4, 3, 4, -4, 1])...
2022-01-13 22:00:24,038 INFO: Finished MW computation (delta = ['0', '-5', '3', '4', '-4', '1'], g = [1, -4, 3, 4, -4, 1])
2022-01-13 22:00:24,040 INFO: Computing MW group (delta = ['1', '-3', '4', '4', '-4', '1'], g = [1, -4, 3, 4, -4, 1])...
2022-01-13 22:01:45,440 INFO: Finished MW computation (delta = ['1', '-3', '4', '4', '-4', '1'], g = [1, -4, 3, 4, -4, 1])
2022-01-13 22:01:45,444 INFO: Reducing MW generators...
2022-01-13 22:01:49,514 INFO: Finished reducing MW generators.
2022-01-13 22:01:49,517 INFO: Tasks complete. Recording data and exiting.
2022-01-14 11:38:17,840 INFO: Loaded curve data from file.
2022-01-14 11:38:17,841 INFO: Running elliptic Chabauty (delta = ['-1', '3', '-5', '-5', '4', '-1'], g = [1, -4, 3, 4, -4, 1])...
2022-01-14 11:38:34,858 INFO: Chabauty completed successfully (delta = ['-1', '3', '-5', '-5', '4', '-1'], g = [1, -4, 3, 4, -4, 1]).
2022-01-14 11:38:34,861 INFO: Running elliptic Chabauty (delta = ['1'], g = [1, -4, 3, 4, -4, 1])...
2022-01-14 11:38:59,303 INFO: Chabauty completed successfully (delta = ['1'], g = [1, -4, 3, 4, -4, 1]).
2022-01-14 11:38:59,305 INFO: Running elliptic Chabauty (delta = ['0', '-5', '3', '4', '-4', '1'], g = [1, -4, 3, 4, -4, 1])...
2022-01-14 11:39:18,815 INFO: Chabauty completed successfully (delta = ['0', '-5', '3', '4', '-4', '1'], g = [1, -4, 3, 4, -4, 1]).
2022-01-14 11:39:18,817 INFO: Running elliptic Chabauty (delta = ['1', '-3', '4', '4', '-4', '1'], g = [1, -4, 3, 4, -4, 1])...
2022-01-14 11:39:46,917 INFO: Chabauty completed successfully (delta = ['1', '-3', '4', '4', '-4', '1'], g = [1, -4, 3, 4, -4, 1]).
2022-01-14 11:39:47,154 INFO: Rational points successfully computed.
2022-01-14 11:39:47,157 INFO: Tasks complete. Recording data and exiting.
