2022-01-12 12:27:59,152 INFO: Initialized curve data.
2022-01-12 12:27:59,155 INFO: Setting up initial twist data...
2022-01-12 12:28:00,603 INFO: Twist setup complete.
2022-01-12 12:28:00,603 INFO: Searching for rational points on each twist...
2022-01-12 12:28:03,042 INFO: Finished searching for rational points on each twist.
2022-01-12 12:28:03,042 INFO: Testing local solvability of twists...
2022-01-12 12:28:05,648 INFO: Finished local solvability testing.
2022-01-12 12:28:05,649 INFO: Computing elliptic curve a-invariants...
2022-01-12 12:28:16,902 INFO: Finished computation of a-invariants.
2022-01-12 12:28:16,904 INFO: Skipped MW computation because no base point (delta = ['1', '-1'])
2022-01-12 12:28:16,904 INFO: Computing MW group (delta = ['4', '-5', '-2', '3', '-8', '9'], g = [4, -4, -4, 4, -8, 9])...
2022-01-12 12:55:52,099 INFO: Finished MW computation (delta = ['4', '-5', '-2', '3', '-8', '9'], g = [4, -4, -4, 4, -8, 9])
2022-01-12 12:55:52,108 INFO: Computing MW group (delta = ['1'], g = [4, -4, -4, 4, -8, 9])...
2022-01-14 11:32:41,483 INFO: Loaded curve data from file.
2022-01-14 11:32:41,484 INFO: Reducing MW generators...
2022-01-14 11:32:41,927 INFO: Finished reducing MW generators.
2022-01-14 11:32:42,034 INFO: Skipped Chabauty because no base point (delta = ['1', '-1'])
2022-01-14 11:32:42,034 INFO: Running elliptic Chabauty (delta = ['4', '-5', '-2', '3', '-8', '9'], g = [4, -4, -4, 4, -8, 9])...
2022-01-14 11:32:57,376 INFO: Chabauty completed successfully (delta = ['4', '-5', '-2', '3', '-8', '9'], g = [4, -4, -4, 4, -8, 9]).
2022-01-14 11:32:57,378 INFO: Skipped Chabauty because MW generators haven't been computed. (delta = ['1'], g = [4, -4, -4, 4, -8, 9])
2022-01-14 11:32:57,378 INFO: Skipped Chabauty because MW generators haven't been computed. (delta = ['4', '-5', '-3', '4', '-8', '9'], g = [4, -4, -4, 4, -8, 9])
2022-01-14 11:32:57,487 INFO: Tasks complete. Recording data and exiting.
2022-02-12 17:36:04,674 INFO: Loaded curve data from file.
2022-02-12 17:36:04,674 INFO: Computing elliptic Chabauty map... (delta = ['4', '-5', '-2', '3', '-8', '9'], g = [4, -4, -4, 4, -8, 9])
2022-02-12 17:36:20,971 INFO: Elliptic Chabauty map computed. (delta = ['4', '-5', '-2', '3', '-8', '9'], g = [4, -4, -4, 4, -8, 9])
2022-02-12 17:36:20,974 INFO: Computing elliptic Chabauty map... (delta = ['1'], g = [4, -4, -4, 4, -8, 9])
2022-02-12 17:36:36,950 INFO: Elliptic Chabauty map computed. (delta = ['1'], g = [4, -4, -4, 4, -8, 9])
2022-02-12 17:36:36,952 INFO: Computing elliptic Chabauty map... (delta = ['4', '-5', '-3', '4', '-8', '9'], g = [4, -4, -4, 4, -8, 9])
2022-02-12 17:36:52,965 INFO: Elliptic Chabauty map computed. (delta = ['4', '-5', '-3', '4', '-8', '9'], g = [4, -4, -4, 4, -8, 9])
2022-02-12 17:36:52,968 INFO: Tasks complete. Recording data and exiting.
