2022-01-13 21:54:38,674 INFO: Initialized curve data.
2022-01-13 21:54:38,678 INFO: Setting up initial twist data...
2022-01-13 21:54:39,662 INFO: Twist setup complete.
2022-01-13 21:54:39,662 INFO: Searching for rational points on each twist...
2022-01-13 21:54:41,637 INFO: Finished searching for rational points on each twist.
2022-01-13 21:54:41,637 INFO: Testing local solvability of twists...
2022-01-13 21:54:41,643 INFO: Finished local solvability testing.
2022-01-13 21:54:41,648 INFO: Computing elliptic curve a-invariants...
2022-01-13 21:54:58,573 INFO: Finished computation of a-invariants.
2022-01-13 21:54:58,576 INFO: Computing MW group (delta = ['4', '-53', '2', '19', '-20', '4'], g = [1, -13, 1, 5, -5, 1])...
2022-01-13 21:58:46,726 INFO: Finished MW computation (delta = ['4', '-53', '2', '19', '-20', '4'], g = [1, -13, 1, 5, -5, 1])
2022-01-13 21:58:46,732 INFO: Computing MW group (delta = ['1'], g = [1, -13, 1, 5, -5, 1])...
2022-01-13 22:02:32,155 INFO: Finished MW computation (delta = ['1'], g = [1, -13, 1, 5, -5, 1])
2022-01-13 22:02:32,160 INFO: Computing MW group (delta = ['1', '-12', '2', '5', '-5', '1'], g = [1, -13, 1, 5, -5, 1])...
2022-01-13 22:05:55,443 INFO: Finished MW computation (delta = ['1', '-12', '2', '5', '-5', '1'], g = [1, -13, 1, 5, -5, 1])
2022-01-13 22:05:55,448 INFO: Computing MW group (delta = ['0', '-14', '1', '5', '-5', '1'], g = [1, -13, 1, 5, -5, 1])...
2022-01-13 22:08:43,871 INFO: Finished MW computation (delta = ['0', '-14', '1', '5', '-5', '1'], g = [1, -13, 1, 5, -5, 1])
2022-01-13 22:08:43,881 INFO: Reducing MW generators...
2022-01-13 22:08:48,367 INFO: Finished reducing MW generators.
2022-01-13 22:08:48,370 INFO: Tasks complete. Recording data and exiting.
