2022-01-11 15:13:04,569 INFO: Initialized curve data.
2022-01-11 15:13:04,573 INFO: Setting up initial twist data...
2022-01-11 15:13:06,234 INFO: Twist setup complete.
2022-01-11 15:13:06,234 INFO: Searching for rational points on each twist...
2022-01-11 15:13:08,268 INFO: Finished searching for rational points on each twist.
2022-01-11 15:13:08,268 INFO: Testing local solvability of twists...
2022-01-11 15:13:12,271 INFO: Finished local solvability testing.
2022-01-11 15:13:12,272 INFO: Computing elliptic curve a-invariants...
2022-01-11 15:13:18,970 INFO: Finished computation of a-invariants.
2022-01-11 15:13:18,972 INFO: Skipped MW computation because no base point (delta = ['4', '-1', '4', '0', '5', '-3'])
2022-01-11 15:13:18,973 INFO: Computing MW group (delta = ['1', '1', '1'], g = [-4, 0, -4, 0, -4, 3])...
2022-01-14 09:07:39,601 INFO: Loaded curve data from file.
2022-01-14 09:07:39,602 INFO: Reducing MW generators...
2022-01-14 09:07:39,602 INFO: Finished reducing MW generators.
2022-01-14 09:07:39,605 INFO: Skipped Chabauty because no base point (delta = ['4', '-1', '4', '0', '5', '-3'])
2022-01-14 09:07:39,605 INFO: Skipped Chabauty because MW generators haven't been computed. (delta = ['1', '1', '1'], g = [-4, 0, -4, 0, -4, 3])
2022-01-14 09:07:39,605 INFO: Skipped Chabauty because MW generators haven't been computed. (delta = ['1'], g = [-4, 0, -4, 0, -4, 3])
2022-01-14 09:07:39,605 INFO: Skipped Chabauty because MW generators haven't been computed. (delta = ['4', '-1', '5', '0', '4', '-3'], g = [-4, 0, -4, 0, -4, 3])
2022-01-14 09:07:39,661 INFO: Tasks complete. Recording data and exiting.
2022-02-12 17:20:54,664 INFO: Loaded curve data from file.
2022-02-12 17:20:54,664 INFO: Computing elliptic Chabauty map... (delta = ['1', '1', '1'], g = [-4, 0, -4, 0, -4, 3])
2022-02-12 17:21:03,433 INFO: Elliptic Chabauty map computed. (delta = ['1', '1', '1'], g = [-4, 0, -4, 0, -4, 3])
2022-02-12 17:21:03,435 INFO: Computing elliptic Chabauty map... (delta = ['1'], g = [-4, 0, -4, 0, -4, 3])
2022-02-12 17:21:12,132 INFO: Elliptic Chabauty map computed. (delta = ['1'], g = [-4, 0, -4, 0, -4, 3])
2022-02-12 17:21:12,134 INFO: Computing elliptic Chabauty map... (delta = ['4', '-1', '5', '0', '4', '-3'], g = [-4, 0, -4, 0, -4, 3])
2022-02-12 17:21:20,821 INFO: Elliptic Chabauty map computed. (delta = ['4', '-1', '5', '0', '4', '-3'], g = [-4, 0, -4, 0, -4, 3])
2022-02-12 17:21:20,823 INFO: Tasks complete. Recording data and exiting.
