2022-01-12 12:26:02,924 INFO: Initialized curve data.
2022-01-12 12:26:02,928 INFO: Setting up initial twist data...
2022-01-12 12:26:04,136 INFO: Twist setup complete.
2022-01-12 12:26:04,136 INFO: Searching for rational points on each twist...
2022-01-12 12:26:06,989 INFO: Finished searching for rational points on each twist.
2022-01-12 12:26:06,989 INFO: Testing local solvability of twists...
2022-01-12 12:27:19,323 INFO: Finished local solvability testing.
2022-01-12 12:27:19,324 INFO: Computing elliptic curve a-invariants...
2022-01-12 12:27:38,032 INFO: Finished computation of a-invariants.
2022-01-12 12:27:38,034 INFO: Computing MW group (delta = ['4', '0', '-23', '14', '8', '1'], g = [4, 1, -24, 14, 8, 1])...
2022-01-12 12:30:42,653 INFO: Finished MW computation (delta = ['4', '0', '-23', '14', '8', '1'], g = [4, 1, -24, 14, 8, 1])
2022-01-12 12:30:42,656 INFO: Skipped MW computation because no base point (delta = ['1/2', '-3/2', '1'])
2022-01-12 12:30:42,656 INFO: Skipped MW computation because no base point (delta = ['1', '-1'])
2022-01-12 12:30:42,656 INFO: Computing MW group (delta = ['4', '0', '-24', '14', '8', '1'], g = [4, 1, -24, 14, 8, 1])...
2022-01-14 11:32:35,422 INFO: Loaded curve data from file.
2022-01-14 11:32:35,422 INFO: Reducing MW generators...
2022-01-14 11:32:35,601 INFO: Finished reducing MW generators.
2022-01-14 11:32:35,637 INFO: Running elliptic Chabauty (delta = ['4', '0', '-23', '14', '8', '1'], g = [4, 1, -24, 14, 8, 1])...
2022-01-14 11:32:47,967 INFO: Chabauty completed successfully (delta = ['4', '0', '-23', '14', '8', '1'], g = [4, 1, -24, 14, 8, 1]).
2022-01-14 11:32:47,969 INFO: Skipped Chabauty because no base point (delta = ['1/2', '-3/2', '1'])
2022-01-14 11:32:47,969 INFO: Skipped Chabauty because no base point (delta = ['1', '-1'])
2022-01-14 11:32:47,969 INFO: Skipped Chabauty because MW generators haven't been computed. (delta = ['4', '0', '-24', '14', '8', '1'], g = [4, 1, -24, 14, 8, 1])
2022-01-14 11:32:47,969 INFO: Skipped Chabauty because MW generators haven't been computed. (delta = ['1'], g = [4, 1, -24, 14, 8, 1])
2022-01-14 11:32:47,969 INFO: Skipped Chabauty because MW generators haven't been computed. (delta = ['1/2', '-1'], g = [4, 1, -24, 14, 8, 1])
2022-01-14 11:32:47,969 INFO: Skipped Chabauty because no base point (delta = ['2', '0', '-21/2', '6', '4', '1/2'])
2022-01-14 11:32:47,969 INFO: Skipped Chabauty because MW generators haven't been computed. (delta = ['2', '0', '-11', '7', '4', '1/2'], g = [4, 1, -24, 14, 8, 1])
2022-01-14 11:32:48,095 INFO: Tasks complete. Recording data and exiting.
2022-02-12 17:48:35,403 INFO: Loaded curve data from file.
2022-02-12 17:48:35,403 INFO: Computing elliptic Chabauty map... (delta = ['4', '0', '-23', '14', '8', '1'], g = [4, 1, -24, 14, 8, 1])
2022-02-12 17:48:51,690 INFO: Elliptic Chabauty map computed. (delta = ['4', '0', '-23', '14', '8', '1'], g = [4, 1, -24, 14, 8, 1])
2022-02-12 17:48:51,693 INFO: Computing elliptic Chabauty map... (delta = ['4', '0', '-24', '14', '8', '1'], g = [4, 1, -24, 14, 8, 1])
2022-02-12 17:49:07,731 INFO: Elliptic Chabauty map computed. (delta = ['4', '0', '-24', '14', '8', '1'], g = [4, 1, -24, 14, 8, 1])
2022-02-12 17:49:07,734 INFO: Computing elliptic Chabauty map... (delta = ['1'], g = [4, 1, -24, 14, 8, 1])
2022-02-12 17:49:23,756 INFO: Elliptic Chabauty map computed. (delta = ['1'], g = [4, 1, -24, 14, 8, 1])
2022-02-12 17:49:23,759 INFO: Computing elliptic Chabauty map... (delta = ['1/2', '-1'], g = [4, 1, -24, 14, 8, 1])
2022-02-12 17:49:39,981 INFO: Elliptic Chabauty map computed. (delta = ['1/2', '-1'], g = [4, 1, -24, 14, 8, 1])
2022-02-12 17:49:39,984 INFO: Computing elliptic Chabauty map... (delta = ['2', '0', '-11', '7', '4', '1/2'], g = [4, 1, -24, 14, 8, 1])
2022-02-12 17:49:56,202 INFO: Elliptic Chabauty map computed. (delta = ['2', '0', '-11', '7', '4', '1/2'], g = [4, 1, -24, 14, 8, 1])
2022-02-12 17:49:56,205 INFO: Tasks complete. Recording data and exiting.
