2022-01-14 12:17:15,417 INFO: Initialized curve data.
2022-01-14 12:17:15,420 INFO: Setting up initial twist data...
2022-01-14 12:17:16,610 INFO: Twist setup complete.
2022-01-14 12:17:16,610 INFO: Searching for rational points on each twist...
2022-01-14 12:17:18,573 INFO: Finished searching for rational points on each twist.
2022-01-14 12:17:18,573 INFO: Testing local solvability of twists...
2022-01-14 12:17:18,580 INFO: Finished local solvability testing.
2022-01-14 12:17:18,581 INFO: Computing elliptic curve a-invariants...
2022-01-14 12:17:35,410 INFO: Finished computation of a-invariants.
2022-01-14 12:17:35,412 INFO: Computing MW group (delta = ['1'], g = [4, -15, 2, 23, 6, 1])...
2022-01-14 15:52:17,713 INFO: Loaded curve data from file.
2022-01-14 15:52:17,713 INFO: Reducing MW generators...
2022-01-14 15:52:17,714 INFO: Finished reducing MW generators.
2022-01-14 15:52:17,715 INFO: Skipped Chabauty because MW generators haven't been computed. (delta = ['1'], g = [4, -15, 2, 23, 6, 1])
2022-01-14 15:52:17,715 INFO: Skipped Chabauty because MW generators haven't been computed. (delta = ['1/2', '-1'], g = [4, -15, 2, 23, 6, 1])
2022-01-14 15:52:17,715 INFO: Skipped Chabauty because MW generators haven't been computed. (delta = ['4', '-16', '2', '23', '6', '1'], g = [4, -15, 2, 23, 6, 1])
2022-01-14 15:52:17,715 INFO: Skipped Chabauty because MW generators haven't been computed. (delta = ['2', '-8', '2', '23/2', '3', '1/2'], g = [4, -15, 2, 23, 6, 1])
2022-01-14 15:52:17,716 INFO: Tasks complete. Recording data and exiting.
2022-02-12 17:18:51,272 INFO: Loaded curve data from file.
2022-02-12 17:18:51,272 INFO: Computing elliptic Chabauty map... (delta = ['1'], g = [4, -15, 2, 23, 6, 1])
2022-02-12 17:19:07,397 INFO: Elliptic Chabauty map computed. (delta = ['1'], g = [4, -15, 2, 23, 6, 1])
2022-02-12 17:19:07,400 INFO: Computing elliptic Chabauty map... (delta = ['1/2', '-1'], g = [4, -15, 2, 23, 6, 1])
2022-02-12 17:19:23,608 INFO: Elliptic Chabauty map computed. (delta = ['1/2', '-1'], g = [4, -15, 2, 23, 6, 1])
2022-02-12 17:19:23,610 INFO: Computing elliptic Chabauty map... (delta = ['4', '-16', '2', '23', '6', '1'], g = [4, -15, 2, 23, 6, 1])
2022-02-12 17:19:39,440 INFO: Elliptic Chabauty map computed. (delta = ['4', '-16', '2', '23', '6', '1'], g = [4, -15, 2, 23, 6, 1])
2022-02-12 17:19:39,443 INFO: Computing elliptic Chabauty map... (delta = ['2', '-8', '2', '23/2', '3', '1/2'], g = [4, -15, 2, 23, 6, 1])
2022-02-12 17:19:55,460 INFO: Elliptic Chabauty map computed. (delta = ['2', '-8', '2', '23/2', '3', '1/2'], g = [4, -15, 2, 23, 6, 1])
2022-02-12 17:19:55,463 INFO: Tasks complete. Recording data and exiting.
