2022-01-12 09:25:14,354 INFO: Initialized curve data.
2022-01-12 09:25:14,377 INFO: Setting up initial twist data...
2022-01-12 09:25:15,636 INFO: Twist setup complete.
2022-01-12 09:25:15,636 INFO: Searching for rational points on each twist...
2022-01-12 09:25:17,663 INFO: Finished searching for rational points on each twist.
2022-01-12 09:25:17,664 INFO: Testing local solvability of twists...
2022-01-12 09:25:17,673 INFO: Finished local solvability testing.
2022-01-12 09:25:17,675 INFO: Computing elliptic curve a-invariants...
2022-01-12 09:25:31,236 INFO: Finished computation of a-invariants.
2022-01-12 09:25:31,240 INFO: Computing MW group (delta = ['1'], g = [4, -11, -10, 19, 26, 9])...
2022-01-12 09:32:41,391 INFO: Finished MW computation (delta = ['1'], g = [4, -11, -10, 19, 26, 9])
2022-01-12 09:32:41,396 INFO: Computing MW group (delta = ['-1', '1', '1'], g = [4, -11, -10, 19, 26, 9])...
2022-01-12 09:45:15,922 INFO: Finished MW computation (delta = ['-1', '1', '1'], g = [4, -11, -10, 19, 26, 9])
2022-01-12 09:45:15,927 INFO: Computing MW group (delta = ['-1/2', '1', '1'], g = [4, -11, -10, 19, 26, 9])...
2022-01-12 09:47:07,598 INFO: Finished MW computation (delta = ['-1/2', '1', '1'], g = [4, -11, -10, 19, 26, 9])
2022-01-12 09:47:07,603 INFO: Computing MW group (delta = ['1/2', '-3/2', '-1/2', '2', '1'], g = [4, -11, -10, 19, 26, 9])...
2022-01-12 09:54:47,178 INFO: Finished MW computation (delta = ['1/2', '-3/2', '-1/2', '2', '1'], g = [4, -11, -10, 19, 26, 9])
2022-01-12 09:54:47,188 INFO: Reducing MW generators...
2022-01-12 09:54:51,178 INFO: Finished reducing MW generators.
2022-01-12 09:54:51,181 INFO: Tasks complete. Recording data and exiting.
2022-01-14 09:10:31,370 INFO: Loaded curve data from file.
2022-01-14 09:10:31,371 INFO: Running elliptic Chabauty (delta = ['1'], g = [4, -11, -10, 19, 26, 9])...
2022-01-14 09:11:58,737 INFO: Chabauty completed successfully (delta = ['1'], g = [4, -11, -10, 19, 26, 9]).
2022-01-14 09:11:58,741 INFO: Skipped Chabauty because MW group hasn't been provably computed. (delta = ['-1', '1', '1'], g = [4, -11, -10, 19, 26, 9])
2022-01-14 09:11:58,741 INFO: Skipped Chabauty because MW group hasn't been provably computed. (delta = ['-1/2', '1', '1'], g = [4, -11, -10, 19, 26, 9])
2022-01-14 09:11:58,741 INFO: Skipped Chabauty because MW group hasn't been provably computed. (delta = ['1/2', '-3/2', '-1/2', '2', '1'], g = [4, -11, -10, 19, 26, 9])
2022-01-14 09:11:58,838 INFO: Tasks complete. Recording data and exiting.
2022-02-12 16:38:57,565 INFO: Loaded curve data from file.
2022-02-12 16:38:57,566 INFO: Computing elliptic Chabauty map... (delta = ['1'], g = [4, -11, -10, 19, 26, 9])
2022-02-12 16:39:14,851 INFO: Elliptic Chabauty map computed. (delta = ['1'], g = [4, -11, -10, 19, 26, 9])
2022-02-12 16:39:14,855 INFO: Computing elliptic Chabauty map... (delta = ['-1', '1', '1'], g = [4, -11, -10, 19, 26, 9])
2022-02-12 16:39:32,018 INFO: Elliptic Chabauty map computed. (delta = ['-1', '1', '1'], g = [4, -11, -10, 19, 26, 9])
2022-02-12 16:39:32,021 INFO: Computing elliptic Chabauty map... (delta = ['-1/2', '1', '1'], g = [4, -11, -10, 19, 26, 9])
2022-02-12 16:39:48,920 INFO: Elliptic Chabauty map computed. (delta = ['-1/2', '1', '1'], g = [4, -11, -10, 19, 26, 9])
2022-02-12 16:39:48,924 INFO: Computing elliptic Chabauty map... (delta = ['1/2', '-3/2', '-1/2', '2', '1'], g = [4, -11, -10, 19, 26, 9])
2022-02-12 16:40:06,109 INFO: Elliptic Chabauty map computed. (delta = ['1/2', '-3/2', '-1/2', '2', '1'], g = [4, -11, -10, 19, 26, 9])
2022-02-12 16:40:06,112 INFO: Tasks complete. Recording data and exiting.
