2022-01-11 15:10:12,748 INFO: Initialized curve data.
2022-01-11 15:10:12,783 INFO: Setting up initial twist data...
2022-01-11 15:10:13,771 INFO: Twist setup complete.
2022-01-11 15:10:13,771 INFO: Searching for rational points on each twist...
2022-01-11 15:10:15,057 INFO: Finished searching for rational points on each twist.
2022-01-11 15:10:15,057 INFO: Testing local solvability of twists...
2022-01-11 15:10:15,062 INFO: Finished local solvability testing.
2022-01-11 15:10:15,063 INFO: Computing elliptic curve a-invariants...
2022-01-11 15:10:27,785 INFO: Finished computation of a-invariants.
2022-01-11 15:10:27,786 INFO: Computing MW group (delta = ['1'], g = [4, 13, 0, -22, 0, 9])...
2022-01-14 09:07:22,719 INFO: Loaded curve data from file.
2022-01-14 09:07:22,719 INFO: Reducing MW generators...
2022-01-14 09:07:22,719 INFO: Finished reducing MW generators.
2022-01-14 09:07:22,722 INFO: Skipped Chabauty because MW generators haven't been computed. (delta = ['1'], g = [4, 13, 0, -22, 0, 9])
2022-01-14 09:07:22,722 INFO: Skipped Chabauty because MW generators haven't been computed. (delta = ['4', '12', '0', '-22', '0', '9'], g = [4, 13, 0, -22, 0, 9])
2022-01-14 09:07:22,722 INFO: Skipped Chabauty because MW generators haven't been computed. (delta = ['-2', '-6', '1', '11', '0', '-9/2'], g = [4, 13, 0, -22, 0, 9])
2022-01-14 09:07:22,722 INFO: Skipped Chabauty because MW generators haven't been computed. (delta = ['-1/2', '-1'], g = [4, 13, 0, -22, 0, 9])
2022-01-14 09:07:22,723 INFO: Tasks complete. Recording data and exiting.
2022-02-12 16:49:15,677 INFO: Loaded curve data from file.
2022-02-12 16:49:15,677 INFO: Computing elliptic Chabauty map... (delta = ['1'], g = [4, 13, 0, -22, 0, 9])
2022-02-12 16:49:23,537 INFO: Elliptic Chabauty map computed. (delta = ['1'], g = [4, 13, 0, -22, 0, 9])
2022-02-12 16:49:23,540 INFO: Computing elliptic Chabauty map... (delta = ['4', '12', '0', '-22', '0', '9'], g = [4, 13, 0, -22, 0, 9])
2022-02-12 16:49:31,219 INFO: Elliptic Chabauty map computed. (delta = ['4', '12', '0', '-22', '0', '9'], g = [4, 13, 0, -22, 0, 9])
2022-02-12 16:49:31,222 INFO: Computing elliptic Chabauty map... (delta = ['-2', '-6', '1', '11', '0', '-9/2'], g = [4, 13, 0, -22, 0, 9])
2022-02-12 16:49:38,856 INFO: Elliptic Chabauty map computed. (delta = ['-2', '-6', '1', '11', '0', '-9/2'], g = [4, 13, 0, -22, 0, 9])
2022-02-12 16:49:38,859 INFO: Computing elliptic Chabauty map... (delta = ['-1/2', '-1'], g = [4, 13, 0, -22, 0, 9])
2022-02-12 16:49:46,467 INFO: Elliptic Chabauty map computed. (delta = ['-1/2', '-1'], g = [4, 13, 0, -22, 0, 9])
2022-02-12 16:49:46,470 INFO: Tasks complete. Recording data and exiting.
