2022-01-11 15:10:15,809 INFO: Initialized curve data.
2022-01-11 15:10:15,814 INFO: Setting up initial twist data...
2022-01-11 15:10:17,131 INFO: Twist setup complete.
2022-01-11 15:10:17,131 INFO: Searching for rational points on each twist...
2022-01-11 15:10:20,194 INFO: Finished searching for rational points on each twist.
2022-01-11 15:10:20,194 INFO: Testing local solvability of twists...
2022-01-11 15:10:20,201 INFO: Finished local solvability testing.
2022-01-11 15:10:20,203 INFO: Computing elliptic curve a-invariants...
2022-01-11 15:10:38,473 INFO: Finished computation of a-invariants.
2022-01-11 15:10:38,475 INFO: Computing MW group (delta = ['1', '-8', '2', '5', '-1', '1'], g = [1, -9, 1, 5, -1, 1])...
2022-01-11 15:12:51,573 INFO: Finished MW computation (delta = ['1', '-8', '2', '5', '-1', '1'], g = [1, -9, 1, 5, -1, 1])
2022-01-11 15:12:51,576 INFO: Computing MW group (delta = ['0', '-10', '1', '5', '-1', '1'], g = [1, -9, 1, 5, -1, 1])...
2022-01-11 15:14:26,975 INFO: Finished MW computation (delta = ['0', '-10', '1', '5', '-1', '1'], g = [1, -9, 1, 5, -1, 1])
2022-01-11 15:14:26,978 INFO: Computing MW group (delta = ['1'], g = [1, -9, 1, 5, -1, 1])...
2022-01-11 15:19:43,031 INFO: Finished MW computation (delta = ['1'], g = [1, -9, 1, 5, -1, 1])
2022-01-11 15:19:43,034 INFO: Computing MW group (delta = ['4', '-37', '2', '19', '-4', '4'], g = [1, -9, 1, 5, -1, 1])...
2022-01-11 15:21:16,040 INFO: Finished MW computation (delta = ['4', '-37', '2', '19', '-4', '4'], g = [1, -9, 1, 5, -1, 1])
2022-01-11 15:21:16,044 INFO: Reducing MW generators...
2022-01-11 15:21:19,258 INFO: Finished reducing MW generators.
2022-01-11 15:21:19,260 INFO: Tasks complete. Recording data and exiting.
