2022-01-01 12:51:05,943 INFO: Initialized curve data.
2022-01-01 12:51:05,946 INFO: Setting up initial twist data...
2022-01-01 12:51:07,053 INFO: Twist setup complete.
2022-01-01 12:51:07,053 INFO: Searching for rational points on each twist...
2022-01-01 12:51:08,113 INFO: Finished searching for rational points on each twist.
2022-01-01 12:51:08,113 INFO: Testing local solvability of twists...
2022-01-01 12:51:08,119 INFO: Finished local solvability testing.
2022-01-01 12:51:08,120 INFO: Computing elliptic curve a-invariants...
2022-01-01 12:51:23,228 INFO: Finished computation of a-invariants.
2022-01-01 12:51:23,230 INFO: Computing MW group (delta = ['2', '5/2', '5', '-1/2', '-3', '-1/2'], g = [-4, -4, -8, 1, 6, 1])...
2022-01-01 12:52:56,426 INFO: Finished MW computation (delta = ['2', '5/2', '5', '-1/2', '-3', '-1/2'], g = [-4, -4, -8, 1, 6, 1])
2022-01-01 12:52:56,430 INFO: Computing MW group (delta = ['-4', '-5', '-8', '1', '6', '1'], g = [-4, -4, -8, 1, 6, 1])...
2022-01-01 12:53:55,882 INFO: Finished MW computation (delta = ['-4', '-5', '-8', '1', '6', '1'], g = [-4, -4, -8, 1, 6, 1])
2022-01-01 12:53:55,886 INFO: Computing MW group (delta = ['1'], g = [-4, -4, -8, 1, 6, 1])...
2022-01-01 12:54:50,754 INFO: Finished MW computation (delta = ['1'], g = [-4, -4, -8, 1, 6, 1])
2022-01-01 12:54:50,759 INFO: Computing MW group (delta = ['-1/2', '-1'], g = [-4, -4, -8, 1, 6, 1])...
2022-01-01 12:55:44,241 INFO: Finished MW computation (delta = ['-1/2', '-1'], g = [-4, -4, -8, 1, 6, 1])
2022-01-01 12:55:44,249 INFO: Reducing MW generators...
2022-01-01 12:55:48,136 INFO: Finished reducing MW generators.
2022-01-01 12:55:48,139 INFO: Running elliptic Chabauty (delta = ['2', '5/2', '5', '-1/2', '-3', '-1/2'], g = [-4, -4, -8, 1, 6, 1])...
2022-01-01 12:56:05,959 INFO: Chabauty completed successfully (delta = ['2', '5/2', '5', '-1/2', '-3', '-1/2'], g = [-4, -4, -8, 1, 6, 1]).
2022-01-01 12:56:05,963 INFO: Running elliptic Chabauty (delta = ['-4', '-5', '-8', '1', '6', '1'], g = [-4, -4, -8, 1, 6, 1])...
2022-01-01 12:58:30,276 INFO: Chabauty completed successfully (delta = ['-4', '-5', '-8', '1', '6', '1'], g = [-4, -4, -8, 1, 6, 1]).
2022-01-01 12:58:30,280 INFO: Running elliptic Chabauty (delta = ['1'], g = [-4, -4, -8, 1, 6, 1])...
2022-01-01 13:01:37,020 INFO: Chabauty completed successfully (delta = ['1'], g = [-4, -4, -8, 1, 6, 1]).
2022-01-01 13:01:37,024 INFO: Running elliptic Chabauty (delta = ['-1/2', '-1'], g = [-4, -4, -8, 1, 6, 1])...
2022-01-01 13:03:39,850 INFO: Chabauty completed successfully (delta = ['-1/2', '-1'], g = [-4, -4, -8, 1, 6, 1]).
2022-01-01 13:03:40,151 INFO: Rational points successfully computed.
2022-01-01 13:03:40,153 INFO: Tasks complete. Recording data and exiting.
