2022-01-12 12:22:06,992 INFO: Initialized curve data.
2022-01-12 12:22:06,998 INFO: Setting up initial twist data...
2022-01-12 12:22:08,233 INFO: Twist setup complete.
2022-01-12 12:22:08,233 INFO: Searching for rational points on each twist...
2022-01-12 12:22:10,532 INFO: Finished searching for rational points on each twist.
2022-01-12 12:22:10,532 INFO: Testing local solvability of twists...
2022-01-12 12:22:10,538 INFO: Finished local solvability testing.
2022-01-12 12:22:10,539 INFO: Computing elliptic curve a-invariants...
2022-01-12 12:22:39,669 INFO: Finished computation of a-invariants.
2022-01-12 12:22:39,671 INFO: Computing MW group (delta = ['8', '-17', '5', '0', '4', '1'], g = [8, -16, 4, 0, 4, 1])...
2022-01-12 12:24:05,751 INFO: Finished MW computation (delta = ['8', '-17', '5', '0', '4', '1'], g = [8, -16, 4, 0, 4, 1])
2022-01-12 12:24:05,756 INFO: Computing MW group (delta = ['1', '-1'], g = [8, -16, 4, 0, 4, 1])...
2022-01-12 12:24:45,942 INFO: Finished MW computation (delta = ['1', '-1'], g = [8, -16, 4, 0, 4, 1])
2022-01-12 12:24:45,945 INFO: Computing MW group (delta = ['1'], g = [8, -16, 4, 0, 4, 1])...
2022-01-12 12:25:14,144 INFO: Finished MW computation (delta = ['1'], g = [8, -16, 4, 0, 4, 1])
2022-01-12 12:25:14,146 INFO: Computing MW group (delta = ['8', '-17', '4', '0', '4', '1'], g = [8, -16, 4, 0, 4, 1])...
2022-01-12 12:26:06,253 INFO: Finished MW computation (delta = ['8', '-17', '4', '0', '4', '1'], g = [8, -16, 4, 0, 4, 1])
2022-01-12 12:26:06,257 INFO: Reducing MW generators...
2022-01-12 12:26:09,666 INFO: Finished reducing MW generators.
2022-01-12 12:26:09,667 INFO: Tasks complete. Recording data and exiting.
