2022-01-12 09:25:22,422 INFO: Initialized curve data.
2022-01-12 09:25:22,427 INFO: Setting up initial twist data...
2022-01-12 09:25:23,772 INFO: Twist setup complete.
2022-01-12 09:25:23,773 INFO: Searching for rational points on each twist...
2022-01-12 09:25:26,654 INFO: Finished searching for rational points on each twist.
2022-01-12 09:25:26,654 INFO: Testing local solvability of twists...
2022-01-12 09:25:35,207 INFO: Finished local solvability testing.
2022-01-12 09:25:35,209 INFO: Computing elliptic curve a-invariants...
2022-01-12 09:25:45,287 INFO: Finished computation of a-invariants.
2022-01-12 09:25:45,289 INFO: Computing MW group (delta = ['6', '15', '4', '0', '2', '1'], g = [8, 16, 4, 0, 2, 1])...
2022-01-12 09:26:18,862 INFO: Finished MW computation (delta = ['6', '15', '4', '0', '2', '1'], g = [8, 16, 4, 0, 2, 1])
2022-01-12 09:26:18,864 INFO: Computing MW group (delta = ['1'], g = [8, 16, 4, 0, 2, 1])...
2022-01-12 09:27:25,225 INFO: Finished MW computation (delta = ['1'], g = [8, 16, 4, 0, 2, 1])
2022-01-12 09:27:25,228 INFO: Computing MW group (delta = ['16', '34', '9', '0', '4', '2'], g = [8, 16, 4, 0, 2, 1])...
2022-01-12 09:28:32,234 INFO: Finished MW computation (delta = ['16', '34', '9', '0', '4', '2'], g = [8, 16, 4, 0, 2, 1])
2022-01-12 09:28:32,236 INFO: Skipped MW computation because no base point (delta = ['-128', '-260', '-68', '-1', '-32', '-16'])
2022-01-12 09:28:32,238 INFO: Reducing MW generators...
2022-01-12 09:28:36,577 INFO: Finished reducing MW generators.
2022-01-12 09:28:36,579 INFO: Tasks complete. Recording data and exiting.
2022-01-14 09:10:18,681 INFO: Loaded curve data from file.
2022-01-14 09:10:18,682 INFO: Running elliptic Chabauty (delta = ['6', '15', '4', '0', '2', '1'], g = [8, 16, 4, 0, 2, 1])...
2022-01-14 09:10:37,911 INFO: Chabauty completed successfully (delta = ['6', '15', '4', '0', '2', '1'], g = [8, 16, 4, 0, 2, 1]).
2022-01-14 09:10:37,913 INFO: Running elliptic Chabauty (delta = ['1'], g = [8, 16, 4, 0, 2, 1])...
2022-01-14 09:10:53,272 INFO: Chabauty completed successfully (delta = ['1'], g = [8, 16, 4, 0, 2, 1]).
2022-01-14 09:10:53,288 INFO: Running elliptic Chabauty (delta = ['16', '34', '9', '0', '4', '2'], g = [8, 16, 4, 0, 2, 1])...
2022-01-14 09:11:38,525 INFO: Chabauty completed successfully (delta = ['16', '34', '9', '0', '4', '2'], g = [8, 16, 4, 0, 2, 1]).
2022-01-14 09:11:38,527 INFO: Skipped Chabauty because no base point (delta = ['-128', '-260', '-68', '-1', '-32', '-16'])
2022-01-14 09:11:38,752 INFO: Rational points successfully computed.
2022-01-14 09:11:38,754 INFO: Tasks complete. Recording data and exiting.
