2022-01-12 09:25:59,243 INFO: Initialized curve data.
2022-01-12 09:25:59,247 INFO: Setting up initial twist data...
2022-01-12 09:26:00,109 INFO: Twist setup complete.
2022-01-12 09:26:00,109 INFO: Searching for rational points on each twist...
2022-01-12 09:26:01,904 INFO: Finished searching for rational points on each twist.
2022-01-12 09:26:01,904 INFO: Testing local solvability of twists...
2022-01-12 09:26:09,421 INFO: Finished local solvability testing.
2022-01-12 09:26:09,423 INFO: Computing elliptic curve a-invariants...
2022-01-12 09:26:14,091 INFO: Finished computation of a-invariants.
2022-01-12 09:26:14,093 INFO: Skipped MW computation because no base point (delta = ['16', '16', '1', '-17', '16', '4'])
2022-01-12 09:26:14,093 INFO: Computing MW group (delta = ['4', '3', '1', '-4', '4', '1'], g = [4, 4, 0, -4, 4, 1])...
2022-01-14 09:10:56,343 INFO: Loaded curve data from file.
2022-01-14 09:10:56,344 INFO: Reducing MW generators...
2022-01-14 09:10:56,344 INFO: Finished reducing MW generators.
2022-01-14 09:10:56,349 INFO: Skipped Chabauty because no base point (delta = ['16', '16', '1', '-17', '16', '4'])
2022-01-14 09:10:56,349 INFO: Skipped Chabauty because MW generators haven't been computed. (delta = ['4', '3', '1', '-4', '4', '1'], g = [4, 4, 0, -4, 4, 1])
2022-01-14 09:10:56,349 INFO: Skipped Chabauty because MW generators haven't been computed. (delta = ['1'], g = [4, 4, 0, -4, 4, 1])
2022-01-14 09:10:56,349 INFO: Skipped Chabauty because MW generators haven't been computed. (delta = ['4', '3', '0', '-4', '4', '1'], g = [4, 4, 0, -4, 4, 1])
2022-01-14 09:10:56,424 INFO: Tasks complete. Recording data and exiting.
2022-02-12 16:41:37,857 INFO: Loaded curve data from file.
2022-02-12 16:41:37,857 INFO: Computing elliptic Chabauty map... (delta = ['4', '3', '1', '-4', '4', '1'], g = [4, 4, 0, -4, 4, 1])
2022-02-12 16:41:49,949 INFO: Elliptic Chabauty map computed. (delta = ['4', '3', '1', '-4', '4', '1'], g = [4, 4, 0, -4, 4, 1])
2022-02-12 16:41:49,952 INFO: Computing elliptic Chabauty map... (delta = ['1'], g = [4, 4, 0, -4, 4, 1])
2022-02-12 16:42:01,747 INFO: Elliptic Chabauty map computed. (delta = ['1'], g = [4, 4, 0, -4, 4, 1])
2022-02-12 16:42:01,749 INFO: Computing elliptic Chabauty map... (delta = ['4', '3', '0', '-4', '4', '1'], g = [4, 4, 0, -4, 4, 1])
2022-02-12 16:42:13,537 INFO: Elliptic Chabauty map computed. (delta = ['4', '3', '0', '-4', '4', '1'], g = [4, 4, 0, -4, 4, 1])
2022-02-12 16:42:13,539 INFO: Tasks complete. Recording data and exiting.
