2022-01-13 21:54:53,614 INFO: Initialized curve data.
2022-01-13 21:54:53,617 INFO: Setting up initial twist data...
2022-01-13 21:54:54,775 INFO: Twist setup complete.
2022-01-13 21:54:54,776 INFO: Searching for rational points on each twist...
2022-01-13 21:54:56,719 INFO: Finished searching for rational points on each twist.
2022-01-13 21:54:56,719 INFO: Testing local solvability of twists...
2022-01-13 21:55:01,485 INFO: Finished local solvability testing.
2022-01-13 21:55:01,487 INFO: Computing elliptic curve a-invariants...
2022-01-13 21:55:08,128 INFO: Finished computation of a-invariants.
2022-01-13 21:55:08,130 INFO: Skipped MW computation because no base point (delta = ['-16', '-156', '-93', '31', '16', '-4'])
2022-01-13 21:55:08,131 INFO: Computing MW group (delta = ['4', '39', '24', '-8', '-4', '1'], g = [4, 40, 24, -8, -4, 1])...
2022-01-13 21:57:44,661 INFO: Finished MW computation (delta = ['4', '39', '24', '-8', '-4', '1'], g = [4, 40, 24, -8, -4, 1])
2022-01-13 21:57:44,665 INFO: Computing MW group (delta = ['-4', '-3', '1'], g = [4, 40, 24, -8, -4, 1])...
2022-01-14 11:35:30,933 INFO: Loaded curve data from file.
2022-01-14 11:35:30,934 INFO: Reducing MW generators...
2022-01-14 11:35:31,089 INFO: Finished reducing MW generators.
2022-01-14 11:35:31,090 INFO: Skipped Chabauty because no base point (delta = ['-16', '-156', '-93', '31', '16', '-4'])
2022-01-14 11:35:31,091 INFO: Running elliptic Chabauty (delta = ['4', '39', '24', '-8', '-4', '1'], g = [4, 40, 24, -8, -4, 1])...
2022-01-14 11:35:42,000 INFO: Chabauty completed successfully (delta = ['4', '39', '24', '-8', '-4', '1'], g = [4, 40, 24, -8, -4, 1]).
2022-01-14 11:35:42,002 INFO: Skipped Chabauty because MW generators haven't been computed. (delta = ['-4', '-3', '1'], g = [4, 40, 24, -8, -4, 1])
2022-01-14 11:35:42,002 INFO: Skipped Chabauty because MW generators haven't been computed. (delta = ['1'], g = [4, 40, 24, -8, -4, 1])
2022-01-14 11:35:42,069 INFO: Tasks complete. Recording data and exiting.
