2022-01-12 09:25:56,745 INFO: Initialized curve data.
2022-01-12 09:25:56,749 INFO: Setting up initial twist data...
2022-01-12 09:25:57,651 INFO: Twist setup complete.
2022-01-12 09:25:57,651 INFO: Searching for rational points on each twist...
2022-01-12 09:25:59,362 INFO: Finished searching for rational points on each twist.
2022-01-12 09:25:59,363 INFO: Testing local solvability of twists...
2022-01-12 09:25:59,371 INFO: Finished local solvability testing.
2022-01-12 09:25:59,372 INFO: Computing elliptic curve a-invariants...
2022-01-12 09:26:14,181 INFO: Finished computation of a-invariants.
2022-01-12 09:26:14,182 INFO: Computing MW group (delta = ['-16', '0', '15', '15', '16', '-4'], g = [4, 0, -4, -4, -4, 1])...
2022-01-12 09:26:57,182 INFO: Finished MW computation (delta = ['-16', '0', '15', '15', '16', '-4'], g = [4, 0, -4, -4, -4, 1])
2022-01-12 09:26:57,185 INFO: Computing MW group (delta = ['1'], g = [4, 0, -4, -4, -4, 1])...
2022-01-12 09:27:20,496 INFO: Finished MW computation (delta = ['1'], g = [4, 0, -4, -4, -4, 1])
2022-01-12 09:27:20,499 INFO: Computing MW group (delta = ['-4', '1', '5', '4', '4', '-1'], g = [4, 0, -4, -4, -4, 1])...
2022-01-12 09:29:06,073 INFO: Finished MW computation (delta = ['-4', '1', '5', '4', '4', '-1'], g = [4, 0, -4, -4, -4, 1])
2022-01-12 09:29:06,078 INFO: Computing MW group (delta = ['4', '-1', '-4', '-4', '-4', '1'], g = [4, 0, -4, -4, -4, 1])...
2022-01-12 09:29:25,170 INFO: Finished MW computation (delta = ['4', '-1', '-4', '-4', '-4', '1'], g = [4, 0, -4, -4, -4, 1])
2022-01-12 09:29:25,175 INFO: Reducing MW generators...
2022-01-12 09:29:27,061 INFO: Finished reducing MW generators.
2022-01-12 09:29:27,063 INFO: Tasks complete. Recording data and exiting.
2022-01-14 09:10:46,453 INFO: Loaded curve data from file.
2022-01-14 09:10:46,454 INFO: Skipped Chabauty because MW group hasn't been provably computed. (delta = ['-16', '0', '15', '15', '16', '-4'], g = [4, 0, -4, -4, -4, 1])
2022-01-14 09:10:46,454 INFO: Running elliptic Chabauty (delta = ['1'], g = [4, 0, -4, -4, -4, 1])...
2022-01-14 09:10:58,678 INFO: Chabauty completed successfully (delta = ['1'], g = [4, 0, -4, -4, -4, 1]).
2022-01-14 09:10:58,680 INFO: Skipped Chabauty because MW group hasn't been provably computed. (delta = ['-4', '1', '5', '4', '4', '-1'], g = [4, 0, -4, -4, -4, 1])
2022-01-14 09:10:58,680 INFO: Running elliptic Chabauty (delta = ['4', '-1', '-4', '-4', '-4', '1'], g = [4, 0, -4, -4, -4, 1])...
2022-01-14 09:11:10,392 INFO: Chabauty completed successfully (delta = ['4', '-1', '-4', '-4', '-4', '1'], g = [4, 0, -4, -4, -4, 1]).
2022-01-14 09:11:10,458 INFO: Tasks complete. Recording data and exiting.
2022-02-12 17:19:23,990 INFO: Loaded curve data from file.
2022-02-12 17:19:23,990 INFO: Computing elliptic Chabauty map... (delta = ['-16', '0', '15', '15', '16', '-4'], g = [4, 0, -4, -4, -4, 1])
2022-02-12 17:19:39,553 INFO: Elliptic Chabauty map computed. (delta = ['-16', '0', '15', '15', '16', '-4'], g = [4, 0, -4, -4, -4, 1])
2022-02-12 17:19:39,556 INFO: Computing elliptic Chabauty map... (delta = ['1'], g = [4, 0, -4, -4, -4, 1])
2022-02-12 17:19:54,873 INFO: Elliptic Chabauty map computed. (delta = ['1'], g = [4, 0, -4, -4, -4, 1])
2022-02-12 17:19:54,875 INFO: Computing elliptic Chabauty map... (delta = ['-4', '1', '5', '4', '4', '-1'], g = [4, 0, -4, -4, -4, 1])
2022-02-12 17:20:10,108 INFO: Elliptic Chabauty map computed. (delta = ['-4', '1', '5', '4', '4', '-1'], g = [4, 0, -4, -4, -4, 1])
2022-02-12 17:20:10,111 INFO: Computing elliptic Chabauty map... (delta = ['4', '-1', '-4', '-4', '-4', '1'], g = [4, 0, -4, -4, -4, 1])
2022-02-12 17:20:25,586 INFO: Elliptic Chabauty map computed. (delta = ['4', '-1', '-4', '-4', '-4', '1'], g = [4, 0, -4, -4, -4, 1])
2022-02-12 17:20:25,590 INFO: Tasks complete. Recording data and exiting.
