2022-01-13 21:54:41,015 INFO: Initialized curve data.
2022-01-13 21:54:41,020 INFO: Setting up initial twist data...
2022-01-13 21:54:42,430 INFO: Twist setup complete.
2022-01-13 21:54:42,430 INFO: Searching for rational points on each twist...
2022-01-13 21:54:45,784 INFO: Finished searching for rational points on each twist.
2022-01-13 21:54:45,784 INFO: Testing local solvability of twists...
2022-01-13 21:56:04,680 INFO: Finished local solvability testing.
2022-01-13 21:56:04,681 INFO: Computing elliptic curve a-invariants...
2022-01-13 21:56:35,183 INFO: Finished computation of a-invariants.
2022-01-13 21:56:35,186 INFO: Computing MW group (delta = ['-4', '-11', '6', '19', '-8', '-1'], g = [4, 12, -4, -20, 8, 1])...
2022-01-14 11:35:16,084 INFO: Loaded curve data from file.
2022-01-14 11:35:16,084 INFO: Reducing MW generators...
2022-01-14 11:35:16,084 INFO: Finished reducing MW generators.
2022-01-14 11:35:16,087 INFO: Skipped Chabauty because MW generators haven't been computed. (delta = ['-4', '-11', '6', '19', '-8', '-1'], g = [4, 12, -4, -20, 8, 1])
2022-01-14 11:35:16,087 INFO: Skipped Chabauty because MW generators haven't been computed. (delta = ['1/2', '2', '3/2', '-1'], g = [4, 12, -4, -20, 8, 1])
2022-01-14 11:35:16,087 INFO: Skipped Chabauty because MW generators haven't been computed. (delta = ['-2', '-11/2', '3', '10', '-4', '-1/2'], g = [4, 12, -4, -20, 8, 1])
2022-01-14 11:35:16,087 INFO: Skipped Chabauty because MW generators haven't been computed. (delta = ['1'], g = [4, 12, -4, -20, 8, 1])
2022-01-14 11:35:16,087 INFO: Skipped Chabauty because no base point (delta = ['2', '11/2', '-4', '-23/2', '5', '1/2'])
2022-01-14 11:35:16,087 INFO: Skipped Chabauty because MW generators haven't been computed. (delta = ['4', '11', '-4', '-20', '8', '1'], g = [4, 12, -4, -20, 8, 1])
2022-01-14 11:35:16,087 INFO: Skipped Chabauty because no base point (delta = ['-1', '-2', '1'])
2022-01-14 11:35:16,087 INFO: Skipped Chabauty because no base point (delta = ['-1/2', '-1'])
2022-01-14 11:35:16,166 INFO: Tasks complete. Recording data and exiting.
