2022-01-11 12:29:14,204 INFO: Initialized curve data.
2022-01-11 12:29:14,208 INFO: Setting up initial twist data...
2022-01-11 12:29:15,183 INFO: Twist setup complete.
2022-01-11 12:29:15,184 INFO: Searching for rational points on each twist...
2022-01-11 12:29:16,474 INFO: Finished searching for rational points on each twist.
2022-01-11 12:29:16,474 INFO: Testing local solvability of twists...
2022-01-11 12:29:16,480 INFO: Finished local solvability testing.
2022-01-11 12:29:16,481 INFO: Computing elliptic curve a-invariants...
2022-01-11 12:29:24,018 INFO: Finished computation of a-invariants.
2022-01-11 12:29:24,020 INFO: Computing MW group (delta = ['-4', '-3', '14', '-30', '20', '-4'], g = [4, 4, -12, 29, -20, 4])...
2022-01-11 12:32:16,229 INFO: Finished MW computation (delta = ['-4', '-3', '14', '-30', '20', '-4'], g = [4, 4, -12, 29, -20, 4])
2022-01-11 12:32:16,231 INFO: Computing MW group (delta = ['4', '3', '-12', '29', '-20', '4'], g = [4, 4, -12, 29, -20, 4])...
2022-01-11 12:35:09,696 INFO: Finished MW computation (delta = ['4', '3', '-12', '29', '-20', '4'], g = [4, 4, -12, 29, -20, 4])
2022-01-11 12:35:09,698 INFO: Computing MW group (delta = ['1'], g = [4, 4, -12, 29, -20, 4])...
2022-01-11 12:36:19,497 INFO: Finished MW computation (delta = ['1'], g = [4, 4, -12, 29, -20, 4])
2022-01-11 12:36:19,498 INFO: Computing MW group (delta = ['-1', '-2', '1'], g = [4, 4, -12, 29, -20, 4])...
2022-01-11 12:39:07,946 INFO: Finished MW computation (delta = ['-1', '-2', '1'], g = [4, 4, -12, 29, -20, 4])
2022-01-11 12:39:07,952 INFO: Reducing MW generators...
2022-01-11 12:39:12,457 INFO: Finished reducing MW generators.
2022-01-11 12:39:12,459 INFO: Tasks complete. Recording data and exiting.
