2022-02-01 12:30:08,505 INFO: Initialized curve data.
2022-02-01 12:30:08,519 INFO: Setting up initial twist data...
2022-02-01 12:30:09,729 INFO: Twist setup complete.
2022-02-01 12:30:09,729 INFO: Searching for rational points on each twist...
2022-02-01 12:30:11,240 INFO: Finished searching for rational points on each twist.
2022-02-01 12:30:11,241 INFO: Testing local solvability of twists...
2022-02-01 12:30:22,337 INFO: Finished local solvability testing.
2022-02-01 12:30:22,339 INFO: Computing elliptic curve a-invariants...
2022-02-01 12:30:28,488 INFO: Finished computation of a-invariants.
2022-02-01 12:30:28,490 INFO: Skipped MW computation because no base point (delta = ['4', '-4', '-4', '6', '-3', '-4'])
2022-02-01 12:30:28,490 INFO: Computing MW group (delta = ['-4', '4', '5', '-4', '4', '4'], g = [-4, 3, 4, -4, 4, 4])...
2022-02-01 12:38:40,812 INFO: Finished MW computation (delta = ['-4', '4', '5', '-4', '4', '4'], g = [-4, 3, 4, -4, 4, 4])
2022-02-01 12:38:40,819 INFO: Computing MW group (delta = ['1'], g = [-4, 3, 4, -4, 4, 4])...
2022-02-02 04:42:33,799 INFO: Loaded curve data from file.
2022-02-02 04:42:33,799 INFO: Reducing MW generators...
2022-02-02 04:42:33,964 INFO: Finished reducing MW generators.
2022-02-02 04:42:33,967 INFO: Skipped Chabauty because no base point (delta = ['4', '-4', '-4', '6', '-3', '-4'])
2022-02-02 04:42:33,967 INFO: Running elliptic Chabauty (delta = ['-4', '4', '5', '-4', '4', '4'], g = [-4, 3, 4, -4, 4, 4])...
2022-02-02 04:42:45,225 INFO: Chabauty completed successfully (delta = ['-4', '4', '5', '-4', '4', '4'], g = [-4, 3, 4, -4, 4, 4]).
2022-02-02 04:42:45,226 INFO: Skipped Chabauty because MW generators haven't been computed. (delta = ['1'], g = [-4, 3, 4, -4, 4, 4])
2022-02-02 04:42:45,226 INFO: Skipped Chabauty because no base point (delta = ['-1', '1', '1'])
2022-02-02 04:42:45,317 INFO: Tasks complete. Recording data and exiting.
2022-02-12 17:25:34,772 INFO: Loaded curve data from file.
2022-02-12 17:25:34,773 INFO: Computing elliptic Chabauty map... (delta = ['-4', '4', '5', '-4', '4', '4'], g = [-4, 3, 4, -4, 4, 4])
2022-02-12 17:25:50,543 INFO: Elliptic Chabauty map computed. (delta = ['-4', '4', '5', '-4', '4', '4'], g = [-4, 3, 4, -4, 4, 4])
2022-02-12 17:25:50,546 INFO: Computing elliptic Chabauty map... (delta = ['1'], g = [-4, 3, 4, -4, 4, 4])
2022-02-12 17:26:05,719 INFO: Elliptic Chabauty map computed. (delta = ['1'], g = [-4, 3, 4, -4, 4, 4])
2022-02-12 17:26:05,721 INFO: Tasks complete. Recording data and exiting.
