2022-01-12 09:25:31,388 INFO: Initialized curve data.
2022-01-12 09:25:31,390 INFO: Setting up initial twist data...
2022-01-12 09:25:32,751 INFO: Twist setup complete.
2022-01-12 09:25:32,751 INFO: Searching for rational points on each twist...
2022-01-12 09:25:34,968 INFO: Finished searching for rational points on each twist.
2022-01-12 09:25:34,969 INFO: Testing local solvability of twists...
2022-01-12 09:25:34,974 INFO: Finished local solvability testing.
2022-01-12 09:25:34,976 INFO: Computing elliptic curve a-invariants...
2022-01-12 09:25:59,703 INFO: Finished computation of a-invariants.
2022-01-12 09:25:59,705 INFO: Computing MW group (delta = ['8', '175', '220', '92', '16', '1'], g = [8, 176, 220, 92, 16, 1])...
2022-01-12 09:26:46,776 INFO: Finished MW computation (delta = ['8', '175', '220', '92', '16', '1'], g = [8, 176, 220, 92, 16, 1])
2022-01-12 09:26:46,778 INFO: Computing MW group (delta = ['16', '350', '434', '183', '32', '2'], g = [8, 176, 220, 92, 16, 1])...
2022-01-12 09:35:27,856 INFO: Finished MW computation (delta = ['16', '350', '434', '183', '32', '2'], g = [8, 176, 220, 92, 16, 1])
2022-01-12 09:35:27,858 INFO: Computing MW group (delta = ['1'], g = [8, 176, 220, 92, 16, 1])...
2022-01-12 09:36:31,885 INFO: Finished MW computation (delta = ['1'], g = [8, 176, 220, 92, 16, 1])
2022-01-12 09:36:31,888 INFO: Computing MW group (delta = ['2', '6', '1'], g = [8, 176, 220, 92, 16, 1])...
2022-01-12 09:38:27,252 INFO: Finished MW computation (delta = ['2', '6', '1'], g = [8, 176, 220, 92, 16, 1])
2022-01-12 09:38:27,257 INFO: Reducing MW generators...
2022-01-12 09:38:30,477 INFO: Finished reducing MW generators.
2022-01-12 09:38:30,480 INFO: Tasks complete. Recording data and exiting.
2022-01-14 09:10:44,978 INFO: Loaded curve data from file.
2022-01-14 09:10:44,980 INFO: Running elliptic Chabauty (delta = ['8', '175', '220', '92', '16', '1'], g = [8, 176, 220, 92, 16, 1])...
2022-01-14 09:11:06,164 INFO: Chabauty completed successfully (delta = ['8', '175', '220', '92', '16', '1'], g = [8, 176, 220, 92, 16, 1]).
2022-01-14 09:11:06,175 INFO: Running elliptic Chabauty (delta = ['16', '350', '434', '183', '32', '2'], g = [8, 176, 220, 92, 16, 1])...
2022-01-14 09:11:22,211 INFO: Chabauty completed successfully (delta = ['16', '350', '434', '183', '32', '2'], g = [8, 176, 220, 92, 16, 1]).
2022-01-14 09:11:22,213 INFO: Running elliptic Chabauty (delta = ['1'], g = [8, 176, 220, 92, 16, 1])...
2022-01-14 09:11:37,782 INFO: Chabauty completed successfully (delta = ['1'], g = [8, 176, 220, 92, 16, 1]).
2022-01-14 09:11:37,785 INFO: Skipped Chabauty because MW group hasn't been provably computed. (delta = ['2', '6', '1'], g = [8, 176, 220, 92, 16, 1])
2022-01-14 09:11:37,912 INFO: Tasks complete. Recording data and exiting.
2022-02-12 16:49:53,581 INFO: Loaded curve data from file.
2022-02-12 16:49:53,581 INFO: Computing elliptic Chabauty map... (delta = ['8', '175', '220', '92', '16', '1'], g = [8, 176, 220, 92, 16, 1])
2022-02-12 16:50:12,855 INFO: Elliptic Chabauty map computed. (delta = ['8', '175', '220', '92', '16', '1'], g = [8, 176, 220, 92, 16, 1])
2022-02-12 16:50:12,858 INFO: Computing elliptic Chabauty map... (delta = ['16', '350', '434', '183', '32', '2'], g = [8, 176, 220, 92, 16, 1])
2022-02-12 16:50:31,150 INFO: Elliptic Chabauty map computed. (delta = ['16', '350', '434', '183', '32', '2'], g = [8, 176, 220, 92, 16, 1])
2022-02-12 16:50:31,153 INFO: Computing elliptic Chabauty map... (delta = ['1'], g = [8, 176, 220, 92, 16, 1])
2022-02-12 16:50:49,195 INFO: Elliptic Chabauty map computed. (delta = ['1'], g = [8, 176, 220, 92, 16, 1])
2022-02-12 16:50:49,198 INFO: Computing elliptic Chabauty map... (delta = ['2', '6', '1'], g = [8, 176, 220, 92, 16, 1])
2022-02-12 16:51:07,090 INFO: Elliptic Chabauty map computed. (delta = ['2', '6', '1'], g = [8, 176, 220, 92, 16, 1])
2022-02-12 16:51:07,093 INFO: Tasks complete. Recording data and exiting.
