2022-01-12 09:25:55,029 INFO: Initialized curve data.
2022-01-12 09:25:55,033 INFO: Setting up initial twist data...
2022-01-12 09:25:56,213 INFO: Twist setup complete.
2022-01-12 09:25:56,213 INFO: Searching for rational points on each twist...
2022-01-12 09:25:59,221 INFO: Finished searching for rational points on each twist.
2022-01-12 09:25:59,221 INFO: Testing local solvability of twists...
2022-01-12 09:26:08,739 INFO: Finished local solvability testing.
2022-01-12 09:26:08,741 INFO: Computing elliptic curve a-invariants...
2022-01-12 09:26:15,319 INFO: Finished computation of a-invariants.
2022-01-12 09:26:15,321 INFO: Skipped MW computation because no base point (delta = ['4', '3', '30', '-1', '0', '16'])
2022-01-12 09:26:15,321 INFO: Computing MW group (delta = ['1', '2', '9', '0', '0', '4'], g = [1, 1, 8, 0, 0, 4])...
2022-01-12 09:49:27,044 INFO: Finished MW computation (delta = ['1', '2', '9', '0', '0', '4'], g = [1, 1, 8, 0, 0, 4])
2022-01-12 09:49:27,048 INFO: Computing MW group (delta = ['0', '0', '8', '0', '0', '4'], g = [1, 1, 8, 0, 0, 4])...
2022-01-12 09:54:20,262 INFO: Finished MW computation (delta = ['0', '0', '8', '0', '0', '4'], g = [1, 1, 8, 0, 0, 4])
2022-01-12 09:54:20,265 INFO: Computing MW group (delta = ['1'], g = [1, 1, 8, 0, 0, 4])...
2022-01-14 09:10:41,334 INFO: Loaded curve data from file.
2022-01-14 09:10:41,334 INFO: Reducing MW generators...
2022-01-14 09:10:41,944 INFO: Finished reducing MW generators.
2022-01-14 09:10:41,946 INFO: Skipped Chabauty because no base point (delta = ['4', '3', '30', '-1', '0', '16'])
2022-01-14 09:10:41,946 INFO: Running elliptic Chabauty (delta = ['1', '2', '9', '0', '0', '4'], g = [1, 1, 8, 0, 0, 4])...
2022-01-14 09:10:56,658 INFO: Chabauty completed successfully (delta = ['1', '2', '9', '0', '0', '4'], g = [1, 1, 8, 0, 0, 4]).
2022-01-14 09:10:56,660 INFO: Skipped Chabauty because MW group hasn't been provably computed. (delta = ['0', '0', '8', '0', '0', '4'], g = [1, 1, 8, 0, 0, 4])
2022-01-14 09:10:56,660 INFO: Skipped Chabauty because MW generators haven't been computed. (delta = ['1'], g = [1, 1, 8, 0, 0, 4])
2022-01-14 09:10:56,863 INFO: Tasks complete. Recording data and exiting.
