2022-01-12 12:21:09,631 INFO: Initialized curve data.
2022-01-12 12:21:09,635 INFO: Setting up initial twist data...
2022-01-12 12:21:10,853 INFO: Twist setup complete.
2022-01-12 12:21:10,853 INFO: Searching for rational points on each twist...
2022-01-12 12:21:13,685 INFO: Finished searching for rational points on each twist.
2022-01-12 12:21:13,685 INFO: Testing local solvability of twists...
2022-01-12 12:21:51,961 INFO: Finished local solvability testing.
2022-01-12 12:21:51,964 INFO: Computing elliptic curve a-invariants...
2022-01-12 12:22:03,666 INFO: Finished computation of a-invariants.
2022-01-12 12:22:03,669 INFO: Computing MW group (delta = ['-1', '-1'], g = [4, 12, 8, 4, -4, 1])...
2022-01-12 13:00:15,256 INFO: Finished MW computation (delta = ['-1', '-1'], g = [4, 12, 8, 4, -4, 1])
2022-01-12 13:00:15,264 INFO: Computing MW group (delta = ['4', '11', '8', '4', '-4', '1'], g = [4, 12, 8, 4, -4, 1])...
2022-01-12 13:03:59,736 INFO: Finished MW computation (delta = ['4', '11', '8', '4', '-4', '1'], g = [4, 12, 8, 4, -4, 1])
2022-01-12 13:03:59,741 INFO: Skipped MW computation because no base point (delta = ['4', '11', '5', '3', '-3', '1'])
2022-01-12 13:03:59,741 INFO: Computing MW group (delta = ['-4', '-11', '-7', '-4', '4', '-1'], g = [4, 12, 8, 4, -4, 1])...
2022-01-12 14:44:53,205 INFO: Finished MW computation (delta = ['-4', '-11', '-7', '-4', '4', '-1'], g = [4, 12, 8, 4, -4, 1])
2022-01-12 14:44:53,214 INFO: Computing MW group (delta = ['1'], g = [4, 12, 8, 4, -4, 1])...
2022-01-12 14:46:59,550 INFO: Finished MW computation (delta = ['1'], g = [4, 12, 8, 4, -4, 1])
2022-01-12 14:46:59,556 INFO: Computing MW group (delta = ['1', '3', '1', '-1'], g = [4, 12, 8, 4, -4, 1])...
2022-01-12 14:48:22,449 INFO: Finished MW computation (delta = ['1', '3', '1', '-1'], g = [4, 12, 8, 4, -4, 1])
2022-01-12 14:48:22,455 INFO: Computing MW group (delta = ['-1', '-2', '1'], g = [4, 12, 8, 4, -4, 1])...
2022-01-12 14:49:12,589 INFO: Finished MW computation (delta = ['-1', '-2', '1'], g = [4, 12, 8, 4, -4, 1])
2022-01-12 14:49:12,595 INFO: Skipped MW computation because no base point (delta = ['-4', '-11', '-6', '-5', '4', '-1'])
2022-01-12 14:49:12,600 INFO: Reducing MW generators...
2022-01-12 14:49:17,334 INFO: Finished reducing MW generators.
2022-01-12 14:49:17,338 INFO: Tasks complete. Recording data and exiting.
2022-01-14 11:32:25,572 INFO: Loaded curve data from file.
2022-01-14 11:32:25,573 INFO: Skipped Chabauty because MW group hasn't been provably computed. (delta = ['-1', '-1'], g = [4, 12, 8, 4, -4, 1])
2022-01-14 11:32:25,573 INFO: Running elliptic Chabauty (delta = ['4', '11', '8', '4', '-4', '1'], g = [4, 12, 8, 4, -4, 1])...
2022-01-14 11:32:43,700 INFO: Chabauty completed successfully (delta = ['4', '11', '8', '4', '-4', '1'], g = [4, 12, 8, 4, -4, 1]).
2022-01-14 11:32:43,706 INFO: Skipped Chabauty because no base point (delta = ['4', '11', '5', '3', '-3', '1'])
2022-01-14 11:32:43,706 INFO: Skipped Chabauty because MW group hasn't been provably computed. (delta = ['-4', '-11', '-7', '-4', '4', '-1'], g = [4, 12, 8, 4, -4, 1])
2022-01-14 11:32:43,706 INFO: Running elliptic Chabauty (delta = ['1'], g = [4, 12, 8, 4, -4, 1])...
2022-01-14 11:32:56,612 INFO: Chabauty completed successfully (delta = ['1'], g = [4, 12, 8, 4, -4, 1]).
2022-01-14 11:32:56,616 INFO: Skipped Chabauty because MW group hasn't been provably computed. (delta = ['1', '3', '1', '-1'], g = [4, 12, 8, 4, -4, 1])
2022-01-14 11:32:56,616 INFO: Skipped Chabauty because MW group hasn't been provably computed. (delta = ['-1', '-2', '1'], g = [4, 12, 8, 4, -4, 1])
2022-01-14 11:32:56,617 INFO: Skipped Chabauty because no base point (delta = ['-4', '-11', '-6', '-5', '4', '-1'])
2022-01-14 11:32:56,920 INFO: Tasks complete. Recording data and exiting.
