2022-01-12 12:16:54,193 INFO: Initialized curve data.
2022-01-12 12:16:54,197 INFO: Setting up initial twist data...
2022-01-12 12:16:55,291 INFO: Twist setup complete.
2022-01-12 12:16:55,291 INFO: Searching for rational points on each twist...
2022-01-12 12:16:57,325 INFO: Finished searching for rational points on each twist.
2022-01-12 12:16:57,325 INFO: Testing local solvability of twists...
2022-01-12 12:16:57,330 INFO: Finished local solvability testing.
2022-01-12 12:16:57,331 INFO: Computing elliptic curve a-invariants...
2022-01-12 12:17:18,227 INFO: Finished computation of a-invariants.
2022-01-12 12:17:18,229 INFO: Computing MW group (delta = ['8', '39', '-86', '-9', '-8', '-8'], g = [-1, -5, 11, 1, 1, 1])...
2022-01-12 12:21:11,573 INFO: Finished MW computation (delta = ['8', '39', '-86', '-9', '-8', '-8'], g = [-1, -5, 11, 1, 1, 1])
2022-01-12 12:21:11,576 INFO: Computing MW group (delta = ['1'], g = [-1, -5, 11, 1, 1, 1])...
2022-01-12 12:25:15,716 INFO: Finished MW computation (delta = ['1'], g = [-1, -5, 11, 1, 1, 1])
2022-01-12 12:25:15,720 INFO: Computing MW group (delta = ['1', '4', '-10', '-1', '-1', '-1'], g = [-1, -5, 11, 1, 1, 1])...
2022-01-12 12:27:50,787 INFO: Finished MW computation (delta = ['1', '4', '-10', '-1', '-1', '-1'], g = [-1, -5, 11, 1, 1, 1])
2022-01-12 12:27:50,790 INFO: Computing MW group (delta = ['0', '-6', '11', '1', '1', '1'], g = [-1, -5, 11, 1, 1, 1])...
2022-01-12 12:30:17,461 INFO: Finished MW computation (delta = ['0', '-6', '11', '1', '1', '1'], g = [-1, -5, 11, 1, 1, 1])
2022-01-12 12:30:17,466 INFO: Reducing MW generators...
2022-01-12 12:30:22,454 INFO: Finished reducing MW generators.
2022-01-12 12:30:22,457 INFO: Tasks complete. Recording data and exiting.
