2022-01-13 21:54:54,431 INFO: Initialized curve data.
2022-01-13 21:54:54,434 INFO: Setting up initial twist data...
2022-01-13 21:54:55,229 INFO: Twist setup complete.
2022-01-13 21:54:55,229 INFO: Searching for rational points on each twist...
2022-01-13 21:54:56,539 INFO: Finished searching for rational points on each twist.
2022-01-13 21:54:56,539 INFO: Testing local solvability of twists...
2022-01-13 21:54:58,432 INFO: Finished local solvability testing.
2022-01-13 21:54:58,433 INFO: Computing elliptic curve a-invariants...
2022-01-13 21:55:07,521 INFO: Finished computation of a-invariants.
2022-01-13 21:55:07,522 INFO: Computing MW group (delta = ['1'], g = [-4, -15, -8, 6, 0, 1])...
2022-01-13 22:03:39,016 INFO: Finished MW computation (delta = ['1'], g = [-4, -15, -8, 6, 0, 1])
2022-01-13 22:03:39,019 INFO: Computing MW group (delta = ['4', '16', '9', '-6', '0', '-1'], g = [-4, -15, -8, 6, 0, 1])...
2022-01-13 22:07:54,461 INFO: Finished MW computation (delta = ['4', '16', '9', '-6', '0', '-1'], g = [-4, -15, -8, 6, 0, 1])
2022-01-13 22:07:54,464 INFO: Computing MW group (delta = ['-4', '-16', '-8', '6', '0', '1'], g = [-4, -15, -8, 6, 0, 1])...
2022-01-14 11:35:33,112 INFO: Loaded curve data from file.
2022-01-14 11:35:33,112 INFO: Reducing MW generators...
2022-01-14 11:35:33,724 INFO: Finished reducing MW generators.
2022-01-14 11:35:33,727 INFO: Skipped Chabauty because MW group hasn't been provably computed. (delta = ['1'], g = [-4, -15, -8, 6, 0, 1])
2022-01-14 11:35:33,727 INFO: Running elliptic Chabauty (delta = ['4', '16', '9', '-6', '0', '-1'], g = [-4, -15, -8, 6, 0, 1])...
2022-01-14 11:35:45,774 INFO: Chabauty completed successfully (delta = ['4', '16', '9', '-6', '0', '-1'], g = [-4, -15, -8, 6, 0, 1]).
2022-01-14 11:35:45,776 INFO: Skipped Chabauty because MW generators haven't been computed. (delta = ['-4', '-16', '-8', '6', '0', '1'], g = [-4, -15, -8, 6, 0, 1])
2022-01-14 11:35:45,776 INFO: Skipped Chabauty because no base point (delta = ['-16', '-60', '-33', '23', '0', '4'])
2022-01-14 11:35:45,846 INFO: Tasks complete. Recording data and exiting.
