2022-02-01 12:30:11,966 INFO: Initialized curve data.
2022-02-01 12:30:11,970 INFO: Setting up initial twist data...
2022-02-01 12:30:12,914 INFO: Twist setup complete.
2022-02-01 12:30:12,914 INFO: Searching for rational points on each twist...
2022-02-01 12:30:14,312 INFO: Finished searching for rational points on each twist.
2022-02-01 12:30:14,312 INFO: Testing local solvability of twists...
2022-02-01 12:30:23,288 INFO: Finished local solvability testing.
2022-02-01 12:30:23,290 INFO: Computing elliptic curve a-invariants...
2022-02-01 12:30:29,796 INFO: Finished computation of a-invariants.
2022-02-01 12:30:29,797 INFO: Skipped MW computation because no base point (delta = ['1', '0', '1'])
2022-02-01 12:30:29,797 INFO: Skipped MW computation because no base point (delta = ['1', '-1', '1'])
2022-02-01 12:30:29,797 INFO: Computing MW group (delta = ['1'], g = [-1, 2, -5, 4, -4, 1])...
2022-02-01 12:32:21,039 INFO: Finished MW computation (delta = ['1'], g = [-1, 2, -5, 4, -4, 1])
2022-02-01 12:32:21,042 INFO: Skipped MW computation because no base point (delta = ['1', '-1', '2', '-1', '1'])
2022-02-01 12:32:21,043 INFO: Reducing MW generators...
2022-02-01 12:32:22,372 INFO: Finished reducing MW generators.
2022-02-01 12:32:22,374 INFO: Tasks complete. Recording data and exiting.
2022-02-02 04:42:37,723 INFO: Loaded curve data from file.
2022-02-02 04:42:37,724 INFO: Skipped Chabauty because no base point (delta = ['1', '0', '1'])
2022-02-02 04:42:37,724 INFO: Skipped Chabauty because no base point (delta = ['1', '-1', '1'])
2022-02-02 04:42:37,724 INFO: Running elliptic Chabauty (delta = ['1'], g = [-1, 2, -5, 4, -4, 1])...
2022-02-02 04:47:03,085 INFO: Chabauty completed successfully (delta = ['1'], g = [-1, 2, -5, 4, -4, 1]).
2022-02-02 04:47:03,089 INFO: Skipped Chabauty because no base point (delta = ['1', '-1', '2', '-1', '1'])
2022-02-02 04:47:03,318 INFO: Rational points successfully computed.
2022-02-02 04:47:03,320 INFO: Tasks complete. Recording data and exiting.
