2022-01-12 09:26:00,757 INFO: Initialized curve data.
2022-01-12 09:26:00,760 INFO: Setting up initial twist data...
2022-01-12 09:26:01,662 INFO: Twist setup complete.
2022-01-12 09:26:01,662 INFO: Searching for rational points on each twist...
2022-01-12 09:26:02,884 INFO: Finished searching for rational points on each twist.
2022-01-12 09:26:02,884 INFO: Testing local solvability of twists...
2022-01-12 09:26:12,688 INFO: Finished local solvability testing.
2022-01-12 09:26:12,689 INFO: Computing elliptic curve a-invariants...
2022-01-12 09:26:23,554 INFO: Finished computation of a-invariants.
2022-01-12 09:26:23,555 INFO: Computing MW group (delta = ['12', '-5', '-20', '-7', '2', '1'], g = [12, -4, -20, -7, 2, 1])...
2022-01-12 09:27:09,042 INFO: Finished MW computation (delta = ['12', '-5', '-20', '-7', '2', '1'], g = [12, -4, -20, -7, 2, 1])
2022-01-12 09:27:09,045 INFO: Skipped MW computation because no base point (delta = ['-12', '5', '19', '6', '-2', '-1'])
2022-01-12 09:27:09,046 INFO: Computing MW group (delta = ['1'], g = [12, -4, -20, -7, 2, 1])...
2022-01-12 09:32:03,086 INFO: Finished MW computation (delta = ['1'], g = [12, -4, -20, -7, 2, 1])
2022-01-12 09:32:03,089 INFO: Computing MW group (delta = ['-1', '1', '1'], g = [12, -4, -20, -7, 2, 1])...
2022-01-14 09:12:17,406 INFO: Loaded curve data from file.
2022-01-14 09:12:17,407 INFO: Reducing MW generators...
2022-01-14 09:12:18,227 INFO: Finished reducing MW generators.
2022-01-14 09:12:18,229 INFO: Skipped Chabauty because MW group hasn't been provably computed. (delta = ['12', '-5', '-20', '-7', '2', '1'], g = [12, -4, -20, -7, 2, 1])
2022-01-14 09:12:18,229 INFO: Skipped Chabauty because no base point (delta = ['-12', '5', '19', '6', '-2', '-1'])
2022-01-14 09:12:18,229 INFO: Running elliptic Chabauty (delta = ['1'], g = [12, -4, -20, -7, 2, 1])...
2022-01-14 09:12:36,846 INFO: Chabauty completed successfully (delta = ['1'], g = [12, -4, -20, -7, 2, 1]).
2022-01-14 09:12:36,848 INFO: Skipped Chabauty because MW generators haven't been computed. (delta = ['-1', '1', '1'], g = [12, -4, -20, -7, 2, 1])
2022-01-14 09:12:36,923 INFO: Tasks complete. Recording data and exiting.
2022-02-12 17:00:14,745 INFO: Loaded curve data from file.
2022-02-12 17:00:14,745 INFO: Computing elliptic Chabauty map... (delta = ['12', '-5', '-20', '-7', '2', '1'], g = [12, -4, -20, -7, 2, 1])
2022-02-12 17:00:32,378 INFO: Elliptic Chabauty map computed. (delta = ['12', '-5', '-20', '-7', '2', '1'], g = [12, -4, -20, -7, 2, 1])
2022-02-12 17:00:32,380 INFO: Computing elliptic Chabauty map... (delta = ['1'], g = [12, -4, -20, -7, 2, 1])
2022-02-12 17:00:50,053 INFO: Elliptic Chabauty map computed. (delta = ['1'], g = [12, -4, -20, -7, 2, 1])
2022-02-12 17:00:50,056 INFO: Computing elliptic Chabauty map... (delta = ['-1', '1', '1'], g = [12, -4, -20, -7, 2, 1])
2022-02-12 17:01:07,459 INFO: Elliptic Chabauty map computed. (delta = ['-1', '1', '1'], g = [12, -4, -20, -7, 2, 1])
2022-02-12 17:01:07,462 INFO: Tasks complete. Recording data and exiting.
