2022-01-13 21:54:50,555 INFO: Initialized curve data.
2022-01-13 21:54:50,559 INFO: Setting up initial twist data...
2022-01-13 21:54:52,394 INFO: Twist setup complete.
2022-01-13 21:54:52,394 INFO: Searching for rational points on each twist...
2022-01-13 21:54:58,056 INFO: Finished searching for rational points on each twist.
2022-01-13 21:54:58,057 INFO: Testing local solvability of twists...
2022-01-13 21:55:14,387 INFO: Finished local solvability testing.
2022-01-13 21:55:14,390 INFO: Computing elliptic curve a-invariants...
2022-01-13 21:55:24,033 INFO: Finished computation of a-invariants.
2022-01-13 21:55:24,037 INFO: Skipped MW computation because no base point (delta = ['128/3', '8/3', '-82', '-61/3', '152/3', '5'])
2022-01-13 21:55:24,037 INFO: Computing MW group (delta = ['16/3', '-10/3', '-35/3', '-1/3', '31/3', '1'], g = [-1, 1])...
2022-01-13 21:55:24,620 INFO: Finished MW computation (delta = ['16/3', '-10/3', '-35/3', '-1/3', '31/3', '1'], g = [-1, 1])
2022-01-13 21:55:24,624 INFO: Computing MW group (delta = ['16/3', '-10/3', '-35/3', '-1/3', '31/3', '1'], g = [-8, -8, 8, 11, 1])...
2022-01-13 21:55:38,691 INFO: Finished MW computation (delta = ['16/3', '-10/3', '-35/3', '-1/3', '31/3', '1'], g = [-8, -8, 8, 11, 1])
2022-01-13 21:55:38,696 INFO: Computing MW group (delta = ['8', '7', '-7', '-11', '-1'], g = [-1, 1])...
2022-01-13 21:55:39,093 INFO: Finished MW computation (delta = ['8', '7', '-7', '-11', '-1'], g = [-1, 1])
2022-01-13 21:55:39,098 INFO: Computing MW group (delta = ['8', '7', '-7', '-11', '-1'], g = [-8, -8, 8, 11, 1])...
2022-01-13 21:55:59,508 INFO: Finished MW computation (delta = ['8', '7', '-7', '-11', '-1'], g = [-8, -8, 8, 11, 1])
2022-01-13 21:55:59,513 INFO: Computing MW group (delta = ['1'], g = [-1, 1])...
2022-01-13 21:56:00,072 INFO: Finished MW computation (delta = ['1'], g = [-1, 1])
2022-01-13 21:56:00,076 INFO: Computing MW group (delta = ['1'], g = [-8, -8, 8, 11, 1])...
2022-01-13 21:56:24,281 INFO: Finished MW computation (delta = ['1'], g = [-8, -8, 8, 11, 1])
2022-01-13 21:56:24,302 INFO: Computing MW group (delta = ['8', '-1', '-16', '-3', '10', '1'], g = [-1, 1])...
2022-01-13 21:56:24,711 INFO: Finished MW computation (delta = ['8', '-1', '-16', '-3', '10', '1'], g = [-1, 1])
2022-01-13 21:56:24,716 INFO: Computing MW group (delta = ['8', '-1', '-16', '-3', '10', '1'], g = [-8, -8, 8, 11, 1])...
2022-01-13 21:56:55,468 INFO: Finished MW computation (delta = ['8', '-1', '-16', '-3', '10', '1'], g = [-8, -8, 8, 11, 1])
2022-01-13 21:56:55,473 INFO: Skipped MW computation because no base point (delta = ['2/3', '-1'])
2022-01-13 21:56:55,473 INFO: Computing MW group (delta = ['16/3', '-2/3', '-29/3', '-2', '20/3', '2/3'], g = [-1, 1])...
2022-01-13 21:56:56,017 INFO: Finished MW computation (delta = ['16/3', '-2/3', '-29/3', '-2', '20/3', '2/3'], g = [-1, 1])
2022-01-13 21:56:56,022 INFO: Computing MW group (delta = ['16/3', '-2/3', '-29/3', '-2', '20/3', '2/3'], g = [-8, -8, 8, 11, 1])...
2022-01-13 21:57:33,621 INFO: Finished MW computation (delta = ['16/3', '-2/3', '-29/3', '-2', '20/3', '2/3'], g = [-8, -8, 8, 11, 1])
2022-01-13 21:57:33,627 INFO: Computing MW group (delta = ['64', '-8', '-135', '-17', '91', '9'], g = [-1, 1])...
2022-01-13 21:57:34,157 INFO: Finished MW computation (delta = ['64', '-8', '-135', '-17', '91', '9'], g = [-1, 1])
2022-01-13 21:57:34,162 INFO: Computing MW group (delta = ['64', '-8', '-135', '-17', '91', '9'], g = [-8, -8, 8, 11, 1])...
2022-01-13 21:58:30,915 INFO: Finished MW computation (delta = ['64', '-8', '-135', '-17', '91', '9'], g = [-8, -8, 8, 11, 1])
2022-01-13 21:58:30,926 INFO: Reducing MW generators...
2022-01-13 21:58:39,536 INFO: Finished reducing MW generators.
2022-01-13 21:58:39,542 INFO: Tasks complete. Recording data and exiting.
2022-01-14 11:35:27,489 INFO: Loaded curve data from file.
2022-01-14 11:35:27,490 INFO: Skipped Chabauty because no base point (delta = ['128/3', '8/3', '-82', '-61/3', '152/3', '5'])
2022-01-14 11:35:27,491 INFO: Skipped Chabauty because rank >= degree(g). (delta = ['16/3', '-10/3', '-35/3', '-1/3', '31/3', '1'], g = [-1, 1])
2022-01-14 11:35:27,491 INFO: Running elliptic Chabauty (delta = ['16/3', '-10/3', '-35/3', '-1/3', '31/3', '1'], g = [-8, -8, 8, 11, 1])...
2022-01-14 11:35:45,085 INFO: Chabauty completed successfully (delta = ['16/3', '-10/3', '-35/3', '-1/3', '31/3', '1'], g = [-8, -8, 8, 11, 1]).
2022-01-14 11:35:45,092 INFO: Skipped Chabauty because rank >= degree(g). (delta = ['8', '7', '-7', '-11', '-1'], g = [-1, 1])
2022-01-14 11:35:45,092 INFO: Skipped Chabauty because MW group hasn't been provably computed. (delta = ['8', '7', '-7', '-11', '-1'], g = [-8, -8, 8, 11, 1])
2022-01-14 11:35:45,093 INFO: Skipped Chabauty because rank >= degree(g). (delta = ['1'], g = [-1, 1])
2022-01-14 11:35:45,093 INFO: Running elliptic Chabauty (delta = ['1'], g = [-8, -8, 8, 11, 1])...
2022-01-14 11:36:02,991 INFO: Chabauty completed successfully (delta = ['1'], g = [-8, -8, 8, 11, 1]).
2022-01-14 11:36:02,997 INFO: Skipped Chabauty because rank >= degree(g). (delta = ['8', '-1', '-16', '-3', '10', '1'], g = [-1, 1])
2022-01-14 11:36:02,997 INFO: Running elliptic Chabauty (delta = ['8', '-1', '-16', '-3', '10', '1'], g = [-8, -8, 8, 11, 1])...
2022-01-14 11:36:14,521 INFO: Chabauty completed successfully (delta = ['8', '-1', '-16', '-3', '10', '1'], g = [-8, -8, 8, 11, 1]).
2022-01-14 11:36:14,528 INFO: Skipped Chabauty because no base point (delta = ['2/3', '-1'])
2022-01-14 11:36:14,528 INFO: Skipped Chabauty because rank >= degree(g). (delta = ['16/3', '-2/3', '-29/3', '-2', '20/3', '2/3'], g = [-1, 1])
2022-01-14 11:36:14,528 INFO: Running elliptic Chabauty (delta = ['16/3', '-2/3', '-29/3', '-2', '20/3', '2/3'], g = [-8, -8, 8, 11, 1])...
2022-01-14 11:36:26,461 INFO: Chabauty completed successfully (delta = ['16/3', '-2/3', '-29/3', '-2', '20/3', '2/3'], g = [-8, -8, 8, 11, 1]).
2022-01-14 11:36:26,469 INFO: Skipped Chabauty because rank >= degree(g). (delta = ['64', '-8', '-135', '-17', '91', '9'], g = [-1, 1])
2022-01-14 11:36:26,469 INFO: Running elliptic Chabauty (delta = ['64', '-8', '-135', '-17', '91', '9'], g = [-8, -8, 8, 11, 1])...
2022-01-14 11:36:43,818 INFO: Chabauty completed successfully (delta = ['64', '-8', '-135', '-17', '91', '9'], g = [-8, -8, 8, 11, 1]).
2022-01-14 11:36:44,383 INFO: Tasks complete. Recording data and exiting.
