2022-01-11 15:10:17,823 INFO: Initialized curve data.
2022-01-11 15:10:17,827 INFO: Setting up initial twist data...
2022-01-11 15:10:18,938 INFO: Twist setup complete.
2022-01-11 15:10:18,938 INFO: Searching for rational points on each twist...
2022-01-11 15:10:20,909 INFO: Finished searching for rational points on each twist.
2022-01-11 15:10:20,909 INFO: Testing local solvability of twists...
2022-01-11 15:10:20,914 INFO: Finished local solvability testing.
2022-01-11 15:10:20,915 INFO: Computing elliptic curve a-invariants...
2022-01-11 15:10:35,158 INFO: Finished computation of a-invariants.
2022-01-11 15:10:35,160 INFO: Computing MW group (delta = ['1', '6', '-7', '-8', '16', '8'], g = [1, 3, -4, -4, 8, 4])...
2022-01-11 15:13:30,366 INFO: Finished MW computation (delta = ['1', '6', '-7', '-8', '16', '8'], g = [1, 3, -4, -4, 8, 4])
2022-01-11 15:13:30,368 INFO: Computing MW group (delta = ['16', '49', '-65', '-65', '129', '64'], g = [1, 3, -4, -4, 8, 4])...
2022-01-11 15:20:44,970 INFO: Finished MW computation (delta = ['16', '49', '-65', '-65', '129', '64'], g = [1, 3, -4, -4, 8, 4])
2022-01-11 15:20:44,973 INFO: Computing MW group (delta = ['1', '2', '-3', '-4', '8', '4'], g = [1, 3, -4, -4, 8, 4])...
2022-01-11 15:28:10,058 INFO: Finished MW computation (delta = ['1', '2', '-3', '-4', '8', '4'], g = [1, 3, -4, -4, 8, 4])
2022-01-11 15:28:10,061 INFO: Computing MW group (delta = ['1'], g = [1, 3, -4, -4, 8, 4])...
2022-01-11 15:30:35,736 INFO: Finished MW computation (delta = ['1'], g = [1, 3, -4, -4, 8, 4])
2022-01-11 15:30:35,743 INFO: Reducing MW generators...
2022-01-11 15:30:40,557 INFO: Finished reducing MW generators.
2022-01-11 15:30:40,560 INFO: Tasks complete. Recording data and exiting.
