2022-01-11 12:36:49,340 INFO: Initialized curve data.
2022-01-11 12:36:49,343 INFO: Setting up initial twist data...
2022-01-11 12:36:50,673 INFO: Twist setup complete.
2022-01-11 12:36:50,673 INFO: Searching for rational points on each twist...
2022-01-11 12:36:52,739 INFO: Finished searching for rational points on each twist.
2022-01-11 12:36:52,739 INFO: Testing local solvability of twists...
2022-01-11 12:36:52,745 INFO: Finished local solvability testing.
2022-01-11 12:36:52,746 INFO: Computing elliptic curve a-invariants...
2022-01-11 12:37:02,960 INFO: Finished computation of a-invariants.
2022-01-11 12:37:02,962 INFO: Computing MW group (delta = ['-8', '28', '0', '-10', '0', '1'], g = [-8, 29, 0, -10, 0, 1])...
2022-01-11 12:38:40,304 INFO: Finished MW computation (delta = ['-8', '28', '0', '-10', '0', '1'], g = [-8, 29, 0, -10, 0, 1])
2022-01-11 12:38:40,309 INFO: Computing MW group (delta = ['8', '-28', '2', '9', '0', '-1'], g = [-8, 29, 0, -10, 0, 1])...
2022-01-13 17:37:01,451 INFO: Loaded curve data from file.
2022-01-13 17:37:01,451 INFO: Reducing MW generators...
2022-01-13 17:37:01,624 INFO: Finished reducing MW generators.
2022-01-13 17:37:01,625 INFO: Running elliptic Chabauty (delta = ['-8', '28', '0', '-10', '0', '1'], g = [-8, 29, 0, -10, 0, 1])...
2022-01-13 17:37:08,120 INFO: Chabauty completed successfully (delta = ['-8', '28', '0', '-10', '0', '1'], g = [-8, 29, 0, -10, 0, 1]).
2022-01-13 17:37:08,122 INFO: Skipped Chabauty because MW generators haven't been computed. (delta = ['8', '-28', '2', '9', '0', '-1'], g = [-8, 29, 0, -10, 0, 1])
2022-01-13 17:37:08,122 INFO: Skipped Chabauty because MW generators haven't been computed. (delta = ['1'], g = [-8, 29, 0, -10, 0, 1])
2022-01-13 17:37:08,122 INFO: Skipped Chabauty because MW generators haven't been computed. (delta = ['-1', '-2', '1'], g = [-8, 29, 0, -10, 0, 1])
2022-01-13 17:37:08,159 INFO: Tasks complete. Recording data and exiting.
