2022-01-12 12:25:08,622 INFO: Initialized curve data.
2022-01-12 12:25:08,625 INFO: Setting up initial twist data...
2022-01-12 12:25:09,961 INFO: Twist setup complete.
2022-01-12 12:25:09,961 INFO: Searching for rational points on each twist...
2022-01-12 12:25:13,307 INFO: Finished searching for rational points on each twist.
2022-01-12 12:25:13,307 INFO: Testing local solvability of twists...
2022-01-12 12:25:35,797 INFO: Finished local solvability testing.
2022-01-12 12:25:35,798 INFO: Computing elliptic curve a-invariants...
2022-01-12 12:25:37,924 INFO: Finished computation of a-invariants.
2022-01-12 12:25:37,925 INFO: Skipped MW computation because no base point (delta = ['1/2', '-5/2', '1', '0', '-4'])
2022-01-12 12:25:37,926 INFO: Skipped MW computation because no base point (delta = ['1/2', '-1', '7/2', '0', '-1', '6'])
2022-01-12 12:25:37,926 INFO: Skipped MW computation because no base point (delta = ['-1', '1', '-3', '-3', '2', '-4'])
2022-01-12 12:25:37,926 INFO: Computing MW group (delta = ['1', '-2', '2', '2', '-2', '4'], g = [1, -1, 2])...
2022-01-12 12:25:39,677 INFO: Finished MW computation (delta = ['1', '-2', '2', '2', '-2', '4'], g = [1, -1, 2])
2022-01-12 12:25:39,679 INFO: Computing MW group (delta = ['1', '-2', '2', '2', '-2', '4'], g = [1, 0, 0, 2])...
2022-01-12 12:25:43,342 INFO: Finished MW computation (delta = ['1', '-2', '2', '2', '-2', '4'], g = [1, 0, 0, 2])
2022-01-12 12:25:43,344 INFO: Computing MW group (delta = ['1'], g = [1, -1, 2])...
2022-01-12 12:25:44,992 INFO: Finished MW computation (delta = ['1'], g = [1, -1, 2])
2022-01-12 12:25:44,994 INFO: Computing MW group (delta = ['1'], g = [1, 0, 0, 2])...
2022-01-12 12:25:48,480 INFO: Finished MW computation (delta = ['1'], g = [1, 0, 0, 2])
2022-01-12 12:25:48,482 INFO: Skipped MW computation because no base point (delta = ['-1/2', '-1', '-1', '-1', '-5/2', '-2'])
2022-01-12 12:25:48,482 INFO: Computing MW group (delta = ['-1', '2', '-1', '-2', '2', '-4'], g = [1, -1, 2])...
2022-01-12 12:25:50,182 INFO: Finished MW computation (delta = ['-1', '2', '-1', '-2', '2', '-4'], g = [1, -1, 2])
2022-01-12 12:25:50,184 INFO: Computing MW group (delta = ['-1', '2', '-1', '-2', '2', '-4'], g = [1, 0, 0, 2])...
2022-01-12 12:25:54,752 INFO: Finished MW computation (delta = ['-1', '2', '-1', '-2', '2', '-4'], g = [1, 0, 0, 2])
2022-01-12 12:25:54,754 INFO: Skipped MW computation because no base point (delta = ['-1/2', '2', '-4', '-1/2', '4', '-8'])
2022-01-12 12:25:54,756 INFO: Reducing MW generators...
2022-01-12 12:25:58,691 INFO: Finished reducing MW generators.
2022-01-12 12:25:58,693 INFO: Tasks complete. Recording data and exiting.
