2022-01-12 12:18:08,506 INFO: Initialized curve data.
2022-01-12 12:18:08,535 INFO: Setting up initial twist data...
2022-01-12 12:18:09,970 INFO: Twist setup complete.
2022-01-12 12:18:09,970 INFO: Searching for rational points on each twist...
2022-01-12 12:18:12,195 INFO: Finished searching for rational points on each twist.
2022-01-12 12:18:12,196 INFO: Testing local solvability of twists...
2022-01-12 12:18:14,979 INFO: Finished local solvability testing.
2022-01-12 12:18:14,981 INFO: Computing elliptic curve a-invariants...
2022-01-12 12:18:41,112 INFO: Finished computation of a-invariants.
2022-01-12 12:18:41,114 INFO: Computing MW group (delta = ['1', '2', '-1', '-1', '-1', '1'], g = [1, 3, -2, -1, -1, 1])...
2022-01-12 12:20:14,968 INFO: Finished MW computation (delta = ['1', '2', '-1', '-1', '-1', '1'], g = [1, 3, -2, -1, -1, 1])
2022-01-12 12:20:14,971 INFO: Skipped MW computation because no base point (delta = ['1', '-1'])
2022-01-12 12:20:14,971 INFO: Computing MW group (delta = ['1'], g = [1, 3, -2, -1, -1, 1])...
2022-01-12 12:21:49,817 INFO: Finished MW computation (delta = ['1'], g = [1, 3, -2, -1, -1, 1])
2022-01-12 12:21:49,821 INFO: Computing MW group (delta = ['1', '2', '0', '-2', '-1', '1'], g = [1, 3, -2, -1, -1, 1])...
2022-01-12 12:23:23,657 INFO: Finished MW computation (delta = ['1', '2', '0', '-2', '-1', '1'], g = [1, 3, -2, -1, -1, 1])
2022-01-12 12:23:23,661 INFO: Reducing MW generators...
2022-01-12 12:23:27,165 INFO: Finished reducing MW generators.
2022-01-12 12:23:27,167 INFO: Tasks complete. Recording data and exiting.
2022-01-14 11:32:17,776 INFO: Loaded curve data from file.
2022-01-14 11:32:17,777 INFO: Running elliptic Chabauty (delta = ['1', '2', '-1', '-1', '-1', '1'], g = [1, 3, -2, -1, -1, 1])...
2022-01-14 11:32:51,165 INFO: Chabauty completed successfully (delta = ['1', '2', '-1', '-1', '-1', '1'], g = [1, 3, -2, -1, -1, 1]).
2022-01-14 11:32:51,182 INFO: Skipped Chabauty because no base point (delta = ['1', '-1'])
2022-01-14 11:32:51,182 INFO: Running elliptic Chabauty (delta = ['1'], g = [1, 3, -2, -1, -1, 1])...
2022-01-14 11:33:21,803 INFO: Chabauty completed successfully (delta = ['1'], g = [1, 3, -2, -1, -1, 1]).
2022-01-14 11:33:21,805 INFO: Running elliptic Chabauty (delta = ['1', '2', '0', '-2', '-1', '1'], g = [1, 3, -2, -1, -1, 1])...
2022-01-14 11:33:49,434 INFO: Chabauty completed successfully (delta = ['1', '2', '0', '-2', '-1', '1'], g = [1, 3, -2, -1, -1, 1]).
2022-01-14 11:33:49,659 INFO: Rational points successfully computed.
2022-01-14 11:33:49,662 INFO: Tasks complete. Recording data and exiting.
