2022-01-11 15:18:01,104 INFO: Initialized curve data.
2022-01-11 15:18:01,110 INFO: Setting up initial twist data...
2022-01-11 15:18:02,017 INFO: Twist setup complete.
2022-01-11 15:18:02,017 INFO: Searching for rational points on each twist...
2022-01-11 15:18:03,422 INFO: Finished searching for rational points on each twist.
2022-01-11 15:18:03,422 INFO: Testing local solvability of twists...
2022-01-11 15:18:03,427 INFO: Finished local solvability testing.
2022-01-11 15:18:03,428 INFO: Computing elliptic curve a-invariants...
2022-01-11 15:18:09,904 INFO: Finished computation of a-invariants.
2022-01-11 15:18:09,905 INFO: Computing MW group (delta = ['-16', '-16', '15', '35', '8', '4'], g = [-4, -4, 4, 9, 2, 1])...
2022-01-11 15:19:14,187 INFO: Finished MW computation (delta = ['-16', '-16', '15', '35', '8', '4'], g = [-4, -4, 4, 9, 2, 1])
2022-01-11 15:19:14,189 INFO: Computing MW group (delta = ['4', '5', '-3', '-9', '-2', '-1'], g = [-4, -4, 4, 9, 2, 1])...
2022-01-11 15:21:48,118 INFO: Finished MW computation (delta = ['4', '5', '-3', '-9', '-2', '-1'], g = [-4, -4, 4, 9, 2, 1])
2022-01-11 15:21:48,120 INFO: Computing MW group (delta = ['1'], g = [-4, -4, 4, 9, 2, 1])...
2022-01-11 15:23:49,352 INFO: Finished MW computation (delta = ['1'], g = [-4, -4, 4, 9, 2, 1])
2022-01-11 15:23:49,354 INFO: Computing MW group (delta = ['-4', '-5', '4', '9', '2', '1'], g = [-4, -4, 4, 9, 2, 1])...
2022-01-11 15:25:38,731 INFO: Finished MW computation (delta = ['-4', '-5', '4', '9', '2', '1'], g = [-4, -4, 4, 9, 2, 1])
2022-01-11 15:25:38,734 INFO: Reducing MW generators...
2022-01-11 15:25:41,668 INFO: Finished reducing MW generators.
2022-01-11 15:25:41,670 INFO: Tasks complete. Recording data and exiting.
2022-01-14 09:07:45,005 INFO: Loaded curve data from file.
2022-01-14 09:07:45,006 INFO: Skipped Chabauty because MW group hasn't been provably computed. (delta = ['-16', '-16', '15', '35', '8', '4'], g = [-4, -4, 4, 9, 2, 1])
2022-01-14 09:07:45,006 INFO: Running elliptic Chabauty (delta = ['4', '5', '-3', '-9', '-2', '-1'], g = [-4, -4, 4, 9, 2, 1])...
2022-01-14 09:07:57,196 INFO: Chabauty completed successfully (delta = ['4', '5', '-3', '-9', '-2', '-1'], g = [-4, -4, 4, 9, 2, 1]).
2022-01-14 09:07:57,199 INFO: Running elliptic Chabauty (delta = ['1'], g = [-4, -4, 4, 9, 2, 1])...
2022-01-14 09:08:08,493 INFO: Chabauty completed successfully (delta = ['1'], g = [-4, -4, 4, 9, 2, 1]).
2022-01-14 09:08:08,495 INFO: Skipped Chabauty because MW group hasn't been provably computed. (delta = ['-4', '-5', '4', '9', '2', '1'], g = [-4, -4, 4, 9, 2, 1])
2022-01-14 09:08:08,569 INFO: Tasks complete. Recording data and exiting.
2022-02-12 16:51:46,468 INFO: Loaded curve data from file.
2022-02-12 16:51:46,469 INFO: Computing elliptic Chabauty map... (delta = ['-16', '-16', '15', '35', '8', '4'], g = [-4, -4, 4, 9, 2, 1])
2022-02-12 16:52:00,189 INFO: Elliptic Chabauty map computed. (delta = ['-16', '-16', '15', '35', '8', '4'], g = [-4, -4, 4, 9, 2, 1])
2022-02-12 16:52:00,193 INFO: Computing elliptic Chabauty map... (delta = ['4', '5', '-3', '-9', '-2', '-1'], g = [-4, -4, 4, 9, 2, 1])
2022-02-12 16:52:13,737 INFO: Elliptic Chabauty map computed. (delta = ['4', '5', '-3', '-9', '-2', '-1'], g = [-4, -4, 4, 9, 2, 1])
2022-02-12 16:52:13,740 INFO: Computing elliptic Chabauty map... (delta = ['1'], g = [-4, -4, 4, 9, 2, 1])
2022-02-12 16:52:27,332 INFO: Elliptic Chabauty map computed. (delta = ['1'], g = [-4, -4, 4, 9, 2, 1])
2022-02-12 16:52:27,335 INFO: Computing elliptic Chabauty map... (delta = ['-4', '-5', '4', '9', '2', '1'], g = [-4, -4, 4, 9, 2, 1])
2022-02-12 16:52:40,831 INFO: Elliptic Chabauty map computed. (delta = ['-4', '-5', '4', '9', '2', '1'], g = [-4, -4, 4, 9, 2, 1])
2022-02-12 16:52:40,834 INFO: Tasks complete. Recording data and exiting.
