2022-01-12 12:28:00,040 INFO: Initialized curve data.
2022-01-12 12:28:00,048 INFO: Setting up initial twist data...
2022-01-12 12:28:01,288 INFO: Twist setup complete.
2022-01-12 12:28:01,288 INFO: Searching for rational points on each twist...
2022-01-12 12:28:03,340 INFO: Finished searching for rational points on each twist.
2022-01-12 12:28:03,340 INFO: Testing local solvability of twists...
2022-01-12 12:28:04,395 INFO: Finished local solvability testing.
2022-01-12 12:28:04,396 INFO: Computing elliptic curve a-invariants...
2022-01-12 12:28:22,838 INFO: Finished computation of a-invariants.
2022-01-12 12:28:22,840 INFO: Computing MW group (delta = ['1', '0', '1'], g = [-1, 0, -1, 0, 0, 1])...
2022-01-12 12:29:03,800 INFO: Finished MW computation (delta = ['1', '0', '1'], g = [-1, 0, -1, 0, 0, 1])
2022-01-12 12:29:03,803 INFO: Computing MW group (delta = ['1', '-1', '2', '0', '0', '-1'], g = [-1, 0, -1, 0, 0, 1])...
2022-01-12 12:31:41,352 INFO: Finished MW computation (delta = ['1', '-1', '2', '0', '0', '-1'], g = [-1, 0, -1, 0, 0, 1])
2022-01-12 12:31:41,354 INFO: Computing MW group (delta = ['1'], g = [-1, 0, -1, 0, 0, 1])...
2022-01-12 12:32:33,563 INFO: Finished MW computation (delta = ['1'], g = [-1, 0, -1, 0, 0, 1])
2022-01-12 12:32:33,565 INFO: Skipped MW computation because no base point (delta = ['1', '-1', '2', '-1', '1', '-1'])
2022-01-12 12:32:33,567 INFO: Reducing MW generators...
2022-01-12 12:32:36,515 INFO: Finished reducing MW generators.
2022-01-12 12:32:36,517 INFO: Tasks complete. Recording data and exiting.
2022-01-14 11:32:39,263 INFO: Loaded curve data from file.
2022-01-14 11:32:39,263 INFO: Running elliptic Chabauty (delta = ['1', '0', '1'], g = [-1, 0, -1, 0, 0, 1])...
2022-01-14 11:32:47,855 INFO: Chabauty completed successfully (delta = ['1', '0', '1'], g = [-1, 0, -1, 0, 0, 1]).
2022-01-14 11:32:47,859 INFO: Running elliptic Chabauty (delta = ['1', '-1', '2', '0', '0', '-1'], g = [-1, 0, -1, 0, 0, 1])...
2022-01-14 11:36:35,866 INFO: Chabauty completed successfully (delta = ['1', '-1', '2', '0', '0', '-1'], g = [-1, 0, -1, 0, 0, 1]).
2022-01-14 11:36:35,869 INFO: Running elliptic Chabauty (delta = ['1'], g = [-1, 0, -1, 0, 0, 1])...
2022-01-14 11:36:43,321 INFO: Chabauty completed successfully (delta = ['1'], g = [-1, 0, -1, 0, 0, 1]).
2022-01-14 11:36:43,323 INFO: Skipped Chabauty because no base point (delta = ['1', '-1', '2', '-1', '1', '-1'])
2022-01-14 11:36:43,458 INFO: Rational points successfully computed.
2022-01-14 11:36:43,460 INFO: Tasks complete. Recording data and exiting.
