2022-01-13 21:54:35,149 INFO: Initialized curve data.
2022-01-13 21:54:35,151 INFO: Setting up initial twist data...
2022-01-13 21:54:36,153 INFO: Twist setup complete.
2022-01-13 21:54:36,154 INFO: Searching for rational points on each twist...
2022-01-13 21:54:38,104 INFO: Finished searching for rational points on each twist.
2022-01-13 21:54:38,105 INFO: Testing local solvability of twists...
2022-01-13 21:54:38,111 INFO: Finished local solvability testing.
2022-01-13 21:54:38,113 INFO: Computing elliptic curve a-invariants...
2022-01-13 21:54:45,016 INFO: Finished computation of a-invariants.
2022-01-13 21:54:45,017 INFO: Computing MW group (delta = ['4', '-1', '-4', '-3', '6', '1'], g = [4, 0, -4, -3, 6, 1])...
2022-01-13 22:34:09,484 INFO: Finished MW computation (delta = ['4', '-1', '-4', '-3', '6', '1'], g = [4, 0, -4, -3, 6, 1])
2022-01-13 22:34:09,489 INFO: Computing MW group (delta = ['1'], g = [4, 0, -4, -3, 6, 1])...
2022-01-13 22:42:25,714 INFO: Finished MW computation (delta = ['1'], g = [4, 0, -4, -3, 6, 1])
2022-01-13 22:42:25,716 INFO: Computing MW group (delta = ['4', '-1', '-3', '-3', '6', '1'], g = [4, 0, -4, -3, 6, 1])...
2022-01-13 23:00:32,013 INFO: Finished MW computation (delta = ['4', '-1', '-3', '-3', '6', '1'], g = [4, 0, -4, -3, 6, 1])
2022-01-13 23:00:32,017 INFO: Computing MW group (delta = ['16', '0', '-15', '-13', '24', '4'], g = [4, 0, -4, -3, 6, 1])...
2022-01-13 23:04:22,118 INFO: Finished MW computation (delta = ['16', '0', '-15', '-13', '24', '4'], g = [4, 0, -4, -3, 6, 1])
2022-01-13 23:04:22,122 INFO: Reducing MW generators...
2022-01-13 23:04:26,186 INFO: Finished reducing MW generators.
2022-01-13 23:04:26,188 INFO: Tasks complete. Recording data and exiting.
2022-01-14 11:35:08,502 INFO: Loaded curve data from file.
2022-01-14 11:35:08,502 INFO: Skipped Chabauty because MW group hasn't been provably computed. (delta = ['4', '-1', '-4', '-3', '6', '1'], g = [4, 0, -4, -3, 6, 1])
2022-01-14 11:35:08,502 INFO: Running elliptic Chabauty (delta = ['1'], g = [4, 0, -4, -3, 6, 1])...
2022-01-14 11:35:21,235 INFO: Chabauty completed successfully (delta = ['1'], g = [4, 0, -4, -3, 6, 1]).
2022-01-14 11:35:21,239 INFO: Running elliptic Chabauty (delta = ['4', '-1', '-3', '-3', '6', '1'], g = [4, 0, -4, -3, 6, 1])...
2022-01-14 11:35:35,340 INFO: Chabauty completed successfully (delta = ['4', '-1', '-3', '-3', '6', '1'], g = [4, 0, -4, -3, 6, 1]).
2022-01-14 11:35:35,342 INFO: Skipped Chabauty because MW group hasn't been provably computed. (delta = ['16', '0', '-15', '-13', '24', '4'], g = [4, 0, -4, -3, 6, 1])
2022-01-14 11:35:35,413 INFO: Tasks complete. Recording data and exiting.
2022-02-12 16:50:34,663 INFO: Loaded curve data from file.
2022-02-12 16:50:34,663 INFO: Computing elliptic Chabauty map... (delta = ['4', '-1', '-4', '-3', '6', '1'], g = [4, 0, -4, -3, 6, 1])
2022-02-12 16:50:47,064 INFO: Elliptic Chabauty map computed. (delta = ['4', '-1', '-4', '-3', '6', '1'], g = [4, 0, -4, -3, 6, 1])
2022-02-12 16:50:47,067 INFO: Computing elliptic Chabauty map... (delta = ['1'], g = [4, 0, -4, -3, 6, 1])
2022-02-12 16:50:59,368 INFO: Elliptic Chabauty map computed. (delta = ['1'], g = [4, 0, -4, -3, 6, 1])
2022-02-12 16:50:59,371 INFO: Computing elliptic Chabauty map... (delta = ['4', '-1', '-3', '-3', '6', '1'], g = [4, 0, -4, -3, 6, 1])
2022-02-12 16:51:11,743 INFO: Elliptic Chabauty map computed. (delta = ['4', '-1', '-3', '-3', '6', '1'], g = [4, 0, -4, -3, 6, 1])
2022-02-12 16:51:11,746 INFO: Computing elliptic Chabauty map... (delta = ['16', '0', '-15', '-13', '24', '4'], g = [4, 0, -4, -3, 6, 1])
2022-02-12 16:51:24,072 INFO: Elliptic Chabauty map computed. (delta = ['16', '0', '-15', '-13', '24', '4'], g = [4, 0, -4, -3, 6, 1])
2022-02-12 16:51:24,075 INFO: Tasks complete. Recording data and exiting.
