2022-01-12 12:19:46,100 INFO: Initialized curve data.
2022-01-12 12:19:46,104 INFO: Setting up initial twist data...
2022-01-12 12:19:47,162 INFO: Twist setup complete.
2022-01-12 12:19:47,162 INFO: Searching for rational points on each twist...
2022-01-12 12:19:48,600 INFO: Finished searching for rational points on each twist.
2022-01-12 12:19:48,600 INFO: Testing local solvability of twists...
2022-01-12 12:19:59,983 INFO: Finished local solvability testing.
2022-01-12 12:19:59,984 INFO: Computing elliptic curve a-invariants...
2022-01-12 12:20:10,047 INFO: Finished computation of a-invariants.
2022-01-12 12:20:10,049 INFO: Skipped MW computation because no base point (delta = ['-2/3', '77/6', '-5/6', '-31/6', '-5/3', '-1/6'])
2022-01-12 12:20:10,049 INFO: Computing MW group (delta = ['-1/6', '7/2', '1'], g = [4, -76, -16, 25, 10, 1])...
2022-01-14 11:32:22,772 INFO: Loaded curve data from file.
2022-01-14 11:32:22,772 INFO: Reducing MW generators...
2022-01-14 11:32:22,772 INFO: Finished reducing MW generators.
2022-01-14 11:32:22,774 INFO: Skipped Chabauty because no base point (delta = ['-2/3', '77/6', '-5/6', '-31/6', '-5/3', '-1/6'])
2022-01-14 11:32:22,774 INFO: Skipped Chabauty because MW generators haven't been computed. (delta = ['-1/6', '7/2', '1'], g = [4, -76, -16, 25, 10, 1])
2022-01-14 11:32:22,775 INFO: Skipped Chabauty because MW generators haven't been computed. (delta = ['1'], g = [4, -76, -16, 25, 10, 1])
2022-01-14 11:32:22,775 INFO: Skipped Chabauty because MW generators haven't been computed. (delta = ['4', '-77', '-16', '25', '10', '1'], g = [4, -76, -16, 25, 10, 1])
2022-01-14 11:32:22,882 INFO: Tasks complete. Recording data and exiting.
2022-02-12 16:42:26,552 INFO: Loaded curve data from file.
2022-02-12 16:42:26,552 INFO: Computing elliptic Chabauty map... (delta = ['-1/6', '7/2', '1'], g = [4, -76, -16, 25, 10, 1])
2022-02-12 16:42:42,469 INFO: Elliptic Chabauty map computed. (delta = ['-1/6', '7/2', '1'], g = [4, -76, -16, 25, 10, 1])
2022-02-12 16:42:42,472 INFO: Computing elliptic Chabauty map... (delta = ['1'], g = [4, -76, -16, 25, 10, 1])
2022-02-12 16:42:57,874 INFO: Elliptic Chabauty map computed. (delta = ['1'], g = [4, -76, -16, 25, 10, 1])
2022-02-12 16:42:57,875 INFO: Computing elliptic Chabauty map... (delta = ['4', '-77', '-16', '25', '10', '1'], g = [4, -76, -16, 25, 10, 1])
2022-02-12 16:43:13,364 INFO: Elliptic Chabauty map computed. (delta = ['4', '-77', '-16', '25', '10', '1'], g = [4, -76, -16, 25, 10, 1])
2022-02-12 16:43:13,366 INFO: Tasks complete. Recording data and exiting.
