2022-01-14 12:17:21,732 INFO: Initialized curve data.
2022-01-14 12:17:21,735 INFO: Setting up initial twist data...
2022-01-14 12:17:23,046 INFO: Twist setup complete.
2022-01-14 12:17:23,046 INFO: Searching for rational points on each twist...
2022-01-14 12:17:24,975 INFO: Finished searching for rational points on each twist.
2022-01-14 12:17:24,976 INFO: Testing local solvability of twists...
2022-01-14 12:17:26,733 INFO: Finished local solvability testing.
2022-01-14 12:17:26,734 INFO: Computing elliptic curve a-invariants...
2022-01-14 12:17:33,589 INFO: Finished computation of a-invariants.
2022-01-14 12:17:33,591 INFO: Skipped MW computation because no base point (delta = ['1', '-1', '1'])
2022-01-14 12:17:33,591 INFO: Computing MW group (delta = ['1'], g = [-4, 8, -4, -5, 0, 4])...
2022-01-14 12:23:24,384 INFO: Finished MW computation (delta = ['1'], g = [-4, 8, -4, -5, 0, 4])
2022-01-14 12:23:24,388 INFO: Computing MW group (delta = ['4', '-9', '6', '3', '1', '-4'], g = [-4, 8, -4, -5, 0, 4])...
2022-01-14 12:27:49,141 INFO: Finished MW computation (delta = ['4', '-9', '6', '3', '1', '-4'], g = [-4, 8, -4, -5, 0, 4])
2022-01-14 12:27:49,144 INFO: Computing MW group (delta = ['4', '-9', '5', '5', '0', '-4'], g = [-4, 8, -4, -5, 0, 4])...
2022-01-14 12:38:19,852 INFO: Finished MW computation (delta = ['4', '-9', '5', '5', '0', '-4'], g = [-4, 8, -4, -5, 0, 4])
2022-01-14 12:38:19,858 INFO: Reducing MW generators...
2022-01-14 12:38:24,233 INFO: Finished reducing MW generators.
2022-01-14 12:38:24,316 INFO: Tasks complete. Recording data and exiting.
2022-01-14 15:52:28,111 INFO: Loaded curve data from file.
2022-01-14 15:52:28,111 INFO: Skipped Chabauty because no base point (delta = ['1', '-1', '1'])
2022-01-14 15:52:28,111 INFO: Skipped Chabauty because MW group hasn't been provably computed. (delta = ['1'], g = [-4, 8, -4, -5, 0, 4])
2022-01-14 15:52:28,111 INFO: Running elliptic Chabauty (delta = ['4', '-9', '6', '3', '1', '-4'], g = [-4, 8, -4, -5, 0, 4])...
2022-01-14 15:52:53,812 INFO: Chabauty completed successfully (delta = ['4', '-9', '6', '3', '1', '-4'], g = [-4, 8, -4, -5, 0, 4]).
2022-01-14 15:52:53,815 INFO: Running elliptic Chabauty (delta = ['4', '-9', '5', '5', '0', '-4'], g = [-4, 8, -4, -5, 0, 4])...
2022-01-14 15:53:13,787 INFO: Chabauty completed successfully (delta = ['4', '-9', '5', '5', '0', '-4'], g = [-4, 8, -4, -5, 0, 4]).
2022-01-14 15:53:13,918 INFO: Tasks complete. Recording data and exiting.
