2022-01-12 12:16:54,352 INFO: Initialized curve data.
2022-01-12 12:16:54,354 INFO: Setting up initial twist data...
2022-01-12 12:16:55,588 INFO: Twist setup complete.
2022-01-12 12:16:55,588 INFO: Searching for rational points on each twist...
2022-01-12 12:16:57,162 INFO: Finished searching for rational points on each twist.
2022-01-12 12:16:57,162 INFO: Testing local solvability of twists...
2022-01-12 12:16:58,072 INFO: Finished local solvability testing.
2022-01-12 12:16:58,074 INFO: Computing elliptic curve a-invariants...
2022-01-12 12:17:04,168 INFO: Finished computation of a-invariants.
2022-01-12 12:17:04,170 INFO: Computing MW group (delta = ['12', '20', '14', '7', '2', '1'], g = [12, 21, 14, 7, 2, 1])...
2022-01-12 12:20:00,390 INFO: Finished MW computation (delta = ['12', '20', '14', '7', '2', '1'], g = [12, 21, 14, 7, 2, 1])
2022-01-12 12:20:00,393 INFO: Computing MW group (delta = ['1'], g = [12, 21, 14, 7, 2, 1])...
2022-01-14 11:32:15,831 INFO: Loaded curve data from file.
2022-01-14 11:32:15,832 INFO: Reducing MW generators...
2022-01-14 11:32:16,447 INFO: Finished reducing MW generators.
2022-01-14 11:32:16,450 INFO: Running elliptic Chabauty (delta = ['12', '20', '14', '7', '2', '1'], g = [12, 21, 14, 7, 2, 1])...
2022-01-14 12:49:48,945 INFO: Chabauty completed successfully (delta = ['12', '20', '14', '7', '2', '1'], g = [12, 21, 14, 7, 2, 1]).
2022-01-14 12:49:48,952 INFO: Skipped Chabauty because MW generators haven't been computed. (delta = ['1'], g = [12, 21, 14, 7, 2, 1])
2022-01-14 12:49:48,952 INFO: Skipped Chabauty because no base point (delta = ['-144', '-252', '-169', '-85', '-24', '-12'])
2022-01-14 12:49:48,952 INFO: Skipped Chabauty because MW generators haven't been computed. (delta = ['-12', '-20', '-13', '-7', '-2', '-1'], g = [12, 21, 14, 7, 2, 1])
2022-01-14 12:49:49,037 INFO: Tasks complete. Recording data and exiting.
