2022-01-11 15:18:01,077 INFO: Initialized curve data.
2022-01-11 15:18:01,083 INFO: Setting up initial twist data...
2022-01-11 15:18:02,065 INFO: Twist setup complete.
2022-01-11 15:18:02,065 INFO: Searching for rational points on each twist...
2022-01-11 15:18:03,638 INFO: Finished searching for rational points on each twist.
2022-01-11 15:18:03,638 INFO: Testing local solvability of twists...
2022-01-11 15:18:14,728 INFO: Finished local solvability testing.
2022-01-11 15:18:14,729 INFO: Computing elliptic curve a-invariants...
2022-01-11 15:18:19,606 INFO: Finished computation of a-invariants.
2022-01-11 15:18:19,608 INFO: Skipped MW computation because no base point (delta = ['-1', '-1'])
2022-01-11 15:18:19,608 INFO: Computing MW group (delta = ['1'], g = [-13, 3, 3, 1, -3, 1])...
2022-01-11 15:29:34,496 INFO: Finished MW computation (delta = ['1'], g = [-13, 3, 3, 1, -3, 1])
2022-01-11 15:29:34,501 INFO: Computing MW group (delta = ['25', '-6', '-5', '-2', '6', '-2'], g = [-13, 3, 3, 1, -3, 1])...
2022-01-14 09:07:46,171 INFO: Loaded curve data from file.
2022-01-14 09:07:46,171 INFO: Reducing MW generators...
2022-01-14 09:07:46,906 INFO: Finished reducing MW generators.
2022-01-14 09:07:46,909 INFO: Skipped Chabauty because no base point (delta = ['-1', '-1'])
2022-01-14 09:07:46,909 INFO: Running elliptic Chabauty (delta = ['1'], g = [-13, 3, 3, 1, -3, 1])...
2022-01-14 09:08:42,908 INFO: Chabauty completed successfully (delta = ['1'], g = [-13, 3, 3, 1, -3, 1]).
2022-01-14 09:08:42,911 INFO: Skipped Chabauty because MW generators haven't been computed. (delta = ['25', '-6', '-5', '-2', '6', '-2'], g = [-13, 3, 3, 1, -3, 1])
2022-01-14 09:08:42,911 INFO: Skipped Chabauty because MW generators haven't been computed. (delta = ['-12', '2', '3', '1', '-3', '1'], g = [-13, 3, 3, 1, -3, 1])
2022-01-14 09:08:43,009 INFO: Tasks complete. Recording data and exiting.
