2022-01-11 15:10:18,485 INFO: Initialized curve data.
2022-01-11 15:10:18,490 INFO: Setting up initial twist data...
2022-01-11 15:10:20,332 INFO: Twist setup complete.
2022-01-11 15:10:20,332 INFO: Searching for rational points on each twist...
2022-01-11 15:10:25,199 INFO: Finished searching for rational points on each twist.
2022-01-11 15:10:25,199 INFO: Testing local solvability of twists...
2022-01-11 15:10:46,839 INFO: Finished local solvability testing.
2022-01-11 15:10:46,841 INFO: Computing elliptic curve a-invariants...
2022-01-11 15:11:12,514 INFO: Finished computation of a-invariants.
2022-01-11 15:11:12,516 INFO: Skipped MW computation because no base point (delta = ['-2', '5/2', '13/2', '-11/2', '-5', '-1/2'])
2022-01-11 15:11:12,516 INFO: Skipped MW computation because no base point (delta = ['-1', '5/4', '11/4', '-5/4', '-3', '-5/4'])
2022-01-11 15:11:12,516 INFO: Computing MW group (delta = ['1'], g = [4, -4, -16, 12, 12, 1])...
2022-01-11 15:12:54,162 INFO: Finished MW computation (delta = ['1'], g = [4, -4, -16, 12, 12, 1])
2022-01-11 15:12:54,165 INFO: Computing MW group (delta = ['-1', '1', '1'], g = [4, -4, -16, 12, 12, 1])...
2022-01-11 15:17:17,476 INFO: Finished MW computation (delta = ['-1', '1', '1'], g = [4, -4, -16, 12, 12, 1])
2022-01-11 15:17:17,478 INFO: Computing MW group (delta = ['-1/2', '3/2', '-1/2', '-1'], g = [4, -4, -16, 12, 12, 1])...
2022-01-11 15:21:25,496 INFO: Finished MW computation (delta = ['-1/2', '3/2', '-1/2', '-1'], g = [4, -4, -16, 12, 12, 1])
2022-01-11 15:21:25,500 INFO: Skipped MW computation because no base point (delta = ['1/2', '-1'])
2022-01-11 15:21:25,501 INFO: Computing MW group (delta = ['1', '-5/4', '-3', '2', '3', '1/4'], g = [4, -4, -16, 12, 12, 1])...
2022-01-11 15:38:58,889 INFO: Finished MW computation (delta = ['1', '-5/4', '-3', '2', '3', '1/4'], g = [4, -4, -16, 12, 12, 1])
2022-01-11 15:38:58,894 INFO: Computing MW group (delta = ['2', '-5/2', '-7', '6', '6', '1/2'], g = [4, -4, -16, 12, 12, 1])...
2022-01-11 15:59:30,547 INFO: Finished MW computation (delta = ['2', '-5/2', '-7', '6', '6', '1/2'], g = [4, -4, -16, 12, 12, 1])
2022-01-11 15:59:30,552 INFO: Unable to use elliptic Chabauty on twist (delta = ['2', '-5/2', '-7', '6', '6', '1/2'])
2022-01-11 15:59:30,555 INFO: Obstruction found to provably computing rational points. Exiting.
2022-01-14 09:07:31,637 INFO: Loaded curve data from file.
2022-01-14 09:07:31,637 INFO: Obstruction already found. Exiting.
