2022-01-12 12:17:55,569 INFO: Initialized curve data.
2022-01-12 12:17:55,582 INFO: Setting up initial twist data...
2022-01-12 12:17:56,858 INFO: Twist setup complete.
2022-01-12 12:17:56,858 INFO: Searching for rational points on each twist...
2022-01-12 12:17:58,899 INFO: Finished searching for rational points on each twist.
2022-01-12 12:17:58,899 INFO: Testing local solvability of twists...
2022-01-12 12:18:11,761 INFO: Finished local solvability testing.
2022-01-12 12:18:11,762 INFO: Computing elliptic curve a-invariants...
2022-01-12 12:18:18,034 INFO: Finished computation of a-invariants.
2022-01-12 12:18:18,036 INFO: Computing MW group (delta = ['1'], g = [4, 1, 6, 7, -2, 1])...
2022-01-14 11:32:17,695 INFO: Loaded curve data from file.
2022-01-14 11:32:17,695 INFO: Reducing MW generators...
2022-01-14 11:32:17,695 INFO: Finished reducing MW generators.
2022-01-14 11:32:17,697 INFO: Skipped Chabauty because MW generators haven't been computed. (delta = ['1'], g = [4, 1, 6, 7, -2, 1])
2022-01-14 11:32:17,697 INFO: Skipped Chabauty because no base point (delta = ['-16', '-4', '-25', '-29', '8', '-4'])
2022-01-14 11:32:17,697 INFO: Skipped Chabauty because MW generators haven't been computed. (delta = ['4', '0', '6', '7', '-2', '1'], g = [4, 1, 6, 7, -2, 1])
2022-01-14 11:32:17,698 INFO: Skipped Chabauty because MW generators haven't been computed. (delta = ['-4', '0', '-5', '-7', '2', '-1'], g = [4, 1, 6, 7, -2, 1])
2022-01-14 11:32:17,742 INFO: Tasks complete. Recording data and exiting.
2022-02-12 17:37:39,187 INFO: Loaded curve data from file.
2022-02-12 17:37:39,187 INFO: Computing elliptic Chabauty map... (delta = ['1'], g = [4, 1, 6, 7, -2, 1])
2022-02-12 17:37:52,525 INFO: Elliptic Chabauty map computed. (delta = ['1'], g = [4, 1, 6, 7, -2, 1])
2022-02-12 17:37:52,528 INFO: Computing elliptic Chabauty map... (delta = ['4', '0', '6', '7', '-2', '1'], g = [4, 1, 6, 7, -2, 1])
2022-02-12 17:38:05,693 INFO: Elliptic Chabauty map computed. (delta = ['4', '0', '6', '7', '-2', '1'], g = [4, 1, 6, 7, -2, 1])
2022-02-12 17:38:05,695 INFO: Computing elliptic Chabauty map... (delta = ['-4', '0', '-5', '-7', '2', '-1'], g = [4, 1, 6, 7, -2, 1])
2022-02-12 17:38:18,861 INFO: Elliptic Chabauty map computed. (delta = ['-4', '0', '-5', '-7', '2', '-1'], g = [4, 1, 6, 7, -2, 1])
2022-02-12 17:38:18,863 INFO: Tasks complete. Recording data and exiting.
