2022-01-12 09:25:22,598 INFO: Initialized curve data.
2022-01-12 09:25:22,601 INFO: Setting up initial twist data...
2022-01-12 09:25:23,921 INFO: Twist setup complete.
2022-01-12 09:25:23,921 INFO: Searching for rational points on each twist...
2022-01-12 09:25:25,906 INFO: Finished searching for rational points on each twist.
2022-01-12 09:25:25,906 INFO: Testing local solvability of twists...
2022-01-12 09:25:44,301 INFO: Finished local solvability testing.
2022-01-12 09:25:44,303 INFO: Computing elliptic curve a-invariants...
2022-01-12 09:26:14,475 INFO: Finished computation of a-invariants.
2022-01-12 09:26:14,477 INFO: Skipped MW computation because no base point (delta = ['-16', '-80', '-97', '3', '24', '4'])
2022-01-12 09:26:14,477 INFO: Computing MW group (delta = ['4', '21', '25', '-1', '-6', '-1'], g = [-4, -20, -24, 1, 6, 1])...
2022-01-12 09:29:30,205 INFO: Finished MW computation (delta = ['4', '21', '25', '-1', '-6', '-1'], g = [-4, -20, -24, 1, 6, 1])
2022-01-12 09:29:30,208 INFO: Computing MW group (delta = ['1'], g = [-4, -20, -24, 1, 6, 1])...
2022-01-12 09:31:50,501 INFO: Finished MW computation (delta = ['1'], g = [-4, -20, -24, 1, 6, 1])
2022-01-12 09:31:50,503 INFO: Computing MW group (delta = ['-4', '-21', '-24', '1', '6', '1'], g = [-4, -20, -24, 1, 6, 1])...
2022-01-12 09:34:02,967 INFO: Finished MW computation (delta = ['-4', '-21', '-24', '1', '6', '1'], g = [-4, -20, -24, 1, 6, 1])
2022-01-12 09:34:02,972 INFO: Reducing MW generators...
2022-01-12 09:34:06,030 INFO: Finished reducing MW generators.
2022-01-12 09:34:06,033 INFO: Tasks complete. Recording data and exiting.
2022-01-14 09:10:18,861 INFO: Loaded curve data from file.
2022-01-14 09:10:18,861 INFO: Skipped Chabauty because no base point (delta = ['-16', '-80', '-97', '3', '24', '4'])
2022-01-14 09:10:18,861 INFO: Running elliptic Chabauty (delta = ['4', '21', '25', '-1', '-6', '-1'], g = [-4, -20, -24, 1, 6, 1])...
2022-01-14 09:10:41,826 INFO: Chabauty completed successfully (delta = ['4', '21', '25', '-1', '-6', '-1'], g = [-4, -20, -24, 1, 6, 1]).
2022-01-14 09:10:41,828 INFO: Running elliptic Chabauty (delta = ['1'], g = [-4, -20, -24, 1, 6, 1])...
2022-01-14 09:11:54,011 INFO: Chabauty completed successfully (delta = ['1'], g = [-4, -20, -24, 1, 6, 1]).
2022-01-14 09:11:54,014 INFO: Running elliptic Chabauty (delta = ['-4', '-21', '-24', '1', '6', '1'], g = [-4, -20, -24, 1, 6, 1])...
2022-01-14 09:18:04,680 INFO: Chabauty completed successfully (delta = ['-4', '-21', '-24', '1', '6', '1'], g = [-4, -20, -24, 1, 6, 1]).
2022-01-14 09:18:04,932 INFO: Rational points successfully computed.
2022-01-14 09:18:04,933 INFO: Tasks complete. Recording data and exiting.
