2022-01-13 21:54:40,008 INFO: Initialized curve data.
2022-01-13 21:54:40,013 INFO: Setting up initial twist data...
2022-01-13 21:54:41,080 INFO: Twist setup complete.
2022-01-13 21:54:41,080 INFO: Searching for rational points on each twist...
2022-01-13 21:54:42,718 INFO: Finished searching for rational points on each twist.
2022-01-13 21:54:42,718 INFO: Testing local solvability of twists...
2022-01-13 21:54:42,727 INFO: Finished local solvability testing.
2022-01-13 21:54:42,728 INFO: Computing elliptic curve a-invariants...
2022-01-13 21:54:56,047 INFO: Finished computation of a-invariants.
2022-01-13 21:54:56,049 INFO: Computing MW group (delta = ['-4', '9', '13', '-4', '-4', '-1'], g = [4, -8, -12, 4, 4, 1])...
2022-01-13 21:55:51,602 INFO: Finished MW computation (delta = ['-4', '9', '13', '-4', '-4', '-1'], g = [4, -8, -12, 4, 4, 1])
2022-01-13 21:55:51,607 INFO: Computing MW group (delta = ['1'], g = [4, -8, -12, 4, 4, 1])...
2022-01-13 21:58:20,613 INFO: Finished MW computation (delta = ['1'], g = [4, -8, -12, 4, 4, 1])
2022-01-13 21:58:20,616 INFO: Computing MW group (delta = ['-16', '32', '47', '-17', '-16', '-4'], g = [4, -8, -12, 4, 4, 1])...
2022-01-13 21:59:25,584 INFO: Finished MW computation (delta = ['-16', '32', '47', '-17', '-16', '-4'], g = [4, -8, -12, 4, 4, 1])
2022-01-13 21:59:25,588 INFO: Computing MW group (delta = ['4', '-9', '-12', '4', '4', '1'], g = [4, -8, -12, 4, 4, 1])...
2022-01-13 23:34:42,413 INFO: Finished MW computation (delta = ['4', '-9', '-12', '4', '4', '1'], g = [4, -8, -12, 4, 4, 1])
2022-01-13 23:34:42,421 INFO: Reducing MW generators...
2022-01-13 23:34:44,451 INFO: Finished reducing MW generators.
2022-01-13 23:34:44,453 INFO: Tasks complete. Recording data and exiting.
2022-01-14 11:35:14,912 INFO: Loaded curve data from file.
2022-01-14 11:35:14,913 INFO: Skipped Chabauty because MW group hasn't been provably computed. (delta = ['-4', '9', '13', '-4', '-4', '-1'], g = [4, -8, -12, 4, 4, 1])
2022-01-14 11:35:14,913 INFO: Skipped Chabauty because MW group hasn't been provably computed. (delta = ['1'], g = [4, -8, -12, 4, 4, 1])
2022-01-14 11:35:14,913 INFO: Skipped Chabauty because MW group hasn't been provably computed. (delta = ['-16', '32', '47', '-17', '-16', '-4'], g = [4, -8, -12, 4, 4, 1])
2022-01-14 11:35:14,913 INFO: Running elliptic Chabauty (delta = ['4', '-9', '-12', '4', '4', '1'], g = [4, -8, -12, 4, 4, 1])...
2022-01-14 11:35:31,347 INFO: Chabauty completed successfully (delta = ['4', '-9', '-12', '4', '4', '1'], g = [4, -8, -12, 4, 4, 1]).
2022-01-14 11:35:31,396 INFO: Tasks complete. Recording data and exiting.
