2022-01-11 15:10:19,068 INFO: Initialized curve data.
2022-01-11 15:10:19,072 INFO: Setting up initial twist data...
2022-01-11 15:10:19,993 INFO: Twist setup complete.
2022-01-11 15:10:19,993 INFO: Searching for rational points on each twist...
2022-01-11 15:10:21,748 INFO: Finished searching for rational points on each twist.
2022-01-11 15:10:21,748 INFO: Testing local solvability of twists...
2022-01-11 15:10:21,753 INFO: Finished local solvability testing.
2022-01-11 15:10:21,754 INFO: Computing elliptic curve a-invariants...
2022-01-11 15:10:35,343 INFO: Finished computation of a-invariants.
2022-01-11 15:10:35,344 INFO: Computing MW group (delta = ['1'], g = [-4, 0, 0, -8, -2, 1])...
2022-01-11 15:10:53,412 INFO: Finished MW computation (delta = ['1'], g = [-4, 0, 0, -8, -2, 1])
2022-01-11 15:10:53,414 INFO: Computing MW group (delta = ['12', '-8', '-5', '31', '8', '-4'], g = [-4, 0, 0, -8, -2, 1])...
2022-01-11 15:11:37,360 INFO: Finished MW computation (delta = ['12', '-8', '-5', '31', '8', '-4'], g = [-4, 0, 0, -8, -2, 1])
2022-01-11 15:11:37,362 INFO: Computing MW group (delta = ['-6', '-1', '0', '-8', '-2', '1'], g = [-4, 0, 0, -8, -2, 1])...
2022-01-11 15:13:22,798 INFO: Finished MW computation (delta = ['-6', '-1', '0', '-8', '-2', '1'], g = [-4, 0, 0, -8, -2, 1])
2022-01-11 15:13:22,800 INFO: Computing MW group (delta = ['-2', '3', '1', '-8', '-2', '1'], g = [-4, 0, 0, -8, -2, 1])...
2022-01-11 15:13:46,341 INFO: Finished MW computation (delta = ['-2', '3', '1', '-8', '-2', '1'], g = [-4, 0, 0, -8, -2, 1])
2022-01-11 15:13:46,344 INFO: Reducing MW generators...
2022-01-11 15:13:47,841 INFO: Finished reducing MW generators.
2022-01-11 15:13:47,844 INFO: Tasks complete. Recording data and exiting.
