2022-01-11 12:29:27,688 INFO: Initialized curve data.
2022-01-11 12:29:27,698 INFO: Setting up initial twist data...
2022-01-11 12:29:28,840 INFO: Twist setup complete.
2022-01-11 12:29:28,841 INFO: Searching for rational points on each twist...
2022-01-11 12:29:30,724 INFO: Finished searching for rational points on each twist.
2022-01-11 12:29:30,724 INFO: Testing local solvability of twists...
2022-01-11 12:29:30,730 INFO: Finished local solvability testing.
2022-01-11 12:29:30,732 INFO: Computing elliptic curve a-invariants...
2022-01-11 12:29:46,496 INFO: Finished computation of a-invariants.
2022-01-11 12:29:46,497 INFO: Computing MW group (delta = ['-4', '-3', '13', '16', '4', '-1'], g = [4, 4, -12, -16, -4, 1])...
2022-01-11 12:30:04,883 INFO: Finished MW computation (delta = ['-4', '-3', '13', '16', '4', '-1'], g = [4, 4, -12, -16, -4, 1])
2022-01-11 12:30:04,885 INFO: Computing MW group (delta = ['4', '3', '-12', '-16', '-4', '1'], g = [4, 4, -12, -16, -4, 1])...
2022-01-11 12:30:52,363 INFO: Finished MW computation (delta = ['4', '3', '-12', '-16', '-4', '1'], g = [4, 4, -12, -16, -4, 1])
2022-01-11 12:30:52,366 INFO: Computing MW group (delta = ['1'], g = [4, 4, -12, -16, -4, 1])...
2022-01-11 12:31:11,462 INFO: Finished MW computation (delta = ['1'], g = [4, 4, -12, -16, -4, 1])
2022-01-11 12:31:11,464 INFO: Computing MW group (delta = ['-16', '-16', '47', '63', '16', '-4'], g = [4, 4, -12, -16, -4, 1])...
2022-01-11 12:32:48,861 INFO: Finished MW computation (delta = ['-16', '-16', '47', '63', '16', '-4'], g = [4, 4, -12, -16, -4, 1])
2022-01-11 12:32:48,865 INFO: Reducing MW generators...
2022-01-11 12:32:50,657 INFO: Finished reducing MW generators.
2022-01-11 12:32:50,659 INFO: Tasks complete. Recording data and exiting.
