2022-01-11 15:27:22,145 INFO: Initialized curve data.
2022-01-11 15:27:22,149 INFO: Setting up initial twist data...
2022-01-11 15:27:23,181 INFO: Twist setup complete.
2022-01-11 15:27:23,181 INFO: Searching for rational points on each twist...
2022-01-11 15:27:27,820 INFO: Finished searching for rational points on each twist.
2022-01-11 15:27:27,820 INFO: Testing local solvability of twists...
2022-01-11 15:27:33,965 INFO: Finished local solvability testing.
2022-01-11 15:27:33,967 INFO: Computing elliptic curve a-invariants...
2022-01-11 15:27:39,537 INFO: Finished computation of a-invariants.
2022-01-11 15:27:39,539 INFO: Computing MW group (delta = ['1/3', '4/3', '2/3', '-1'], g = [-4, -15, -8, 14, 0, 1])...
2022-01-14 09:08:07,856 INFO: Loaded curve data from file.
2022-01-14 09:08:07,856 INFO: Reducing MW generators...
2022-01-14 09:08:07,856 INFO: Finished reducing MW generators.
2022-01-14 09:08:07,877 INFO: Skipped Chabauty because MW generators haven't been computed. (delta = ['1/3', '4/3', '2/3', '-1'], g = [-4, -15, -8, 14, 0, 1])
2022-01-14 09:08:07,877 INFO: Skipped Chabauty because MW generators haven't been computed. (delta = ['-1', '-1', '1'], g = [-4, -15, -8, 14, 0, 1])
2022-01-14 09:08:07,877 INFO: Skipped Chabauty because MW generators haven't been computed. (delta = ['1'], g = [-4, -15, -8, 14, 0, 1])
2022-01-14 09:08:07,877 INFO: Skipped Chabauty because no base point (delta = ['-1/3', '-1'])
2022-01-14 09:08:08,124 INFO: Tasks complete. Recording data and exiting.
2022-02-12 16:40:39,399 INFO: Loaded curve data from file.
2022-02-12 16:40:39,399 INFO: Computing elliptic Chabauty map... (delta = ['1/3', '4/3', '2/3', '-1'], g = [-4, -15, -8, 14, 0, 1])
2022-02-12 16:40:47,878 INFO: Elliptic Chabauty map computed. (delta = ['1/3', '4/3', '2/3', '-1'], g = [-4, -15, -8, 14, 0, 1])
2022-02-12 16:40:47,881 INFO: Computing elliptic Chabauty map... (delta = ['-1', '-1', '1'], g = [-4, -15, -8, 14, 0, 1])
2022-02-12 16:40:56,059 INFO: Elliptic Chabauty map computed. (delta = ['-1', '-1', '1'], g = [-4, -15, -8, 14, 0, 1])
2022-02-12 16:40:56,061 INFO: Computing elliptic Chabauty map... (delta = ['1'], g = [-4, -15, -8, 14, 0, 1])
2022-02-12 16:41:04,230 INFO: Elliptic Chabauty map computed. (delta = ['1'], g = [-4, -15, -8, 14, 0, 1])
2022-02-12 16:41:04,232 INFO: Tasks complete. Recording data and exiting.
