2022-01-01 12:50:36,268 INFO: Initialized curve data.
2022-01-01 12:50:36,272 INFO: Setting up initial twist data...
2022-01-01 12:50:37,697 INFO: Twist setup complete.
2022-01-01 12:50:37,697 INFO: Searching for rational points on each twist...
2022-01-01 12:50:39,716 INFO: Finished searching for rational points on each twist.
2022-01-01 12:50:39,716 INFO: Testing local solvability of twists...
2022-01-01 12:51:12,859 INFO: Finished local solvability testing.
2022-01-01 12:51:12,860 INFO: Computing elliptic curve a-invariants...
2022-01-01 12:51:18,001 INFO: Finished computation of a-invariants.
2022-01-01 12:51:18,003 INFO: Skipped MW computation because no base point (delta = ['-2/3', '13/2', '13', '-24', '-24'])
2022-01-01 12:51:18,004 INFO: Skipped MW computation because no base point (delta = ['8/3', '25/6', '-125/8', '-35/2', '125/6', '19'])
2022-01-01 12:51:18,004 INFO: Skipped MW computation because no base point (delta = ['-1', '0', '1'])
2022-01-01 12:51:18,004 INFO: Computing MW group (delta = ['-4', '-4', '27', '15', '-35', '-24'], g = [-4, 3, 6])...
2022-01-01 12:51:20,121 INFO: Finished MW computation (delta = ['-4', '-4', '27', '15', '-35', '-24'], g = [-4, 3, 6])
2022-01-01 12:51:20,123 INFO: Computing MW group (delta = ['-4', '-4', '27', '15', '-35', '-24'], g = [-1, -2, 4, 4])...
2022-01-01 12:51:31,439 INFO: Finished MW computation (delta = ['-4', '-4', '27', '15', '-35', '-24'], g = [-1, -2, 4, 4])
2022-01-01 12:51:31,442 INFO: Computing MW group (delta = ['1'], g = [-4, 3, 6])...
2022-01-01 12:51:32,691 INFO: Finished MW computation (delta = ['1'], g = [-4, 3, 6])
2022-01-01 12:51:32,693 INFO: Computing MW group (delta = ['1'], g = [-1, -2, 4, 4])...
2022-01-01 12:51:37,425 INFO: Finished MW computation (delta = ['1'], g = [-1, -2, 4, 4])
2022-01-01 12:51:37,428 INFO: Computing MW group (delta = ['2/3', '-5/2', '-26/3', '5/2', '21', '12'], g = [-4, 3, 6])...
2022-01-01 12:51:38,740 INFO: Finished MW computation (delta = ['2/3', '-5/2', '-26/3', '5/2', '21', '12'], g = [-4, 3, 6])
2022-01-01 12:51:38,743 INFO: Computing MW group (delta = ['2/3', '-5/2', '-26/3', '5/2', '21', '12'], g = [-1, -2, 4, 4])...
2022-01-01 12:51:43,698 INFO: Finished MW computation (delta = ['2/3', '-5/2', '-26/3', '5/2', '21', '12'], g = [-1, -2, 4, 4])
2022-01-01 12:51:43,701 INFO: Computing MW group (delta = ['4', '4', '-27', '-16', '36', '24'], g = [-4, 3, 6])...
2022-01-01 12:51:46,076 INFO: Finished MW computation (delta = ['4', '4', '-27', '-16', '36', '24'], g = [-4, 3, 6])
2022-01-01 12:51:46,078 INFO: Computing MW group (delta = ['4', '4', '-27', '-16', '36', '24'], g = [-1, -2, 4, 4])...
2022-01-01 12:56:21,635 INFO: Finished MW computation (delta = ['4', '4', '-27', '-16', '36', '24'], g = [-1, -2, 4, 4])
2022-01-01 12:56:21,639 INFO: Computing MW group (delta = ['-8/3', '4/3', '33/2', '-143/6', '-3', '20'], g = [-4, 3, 6])...
2022-01-01 12:56:23,589 INFO: Finished MW computation (delta = ['-8/3', '4/3', '33/2', '-143/6', '-3', '20'], g = [-4, 3, 6])
2022-01-01 12:56:23,592 INFO: Computing MW group (delta = ['-8/3', '4/3', '33/2', '-143/6', '-3', '20'], g = [-1, -2, 4, 4])...
2022-01-01 12:56:36,256 INFO: Finished MW computation (delta = ['-8/3', '4/3', '33/2', '-143/6', '-3', '20'], g = [-1, -2, 4, 4])
2022-01-01 12:56:36,261 INFO: Reducing MW generators...
2022-01-01 12:56:43,517 INFO: Finished reducing MW generators.
2022-01-01 12:56:43,520 INFO: Skipped Chabauty because no base point (delta = ['-2/3', '13/2', '13', '-24', '-24'])
2022-01-01 12:56:43,521 INFO: Skipped Chabauty because no base point (delta = ['8/3', '25/6', '-125/8', '-35/2', '125/6', '19'])
2022-01-01 12:56:43,521 INFO: Skipped Chabauty because no base point (delta = ['-1', '0', '1'])
2022-01-01 12:56:43,521 INFO: Running elliptic Chabauty (delta = ['-4', '-4', '27', '15', '-35', '-24'], g = [-4, 3, 6])...
2022-01-03 13:14:57,000 INFO: Obsolete "loc_solv_error" keys removed.
2022-01-10 22:39:00,254 INFO: Loaded curve data from file.
2022-01-10 22:39:00,255 INFO: Skipped Chabauty because no base point (delta = ['-2/3', '13/2', '13', '-24', '-24'])
2022-01-10 22:39:00,255 INFO: Skipped Chabauty because no base point (delta = ['8/3', '25/6', '-125/8', '-35/2', '125/6', '19'])
2022-01-10 22:39:00,255 INFO: Skipped Chabauty because no base point (delta = ['-1', '0', '1'])
2022-01-10 22:39:00,255 INFO: Skipped Chabauty because rank >= degree(g). (delta = ['-4', '-4', '27', '15', '-35', '-24'], g = [-4, 3, 6])
2022-01-10 22:39:00,255 INFO: Skipped Chabauty because rank >= degree(g). (delta = ['-4', '-4', '27', '15', '-35', '-24'], g = [-1, -2, 4, 4])
2022-01-10 22:39:00,255 INFO: Running elliptic Chabauty (delta = ['1'], g = [-4, 3, 6])...
2022-01-10 22:39:10,572 INFO: Chabauty completed successfully (delta = ['1'], g = [-4, 3, 6]).
2022-01-10 22:39:10,576 INFO: Skipped Chabauty because twist points already verified. (delta = ['1'])
2022-01-10 22:39:10,576 INFO: Running elliptic Chabauty (delta = ['2/3', '-5/2', '-26/3', '5/2', '21', '12'], g = [-4, 3, 6])...
2022-01-10 22:39:19,882 INFO: Chabauty completed successfully (delta = ['2/3', '-5/2', '-26/3', '5/2', '21', '12'], g = [-4, 3, 6]).
2022-01-10 22:39:19,885 INFO: Skipped Chabauty because twist points already verified. (delta = ['2/3', '-5/2', '-26/3', '5/2', '21', '12'])
2022-01-10 22:39:19,885 INFO: Skipped Chabauty because rank >= degree(g). (delta = ['4', '4', '-27', '-16', '36', '24'], g = [-4, 3, 6])
2022-01-10 22:39:19,885 INFO: Skipped Chabauty because rank >= degree(g). (delta = ['4', '4', '-27', '-16', '36', '24'], g = [-1, -2, 4, 4])
2022-01-10 22:39:19,885 INFO: Skipped Chabauty because rank >= degree(g). (delta = ['-8/3', '4/3', '33/2', '-143/6', '-3', '20'], g = [-4, 3, 6])
2022-01-10 22:39:19,885 INFO: Skipped Chabauty because rank >= degree(g). (delta = ['-8/3', '4/3', '33/2', '-143/6', '-3', '20'], g = [-1, -2, 4, 4])
2022-01-10 22:39:20,085 INFO: Tasks complete. Recording data and exiting.
2022-02-12 17:31:15,311 INFO: Loaded curve data from file.
2022-02-12 17:31:15,311 INFO: Computing elliptic Chabauty map... (delta = ['-4', '-4', '27', '15', '-35', '-24'], g = [-4, 3, 6])
2022-02-12 17:31:27,813 INFO: Elliptic Chabauty map computed. (delta = ['-4', '-4', '27', '15', '-35', '-24'], g = [-4, 3, 6])
2022-02-12 17:31:27,817 INFO: Computing elliptic Chabauty map... (delta = ['-4', '-4', '27', '15', '-35', '-24'], g = [-1, -2, 4, 4])
2022-02-12 17:31:40,510 INFO: Elliptic Chabauty map computed. (delta = ['-4', '-4', '27', '15', '-35', '-24'], g = [-1, -2, 4, 4])
2022-02-12 17:31:40,513 INFO: Computing elliptic Chabauty map... (delta = ['1'], g = [-4, 3, 6])
2022-02-12 17:31:52,785 INFO: Elliptic Chabauty map computed. (delta = ['1'], g = [-4, 3, 6])
2022-02-12 17:31:52,789 INFO: Computing elliptic Chabauty map... (delta = ['1'], g = [-1, -2, 4, 4])
2022-02-12 17:32:05,374 INFO: Elliptic Chabauty map computed. (delta = ['1'], g = [-1, -2, 4, 4])
2022-02-12 17:32:05,378 INFO: Computing elliptic Chabauty map... (delta = ['2/3', '-5/2', '-26/3', '5/2', '21', '12'], g = [-4, 3, 6])
2022-02-12 17:32:17,883 INFO: Elliptic Chabauty map computed. (delta = ['2/3', '-5/2', '-26/3', '5/2', '21', '12'], g = [-4, 3, 6])
2022-02-12 17:32:17,887 INFO: Computing elliptic Chabauty map... (delta = ['2/3', '-5/2', '-26/3', '5/2', '21', '12'], g = [-1, -2, 4, 4])
2022-02-12 17:32:30,645 INFO: Elliptic Chabauty map computed. (delta = ['2/3', '-5/2', '-26/3', '5/2', '21', '12'], g = [-1, -2, 4, 4])
2022-02-12 17:32:30,649 INFO: Computing elliptic Chabauty map... (delta = ['4', '4', '-27', '-16', '36', '24'], g = [-4, 3, 6])
2022-02-12 17:32:42,973 INFO: Elliptic Chabauty map computed. (delta = ['4', '4', '-27', '-16', '36', '24'], g = [-4, 3, 6])
2022-02-12 17:32:42,977 INFO: Computing elliptic Chabauty map... (delta = ['4', '4', '-27', '-16', '36', '24'], g = [-1, -2, 4, 4])
2022-02-12 17:32:55,592 INFO: Elliptic Chabauty map computed. (delta = ['4', '4', '-27', '-16', '36', '24'], g = [-1, -2, 4, 4])
2022-02-12 17:32:55,596 INFO: Computing elliptic Chabauty map... (delta = ['-8/3', '4/3', '33/2', '-143/6', '-3', '20'], g = [-4, 3, 6])
2022-02-12 17:33:07,954 INFO: Elliptic Chabauty map computed. (delta = ['-8/3', '4/3', '33/2', '-143/6', '-3', '20'], g = [-4, 3, 6])
2022-02-12 17:33:07,960 INFO: Computing elliptic Chabauty map... (delta = ['-8/3', '4/3', '33/2', '-143/6', '-3', '20'], g = [-1, -2, 4, 4])
2022-02-12 17:33:20,717 INFO: Elliptic Chabauty map computed. (delta = ['-8/3', '4/3', '33/2', '-143/6', '-3', '20'], g = [-1, -2, 4, 4])
2022-02-12 17:33:20,723 INFO: Tasks complete. Recording data and exiting.
