2022-01-11 12:29:22,449 INFO: Initialized curve data.
2022-01-11 12:29:22,451 INFO: Setting up initial twist data...
2022-01-11 12:29:23,518 INFO: Twist setup complete.
2022-01-11 12:29:23,518 INFO: Searching for rational points on each twist...
2022-01-11 12:29:25,226 INFO: Finished searching for rational points on each twist.
2022-01-11 12:29:25,226 INFO: Testing local solvability of twists...
2022-01-11 12:29:25,234 INFO: Finished local solvability testing.
2022-01-11 12:29:25,235 INFO: Computing elliptic curve a-invariants...
2022-01-11 12:29:39,462 INFO: Finished computation of a-invariants.
2022-01-11 12:29:39,463 INFO: Computing MW group (delta = ['4', '0', '3', '7', '-6', '1'], g = [4, 1, 2, 7, -6, 1])...
2022-01-11 12:30:41,250 INFO: Finished MW computation (delta = ['4', '0', '3', '7', '-6', '1'], g = [4, 1, 2, 7, -6, 1])
2022-01-11 12:30:41,252 INFO: Computing MW group (delta = ['1', '-1'], g = [4, 1, 2, 7, -6, 1])...
2022-01-11 12:31:47,647 INFO: Finished MW computation (delta = ['1', '-1'], g = [4, 1, 2, 7, -6, 1])
2022-01-11 12:31:47,649 INFO: Computing MW group (delta = ['1'], g = [4, 1, 2, 7, -6, 1])...
2022-01-11 12:32:32,260 INFO: Finished MW computation (delta = ['1'], g = [4, 1, 2, 7, -6, 1])
2022-01-11 12:32:32,263 INFO: Computing MW group (delta = ['4', '0', '2', '7', '-6', '1'], g = [4, 1, 2, 7, -6, 1])...
2022-01-11 12:33:16,922 INFO: Finished MW computation (delta = ['4', '0', '2', '7', '-6', '1'], g = [4, 1, 2, 7, -6, 1])
2022-01-11 12:33:16,926 INFO: Reducing MW generators...
2022-01-11 12:33:19,410 INFO: Finished reducing MW generators.
2022-01-11 12:33:19,411 INFO: Tasks complete. Recording data and exiting.
2022-01-13 17:36:45,176 INFO: Loaded curve data from file.
2022-01-13 17:36:45,177 INFO: Skipped Chabauty because MW group hasn't been provably computed. (delta = ['4', '0', '3', '7', '-6', '1'], g = [4, 1, 2, 7, -6, 1])
2022-01-13 17:36:45,177 INFO: Skipped Chabauty because MW group hasn't been provably computed. (delta = ['1', '-1'], g = [4, 1, 2, 7, -6, 1])
2022-01-13 17:36:45,177 INFO: Running elliptic Chabauty (delta = ['1'], g = [4, 1, 2, 7, -6, 1])...
2022-01-13 17:37:00,752 INFO: Chabauty completed successfully (delta = ['1'], g = [4, 1, 2, 7, -6, 1]).
2022-01-13 17:37:00,754 INFO: Running elliptic Chabauty (delta = ['4', '0', '2', '7', '-6', '1'], g = [4, 1, 2, 7, -6, 1])...
2022-01-13 17:37:13,982 INFO: Chabauty completed successfully (delta = ['4', '0', '2', '7', '-6', '1'], g = [4, 1, 2, 7, -6, 1]).
2022-01-13 17:37:14,059 INFO: Tasks complete. Recording data and exiting.
