2022-01-12 09:25:18,128 INFO: Initialized curve data.
2022-01-12 09:25:18,153 INFO: Setting up initial twist data...
2022-01-12 09:25:19,364 INFO: Twist setup complete.
2022-01-12 09:25:19,364 INFO: Searching for rational points on each twist...
2022-01-12 09:25:22,929 INFO: Finished searching for rational points on each twist.
2022-01-12 09:25:22,929 INFO: Testing local solvability of twists...
2022-01-12 09:26:02,422 INFO: Finished local solvability testing.
2022-01-12 09:26:02,425 INFO: Computing elliptic curve a-invariants...
2022-01-12 09:26:06,928 INFO: Finished computation of a-invariants.
2022-01-12 09:26:06,930 INFO: Computing MW group (delta = ['4', '43', '-114', '-88', '222', '13'], g = [1, 1])...
2022-01-12 09:26:07,378 INFO: Finished MW computation (delta = ['4', '43', '-114', '-88', '222', '13'], g = [1, 1])
2022-01-12 09:26:07,381 INFO: Computing MW group (delta = ['4', '43', '-114', '-88', '222', '13'], g = [4, -8, -8, 17, 1])...
2022-01-12 09:26:56,639 INFO: Finished MW computation (delta = ['4', '43', '-114', '-88', '222', '13'], g = [4, -8, -8, 17, 1])
2022-01-12 09:26:56,645 INFO: Skipped MW computation because no base point (delta = ['1/2', '72', '-291/2', '-145', '306', '18'])
2022-01-12 09:26:56,646 INFO: Computing MW group (delta = ['1'], g = [1, 1])...
2022-01-12 09:26:57,566 INFO: Finished MW computation (delta = ['1'], g = [1, 1])
2022-01-12 09:26:57,571 INFO: Computing MW group (delta = ['1'], g = [4, -8, -8, 17, 1])...
2022-01-14 09:10:36,676 INFO: Loaded curve data from file.
2022-01-14 09:10:36,676 INFO: Reducing MW generators...
2022-01-14 09:10:37,176 INFO: Finished reducing MW generators.
2022-01-14 09:10:37,182 INFO: Skipped Chabauty because rank >= degree(g). (delta = ['4', '43', '-114', '-88', '222', '13'], g = [1, 1])
2022-01-14 09:10:37,182 INFO: Running elliptic Chabauty (delta = ['4', '43', '-114', '-88', '222', '13'], g = [4, -8, -8, 17, 1])...
2022-01-14 09:10:49,055 INFO: Chabauty completed successfully (delta = ['4', '43', '-114', '-88', '222', '13'], g = [4, -8, -8, 17, 1]).
2022-01-14 09:10:49,059 INFO: Skipped Chabauty because no base point (delta = ['1/2', '72', '-291/2', '-145', '306', '18'])
2022-01-14 09:10:49,059 INFO: Skipped Chabauty because rank >= degree(g). (delta = ['1'], g = [1, 1])
2022-01-14 09:10:49,059 INFO: Skipped Chabauty because MW generators haven't been computed. (delta = ['1'], g = [4, -8, -8, 17, 1])
2022-01-14 09:10:49,059 INFO: Skipped Chabauty because no base point (delta = ['-1', '3', '-8', '-8', '17', '1'])
2022-01-14 09:10:49,059 INFO: Skipped Chabauty because no base point (delta = ['-2', '1733/2', '-3439/2', '-1734', '7321/2', '429/2'])
2022-01-14 09:10:49,059 INFO: Skipped Chabauty because MW generators haven't been computed. (delta = ['-4', '9', '9', '-17', '-1'], g = [1, 1])
2022-01-14 09:10:49,059 INFO: Skipped Chabauty because MW generators haven't been computed. (delta = ['-4', '9', '9', '-17', '-1'], g = [4, -8, -8, 17, 1])
2022-01-14 09:10:49,059 INFO: Skipped Chabauty because MW generators haven't been computed. (delta = ['2', '139/2', '-152', '-138', '316', '37/2'], g = [1, 1])
2022-01-14 09:10:49,059 INFO: Skipped Chabauty because MW generators haven't been computed. (delta = ['2', '139/2', '-152', '-138', '316', '37/2'], g = [4, -8, -8, 17, 1])
2022-01-14 09:10:49,059 INFO: Skipped Chabauty because no base point (delta = ['-1/2', '13/2', '-11', '-12', '51/2', '3/2'])
2022-01-14 09:10:49,312 INFO: Tasks complete. Recording data and exiting.
2022-02-12 16:50:11,272 INFO: Loaded curve data from file.
2022-02-12 16:50:11,272 INFO: Computing elliptic Chabauty map... (delta = ['4', '43', '-114', '-88', '222', '13'], g = [1, 1])
2022-02-12 16:50:21,899 INFO: Elliptic Chabauty map computed. (delta = ['4', '43', '-114', '-88', '222', '13'], g = [1, 1])
2022-02-12 16:50:21,903 INFO: Computing elliptic Chabauty map... (delta = ['4', '43', '-114', '-88', '222', '13'], g = [4, -8, -8, 17, 1])
2022-02-12 16:50:34,986 INFO: Elliptic Chabauty map computed. (delta = ['4', '43', '-114', '-88', '222', '13'], g = [4, -8, -8, 17, 1])
2022-02-12 16:50:34,989 INFO: Computing elliptic Chabauty map... (delta = ['1'], g = [1, 1])
2022-02-12 16:50:45,660 INFO: Elliptic Chabauty map computed. (delta = ['1'], g = [1, 1])
2022-02-12 16:50:45,664 INFO: Computing elliptic Chabauty map... (delta = ['1'], g = [4, -8, -8, 17, 1])
2022-02-12 16:50:58,394 INFO: Elliptic Chabauty map computed. (delta = ['1'], g = [4, -8, -8, 17, 1])
2022-02-12 16:50:58,398 INFO: Computing elliptic Chabauty map... (delta = ['-4', '9', '9', '-17', '-1'], g = [1, 1])
2022-02-12 16:51:08,967 INFO: Elliptic Chabauty map computed. (delta = ['-4', '9', '9', '-17', '-1'], g = [1, 1])
2022-02-12 16:51:08,971 INFO: Computing elliptic Chabauty map... (delta = ['-4', '9', '9', '-17', '-1'], g = [4, -8, -8, 17, 1])
2022-02-12 16:51:21,769 INFO: Elliptic Chabauty map computed. (delta = ['-4', '9', '9', '-17', '-1'], g = [4, -8, -8, 17, 1])
2022-02-12 16:51:21,772 INFO: Computing elliptic Chabauty map... (delta = ['2', '139/2', '-152', '-138', '316', '37/2'], g = [1, 1])
2022-02-12 16:51:32,369 INFO: Elliptic Chabauty map computed. (delta = ['2', '139/2', '-152', '-138', '316', '37/2'], g = [1, 1])
2022-02-12 16:51:32,374 INFO: Computing elliptic Chabauty map... (delta = ['2', '139/2', '-152', '-138', '316', '37/2'], g = [4, -8, -8, 17, 1])
2022-02-12 16:51:45,337 INFO: Elliptic Chabauty map computed. (delta = ['2', '139/2', '-152', '-138', '316', '37/2'], g = [4, -8, -8, 17, 1])
2022-02-12 16:51:45,342 INFO: Tasks complete. Recording data and exiting.
