2022-02-01 12:33:57,232 INFO: Initialized curve data.
2022-02-01 12:33:57,236 INFO: Setting up initial twist data...
2022-02-01 12:33:58,931 INFO: Twist setup complete.
2022-02-01 12:33:58,931 INFO: Searching for rational points on each twist...
2022-02-01 12:34:03,821 INFO: Finished searching for rational points on each twist.
2022-02-01 12:34:03,821 INFO: Testing local solvability of twists...
2022-02-01 12:35:26,794 INFO: Finished local solvability testing.
2022-02-01 12:35:26,796 INFO: Computing elliptic curve a-invariants...
2022-02-01 12:35:48,745 INFO: Finished computation of a-invariants.
2022-02-01 12:35:48,747 INFO: Computing MW group (delta = ['-4', '24', '-24', '-2', '2', '1'], g = [-6, 25, -24, -2, 2, 1])...
2022-02-02 04:48:21,950 INFO: Loaded curve data from file.
2022-02-02 04:48:21,950 INFO: Reducing MW generators...
2022-02-02 04:48:21,950 INFO: Finished reducing MW generators.
2022-02-02 04:48:21,953 INFO: Skipped Chabauty because MW generators haven't been computed. (delta = ['-4', '24', '-24', '-2', '2', '1'], g = [-6, 25, -24, -2, 2, 1])
2022-02-02 04:48:21,953 INFO: Skipped Chabauty because MW generators haven't been computed. (delta = ['2', '-16', '16', '0', '-1', '-1/2'], g = [-6, 25, -24, -2, 2, 1])
2022-02-02 04:48:21,953 INFO: Skipped Chabauty because no base point (delta = ['-1/2', '-3/2', '3', '-1'])
2022-02-02 04:48:21,953 INFO: Skipped Chabauty because no base point (delta = ['1', '-1'])
2022-02-02 04:48:21,953 INFO: Skipped Chabauty because MW generators haven't been computed. (delta = ['1'], g = [-6, 25, -24, -2, 2, 1])
2022-02-02 04:48:21,953 INFO: Skipped Chabauty because MW generators haven't been computed. (delta = ['-1/2', '-2', '1'], g = [-6, 25, -24, -2, 2, 1])
2022-02-02 04:48:21,954 INFO: Skipped Chabauty because no base point (delta = ['-4', '10', '-9/2', '-6', '2', '1/2'])
2022-02-02 04:48:21,954 INFO: Skipped Chabauty because MW generators haven't been computed. (delta = ['8', '-28', '25', '2', '-2', '-1'], g = [-6, 25, -24, -2, 2, 1])
2022-02-02 04:48:22,078 INFO: Tasks complete. Recording data and exiting.
