2022-01-13 21:54:45,848 INFO: Initialized curve data.
2022-01-13 21:54:45,851 INFO: Setting up initial twist data...
2022-01-13 21:54:46,729 INFO: Twist setup complete.
2022-01-13 21:54:46,729 INFO: Searching for rational points on each twist...
2022-01-13 21:54:50,375 INFO: Finished searching for rational points on each twist.
2022-01-13 21:54:50,375 INFO: Testing local solvability of twists...
2022-01-13 21:55:18,446 INFO: Finished local solvability testing.
2022-01-13 21:55:18,449 INFO: Computing elliptic curve a-invariants...
2022-01-13 21:55:22,065 INFO: Finished computation of a-invariants.
2022-01-13 21:55:22,068 INFO: Skipped MW computation because no base point (delta = ['4', '79/2', '305/2', '567/2', '499/2', '81'])
2022-01-13 21:55:22,068 INFO: Computing MW group (delta = ['2', '103/4', '247/2', '274', '557/2', '401/4'], g = [1, 1])...
2022-01-13 21:55:22,299 INFO: Finished MW computation (delta = ['2', '103/4', '247/2', '274', '557/2', '401/4'], g = [1, 1])
2022-01-13 21:55:22,301 INFO: Computing MW group (delta = ['2', '103/4', '247/2', '274', '557/2', '401/4'], g = [8, 64, 180, 209, 81])...
2022-01-13 21:55:27,599 INFO: Finished MW computation (delta = ['2', '103/4', '247/2', '274', '557/2', '401/4'], g = [8, 64, 180, 209, 81])
2022-01-13 21:55:27,602 INFO: Computing MW group (delta = ['-4', '-39/2', '8', '168', '274', '243/2'], g = [1, 1])...
2022-01-13 21:55:27,958 INFO: Finished MW computation (delta = ['-4', '-39/2', '8', '168', '274', '243/2'], g = [1, 1])
2022-01-13 21:55:27,961 INFO: Computing MW group (delta = ['-4', '-39/2', '8', '168', '274', '243/2'], g = [8, 64, 180, 209, 81])...
2022-01-13 21:55:39,655 INFO: Finished MW computation (delta = ['-4', '-39/2', '8', '168', '274', '243/2'], g = [8, 64, 180, 209, 81])
2022-01-13 21:55:39,662 INFO: Computing MW group (delta = ['-8', '-63', '-179', '-209', '-81'], g = [1, 1])...
2022-01-13 21:55:40,023 INFO: Finished MW computation (delta = ['-8', '-63', '-179', '-209', '-81'], g = [1, 1])
2022-01-13 21:55:40,026 INFO: Computing MW group (delta = ['-8', '-63', '-179', '-209', '-81'], g = [8, 64, 180, 209, 81])...
2022-01-13 21:55:46,792 INFO: Finished MW computation (delta = ['-8', '-63', '-179', '-209', '-81'], g = [8, 64, 180, 209, 81])
2022-01-13 21:55:46,796 INFO: Skipped MW computation because no base point (delta = ['1/2', '11/2', '33', '90', '209/2', '81/2'])
2022-01-13 21:55:46,796 INFO: Computing MW group (delta = ['1'], g = [1, 1])...
2022-01-13 21:55:46,986 INFO: Finished MW computation (delta = ['1'], g = [1, 1])
2022-01-13 21:55:46,989 INFO: Computing MW group (delta = ['1'], g = [8, 64, 180, 209, 81])...
