2022-01-01 12:50:56,899 INFO: Initialized curve data.
2022-01-01 12:50:56,902 INFO: Setting up initial twist data...
2022-01-01 12:50:57,892 INFO: Twist setup complete.
2022-01-01 12:50:57,892 INFO: Searching for rational points on each twist...
2022-01-01 12:50:58,619 INFO: Finished searching for rational points on each twist.
2022-01-01 12:50:58,619 INFO: Testing local solvability of twists...
2022-01-01 12:51:02,667 INFO: Finished local solvability testing.
2022-01-01 12:51:02,669 INFO: Computing elliptic curve a-invariants...
2022-01-01 12:51:13,252 INFO: Finished computation of a-invariants.
2022-01-01 12:51:13,254 INFO: Computing MW group (delta = ['1', '4', '1'], g = [-4, -24, -36, 1, 6, 1])...
2022-01-01 13:00:44,984 INFO: Finished MW computation (delta = ['1', '4', '1'], g = [-4, -24, -36, 1, 6, 1])
2022-01-01 13:00:44,992 INFO: Obstruction found to provably computing rational points. Exiting.
2022-01-03 13:14:57,000 INFO: Obsolete "loc_solv_error" keys removed.
2022-01-10 22:39:12,911 INFO: Loaded curve data from file.
2022-01-10 22:39:12,911 INFO: Obstruction already found. Exiting.
2022-02-12 17:11:16,374 INFO: Loaded curve data from file.
2022-02-12 17:11:16,374 INFO: Computing elliptic Chabauty map... (delta = ['1', '4', '1'], g = [-4, -24, -36, 1, 6, 1])
2022-02-12 17:11:33,219 INFO: Elliptic Chabauty map computed. (delta = ['1', '4', '1'], g = [-4, -24, -36, 1, 6, 1])
2022-02-12 17:11:33,222 INFO: Computing elliptic Chabauty map... (delta = ['1'], g = [-4, -24, -36, 1, 6, 1])
2022-02-12 17:11:49,543 INFO: Elliptic Chabauty map computed. (delta = ['1'], g = [-4, -24, -36, 1, 6, 1])
2022-02-12 17:11:49,546 INFO: Computing elliptic Chabauty map... (delta = ['-4', '-25', '-36', '1', '6', '1'], g = [-4, -24, -36, 1, 6, 1])
2022-02-12 17:12:05,830 INFO: Elliptic Chabauty map computed. (delta = ['-4', '-25', '-36', '1', '6', '1'], g = [-4, -24, -36, 1, 6, 1])
2022-02-12 17:12:05,833 INFO: Tasks complete. Recording data and exiting.
