2022-02-01 12:30:31,438 INFO: Initialized curve data.
2022-02-01 12:30:31,445 INFO: Setting up initial twist data...
2022-02-01 12:30:32,498 INFO: Twist setup complete.
2022-02-01 12:30:32,498 INFO: Searching for rational points on each twist...
2022-02-01 12:30:34,774 INFO: Finished searching for rational points on each twist.
2022-02-01 12:30:34,775 INFO: Testing local solvability of twists...
2022-02-01 12:30:42,892 INFO: Finished local solvability testing.
2022-02-01 12:30:42,893 INFO: Computing elliptic curve a-invariants...
2022-02-01 12:30:49,121 INFO: Finished computation of a-invariants.
2022-02-01 12:30:49,122 INFO: Computing MW group (delta = ['1', '-1', '1'], g = [-4, -1, 8, 4, -16, 8])...
2022-02-02 04:48:15,181 INFO: Loaded curve data from file.
2022-02-02 04:48:15,181 INFO: Reducing MW generators...
2022-02-02 04:48:15,181 INFO: Finished reducing MW generators.
2022-02-02 04:48:15,183 INFO: Skipped Chabauty because MW generators haven't been computed. (delta = ['1', '-1', '1'], g = [-4, -1, 8, 4, -16, 8])
2022-02-02 04:48:15,183 INFO: Skipped Chabauty because no base point (delta = ['4', '0', '-6', '-6', '17', '-8'])
2022-02-02 04:48:15,183 INFO: Skipped Chabauty because MW generators haven't been computed. (delta = ['1'], g = [-4, -1, 8, 4, -16, 8])
2022-02-02 04:48:15,184 INFO: Skipped Chabauty because MW generators haven't been computed. (delta = ['4', '0', '-7', '-4', '16', '-8'], g = [-4, -1, 8, 4, -16, 8])
2022-02-02 04:48:15,231 INFO: Tasks complete. Recording data and exiting.
2022-02-12 16:42:05,526 INFO: Loaded curve data from file.
2022-02-12 16:42:05,527 INFO: Computing elliptic Chabauty map... (delta = ['1', '-1', '1'], g = [-4, -1, 8, 4, -16, 8])
2022-02-12 16:42:19,218 INFO: Elliptic Chabauty map computed. (delta = ['1', '-1', '1'], g = [-4, -1, 8, 4, -16, 8])
2022-02-12 16:42:19,220 INFO: Computing elliptic Chabauty map... (delta = ['1'], g = [-4, -1, 8, 4, -16, 8])
2022-02-12 16:42:32,557 INFO: Elliptic Chabauty map computed. (delta = ['1'], g = [-4, -1, 8, 4, -16, 8])
2022-02-12 16:42:32,559 INFO: Computing elliptic Chabauty map... (delta = ['4', '0', '-7', '-4', '16', '-8'], g = [-4, -1, 8, 4, -16, 8])
2022-02-12 16:42:45,927 INFO: Elliptic Chabauty map computed. (delta = ['4', '0', '-7', '-4', '16', '-8'], g = [-4, -1, 8, 4, -16, 8])
2022-02-12 16:42:45,929 INFO: Tasks complete. Recording data and exiting.
