2022-01-13 21:54:48,629 INFO: Initialized curve data.
2022-01-13 21:54:48,632 INFO: Setting up initial twist data...
2022-01-13 21:54:49,761 INFO: Twist setup complete.
2022-01-13 21:54:49,761 INFO: Searching for rational points on each twist...
2022-01-13 21:54:51,667 INFO: Finished searching for rational points on each twist.
2022-01-13 21:54:51,667 INFO: Testing local solvability of twists...
2022-01-13 21:55:43,146 INFO: Finished local solvability testing.
2022-01-13 21:55:43,148 INFO: Computing elliptic curve a-invariants...
2022-01-13 21:55:49,704 INFO: Finished computation of a-invariants.
2022-01-13 21:55:49,706 INFO: Skipped MW computation because no base point (delta = ['-1', '0', '1'])
2022-01-13 21:55:49,706 INFO: Computing MW group (delta = ['4', '0', '-13', '19', '-14', '5'], g = [4, 1, -14, 19, -14, 5])...
2022-01-13 21:57:01,134 INFO: Finished MW computation (delta = ['4', '0', '-13', '19', '-14', '5'], g = [4, 1, -14, 19, -14, 5])
2022-01-13 21:57:01,138 INFO: Computing MW group (delta = ['-4', '0', '13', '-20', '15', '-5'], g = [4, 1, -14, 19, -14, 5])...
2022-01-13 21:58:20,844 INFO: Finished MW computation (delta = ['-4', '0', '13', '-20', '15', '-5'], g = [4, 1, -14, 19, -14, 5])
2022-01-13 21:58:20,847 INFO: Computing MW group (delta = ['1'], g = [4, 1, -14, 19, -14, 5])...
2022-01-13 22:06:16,098 INFO: Finished MW computation (delta = ['1'], g = [4, 1, -14, 19, -14, 5])
2022-01-13 22:06:16,102 INFO: Reducing MW generators...
2022-01-13 22:06:17,028 INFO: Finished reducing MW generators.
2022-01-13 22:06:17,030 INFO: Tasks complete. Recording data and exiting.
2022-01-14 11:35:25,702 INFO: Loaded curve data from file.
2022-01-14 11:35:25,702 INFO: Skipped Chabauty because no base point (delta = ['-1', '0', '1'])
2022-01-14 11:35:25,702 INFO: Skipped Chabauty because MW group hasn't been provably computed. (delta = ['4', '0', '-13', '19', '-14', '5'], g = [4, 1, -14, 19, -14, 5])
2022-01-14 11:35:25,702 INFO: Skipped Chabauty because MW group hasn't been provably computed. (delta = ['-4', '0', '13', '-20', '15', '-5'], g = [4, 1, -14, 19, -14, 5])
2022-01-14 11:35:25,702 INFO: Skipped Chabauty because MW group hasn't been provably computed. (delta = ['1'], g = [4, 1, -14, 19, -14, 5])
2022-01-14 11:35:25,751 INFO: Tasks complete. Recording data and exiting.
2022-02-12 17:31:21,419 INFO: Loaded curve data from file.
2022-02-12 17:31:21,419 INFO: Computing elliptic Chabauty map... (delta = ['4', '0', '-13', '19', '-14', '5'], g = [4, 1, -14, 19, -14, 5])
2022-02-12 17:31:35,568 INFO: Elliptic Chabauty map computed. (delta = ['4', '0', '-13', '19', '-14', '5'], g = [4, 1, -14, 19, -14, 5])
2022-02-12 17:31:35,570 INFO: Computing elliptic Chabauty map... (delta = ['-4', '0', '13', '-20', '15', '-5'], g = [4, 1, -14, 19, -14, 5])
2022-02-12 17:31:49,626 INFO: Elliptic Chabauty map computed. (delta = ['-4', '0', '13', '-20', '15', '-5'], g = [4, 1, -14, 19, -14, 5])
2022-02-12 17:31:49,628 INFO: Computing elliptic Chabauty map... (delta = ['1'], g = [4, 1, -14, 19, -14, 5])
2022-02-12 17:32:03,640 INFO: Elliptic Chabauty map computed. (delta = ['1'], g = [4, 1, -14, 19, -14, 5])
2022-02-12 17:32:03,642 INFO: Tasks complete. Recording data and exiting.
