2022-01-01 10:40:30,873 INFO: Initialized curve data.
2022-01-01 10:40:30,879 INFO: Setting up initial twist data...
2022-01-01 10:40:32,016 INFO: Twist setup complete.
2022-01-01 10:40:32,016 INFO: Searching for rational points on each twist...
2022-01-01 10:40:32,890 INFO: Finished searching for rational points on each twist.
2022-01-01 10:40:32,890 INFO: Testing local solvability of twists...
2022-01-01 10:40:36,300 INFO: Finished local solvability testing.
2022-01-01 10:40:36,301 INFO: Computing elliptic curve a-invariants...
2022-01-01 10:40:42,054 INFO: Finished computation of a-invariants.
2022-01-01 10:40:42,055 INFO: Skipped MW computation because no base point (delta = ['-1', '0', '1'])
2022-01-01 10:40:42,056 INFO: Computing MW group (delta = ['1', '-1'], g = [4, 8, 4, 8, 0, 1])...
2022-01-01 10:41:14,058 INFO: Finished MW computation (delta = ['1', '-1'], g = [4, 8, 4, 8, 0, 1])
2022-01-01 10:41:14,060 INFO: Computing MW group (delta = ['1'], g = [4, 8, 4, 8, 0, 1])...
2022-01-01 10:42:13,640 INFO: Finished MW computation (delta = ['1'], g = [4, 8, 4, 8, 0, 1])
2022-01-01 10:42:13,643 INFO: Computing MW group (delta = ['-1', '1', '1', '-1'], g = [4, 8, 4, 8, 0, 1])...
2022-01-01 10:42:45,739 INFO: Finished MW computation (delta = ['-1', '1', '1', '-1'], g = [4, 8, 4, 8, 0, 1])
2022-01-01 10:42:45,743 INFO: Reducing MW generators...
2022-01-01 10:42:49,343 INFO: Finished reducing MW generators.
2022-01-01 10:42:49,345 INFO: Skipped Chabauty because no base point (delta = ['-1', '0', '1'])
2022-01-01 10:42:49,345 INFO: Running elliptic Chabauty (delta = ['1', '-1'], g = [4, 8, 4, 8, 0, 1])...
2022-01-01 10:43:00,165 INFO: Chabauty completed successfully (delta = ['1', '-1'], g = [4, 8, 4, 8, 0, 1]).
2022-01-01 10:43:00,168 INFO: Running elliptic Chabauty (delta = ['1'], g = [4, 8, 4, 8, 0, 1])...
2022-01-01 10:43:47,548 INFO: Chabauty completed successfully (delta = ['1'], g = [4, 8, 4, 8, 0, 1]).
2022-01-01 10:43:47,551 INFO: Running elliptic Chabauty (delta = ['-1', '1', '1', '-1'], g = [4, 8, 4, 8, 0, 1])...
2022-01-01 10:44:10,063 INFO: Chabauty completed successfully (delta = ['-1', '1', '1', '-1'], g = [4, 8, 4, 8, 0, 1]).
2022-01-01 10:44:10,278 INFO: Rational points successfully computed.
2022-01-01 10:44:10,280 INFO: Tasks complete. Recording data and exiting.
2022-01-03 13:14:58,000 INFO: Obsolete "loc_solv_error" keys removed.
2022-01-03 13:14:58,000 INFO: Deleted results of Chabauty computation.
2022-01-10 22:38:56,577 INFO: Loaded curve data from file.
2022-01-10 22:38:56,577 INFO: Skipped Chabauty because no base point (delta = ['-1', '0', '1'])
2022-01-10 22:38:56,578 INFO: Running elliptic Chabauty (delta = ['1', '-1'], g = [4, 8, 4, 8, 0, 1])...
2022-01-10 22:39:05,532 INFO: Chabauty completed successfully (delta = ['1', '-1'], g = [4, 8, 4, 8, 0, 1]).
2022-01-10 22:39:05,534 INFO: Running elliptic Chabauty (delta = ['1'], g = [4, 8, 4, 8, 0, 1])...
2022-01-10 22:39:43,192 INFO: Chabauty completed successfully (delta = ['1'], g = [4, 8, 4, 8, 0, 1]).
2022-01-10 22:39:43,194 INFO: Running elliptic Chabauty (delta = ['-1', '1', '1', '-1'], g = [4, 8, 4, 8, 0, 1])...
2022-01-10 22:40:00,544 INFO: Chabauty completed successfully (delta = ['-1', '1', '1', '-1'], g = [4, 8, 4, 8, 0, 1]).
2022-01-10 22:40:00,750 INFO: Rational points successfully computed.
2022-01-10 22:40:00,752 INFO: Tasks complete. Recording data and exiting.
