2022-01-13 21:54:54,408 INFO: Initialized curve data.
2022-01-13 21:54:54,411 INFO: Setting up initial twist data...
2022-01-13 21:54:55,535 INFO: Twist setup complete.
2022-01-13 21:54:55,535 INFO: Searching for rational points on each twist...
2022-01-13 21:54:57,213 INFO: Finished searching for rational points on each twist.
2022-01-13 21:54:57,213 INFO: Testing local solvability of twists...
2022-01-13 21:55:12,293 INFO: Finished local solvability testing.
2022-01-13 21:55:12,294 INFO: Computing elliptic curve a-invariants...
2022-01-13 21:55:17,038 INFO: Finished computation of a-invariants.
2022-01-13 21:55:17,039 INFO: Skipped MW computation because no base point (delta = ['13/2', '22', '-67/2', '1', '10', '2'])
2022-01-13 21:55:17,039 INFO: Computing MW group (delta = ['4', '10', '-17', '1', '5', '1'], g = [3, 11, -17, 1, 5, 1])...
2022-01-13 21:56:13,390 INFO: Finished MW computation (delta = ['4', '10', '-17', '1', '5', '1'], g = [3, 11, -17, 1, 5, 1])
2022-01-13 21:56:13,395 INFO: Computing MW group (delta = ['1'], g = [3, 11, -17, 1, 5, 1])...
2022-01-13 21:57:16,027 INFO: Finished MW computation (delta = ['1'], g = [3, 11, -17, 1, 5, 1])
2022-01-13 21:57:16,032 INFO: Computing MW group (delta = ['1/2', '1/2', '1'], g = [3, 11, -17, 1, 5, 1])...
2022-01-14 11:35:32,655 INFO: Loaded curve data from file.
2022-01-14 11:35:32,655 INFO: Reducing MW generators...
2022-01-14 11:35:33,708 INFO: Finished reducing MW generators.
2022-01-14 11:35:33,710 INFO: Skipped Chabauty because no base point (delta = ['13/2', '22', '-67/2', '1', '10', '2'])
2022-01-14 11:35:33,710 INFO: Running elliptic Chabauty (delta = ['4', '10', '-17', '1', '5', '1'], g = [3, 11, -17, 1, 5, 1])...
2022-01-14 11:35:57,820 INFO: Chabauty completed successfully (delta = ['4', '10', '-17', '1', '5', '1'], g = [3, 11, -17, 1, 5, 1]).
2022-01-14 11:35:57,821 INFO: Running elliptic Chabauty (delta = ['1'], g = [3, 11, -17, 1, 5, 1])...
2022-01-14 11:36:17,053 INFO: Chabauty completed successfully (delta = ['1'], g = [3, 11, -17, 1, 5, 1]).
2022-01-14 11:36:17,056 INFO: Skipped Chabauty because MW generators haven't been computed. (delta = ['1/2', '1/2', '1'], g = [3, 11, -17, 1, 5, 1])
2022-01-14 11:36:17,190 INFO: Tasks complete. Recording data and exiting.
2022-02-12 17:17:00,210 INFO: Loaded curve data from file.
2022-02-12 17:17:00,211 INFO: Computing elliptic Chabauty map... (delta = ['4', '10', '-17', '1', '5', '1'], g = [3, 11, -17, 1, 5, 1])
2022-02-12 17:17:14,033 INFO: Elliptic Chabauty map computed. (delta = ['4', '10', '-17', '1', '5', '1'], g = [3, 11, -17, 1, 5, 1])
2022-02-12 17:17:14,036 INFO: Computing elliptic Chabauty map... (delta = ['1'], g = [3, 11, -17, 1, 5, 1])
2022-02-12 17:17:27,874 INFO: Elliptic Chabauty map computed. (delta = ['1'], g = [3, 11, -17, 1, 5, 1])
2022-02-12 17:17:27,876 INFO: Computing elliptic Chabauty map... (delta = ['1/2', '1/2', '1'], g = [3, 11, -17, 1, 5, 1])
2022-02-12 17:17:41,558 INFO: Elliptic Chabauty map computed. (delta = ['1/2', '1/2', '1'], g = [3, 11, -17, 1, 5, 1])
2022-02-12 17:17:41,560 INFO: Tasks complete. Recording data and exiting.
