2022-02-01 12:33:58,723 INFO: Initialized curve data.
2022-02-01 12:33:58,729 INFO: Setting up initial twist data...
2022-02-01 12:34:00,064 INFO: Twist setup complete.
2022-02-01 12:34:00,064 INFO: Searching for rational points on each twist...
2022-02-01 12:34:03,349 INFO: Finished searching for rational points on each twist.
2022-02-01 12:34:03,349 INFO: Testing local solvability of twists...
2022-02-01 12:34:20,391 INFO: Finished local solvability testing.
2022-02-01 12:34:20,392 INFO: Computing elliptic curve a-invariants...
2022-02-01 12:34:27,255 INFO: Finished computation of a-invariants.
2022-02-01 12:34:27,257 INFO: Skipped MW computation because no base point (delta = ['-3', '-3/2', '1'])
2022-02-01 12:34:27,257 INFO: Computing MW group (delta = ['-62', '-24', '87/2', '7', '-4', '-2'], g = [28, 12, -20, -4, 2, 1])...
2022-02-01 12:46:38,126 INFO: Finished MW computation (delta = ['-62', '-24', '87/2', '7', '-4', '-2'], g = [28, 12, -20, -4, 2, 1])
2022-02-01 12:46:38,130 INFO: Computing MW group (delta = ['1'], g = [28, 12, -20, -4, 2, 1])...
2022-02-02 04:48:25,177 INFO: Loaded curve data from file.
2022-02-02 04:48:25,178 INFO: Reducing MW generators...
2022-02-02 04:48:26,132 INFO: Finished reducing MW generators.
2022-02-02 04:48:26,135 INFO: Skipped Chabauty because no base point (delta = ['-3', '-3/2', '1'])
2022-02-02 04:48:26,135 INFO: Skipped Chabauty because MW group hasn't been provably computed. (delta = ['-62', '-24', '87/2', '7', '-4', '-2'], g = [28, 12, -20, -4, 2, 1])
2022-02-02 04:48:26,136 INFO: Skipped Chabauty because MW generators haven't been computed. (delta = ['1'], g = [28, 12, -20, -4, 2, 1])
2022-02-02 04:48:26,136 INFO: Skipped Chabauty because MW generators haven't been computed. (delta = ['30', '11', '-20', '-4', '2', '1'], g = [28, 12, -20, -4, 2, 1])
2022-02-02 04:48:26,194 INFO: Tasks complete. Recording data and exiting.
