2022-01-01 12:50:48,187 INFO: Initialized curve data.
2022-01-01 12:50:48,191 INFO: Setting up initial twist data...
2022-01-01 12:50:49,223 INFO: Twist setup complete.
2022-01-01 12:50:49,223 INFO: Searching for rational points on each twist...
2022-01-01 12:50:49,933 INFO: Finished searching for rational points on each twist.
2022-01-01 12:50:49,933 INFO: Testing local solvability of twists...
2022-01-01 12:50:51,079 INFO: Finished local solvability testing.
2022-01-01 12:50:51,081 INFO: Computing elliptic curve a-invariants...
2022-01-01 12:50:55,926 INFO: Finished computation of a-invariants.
2022-01-01 12:50:55,929 INFO: Skipped MW computation because no base point (delta = ['-1', '-1'])
2022-01-01 12:50:55,929 INFO: Computing MW group (delta = ['-4', '-7', '5', '0', '0', '-1'], g = [4, 8, -4, 0, 0, 1])...
2022-01-01 12:55:49,033 INFO: Finished MW computation (delta = ['-4', '-7', '5', '0', '0', '-1'], g = [4, 8, -4, 0, 0, 1])
2022-01-01 12:55:49,041 INFO: Obstruction found to provably computing rational points. Exiting.
2022-01-03 13:14:57,000 INFO: Obsolete "loc_solv_error" keys removed.
2022-01-10 22:39:06,258 INFO: Loaded curve data from file.
2022-01-10 22:39:06,259 INFO: Obstruction already found. Exiting.
2022-02-12 16:55:28,970 INFO: Loaded curve data from file.
2022-02-12 16:55:28,970 INFO: Computing elliptic Chabauty map... (delta = ['-4', '-7', '5', '0', '0', '-1'], g = [4, 8, -4, 0, 0, 1])
2022-02-12 16:55:33,653 INFO: Elliptic Chabauty map computed. (delta = ['-4', '-7', '5', '0', '0', '-1'], g = [4, 8, -4, 0, 0, 1])
2022-02-12 16:55:33,656 INFO: Computing elliptic Chabauty map... (delta = ['4', '7', '-4', '0', '0', '1'], g = [4, 8, -4, 0, 0, 1])
2022-02-12 16:55:37,953 INFO: Elliptic Chabauty map computed. (delta = ['4', '7', '-4', '0', '0', '1'], g = [4, 8, -4, 0, 0, 1])
2022-02-12 16:55:37,955 INFO: Computing elliptic Chabauty map... (delta = ['1'], g = [4, 8, -4, 0, 0, 1])
2022-02-12 16:55:42,485 INFO: Elliptic Chabauty map computed. (delta = ['1'], g = [4, 8, -4, 0, 0, 1])
2022-02-12 16:55:42,488 INFO: Tasks complete. Recording data and exiting.
