2022-01-11 12:35:46,126 INFO: Initialized curve data.
2022-01-11 12:35:46,130 INFO: Setting up initial twist data...
2022-01-11 12:35:47,880 INFO: Twist setup complete.
2022-01-11 12:35:47,880 INFO: Searching for rational points on each twist...
2022-01-11 12:35:51,365 INFO: Finished searching for rational points on each twist.
2022-01-11 12:35:51,365 INFO: Testing local solvability of twists...
2022-01-11 12:35:55,756 INFO: Finished local solvability testing.
2022-01-11 12:35:55,758 INFO: Computing elliptic curve a-invariants...
2022-01-11 12:36:08,541 INFO: Finished computation of a-invariants.
2022-01-11 12:36:08,543 INFO: Computing MW group (delta = ['-1/6', '1/2', '17/6', '-7/2', '1'], g = [4, 24, -44, 52, -36, 9])...
2022-01-11 12:38:35,708 INFO: Finished MW computation (delta = ['-1/6', '1/2', '17/6', '-7/2', '1'], g = [4, 24, -44, 52, -36, 9])
2022-01-11 12:38:35,710 INFO: Computing MW group (delta = ['1'], g = [4, 24, -44, 52, -36, 9])...
2022-01-11 12:41:13,844 INFO: Finished MW computation (delta = ['1'], g = [4, 24, -44, 52, -36, 9])
2022-01-11 12:41:13,847 INFO: Computing MW group (delta = ['-1/2', '-3/2', '1'], g = [4, 24, -44, 52, -36, 9])...
2022-01-11 12:44:08,893 INFO: Finished MW computation (delta = ['-1/2', '-3/2', '1'], g = [4, 24, -44, 52, -36, 9])
2022-01-11 12:44:08,896 INFO: Skipped MW computation because no base point (delta = ['1/3', '-2', '1'])
2022-01-11 12:44:08,897 INFO: Reducing MW generators...
2022-01-11 12:44:12,512 INFO: Finished reducing MW generators.
2022-01-11 12:44:12,513 INFO: Tasks complete. Recording data and exiting.
2022-01-13 17:37:01,018 INFO: Loaded curve data from file.
2022-01-13 17:37:01,018 INFO: Running elliptic Chabauty (delta = ['-1/6', '1/2', '17/6', '-7/2', '1'], g = [4, 24, -44, 52, -36, 9])...
2022-01-13 17:51:45,461 INFO: Chabauty completed successfully (delta = ['-1/6', '1/2', '17/6', '-7/2', '1'], g = [4, 24, -44, 52, -36, 9]).
2022-01-13 17:51:45,463 INFO: Skipped Chabauty because MW group hasn't been provably computed. (delta = ['1'], g = [4, 24, -44, 52, -36, 9])
2022-01-13 17:51:45,463 INFO: Skipped Chabauty because MW group hasn't been provably computed. (delta = ['-1/2', '-3/2', '1'], g = [4, 24, -44, 52, -36, 9])
2022-01-13 17:51:45,463 INFO: Skipped Chabauty because no base point (delta = ['1/3', '-2', '1'])
2022-01-13 17:51:45,571 INFO: Tasks complete. Recording data and exiting.
