2022-01-11 12:29:15,811 INFO: Initialized curve data.
2022-01-11 12:29:15,815 INFO: Setting up initial twist data...
2022-01-11 12:29:16,718 INFO: Twist setup complete.
2022-01-11 12:29:16,718 INFO: Searching for rational points on each twist...
2022-01-11 12:29:19,748 INFO: Finished searching for rational points on each twist.
2022-01-11 12:29:19,748 INFO: Testing local solvability of twists...
2022-01-11 12:29:19,755 INFO: Finished local solvability testing.
2022-01-11 12:29:19,756 INFO: Computing elliptic curve a-invariants...
2022-01-11 12:29:25,636 INFO: Finished computation of a-invariants.
2022-01-11 12:29:25,638 INFO: Computing MW group (delta = ['-1/2', '3', '1'], g = [4, -12, 11, -1, 1, 1])...
2022-01-11 12:30:22,188 INFO: Finished MW computation (delta = ['-1/2', '3', '1'], g = [4, -12, 11, -1, 1, 1])
2022-01-11 12:30:22,191 INFO: Computing MW group (delta = ['1', '-13', '11', '-1', '1', '1'], g = [4, -12, 11, -1, 1, 1])...
2022-01-11 12:30:54,843 INFO: Finished MW computation (delta = ['1', '-13', '11', '-1', '1', '1'], g = [4, -12, 11, -1, 1, 1])
2022-01-11 12:30:54,846 INFO: Computing MW group (delta = ['-1/2', '-5/2', '-23/2', '-1/2', '-1/2', '-1/2'], g = [4, -12, 11, -1, 1, 1])...
2022-01-11 12:31:30,131 INFO: Finished MW computation (delta = ['-1/2', '-5/2', '-23/2', '-1/2', '-1/2', '-1/2'], g = [4, -12, 11, -1, 1, 1])
2022-01-11 12:31:30,135 INFO: Computing MW group (delta = ['1'], g = [4, -12, 11, -1, 1, 1])...
2022-01-11 12:38:20,230 INFO: Finished MW computation (delta = ['1'], g = [4, -12, 11, -1, 1, 1])
2022-01-11 12:38:20,233 INFO: Unable to use elliptic Chabauty on twist (delta = ['1'])
2022-01-11 12:38:20,235 INFO: Obstruction found to provably computing rational points. Exiting.
2022-01-13 17:36:35,340 INFO: Loaded curve data from file.
2022-01-13 17:36:35,340 INFO: Obstruction already found. Exiting.
2022-02-12 16:59:04,096 INFO: Loaded curve data from file.
2022-02-12 16:59:04,096 INFO: Computing elliptic Chabauty map... (delta = ['-1/2', '3', '1'], g = [4, -12, 11, -1, 1, 1])
2022-02-12 16:59:17,383 INFO: Elliptic Chabauty map computed. (delta = ['-1/2', '3', '1'], g = [4, -12, 11, -1, 1, 1])
2022-02-12 16:59:17,386 INFO: Computing elliptic Chabauty map... (delta = ['1', '-13', '11', '-1', '1', '1'], g = [4, -12, 11, -1, 1, 1])
2022-02-12 16:59:30,352 INFO: Elliptic Chabauty map computed. (delta = ['1', '-13', '11', '-1', '1', '1'], g = [4, -12, 11, -1, 1, 1])
2022-02-12 16:59:30,354 INFO: Computing elliptic Chabauty map... (delta = ['-1/2', '-5/2', '-23/2', '-1/2', '-1/2', '-1/2'], g = [4, -12, 11, -1, 1, 1])
2022-02-12 16:59:43,448 INFO: Elliptic Chabauty map computed. (delta = ['-1/2', '-5/2', '-23/2', '-1/2', '-1/2', '-1/2'], g = [4, -12, 11, -1, 1, 1])
2022-02-12 16:59:43,452 INFO: Computing elliptic Chabauty map... (delta = ['1'], g = [4, -12, 11, -1, 1, 1])
2022-02-12 16:59:56,367 INFO: Elliptic Chabauty map computed. (delta = ['1'], g = [4, -12, 11, -1, 1, 1])
2022-02-12 16:59:56,371 INFO: Tasks complete. Recording data and exiting.
