2022-01-11 15:34:25,368 INFO: Initialized curve data.
2022-01-11 15:34:25,370 INFO: Setting up initial twist data...
2022-01-11 15:34:26,379 INFO: Twist setup complete.
2022-01-11 15:34:26,379 INFO: Searching for rational points on each twist...
2022-01-11 15:34:28,499 INFO: Finished searching for rational points on each twist.
2022-01-11 15:34:28,499 INFO: Testing local solvability of twists...
2022-01-11 15:34:59,659 INFO: Finished local solvability testing.
2022-01-11 15:34:59,660 INFO: Computing elliptic curve a-invariants...
2022-01-11 15:35:06,034 INFO: Finished computation of a-invariants.
2022-01-11 15:35:06,035 INFO: Computing MW group (delta = ['-9/2', '0', '1'], g = [-20, -16, -4, 0, 2, 1])...
2022-01-11 16:05:35,593 INFO: Finished MW computation (delta = ['-9/2', '0', '1'], g = [-20, -16, -4, 0, 2, 1])
2022-01-11 16:05:35,604 INFO: Unable to use elliptic Chabauty on twist (delta = ['-9/2', '0', '1'])
2022-01-11 16:05:35,605 INFO: Obstruction found to provably computing rational points. Exiting.
2022-01-14 09:07:57,400 INFO: Loaded curve data from file.
2022-01-14 09:07:57,400 INFO: Obstruction already found. Exiting.
2022-02-12 17:01:42,633 INFO: Loaded curve data from file.
2022-02-12 17:01:42,633 INFO: Computing elliptic Chabauty map... (delta = ['-9/2', '0', '1'], g = [-20, -16, -4, 0, 2, 1])
2022-02-12 17:01:50,973 INFO: Elliptic Chabauty map computed. (delta = ['-9/2', '0', '1'], g = [-20, -16, -4, 0, 2, 1])
2022-02-12 17:01:50,976 INFO: Computing elliptic Chabauty map... (delta = ['-18', '-17', '-4', '0', '2', '1'], g = [-20, -16, -4, 0, 2, 1])
2022-02-12 17:01:58,996 INFO: Elliptic Chabauty map computed. (delta = ['-18', '-17', '-4', '0', '2', '1'], g = [-20, -16, -4, 0, 2, 1])
2022-02-12 17:01:58,998 INFO: Computing elliptic Chabauty map... (delta = ['1'], g = [-20, -16, -4, 0, 2, 1])
2022-02-12 17:02:07,025 INFO: Elliptic Chabauty map computed. (delta = ['1'], g = [-20, -16, -4, 0, 2, 1])
2022-02-12 17:02:07,027 INFO: Tasks complete. Recording data and exiting.
