2022-01-13 21:54:47,463 INFO: Initialized curve data.
2022-01-13 21:54:47,465 INFO: Setting up initial twist data...
2022-01-13 21:54:48,208 INFO: Twist setup complete.
2022-01-13 21:54:48,208 INFO: Searching for rational points on each twist...
2022-01-13 21:54:49,714 INFO: Finished searching for rational points on each twist.
2022-01-13 21:54:49,715 INFO: Testing local solvability of twists...
2022-01-13 21:54:49,719 INFO: Finished local solvability testing.
2022-01-13 21:54:49,719 INFO: Computing elliptic curve a-invariants...
2022-01-13 21:55:05,713 INFO: Finished computation of a-invariants.
2022-01-13 21:55:05,715 INFO: Computing MW group (delta = ['2', '-1'], g = [8, -16, -16, 0, 4, 1])...
2022-01-13 21:57:36,571 INFO: Finished MW computation (delta = ['2', '-1'], g = [8, -16, -16, 0, 4, 1])
2022-01-13 21:57:36,574 INFO: Computing MW group (delta = ['8', '-17', '-16', '0', '4', '1'], g = [8, -16, -16, 0, 4, 1])...
2022-01-13 21:58:01,095 INFO: Finished MW computation (delta = ['8', '-17', '-16', '0', '4', '1'], g = [8, -16, -16, 0, 4, 1])
2022-01-13 21:58:01,116 INFO: Computing MW group (delta = ['1'], g = [8, -16, -16, 0, 4, 1])...
2022-01-13 21:58:44,626 INFO: Finished MW computation (delta = ['1'], g = [8, -16, -16, 0, 4, 1])
2022-01-13 21:58:44,630 INFO: Computing MW group (delta = ['16', '-34', '-31', '0', '8', '2'], g = [8, -16, -16, 0, 4, 1])...
2022-01-13 21:59:08,239 INFO: Finished MW computation (delta = ['16', '-34', '-31', '0', '8', '2'], g = [8, -16, -16, 0, 4, 1])
2022-01-13 21:59:08,245 INFO: Reducing MW generators...
2022-01-13 21:59:11,276 INFO: Finished reducing MW generators.
2022-01-13 21:59:11,278 INFO: Tasks complete. Recording data and exiting.
2022-01-14 11:35:24,782 INFO: Loaded curve data from file.
2022-01-14 11:35:24,782 INFO: Running elliptic Chabauty (delta = ['2', '-1'], g = [8, -16, -16, 0, 4, 1])...
2022-01-14 11:35:38,055 INFO: Chabauty completed successfully (delta = ['2', '-1'], g = [8, -16, -16, 0, 4, 1]).
2022-01-14 11:35:38,061 INFO: Running elliptic Chabauty (delta = ['8', '-17', '-16', '0', '4', '1'], g = [8, -16, -16, 0, 4, 1])...
2022-01-14 11:35:52,169 INFO: Chabauty completed successfully (delta = ['8', '-17', '-16', '0', '4', '1'], g = [8, -16, -16, 0, 4, 1]).
2022-01-14 11:35:52,171 INFO: Running elliptic Chabauty (delta = ['1'], g = [8, -16, -16, 0, 4, 1])...
2022-01-14 11:36:07,391 INFO: Chabauty completed successfully (delta = ['1'], g = [8, -16, -16, 0, 4, 1]).
2022-01-14 11:36:07,393 INFO: Running elliptic Chabauty (delta = ['16', '-34', '-31', '0', '8', '2'], g = [8, -16, -16, 0, 4, 1])...
2022-01-14 11:36:19,843 INFO: Chabauty completed successfully (delta = ['16', '-34', '-31', '0', '8', '2'], g = [8, -16, -16, 0, 4, 1]).
2022-01-14 11:36:20,031 INFO: Rational points successfully computed.
2022-01-14 11:36:20,108 INFO: Tasks complete. Recording data and exiting.
