2022-01-12 09:25:18,563 INFO: Initialized curve data.
2022-01-12 09:25:18,576 INFO: Setting up initial twist data...
2022-01-12 09:25:19,961 INFO: Twist setup complete.
2022-01-12 09:25:19,962 INFO: Searching for rational points on each twist...
2022-01-12 09:25:21,904 INFO: Finished searching for rational points on each twist.
2022-01-12 09:25:21,905 INFO: Testing local solvability of twists...
2022-01-12 09:25:21,913 INFO: Finished local solvability testing.
2022-01-12 09:25:21,915 INFO: Computing elliptic curve a-invariants...
2022-01-12 09:25:37,766 INFO: Finished computation of a-invariants.
2022-01-12 09:25:37,768 INFO: Computing MW group (delta = ['-4', '-4', '5', '6', '4', '-1'], g = [4, 5, -4, -6, -4, 1])...
2022-01-12 09:34:18,468 INFO: Finished MW computation (delta = ['-4', '-4', '5', '6', '4', '-1'], g = [4, 5, -4, -6, -4, 1])
2022-01-12 09:34:18,473 INFO: Computing MW group (delta = ['-16', '-20', '15', '23', '16', '-4'], g = [4, 5, -4, -6, -4, 1])...
2022-01-12 09:38:13,346 INFO: Finished MW computation (delta = ['-16', '-20', '15', '23', '16', '-4'], g = [4, 5, -4, -6, -4, 1])
2022-01-12 09:38:13,351 INFO: Computing MW group (delta = ['4', '4', '-4', '-6', '-4', '1'], g = [4, 5, -4, -6, -4, 1])...
2022-01-12 09:39:49,027 INFO: Finished MW computation (delta = ['4', '4', '-4', '-6', '-4', '1'], g = [4, 5, -4, -6, -4, 1])
2022-01-12 09:39:49,032 INFO: Computing MW group (delta = ['1'], g = [4, 5, -4, -6, -4, 1])...
2022-01-12 09:43:00,208 INFO: Finished MW computation (delta = ['1'], g = [4, 5, -4, -6, -4, 1])
2022-01-12 09:43:00,215 INFO: Reducing MW generators...
2022-01-12 09:43:06,430 INFO: Finished reducing MW generators.
2022-01-12 09:43:06,434 INFO: Tasks complete. Recording data and exiting.
