2022-01-12 12:22:42,884 INFO: Initialized curve data.
2022-01-12 12:22:42,888 INFO: Setting up initial twist data...
2022-01-12 12:22:44,157 INFO: Twist setup complete.
2022-01-12 12:22:44,158 INFO: Searching for rational points on each twist...
2022-01-12 12:22:46,123 INFO: Finished searching for rational points on each twist.
2022-01-12 12:22:46,124 INFO: Testing local solvability of twists...
2022-01-12 12:22:49,063 INFO: Finished local solvability testing.
2022-01-12 12:22:49,065 INFO: Computing elliptic curve a-invariants...
2022-01-12 12:22:56,223 INFO: Finished computation of a-invariants.
2022-01-12 12:22:56,224 INFO: Skipped MW computation because no base point (delta = ['16', '-12', '-31', '31', '-16', '16'])
2022-01-12 12:22:56,225 INFO: Computing MW group (delta = ['4', '-4', '-8', '8', '-4', '4'], g = [4, -3, -8, 8, -4, 4])...
2022-01-12 12:24:26,472 INFO: Finished MW computation (delta = ['4', '-4', '-8', '8', '-4', '4'], g = [4, -3, -8, 8, -4, 4])
2022-01-12 12:24:26,475 INFO: Computing MW group (delta = ['1'], g = [4, -3, -8, 8, -4, 4])...
2022-01-12 12:27:39,524 INFO: Finished MW computation (delta = ['1'], g = [4, -3, -8, 8, -4, 4])
2022-01-12 12:27:39,526 INFO: Computing MW group (delta = ['4', '-4', '-7', '8', '-4', '4'], g = [4, -3, -8, 8, -4, 4])...
2022-01-12 12:29:36,978 INFO: Finished MW computation (delta = ['4', '-4', '-7', '8', '-4', '4'], g = [4, -3, -8, 8, -4, 4])
2022-01-12 12:29:36,983 INFO: Reducing MW generators...
2022-01-12 12:29:40,116 INFO: Finished reducing MW generators.
2022-01-12 12:29:40,118 INFO: Tasks complete. Recording data and exiting.
2022-01-14 11:32:31,270 INFO: Loaded curve data from file.
2022-01-14 11:32:31,271 INFO: Skipped Chabauty because no base point (delta = ['16', '-12', '-31', '31', '-16', '16'])
2022-01-14 11:32:31,271 INFO: Skipped Chabauty because MW group hasn't been provably computed. (delta = ['4', '-4', '-8', '8', '-4', '4'], g = [4, -3, -8, 8, -4, 4])
2022-01-14 11:32:31,271 INFO: Skipped Chabauty because MW group hasn't been provably computed. (delta = ['1'], g = [4, -3, -8, 8, -4, 4])
2022-01-14 11:32:31,271 INFO: Running elliptic Chabauty (delta = ['4', '-4', '-7', '8', '-4', '4'], g = [4, -3, -8, 8, -4, 4])...
2022-01-14 11:32:50,610 INFO: Chabauty completed successfully (delta = ['4', '-4', '-7', '8', '-4', '4'], g = [4, -3, -8, 8, -4, 4]).
2022-01-14 11:32:50,710 INFO: Tasks complete. Recording data and exiting.
2022-02-12 17:40:22,314 INFO: Loaded curve data from file.
2022-02-12 17:40:22,315 INFO: Computing elliptic Chabauty map... (delta = ['4', '-4', '-8', '8', '-4', '4'], g = [4, -3, -8, 8, -4, 4])
2022-02-12 17:40:35,871 INFO: Elliptic Chabauty map computed. (delta = ['4', '-4', '-8', '8', '-4', '4'], g = [4, -3, -8, 8, -4, 4])
2022-02-12 17:40:35,873 INFO: Computing elliptic Chabauty map... (delta = ['1'], g = [4, -3, -8, 8, -4, 4])
2022-02-12 17:40:49,220 INFO: Elliptic Chabauty map computed. (delta = ['1'], g = [4, -3, -8, 8, -4, 4])
2022-02-12 17:40:49,222 INFO: Computing elliptic Chabauty map... (delta = ['4', '-4', '-7', '8', '-4', '4'], g = [4, -3, -8, 8, -4, 4])
2022-02-12 17:41:02,652 INFO: Elliptic Chabauty map computed. (delta = ['4', '-4', '-7', '8', '-4', '4'], g = [4, -3, -8, 8, -4, 4])
2022-02-12 17:41:02,654 INFO: Tasks complete. Recording data and exiting.
