2022-01-12 09:25:11,670 INFO: Initialized curve data.
2022-01-12 09:25:11,673 INFO: Setting up initial twist data...
2022-01-12 09:25:12,948 INFO: Twist setup complete.
2022-01-12 09:25:12,948 INFO: Searching for rational points on each twist...
2022-01-12 09:25:14,551 INFO: Finished searching for rational points on each twist.
2022-01-12 09:25:14,552 INFO: Testing local solvability of twists...
2022-01-12 09:25:19,316 INFO: Finished local solvability testing.
2022-01-12 09:25:19,318 INFO: Computing elliptic curve a-invariants...
2022-01-12 09:25:28,546 INFO: Finished computation of a-invariants.
2022-01-12 09:25:28,549 INFO: Computing MW group (delta = ['1'], g = [4, -3, -10, -1, 6, 1])...
2022-01-12 10:08:57,315 INFO: Finished MW computation (delta = ['1'], g = [4, -3, -10, -1, 6, 1])
2022-01-12 10:08:57,324 INFO: Skipped MW computation because no base point (delta = ['1/2', '-1'])
2022-01-12 10:08:57,325 INFO: Computing MW group (delta = ['2', '-2', '-4', '-1/2', '3', '1/2'], g = [4, -3, -10, -1, 6, 1])...
2022-01-12 10:10:35,144 INFO: Finished MW computation (delta = ['2', '-2', '-4', '-1/2', '3', '1/2'], g = [4, -3, -10, -1, 6, 1])
2022-01-12 10:10:35,149 INFO: Computing MW group (delta = ['4', '-4', '-10', '-1', '6', '1'], g = [4, -3, -10, -1, 6, 1])...
2022-01-12 10:11:53,775 INFO: Finished MW computation (delta = ['4', '-4', '-10', '-1', '6', '1'], g = [4, -3, -10, -1, 6, 1])
2022-01-12 10:11:53,783 INFO: Reducing MW generators...
2022-01-12 10:11:57,253 INFO: Finished reducing MW generators.
2022-01-12 10:11:57,256 INFO: Tasks complete. Recording data and exiting.
2022-01-14 09:10:29,859 INFO: Loaded curve data from file.
2022-01-14 09:10:29,861 INFO: Running elliptic Chabauty (delta = ['1'], g = [4, -3, -10, -1, 6, 1])...
2022-01-14 09:10:49,700 INFO: Chabauty completed successfully (delta = ['1'], g = [4, -3, -10, -1, 6, 1]).
2022-01-14 09:10:49,703 INFO: Skipped Chabauty because no base point (delta = ['1/2', '-1'])
2022-01-14 09:10:49,703 INFO: Skipped Chabauty because MW group hasn't been provably computed. (delta = ['2', '-2', '-4', '-1/2', '3', '1/2'], g = [4, -3, -10, -1, 6, 1])
2022-01-14 09:10:49,703 INFO: Skipped Chabauty because MW group hasn't been provably computed. (delta = ['4', '-4', '-10', '-1', '6', '1'], g = [4, -3, -10, -1, 6, 1])
2022-01-14 09:10:49,797 INFO: Tasks complete. Recording data and exiting.
