2022-01-11 12:31:50,205 INFO: Initialized curve data.
2022-01-11 12:31:50,207 INFO: Setting up initial twist data...
2022-01-11 12:31:51,230 INFO: Twist setup complete.
2022-01-11 12:31:51,230 INFO: Searching for rational points on each twist...
2022-01-11 12:31:53,158 INFO: Finished searching for rational points on each twist.
2022-01-11 12:31:53,158 INFO: Testing local solvability of twists...
2022-01-11 12:31:53,163 INFO: Finished local solvability testing.
2022-01-11 12:31:53,165 INFO: Computing elliptic curve a-invariants...
2022-01-11 12:32:00,196 INFO: Finished computation of a-invariants.
2022-01-11 12:32:00,198 INFO: Computing MW group (delta = ['2', '-1'], g = [-6, 13, -8, -6, 2, 1])...
2022-01-13 17:36:51,962 INFO: Loaded curve data from file.
2022-01-13 17:36:51,962 INFO: Reducing MW generators...
2022-01-13 17:36:51,962 INFO: Finished reducing MW generators.
2022-01-13 17:36:51,964 INFO: Skipped Chabauty because MW generators haven't been computed. (delta = ['2', '-1'], g = [-6, 13, -8, -6, 2, 1])
2022-01-13 17:36:51,964 INFO: Skipped Chabauty because MW generators haven't been computed. (delta = ['-8', '12', '-8', '-6', '2', '1'], g = [-6, 13, -8, -6, 2, 1])
2022-01-13 17:36:51,964 INFO: Skipped Chabauty because MW generators haven't been computed. (delta = ['-28', '52', '-31', '-24', '8', '4'], g = [-6, 13, -8, -6, 2, 1])
2022-01-13 17:36:51,964 INFO: Skipped Chabauty because MW generators haven't been computed. (delta = ['1'], g = [-6, 13, -8, -6, 2, 1])
2022-01-13 17:36:51,966 INFO: Tasks complete. Recording data and exiting.
2022-02-12 16:56:42,129 INFO: Loaded curve data from file.
2022-02-12 16:56:42,129 INFO: Computing elliptic Chabauty map... (delta = ['2', '-1'], g = [-6, 13, -8, -6, 2, 1])
2022-02-12 16:56:56,338 INFO: Elliptic Chabauty map computed. (delta = ['2', '-1'], g = [-6, 13, -8, -6, 2, 1])
2022-02-12 16:56:56,341 INFO: Computing elliptic Chabauty map... (delta = ['-8', '12', '-8', '-6', '2', '1'], g = [-6, 13, -8, -6, 2, 1])
2022-02-12 16:57:10,352 INFO: Elliptic Chabauty map computed. (delta = ['-8', '12', '-8', '-6', '2', '1'], g = [-6, 13, -8, -6, 2, 1])
2022-02-12 16:57:10,354 INFO: Computing elliptic Chabauty map... (delta = ['-28', '52', '-31', '-24', '8', '4'], g = [-6, 13, -8, -6, 2, 1])
2022-02-12 16:57:24,489 INFO: Elliptic Chabauty map computed. (delta = ['-28', '52', '-31', '-24', '8', '4'], g = [-6, 13, -8, -6, 2, 1])
2022-02-12 16:57:24,491 INFO: Computing elliptic Chabauty map... (delta = ['1'], g = [-6, 13, -8, -6, 2, 1])
2022-02-12 16:57:38,463 INFO: Elliptic Chabauty map computed. (delta = ['1'], g = [-6, 13, -8, -6, 2, 1])
2022-02-12 16:57:38,466 INFO: Tasks complete. Recording data and exiting.
