2022-02-01 12:30:15,198 INFO: Initialized curve data.
2022-02-01 12:30:15,203 INFO: Setting up initial twist data...
2022-02-01 12:30:16,382 INFO: Twist setup complete.
2022-02-01 12:30:16,382 INFO: Searching for rational points on each twist...
2022-02-01 12:30:18,892 INFO: Finished searching for rational points on each twist.
2022-02-01 12:30:18,892 INFO: Testing local solvability of twists...
2022-02-01 12:30:23,100 INFO: Finished local solvability testing.
2022-02-01 12:30:23,102 INFO: Computing elliptic curve a-invariants...
2022-02-01 12:30:37,124 INFO: Finished computation of a-invariants.
2022-02-01 12:30:37,126 INFO: Skipped MW computation because no base point (delta = ['-1', '0', '1'])
2022-02-01 12:30:37,126 INFO: Computing MW group (delta = ['4', '-9', '1', '4', '-4', '5'], g = [4, -8, 0, 4, -4, 5])...
2022-02-01 12:42:03,891 INFO: Finished MW computation (delta = ['4', '-9', '1', '4', '-4', '5'], g = [4, -8, 0, 4, -4, 5])
2022-02-01 12:42:03,894 INFO: Computing MW group (delta = ['1'], g = [4, -8, 0, 4, -4, 5])...
2022-02-01 12:46:17,328 INFO: Finished MW computation (delta = ['1'], g = [4, -8, 0, 4, -4, 5])
2022-02-01 12:46:17,330 INFO: Computing MW group (delta = ['-4', '9', '-1', '-5', '5', '-5'], g = [4, -8, 0, 4, -4, 5])...
2022-02-02 04:42:38,539 INFO: Loaded curve data from file.
2022-02-02 04:42:38,539 INFO: Reducing MW generators...
2022-02-02 04:42:39,535 INFO: Finished reducing MW generators.
2022-02-02 04:42:39,538 INFO: Skipped Chabauty because no base point (delta = ['-1', '0', '1'])
2022-02-02 04:42:39,538 INFO: Skipped Chabauty because MW group hasn't been provably computed. (delta = ['4', '-9', '1', '4', '-4', '5'], g = [4, -8, 0, 4, -4, 5])
2022-02-02 04:42:39,538 INFO: Skipped Chabauty because MW group hasn't been provably computed. (delta = ['1'], g = [4, -8, 0, 4, -4, 5])
2022-02-02 04:42:39,538 INFO: Skipped Chabauty because MW generators haven't been computed. (delta = ['-4', '9', '-1', '-5', '5', '-5'], g = [4, -8, 0, 4, -4, 5])
2022-02-02 04:42:39,574 INFO: Tasks complete. Recording data and exiting.
