2022-01-11 12:29:17,275 INFO: Initialized curve data.
2022-01-11 12:29:17,279 INFO: Setting up initial twist data...
2022-01-11 12:29:18,387 INFO: Twist setup complete.
2022-01-11 12:29:18,387 INFO: Searching for rational points on each twist...
2022-01-11 12:29:20,410 INFO: Finished searching for rational points on each twist.
2022-01-11 12:29:20,410 INFO: Testing local solvability of twists...
2022-01-11 12:29:20,416 INFO: Finished local solvability testing.
2022-01-11 12:29:20,417 INFO: Computing elliptic curve a-invariants...
2022-01-11 12:29:37,741 INFO: Finished computation of a-invariants.
2022-01-11 12:29:37,742 INFO: Computing MW group (delta = ['-12', '-14', '15', '9', '-7', '1'], g = [-13, -13, 15, 9, -7, 1])...
2022-01-11 12:30:50,359 INFO: Finished MW computation (delta = ['-12', '-14', '15', '9', '-7', '1'], g = [-13, -13, 15, 9, -7, 1])
2022-01-11 12:30:50,361 INFO: Computing MW group (delta = ['-1', '-1', '1'], g = [-13, -13, 15, 9, -7, 1])...
2022-01-11 12:32:03,807 INFO: Finished MW computation (delta = ['-1', '-1', '1'], g = [-13, -13, 15, 9, -7, 1])
2022-01-11 12:32:03,810 INFO: Computing MW group (delta = ['12', '13', '-13', '-10', '7', '-1'], g = [-13, -13, 15, 9, -7, 1])...
2022-01-11 12:32:54,394 INFO: Finished MW computation (delta = ['12', '13', '-13', '-10', '7', '-1'], g = [-13, -13, 15, 9, -7, 1])
2022-01-11 12:32:54,396 INFO: Computing MW group (delta = ['1'], g = [-13, -13, 15, 9, -7, 1])...
2022-01-11 12:34:04,988 INFO: Finished MW computation (delta = ['1'], g = [-13, -13, 15, 9, -7, 1])
2022-01-11 12:34:04,992 INFO: Reducing MW generators...
2022-01-11 12:34:09,212 INFO: Finished reducing MW generators.
2022-01-11 12:34:09,214 INFO: Tasks complete. Recording data and exiting.
2022-01-13 17:36:50,027 INFO: Loaded curve data from file.
2022-01-13 17:36:50,028 INFO: Running elliptic Chabauty (delta = ['-12', '-14', '15', '9', '-7', '1'], g = [-13, -13, 15, 9, -7, 1])...
2022-01-13 17:37:13,356 INFO: Chabauty completed successfully (delta = ['-12', '-14', '15', '9', '-7', '1'], g = [-13, -13, 15, 9, -7, 1]).
2022-01-13 17:37:13,406 INFO: Running elliptic Chabauty (delta = ['-1', '-1', '1'], g = [-13, -13, 15, 9, -7, 1])...
2022-01-13 17:37:40,984 INFO: Chabauty completed successfully (delta = ['-1', '-1', '1'], g = [-13, -13, 15, 9, -7, 1]).
2022-01-13 17:37:40,986 INFO: Skipped Chabauty because MW group hasn't been provably computed. (delta = ['12', '13', '-13', '-10', '7', '-1'], g = [-13, -13, 15, 9, -7, 1])
2022-01-13 17:37:40,986 INFO: Running elliptic Chabauty (delta = ['1'], g = [-13, -13, 15, 9, -7, 1])...
2022-01-13 17:38:07,235 INFO: Chabauty completed successfully (delta = ['1'], g = [-13, -13, 15, 9, -7, 1]).
2022-01-13 17:38:07,357 INFO: Tasks complete. Recording data and exiting.
2022-02-12 16:52:05,959 INFO: Loaded curve data from file.
2022-02-12 16:52:05,959 INFO: Computing elliptic Chabauty map... (delta = ['-12', '-14', '15', '9', '-7', '1'], g = [-13, -13, 15, 9, -7, 1])
2022-02-12 16:52:21,710 INFO: Elliptic Chabauty map computed. (delta = ['-12', '-14', '15', '9', '-7', '1'], g = [-13, -13, 15, 9, -7, 1])
2022-02-12 16:52:21,713 INFO: Computing elliptic Chabauty map... (delta = ['-1', '-1', '1'], g = [-13, -13, 15, 9, -7, 1])
2022-02-12 16:52:37,321 INFO: Elliptic Chabauty map computed. (delta = ['-1', '-1', '1'], g = [-13, -13, 15, 9, -7, 1])
2022-02-12 16:52:37,324 INFO: Computing elliptic Chabauty map... (delta = ['12', '13', '-13', '-10', '7', '-1'], g = [-13, -13, 15, 9, -7, 1])
2022-02-12 16:52:53,049 INFO: Elliptic Chabauty map computed. (delta = ['12', '13', '-13', '-10', '7', '-1'], g = [-13, -13, 15, 9, -7, 1])
2022-02-12 16:52:53,053 INFO: Computing elliptic Chabauty map... (delta = ['1'], g = [-13, -13, 15, 9, -7, 1])
2022-02-12 16:53:08,413 INFO: Elliptic Chabauty map computed. (delta = ['1'], g = [-13, -13, 15, 9, -7, 1])
2022-02-12 16:53:08,418 INFO: Tasks complete. Recording data and exiting.
