2022-01-11 15:23:22,621 INFO: Initialized curve data.
2022-01-11 15:23:22,622 INFO: Setting up initial twist data...
2022-01-11 15:23:23,867 INFO: Twist setup complete.
2022-01-11 15:23:23,867 INFO: Searching for rational points on each twist...
2022-01-11 15:23:25,270 INFO: Finished searching for rational points on each twist.
2022-01-11 15:23:25,270 INFO: Testing local solvability of twists...
2022-01-11 15:23:29,903 INFO: Finished local solvability testing.
2022-01-11 15:23:29,904 INFO: Computing elliptic curve a-invariants...
2022-01-11 15:23:34,116 INFO: Finished computation of a-invariants.
2022-01-11 15:23:34,117 INFO: Skipped MW computation because no base point (delta = ['1', '-1', '1'])
2022-01-11 15:23:34,118 INFO: Computing MW group (delta = ['4', '-4', '8', '-6', '4', '1'], g = [4, -3, 8, -6, 4, 1])...
2022-01-11 15:24:27,002 INFO: Finished MW computation (delta = ['4', '-4', '8', '-6', '4', '1'], g = [4, -3, 8, -6, 4, 1])
2022-01-11 15:24:27,004 INFO: Computing MW group (delta = ['1'], g = [4, -3, 8, -6, 4, 1])...
2022-01-11 15:26:07,253 INFO: Finished MW computation (delta = ['1'], g = [4, -3, 8, -6, 4, 1])
2022-01-11 15:26:07,255 INFO: Skipped MW computation because no base point (delta = ['4', '-4', '9', '-7', '4', '1'])
2022-01-11 15:26:07,256 INFO: Reducing MW generators...
2022-01-11 15:26:09,675 INFO: Finished reducing MW generators.
2022-01-11 15:26:09,678 INFO: Tasks complete. Recording data and exiting.
2022-01-14 09:07:50,261 INFO: Loaded curve data from file.
2022-01-14 09:07:50,262 INFO: Skipped Chabauty because no base point (delta = ['1', '-1', '1'])
2022-01-14 09:07:50,262 INFO: Running elliptic Chabauty (delta = ['4', '-4', '8', '-6', '4', '1'], g = [4, -3, 8, -6, 4, 1])...
2022-01-14 09:08:08,444 INFO: Chabauty completed successfully (delta = ['4', '-4', '8', '-6', '4', '1'], g = [4, -3, 8, -6, 4, 1]).
2022-01-14 09:08:08,446 INFO: Running elliptic Chabauty (delta = ['1'], g = [4, -3, 8, -6, 4, 1])...
2022-01-14 09:08:31,765 INFO: Chabauty completed successfully (delta = ['1'], g = [4, -3, 8, -6, 4, 1]).
2022-01-14 09:08:31,767 INFO: Skipped Chabauty because no base point (delta = ['4', '-4', '9', '-7', '4', '1'])
2022-01-14 09:08:31,981 INFO: Rational points successfully computed.
2022-01-14 09:08:31,984 INFO: Tasks complete. Recording data and exiting.
