2022-01-01 12:50:41,193 INFO: Initialized curve data.
2022-01-01 12:50:41,196 INFO: Setting up initial twist data...
2022-01-01 12:50:42,329 INFO: Twist setup complete.
2022-01-01 12:50:42,330 INFO: Searching for rational points on each twist...
2022-01-01 12:50:43,673 INFO: Finished searching for rational points on each twist.
2022-01-01 12:50:43,673 INFO: Testing local solvability of twists...
2022-01-01 12:50:45,909 INFO: Finished local solvability testing.
2022-01-01 12:50:45,911 INFO: Computing elliptic curve a-invariants...
2022-01-01 12:50:51,627 INFO: Finished computation of a-invariants.
2022-01-01 12:50:51,629 INFO: Computing MW group (delta = ['4', '0', '-9', '-7', '-2', '-1'], g = [-4, 1, 10, 7, 2, 1])...
2022-01-01 12:51:42,434 INFO: Finished MW computation (delta = ['4', '0', '-9', '-7', '-2', '-1'], g = [-4, 1, 10, 7, 2, 1])
2022-01-01 12:51:42,436 INFO: Computing MW group (delta = ['-4', '0', '10', '7', '2', '1'], g = [-4, 1, 10, 7, 2, 1])...
2022-01-01 12:52:51,147 INFO: Finished MW computation (delta = ['-4', '0', '10', '7', '2', '1'], g = [-4, 1, 10, 7, 2, 1])
2022-01-01 12:52:51,150 INFO: Computing MW group (delta = ['1'], g = [-4, 1, 10, 7, 2, 1])...
2022-01-01 12:54:07,699 INFO: Finished MW computation (delta = ['1'], g = [-4, 1, 10, 7, 2, 1])
2022-01-01 12:54:07,701 INFO: Skipped MW computation because no base point (delta = ['-16', '4', '39', '27', '8', '4'])
2022-01-01 12:54:07,703 INFO: Reducing MW generators...
2022-01-01 12:54:13,403 INFO: Finished reducing MW generators.
2022-01-01 12:54:13,405 INFO: Running elliptic Chabauty (delta = ['4', '0', '-9', '-7', '-2', '-1'], g = [-4, 1, 10, 7, 2, 1])...
2022-01-01 12:54:32,168 INFO: Chabauty completed successfully (delta = ['4', '0', '-9', '-7', '-2', '-1'], g = [-4, 1, 10, 7, 2, 1]).
2022-01-01 12:54:32,170 INFO: Running elliptic Chabauty (delta = ['-4', '0', '10', '7', '2', '1'], g = [-4, 1, 10, 7, 2, 1])...
2022-01-01 12:54:59,854 INFO: Chabauty completed successfully (delta = ['-4', '0', '10', '7', '2', '1'], g = [-4, 1, 10, 7, 2, 1]).
2022-01-01 12:54:59,857 INFO: Running elliptic Chabauty (delta = ['1'], g = [-4, 1, 10, 7, 2, 1])...
2022-01-01 12:55:23,076 INFO: Chabauty completed successfully (delta = ['1'], g = [-4, 1, 10, 7, 2, 1]).
2022-01-01 12:55:23,078 INFO: Skipped Chabauty because no base point (delta = ['-16', '4', '39', '27', '8', '4'])
2022-01-01 12:55:23,414 INFO: Rational points successfully computed.
2022-01-01 12:55:23,417 INFO: Tasks complete. Recording data and exiting.
2022-01-03 13:14:57,000 INFO: Obsolete "loc_solv_error" keys removed.
2022-01-03 13:14:57,000 INFO: Deleted results of Chabauty computation.
