2022-01-12 12:27:59,002 INFO: Initialized curve data.
2022-01-12 12:27:59,005 INFO: Setting up initial twist data...
2022-01-12 12:28:00,266 INFO: Twist setup complete.
2022-01-12 12:28:00,266 INFO: Searching for rational points on each twist...
2022-01-12 12:28:02,327 INFO: Finished searching for rational points on each twist.
2022-01-12 12:28:02,327 INFO: Testing local solvability of twists...
2022-01-12 12:28:02,333 INFO: Finished local solvability testing.
2022-01-12 12:28:02,334 INFO: Computing elliptic curve a-invariants...
2022-01-12 12:28:21,144 INFO: Finished computation of a-invariants.
2022-01-12 12:28:21,146 INFO: Computing MW group (delta = ['-1', '0', '1'], g = [4, 1, -16, -8, 12, 8])...
2022-01-12 12:29:27,766 INFO: Finished MW computation (delta = ['-1', '0', '1'], g = [4, 1, -16, -8, 12, 8])
2022-01-12 12:29:27,769 INFO: Computing MW group (delta = ['4', '0', '-17', '-7', '13', '8'], g = [4, 1, -16, -8, 12, 8])...
2022-01-12 12:31:36,602 INFO: Finished MW computation (delta = ['4', '0', '-17', '-7', '13', '8'], g = [4, 1, -16, -8, 12, 8])
2022-01-12 12:31:36,605 INFO: Computing MW group (delta = ['1'], g = [4, 1, -16, -8, 12, 8])...
2022-01-12 12:33:38,474 INFO: Finished MW computation (delta = ['1'], g = [4, 1, -16, -8, 12, 8])
2022-01-12 12:33:38,477 INFO: Computing MW group (delta = ['-4', '0', '17', '8', '-12', '-8'], g = [4, 1, -16, -8, 12, 8])...
2022-01-12 12:37:16,204 INFO: Finished MW computation (delta = ['-4', '0', '17', '8', '-12', '-8'], g = [4, 1, -16, -8, 12, 8])
2022-01-12 12:37:16,208 INFO: Reducing MW generators...
2022-01-12 12:37:18,913 INFO: Finished reducing MW generators.
2022-01-12 12:37:18,915 INFO: Tasks complete. Recording data and exiting.
