2022-01-11 12:29:14,130 INFO: Initialized curve data.
2022-01-11 12:29:14,135 INFO: Setting up initial twist data...
2022-01-11 12:29:15,029 INFO: Twist setup complete.
2022-01-11 12:29:15,029 INFO: Searching for rational points on each twist...
2022-01-11 12:29:16,336 INFO: Finished searching for rational points on each twist.
2022-01-11 12:29:16,336 INFO: Testing local solvability of twists...
2022-01-11 12:29:16,341 INFO: Finished local solvability testing.
2022-01-11 12:29:16,342 INFO: Computing elliptic curve a-invariants...
2022-01-11 12:29:22,369 INFO: Finished computation of a-invariants.
2022-01-11 12:29:22,372 INFO: Computing MW group (delta = ['-1', '-1'], g = [-4, -8, -4, 5, 2, 1])...
2022-01-11 12:30:58,788 INFO: Finished MW computation (delta = ['-1', '-1'], g = [-4, -8, -4, 5, 2, 1])
2022-01-11 12:30:58,793 INFO: Computing MW group (delta = ['4', '9', '5', '-5', '-2', '-1'], g = [-4, -8, -4, 5, 2, 1])...
2022-01-11 12:32:10,251 INFO: Finished MW computation (delta = ['4', '9', '5', '-5', '-2', '-1'], g = [-4, -8, -4, 5, 2, 1])
2022-01-11 12:32:10,253 INFO: Computing MW group (delta = ['1'], g = [-4, -8, -4, 5, 2, 1])...
2022-01-11 12:33:54,815 INFO: Finished MW computation (delta = ['1'], g = [-4, -8, -4, 5, 2, 1])
2022-01-11 12:33:54,817 INFO: Computing MW group (delta = ['-4', '-9', '-4', '5', '2', '1'], g = [-4, -8, -4, 5, 2, 1])...
2022-01-11 12:34:39,738 INFO: Finished MW computation (delta = ['-4', '-9', '-4', '5', '2', '1'], g = [-4, -8, -4, 5, 2, 1])
2022-01-11 12:34:39,743 INFO: Reducing MW generators...
2022-01-11 12:34:42,059 INFO: Finished reducing MW generators.
2022-01-11 12:34:42,061 INFO: Tasks complete. Recording data and exiting.
