2022-01-11 15:10:17,418 INFO: Initialized curve data.
2022-01-11 15:10:17,421 INFO: Setting up initial twist data...
2022-01-11 15:10:18,637 INFO: Twist setup complete.
2022-01-11 15:10:18,638 INFO: Searching for rational points on each twist...
2022-01-11 15:10:21,306 INFO: Finished searching for rational points on each twist.
2022-01-11 15:10:21,306 INFO: Testing local solvability of twists...
2022-01-11 15:10:54,050 INFO: Finished local solvability testing.
2022-01-11 15:10:54,052 INFO: Computing elliptic curve a-invariants...
2022-01-11 15:11:14,337 INFO: Finished computation of a-invariants.
2022-01-11 15:11:14,339 INFO: Skipped MW computation because no base point (delta = ['-16', '28', '23', '-27', '-7', '-5'])
2022-01-11 15:11:14,339 INFO: Computing MW group (delta = ['-1', '0', '1'], g = [4, -7, -6, 7, 2, 1])...
2022-01-11 15:12:53,205 INFO: Finished MW computation (delta = ['-1', '0', '1'], g = [4, -7, -6, 7, 2, 1])
2022-01-11 15:12:53,208 INFO: Computing MW group (delta = ['4', '-8', '-5', '7', '2', '1'], g = [4, -7, -6, 7, 2, 1])...
2022-01-11 15:14:00,464 INFO: Finished MW computation (delta = ['4', '-8', '-5', '7', '2', '1'], g = [4, -7, -6, 7, 2, 1])
2022-01-11 15:14:00,467 INFO: Computing MW group (delta = ['1'], g = [4, -7, -6, 7, 2, 1])...
2022-01-11 15:15:04,130 INFO: Finished MW computation (delta = ['1'], g = [4, -7, -6, 7, 2, 1])
2022-01-11 15:15:04,135 INFO: Skipped MW computation because no base point (delta = ['16', '-28', '-23', '27', '8', '4'])
2022-01-11 15:15:04,136 INFO: Computing MW group (delta = ['-4', '8', '5', '-8', '-1', '-1'], g = [4, -7, -6, 7, 2, 1])...
2022-01-11 15:16:12,166 INFO: Finished MW computation (delta = ['-4', '8', '5', '-8', '-1', '-1'], g = [4, -7, -6, 7, 2, 1])
2022-01-11 15:16:12,170 INFO: Skipped MW computation because no base point (delta = ['-4', '8', '6', '-8', '-2', '-1'])
2022-01-11 15:16:12,170 INFO: Computing MW group (delta = ['4', '-8', '-6', '7', '2', '1'], g = [4, -7, -6, 7, 2, 1])...
2022-01-11 15:17:09,654 INFO: Finished MW computation (delta = ['4', '-8', '-6', '7', '2', '1'], g = [4, -7, -6, 7, 2, 1])
2022-01-11 15:17:09,660 INFO: Reducing MW generators...
2022-01-11 15:17:14,455 INFO: Finished reducing MW generators.
2022-01-11 15:17:14,458 INFO: Tasks complete. Recording data and exiting.
