2022-01-12 09:25:24,638 INFO: Initialized curve data.
2022-01-12 09:25:24,641 INFO: Setting up initial twist data...
2022-01-12 09:25:25,439 INFO: Twist setup complete.
2022-01-12 09:25:25,439 INFO: Searching for rational points on each twist...
2022-01-12 09:25:26,678 INFO: Finished searching for rational points on each twist.
2022-01-12 09:25:26,679 INFO: Testing local solvability of twists...
2022-01-12 09:25:28,514 INFO: Finished local solvability testing.
2022-01-12 09:25:28,516 INFO: Computing elliptic curve a-invariants...
2022-01-12 09:25:33,150 INFO: Finished computation of a-invariants.
2022-01-12 09:25:33,152 INFO: Skipped MW computation because no base point (delta = ['16', '16', '-63', '15', '16', '4'])
2022-01-12 09:25:33,152 INFO: Computing MW group (delta = ['4', '3', '-16', '4', '4', '1'], g = [4, 4, -16, 4, 4, 1])...
2022-01-12 09:30:04,062 INFO: Finished MW computation (delta = ['4', '3', '-16', '4', '4', '1'], g = [4, 4, -16, 4, 4, 1])
2022-01-12 09:30:04,065 INFO: Computing MW group (delta = ['1'], g = [4, 4, -16, 4, 4, 1])...
2022-01-12 09:32:14,718 INFO: Finished MW computation (delta = ['1'], g = [4, 4, -16, 4, 4, 1])
2022-01-12 09:32:14,722 INFO: Computing MW group (delta = ['4', '3', '-15', '4', '4', '1'], g = [4, 4, -16, 4, 4, 1])...
2022-01-12 09:39:11,582 INFO: Finished MW computation (delta = ['4', '3', '-15', '4', '4', '1'], g = [4, 4, -16, 4, 4, 1])
2022-01-12 09:39:11,587 INFO: Reducing MW generators...
2022-01-12 09:39:13,044 INFO: Finished reducing MW generators.
2022-01-12 09:39:13,047 INFO: Tasks complete. Recording data and exiting.
2022-01-14 09:10:48,498 INFO: Loaded curve data from file.
2022-01-14 09:10:48,499 INFO: Skipped Chabauty because no base point (delta = ['16', '16', '-63', '15', '16', '4'])
2022-01-14 09:10:48,499 INFO: Skipped Chabauty because MW group hasn't been provably computed. (delta = ['4', '3', '-16', '4', '4', '1'], g = [4, 4, -16, 4, 4, 1])
2022-01-14 09:10:48,499 INFO: Running elliptic Chabauty (delta = ['1'], g = [4, 4, -16, 4, 4, 1])...
2022-01-14 09:10:59,864 INFO: Chabauty completed successfully (delta = ['1'], g = [4, 4, -16, 4, 4, 1]).
2022-01-14 09:10:59,866 INFO: Running elliptic Chabauty (delta = ['4', '3', '-15', '4', '4', '1'], g = [4, 4, -16, 4, 4, 1])...
2022-01-14 09:11:10,768 INFO: Chabauty completed successfully (delta = ['4', '3', '-15', '4', '4', '1'], g = [4, 4, -16, 4, 4, 1]).
2022-01-14 09:11:10,878 INFO: Tasks complete. Recording data and exiting.
