2022-01-01 12:50:40,776 INFO: Initialized curve data.
2022-01-01 12:50:40,780 INFO: Setting up initial twist data...
2022-01-01 12:50:42,325 INFO: Twist setup complete.
2022-01-01 12:50:42,325 INFO: Searching for rational points on each twist...
2022-01-01 12:50:44,872 INFO: Finished searching for rational points on each twist.
2022-01-01 12:50:44,872 INFO: Testing local solvability of twists...
2022-01-01 12:51:03,020 INFO: Finished local solvability testing.
2022-01-01 12:51:03,024 INFO: Computing elliptic curve a-invariants...
2022-01-01 12:51:09,287 INFO: Finished computation of a-invariants.
2022-01-01 12:51:09,289 INFO: Computing MW group (delta = ['4', '-7', '-2', '8', '2', '-1'], g = [1, 0, 1])...
2022-01-01 12:51:11,751 INFO: Finished MW computation (delta = ['4', '-7', '-2', '8', '2', '-1'], g = [1, 0, 1])
2022-01-01 12:51:11,753 INFO: Computing MW group (delta = ['4', '-7', '-2', '8', '2', '-1'], g = [2, -3, -2, 1])...
2022-01-01 12:51:14,125 INFO: Finished MW computation (delta = ['4', '-7', '-2', '8', '2', '-1'], g = [2, -3, -2, 1])
2022-01-01 12:51:14,128 INFO: Skipped MW computation because no base point (delta = ['-3', '4', '8', '0', '-1'])
2022-01-01 12:51:14,128 INFO: Computing MW group (delta = ['-8', '7', '12', '-2', '-4', '-1'], g = [1, 0, 1])...
2022-01-01 12:51:16,039 INFO: Finished MW computation (delta = ['-8', '7', '12', '-2', '-4', '-1'], g = [1, 0, 1])
2022-01-01 12:51:16,042 INFO: Computing MW group (delta = ['-8', '7', '12', '-2', '-4', '-1'], g = [2, -3, -2, 1])...
2022-01-01 12:51:20,086 INFO: Finished MW computation (delta = ['-8', '7', '12', '-2', '-4', '-1'], g = [2, -3, -2, 1])
2022-01-01 12:51:20,089 INFO: Computing MW group (delta = ['3', '-1', '-12', '-8', '1', '1'], g = [1, 0, 1])...
2022-01-01 12:51:22,407 INFO: Finished MW computation (delta = ['3', '-1', '-12', '-8', '1', '1'], g = [1, 0, 1])
2022-01-01 12:51:22,411 INFO: Computing MW group (delta = ['3', '-1', '-12', '-8', '1', '1'], g = [2, -3, -2, 1])...
2022-01-01 12:51:26,491 INFO: Finished MW computation (delta = ['3', '-1', '-12', '-8', '1', '1'], g = [2, -3, -2, 1])
2022-01-01 12:51:26,494 INFO: Computing MW group (delta = ['0', '1', '1'], g = [1, 0, 1])...
2022-01-01 12:51:28,634 INFO: Finished MW computation (delta = ['0', '1', '1'], g = [1, 0, 1])
2022-01-01 12:51:28,637 INFO: Computing MW group (delta = ['0', '1', '1'], g = [2, -3, -2, 1])...
2022-01-01 12:51:31,073 INFO: Finished MW computation (delta = ['0', '1', '1'], g = [2, -3, -2, 1])
2022-01-01 12:51:31,076 INFO: Computing MW group (delta = ['1'], g = [1, 0, 1])...
2022-01-01 12:51:33,978 INFO: Finished MW computation (delta = ['1'], g = [1, 0, 1])
2022-01-01 12:51:33,981 INFO: Computing MW group (delta = ['1'], g = [2, -3, -2, 1])...
2022-01-01 12:51:36,425 INFO: Finished MW computation (delta = ['1'], g = [2, -3, -2, 1])
2022-01-01 12:51:36,428 INFO: Computing MW group (delta = ['0', '-1', '-2', '-1'], g = [1, 0, 1])...
2022-01-01 12:51:39,455 INFO: Finished MW computation (delta = ['0', '-1', '-2', '-1'], g = [1, 0, 1])
2022-01-01 12:51:39,459 INFO: Computing MW group (delta = ['0', '-1', '-2', '-1'], g = [2, -3, -2, 1])...
2022-01-01 12:51:44,091 INFO: Finished MW computation (delta = ['0', '-1', '-2', '-1'], g = [2, -3, -2, 1])
2022-01-01 12:51:44,094 INFO: Skipped MW computation because no base point (delta = ['-1', '-1'])
2022-01-01 12:51:44,097 INFO: Reducing MW generators...
2022-01-01 12:51:53,052 INFO: Finished reducing MW generators.
2022-01-01 12:51:53,057 INFO: Running elliptic Chabauty (delta = ['4', '-7', '-2', '8', '2', '-1'], g = [1, 0, 1])...
2022-01-03 13:14:57,000 INFO: Obsolete "loc_solv_error" keys removed.
2022-01-10 22:39:01,494 INFO: Loaded curve data from file.
2022-01-10 22:39:01,495 INFO: Skipped Chabauty because rank >= degree(g). (delta = ['4', '-7', '-2', '8', '2', '-1'], g = [1, 0, 1])
2022-01-10 22:39:01,495 INFO: Running elliptic Chabauty (delta = ['4', '-7', '-2', '8', '2', '-1'], g = [2, -3, -2, 1])...
2022-01-10 22:39:08,799 INFO: Chabauty completed successfully (delta = ['4', '-7', '-2', '8', '2', '-1'], g = [2, -3, -2, 1]).
2022-01-10 22:39:08,803 INFO: Skipped Chabauty because no base point (delta = ['-3', '4', '8', '0', '-1'])
2022-01-10 22:39:08,803 INFO: Skipped Chabauty because rank >= degree(g). (delta = ['-8', '7', '12', '-2', '-4', '-1'], g = [1, 0, 1])
2022-01-10 22:39:08,803 INFO: Running elliptic Chabauty (delta = ['-8', '7', '12', '-2', '-4', '-1'], g = [2, -3, -2, 1])...
2022-01-10 22:39:15,804 INFO: Chabauty completed successfully (delta = ['-8', '7', '12', '-2', '-4', '-1'], g = [2, -3, -2, 1]).
2022-01-10 22:39:15,807 INFO: Skipped Chabauty because rank >= degree(g). (delta = ['3', '-1', '-12', '-8', '1', '1'], g = [1, 0, 1])
2022-01-10 22:39:15,807 INFO: Running elliptic Chabauty (delta = ['3', '-1', '-12', '-8', '1', '1'], g = [2, -3, -2, 1])...
2022-01-10 22:39:24,622 INFO: Chabauty completed successfully (delta = ['3', '-1', '-12', '-8', '1', '1'], g = [2, -3, -2, 1]).
2022-01-10 22:39:24,625 INFO: Running elliptic Chabauty (delta = ['0', '1', '1'], g = [1, 0, 1])...
2022-01-10 22:39:30,670 INFO: Chabauty completed successfully (delta = ['0', '1', '1'], g = [1, 0, 1]).
2022-01-10 22:39:30,674 INFO: Skipped Chabauty because twist points already verified. (delta = ['0', '1', '1'])
2022-01-10 22:39:30,674 INFO: Skipped Chabauty because rank >= degree(g). (delta = ['1'], g = [1, 0, 1])
2022-01-10 22:39:30,674 INFO: Running elliptic Chabauty (delta = ['1'], g = [2, -3, -2, 1])...
2022-01-10 22:39:37,572 INFO: Chabauty completed successfully (delta = ['1'], g = [2, -3, -2, 1]).
2022-01-10 22:39:37,576 INFO: Skipped Chabauty because rank >= degree(g). (delta = ['0', '-1', '-2', '-1'], g = [1, 0, 1])
2022-01-10 22:39:37,576 INFO: Running elliptic Chabauty (delta = ['0', '-1', '-2', '-1'], g = [2, -3, -2, 1])...
2022-01-10 22:39:45,047 INFO: Chabauty completed successfully (delta = ['0', '-1', '-2', '-1'], g = [2, -3, -2, 1]).
2022-01-10 22:39:45,050 INFO: Skipped Chabauty because no base point (delta = ['-1', '-1'])
2022-01-11 10:36:13,000 INFO: Manually removed duplicate points.
2022-02-12 17:31:21,660 INFO: Loaded curve data from file.
2022-02-12 17:31:21,661 INFO: Computing elliptic Chabauty map... (delta = ['4', '-7', '-2', '8', '2', '-1'], g = [1, 0, 1])
2022-02-12 17:31:27,562 INFO: Elliptic Chabauty map computed. (delta = ['4', '-7', '-2', '8', '2', '-1'], g = [1, 0, 1])
2022-02-12 17:31:27,566 INFO: Computing elliptic Chabauty map... (delta = ['4', '-7', '-2', '8', '2', '-1'], g = [2, -3, -2, 1])
2022-02-12 17:31:33,882 INFO: Elliptic Chabauty map computed. (delta = ['4', '-7', '-2', '8', '2', '-1'], g = [2, -3, -2, 1])
2022-02-12 17:31:33,886 INFO: Computing elliptic Chabauty map... (delta = ['-8', '7', '12', '-2', '-4', '-1'], g = [1, 0, 1])
2022-02-12 17:31:39,596 INFO: Elliptic Chabauty map computed. (delta = ['-8', '7', '12', '-2', '-4', '-1'], g = [1, 0, 1])
2022-02-12 17:31:39,600 INFO: Computing elliptic Chabauty map... (delta = ['-8', '7', '12', '-2', '-4', '-1'], g = [2, -3, -2, 1])
2022-02-12 17:31:45,919 INFO: Elliptic Chabauty map computed. (delta = ['-8', '7', '12', '-2', '-4', '-1'], g = [2, -3, -2, 1])
2022-02-12 17:31:45,924 INFO: Computing elliptic Chabauty map... (delta = ['3', '-1', '-12', '-8', '1', '1'], g = [1, 0, 1])
2022-02-12 17:31:51,634 INFO: Elliptic Chabauty map computed. (delta = ['3', '-1', '-12', '-8', '1', '1'], g = [1, 0, 1])
2022-02-12 17:31:51,639 INFO: Computing elliptic Chabauty map... (delta = ['3', '-1', '-12', '-8', '1', '1'], g = [2, -3, -2, 1])
2022-02-12 17:31:57,997 INFO: Elliptic Chabauty map computed. (delta = ['3', '-1', '-12', '-8', '1', '1'], g = [2, -3, -2, 1])
2022-02-12 17:31:58,003 INFO: Computing elliptic Chabauty map... (delta = ['0', '1', '1'], g = [1, 0, 1])
2022-02-12 17:32:03,707 INFO: Elliptic Chabauty map computed. (delta = ['0', '1', '1'], g = [1, 0, 1])
2022-02-12 17:32:03,713 INFO: Computing elliptic Chabauty map... (delta = ['0', '1', '1'], g = [2, -3, -2, 1])
2022-02-12 17:32:10,036 INFO: Elliptic Chabauty map computed. (delta = ['0', '1', '1'], g = [2, -3, -2, 1])
2022-02-12 17:32:10,042 INFO: Computing elliptic Chabauty map... (delta = ['1'], g = [1, 0, 1])
2022-02-12 17:32:15,764 INFO: Elliptic Chabauty map computed. (delta = ['1'], g = [1, 0, 1])
2022-02-12 17:32:15,770 INFO: Computing elliptic Chabauty map... (delta = ['1'], g = [2, -3, -2, 1])
2022-02-12 17:32:22,137 INFO: Elliptic Chabauty map computed. (delta = ['1'], g = [2, -3, -2, 1])
2022-02-12 17:32:22,144 INFO: Computing elliptic Chabauty map... (delta = ['0', '-1', '-2', '-1'], g = [1, 0, 1])
2022-02-12 17:32:27,887 INFO: Elliptic Chabauty map computed. (delta = ['0', '-1', '-2', '-1'], g = [1, 0, 1])
2022-02-12 17:32:27,893 INFO: Computing elliptic Chabauty map... (delta = ['0', '-1', '-2', '-1'], g = [2, -3, -2, 1])
2022-02-12 17:32:34,244 INFO: Elliptic Chabauty map computed. (delta = ['0', '-1', '-2', '-1'], g = [2, -3, -2, 1])
2022-02-12 17:32:34,251 INFO: Tasks complete. Recording data and exiting.
