2022-01-12 09:25:13,261 INFO: Initialized curve data.
2022-01-12 09:25:13,264 INFO: Setting up initial twist data...
2022-01-12 09:25:14,378 INFO: Twist setup complete.
2022-01-12 09:25:14,379 INFO: Searching for rational points on each twist...
2022-01-12 09:25:15,860 INFO: Finished searching for rational points on each twist.
2022-01-12 09:25:15,860 INFO: Testing local solvability of twists...
2022-01-12 09:25:22,126 INFO: Finished local solvability testing.
2022-01-12 09:25:22,129 INFO: Computing elliptic curve a-invariants...
2022-01-12 09:25:32,234 INFO: Finished computation of a-invariants.
2022-01-12 09:25:32,238 INFO: Computing MW group (delta = ['-1/2', '0', '1'], g = [4, 1, -16, -10, 16, 17])...
2022-01-12 09:27:25,665 INFO: Finished MW computation (delta = ['-1/2', '0', '1'], g = [4, 1, -16, -10, 16, 17])
2022-01-12 09:27:25,670 INFO: Computing MW group (delta = ['1'], g = [4, 1, -16, -10, 16, 17])...
2022-01-14 09:10:32,466 INFO: Loaded curve data from file.
2022-01-14 09:10:32,467 INFO: Reducing MW generators...
2022-01-14 09:10:32,506 INFO: Finished reducing MW generators.
2022-01-14 09:10:32,508 INFO: Skipped Chabauty because MW group hasn't been provably computed. (delta = ['-1/2', '0', '1'], g = [4, 1, -16, -10, 16, 17])
2022-01-14 09:10:32,508 INFO: Skipped Chabauty because MW generators haven't been computed. (delta = ['1'], g = [4, 1, -16, -10, 16, 17])
2022-01-14 09:10:32,508 INFO: Skipped Chabauty because no base point (delta = ['-1', '1', '1'])
2022-01-14 09:10:32,508 INFO: Skipped Chabauty because MW generators haven't been computed. (delta = ['1/2', '-1/2', '-3/2', '1', '1'], g = [4, 1, -16, -10, 16, 17])
2022-01-14 09:10:32,543 INFO: Tasks complete. Recording data and exiting.
