2022-01-13 21:54:49,334 INFO: Initialized curve data.
2022-01-13 21:54:49,339 INFO: Setting up initial twist data...
2022-01-13 21:54:50,193 INFO: Twist setup complete.
2022-01-13 21:54:50,193 INFO: Searching for rational points on each twist...
2022-01-13 21:54:51,635 INFO: Finished searching for rational points on each twist.
2022-01-13 21:54:51,636 INFO: Testing local solvability of twists...
2022-01-13 21:54:51,640 INFO: Finished local solvability testing.
2022-01-13 21:54:51,640 INFO: Computing elliptic curve a-invariants...
2022-01-13 21:55:01,977 INFO: Finished computation of a-invariants.
2022-01-13 21:55:01,979 INFO: Computing MW group (delta = ['-1', '0', '1'], g = [4, 12, 0, -16, -4, 5])...
2022-01-13 21:57:45,814 INFO: Finished MW computation (delta = ['-1', '0', '1'], g = [4, 12, 0, -16, -4, 5])
2022-01-13 21:57:45,817 INFO: Computing MW group (delta = ['-4', '-11', '1', '16', '4', '-5'], g = [4, 12, 0, -16, -4, 5])...
2022-01-13 22:02:07,317 INFO: Finished MW computation (delta = ['-4', '-11', '1', '16', '4', '-5'], g = [4, 12, 0, -16, -4, 5])
2022-01-13 22:02:07,320 INFO: Computing MW group (delta = ['4', '11', '-1', '-15', '-3', '5'], g = [4, 12, 0, -16, -4, 5])...
2022-01-13 22:14:07,535 INFO: Finished MW computation (delta = ['4', '11', '-1', '-15', '-3', '5'], g = [4, 12, 0, -16, -4, 5])
2022-01-13 22:14:07,540 INFO: Computing MW group (delta = ['1'], g = [4, 12, 0, -16, -4, 5])...
2022-01-13 22:15:47,160 INFO: Finished MW computation (delta = ['1'], g = [4, 12, 0, -16, -4, 5])
2022-01-13 22:15:47,165 INFO: Reducing MW generators...
2022-01-13 22:15:49,965 INFO: Finished reducing MW generators.
2022-01-13 22:15:49,967 INFO: Tasks complete. Recording data and exiting.
