2022-01-01 12:50:55,885 INFO: Initialized curve data.
2022-01-01 12:50:55,890 INFO: Setting up initial twist data...
2022-01-01 12:50:56,833 INFO: Twist setup complete.
2022-01-01 12:50:56,833 INFO: Searching for rational points on each twist...
2022-01-01 12:50:57,706 INFO: Finished searching for rational points on each twist.
2022-01-01 12:50:57,706 INFO: Testing local solvability of twists...
2022-01-01 12:50:57,711 INFO: Finished local solvability testing.
2022-01-01 12:50:57,712 INFO: Computing elliptic curve a-invariants...
2022-01-01 12:51:04,843 INFO: Finished computation of a-invariants.
2022-01-01 12:51:04,847 INFO: Computing MW group (delta = ['4', '-1', '-2', '4', '-8', '4'], g = [4, 0, -4, 5, -8, 4])...
2022-01-01 12:52:46,377 INFO: Finished MW computation (delta = ['4', '-1', '-2', '4', '-8', '4'], g = [4, 0, -4, 5, -8, 4])
2022-01-01 12:52:46,381 INFO: Computing MW group (delta = ['1', '-1'], g = [4, 0, -4, 5, -8, 4])...
2022-01-01 12:54:35,977 INFO: Finished MW computation (delta = ['1', '-1'], g = [4, 0, -4, 5, -8, 4])
2022-01-01 12:54:35,981 INFO: Computing MW group (delta = ['4', '-1', '-3', '5', '-8', '4'], g = [4, 0, -4, 5, -8, 4])...
2022-01-01 12:55:54,428 INFO: Finished MW computation (delta = ['4', '-1', '-3', '5', '-8', '4'], g = [4, 0, -4, 5, -8, 4])
2022-01-01 12:55:54,432 INFO: Computing MW group (delta = ['1'], g = [4, 0, -4, 5, -8, 4])...
2022-01-01 12:56:36,314 INFO: Finished MW computation (delta = ['1'], g = [4, 0, -4, 5, -8, 4])
2022-01-01 12:56:36,322 INFO: Reducing MW generators...
2022-01-01 12:56:39,777 INFO: Finished reducing MW generators.
2022-01-01 12:56:39,780 INFO: Running elliptic Chabauty (delta = ['4', '-1', '-2', '4', '-8', '4'], g = [4, 0, -4, 5, -8, 4])...
2022-01-01 12:56:57,299 INFO: Chabauty completed successfully (delta = ['4', '-1', '-2', '4', '-8', '4'], g = [4, 0, -4, 5, -8, 4]).
2022-01-01 12:56:57,303 INFO: Running elliptic Chabauty (delta = ['1', '-1'], g = [4, 0, -4, 5, -8, 4])...
2022-01-01 12:57:14,883 INFO: Chabauty completed successfully (delta = ['1', '-1'], g = [4, 0, -4, 5, -8, 4]).
2022-01-01 12:57:14,887 INFO: Running elliptic Chabauty (delta = ['4', '-1', '-3', '5', '-8', '4'], g = [4, 0, -4, 5, -8, 4])...
2022-01-01 12:57:26,275 INFO: Chabauty completed successfully (delta = ['4', '-1', '-3', '5', '-8', '4'], g = [4, 0, -4, 5, -8, 4]).
2022-01-01 12:57:26,278 INFO: Running elliptic Chabauty (delta = ['1'], g = [4, 0, -4, 5, -8, 4])...
2022-01-01 12:57:39,890 INFO: Chabauty completed successfully (delta = ['1'], g = [4, 0, -4, 5, -8, 4]).
2022-01-01 12:57:40,120 INFO: Rational points successfully computed.
2022-01-01 12:57:40,121 INFO: Tasks complete. Recording data and exiting.
2022-01-03 13:14:58,000 INFO: Obsolete "loc_solv_error" keys removed.
2022-01-03 13:14:58,000 INFO: Deleted results of Chabauty computation.
