2022-01-12 12:16:54,393 INFO: Initialized curve data.
2022-01-12 12:16:54,397 INFO: Setting up initial twist data...
2022-01-12 12:16:55,354 INFO: Twist setup complete.
2022-01-12 12:16:55,354 INFO: Searching for rational points on each twist...
2022-01-12 12:16:57,269 INFO: Finished searching for rational points on each twist.
2022-01-12 12:16:57,269 INFO: Testing local solvability of twists...
2022-01-12 12:16:57,278 INFO: Finished local solvability testing.
2022-01-12 12:16:57,280 INFO: Computing elliptic curve a-invariants...
2022-01-12 12:17:11,811 INFO: Finished computation of a-invariants.
2022-01-12 12:17:11,812 INFO: Computing MW group (delta = ['1'], g = [4, 4, -9, -9, 5, 1])...
2022-01-12 12:18:15,157 INFO: Finished MW computation (delta = ['1'], g = [4, 4, -9, -9, 5, 1])
2022-01-12 12:18:15,161 INFO: Computing MW group (delta = ['5', '3', '-9', '-9', '5', '1'], g = [4, 4, -9, -9, 5, 1])...
2022-01-12 12:20:13,906 INFO: Finished MW computation (delta = ['5', '3', '-9', '-9', '5', '1'], g = [4, 4, -9, -9, 5, 1])
2022-01-12 12:20:13,909 INFO: Computing MW group (delta = ['6', '1', '-8', '-9', '5', '1'], g = [4, 4, -9, -9, 5, 1])...
2022-01-12 12:21:10,403 INFO: Finished MW computation (delta = ['6', '1', '-8', '-9', '5', '1'], g = [4, 4, -9, -9, 5, 1])
2022-01-12 12:21:10,406 INFO: Computing MW group (delta = ['-14', '-21', '40', '35', '-20', '-4'], g = [4, 4, -9, -9, 5, 1])...
2022-01-12 12:23:12,807 INFO: Finished MW computation (delta = ['-14', '-21', '40', '35', '-20', '-4'], g = [4, 4, -9, -9, 5, 1])
2022-01-12 12:23:12,811 INFO: Reducing MW generators...
2022-01-12 12:23:14,422 INFO: Finished reducing MW generators.
2022-01-12 12:23:14,424 INFO: Tasks complete. Recording data and exiting.
