2022-01-12 09:25:22,372 INFO: Initialized curve data.
2022-01-12 09:25:22,378 INFO: Setting up initial twist data...
2022-01-12 09:25:23,623 INFO: Twist setup complete.
2022-01-12 09:25:23,623 INFO: Searching for rational points on each twist...
2022-01-12 09:25:27,515 INFO: Finished searching for rational points on each twist.
2022-01-12 09:25:27,516 INFO: Testing local solvability of twists...
2022-01-12 09:25:59,598 INFO: Finished local solvability testing.
2022-01-12 09:25:59,600 INFO: Computing elliptic curve a-invariants...
2022-01-12 09:26:05,334 INFO: Finished computation of a-invariants.
2022-01-12 09:26:05,337 INFO: Skipped MW computation because no base point (delta = ['1', '129', '-1', '-193', '80', '16'])
2022-01-12 09:26:05,337 INFO: Computing MW group (delta = ['-8', '1017', '14', '-1529', '632', '126'], g = [1, 1])...
2022-01-12 09:26:05,714 INFO: Finished MW computation (delta = ['-8', '1017', '14', '-1529', '632', '126'], g = [1, 1])
2022-01-12 09:26:05,716 INFO: Computing MW group (delta = ['-8', '1017', '14', '-1529', '632', '126'], g = [8, 0, -12, 5, 1])...
2022-01-12 09:26:19,191 INFO: Finished MW computation (delta = ['-8', '1017', '14', '-1529', '632', '126'], g = [8, 0, -12, 5, 1])
2022-01-12 09:26:19,195 INFO: Computing MW group (delta = ['8', '71', '-14', '-104', '46', '9'], g = [1, 1])...
2022-01-12 09:26:19,539 INFO: Finished MW computation (delta = ['8', '71', '-14', '-104', '46', '9'], g = [1, 1])
2022-01-12 09:26:19,541 INFO: Computing MW group (delta = ['8', '71', '-14', '-104', '46', '9'], g = [8, 0, -12, 5, 1])...
2022-01-12 09:26:30,711 INFO: Finished MW computation (delta = ['8', '71', '-14', '-104', '46', '9'], g = [8, 0, -12, 5, 1])
2022-01-12 09:26:30,714 INFO: Computing MW group (delta = ['-8', '1', '13', '-5', '-1'], g = [1, 1])...
2022-01-12 09:26:30,950 INFO: Finished MW computation (delta = ['-8', '1', '13', '-5', '-1'], g = [1, 1])
2022-01-12 09:26:30,953 INFO: Computing MW group (delta = ['-8', '1', '13', '-5', '-1'], g = [8, 0, -12, 5, 1])...
2022-01-12 09:26:35,300 INFO: Finished MW computation (delta = ['-8', '1', '13', '-5', '-1'], g = [8, 0, -12, 5, 1])
2022-01-12 09:26:35,303 INFO: Skipped MW computation because no base point (delta = ['-1', '7', '0', '-12', '5', '1'])
2022-01-12 09:26:35,303 INFO: Computing MW group (delta = ['8', '135', '-13', '-198', '87', '17'], g = [1, 1])...
2022-01-12 09:26:35,641 INFO: Finished MW computation (delta = ['8', '135', '-13', '-198', '87', '17'], g = [1, 1])
2022-01-12 09:26:35,643 INFO: Computing MW group (delta = ['8', '135', '-13', '-198', '87', '17'], g = [8, 0, -12, 5, 1])...
2022-01-12 09:26:50,049 INFO: Finished MW computation (delta = ['8', '135', '-13', '-198', '87', '17'], g = [8, 0, -12, 5, 1])
2022-01-12 09:26:50,052 INFO: Computing MW group (delta = ['1'], g = [1, 1])...
2022-01-12 09:26:50,392 INFO: Finished MW computation (delta = ['1'], g = [1, 1])
2022-01-12 09:26:50,394 INFO: Computing MW group (delta = ['1'], g = [8, 0, -12, 5, 1])...
2022-01-12 09:27:01,529 INFO: Finished MW computation (delta = ['1'], g = [8, 0, -12, 5, 1])
2022-01-12 09:27:01,532 INFO: Skipped MW computation because no base point (delta = ['-1', '16', '1', '-24', '10', '2'])
2022-01-12 09:27:01,534 INFO: Reducing MW generators...
2022-01-12 09:27:06,305 INFO: Finished reducing MW generators.
2022-01-12 09:27:06,308 INFO: Tasks complete. Recording data and exiting.
2022-01-14 09:10:25,608 INFO: Loaded curve data from file.
2022-01-14 09:10:25,609 INFO: Skipped Chabauty because no base point (delta = ['1', '129', '-1', '-193', '80', '16'])
2022-01-14 09:10:25,609 INFO: Skipped Chabauty because rank >= degree(g). (delta = ['-8', '1017', '14', '-1529', '632', '126'], g = [1, 1])
2022-01-14 09:10:25,609 INFO: Running elliptic Chabauty (delta = ['-8', '1017', '14', '-1529', '632', '126'], g = [8, 0, -12, 5, 1])...
2022-01-14 09:10:43,252 INFO: Chabauty completed successfully (delta = ['-8', '1017', '14', '-1529', '632', '126'], g = [8, 0, -12, 5, 1]).
2022-01-14 09:10:43,255 INFO: Skipped Chabauty because rank >= degree(g). (delta = ['8', '71', '-14', '-104', '46', '9'], g = [1, 1])
2022-01-14 09:10:43,255 INFO: Running elliptic Chabauty (delta = ['8', '71', '-14', '-104', '46', '9'], g = [8, 0, -12, 5, 1])...
2022-01-14 09:10:57,622 INFO: Chabauty completed successfully (delta = ['8', '71', '-14', '-104', '46', '9'], g = [8, 0, -12, 5, 1]).
2022-01-14 09:10:57,636 INFO: Skipped Chabauty because rank >= degree(g). (delta = ['-8', '1', '13', '-5', '-1'], g = [1, 1])
2022-01-14 09:10:57,637 INFO: Skipped Chabauty because MW group hasn't been provably computed. (delta = ['-8', '1', '13', '-5', '-1'], g = [8, 0, -12, 5, 1])
2022-01-14 09:10:57,637 INFO: Skipped Chabauty because no base point (delta = ['-1', '7', '0', '-12', '5', '1'])
2022-01-14 09:10:57,637 INFO: Skipped Chabauty because rank >= degree(g). (delta = ['8', '135', '-13', '-198', '87', '17'], g = [1, 1])
2022-01-14 09:10:57,637 INFO: Running elliptic Chabauty (delta = ['8', '135', '-13', '-198', '87', '17'], g = [8, 0, -12, 5, 1])...
2022-01-14 09:11:11,485 INFO: Chabauty completed successfully (delta = ['8', '135', '-13', '-198', '87', '17'], g = [8, 0, -12, 5, 1]).
2022-01-14 09:11:11,488 INFO: Skipped Chabauty because rank >= degree(g). (delta = ['1'], g = [1, 1])
2022-01-14 09:11:11,488 INFO: Running elliptic Chabauty (delta = ['1'], g = [8, 0, -12, 5, 1])...
2022-01-14 09:11:25,226 INFO: Chabauty completed successfully (delta = ['1'], g = [8, 0, -12, 5, 1]).
2022-01-14 09:11:25,229 INFO: Skipped Chabauty because no base point (delta = ['-1', '16', '1', '-24', '10', '2'])
2022-01-14 09:11:25,515 INFO: Tasks complete. Recording data and exiting.
