2022-01-11 15:21:22,239 INFO: Initialized curve data.
2022-01-11 15:21:22,243 INFO: Setting up initial twist data...
2022-01-11 15:21:23,280 INFO: Twist setup complete.
2022-01-11 15:21:23,280 INFO: Searching for rational points on each twist...
2022-01-11 15:21:25,124 INFO: Finished searching for rational points on each twist.
2022-01-11 15:21:25,124 INFO: Testing local solvability of twists...
2022-01-11 15:21:25,129 INFO: Finished local solvability testing.
2022-01-11 15:21:25,130 INFO: Computing elliptic curve a-invariants...
2022-01-11 15:21:39,938 INFO: Finished computation of a-invariants.
2022-01-11 15:21:39,939 INFO: Computing MW group (delta = ['-3', '-1', '3', '-1', '5', '1'], g = [-4, 0, 3, -1, 5, 1])...
2022-01-11 15:25:26,075 INFO: Finished MW computation (delta = ['-3', '-1', '3', '-1', '5', '1'], g = [-4, 0, 3, -1, 5, 1])
2022-01-11 15:25:26,077 INFO: Computing MW group (delta = ['16', '-1', '-10', '3', '-20', '-4'], g = [-4, 0, 3, -1, 5, 1])...
2022-01-11 15:26:21,208 INFO: Finished MW computation (delta = ['16', '-1', '-10', '3', '-20', '-4'], g = [-4, 0, 3, -1, 5, 1])
2022-01-11 15:26:21,209 INFO: Computing MW group (delta = ['1'], g = [-4, 0, 3, -1, 5, 1])...
2022-01-11 15:28:58,674 INFO: Finished MW computation (delta = ['1'], g = [-4, 0, 3, -1, 5, 1])
2022-01-11 15:28:58,678 INFO: Computing MW group (delta = ['4', '-1', '-2', '1', '-5', '-1'], g = [-4, 0, 3, -1, 5, 1])...
2022-01-11 15:30:02,374 INFO: Finished MW computation (delta = ['4', '-1', '-2', '1', '-5', '-1'], g = [-4, 0, 3, -1, 5, 1])
2022-01-11 15:30:02,379 INFO: Reducing MW generators...
2022-01-11 15:30:06,906 INFO: Finished reducing MW generators.
2022-01-11 15:30:06,908 INFO: Tasks complete. Recording data and exiting.
2022-01-14 09:07:49,306 INFO: Loaded curve data from file.
2022-01-14 09:07:49,307 INFO: Running elliptic Chabauty (delta = ['-3', '-1', '3', '-1', '5', '1'], g = [-4, 0, 3, -1, 5, 1])...
2022-01-14 09:51:02,138 INFO: Chabauty completed successfully (delta = ['-3', '-1', '3', '-1', '5', '1'], g = [-4, 0, 3, -1, 5, 1]).
2022-01-14 09:51:02,243 INFO: Skipped Chabauty because MW group hasn't been provably computed. (delta = ['16', '-1', '-10', '3', '-20', '-4'], g = [-4, 0, 3, -1, 5, 1])
2022-01-14 09:51:02,243 INFO: Running elliptic Chabauty (delta = ['1'], g = [-4, 0, 3, -1, 5, 1])...
2022-01-14 09:52:27,996 INFO: Chabauty completed successfully (delta = ['1'], g = [-4, 0, 3, -1, 5, 1]).
2022-01-14 09:52:27,999 INFO: Running elliptic Chabauty (delta = ['4', '-1', '-2', '1', '-5', '-1'], g = [-4, 0, 3, -1, 5, 1])...
2022-01-14 09:52:44,333 INFO: Chabauty completed successfully (delta = ['4', '-1', '-2', '1', '-5', '-1'], g = [-4, 0, 3, -1, 5, 1]).
2022-01-14 09:52:44,466 INFO: Tasks complete. Recording data and exiting.
