2022-01-11 12:34:54,138 INFO: Initialized curve data.
2022-01-11 12:34:54,141 INFO: Setting up initial twist data...
2022-01-11 12:34:55,030 INFO: Twist setup complete.
2022-01-11 12:34:55,030 INFO: Searching for rational points on each twist...
2022-01-11 12:34:56,725 INFO: Finished searching for rational points on each twist.
2022-01-11 12:34:56,725 INFO: Testing local solvability of twists...
2022-01-11 12:34:56,731 INFO: Finished local solvability testing.
2022-01-11 12:34:56,732 INFO: Computing elliptic curve a-invariants...
2022-01-11 12:35:10,110 INFO: Finished computation of a-invariants.
2022-01-11 12:35:10,111 INFO: Computing MW group (delta = ['4', '27', '-22', '-9', '-12', '-4'], g = [-1, -7, 6, 2, 3, 1])...
2022-01-11 12:45:03,214 INFO: Finished MW computation (delta = ['4', '27', '-22', '-9', '-12', '-4'], g = [-1, -7, 6, 2, 3, 1])
2022-01-11 12:45:03,216 INFO: Computing MW group (delta = ['1', '6', '-5', '-2', '-3', '-1'], g = [-1, -7, 6, 2, 3, 1])...
2022-01-11 12:46:40,972 INFO: Finished MW computation (delta = ['1', '6', '-5', '-2', '-3', '-1'], g = [-1, -7, 6, 2, 3, 1])
2022-01-11 12:46:40,974 INFO: Computing MW group (delta = ['1'], g = [-1, -7, 6, 2, 3, 1])...
2022-01-11 12:47:33,462 INFO: Finished MW computation (delta = ['1'], g = [-1, -7, 6, 2, 3, 1])
2022-01-11 12:47:33,464 INFO: Computing MW group (delta = ['0', '-8', '6', '2', '3', '1'], g = [-1, -7, 6, 2, 3, 1])...
2022-01-11 12:48:20,410 INFO: Finished MW computation (delta = ['0', '-8', '6', '2', '3', '1'], g = [-1, -7, 6, 2, 3, 1])
2022-01-11 12:48:20,413 INFO: Reducing MW generators...
2022-01-11 12:48:22,562 INFO: Finished reducing MW generators.
2022-01-11 12:48:22,564 INFO: Tasks complete. Recording data and exiting.
2022-01-13 17:36:57,903 INFO: Loaded curve data from file.
2022-01-13 17:36:57,904 INFO: Running elliptic Chabauty (delta = ['4', '27', '-22', '-9', '-12', '-4'], g = [-1, -7, 6, 2, 3, 1])...
2022-01-13 17:37:13,774 INFO: Chabauty completed successfully (delta = ['4', '27', '-22', '-9', '-12', '-4'], g = [-1, -7, 6, 2, 3, 1]).
2022-01-13 17:37:13,776 INFO: Skipped Chabauty because MW group hasn't been provably computed. (delta = ['1', '6', '-5', '-2', '-3', '-1'], g = [-1, -7, 6, 2, 3, 1])
2022-01-13 17:37:13,776 INFO: Skipped Chabauty because MW group hasn't been provably computed. (delta = ['1'], g = [-1, -7, 6, 2, 3, 1])
2022-01-13 17:37:13,776 INFO: Skipped Chabauty because MW group hasn't been provably computed. (delta = ['0', '-8', '6', '2', '3', '1'], g = [-1, -7, 6, 2, 3, 1])
2022-01-13 17:37:13,816 INFO: Tasks complete. Recording data and exiting.
