2022-01-11 12:29:22,903 INFO: Initialized curve data.
2022-01-11 12:29:22,908 INFO: Setting up initial twist data...
2022-01-11 12:29:23,875 INFO: Twist setup complete.
2022-01-11 12:29:23,875 INFO: Searching for rational points on each twist...
2022-01-11 12:29:26,996 INFO: Finished searching for rational points on each twist.
2022-01-11 12:29:26,996 INFO: Testing local solvability of twists...
2022-01-11 12:29:43,428 INFO: Finished local solvability testing.
2022-01-11 12:29:43,430 INFO: Computing elliptic curve a-invariants...
2022-01-11 12:29:48,297 INFO: Finished computation of a-invariants.
2022-01-11 12:29:48,299 INFO: Computing MW group (delta = ['8', '-1', '-62', '-44', '22', '-3'], g = [1, 1])...
2022-01-11 12:29:48,724 INFO: Finished MW computation (delta = ['8', '-1', '-62', '-44', '22', '-3'], g = [1, 1])
2022-01-11 12:29:48,727 INFO: Computing MW group (delta = ['8', '-1', '-62', '-44', '22', '-3'], g = [8, 24, 12, -7, 1])...
2022-01-11 12:30:01,868 INFO: Finished MW computation (delta = ['8', '-1', '-62', '-44', '22', '-3'], g = [8, 24, 12, -7, 1])
2022-01-11 12:30:01,872 INFO: Computing MW group (delta = ['-1/2', '-1'], g = [1, 1])...
2022-01-11 12:30:02,084 INFO: Finished MW computation (delta = ['-1/2', '-1'], g = [1, 1])
2022-01-11 12:30:02,087 INFO: Computing MW group (delta = ['-1/2', '-1'], g = [8, 24, 12, -7, 1])...
2022-01-11 12:30:10,572 INFO: Finished MW computation (delta = ['-1/2', '-1'], g = [8, 24, 12, -7, 1])
2022-01-11 12:30:10,576 INFO: Computing MW group (delta = ['1'], g = [1, 1])...
2022-01-11 12:30:10,792 INFO: Finished MW computation (delta = ['1'], g = [1, 1])
2022-01-11 12:30:10,796 INFO: Computing MW group (delta = ['1'], g = [8, 24, 12, -7, 1])...
2022-01-11 12:30:24,997 INFO: Finished MW computation (delta = ['1'], g = [8, 24, 12, -7, 1])
2022-01-11 12:30:25,002 INFO: Skipped MW computation because no base point (delta = ['1/2', '11/2', '13', '6', '-7/2', '1/2'])
2022-01-11 12:30:25,002 INFO: Computing MW group (delta = ['-4', '-63/2', '-64', '-24', '18', '-5/2'], g = [1, 1])...
2022-01-11 12:30:25,217 INFO: Finished MW computation (delta = ['-4', '-63/2', '-64', '-24', '18', '-5/2'], g = [1, 1])
2022-01-11 12:30:25,221 INFO: Computing MW group (delta = ['-4', '-63/2', '-64', '-24', '18', '-5/2'], g = [8, 24, 12, -7, 1])...
2022-01-11 12:30:30,774 INFO: Finished MW computation (delta = ['-4', '-63/2', '-64', '-24', '18', '-5/2'], g = [8, 24, 12, -7, 1])
2022-01-11 12:30:30,778 INFO: Skipped MW computation because no base point (delta = ['4', '39/2', '57/2', '15/2', '-13/2', '1'])
2022-01-11 12:30:30,779 INFO: Skipped MW computation because no base point (delta = ['-1', '7', '24', '12', '-7', '1'])
2022-01-11 12:30:30,779 INFO: Computing MW group (delta = ['-8', '-23', '-11', '7', '-1'], g = [1, 1])...
2022-01-11 12:30:31,185 INFO: Finished MW computation (delta = ['-8', '-23', '-11', '7', '-1'], g = [1, 1])
2022-01-11 12:30:31,189 INFO: Computing MW group (delta = ['-8', '-23', '-11', '7', '-1'], g = [8, 24, 12, -7, 1])...
2022-01-11 12:31:10,239 INFO: Finished MW computation (delta = ['-8', '-23', '-11', '7', '-1'], g = [8, 24, 12, -7, 1])
2022-01-11 12:31:10,244 INFO: Unable to use elliptic Chabauty on twist (delta = ['-8', '-23', '-11', '7', '-1'])
2022-01-11 12:31:10,247 INFO: Obstruction found to provably computing rational points. Exiting.
2022-01-13 17:36:50,196 INFO: Loaded curve data from file.
2022-01-13 17:36:50,196 INFO: Obstruction already found. Exiting.
