2022-01-12 09:25:16,112 INFO: Initialized curve data.
2022-01-12 09:25:16,133 INFO: Setting up initial twist data...
2022-01-12 09:25:17,725 INFO: Twist setup complete.
2022-01-12 09:25:17,725 INFO: Searching for rational points on each twist...
2022-01-12 09:25:20,559 INFO: Finished searching for rational points on each twist.
2022-01-12 09:25:20,560 INFO: Testing local solvability of twists...
2022-01-12 09:25:21,399 INFO: Finished local solvability testing.
2022-01-12 09:25:21,402 INFO: Computing elliptic curve a-invariants...
2022-01-12 09:25:32,166 INFO: Finished computation of a-invariants.
2022-01-12 09:25:32,169 INFO: Computing MW group (delta = ['1/2', '-2', '1'], g = [4, -28, 48, 8, -16, 1])...
2022-01-12 09:27:15,045 INFO: Finished MW computation (delta = ['1/2', '-2', '1'], g = [4, -28, 48, 8, -16, 1])
2022-01-12 09:27:15,050 INFO: Computing MW group (delta = ['1'], g = [4, -28, 48, 8, -16, 1])...
2022-01-14 09:10:33,935 INFO: Loaded curve data from file.
2022-01-14 09:10:33,935 INFO: Reducing MW generators...
2022-01-14 09:10:34,288 INFO: Finished reducing MW generators.
2022-01-14 09:10:34,289 INFO: Skipped Chabauty because MW group hasn't been provably computed. (delta = ['1/2', '-2', '1'], g = [4, -28, 48, 8, -16, 1])
2022-01-14 09:10:34,290 INFO: Skipped Chabauty because MW generators haven't been computed. (delta = ['1'], g = [4, -28, 48, 8, -16, 1])
2022-01-14 09:10:34,290 INFO: Skipped Chabauty because no base point (delta = ['-1/2', '3/2', '1'])
2022-01-14 09:10:34,290 INFO: Skipped Chabauty because MW generators haven't been computed. (delta = ['-1/4', '7/4', '-3', '-1/2', '1'], g = [4, -28, 48, 8, -16, 1])
2022-01-14 09:10:34,327 INFO: Tasks complete. Recording data and exiting.
2022-02-12 17:07:00,408 INFO: Loaded curve data from file.
2022-02-12 17:07:00,408 INFO: Computing elliptic Chabauty map... (delta = ['1/2', '-2', '1'], g = [4, -28, 48, 8, -16, 1])
2022-02-12 17:07:16,951 INFO: Elliptic Chabauty map computed. (delta = ['1/2', '-2', '1'], g = [4, -28, 48, 8, -16, 1])
2022-02-12 17:07:16,953 INFO: Computing elliptic Chabauty map... (delta = ['1'], g = [4, -28, 48, 8, -16, 1])
2022-02-12 17:07:33,463 INFO: Elliptic Chabauty map computed. (delta = ['1'], g = [4, -28, 48, 8, -16, 1])
2022-02-12 17:07:33,466 INFO: Computing elliptic Chabauty map... (delta = ['-1/4', '7/4', '-3', '-1/2', '1'], g = [4, -28, 48, 8, -16, 1])
2022-02-12 17:07:50,025 INFO: Elliptic Chabauty map computed. (delta = ['-1/4', '7/4', '-3', '-1/2', '1'], g = [4, -28, 48, 8, -16, 1])
2022-02-12 17:07:50,028 INFO: Tasks complete. Recording data and exiting.
