2022-01-11 12:29:12,517 INFO: Initialized curve data.
2022-01-11 12:29:12,519 INFO: Setting up initial twist data...
2022-01-11 12:29:13,671 INFO: Twist setup complete.
2022-01-11 12:29:13,671 INFO: Searching for rational points on each twist...
2022-01-11 12:29:16,565 INFO: Finished searching for rational points on each twist.
2022-01-11 12:29:16,566 INFO: Testing local solvability of twists...
2022-01-11 12:29:16,570 INFO: Finished local solvability testing.
2022-01-11 12:29:16,571 INFO: Computing elliptic curve a-invariants...
2022-01-11 12:29:37,772 INFO: Finished computation of a-invariants.
2022-01-11 12:29:37,774 INFO: Computing MW group (delta = ['1', '-1'], g = [8, -8, -12, 8, 4, 1])...
2022-01-11 12:31:16,900 INFO: Finished MW computation (delta = ['1', '-1'], g = [8, -8, -12, 8, 4, 1])
2022-01-11 12:31:16,903 INFO: Computing MW group (delta = ['8', '-9', '-11', '8', '4', '1'], g = [8, -8, -12, 8, 4, 1])...
2022-01-11 12:31:46,262 INFO: Finished MW computation (delta = ['8', '-9', '-11', '8', '4', '1'], g = [8, -8, -12, 8, 4, 1])
2022-01-11 12:31:46,264 INFO: Computing MW group (delta = ['1'], g = [8, -8, -12, 8, 4, 1])...
2022-01-11 12:32:27,922 INFO: Finished MW computation (delta = ['1'], g = [8, -8, -12, 8, 4, 1])
2022-01-11 12:32:27,924 INFO: Computing MW group (delta = ['8', '-9', '-10', '7', '4', '1'], g = [8, -8, -12, 8, 4, 1])...
2022-01-11 12:37:01,644 INFO: Finished MW computation (delta = ['8', '-9', '-10', '7', '4', '1'], g = [8, -8, -12, 8, 4, 1])
2022-01-11 12:37:01,646 INFO: Unable to use elliptic Chabauty on twist (delta = ['8', '-9', '-10', '7', '4', '1'])
2022-01-11 12:37:01,648 INFO: Obstruction found to provably computing rational points. Exiting.
2022-01-13 17:36:33,585 INFO: Loaded curve data from file.
2022-01-13 17:36:33,585 INFO: Obstruction already found. Exiting.
2022-02-12 17:04:49,043 INFO: Loaded curve data from file.
2022-02-12 17:04:49,043 INFO: Computing elliptic Chabauty map... (delta = ['1', '-1'], g = [8, -8, -12, 8, 4, 1])
2022-02-12 17:05:06,936 INFO: Elliptic Chabauty map computed. (delta = ['1', '-1'], g = [8, -8, -12, 8, 4, 1])
2022-02-12 17:05:06,939 INFO: Computing elliptic Chabauty map... (delta = ['8', '-9', '-11', '8', '4', '1'], g = [8, -8, -12, 8, 4, 1])
2022-02-12 17:05:24,305 INFO: Elliptic Chabauty map computed. (delta = ['8', '-9', '-11', '8', '4', '1'], g = [8, -8, -12, 8, 4, 1])
2022-02-12 17:05:24,307 INFO: Computing elliptic Chabauty map... (delta = ['1'], g = [8, -8, -12, 8, 4, 1])
2022-02-12 17:05:41,354 INFO: Elliptic Chabauty map computed. (delta = ['1'], g = [8, -8, -12, 8, 4, 1])
2022-02-12 17:05:41,357 INFO: Computing elliptic Chabauty map... (delta = ['8', '-9', '-10', '7', '4', '1'], g = [8, -8, -12, 8, 4, 1])
2022-02-12 17:05:58,408 INFO: Elliptic Chabauty map computed. (delta = ['8', '-9', '-10', '7', '4', '1'], g = [8, -8, -12, 8, 4, 1])
2022-02-12 17:05:58,412 INFO: Tasks complete. Recording data and exiting.
