2022-01-13 21:54:51,461 INFO: Initialized curve data.
2022-01-13 21:54:51,464 INFO: Setting up initial twist data...
2022-01-13 21:54:52,459 INFO: Twist setup complete.
2022-01-13 21:54:52,459 INFO: Searching for rational points on each twist...
2022-01-13 21:54:53,756 INFO: Finished searching for rational points on each twist.
2022-01-13 21:54:53,757 INFO: Testing local solvability of twists...
2022-01-13 21:54:53,764 INFO: Finished local solvability testing.
2022-01-13 21:54:53,764 INFO: Computing elliptic curve a-invariants...
2022-01-13 21:55:05,359 INFO: Finished computation of a-invariants.
2022-01-13 21:55:05,360 INFO: Computing MW group (delta = ['1'], g = [-4, -28, -56, -1, 76, 24])...
2022-01-13 21:56:58,951 INFO: Finished MW computation (delta = ['1'], g = [-4, -28, -56, -1, 76, 24])
2022-01-13 21:56:58,954 INFO: Computing MW group (delta = ['-2', '-27/2', '-27', '-1/2', '38', '12'], g = [-4, -28, -56, -1, 76, 24])...
2022-01-13 22:01:23,713 INFO: Finished MW computation (delta = ['-2', '-27/2', '-27', '-1/2', '38', '12'], g = [-4, -28, -56, -1, 76, 24])
2022-01-13 22:01:23,716 INFO: Computing MW group (delta = ['-2', '-27/2', '-51/2', '3', '39', '12'], g = [-4, -28, -56, -1, 76, 24])...
2022-01-13 22:30:21,825 INFO: Finished MW computation (delta = ['-2', '-27/2', '-51/2', '3', '39', '12'], g = [-4, -28, -56, -1, 76, 24])
2022-01-13 22:30:21,829 INFO: Computing MW group (delta = ['1', '3', '1'], g = [-4, -28, -56, -1, 76, 24])...
2022-01-13 22:31:19,890 INFO: Finished MW computation (delta = ['1', '3', '1'], g = [-4, -28, -56, -1, 76, 24])
2022-01-13 22:31:19,895 INFO: Reducing MW generators...
2022-01-13 22:31:21,587 INFO: Finished reducing MW generators.
2022-01-13 22:31:21,590 INFO: Tasks complete. Recording data and exiting.
2022-01-14 11:35:29,159 INFO: Loaded curve data from file.
2022-01-14 11:35:29,160 INFO: Running elliptic Chabauty (delta = ['1'], g = [-4, -28, -56, -1, 76, 24])...
2022-01-14 11:35:45,246 INFO: Chabauty completed successfully (delta = ['1'], g = [-4, -28, -56, -1, 76, 24]).
2022-01-14 11:35:45,247 INFO: Running elliptic Chabauty (delta = ['-2', '-27/2', '-27', '-1/2', '38', '12'], g = [-4, -28, -56, -1, 76, 24])...
2022-01-14 11:36:01,843 INFO: Chabauty completed successfully (delta = ['-2', '-27/2', '-27', '-1/2', '38', '12'], g = [-4, -28, -56, -1, 76, 24]).
2022-01-14 11:36:01,844 INFO: Skipped Chabauty because MW group hasn't been provably computed. (delta = ['-2', '-27/2', '-51/2', '3', '39', '12'], g = [-4, -28, -56, -1, 76, 24])
2022-01-14 11:36:01,844 INFO: Skipped Chabauty because MW group hasn't been provably computed. (delta = ['1', '3', '1'], g = [-4, -28, -56, -1, 76, 24])
2022-01-14 11:36:01,918 INFO: Tasks complete. Recording data and exiting.
2022-02-12 17:26:21,310 INFO: Loaded curve data from file.
2022-02-12 17:26:21,310 INFO: Computing elliptic Chabauty map... (delta = ['1'], g = [-4, -28, -56, -1, 76, 24])
2022-02-12 17:26:38,185 INFO: Elliptic Chabauty map computed. (delta = ['1'], g = [-4, -28, -56, -1, 76, 24])
2022-02-12 17:26:38,188 INFO: Computing elliptic Chabauty map... (delta = ['-2', '-27/2', '-27', '-1/2', '38', '12'], g = [-4, -28, -56, -1, 76, 24])
2022-02-12 17:26:55,204 INFO: Elliptic Chabauty map computed. (delta = ['-2', '-27/2', '-27', '-1/2', '38', '12'], g = [-4, -28, -56, -1, 76, 24])
2022-02-12 17:26:55,206 INFO: Computing elliptic Chabauty map... (delta = ['-2', '-27/2', '-51/2', '3', '39', '12'], g = [-4, -28, -56, -1, 76, 24])
2022-02-12 17:27:11,978 INFO: Elliptic Chabauty map computed. (delta = ['-2', '-27/2', '-51/2', '3', '39', '12'], g = [-4, -28, -56, -1, 76, 24])
2022-02-12 17:27:11,981 INFO: Computing elliptic Chabauty map... (delta = ['1', '3', '1'], g = [-4, -28, -56, -1, 76, 24])
2022-02-12 17:27:29,003 INFO: Elliptic Chabauty map computed. (delta = ['1', '3', '1'], g = [-4, -28, -56, -1, 76, 24])
2022-02-12 17:27:29,007 INFO: Tasks complete. Recording data and exiting.
