2022-01-01 10:40:35,475 INFO: Initialized curve data.
2022-01-01 10:40:35,478 INFO: Setting up initial twist data...
2022-01-01 10:40:36,748 INFO: Twist setup complete.
2022-01-01 10:40:36,748 INFO: Searching for rational points on each twist...
2022-01-01 10:40:37,761 INFO: Finished searching for rational points on each twist.
2022-01-01 10:40:37,761 INFO: Testing local solvability of twists...
2022-01-01 10:40:37,767 INFO: Finished local solvability testing.
2022-01-01 10:40:37,768 INFO: Computing elliptic curve a-invariants...
2022-01-01 10:40:47,091 INFO: Finished computation of a-invariants.
2022-01-01 10:40:47,092 INFO: Computing MW group (delta = ['0', '1', '1'], g = [-1, -3, -4, 4, 8, 4])...
2022-01-01 10:41:26,331 INFO: Finished MW computation (delta = ['0', '1', '1'], g = [-1, -3, -4, 4, 8, 4])
2022-01-01 10:41:26,334 INFO: Computing MW group (delta = ['1', '2', '5', '-4', '-8', '-4'], g = [-1, -3, -4, 4, 8, 4])...
2022-01-03 13:14:57,000 INFO: Obsolete "loc_solv_error" keys removed.
2022-01-10 22:38:56,651 INFO: Loaded curve data from file.
2022-01-10 22:38:56,652 INFO: Reducing MW generators...
2022-01-10 22:38:57,462 INFO: Finished reducing MW generators.
2022-01-10 22:38:57,464 INFO: Running elliptic Chabauty (delta = ['0', '1', '1'], g = [-1, -3, -4, 4, 8, 4])...
2022-01-10 22:39:12,820 INFO: Chabauty completed successfully (delta = ['0', '1', '1'], g = [-1, -3, -4, 4, 8, 4]).
2022-01-10 22:39:12,822 INFO: Skipped Chabauty because MW generators haven't been computed. (delta = ['1', '2', '5', '-4', '-8', '-4'], g = [-1, -3, -4, 4, 8, 4])
2022-01-10 22:39:12,822 INFO: Skipped Chabauty because MW generators haven't been computed. (delta = ['2', '6', '7', '-8', '-15', '-8'], g = [-1, -3, -4, 4, 8, 4])
2022-01-10 22:39:12,822 INFO: Skipped Chabauty because MW generators haven't been computed. (delta = ['1'], g = [-1, -3, -4, 4, 8, 4])
2022-01-10 22:39:12,865 INFO: Tasks complete. Recording data and exiting.
