2022-01-12 12:29:00,560 INFO: Initialized curve data.
2022-01-12 12:29:00,565 INFO: Setting up initial twist data...
2022-01-12 12:29:01,936 INFO: Twist setup complete.
2022-01-12 12:29:01,936 INFO: Searching for rational points on each twist...
2022-01-12 12:29:04,963 INFO: Finished searching for rational points on each twist.
2022-01-12 12:29:04,963 INFO: Testing local solvability of twists...
2022-01-12 12:29:06,755 INFO: Finished local solvability testing.
2022-01-12 12:29:06,756 INFO: Computing elliptic curve a-invariants...
2022-01-12 12:29:29,472 INFO: Finished computation of a-invariants.
2022-01-12 12:29:29,473 INFO: Computing MW group (delta = ['4', '-1', '-8', '-8', '-4', '1'], g = [4, 0, -8, -8, -4, 1])...
2022-01-12 12:37:50,443 INFO: Finished MW computation (delta = ['4', '-1', '-8', '-8', '-4', '1'], g = [4, 0, -8, -8, -4, 1])
2022-01-12 12:37:50,447 INFO: Skipped MW computation because no base point (delta = ['-16', '0', '31', '31', '16', '-4'])
2022-01-12 12:37:50,447 INFO: Computing MW group (delta = ['1', '1', '1'], g = [4, 0, -8, -8, -4, 1])...
2022-01-12 12:39:48,083 INFO: Finished MW computation (delta = ['1', '1', '1'], g = [4, 0, -8, -8, -4, 1])
2022-01-12 12:39:48,085 INFO: Computing MW group (delta = ['1'], g = [4, 0, -8, -8, -4, 1])...
2022-01-12 12:47:06,563 INFO: Finished MW computation (delta = ['1'], g = [4, 0, -8, -8, -4, 1])
2022-01-12 12:47:06,567 INFO: Computing MW group (delta = ['-16', '0', '31', '30', '14', '-5'], g = [4, 0, -8, -8, -4, 1])...
2022-01-12 14:08:22,184 INFO: Finished MW computation (delta = ['-16', '0', '31', '30', '14', '-5'], g = [4, 0, -8, -8, -4, 1])
2022-01-12 14:08:22,190 INFO: Computing MW group (delta = ['-4', '1', '10', '10', '5', '-1'], g = [4, 0, -8, -8, -4, 1])...
2022-01-12 14:13:08,158 INFO: Finished MW computation (delta = ['-4', '1', '10', '10', '5', '-1'], g = [4, 0, -8, -8, -4, 1])
2022-01-12 14:13:08,161 INFO: Computing MW group (delta = ['-4', '1', '9', '8', '4', '-1'], g = [4, 0, -8, -8, -4, 1])...
2022-01-12 14:15:22,988 INFO: Finished MW computation (delta = ['-4', '1', '9', '8', '4', '-1'], g = [4, 0, -8, -8, -4, 1])
2022-01-12 14:15:22,991 INFO: Skipped MW computation because no base point (delta = ['4', '-1', '-9', '-9', '-4', '1'])
2022-01-12 14:15:22,993 INFO: Reducing MW generators...
2022-01-12 14:15:27,971 INFO: Finished reducing MW generators.
2022-01-12 14:15:27,973 INFO: Tasks complete. Recording data and exiting.
2022-01-14 11:32:41,225 INFO: Loaded curve data from file.
2022-01-14 11:32:41,226 INFO: Skipped Chabauty because MW group hasn't been provably computed. (delta = ['4', '-1', '-8', '-8', '-4', '1'], g = [4, 0, -8, -8, -4, 1])
2022-01-14 11:32:41,226 INFO: Skipped Chabauty because no base point (delta = ['-16', '0', '31', '31', '16', '-4'])
2022-01-14 11:32:41,226 INFO: Skipped Chabauty because MW group hasn't been provably computed. (delta = ['1', '1', '1'], g = [4, 0, -8, -8, -4, 1])
2022-01-14 11:32:41,226 INFO: Running elliptic Chabauty (delta = ['1'], g = [4, 0, -8, -8, -4, 1])...
2022-01-14 11:32:55,211 INFO: Chabauty completed successfully (delta = ['1'], g = [4, 0, -8, -8, -4, 1]).
2022-01-14 11:32:55,221 INFO: Skipped Chabauty because MW group hasn't been provably computed. (delta = ['-16', '0', '31', '30', '14', '-5'], g = [4, 0, -8, -8, -4, 1])
2022-01-14 11:32:55,221 INFO: Skipped Chabauty because MW group hasn't been provably computed. (delta = ['-4', '1', '10', '10', '5', '-1'], g = [4, 0, -8, -8, -4, 1])
2022-01-14 11:32:55,221 INFO: Skipped Chabauty because MW group hasn't been provably computed. (delta = ['-4', '1', '9', '8', '4', '-1'], g = [4, 0, -8, -8, -4, 1])
2022-01-14 11:32:55,222 INFO: Skipped Chabauty because no base point (delta = ['4', '-1', '-9', '-9', '-4', '1'])
2022-01-14 11:32:55,314 INFO: Tasks complete. Recording data and exiting.
