2022-01-11 12:29:27,329 INFO: Initialized curve data.
2022-01-11 12:29:27,331 INFO: Setting up initial twist data...
2022-01-11 12:29:28,572 INFO: Twist setup complete.
2022-01-11 12:29:28,572 INFO: Searching for rational points on each twist...
2022-01-11 12:29:30,736 INFO: Finished searching for rational points on each twist.
2022-01-11 12:29:30,736 INFO: Testing local solvability of twists...
2022-01-11 12:29:36,224 INFO: Finished local solvability testing.
2022-01-11 12:29:36,738 INFO: Computing elliptic curve a-invariants...
2022-01-11 12:29:48,322 INFO: Finished computation of a-invariants.
2022-01-11 12:29:48,324 INFO: Computing MW group (delta = ['2', '0', '1'], g = [8, -4, 8, 1, 2, 1])...
2022-01-11 12:31:29,982 INFO: Finished MW computation (delta = ['2', '0', '1'], g = [8, -4, 8, 1, 2, 1])
2022-01-11 12:31:29,985 INFO: Computing MW group (delta = ['8', '-5', '8', '1', '2', '1'], g = [8, -4, 8, 1, 2, 1])...
2022-01-11 12:32:38,898 INFO: Finished MW computation (delta = ['8', '-5', '8', '1', '2', '1'], g = [8, -4, 8, 1, 2, 1])
2022-01-11 12:32:38,900 INFO: Skipped MW computation because no base point (delta = ['16', '-10', '16', '1', '4', '2'])
2022-01-11 12:32:38,900 INFO: Computing MW group (delta = ['1'], g = [8, -4, 8, 1, 2, 1])...
2022-01-11 12:33:30,458 INFO: Finished MW computation (delta = ['1'], g = [8, -4, 8, 1, 2, 1])
2022-01-11 12:33:30,462 INFO: Reducing MW generators...
2022-01-11 12:33:33,415 INFO: Finished reducing MW generators.
2022-01-11 12:33:33,418 INFO: Tasks complete. Recording data and exiting.
2022-01-13 17:36:50,361 INFO: Loaded curve data from file.
2022-01-13 17:36:50,361 INFO: Running elliptic Chabauty (delta = ['2', '0', '1'], g = [8, -4, 8, 1, 2, 1])...
2022-01-13 17:37:07,979 INFO: Chabauty completed successfully (delta = ['2', '0', '1'], g = [8, -4, 8, 1, 2, 1]).
2022-01-13 17:37:07,982 INFO: Running elliptic Chabauty (delta = ['8', '-5', '8', '1', '2', '1'], g = [8, -4, 8, 1, 2, 1])...
2022-01-13 17:37:25,468 INFO: Chabauty completed successfully (delta = ['8', '-5', '8', '1', '2', '1'], g = [8, -4, 8, 1, 2, 1]).
2022-01-13 17:37:25,470 INFO: Skipped Chabauty because no base point (delta = ['16', '-10', '16', '1', '4', '2'])
2022-01-13 17:37:25,470 INFO: Running elliptic Chabauty (delta = ['1'], g = [8, -4, 8, 1, 2, 1])...
2022-01-13 17:37:53,083 INFO: Chabauty completed successfully (delta = ['1'], g = [8, -4, 8, 1, 2, 1]).
2022-01-13 17:37:53,324 INFO: Rational points successfully computed.
2022-01-13 17:37:53,326 INFO: Tasks complete. Recording data and exiting.
