2022-01-11 12:33:49,104 INFO: Initialized curve data.
2022-01-11 12:33:49,108 INFO: Setting up initial twist data...
2022-01-11 12:33:50,373 INFO: Twist setup complete.
2022-01-11 12:33:50,373 INFO: Searching for rational points on each twist...
2022-01-11 12:33:53,274 INFO: Finished searching for rational points on each twist.
2022-01-11 12:33:53,274 INFO: Testing local solvability of twists...
2022-01-11 12:33:59,291 INFO: Finished local solvability testing.
2022-01-11 12:33:59,293 INFO: Computing elliptic curve a-invariants...
2022-01-11 12:34:12,098 INFO: Finished computation of a-invariants.
2022-01-11 12:34:12,100 INFO: Computing MW group (delta = ['-64', '16', '210', '155', '9', '-12'], g = [16, -5, -54, -39, -2, 3])...
2022-01-11 12:35:08,920 INFO: Finished MW computation (delta = ['-64', '16', '210', '155', '9', '-12'], g = [16, -5, -54, -39, -2, 3])
2022-01-11 12:35:08,924 INFO: Skipped MW computation because no base point (delta = ['-4', '-2', '1'])
2022-01-11 12:35:08,924 INFO: Computing MW group (delta = ['1'], g = [16, -5, -54, -39, -2, 3])...
2022-01-13 17:36:57,570 INFO: Loaded curve data from file.
2022-01-13 17:36:57,571 INFO: Reducing MW generators...
2022-01-13 17:36:57,829 INFO: Finished reducing MW generators.
2022-01-13 17:36:57,831 INFO: Skipped Chabauty because MW group hasn't been provably computed. (delta = ['-64', '16', '210', '155', '9', '-12'], g = [16, -5, -54, -39, -2, 3])
2022-01-13 17:36:57,831 INFO: Skipped Chabauty because no base point (delta = ['-4', '-2', '1'])
2022-01-13 17:36:57,831 INFO: Skipped Chabauty because MW generators haven't been computed. (delta = ['1'], g = [16, -5, -54, -39, -2, 3])
2022-01-13 17:36:57,831 INFO: Skipped Chabauty because MW generators haven't been computed. (delta = ['16', '-4', '-53', '-39', '-2', '3'], g = [16, -5, -54, -39, -2, 3])
2022-01-13 17:36:57,881 INFO: Tasks complete. Recording data and exiting.
