2022-01-11 12:29:24,352 INFO: Initialized curve data.
2022-01-11 12:29:24,356 INFO: Setting up initial twist data...
2022-01-11 12:29:25,822 INFO: Twist setup complete.
2022-01-11 12:29:25,822 INFO: Searching for rational points on each twist...
2022-01-11 12:29:29,146 INFO: Finished searching for rational points on each twist.
2022-01-11 12:29:29,146 INFO: Testing local solvability of twists...
2022-01-11 12:29:59,880 INFO: Finished local solvability testing.
2022-01-11 12:29:59,882 INFO: Computing elliptic curve a-invariants...
2022-01-11 12:30:04,395 INFO: Finished computation of a-invariants.
2022-01-11 12:30:04,396 INFO: Skipped MW computation because no base point (delta = ['-4/3', '4/3', '22', '21', '-9'])
2022-01-11 12:30:04,397 INFO: Computing MW group (delta = ['-1', '-1'], g = [-4, -5, 3])...
2022-01-11 12:30:07,110 INFO: Finished MW computation (delta = ['-1', '-1'], g = [-4, -5, 3])
2022-01-11 12:30:07,114 INFO: Computing MW group (delta = ['-1', '-1'], g = [-1, -7, -7, 3])...
2022-01-13 17:36:47,195 INFO: Loaded curve data from file.
2022-01-13 17:36:47,196 INFO: Reducing MW generators...
2022-01-13 17:36:47,406 INFO: Finished reducing MW generators.
2022-01-13 17:36:47,415 INFO: Skipped Chabauty because no base point (delta = ['-4/3', '4/3', '22', '21', '-9'])
2022-01-13 17:36:47,416 INFO: Skipped Chabauty because rank >= degree(g). (delta = ['-1', '-1'], g = [-4, -5, 3])
2022-01-13 17:36:47,416 INFO: Skipped Chabauty because MW generators haven't been computed. (delta = ['-1', '-1'], g = [-1, -7, -7, 3])
2022-01-13 17:36:47,416 INFO: Skipped Chabauty because MW generators haven't been computed. (delta = ['-4', '-32', '-59', '-2', '36', '-9'], g = [-4, -5, 3])
2022-01-13 17:36:47,416 INFO: Skipped Chabauty because MW generators haven't been computed. (delta = ['-4', '-32', '-59', '-2', '36', '-9'], g = [-1, -7, -7, 3])
2022-01-13 17:36:47,416 INFO: Skipped Chabauty because MW generators haven't been computed. (delta = ['4/3', '0', '-70/3', '-43', '-12', '9'], g = [-4, -5, 3])
2022-01-13 17:36:47,416 INFO: Skipped Chabauty because MW generators haven't been computed. (delta = ['4/3', '0', '-70/3', '-43', '-12', '9'], g = [-1, -7, -7, 3])
2022-01-13 17:36:47,416 INFO: Skipped Chabauty because no base point (delta = ['-16/3', '-128/3', '-244/3', '-74/3', '27', '-3'])
2022-01-13 17:36:47,416 INFO: Skipped Chabauty because MW generators haven't been computed. (delta = ['1'], g = [-4, -5, 3])
2022-01-13 17:36:47,416 INFO: Skipped Chabauty because MW generators haven't been computed. (delta = ['1'], g = [-1, -7, -7, 3])
2022-01-13 17:36:47,416 INFO: Skipped Chabauty because no base point (delta = ['16/3', '140/3', '113', '86', '-3', '-12'])
2022-01-13 17:36:47,416 INFO: Skipped Chabauty because MW generators haven't been computed. (delta = ['4', '32', '60', '2', '-36', '9'], g = [-4, -5, 3])
2022-01-13 17:36:47,416 INFO: Skipped Chabauty because MW generators haven't been computed. (delta = ['4', '32', '60', '2', '-36', '9'], g = [-1, -7, -7, 3])
2022-01-13 17:36:47,530 INFO: Tasks complete. Recording data and exiting.
