2022-01-14 12:17:27,208 INFO: Initialized curve data.
2022-01-14 12:17:28,087 INFO: Setting up initial twist data...
2022-01-14 12:17:30,040 INFO: Twist setup complete.
2022-01-14 12:17:30,040 INFO: Searching for rational points on each twist...
2022-01-14 12:17:31,416 INFO: Finished searching for rational points on each twist.
2022-01-14 12:17:31,417 INFO: Testing local solvability of twists...
2022-01-14 12:17:47,997 INFO: Finished local solvability testing.
2022-01-14 12:17:47,999 INFO: Computing elliptic curve a-invariants...
2022-01-14 12:17:51,962 INFO: Finished computation of a-invariants.
2022-01-14 12:17:51,964 INFO: Skipped MW computation because no base point (delta = ['-16', '36', '-57', '-5', '8', '4'])
2022-01-14 12:17:51,964 INFO: Computing MW group (delta = ['1'], g = [-4, 9, -14, -1, 2, 1])...
2022-01-14 15:52:26,535 INFO: Loaded curve data from file.
2022-01-14 15:52:26,536 INFO: Reducing MW generators...
2022-01-14 15:52:26,536 INFO: Finished reducing MW generators.
2022-01-14 15:52:26,538 INFO: Skipped Chabauty because no base point (delta = ['-16', '36', '-57', '-5', '8', '4'])
2022-01-14 15:52:26,538 INFO: Skipped Chabauty because MW generators haven't been computed. (delta = ['1'], g = [-4, 9, -14, -1, 2, 1])
2022-01-14 15:52:26,538 INFO: Skipped Chabauty because MW generators haven't been computed. (delta = ['4', '-8', '15', '1', '-2', '-1'], g = [-4, 9, -14, -1, 2, 1])
2022-01-14 15:52:26,538 INFO: Skipped Chabauty because MW generators haven't been computed. (delta = ['-4', '8', '-14', '-1', '2', '1'], g = [-4, 9, -14, -1, 2, 1])
2022-01-14 15:52:26,597 INFO: Tasks complete. Recording data and exiting.
2022-02-12 17:27:46,592 INFO: Loaded curve data from file.
2022-02-12 17:27:46,592 INFO: Computing elliptic Chabauty map... (delta = ['1'], g = [-4, 9, -14, -1, 2, 1])
2022-02-12 17:28:00,330 INFO: Elliptic Chabauty map computed. (delta = ['1'], g = [-4, 9, -14, -1, 2, 1])
2022-02-12 17:28:00,332 INFO: Computing elliptic Chabauty map... (delta = ['4', '-8', '15', '1', '-2', '-1'], g = [-4, 9, -14, -1, 2, 1])
2022-02-12 17:28:13,869 INFO: Elliptic Chabauty map computed. (delta = ['4', '-8', '15', '1', '-2', '-1'], g = [-4, 9, -14, -1, 2, 1])
2022-02-12 17:28:13,871 INFO: Computing elliptic Chabauty map... (delta = ['-4', '8', '-14', '-1', '2', '1'], g = [-4, 9, -14, -1, 2, 1])
2022-02-12 17:28:27,390 INFO: Elliptic Chabauty map computed. (delta = ['-4', '8', '-14', '-1', '2', '1'], g = [-4, 9, -14, -1, 2, 1])
2022-02-12 17:28:27,392 INFO: Tasks complete. Recording data and exiting.
