2022-01-12 09:25:18,940 INFO: Initialized curve data.
2022-01-12 09:25:18,947 INFO: Setting up initial twist data...
2022-01-12 09:25:19,763 INFO: Twist setup complete.
2022-01-12 09:25:19,763 INFO: Searching for rational points on each twist...
2022-01-12 09:25:21,448 INFO: Finished searching for rational points on each twist.
2022-01-12 09:25:21,448 INFO: Testing local solvability of twists...
2022-01-12 09:25:22,907 INFO: Finished local solvability testing.
2022-01-12 09:25:22,909 INFO: Computing elliptic curve a-invariants...
2022-01-12 09:25:37,328 INFO: Finished computation of a-invariants.
2022-01-12 09:25:37,329 INFO: Skipped MW computation because no base point (delta = ['1', '-1'])
2022-01-12 09:25:37,330 INFO: Computing MW group (delta = ['1', '-2', '2', '-1', '0', '1'], g = [1, -1, 1, -1, 0, 1])...
2022-01-12 09:27:07,966 INFO: Finished MW computation (delta = ['1', '-2', '2', '-1', '0', '1'], g = [1, -1, 1, -1, 0, 1])
2022-01-12 09:27:07,971 INFO: Computing MW group (delta = ['1'], g = [1, -1, 1, -1, 0, 1])...
2022-01-12 09:28:45,866 INFO: Finished MW computation (delta = ['1'], g = [1, -1, 1, -1, 0, 1])
2022-01-12 09:28:45,870 INFO: Computing MW group (delta = ['1', '-2', '1', '-1', '0', '1'], g = [1, -1, 1, -1, 0, 1])...
2022-01-12 09:29:38,845 INFO: Finished MW computation (delta = ['1', '-2', '1', '-1', '0', '1'], g = [1, -1, 1, -1, 0, 1])
2022-01-12 09:29:38,853 INFO: Reducing MW generators...
2022-01-12 09:29:42,575 INFO: Finished reducing MW generators.
2022-01-12 09:29:42,578 INFO: Tasks complete. Recording data and exiting.
2022-01-14 09:10:39,897 INFO: Loaded curve data from file.
2022-01-14 09:10:39,898 INFO: Skipped Chabauty because no base point (delta = ['1', '-1'])
2022-01-14 09:10:39,898 INFO: Running elliptic Chabauty (delta = ['1', '-2', '2', '-1', '0', '1'], g = [1, -1, 1, -1, 0, 1])...
