2022-01-14 12:17:16,507 INFO: Initialized curve data.
2022-01-14 12:17:16,511 INFO: Setting up initial twist data...
2022-01-14 12:17:17,543 INFO: Twist setup complete.
2022-01-14 12:17:17,543 INFO: Searching for rational points on each twist...
2022-01-14 12:17:18,819 INFO: Finished searching for rational points on each twist.
2022-01-14 12:17:18,819 INFO: Testing local solvability of twists...
2022-01-14 12:17:20,583 INFO: Finished local solvability testing.
2022-01-14 12:17:20,585 INFO: Computing elliptic curve a-invariants...
2022-01-14 12:17:29,280 INFO: Finished computation of a-invariants.
2022-01-14 12:17:29,285 INFO: Skipped MW computation because no base point (delta = ['-1/2', '-1', '1'])
2022-01-14 12:17:29,285 INFO: Computing MW group (delta = ['4', '11', '-11', '-28', '32', '-7'], g = [-4, -12, 12, 28, -32, 7])...
2022-01-14 15:52:17,994 INFO: Loaded curve data from file.
2022-01-14 15:52:17,994 INFO: Reducing MW generators...
2022-01-14 15:52:17,994 INFO: Finished reducing MW generators.
2022-01-14 15:52:17,996 INFO: Skipped Chabauty because no base point (delta = ['-1/2', '-1', '1'])
2022-01-14 15:52:17,996 INFO: Skipped Chabauty because MW generators haven't been computed. (delta = ['4', '11', '-11', '-28', '32', '-7'], g = [-4, -12, 12, 28, -32, 7])
2022-01-14 15:52:17,996 INFO: Skipped Chabauty because MW generators haven't been computed. (delta = ['1'], g = [-4, -12, 12, 28, -32, 7])
2022-01-14 15:52:17,996 INFO: Skipped Chabauty because MW generators haven't been computed. (delta = ['-2', '-11/2', '13/2', '12', '-15', '7/2'], g = [-4, -12, 12, 28, -32, 7])
2022-01-14 15:52:18,040 INFO: Tasks complete. Recording data and exiting.
2022-02-12 16:46:12,929 INFO: Loaded curve data from file.
2022-02-12 16:46:12,929 INFO: Computing elliptic Chabauty map... (delta = ['4', '11', '-11', '-28', '32', '-7'], g = [-4, -12, 12, 28, -32, 7])
2022-02-12 16:46:28,846 INFO: Elliptic Chabauty map computed. (delta = ['4', '11', '-11', '-28', '32', '-7'], g = [-4, -12, 12, 28, -32, 7])
2022-02-12 16:46:28,849 INFO: Computing elliptic Chabauty map... (delta = ['1'], g = [-4, -12, 12, 28, -32, 7])
2022-02-12 16:46:44,811 INFO: Elliptic Chabauty map computed. (delta = ['1'], g = [-4, -12, 12, 28, -32, 7])
2022-02-12 16:46:44,813 INFO: Computing elliptic Chabauty map... (delta = ['-2', '-11/2', '13/2', '12', '-15', '7/2'], g = [-4, -12, 12, 28, -32, 7])
2022-02-12 16:47:01,017 INFO: Elliptic Chabauty map computed. (delta = ['-2', '-11/2', '13/2', '12', '-15', '7/2'], g = [-4, -12, 12, 28, -32, 7])
2022-02-12 16:47:01,019 INFO: Tasks complete. Recording data and exiting.
