2022-01-11 15:10:12,543 INFO: Initialized curve data.
2022-01-11 15:10:12,545 INFO: Setting up initial twist data...
2022-01-11 15:10:13,426 INFO: Twist setup complete.
2022-01-11 15:10:13,426 INFO: Searching for rational points on each twist...
2022-01-11 15:10:15,175 INFO: Finished searching for rational points on each twist.
2022-01-11 15:10:15,175 INFO: Testing local solvability of twists...
2022-01-11 15:10:15,181 INFO: Finished local solvability testing.
2022-01-11 15:10:15,182 INFO: Computing elliptic curve a-invariants...
2022-01-11 15:10:22,823 INFO: Finished computation of a-invariants.
2022-01-11 15:10:22,824 INFO: Computing MW group (delta = ['-1', '-1'], g = [-9, 1, 6, 6, 3, 1])...
2022-01-11 15:10:55,742 INFO: Finished MW computation (delta = ['-1', '-1'], g = [-9, 1, 6, 6, 3, 1])
2022-01-11 15:10:55,745 INFO: Computing MW group (delta = ['1'], g = [-9, 1, 6, 6, 3, 1])...
2022-01-11 15:11:16,852 INFO: Finished MW computation (delta = ['1'], g = [-9, 1, 6, 6, 3, 1])
2022-01-11 15:11:16,855 INFO: Computing MW group (delta = ['17', '-2', '-11', '-12', '-6', '-2'], g = [-9, 1, 6, 6, 3, 1])...
2022-01-11 15:11:42,402 INFO: Finished MW computation (delta = ['17', '-2', '-11', '-12', '-6', '-2'], g = [-9, 1, 6, 6, 3, 1])
2022-01-11 15:11:42,407 INFO: Computing MW group (delta = ['-8', '0', '6', '6', '3', '1'], g = [-9, 1, 6, 6, 3, 1])...
2022-01-11 15:12:41,603 INFO: Finished MW computation (delta = ['-8', '0', '6', '6', '3', '1'], g = [-9, 1, 6, 6, 3, 1])
2022-01-11 15:12:41,609 INFO: Reducing MW generators...
2022-01-11 15:12:45,569 INFO: Finished reducing MW generators.
2022-01-11 15:12:45,571 INFO: Tasks complete. Recording data and exiting.
2022-01-14 09:07:22,510 INFO: Loaded curve data from file.
2022-01-14 09:07:22,511 INFO: Running elliptic Chabauty (delta = ['-1', '-1'], g = [-9, 1, 6, 6, 3, 1])...
2022-01-14 09:10:17,717 INFO: Chabauty completed successfully (delta = ['-1', '-1'], g = [-9, 1, 6, 6, 3, 1]).
2022-01-14 09:10:17,721 INFO: Running elliptic Chabauty (delta = ['1'], g = [-9, 1, 6, 6, 3, 1])...
2022-01-14 09:10:32,586 INFO: Chabauty completed successfully (delta = ['1'], g = [-9, 1, 6, 6, 3, 1]).
2022-01-14 09:10:32,587 INFO: Running elliptic Chabauty (delta = ['17', '-2', '-11', '-12', '-6', '-2'], g = [-9, 1, 6, 6, 3, 1])...
2022-01-14 09:10:52,643 INFO: Chabauty completed successfully (delta = ['17', '-2', '-11', '-12', '-6', '-2'], g = [-9, 1, 6, 6, 3, 1]).
2022-01-14 09:10:52,645 INFO: Running elliptic Chabauty (delta = ['-8', '0', '6', '6', '3', '1'], g = [-9, 1, 6, 6, 3, 1])...
2022-01-14 09:16:20,000 INFO: Chabauty completed successfully (delta = ['-8', '0', '6', '6', '3', '1'], g = [-9, 1, 6, 6, 3, 1]).
2022-01-14 09:16:20,241 INFO: Rational points successfully computed.
2022-01-14 09:16:20,243 INFO: Tasks complete. Recording data and exiting.
