2022-01-13 21:54:35,132 INFO: Initialized curve data.
2022-01-13 21:54:35,135 INFO: Setting up initial twist data...
2022-01-13 21:54:36,588 INFO: Twist setup complete.
2022-01-13 21:54:36,588 INFO: Searching for rational points on each twist...
2022-01-13 21:54:40,424 INFO: Finished searching for rational points on each twist.
2022-01-13 21:54:40,425 INFO: Testing local solvability of twists...
2022-01-13 21:54:59,941 INFO: Finished local solvability testing.
2022-01-13 21:54:59,943 INFO: Computing elliptic curve a-invariants...
2022-01-13 21:55:08,062 INFO: Finished computation of a-invariants.
2022-01-13 21:55:08,064 INFO: Skipped MW computation because no base point (delta = ['2', '3/2', '-1', '-1/2', '0', '2'])
2022-01-13 21:55:08,065 INFO: Computing MW group (delta = ['2', '2', '1', '2', '1', '2'], g = [4, 4, 1, 1, 0, 4])...
2022-01-13 22:01:39,975 INFO: Finished MW computation (delta = ['2', '2', '1', '2', '1', '2'], g = [4, 4, 1, 1, 0, 4])
2022-01-13 22:01:39,981 INFO: Computing MW group (delta = ['4', '5', '2', '1', '0', '4'], g = [4, 4, 1, 1, 0, 4])...
2022-01-13 22:02:55,592 INFO: Finished MW computation (delta = ['4', '5', '2', '1', '0', '4'], g = [4, 4, 1, 1, 0, 4])
2022-01-13 22:02:55,597 INFO: Computing MW group (delta = ['1'], g = [4, 4, 1, 1, 0, 4])...
2022-01-13 22:04:27,537 INFO: Finished MW computation (delta = ['1'], g = [4, 4, 1, 1, 0, 4])
2022-01-13 22:04:27,540 INFO: Computing MW group (delta = ['3', '3', '1', '1', '0', '4'], g = [4, 4, 1, 1, 0, 4])...
2022-01-13 22:05:05,856 INFO: Finished MW computation (delta = ['3', '3', '1', '1', '0', '4'], g = [4, 4, 1, 1, 0, 4])
2022-01-13 22:05:05,859 INFO: Skipped MW computation because no base point (delta = ['-16', '-17', '-6', '-5', '0', '-16'])
2022-01-13 22:05:05,859 INFO: Computing MW group (delta = ['-8', '-8', '-5/2', '-4', '-5/2', '-9'], g = [4, 4, 1, 1, 0, 4])...
2022-01-13 22:06:52,023 INFO: Finished MW computation (delta = ['-8', '-8', '-5/2', '-4', '-5/2', '-9'], g = [4, 4, 1, 1, 0, 4])
2022-01-13 22:06:52,025 INFO: Skipped MW computation because no base point (delta = ['0', '1/2', '1'])
2022-01-13 22:06:52,027 INFO: Reducing MW generators...
2022-01-13 22:06:56,970 INFO: Finished reducing MW generators.
2022-01-13 22:06:56,973 INFO: Tasks complete. Recording data and exiting.
2022-01-14 11:35:10,305 INFO: Loaded curve data from file.
2022-01-14 11:35:10,306 INFO: Skipped Chabauty because no base point (delta = ['2', '3/2', '-1', '-1/2', '0', '2'])
2022-01-14 11:35:10,306 INFO: Running elliptic Chabauty (delta = ['2', '2', '1', '2', '1', '2'], g = [4, 4, 1, 1, 0, 4])...
2022-01-14 11:35:32,275 INFO: Chabauty completed successfully (delta = ['2', '2', '1', '2', '1', '2'], g = [4, 4, 1, 1, 0, 4]).
2022-01-14 11:35:32,279 INFO: Skipped Chabauty because MW group hasn't been provably computed. (delta = ['4', '5', '2', '1', '0', '4'], g = [4, 4, 1, 1, 0, 4])
2022-01-14 11:35:32,279 INFO: Running elliptic Chabauty (delta = ['1'], g = [4, 4, 1, 1, 0, 4])...
2022-01-14 11:35:53,175 INFO: Chabauty completed successfully (delta = ['1'], g = [4, 4, 1, 1, 0, 4]).
2022-01-14 11:35:53,177 INFO: Running elliptic Chabauty (delta = ['3', '3', '1', '1', '0', '4'], g = [4, 4, 1, 1, 0, 4])...
2022-01-14 11:36:08,022 INFO: Chabauty completed successfully (delta = ['3', '3', '1', '1', '0', '4'], g = [4, 4, 1, 1, 0, 4]).
2022-01-14 11:36:08,026 INFO: Skipped Chabauty because no base point (delta = ['-16', '-17', '-6', '-5', '0', '-16'])
2022-01-14 11:36:08,026 INFO: Running elliptic Chabauty (delta = ['-8', '-8', '-5/2', '-4', '-5/2', '-9'], g = [4, 4, 1, 1, 0, 4])...
2022-01-14 11:36:22,262 INFO: Chabauty completed successfully (delta = ['-8', '-8', '-5/2', '-4', '-5/2', '-9'], g = [4, 4, 1, 1, 0, 4]).
2022-01-14 11:36:22,265 INFO: Skipped Chabauty because no base point (delta = ['0', '1/2', '1'])
2022-01-14 11:36:22,529 INFO: Tasks complete. Recording data and exiting.
