2022-01-11 15:17:01,299 INFO: Initialized curve data.
2022-01-11 15:17:01,302 INFO: Setting up initial twist data...
2022-01-11 15:17:02,329 INFO: Twist setup complete.
2022-01-11 15:17:02,329 INFO: Searching for rational points on each twist...
2022-01-11 15:17:04,031 INFO: Finished searching for rational points on each twist.
2022-01-11 15:17:04,031 INFO: Testing local solvability of twists...
2022-01-11 15:17:04,038 INFO: Finished local solvability testing.
2022-01-11 15:17:04,039 INFO: Computing elliptic curve a-invariants...
2022-01-11 15:17:17,659 INFO: Finished computation of a-invariants.
2022-01-11 15:17:17,660 INFO: Computing MW group (delta = ['4', '1', '1', '-5', '-6', '-1'], g = [-4, 0, 0, 5, 6, 1])...
2022-01-11 15:21:13,028 INFO: Finished MW computation (delta = ['4', '1', '1', '-5', '-6', '-1'], g = [-4, 0, 0, 5, 6, 1])
2022-01-11 15:21:13,032 INFO: Computing MW group (delta = ['-16', '0', '-1', '19', '24', '4'], g = [-4, 0, 0, 5, 6, 1])...
2022-01-11 15:24:05,179 INFO: Finished MW computation (delta = ['-16', '0', '-1', '19', '24', '4'], g = [-4, 0, 0, 5, 6, 1])
2022-01-11 15:24:05,182 INFO: Computing MW group (delta = ['1'], g = [-4, 0, 0, 5, 6, 1])...
2022-01-11 15:26:25,910 INFO: Finished MW computation (delta = ['1'], g = [-4, 0, 0, 5, 6, 1])
2022-01-11 15:26:25,912 INFO: Computing MW group (delta = ['-4', '-1', '0', '5', '6', '1'], g = [-4, 0, 0, 5, 6, 1])...
2022-01-11 15:28:01,661 INFO: Finished MW computation (delta = ['-4', '-1', '0', '5', '6', '1'], g = [-4, 0, 0, 5, 6, 1])
2022-01-11 15:28:01,665 INFO: Reducing MW generators...
2022-01-11 15:28:05,116 INFO: Finished reducing MW generators.
2022-01-11 15:28:05,118 INFO: Tasks complete. Recording data and exiting.
