2022-01-12 12:23:46,819 INFO: Initialized curve data.
2022-01-12 12:23:46,823 INFO: Setting up initial twist data...
2022-01-12 12:23:48,300 INFO: Twist setup complete.
2022-01-12 12:23:48,300 INFO: Searching for rational points on each twist...
2022-01-12 12:23:50,014 INFO: Finished searching for rational points on each twist.
2022-01-12 12:23:50,014 INFO: Testing local solvability of twists...
2022-01-12 12:23:58,973 INFO: Finished local solvability testing.
2022-01-12 12:23:58,975 INFO: Computing elliptic curve a-invariants...
2022-01-12 12:24:03,456 INFO: Finished computation of a-invariants.
2022-01-12 12:24:03,457 INFO: Skipped MW computation because no base point (delta = ['-2', '0', '1'])
2022-01-12 12:24:03,457 INFO: Skipped MW computation because no base point (delta = ['-1', '-1', '1'])
2022-01-12 12:24:03,457 INFO: Computing MW group (delta = ['1'], g = [8, 24, -4, -19, 0, 4])...
2022-01-12 12:28:22,346 INFO: Finished MW computation (delta = ['1'], g = [8, 24, -4, -19, 0, 4])
2022-01-12 12:28:22,348 INFO: Computing MW group (delta = ['2', '2', '-3', '-1', '1'], g = [8, 24, -4, -19, 0, 4])...
2022-01-12 12:30:08,029 INFO: Finished MW computation (delta = ['2', '2', '-3', '-1', '1'], g = [8, 24, -4, -19, 0, 4])
2022-01-12 12:30:08,032 INFO: Reducing MW generators...
2022-01-12 12:30:09,241 INFO: Finished reducing MW generators.
2022-01-12 12:30:09,244 INFO: Tasks complete. Recording data and exiting.
2022-01-14 11:32:29,607 INFO: Loaded curve data from file.
2022-01-14 11:32:29,607 INFO: Skipped Chabauty because no base point (delta = ['-2', '0', '1'])
2022-01-14 11:32:29,607 INFO: Skipped Chabauty because no base point (delta = ['-1', '-1', '1'])
2022-01-14 11:32:29,607 INFO: Running elliptic Chabauty (delta = ['1'], g = [8, 24, -4, -19, 0, 4])...
2022-01-14 11:32:46,582 INFO: Chabauty completed successfully (delta = ['1'], g = [8, 24, -4, -19, 0, 4]).
2022-01-14 11:32:46,585 INFO: Skipped Chabauty because MW group hasn't been provably computed. (delta = ['2', '2', '-3', '-1', '1'], g = [8, 24, -4, -19, 0, 4])
2022-01-14 11:32:46,693 INFO: Tasks complete. Recording data and exiting.
