2022-01-12 09:25:10,673 INFO: Initialized curve data.
2022-01-12 09:25:10,676 INFO: Setting up initial twist data...
2022-01-12 09:25:12,344 INFO: Twist setup complete.
2022-01-12 09:25:12,344 INFO: Searching for rational points on each twist...
2022-01-12 09:25:14,650 INFO: Finished searching for rational points on each twist.
2022-01-12 09:25:14,650 INFO: Testing local solvability of twists...
2022-01-12 09:25:14,687 INFO: Finished local solvability testing.
2022-01-12 09:25:14,698 INFO: Computing elliptic curve a-invariants...
2022-01-12 09:25:41,870 INFO: Finished computation of a-invariants.
2022-01-12 09:25:41,872 INFO: Computing MW group (delta = ['1'], g = [-8, -4, 4, 9, 6, 1])...
2022-01-12 09:27:04,489 INFO: Finished MW computation (delta = ['1'], g = [-8, -4, 4, 9, 6, 1])
2022-01-12 09:27:04,492 INFO: Computing MW group (delta = ['-64', '-32', '31', '71', '48', '8'], g = [-8, -4, 4, 9, 6, 1])...
2022-01-12 09:29:23,554 INFO: Finished MW computation (delta = ['-64', '-32', '31', '71', '48', '8'], g = [-8, -4, 4, 9, 6, 1])
2022-01-12 09:29:23,556 INFO: Computing MW group (delta = ['8', '5', '-3', '-9', '-6', '-1'], g = [-8, -4, 4, 9, 6, 1])...
2022-01-12 09:31:47,603 INFO: Finished MW computation (delta = ['8', '5', '-3', '-9', '-6', '-1'], g = [-8, -4, 4, 9, 6, 1])
2022-01-12 09:31:47,606 INFO: Computing MW group (delta = ['-8', '-5', '4', '9', '6', '1'], g = [-8, -4, 4, 9, 6, 1])...
2022-01-12 09:32:54,653 INFO: Finished MW computation (delta = ['-8', '-5', '4', '9', '6', '1'], g = [-8, -4, 4, 9, 6, 1])
2022-01-12 09:32:54,657 INFO: Reducing MW generators...
2022-01-12 09:32:58,042 INFO: Finished reducing MW generators.
2022-01-12 09:32:58,044 INFO: Tasks complete. Recording data and exiting.
