2022-01-12 12:22:04,458 INFO: Initialized curve data.
2022-01-12 12:22:04,470 INFO: Setting up initial twist data...
2022-01-12 12:22:05,669 INFO: Twist setup complete.
2022-01-12 12:22:05,669 INFO: Searching for rational points on each twist...
2022-01-12 12:22:10,517 INFO: Finished searching for rational points on each twist.
2022-01-12 12:22:10,517 INFO: Testing local solvability of twists...
2022-01-12 12:22:36,771 INFO: Finished local solvability testing.
2022-01-12 12:22:36,775 INFO: Computing elliptic curve a-invariants...
2022-01-12 12:22:42,480 INFO: Finished computation of a-invariants.
2022-01-12 12:22:42,484 INFO: Computing MW group (delta = ['-16', '-94', '-857/4', '-997/4', '-635/4', '-179/4'], g = [1, 1])...
2022-01-12 12:22:42,943 INFO: Finished MW computation (delta = ['-16', '-94', '-857/4', '-997/4', '-635/4', '-179/4'], g = [1, 1])
2022-01-12 12:22:42,947 INFO: Computing MW group (delta = ['-16', '-94', '-857/4', '-997/4', '-635/4', '-179/4'], g = [8, 40, 72, 61, 25])...
2022-01-12 12:25:34,589 INFO: Finished MW computation (delta = ['-16', '-94', '-857/4', '-997/4', '-635/4', '-179/4'], g = [8, 40, 72, 61, 25])
2022-01-12 12:25:34,596 INFO: Computing MW group (delta = ['-4', '-47/2', '-55', '-133/2', '-43', '-25/2'], g = [1, 1])...
2022-01-12 12:25:35,046 INFO: Finished MW computation (delta = ['-4', '-47/2', '-55', '-133/2', '-43', '-25/2'], g = [1, 1])
2022-01-12 12:25:35,051 INFO: Computing MW group (delta = ['-4', '-47/2', '-55', '-133/2', '-43', '-25/2'], g = [8, 40, 72, 61, 25])...
2022-01-12 12:25:44,700 INFO: Finished MW computation (delta = ['-4', '-47/2', '-55', '-133/2', '-43', '-25/2'], g = [8, 40, 72, 61, 25])
2022-01-12 12:25:44,706 INFO: Skipped MW computation because no base point (delta = ['32', '196', '937/2', '1139/2', '751/2', '225/2'])
2022-01-12 12:25:44,706 INFO: Computing MW group (delta = ['-8', '-39', '-71', '-61', '-25'], g = [1, 1])...
2022-01-12 12:25:45,367 INFO: Finished MW computation (delta = ['-8', '-39', '-71', '-61', '-25'], g = [1, 1])
2022-01-12 12:25:45,372 INFO: Computing MW group (delta = ['-8', '-39', '-71', '-61', '-25'], g = [8, 40, 72, 61, 25])...
2022-01-12 12:26:00,619 INFO: Finished MW computation (delta = ['-8', '-39', '-71', '-61', '-25'], g = [8, 40, 72, 61, 25])
2022-01-12 12:26:00,624 INFO: Computing MW group (delta = ['1'], g = [1, 1])...
2022-01-12 12:26:01,174 INFO: Finished MW computation (delta = ['1'], g = [1, 1])
2022-01-12 12:26:01,179 INFO: Computing MW group (delta = ['1'], g = [8, 40, 72, 61, 25])...
2022-01-12 12:26:08,916 INFO: Finished MW computation (delta = ['1'], g = [8, 40, 72, 61, 25])
2022-01-12 12:26:08,922 INFO: Computing MW group (delta = ['2', '47/4', '27', '129/4', '43/2', '25/4'], g = [1, 1])...
2022-01-12 12:26:09,801 INFO: Finished MW computation (delta = ['2', '47/4', '27', '129/4', '43/2', '25/4'], g = [1, 1])
2022-01-12 12:26:09,807 INFO: Computing MW group (delta = ['2', '47/4', '27', '129/4', '43/2', '25/4'], g = [8, 40, 72, 61, 25])...
2022-01-12 12:26:37,265 INFO: Finished MW computation (delta = ['2', '47/4', '27', '129/4', '43/2', '25/4'], g = [8, 40, 72, 61, 25])
2022-01-12 12:26:37,272 INFO: Skipped MW computation because no base point (delta = ['4', '55/2', '149/2', '203/2', '147/2', '25'])
2022-01-12 12:26:37,272 INFO: Skipped MW computation because no base point (delta = ['-1/2', '-1'])
2022-01-12 12:26:37,277 INFO: Reducing MW generators...
2022-01-12 12:26:47,864 INFO: Finished reducing MW generators.
2022-01-12 12:26:47,871 INFO: Tasks complete. Recording data and exiting.
