2022-01-01 12:50:50,121 INFO: Initialized curve data.
2022-01-01 12:50:50,124 INFO: Setting up initial twist data...
2022-01-01 12:50:51,176 INFO: Twist setup complete.
2022-01-01 12:50:51,176 INFO: Searching for rational points on each twist...
2022-01-01 12:50:51,933 INFO: Finished searching for rational points on each twist.
2022-01-01 12:50:51,933 INFO: Testing local solvability of twists...
2022-01-01 12:50:56,126 INFO: Finished local solvability testing.
2022-01-01 12:50:56,128 INFO: Computing elliptic curve a-invariants...
2022-01-01 12:51:01,143 INFO: Finished computation of a-invariants.
2022-01-01 12:51:01,145 INFO: Skipped MW computation because no base point (delta = ['20', '-101', '178', '-61', '60', '20'])
2022-01-01 12:51:01,145 INFO: Computing MW group (delta = ['1'], g = [1, -5, 9, -3, 3, 1])...
2022-01-03 13:14:57,000 INFO: Obsolete "loc_solv_error" keys removed.
2022-01-10 22:39:07,698 INFO: Loaded curve data from file.
2022-01-10 22:39:07,698 INFO: Reducing MW generators...
2022-01-10 22:39:07,698 INFO: Finished reducing MW generators.
2022-01-10 22:39:07,700 INFO: Skipped Chabauty because no base point (delta = ['20', '-101', '178', '-61', '60', '20'])
2022-01-10 22:39:07,700 INFO: Skipped Chabauty because MW generators haven't been computed. (delta = ['1'], g = [1, -5, 9, -3, 3, 1])
2022-01-10 22:39:07,700 INFO: Skipped Chabauty because MW generators haven't been computed. (delta = ['0', '-6', '9', '-3', '3', '1'], g = [1, -5, 9, -3, 3, 1])
2022-01-10 22:39:07,700 INFO: Skipped Chabauty because MW generators haven't been computed. (delta = ['1', '-4', '10', '-3', '3', '1'], g = [1, -5, 9, -3, 3, 1])
2022-01-10 22:39:07,752 INFO: Tasks complete. Recording data and exiting.
