2022-01-11 15:19:07,219 INFO: Initialized curve data.
2022-01-11 15:19:07,223 INFO: Setting up initial twist data...
2022-01-11 15:19:08,436 INFO: Twist setup complete.
2022-01-11 15:19:08,436 INFO: Searching for rational points on each twist...
2022-01-11 15:19:10,723 INFO: Finished searching for rational points on each twist.
2022-01-11 15:19:10,724 INFO: Testing local solvability of twists...
2022-01-11 15:19:10,729 INFO: Finished local solvability testing.
2022-01-11 15:19:10,730 INFO: Computing elliptic curve a-invariants...
2022-01-11 15:19:23,215 INFO: Finished computation of a-invariants.
2022-01-11 15:19:23,216 INFO: Computing MW group (delta = ['1', '-8', '6', '1', '-5', '1'], g = [1, -9, 5, 1, -5, 1])...
2022-01-11 15:23:08,400 INFO: Finished MW computation (delta = ['1', '-8', '6', '1', '-5', '1'], g = [1, -9, 5, 1, -5, 1])
2022-01-11 15:23:08,403 INFO: Computing MW group (delta = ['0', '-10', '5', '1', '-5', '1'], g = [1, -9, 5, 1, -5, 1])...
2022-01-11 15:31:05,145 INFO: Finished MW computation (delta = ['0', '-10', '5', '1', '-5', '1'], g = [1, -9, 5, 1, -5, 1])
2022-01-11 15:31:05,148 INFO: Computing MW group (delta = ['8', '-73', '38', '7', '-40', '8'], g = [1, -9, 5, 1, -5, 1])...
2022-01-11 15:31:54,855 INFO: Finished MW computation (delta = ['8', '-73', '38', '7', '-40', '8'], g = [1, -9, 5, 1, -5, 1])
2022-01-11 15:31:54,857 INFO: Computing MW group (delta = ['1'], g = [1, -9, 5, 1, -5, 1])...
2022-01-11 15:33:29,952 INFO: Finished MW computation (delta = ['1'], g = [1, -9, 5, 1, -5, 1])
2022-01-11 15:33:29,956 INFO: Reducing MW generators...
2022-01-11 15:33:33,792 INFO: Finished reducing MW generators.
2022-01-11 15:33:33,794 INFO: Tasks complete. Recording data and exiting.
2022-01-14 09:07:46,117 INFO: Loaded curve data from file.
2022-01-14 09:07:46,118 INFO: Running elliptic Chabauty (delta = ['1', '-8', '6', '1', '-5', '1'], g = [1, -9, 5, 1, -5, 1])...
2022-01-14 09:08:03,612 INFO: Chabauty completed successfully (delta = ['1', '-8', '6', '1', '-5', '1'], g = [1, -9, 5, 1, -5, 1]).
2022-01-14 09:08:03,706 INFO: Running elliptic Chabauty (delta = ['0', '-10', '5', '1', '-5', '1'], g = [1, -9, 5, 1, -5, 1])...
2022-01-14 09:08:27,629 INFO: Chabauty completed successfully (delta = ['0', '-10', '5', '1', '-5', '1'], g = [1, -9, 5, 1, -5, 1]).
2022-01-14 09:08:27,631 INFO: Skipped Chabauty because MW group hasn't been provably computed. (delta = ['8', '-73', '38', '7', '-40', '8'], g = [1, -9, 5, 1, -5, 1])
2022-01-14 09:08:27,631 INFO: Running elliptic Chabauty (delta = ['1'], g = [1, -9, 5, 1, -5, 1])...
2022-01-14 09:08:50,788 INFO: Chabauty completed successfully (delta = ['1'], g = [1, -9, 5, 1, -5, 1]).
2022-01-14 09:08:50,910 INFO: Tasks complete. Recording data and exiting.
