2022-01-11 12:29:13,859 INFO: Initialized curve data.
2022-01-11 12:29:13,861 INFO: Setting up initial twist data...
2022-01-11 12:29:14,997 INFO: Twist setup complete.
2022-01-11 12:29:14,997 INFO: Searching for rational points on each twist...
2022-01-11 12:29:18,008 INFO: Finished searching for rational points on each twist.
2022-01-11 12:29:18,009 INFO: Testing local solvability of twists...
2022-01-11 12:29:29,047 INFO: Finished local solvability testing.
2022-01-11 12:29:29,049 INFO: Computing elliptic curve a-invariants...
2022-01-11 12:29:35,000 INFO: Finished computation of a-invariants.
2022-01-11 12:29:35,529 INFO: Skipped MW computation because no base point (delta = ['108', '-243', '288', '-46', '-36', '9'])
2022-01-11 12:29:35,530 INFO: Computing MW group (delta = ['-1296', '1944', '-1305', '-1620', '163', '162'], g = [3, 1])...
2022-01-11 12:29:38,828 INFO: Finished MW computation (delta = ['-1296', '1944', '-1305', '-1620', '163', '162'], g = [3, 1])
2022-01-11 12:29:38,831 INFO: Computing MW group (delta = ['-1296', '1944', '-1305', '-1620', '163', '162'], g = [-4, 8, -8, -1, 1])...
2022-01-11 13:32:13,532 INFO: Finished MW computation (delta = ['-1296', '1944', '-1305', '-1620', '163', '162'], g = [-4, 8, -8, -1, 1])
2022-01-11 13:32:13,546 INFO: Computing MW group (delta = ['36', '-69', '73', '9', '-9'], g = [3, 1])...
2022-01-11 13:32:13,827 INFO: Finished MW computation (delta = ['36', '-69', '73', '9', '-9'], g = [3, 1])
2022-01-11 13:32:13,830 INFO: Computing MW group (delta = ['36', '-69', '73', '9', '-9'], g = [-4, 8, -8, -1, 1])...
2022-01-11 13:32:17,914 INFO: Finished MW computation (delta = ['36', '-69', '73', '9', '-9'], g = [-4, 8, -8, -1, 1])
2022-01-11 13:32:17,917 INFO: Skipped MW computation because no base point (delta = ['3', '-1'])
2022-01-11 13:32:17,917 INFO: Computing MW group (delta = ['-432', '684', '-507', '-469', '63', '45'], g = [3, 1])...
2022-01-11 13:32:18,194 INFO: Finished MW computation (delta = ['-432', '684', '-507', '-469', '63', '45'], g = [3, 1])
2022-01-11 13:32:18,197 INFO: Computing MW group (delta = ['-432', '684', '-507', '-469', '63', '45'], g = [-4, 8, -8, -1, 1])...
2022-01-11 13:33:01,922 INFO: Finished MW computation (delta = ['-432', '684', '-507', '-469', '63', '45'], g = [-4, 8, -8, -1, 1])
2022-01-11 13:33:01,926 INFO: Unable to use elliptic Chabauty on twist (delta = ['-432', '684', '-507', '-469', '63', '45'])
2022-01-11 13:33:01,929 INFO: Obstruction found to provably computing rational points. Exiting.
