2022-01-12 12:17:55,459 INFO: Initialized curve data.
2022-01-12 12:17:55,463 INFO: Setting up initial twist data...
2022-01-12 12:17:56,587 INFO: Twist setup complete.
2022-01-12 12:17:56,587 INFO: Searching for rational points on each twist...
2022-01-12 12:17:58,483 INFO: Finished searching for rational points on each twist.
2022-01-12 12:17:58,483 INFO: Testing local solvability of twists...
2022-01-12 12:17:58,491 INFO: Finished local solvability testing.
2022-01-12 12:17:58,492 INFO: Computing elliptic curve a-invariants...
2022-01-12 12:18:06,595 INFO: Finished computation of a-invariants.
2022-01-12 12:18:06,597 INFO: Computing MW group (delta = ['2', '-1/2', '-25', '93/2', '-18', '2'], g = [4, 0, -52, 93, -36, 4])...
2022-01-12 12:19:55,427 INFO: Finished MW computation (delta = ['2', '-1/2', '-25', '93/2', '-18', '2'], g = [4, 0, -52, 93, -36, 4])
2022-01-12 12:19:55,429 INFO: Computing MW group (delta = ['8', '0', '-207/2', '185', '-72', '8'], g = [4, 0, -52, 93, -36, 4])...
2022-01-14 11:32:18,861 INFO: Loaded curve data from file.
2022-01-14 11:32:18,862 INFO: Reducing MW generators...
2022-01-14 11:32:18,893 INFO: Finished reducing MW generators.
2022-01-14 11:32:18,896 INFO: Skipped Chabauty because MW group hasn't been provably computed. (delta = ['2', '-1/2', '-25', '93/2', '-18', '2'], g = [4, 0, -52, 93, -36, 4])
2022-01-14 11:32:18,896 INFO: Skipped Chabauty because MW generators haven't been computed. (delta = ['8', '0', '-207/2', '185', '-72', '8'], g = [4, 0, -52, 93, -36, 4])
2022-01-14 11:32:18,896 INFO: Skipped Chabauty because MW generators haven't been computed. (delta = ['4', '-1', '-52', '93', '-36', '4'], g = [4, 0, -52, 93, -36, 4])
2022-01-14 11:32:18,896 INFO: Skipped Chabauty because MW generators haven't been computed. (delta = ['1'], g = [4, 0, -52, 93, -36, 4])
2022-01-14 11:32:18,898 INFO: Tasks complete. Recording data and exiting.
2022-02-12 17:04:37,612 INFO: Loaded curve data from file.
2022-02-12 17:04:37,612 INFO: Computing elliptic Chabauty map... (delta = ['2', '-1/2', '-25', '93/2', '-18', '2'], g = [4, 0, -52, 93, -36, 4])
2022-02-12 17:04:50,999 INFO: Elliptic Chabauty map computed. (delta = ['2', '-1/2', '-25', '93/2', '-18', '2'], g = [4, 0, -52, 93, -36, 4])
2022-02-12 17:04:51,001 INFO: Computing elliptic Chabauty map... (delta = ['8', '0', '-207/2', '185', '-72', '8'], g = [4, 0, -52, 93, -36, 4])
2022-02-12 17:05:04,306 INFO: Elliptic Chabauty map computed. (delta = ['8', '0', '-207/2', '185', '-72', '8'], g = [4, 0, -52, 93, -36, 4])
2022-02-12 17:05:04,308 INFO: Computing elliptic Chabauty map... (delta = ['4', '-1', '-52', '93', '-36', '4'], g = [4, 0, -52, 93, -36, 4])
2022-02-12 17:05:17,553 INFO: Elliptic Chabauty map computed. (delta = ['4', '-1', '-52', '93', '-36', '4'], g = [4, 0, -52, 93, -36, 4])
2022-02-12 17:05:17,555 INFO: Computing elliptic Chabauty map... (delta = ['1'], g = [4, 0, -52, 93, -36, 4])
2022-02-12 17:05:30,981 INFO: Elliptic Chabauty map computed. (delta = ['1'], g = [4, 0, -52, 93, -36, 4])
2022-02-12 17:05:30,983 INFO: Tasks complete. Recording data and exiting.
