2022-01-11 15:10:16,427 INFO: Initialized curve data.
2022-01-11 15:10:16,429 INFO: Setting up initial twist data...
2022-01-11 15:10:17,494 INFO: Twist setup complete.
2022-01-11 15:10:17,494 INFO: Searching for rational points on each twist...
2022-01-11 15:10:19,083 INFO: Finished searching for rational points on each twist.
2022-01-11 15:10:19,083 INFO: Testing local solvability of twists...
2022-01-11 15:10:19,980 INFO: Finished local solvability testing.
2022-01-11 15:10:19,981 INFO: Computing elliptic curve a-invariants...
2022-01-11 15:10:31,038 INFO: Finished computation of a-invariants.
2022-01-11 15:10:31,040 INFO: Skipped MW computation because no base point (delta = ['-1', '0', '1'])
2022-01-11 15:10:31,040 INFO: Computing MW group (delta = ['1'], g = [-12, 0, 20, -4, -8, 3])...
2022-01-11 15:16:23,724 INFO: Finished MW computation (delta = ['1'], g = [-12, 0, 20, -4, -8, 3])
2022-01-11 15:16:23,729 INFO: Computing MW group (delta = ['-12', '1', '19', '-5', '-7', '3'], g = [-12, 0, 20, -4, -8, 3])...
2022-01-11 15:21:07,054 INFO: Finished MW computation (delta = ['-12', '1', '19', '-5', '-7', '3'], g = [-12, 0, 20, -4, -8, 3])
2022-01-11 15:21:07,062 INFO: Computing MW group (delta = ['12', '-1', '-19', '4', '8', '-3'], g = [-12, 0, 20, -4, -8, 3])...
2022-01-14 09:07:32,460 INFO: Loaded curve data from file.
2022-01-14 09:07:32,460 INFO: Reducing MW generators...
2022-01-14 09:07:33,211 INFO: Finished reducing MW generators.
2022-01-14 09:07:33,216 INFO: Skipped Chabauty because no base point (delta = ['-1', '0', '1'])
2022-01-14 09:07:33,216 INFO: Running elliptic Chabauty (delta = ['1'], g = [-12, 0, 20, -4, -8, 3])...
2022-01-14 09:07:48,053 INFO: Chabauty completed successfully (delta = ['1'], g = [-12, 0, 20, -4, -8, 3]).
2022-01-14 09:07:48,075 INFO: Skipped Chabauty because MW group hasn't been provably computed. (delta = ['-12', '1', '19', '-5', '-7', '3'], g = [-12, 0, 20, -4, -8, 3])
2022-01-14 09:07:48,075 INFO: Skipped Chabauty because MW generators haven't been computed. (delta = ['12', '-1', '-19', '4', '8', '-3'], g = [-12, 0, 20, -4, -8, 3])
2022-01-14 09:07:48,149 INFO: Tasks complete. Recording data and exiting.
