2022-01-11 12:29:26,252 INFO: Initialized curve data.
2022-01-11 12:29:26,256 INFO: Setting up initial twist data...
2022-01-11 12:29:27,376 INFO: Twist setup complete.
2022-01-11 12:29:27,376 INFO: Searching for rational points on each twist...
2022-01-11 12:29:29,433 INFO: Finished searching for rational points on each twist.
2022-01-11 12:29:29,433 INFO: Testing local solvability of twists...
2022-01-11 12:29:29,438 INFO: Finished local solvability testing.
2022-01-11 12:29:29,439 INFO: Computing elliptic curve a-invariants...
2022-01-11 12:29:50,975 INFO: Finished computation of a-invariants.
2022-01-11 12:29:50,977 INFO: Computing MW group (delta = ['1', '2', '-15', '16', '8', '-8'], g = [-1, -1, 8, -8, -4, 4])...
2022-01-11 12:30:20,088 INFO: Finished MW computation (delta = ['1', '2', '-15', '16', '8', '-8'], g = [-1, -1, 8, -8, -4, 4])
2022-01-11 12:30:20,092 INFO: Computing MW group (delta = ['-16', '-17', '127', '-127', '-63', '64'], g = [-1, -1, 8, -8, -4, 4])...
2022-01-11 12:30:53,323 INFO: Finished MW computation (delta = ['-16', '-17', '127', '-127', '-63', '64'], g = [-1, -1, 8, -8, -4, 4])
2022-01-11 12:30:53,326 INFO: Computing MW group (delta = ['1'], g = [-1, -1, 8, -8, -4, 4])...
2022-01-11 12:31:32,484 INFO: Finished MW computation (delta = ['1'], g = [-1, -1, 8, -8, -4, 4])
2022-01-11 12:31:32,486 INFO: Computing MW group (delta = ['1', '2', '-7', '8', '4', '-4'], g = [-1, -1, 8, -8, -4, 4])...
2022-01-11 12:31:45,938 INFO: Finished MW computation (delta = ['1', '2', '-7', '8', '4', '-4'], g = [-1, -1, 8, -8, -4, 4])
2022-01-11 12:31:45,941 INFO: Reducing MW generators...
2022-01-11 12:31:50,618 INFO: Finished reducing MW generators.
2022-01-11 12:31:50,620 INFO: Tasks complete. Recording data and exiting.
2022-01-13 17:36:49,974 INFO: Loaded curve data from file.
2022-01-13 17:36:49,975 INFO: Running elliptic Chabauty (delta = ['1', '2', '-15', '16', '8', '-8'], g = [-1, -1, 8, -8, -4, 4])...
2022-01-13 17:37:02,666 INFO: Chabauty completed successfully (delta = ['1', '2', '-15', '16', '8', '-8'], g = [-1, -1, 8, -8, -4, 4]).
2022-01-13 17:37:02,668 INFO: Running elliptic Chabauty (delta = ['-16', '-17', '127', '-127', '-63', '64'], g = [-1, -1, 8, -8, -4, 4])...
2022-01-13 17:37:16,531 INFO: Chabauty completed successfully (delta = ['-16', '-17', '127', '-127', '-63', '64'], g = [-1, -1, 8, -8, -4, 4]).
2022-01-13 17:37:16,532 INFO: Running elliptic Chabauty (delta = ['1'], g = [-1, -1, 8, -8, -4, 4])...
2022-01-13 17:37:29,923 INFO: Chabauty completed successfully (delta = ['1'], g = [-1, -1, 8, -8, -4, 4]).
2022-01-13 17:37:29,925 INFO: Running elliptic Chabauty (delta = ['1', '2', '-7', '8', '4', '-4'], g = [-1, -1, 8, -8, -4, 4])...
2022-01-13 17:37:40,870 INFO: Chabauty completed successfully (delta = ['1', '2', '-7', '8', '4', '-4'], g = [-1, -1, 8, -8, -4, 4]).
2022-01-13 17:37:41,079 INFO: Rational points successfully computed.
2022-01-13 17:37:41,081 INFO: Tasks complete. Recording data and exiting.
