2022-01-12 12:22:04,969 INFO: Initialized curve data.
2022-01-12 12:22:04,975 INFO: Setting up initial twist data...
2022-01-12 12:22:06,357 INFO: Twist setup complete.
2022-01-12 12:22:06,357 INFO: Searching for rational points on each twist...
2022-01-12 12:22:09,398 INFO: Finished searching for rational points on each twist.
2022-01-12 12:22:09,399 INFO: Testing local solvability of twists...
2022-01-12 12:23:37,938 INFO: Finished local solvability testing.
2022-01-12 12:23:37,940 INFO: Computing elliptic curve a-invariants...
2022-01-12 12:23:41,176 INFO: Finished computation of a-invariants.
2022-01-12 12:23:41,177 INFO: Skipped MW computation because no base point (delta = ['2/3', '13/3', '55/3', '92/3', '41/3', '-11/3'])
2022-01-12 12:23:41,177 INFO: Skipped MW computation because no base point (delta = ['32/3', '2972/33', '8606/33', '10024/33', '3358/33', '-856/33'])
2022-01-12 12:23:41,177 INFO: Skipped MW computation because no base point (delta = ['-4/3', '-2', '38/3', '91/3', '44/3', '-11/3'])
2022-01-12 12:23:41,177 INFO: Computing MW group (delta = ['1'], g = [1, 1])...
2022-01-12 12:23:41,458 INFO: Finished MW computation (delta = ['1'], g = [1, 1])
2022-01-12 12:23:41,461 INFO: Computing MW group (delta = ['1'], g = [-8, -52, -92, -41, 11])...
2022-01-12 12:24:08,509 INFO: Finished MW computation (delta = ['1'], g = [-8, -52, -92, -41, 11])
2022-01-12 12:24:08,512 INFO: Skipped MW computation because no base point (delta = ['-2', '-2', '1'])
2022-01-12 12:24:08,512 INFO: Computing MW group (delta = ['-8', '-51', '-91', '-41', '11'], g = [1, 1])...
2022-01-12 12:24:08,879 INFO: Finished MW computation (delta = ['-8', '-51', '-91', '-41', '11'], g = [1, 1])
2022-01-12 12:24:08,881 INFO: Computing MW group (delta = ['-8', '-51', '-91', '-41', '11'], g = [-8, -52, -92, -41, 11])...
2022-01-12 12:24:17,398 INFO: Finished MW computation (delta = ['-8', '-51', '-91', '-41', '11'], g = [-8, -52, -92, -41, 11])
2022-01-12 12:24:17,401 INFO: Computing MW group (delta = ['-16/3', '-86/3', '-73/3', '110/3', '107/3', '-22/3'], g = [1, 1])...
2022-01-12 12:24:17,657 INFO: Finished MW computation (delta = ['-16/3', '-86/3', '-73/3', '110/3', '107/3', '-22/3'], g = [1, 1])
2022-01-12 12:24:17,659 INFO: Computing MW group (delta = ['-16/3', '-86/3', '-73/3', '110/3', '107/3', '-22/3'], g = [-8, -52, -92, -41, 11])...
2022-01-12 12:24:28,694 INFO: Finished MW computation (delta = ['-16/3', '-86/3', '-73/3', '110/3', '107/3', '-22/3'], g = [-8, -52, -92, -41, 11])
2022-01-12 12:24:28,698 INFO: Skipped MW computation because no base point (delta = ['16', '126', '336', '357', '102', '-33'])
2022-01-12 12:24:28,700 INFO: Reducing MW generators...
2022-01-12 12:24:30,828 INFO: Finished reducing MW generators.
2022-01-12 12:24:30,830 INFO: Tasks complete. Recording data and exiting.
2022-01-14 11:32:26,764 INFO: Loaded curve data from file.
2022-01-14 11:32:26,764 INFO: Skipped Chabauty because no base point (delta = ['2/3', '13/3', '55/3', '92/3', '41/3', '-11/3'])
2022-01-14 11:32:26,765 INFO: Skipped Chabauty because no base point (delta = ['32/3', '2972/33', '8606/33', '10024/33', '3358/33', '-856/33'])
2022-01-14 11:32:26,765 INFO: Skipped Chabauty because no base point (delta = ['-4/3', '-2', '38/3', '91/3', '44/3', '-11/3'])
2022-01-14 11:32:26,765 INFO: Skipped Chabauty because rank >= degree(g). (delta = ['1'], g = [1, 1])
2022-01-14 11:32:26,765 INFO: Skipped Chabauty because MW group hasn't been provably computed. (delta = ['1'], g = [-8, -52, -92, -41, 11])
2022-01-14 11:32:26,765 INFO: Skipped Chabauty because no base point (delta = ['-2', '-2', '1'])
2022-01-14 11:32:26,765 INFO: Skipped Chabauty because rank >= degree(g). (delta = ['-8', '-51', '-91', '-41', '11'], g = [1, 1])
2022-01-14 11:32:26,765 INFO: Running elliptic Chabauty (delta = ['-8', '-51', '-91', '-41', '11'], g = [-8, -52, -92, -41, 11])...
2022-01-14 11:32:36,487 INFO: Chabauty completed successfully (delta = ['-8', '-51', '-91', '-41', '11'], g = [-8, -52, -92, -41, 11]).
2022-01-14 11:32:36,492 INFO: Skipped Chabauty because rank >= degree(g). (delta = ['-16/3', '-86/3', '-73/3', '110/3', '107/3', '-22/3'], g = [1, 1])
2022-01-14 11:32:36,492 INFO: Running elliptic Chabauty (delta = ['-16/3', '-86/3', '-73/3', '110/3', '107/3', '-22/3'], g = [-8, -52, -92, -41, 11])...
2022-01-14 11:32:47,651 INFO: Chabauty completed successfully (delta = ['-16/3', '-86/3', '-73/3', '110/3', '107/3', '-22/3'], g = [-8, -52, -92, -41, 11]).
2022-01-14 11:32:47,654 INFO: Skipped Chabauty because no base point (delta = ['16', '126', '336', '357', '102', '-33'])
2022-01-14 11:32:47,874 INFO: Tasks complete. Recording data and exiting.
