2022-01-11 15:10:13,236 INFO: Initialized curve data.
2022-01-11 15:10:13,238 INFO: Setting up initial twist data...
2022-01-11 15:10:14,856 INFO: Twist setup complete.
2022-01-11 15:10:14,857 INFO: Searching for rational points on each twist...
2022-01-11 15:10:16,602 INFO: Finished searching for rational points on each twist.
2022-01-11 15:10:16,603 INFO: Testing local solvability of twists...
2022-01-11 15:10:34,869 INFO: Finished local solvability testing.
2022-01-11 15:10:34,871 INFO: Computing elliptic curve a-invariants...
2022-01-11 15:11:00,165 INFO: Finished computation of a-invariants.
2022-01-11 15:11:00,167 INFO: Skipped MW computation because no base point (delta = ['-1', '-1', '1'])
2022-01-11 15:11:00,167 INFO: Computing MW group (delta = ['1'], g = [4, 13, -6, -17, 2, 5])...
2022-01-11 15:12:06,855 INFO: Finished MW computation (delta = ['1'], g = [4, 13, -6, -17, 2, 5])
2022-01-11 15:12:06,859 INFO: Skipped MW computation because no base point (delta = ['-1', '1', '1'])
2022-01-11 15:12:06,859 INFO: Computing MW group (delta = ['1', '0', '-3', '0', '1'], g = [4, 13, -6, -17, 2, 5])...
2022-01-11 15:14:02,918 INFO: Finished MW computation (delta = ['1', '0', '-3', '0', '1'], g = [4, 13, -6, -17, 2, 5])
2022-01-11 15:14:02,923 INFO: Reducing MW generators...
2022-01-11 15:14:05,102 INFO: Finished reducing MW generators.
2022-01-11 15:14:05,104 INFO: Tasks complete. Recording data and exiting.
2022-01-14 09:07:24,245 INFO: Loaded curve data from file.
2022-01-14 09:07:24,245 INFO: Skipped Chabauty because no base point (delta = ['-1', '-1', '1'])
2022-01-14 09:07:24,246 INFO: Running elliptic Chabauty (delta = ['1'], g = [4, 13, -6, -17, 2, 5])...
2022-01-14 09:07:45,333 INFO: Chabauty completed successfully (delta = ['1'], g = [4, 13, -6, -17, 2, 5]).
2022-01-14 09:07:45,335 INFO: Skipped Chabauty because no base point (delta = ['-1', '1', '1'])
2022-01-14 09:07:45,335 INFO: Running elliptic Chabauty (delta = ['1', '0', '-3', '0', '1'], g = [4, 13, -6, -17, 2, 5])...
2022-01-14 09:08:28,564 INFO: Chabauty completed successfully (delta = ['1', '0', '-3', '0', '1'], g = [4, 13, -6, -17, 2, 5]).
2022-01-14 09:08:28,765 INFO: Rational points successfully computed.
2022-01-14 09:08:28,767 INFO: Tasks complete. Recording data and exiting.
