2022-01-01 12:50:58,066 INFO: Initialized curve data.
2022-01-01 12:50:58,069 INFO: Setting up initial twist data...
2022-01-01 12:50:59,361 INFO: Twist setup complete.
2022-01-01 12:50:59,361 INFO: Searching for rational points on each twist...
2022-01-01 12:51:01,161 INFO: Finished searching for rational points on each twist.
2022-01-01 12:51:01,161 INFO: Testing local solvability of twists...
2022-01-01 12:51:25,528 INFO: Finished local solvability testing.
2022-01-01 12:51:25,532 INFO: Computing elliptic curve a-invariants...
2022-01-01 12:51:27,986 INFO: Finished computation of a-invariants.
2022-01-01 12:51:27,989 INFO: Computing MW group (delta = ['0', '6', '-3', '5', '3', '1'], g = [1, -1, 1])...
2022-01-01 12:51:30,619 INFO: Finished MW computation (delta = ['0', '6', '-3', '5', '3', '1'], g = [1, -1, 1])
2022-01-01 12:51:30,623 INFO: Computing MW group (delta = ['0', '6', '-3', '5', '3', '1'], g = [1, 8, 4, 1])...
2022-01-01 12:51:36,829 INFO: Finished MW computation (delta = ['0', '6', '-3', '5', '3', '1'], g = [1, 8, 4, 1])
2022-01-01 12:51:36,834 INFO: Skipped MW computation because no base point (delta = ['0', '-10', '-11', '-5', '-1'])
2022-01-01 12:51:36,834 INFO: Computing MW group (delta = ['-12', '-85', '34', '-61', '-36', '-12'], g = [1, -1, 1])...
2022-01-01 12:51:39,525 INFO: Finished MW computation (delta = ['-12', '-85', '34', '-61', '-36', '-12'], g = [1, -1, 1])
2022-01-01 12:51:39,530 INFO: Computing MW group (delta = ['-12', '-85', '34', '-61', '-36', '-12'], g = [1, 8, 4, 1])...
2022-01-01 12:51:53,858 INFO: Finished MW computation (delta = ['-12', '-85', '34', '-61', '-36', '-12'], g = [1, 8, 4, 1])
2022-01-01 12:51:53,864 INFO: Skipped MW computation because no base point (delta = ['4', '29', '-15', '-4', '1', '1'])
2022-01-01 12:51:53,865 INFO: Computing MW group (delta = ['-39', '-277', '98', '-159', '-97', '-34'], g = [1, -1, 1])...
2022-01-01 12:52:03,463 INFO: Finished MW computation (delta = ['-39', '-277', '98', '-159', '-97', '-34'], g = [1, -1, 1])
2022-01-01 12:52:03,468 INFO: Computing MW group (delta = ['-39', '-277', '98', '-159', '-97', '-34'], g = [1, 8, 4, 1])...
2022-01-01 12:52:09,053 INFO: Finished MW computation (delta = ['-39', '-277', '98', '-159', '-97', '-34'], g = [1, 8, 4, 1])
2022-01-01 12:52:09,060 INFO: Computing MW group (delta = ['1'], g = [1, -1, 1])...
2022-01-01 12:52:11,813 INFO: Finished MW computation (delta = ['1'], g = [1, -1, 1])
2022-01-01 12:52:11,818 INFO: Computing MW group (delta = ['1'], g = [1, 8, 4, 1])...
2022-01-01 12:52:23,641 INFO: Finished MW computation (delta = ['1'], g = [1, 8, 4, 1])
2022-01-01 12:52:23,647 INFO: Computing MW group (delta = ['1', '8', '-2', '5', '3', '1'], g = [1, -1, 1])...
2022-01-01 12:52:27,530 INFO: Finished MW computation (delta = ['1', '8', '-2', '5', '3', '1'], g = [1, -1, 1])
2022-01-01 12:52:27,536 INFO: Computing MW group (delta = ['1', '8', '-2', '5', '3', '1'], g = [1, 8, 4, 1])...
2022-01-01 12:52:36,847 INFO: Finished MW computation (delta = ['1', '8', '-2', '5', '3', '1'], g = [1, 8, 4, 1])
2022-01-01 12:52:36,854 INFO: Skipped MW computation because no base point (delta = ['3', '31', '12', '31', '15', '4'])
2022-01-01 12:52:36,859 INFO: Reducing MW generators...
2022-01-01 12:52:43,987 INFO: Finished reducing MW generators.
2022-01-01 12:52:43,993 INFO: Running elliptic Chabauty (delta = ['0', '6', '-3', '5', '3', '1'], g = [1, -1, 1])...
2022-01-03 13:14:58,000 INFO: Obsolete "loc_solv_error" keys removed.
2022-01-10 22:39:15,139 INFO: Loaded curve data from file.
2022-01-10 22:39:15,139 INFO: Skipped Chabauty because rank >= degree(g). (delta = ['0', '6', '-3', '5', '3', '1'], g = [1, -1, 1])
2022-01-10 22:39:15,139 INFO: Skipped Chabauty because rank >= degree(g). (delta = ['0', '6', '-3', '5', '3', '1'], g = [1, 8, 4, 1])
2022-01-10 22:39:15,139 INFO: Skipped Chabauty because no base point (delta = ['0', '-10', '-11', '-5', '-1'])
2022-01-10 22:39:15,139 INFO: Skipped Chabauty because rank >= degree(g). (delta = ['-12', '-85', '34', '-61', '-36', '-12'], g = [1, -1, 1])
2022-01-10 22:39:15,139 INFO: Running elliptic Chabauty (delta = ['-12', '-85', '34', '-61', '-36', '-12'], g = [1, 8, 4, 1])...
2022-01-10 22:39:28,765 INFO: Chabauty completed successfully (delta = ['-12', '-85', '34', '-61', '-36', '-12'], g = [1, 8, 4, 1]).
2022-01-10 22:39:28,769 INFO: Skipped Chabauty because no base point (delta = ['4', '29', '-15', '-4', '1', '1'])
2022-01-10 22:39:28,769 INFO: Skipped Chabauty because rank >= degree(g). (delta = ['-39', '-277', '98', '-159', '-97', '-34'], g = [1, -1, 1])
2022-01-10 22:39:28,769 INFO: Running elliptic Chabauty (delta = ['-39', '-277', '98', '-159', '-97', '-34'], g = [1, 8, 4, 1])...
2022-01-10 22:39:41,153 INFO: Chabauty completed successfully (delta = ['-39', '-277', '98', '-159', '-97', '-34'], g = [1, 8, 4, 1]).
2022-01-10 22:39:41,156 INFO: Skipped Chabauty because rank >= degree(g). (delta = ['1'], g = [1, -1, 1])
2022-01-10 22:39:41,156 INFO: Running elliptic Chabauty (delta = ['1'], g = [1, 8, 4, 1])...
2022-01-10 22:39:52,356 INFO: Chabauty completed successfully (delta = ['1'], g = [1, 8, 4, 1]).
2022-01-10 22:39:52,359 INFO: Skipped Chabauty because rank >= degree(g). (delta = ['1', '8', '-2', '5', '3', '1'], g = [1, -1, 1])
2022-01-10 22:39:52,359 INFO: Skipped Chabauty because rank >= degree(g). (delta = ['1', '8', '-2', '5', '3', '1'], g = [1, 8, 4, 1])
2022-01-10 22:39:52,359 INFO: Skipped Chabauty because no base point (delta = ['3', '31', '12', '31', '15', '4'])
2022-01-10 22:39:52,605 INFO: Tasks complete. Recording data and exiting.
2022-02-12 17:24:02,588 INFO: Loaded curve data from file.
2022-02-12 17:24:02,588 INFO: Computing elliptic Chabauty map... (delta = ['0', '6', '-3', '5', '3', '1'], g = [1, -1, 1])
2022-02-12 17:24:12,847 INFO: Elliptic Chabauty map computed. (delta = ['0', '6', '-3', '5', '3', '1'], g = [1, -1, 1])
2022-02-12 17:24:12,850 INFO: Computing elliptic Chabauty map... (delta = ['0', '6', '-3', '5', '3', '1'], g = [1, 8, 4, 1])
2022-02-12 17:24:23,290 INFO: Elliptic Chabauty map computed. (delta = ['0', '6', '-3', '5', '3', '1'], g = [1, 8, 4, 1])
2022-02-12 17:24:23,293 INFO: Computing elliptic Chabauty map... (delta = ['-12', '-85', '34', '-61', '-36', '-12'], g = [1, -1, 1])
2022-02-12 17:24:33,498 INFO: Elliptic Chabauty map computed. (delta = ['-12', '-85', '34', '-61', '-36', '-12'], g = [1, -1, 1])
2022-02-12 17:24:33,501 INFO: Computing elliptic Chabauty map... (delta = ['-12', '-85', '34', '-61', '-36', '-12'], g = [1, 8, 4, 1])
2022-02-12 17:24:44,033 INFO: Elliptic Chabauty map computed. (delta = ['-12', '-85', '34', '-61', '-36', '-12'], g = [1, 8, 4, 1])
2022-02-12 17:24:44,036 INFO: Computing elliptic Chabauty map... (delta = ['-39', '-277', '98', '-159', '-97', '-34'], g = [1, -1, 1])
2022-02-12 17:24:54,336 INFO: Elliptic Chabauty map computed. (delta = ['-39', '-277', '98', '-159', '-97', '-34'], g = [1, -1, 1])
2022-02-12 17:24:54,340 INFO: Computing elliptic Chabauty map... (delta = ['-39', '-277', '98', '-159', '-97', '-34'], g = [1, 8, 4, 1])
2022-02-12 17:25:04,954 INFO: Elliptic Chabauty map computed. (delta = ['-39', '-277', '98', '-159', '-97', '-34'], g = [1, 8, 4, 1])
2022-02-12 17:25:04,958 INFO: Computing elliptic Chabauty map... (delta = ['1'], g = [1, -1, 1])
2022-02-12 17:25:15,322 INFO: Elliptic Chabauty map computed. (delta = ['1'], g = [1, -1, 1])
2022-02-12 17:25:15,326 INFO: Computing elliptic Chabauty map... (delta = ['1'], g = [1, 8, 4, 1])
2022-02-12 17:25:25,850 INFO: Elliptic Chabauty map computed. (delta = ['1'], g = [1, 8, 4, 1])
2022-02-12 17:25:25,854 INFO: Computing elliptic Chabauty map... (delta = ['1', '8', '-2', '5', '3', '1'], g = [1, -1, 1])
2022-02-12 17:25:36,095 INFO: Elliptic Chabauty map computed. (delta = ['1', '8', '-2', '5', '3', '1'], g = [1, -1, 1])
2022-02-12 17:25:36,101 INFO: Computing elliptic Chabauty map... (delta = ['1', '8', '-2', '5', '3', '1'], g = [1, 8, 4, 1])
2022-02-12 17:25:46,562 INFO: Elliptic Chabauty map computed. (delta = ['1', '8', '-2', '5', '3', '1'], g = [1, 8, 4, 1])
2022-02-12 17:25:46,568 INFO: Tasks complete. Recording data and exiting.
