2022-01-11 12:29:26,653 INFO: Initialized curve data.
2022-01-11 12:29:26,656 INFO: Setting up initial twist data...
2022-01-11 12:29:27,816 INFO: Twist setup complete.
2022-01-11 12:29:27,816 INFO: Searching for rational points on each twist...
2022-01-11 12:29:29,447 INFO: Finished searching for rational points on each twist.
2022-01-11 12:29:29,447 INFO: Testing local solvability of twists...
2022-01-11 12:29:29,452 INFO: Finished local solvability testing.
2022-01-11 12:29:29,453 INFO: Computing elliptic curve a-invariants...
2022-01-11 12:29:42,416 INFO: Finished computation of a-invariants.
2022-01-11 12:29:42,417 INFO: Computing MW group (delta = ['2', '3', '1'], g = [-16, -65, -56, -2, 12, 3])...
2022-01-11 12:30:29,196 INFO: Finished MW computation (delta = ['2', '3', '1'], g = [-16, -65, -56, -2, 12, 3])
2022-01-11 12:30:29,199 INFO: Computing MW group (delta = ['-32', '-128', '-111', '-4', '24', '6'], g = [-16, -65, -56, -2, 12, 3])...
2022-01-11 12:31:02,735 INFO: Finished MW computation (delta = ['-32', '-128', '-111', '-4', '24', '6'], g = [-16, -65, -56, -2, 12, 3])
2022-01-11 12:31:02,736 INFO: Computing MW group (delta = ['1'], g = [-16, -65, -56, -2, 12, 3])...
2022-01-11 12:33:25,521 INFO: Finished MW computation (delta = ['1'], g = [-16, -65, -56, -2, 12, 3])
2022-01-11 12:33:25,524 INFO: Computing MW group (delta = ['-64', '-256', '-216', '-3', '49', '12'], g = [-16, -65, -56, -2, 12, 3])...
2022-01-11 12:34:07,264 INFO: Finished MW computation (delta = ['-64', '-256', '-216', '-3', '49', '12'], g = [-16, -65, -56, -2, 12, 3])
2022-01-11 12:34:07,267 INFO: Reducing MW generators...
2022-01-11 12:34:10,768 INFO: Finished reducing MW generators.
2022-01-11 12:34:10,771 INFO: Tasks complete. Recording data and exiting.
