2022-02-01 12:30:11,913 INFO: Initialized curve data.
2022-02-01 12:30:11,920 INFO: Setting up initial twist data...
2022-02-01 12:30:13,065 INFO: Twist setup complete.
2022-02-01 12:30:13,065 INFO: Searching for rational points on each twist...
2022-02-01 12:30:14,784 INFO: Finished searching for rational points on each twist.
2022-02-01 12:30:14,784 INFO: Testing local solvability of twists...
2022-02-01 12:30:31,944 INFO: Finished local solvability testing.
2022-02-01 12:30:31,945 INFO: Computing elliptic curve a-invariants...
2022-02-01 12:30:37,212 INFO: Finished computation of a-invariants.
2022-02-01 12:30:37,214 INFO: Skipped MW computation because no base point (delta = ['2/9', '-17/18', '1'])
2022-02-01 12:30:37,214 INFO: Computing MW group (delta = ['2', '-1/2', '-25', '33/2', '91', '-207/2'], g = [-4, 0, 52, -33, -182, 207])...
2022-02-01 12:44:46,848 INFO: Finished MW computation (delta = ['2', '-1/2', '-25', '33/2', '91', '-207/2'], g = [-4, 0, 52, -33, -182, 207])
2022-02-01 12:44:46,850 INFO: Computing MW group (delta = ['1'], g = [-4, 0, 52, -33, -182, 207])...
2022-02-02 04:42:33,458 INFO: Loaded curve data from file.
2022-02-02 04:42:33,458 INFO: Reducing MW generators...
2022-02-02 04:42:33,618 INFO: Finished reducing MW generators.
2022-02-02 04:42:33,621 INFO: Skipped Chabauty because no base point (delta = ['2/9', '-17/18', '1'])
2022-02-02 04:42:33,621 INFO: Running elliptic Chabauty (delta = ['2', '-1/2', '-25', '33/2', '91', '-207/2'], g = [-4, 0, 52, -33, -182, 207])...
2022-02-02 04:42:44,083 INFO: Chabauty completed successfully (delta = ['2', '-1/2', '-25', '33/2', '91', '-207/2'], g = [-4, 0, 52, -33, -182, 207]).
2022-02-02 04:42:44,084 INFO: Skipped Chabauty because MW generators haven't been computed. (delta = ['1'], g = [-4, 0, 52, -33, -182, 207])
2022-02-02 04:42:44,084 INFO: Skipped Chabauty because MW generators haven't been computed. (delta = ['4/9', '-1/9', '-61/12', '20/9', '191/9', '-23'], g = [-4, 0, 52, -33, -182, 207])
2022-02-02 04:42:44,165 INFO: Tasks complete. Recording data and exiting.
