2022-02-01 12:30:31,172 INFO: Initialized curve data.
2022-02-01 12:30:31,179 INFO: Setting up initial twist data...
2022-02-01 12:30:32,319 INFO: Twist setup complete.
2022-02-01 12:30:32,319 INFO: Searching for rational points on each twist...
2022-02-01 12:30:34,635 INFO: Finished searching for rational points on each twist.
2022-02-01 12:30:34,635 INFO: Testing local solvability of twists...
2022-02-01 12:30:43,479 INFO: Finished local solvability testing.
2022-02-01 12:30:43,481 INFO: Computing elliptic curve a-invariants...
2022-02-01 12:30:52,618 INFO: Finished computation of a-invariants.
2022-02-01 12:30:52,620 INFO: Computing MW group (delta = ['-4', '-63', '-103', '-33', '24', '12'], g = [-4, -64, -104, -33, 24, 12])...
2022-02-01 12:35:39,006 INFO: Finished MW computation (delta = ['-4', '-63', '-103', '-33', '24', '12'], g = [-4, -64, -104, -33, 24, 12])
2022-02-01 12:35:39,012 INFO: Skipped MW computation because no base point (delta = ['-1', '0', '1'])
2022-02-01 12:35:39,013 INFO: Computing MW group (delta = ['4', '63', '103', '34', '-23', '-12'], g = [-4, -64, -104, -33, 24, 12])...
2022-02-01 12:38:20,524 INFO: Finished MW computation (delta = ['4', '63', '103', '34', '-23', '-12'], g = [-4, -64, -104, -33, 24, 12])
2022-02-01 12:38:20,528 INFO: Computing MW group (delta = ['1'], g = [-4, -64, -104, -33, 24, 12])...
2022-02-01 12:40:59,461 INFO: Finished MW computation (delta = ['1'], g = [-4, -64, -104, -33, 24, 12])
2022-02-01 12:40:59,469 INFO: Reducing MW generators...
2022-02-01 12:41:00,666 INFO: Finished reducing MW generators.
2022-02-01 12:41:00,669 INFO: Tasks complete. Recording data and exiting.
2022-02-02 04:48:15,353 INFO: Loaded curve data from file.
2022-02-02 04:48:15,354 INFO: Skipped Chabauty because MW group hasn't been provably computed. (delta = ['-4', '-63', '-103', '-33', '24', '12'], g = [-4, -64, -104, -33, 24, 12])
2022-02-02 04:48:15,354 INFO: Skipped Chabauty because no base point (delta = ['-1', '0', '1'])
2022-02-02 04:48:15,354 INFO: Skipped Chabauty because MW group hasn't been provably computed. (delta = ['4', '63', '103', '34', '-23', '-12'], g = [-4, -64, -104, -33, 24, 12])
2022-02-02 04:48:15,354 INFO: Skipped Chabauty because MW group hasn't been provably computed. (delta = ['1'], g = [-4, -64, -104, -33, 24, 12])
2022-02-02 04:48:15,405 INFO: Tasks complete. Recording data and exiting.
