2022-01-11 12:29:25,110 INFO: Initialized curve data.
2022-01-11 12:29:25,114 INFO: Setting up initial twist data...
2022-01-11 12:29:26,531 INFO: Twist setup complete.
2022-01-11 12:29:26,532 INFO: Searching for rational points on each twist...
2022-01-11 12:29:28,807 INFO: Finished searching for rational points on each twist.
2022-01-11 12:29:28,807 INFO: Testing local solvability of twists...
2022-01-11 12:29:28,814 INFO: Finished local solvability testing.
2022-01-11 12:29:28,816 INFO: Computing elliptic curve a-invariants...
2022-01-11 12:30:04,659 INFO: Finished computation of a-invariants.
2022-01-11 12:30:04,661 INFO: Computing MW group (delta = ['8', '-1', '-4', '-4', '0', '1'], g = [8, 0, -4, -4, 0, 1])...
2022-01-11 12:30:23,335 INFO: Finished MW computation (delta = ['8', '-1', '-4', '-4', '0', '1'], g = [8, 0, -4, -4, 0, 1])
2022-01-11 12:30:23,338 INFO: Computing MW group (delta = ['1', '-1'], g = [8, 0, -4, -4, 0, 1])...
2022-01-11 12:30:59,685 INFO: Finished MW computation (delta = ['1', '-1'], g = [8, 0, -4, -4, 0, 1])
2022-01-11 12:30:59,687 INFO: Computing MW group (delta = ['1'], g = [8, 0, -4, -4, 0, 1])...
2022-01-11 12:33:40,787 INFO: Finished MW computation (delta = ['1'], g = [8, 0, -4, -4, 0, 1])
2022-01-11 12:33:40,790 INFO: Computing MW group (delta = ['8', '-1', '-3', '-4', '0', '1'], g = [8, 0, -4, -4, 0, 1])...
2022-01-11 12:35:03,813 INFO: Finished MW computation (delta = ['8', '-1', '-3', '-4', '0', '1'], g = [8, 0, -4, -4, 0, 1])
2022-01-11 12:35:03,818 INFO: Reducing MW generators...
2022-01-11 12:35:10,314 INFO: Finished reducing MW generators.
2022-01-11 12:35:10,316 INFO: Tasks complete. Recording data and exiting.
