2022-01-13 21:55:04,722 INFO: Initialized curve data.
2022-01-13 21:55:04,726 INFO: Setting up initial twist data...
2022-01-13 21:55:06,037 INFO: Twist setup complete.
2022-01-13 21:55:06,038 INFO: Searching for rational points on each twist...
2022-01-13 21:55:08,263 INFO: Finished searching for rational points on each twist.
2022-01-13 21:55:08,264 INFO: Testing local solvability of twists...
2022-01-13 21:55:12,370 INFO: Finished local solvability testing.
2022-01-13 21:55:12,371 INFO: Computing elliptic curve a-invariants...
2022-01-13 21:55:20,774 INFO: Finished computation of a-invariants.
2022-01-13 21:55:20,776 INFO: Skipped MW computation because no base point (delta = ['1', '0', '1'])
2022-01-13 21:55:20,777 INFO: Computing MW group (delta = ['4', '-8', '12', '-11', '8', '1'], g = [4, -7, 12, -10, 8, 1])...
2022-01-13 21:58:27,115 INFO: Finished MW computation (delta = ['4', '-8', '12', '-11', '8', '1'], g = [4, -7, 12, -10, 8, 1])
2022-01-13 21:58:27,119 INFO: Computing MW group (delta = ['1'], g = [4, -7, 12, -10, 8, 1])...
2022-01-13 22:02:01,245 INFO: Finished MW computation (delta = ['1'], g = [4, -7, 12, -10, 8, 1])
2022-01-13 22:02:01,247 INFO: Computing MW group (delta = ['4', '-8', '12', '-10', '8', '1'], g = [4, -7, 12, -10, 8, 1])...
2022-01-13 22:06:03,662 INFO: Finished MW computation (delta = ['4', '-8', '12', '-10', '8', '1'], g = [4, -7, 12, -10, 8, 1])
2022-01-13 22:06:03,666 INFO: Reducing MW generators...
2022-01-13 22:06:05,804 INFO: Finished reducing MW generators.
2022-01-13 22:06:05,806 INFO: Tasks complete. Recording data and exiting.
2022-01-14 11:38:21,371 INFO: Loaded curve data from file.
2022-01-14 11:38:21,371 INFO: Skipped Chabauty because no base point (delta = ['1', '0', '1'])
2022-01-14 11:38:21,371 INFO: Skipped Chabauty because MW group hasn't been provably computed. (delta = ['4', '-8', '12', '-11', '8', '1'], g = [4, -7, 12, -10, 8, 1])
2022-01-14 11:38:21,372 INFO: Skipped Chabauty because MW group hasn't been provably computed. (delta = ['1'], g = [4, -7, 12, -10, 8, 1])
2022-01-14 11:38:21,372 INFO: Running elliptic Chabauty (delta = ['4', '-8', '12', '-10', '8', '1'], g = [4, -7, 12, -10, 8, 1])...
2022-01-14 11:38:37,735 INFO: Chabauty completed successfully (delta = ['4', '-8', '12', '-10', '8', '1'], g = [4, -7, 12, -10, 8, 1]).
2022-01-14 11:38:37,819 INFO: Tasks complete. Recording data and exiting.
2022-02-12 17:33:30,841 INFO: Loaded curve data from file.
2022-02-12 17:33:30,841 INFO: Computing elliptic Chabauty map... (delta = ['4', '-8', '12', '-11', '8', '1'], g = [4, -7, 12, -10, 8, 1])
2022-02-12 17:33:45,667 INFO: Elliptic Chabauty map computed. (delta = ['4', '-8', '12', '-11', '8', '1'], g = [4, -7, 12, -10, 8, 1])
2022-02-12 17:33:47,296 INFO: Computing elliptic Chabauty map... (delta = ['1'], g = [4, -7, 12, -10, 8, 1])
2022-02-12 17:34:01,553 INFO: Elliptic Chabauty map computed. (delta = ['1'], g = [4, -7, 12, -10, 8, 1])
2022-02-12 17:34:01,556 INFO: Computing elliptic Chabauty map... (delta = ['4', '-8', '12', '-10', '8', '1'], g = [4, -7, 12, -10, 8, 1])
2022-02-12 17:34:15,860 INFO: Elliptic Chabauty map computed. (delta = ['4', '-8', '12', '-10', '8', '1'], g = [4, -7, 12, -10, 8, 1])
2022-02-12 17:34:15,862 INFO: Tasks complete. Recording data and exiting.
