2022-01-13 21:54:58,095 INFO: Initialized curve data.
2022-01-13 21:54:58,098 INFO: Setting up initial twist data...
2022-01-13 21:54:59,272 INFO: Twist setup complete.
2022-01-13 21:54:59,273 INFO: Searching for rational points on each twist...
2022-01-13 21:55:01,600 INFO: Finished searching for rational points on each twist.
2022-01-13 21:55:01,600 INFO: Testing local solvability of twists...
2022-01-13 21:55:01,606 INFO: Finished local solvability testing.
2022-01-13 21:55:01,608 INFO: Computing elliptic curve a-invariants...
2022-01-13 21:55:10,076 INFO: Finished computation of a-invariants.
2022-01-13 21:55:10,078 INFO: Computing MW group (delta = ['4', '-1', '13', '-8', '0', '1'], g = [4, 0, 12, -8, 0, 1])...
2022-01-13 21:57:45,537 INFO: Finished MW computation (delta = ['4', '-1', '13', '-8', '0', '1'], g = [4, 0, 12, -8, 0, 1])
2022-01-13 21:57:45,540 INFO: Computing MW group (delta = ['16', '0', '49', '-33', '0', '4'], g = [4, 0, 12, -8, 0, 1])...
2022-01-13 21:59:56,042 INFO: Finished MW computation (delta = ['16', '0', '49', '-33', '0', '4'], g = [4, 0, 12, -8, 0, 1])
2022-01-13 21:59:56,045 INFO: Computing MW group (delta = ['1'], g = [4, 0, 12, -8, 0, 1])...
2022-01-13 22:02:43,109 INFO: Finished MW computation (delta = ['1'], g = [4, 0, 12, -8, 0, 1])
2022-01-13 22:02:43,112 INFO: Computing MW group (delta = ['4', '-1', '12', '-8', '0', '1'], g = [4, 0, 12, -8, 0, 1])...
2022-01-13 22:05:36,192 INFO: Finished MW computation (delta = ['4', '-1', '12', '-8', '0', '1'], g = [4, 0, 12, -8, 0, 1])
2022-01-13 22:05:36,196 INFO: Reducing MW generators...
2022-01-13 22:05:38,645 INFO: Finished reducing MW generators.
2022-01-13 22:05:38,647 INFO: Tasks complete. Recording data and exiting.
