2022-01-11 12:29:21,314 INFO: Initialized curve data.
2022-01-11 12:29:21,318 INFO: Setting up initial twist data...
2022-01-11 12:29:22,377 INFO: Twist setup complete.
2022-01-11 12:29:22,377 INFO: Searching for rational points on each twist...
2022-01-11 12:29:25,182 INFO: Finished searching for rational points on each twist.
2022-01-11 12:29:25,182 INFO: Testing local solvability of twists...
2022-01-11 12:29:25,187 INFO: Finished local solvability testing.
2022-01-11 12:29:25,188 INFO: Computing elliptic curve a-invariants...
2022-01-11 12:29:32,720 INFO: Finished computation of a-invariants.
2022-01-11 12:29:32,721 INFO: Computing MW group (delta = ['1', '2', '9', '4', '8', '4'], g = [1, 1, 8, 4, 8, 4])...
2022-01-11 12:30:59,236 INFO: Finished MW computation (delta = ['1', '2', '9', '4', '8', '4'], g = [1, 1, 8, 4, 8, 4])
2022-01-11 12:30:59,238 INFO: Computing MW group (delta = ['1', '1', '7', '3', '8', '4'], g = [1, 1, 8, 4, 8, 4])...
2022-01-11 12:34:12,567 INFO: Finished MW computation (delta = ['1', '1', '7', '3', '8', '4'], g = [1, 1, 8, 4, 8, 4])
2022-01-11 12:34:12,570 INFO: Computing MW group (delta = ['1'], g = [1, 1, 8, 4, 8, 4])...
2022-01-11 12:34:52,809 INFO: Finished MW computation (delta = ['1'], g = [1, 1, 8, 4, 8, 4])
2022-01-11 12:34:52,811 INFO: Computing MW group (delta = ['0', '-1'], g = [1, 1, 8, 4, 8, 4])...
2022-01-11 12:36:16,003 INFO: Finished MW computation (delta = ['0', '-1'], g = [1, 1, 8, 4, 8, 4])
2022-01-11 12:36:16,007 INFO: Reducing MW generators...
2022-01-11 12:36:19,374 INFO: Finished reducing MW generators.
2022-01-11 12:36:19,376 INFO: Tasks complete. Recording data and exiting.
