2022-01-11 12:29:25,691 INFO: Initialized curve data.
2022-01-11 12:29:25,695 INFO: Setting up initial twist data...
2022-01-11 12:29:26,781 INFO: Twist setup complete.
2022-01-11 12:29:26,781 INFO: Searching for rational points on each twist...
2022-01-11 12:29:28,401 INFO: Finished searching for rational points on each twist.
2022-01-11 12:29:28,401 INFO: Testing local solvability of twists...
2022-01-11 12:29:31,378 INFO: Finished local solvability testing.
2022-01-11 12:29:31,379 INFO: Computing elliptic curve a-invariants...
2022-01-11 12:29:36,642 INFO: Finished computation of a-invariants.
2022-01-11 12:29:36,644 INFO: Skipped MW computation because no base point (delta = ['-1', '-1'])
2022-01-11 12:29:36,644 INFO: Computing MW group (delta = ['4', '8', '6', '11', '2', '1'], g = [4, 9, 6, 11, 2, 1])...
2022-01-11 12:30:55,495 INFO: Finished MW computation (delta = ['4', '8', '6', '11', '2', '1'], g = [4, 9, 6, 11, 2, 1])
2022-01-11 12:30:55,499 INFO: Computing MW group (delta = ['1'], g = [4, 9, 6, 11, 2, 1])...
2022-01-11 12:32:27,824 INFO: Finished MW computation (delta = ['1'], g = [4, 9, 6, 11, 2, 1])
2022-01-11 12:32:27,830 INFO: Computing MW group (delta = ['-4', '-8', '-5', '-11', '-2', '-1'], g = [4, 9, 6, 11, 2, 1])...
2022-01-11 12:33:52,474 INFO: Finished MW computation (delta = ['-4', '-8', '-5', '-11', '-2', '-1'], g = [4, 9, 6, 11, 2, 1])
2022-01-11 12:33:52,479 INFO: Reducing MW generators...
2022-01-11 12:33:56,708 INFO: Finished reducing MW generators.
2022-01-11 12:33:56,711 INFO: Tasks complete. Recording data and exiting.
2022-01-13 17:36:57,139 INFO: Loaded curve data from file.
2022-01-13 17:36:57,139 INFO: Skipped Chabauty because no base point (delta = ['-1', '-1'])
2022-01-13 17:36:57,139 INFO: Running elliptic Chabauty (delta = ['4', '8', '6', '11', '2', '1'], g = [4, 9, 6, 11, 2, 1])...
2022-01-13 17:37:38,632 INFO: Chabauty completed successfully (delta = ['4', '8', '6', '11', '2', '1'], g = [4, 9, 6, 11, 2, 1]).
2022-01-13 17:37:38,634 INFO: Running elliptic Chabauty (delta = ['1'], g = [4, 9, 6, 11, 2, 1])...
2022-01-13 17:37:54,517 INFO: Chabauty completed successfully (delta = ['1'], g = [4, 9, 6, 11, 2, 1]).
2022-01-13 17:37:54,519 INFO: Running elliptic Chabauty (delta = ['-4', '-8', '-5', '-11', '-2', '-1'], g = [4, 9, 6, 11, 2, 1])...
2022-01-13 17:38:09,404 INFO: Chabauty completed successfully (delta = ['-4', '-8', '-5', '-11', '-2', '-1'], g = [4, 9, 6, 11, 2, 1]).
2022-01-13 17:38:09,641 INFO: Rational points successfully computed.
2022-01-13 17:38:09,643 INFO: Tasks complete. Recording data and exiting.
