2022-01-13 21:54:34,367 INFO: Initialized curve data.
2022-01-13 21:54:34,372 INFO: Setting up initial twist data...
2022-01-13 21:54:35,481 INFO: Twist setup complete.
2022-01-13 21:54:35,481 INFO: Searching for rational points on each twist...
2022-01-13 21:54:37,062 INFO: Finished searching for rational points on each twist.
2022-01-13 21:54:37,062 INFO: Testing local solvability of twists...
2022-01-13 21:55:10,264 INFO: Finished local solvability testing.
2022-01-13 21:55:10,266 INFO: Computing elliptic curve a-invariants...
2022-01-13 21:55:20,782 INFO: Finished computation of a-invariants.
2022-01-13 21:55:20,784 INFO: Computing MW group (delta = ['4', '-4', '10', '-13', '2', '1'], g = [4, -3, 10, -13, 2, 1])...
2022-01-13 21:56:23,356 INFO: Finished MW computation (delta = ['4', '-4', '10', '-13', '2', '1'], g = [4, -3, 10, -13, 2, 1])
2022-01-13 21:56:23,360 INFO: Computing MW group (delta = ['1'], g = [4, -3, 10, -13, 2, 1])...
2022-01-13 21:57:45,712 INFO: Finished MW computation (delta = ['1'], g = [4, -3, 10, -13, 2, 1])
2022-01-13 21:57:45,715 INFO: Skipped MW computation because no base point (delta = ['16', '-12', '41', '-53', '8', '4'])
2022-01-13 21:57:45,716 INFO: Computing MW group (delta = ['4', '-4', '11', '-13', '2', '1'], g = [4, -3, 10, -13, 2, 1])...
2022-01-13 21:58:42,838 INFO: Finished MW computation (delta = ['4', '-4', '11', '-13', '2', '1'], g = [4, -3, 10, -13, 2, 1])
2022-01-13 21:58:42,844 INFO: Reducing MW generators...
2022-01-13 21:58:44,963 INFO: Finished reducing MW generators.
2022-01-13 21:58:44,966 INFO: Tasks complete. Recording data and exiting.
2022-01-14 11:35:08,008 INFO: Loaded curve data from file.
2022-01-14 11:35:08,009 INFO: Skipped Chabauty because MW group hasn't been provably computed. (delta = ['4', '-4', '10', '-13', '2', '1'], g = [4, -3, 10, -13, 2, 1])
2022-01-14 11:35:08,009 INFO: Running elliptic Chabauty (delta = ['1'], g = [4, -3, 10, -13, 2, 1])...
2022-01-14 11:35:24,409 INFO: Chabauty completed successfully (delta = ['1'], g = [4, -3, 10, -13, 2, 1]).
2022-01-14 11:35:24,411 INFO: Skipped Chabauty because no base point (delta = ['16', '-12', '41', '-53', '8', '4'])
2022-01-14 11:35:24,411 INFO: Running elliptic Chabauty (delta = ['4', '-4', '11', '-13', '2', '1'], g = [4, -3, 10, -13, 2, 1])...
2022-01-14 11:35:42,384 INFO: Chabauty completed successfully (delta = ['4', '-4', '11', '-13', '2', '1'], g = [4, -3, 10, -13, 2, 1]).
2022-01-14 11:35:42,489 INFO: Tasks complete. Recording data and exiting.
