2022-01-01 12:50:37,821 INFO: Initialized curve data.
2022-01-01 12:50:37,825 INFO: Setting up initial twist data...
2022-01-01 12:50:39,058 INFO: Twist setup complete.
2022-01-01 12:50:39,059 INFO: Searching for rational points on each twist...
2022-01-01 12:50:40,010 INFO: Finished searching for rational points on each twist.
2022-01-01 12:50:40,011 INFO: Testing local solvability of twists...
2022-01-01 12:50:40,016 INFO: Finished local solvability testing.
2022-01-01 12:50:40,017 INFO: Computing elliptic curve a-invariants...
2022-01-01 12:51:01,070 INFO: Finished computation of a-invariants.
2022-01-01 12:51:01,071 INFO: Computing MW group (delta = ['1', '-1'], g = [8, 5, -8, -2, 0, 1])...
2022-01-01 12:52:17,233 INFO: Finished MW computation (delta = ['1', '-1'], g = [8, 5, -8, -2, 0, 1])
2022-01-01 12:52:17,238 INFO: Computing MW group (delta = ['8', '4', '-7', '-2', '0', '1'], g = [8, 5, -8, -2, 0, 1])...
2022-01-01 12:54:03,881 INFO: Finished MW computation (delta = ['8', '4', '-7', '-2', '0', '1'], g = [8, 5, -8, -2, 0, 1])
2022-01-01 12:54:03,884 INFO: Computing MW group (delta = ['1'], g = [8, 5, -8, -2, 0, 1])...
2022-01-01 12:55:42,102 INFO: Finished MW computation (delta = ['1'], g = [8, 5, -8, -2, 0, 1])
2022-01-01 12:55:42,104 INFO: Computing MW group (delta = ['8', '4', '-8', '-2', '0', '1'], g = [8, 5, -8, -2, 0, 1])...
2022-01-01 12:56:57,485 INFO: Finished MW computation (delta = ['8', '4', '-8', '-2', '0', '1'], g = [8, 5, -8, -2, 0, 1])
2022-01-01 12:56:57,490 INFO: Reducing MW generators...
2022-01-01 12:57:02,010 INFO: Finished reducing MW generators.
2022-01-01 12:57:02,012 INFO: Running elliptic Chabauty (delta = ['1', '-1'], g = [8, 5, -8, -2, 0, 1])...
2022-01-01 12:57:27,203 INFO: Chabauty completed successfully (delta = ['1', '-1'], g = [8, 5, -8, -2, 0, 1]).
2022-01-01 12:57:27,206 INFO: Running elliptic Chabauty (delta = ['8', '4', '-7', '-2', '0', '1'], g = [8, 5, -8, -2, 0, 1])...
2022-01-01 12:58:28,415 INFO: Chabauty completed successfully (delta = ['8', '4', '-7', '-2', '0', '1'], g = [8, 5, -8, -2, 0, 1]).
2022-01-01 12:58:28,417 INFO: Running elliptic Chabauty (delta = ['1'], g = [8, 5, -8, -2, 0, 1])...
2022-01-01 12:58:40,616 INFO: Chabauty completed successfully (delta = ['1'], g = [8, 5, -8, -2, 0, 1]).
2022-01-01 12:58:40,619 INFO: Running elliptic Chabauty (delta = ['8', '4', '-8', '-2', '0', '1'], g = [8, 5, -8, -2, 0, 1])...
2022-01-01 12:58:56,201 INFO: Chabauty completed successfully (delta = ['8', '4', '-8', '-2', '0', '1'], g = [8, 5, -8, -2, 0, 1]).
2022-01-01 12:58:56,430 INFO: Rational points successfully computed.
2022-01-01 12:58:56,432 INFO: Tasks complete. Recording data and exiting.
2022-01-03 13:14:58,000 INFO: Obsolete "loc_solv_error" keys removed.
2022-01-03 13:14:58,000 INFO: Deleted results of Chabauty computation.
