2022-01-11 15:35:22,861 INFO: Initialized curve data.
2022-01-11 15:35:22,866 INFO: Setting up initial twist data...
2022-01-11 15:35:24,015 INFO: Twist setup complete.
2022-01-11 15:35:24,015 INFO: Searching for rational points on each twist...
2022-01-11 15:35:25,671 INFO: Finished searching for rational points on each twist.
2022-01-11 15:35:25,672 INFO: Testing local solvability of twists...
2022-01-11 15:35:27,973 INFO: Finished local solvability testing.
2022-01-11 15:35:27,974 INFO: Computing elliptic curve a-invariants...
2022-01-11 15:35:35,022 INFO: Finished computation of a-invariants.
2022-01-11 15:35:35,024 INFO: Computing MW group (delta = ['8', '17', '13', '-1', '-2', '-1'], g = [-8, -16, -12, 1, 2, 1])...
2022-01-11 15:36:04,255 INFO: Finished MW computation (delta = ['8', '17', '13', '-1', '-2', '-1'], g = [-8, -16, -12, 1, 2, 1])
2022-01-11 15:36:04,257 INFO: Skipped MW computation because no base point (delta = ['-64', '-128', '-97', '7', '16', '8'])
2022-01-11 15:36:04,257 INFO: Computing MW group (delta = ['1'], g = [-8, -16, -12, 1, 2, 1])...
2022-01-11 15:36:47,691 INFO: Finished MW computation (delta = ['1'], g = [-8, -16, -12, 1, 2, 1])
2022-01-11 15:36:47,693 INFO: Computing MW group (delta = ['-8', '-17', '-12', '1', '2', '1'], g = [-8, -16, -12, 1, 2, 1])...
2022-01-11 15:38:16,800 INFO: Finished MW computation (delta = ['-8', '-17', '-12', '1', '2', '1'], g = [-8, -16, -12, 1, 2, 1])
2022-01-11 15:38:16,803 INFO: Reducing MW generators...
2022-01-11 15:38:19,277 INFO: Finished reducing MW generators.
2022-01-11 15:38:19,279 INFO: Tasks complete. Recording data and exiting.
2022-01-14 09:07:57,203 INFO: Loaded curve data from file.
2022-01-14 09:07:57,204 INFO: Running elliptic Chabauty (delta = ['8', '17', '13', '-1', '-2', '-1'], g = [-8, -16, -12, 1, 2, 1])...
2022-01-14 09:08:14,080 INFO: Chabauty completed successfully (delta = ['8', '17', '13', '-1', '-2', '-1'], g = [-8, -16, -12, 1, 2, 1]).
2022-01-14 09:08:14,083 INFO: Skipped Chabauty because no base point (delta = ['-64', '-128', '-97', '7', '16', '8'])
2022-01-14 09:08:14,083 INFO: Running elliptic Chabauty (delta = ['1'], g = [-8, -16, -12, 1, 2, 1])...
2022-01-14 09:08:33,777 INFO: Chabauty completed successfully (delta = ['1'], g = [-8, -16, -12, 1, 2, 1]).
2022-01-14 09:08:33,779 INFO: Running elliptic Chabauty (delta = ['-8', '-17', '-12', '1', '2', '1'], g = [-8, -16, -12, 1, 2, 1])...
2022-01-14 09:08:48,036 INFO: Chabauty completed successfully (delta = ['-8', '-17', '-12', '1', '2', '1'], g = [-8, -16, -12, 1, 2, 1]).
2022-01-14 09:08:48,248 INFO: Rational points successfully computed.
2022-01-14 09:08:48,250 INFO: Tasks complete. Recording data and exiting.
2022-02-12 17:07:42,561 INFO: Loaded curve data from file.
2022-02-12 17:07:42,561 INFO: Computing elliptic Chabauty map... (delta = ['8', '17', '13', '-1', '-2', '-1'], g = [-8, -16, -12, 1, 2, 1])
2022-02-12 17:07:56,771 INFO: Elliptic Chabauty map computed. (delta = ['8', '17', '13', '-1', '-2', '-1'], g = [-8, -16, -12, 1, 2, 1])
2022-02-12 17:07:56,774 INFO: Computing elliptic Chabauty map... (delta = ['1'], g = [-8, -16, -12, 1, 2, 1])
2022-02-12 17:08:10,787 INFO: Elliptic Chabauty map computed. (delta = ['1'], g = [-8, -16, -12, 1, 2, 1])
2022-02-12 17:08:10,790 INFO: Computing elliptic Chabauty map... (delta = ['-8', '-17', '-12', '1', '2', '1'], g = [-8, -16, -12, 1, 2, 1])
2022-02-12 17:08:24,550 INFO: Elliptic Chabauty map computed. (delta = ['-8', '-17', '-12', '1', '2', '1'], g = [-8, -16, -12, 1, 2, 1])
2022-02-12 17:08:24,553 INFO: Tasks complete. Recording data and exiting.
