2022-01-11 12:29:21,662 INFO: Initialized curve data.
2022-01-11 12:29:21,665 INFO: Setting up initial twist data...
2022-01-11 12:29:22,564 INFO: Twist setup complete.
2022-01-11 12:29:22,565 INFO: Searching for rational points on each twist...
2022-01-11 12:29:25,615 INFO: Finished searching for rational points on each twist.
2022-01-11 12:29:25,615 INFO: Testing local solvability of twists...
2022-01-11 12:29:43,262 INFO: Finished local solvability testing.
2022-01-11 12:29:43,263 INFO: Computing elliptic curve a-invariants...
2022-01-11 12:29:51,731 INFO: Finished computation of a-invariants.
2022-01-11 12:29:51,733 INFO: Computing MW group (delta = ['-16/3', '-86/3', '-121/3', '2', '67/3', '-2'], g = [1, 1])...
2022-01-11 12:29:52,079 INFO: Finished MW computation (delta = ['-16/3', '-86/3', '-121/3', '2', '67/3', '-2'], g = [1, 1])
2022-01-11 12:29:52,081 INFO: Computing MW group (delta = ['-16/3', '-86/3', '-121/3', '2', '67/3', '-2'], g = [8, 20, 4, -11, 1])...
2022-01-11 12:29:57,683 INFO: Finished MW computation (delta = ['-16/3', '-86/3', '-121/3', '2', '67/3', '-2'], g = [8, 20, 4, -11, 1])
2022-01-11 12:29:57,686 INFO: Skipped MW computation because no base point (delta = ['2/3', '13/3', '23/3', '4/3', '-11/3', '1/3'])
2022-01-11 12:29:57,686 INFO: Computing MW group (delta = ['8', '-5', '-58', '-24', '34', '-3'], g = [1, 1])...
2022-01-11 12:29:58,010 INFO: Finished MW computation (delta = ['8', '-5', '-58', '-24', '34', '-3'], g = [1, 1])
2022-01-11 12:29:58,012 INFO: Computing MW group (delta = ['8', '-5', '-58', '-24', '34', '-3'], g = [8, 20, 4, -11, 1])...
2022-01-11 12:30:18,027 INFO: Finished MW computation (delta = ['8', '-5', '-58', '-24', '34', '-3'], g = [8, 20, 4, -11, 1])
2022-01-11 12:30:18,031 INFO: Skipped MW computation because no base point (delta = ['16/3', '62/3', '21', '-13/3', '-31/3', '1'])
2022-01-11 12:30:18,031 INFO: Computing MW group (delta = ['1'], g = [1, 1])...
2022-01-11 12:30:18,256 INFO: Finished MW computation (delta = ['1'], g = [1, 1])
2022-01-11 12:30:18,258 INFO: Computing MW group (delta = ['1'], g = [8, 20, 4, -11, 1])...
2022-01-11 12:30:29,760 INFO: Finished MW computation (delta = ['1'], g = [8, 20, 4, -11, 1])
2022-01-11 12:30:29,763 INFO: Skipped MW computation because no base point (delta = ['-2/3', '-1'])
2022-01-11 12:30:29,763 INFO: Computing MW group (delta = ['-8', '-19', '-3', '11', '-1'], g = [1, 1])...
2022-01-11 12:30:30,079 INFO: Finished MW computation (delta = ['-8', '-19', '-3', '11', '-1'], g = [1, 1])
2022-01-11 12:30:30,081 INFO: Computing MW group (delta = ['-8', '-19', '-3', '11', '-1'], g = [8, 20, 4, -11, 1])...
2022-01-11 12:30:35,775 INFO: Finished MW computation (delta = ['-8', '-19', '-3', '11', '-1'], g = [8, 20, 4, -11, 1])
2022-01-11 12:30:35,778 INFO: Skipped MW computation because no base point (delta = ['-1', '7', '20', '4', '-11', '1'])
2022-01-11 12:30:35,780 INFO: Reducing MW generators...
2022-01-11 12:30:39,101 INFO: Finished reducing MW generators.
2022-01-11 12:30:39,103 INFO: Tasks complete. Recording data and exiting.
