2022-01-12 12:26:02,543 INFO: Initialized curve data.
2022-01-12 12:26:02,548 INFO: Setting up initial twist data...
2022-01-12 12:26:03,499 INFO: Twist setup complete.
2022-01-12 12:26:03,499 INFO: Searching for rational points on each twist...
2022-01-12 12:26:05,257 INFO: Finished searching for rational points on each twist.
2022-01-12 12:26:05,257 INFO: Testing local solvability of twists...
2022-01-12 12:26:08,567 INFO: Finished local solvability testing.
2022-01-12 12:26:08,569 INFO: Computing elliptic curve a-invariants...
2022-01-12 12:26:22,182 INFO: Finished computation of a-invariants.
2022-01-12 12:26:22,184 INFO: Computing MW group (delta = ['-16', '40', '81', '36', '0', '-2'], g = [8, -19, -40, -18, 0, 1])...
2022-01-12 12:29:33,574 INFO: Finished MW computation (delta = ['-16', '40', '81', '36', '0', '-2'], g = [8, -19, -40, -18, 0, 1])
2022-01-12 12:29:33,576 INFO: Skipped MW computation because no base point (delta = ['-128', '304', '638', '287', '0', '-16'])
2022-01-12 12:29:33,577 INFO: Computing MW group (delta = ['8', '-20', '-40', '-18', '0', '1'], g = [8, -19, -40, -18, 0, 1])...
2022-01-12 12:32:49,484 INFO: Finished MW computation (delta = ['8', '-20', '-40', '-18', '0', '1'], g = [8, -19, -40, -18, 0, 1])
2022-01-12 12:32:49,487 INFO: Computing MW group (delta = ['1'], g = [8, -19, -40, -18, 0, 1])...
2022-01-12 12:36:07,138 INFO: Finished MW computation (delta = ['1'], g = [8, -19, -40, -18, 0, 1])
2022-01-12 12:36:07,142 INFO: Reducing MW generators...
2022-01-12 12:36:09,884 INFO: Finished reducing MW generators.
2022-01-12 12:36:09,886 INFO: Tasks complete. Recording data and exiting.
2022-01-14 11:32:35,446 INFO: Loaded curve data from file.
2022-01-14 11:32:35,447 INFO: Running elliptic Chabauty (delta = ['-16', '40', '81', '36', '0', '-2'], g = [8, -19, -40, -18, 0, 1])...
2022-01-14 11:32:43,985 INFO: Chabauty completed successfully (delta = ['-16', '40', '81', '36', '0', '-2'], g = [8, -19, -40, -18, 0, 1]).
2022-01-14 11:32:43,988 INFO: Skipped Chabauty because no base point (delta = ['-128', '304', '638', '287', '0', '-16'])
2022-01-14 11:32:43,988 INFO: Running elliptic Chabauty (delta = ['8', '-20', '-40', '-18', '0', '1'], g = [8, -19, -40, -18, 0, 1])...
2022-01-14 11:32:56,015 INFO: Chabauty completed successfully (delta = ['8', '-20', '-40', '-18', '0', '1'], g = [8, -19, -40, -18, 0, 1]).
2022-01-14 11:32:56,018 INFO: Running elliptic Chabauty (delta = ['1'], g = [8, -19, -40, -18, 0, 1])...
2022-01-14 11:33:05,042 INFO: Chabauty completed successfully (delta = ['1'], g = [8, -19, -40, -18, 0, 1]).
2022-01-14 11:33:05,324 INFO: Rational points successfully computed.
2022-01-14 11:33:05,327 INFO: Tasks complete. Recording data and exiting.
