2022-01-11 15:10:19,071 INFO: Initialized curve data.
2022-01-11 15:10:19,075 INFO: Setting up initial twist data...
2022-01-11 15:10:20,241 INFO: Twist setup complete.
2022-01-11 15:10:20,241 INFO: Searching for rational points on each twist...
2022-01-11 15:10:23,370 INFO: Finished searching for rational points on each twist.
2022-01-11 15:10:23,371 INFO: Testing local solvability of twists...
2022-01-11 15:10:36,256 INFO: Finished local solvability testing.
2022-01-11 15:10:36,257 INFO: Computing elliptic curve a-invariants...
2022-01-11 15:10:44,547 INFO: Finished computation of a-invariants.
2022-01-11 15:10:44,550 INFO: Computing MW group (delta = ['2', '147/2', '-6', '-218', '94', '37/2'], g = [1, 1])...
2022-01-11 15:10:45,020 INFO: Finished MW computation (delta = ['2', '147/2', '-6', '-218', '94', '37/2'], g = [1, 1])
2022-01-11 15:10:45,023 INFO: Computing MW group (delta = ['2', '147/2', '-6', '-218', '94', '37/2'], g = [4, 0, -12, 5, 1])...
2022-01-11 15:10:55,065 INFO: Finished MW computation (delta = ['2', '147/2', '-6', '-218', '94', '37/2'], g = [4, 0, -12, 5, 1])
2022-01-11 15:10:55,070 INFO: Skipped MW computation because no base point (delta = ['-1', '3', '0', '-12', '5', '1'])
2022-01-11 15:10:55,070 INFO: Computing MW group (delta = ['4', '51', '-14', '-152', '66', '13'], g = [1, 1])...
2022-01-11 15:10:55,413 INFO: Finished MW computation (delta = ['4', '51', '-14', '-152', '66', '13'], g = [1, 1])
2022-01-11 15:10:55,415 INFO: Computing MW group (delta = ['4', '51', '-14', '-152', '66', '13'], g = [4, 0, -12, 5, 1])...
2022-01-11 15:11:41,597 INFO: Finished MW computation (delta = ['4', '51', '-14', '-152', '66', '13'], g = [4, 0, -12, 5, 1])
2022-01-11 15:11:41,601 INFO: Computing MW group (delta = ['1'], g = [1, 1])...
2022-01-11 15:11:41,947 INFO: Finished MW computation (delta = ['1'], g = [1, 1])
2022-01-11 15:11:41,951 INFO: Computing MW group (delta = ['1'], g = [4, 0, -12, 5, 1])...
2022-01-11 15:12:52,603 INFO: Finished MW computation (delta = ['1'], g = [4, 0, -12, 5, 1])
2022-01-11 15:12:52,607 INFO: Unable to use elliptic Chabauty on twist (delta = ['1'])
2022-01-11 15:12:52,610 INFO: Obstruction found to provably computing rational points. Exiting.
