2022-01-12 12:17:54,568 INFO: Initialized curve data.
2022-01-12 12:17:54,582 INFO: Setting up initial twist data...
2022-01-12 12:17:55,777 INFO: Twist setup complete.
2022-01-12 12:17:55,777 INFO: Searching for rational points on each twist...
2022-01-12 12:17:57,723 INFO: Finished searching for rational points on each twist.
2022-01-12 12:17:57,723 INFO: Testing local solvability of twists...
2022-01-12 12:17:57,730 INFO: Finished local solvability testing.
2022-01-12 12:17:57,731 INFO: Computing elliptic curve a-invariants...
2022-01-12 12:18:03,880 INFO: Finished computation of a-invariants.
2022-01-12 12:18:03,881 INFO: Computing MW group (delta = ['4', '-12', '11', '3', '2', '1'], g = [4, -11, 10, 3, 2, 1])...
2022-01-12 12:59:07,720 INFO: Finished MW computation (delta = ['4', '-12', '11', '3', '2', '1'], g = [4, -11, 10, 3, 2, 1])
2022-01-12 12:59:07,732 INFO: Computing MW group (delta = ['1', '-1'], g = [4, -11, 10, 3, 2, 1])...
2022-01-12 13:01:27,199 INFO: Finished MW computation (delta = ['1', '-1'], g = [4, -11, 10, 3, 2, 1])
2022-01-12 13:01:27,202 INFO: Computing MW group (delta = ['1'], g = [4, -11, 10, 3, 2, 1])...
2022-01-12 13:06:31,347 INFO: Finished MW computation (delta = ['1'], g = [4, -11, 10, 3, 2, 1])
2022-01-12 13:06:31,350 INFO: Computing MW group (delta = ['4', '-12', '10', '3', '2', '1'], g = [4, -11, 10, 3, 2, 1])...
2022-01-12 13:07:35,783 INFO: Finished MW computation (delta = ['4', '-12', '10', '3', '2', '1'], g = [4, -11, 10, 3, 2, 1])
2022-01-12 13:07:35,787 INFO: Reducing MW generators...
2022-01-12 13:07:37,834 INFO: Finished reducing MW generators.
2022-01-12 13:07:37,835 INFO: Tasks complete. Recording data and exiting.
