2022-01-12 09:25:22,278 INFO: Initialized curve data.
2022-01-12 09:25:22,285 INFO: Setting up initial twist data...
2022-01-12 09:25:23,180 INFO: Twist setup complete.
2022-01-12 09:25:23,181 INFO: Searching for rational points on each twist...
2022-01-12 09:25:24,800 INFO: Finished searching for rational points on each twist.
2022-01-12 09:25:24,800 INFO: Testing local solvability of twists...
2022-01-12 09:25:26,813 INFO: Finished local solvability testing.
2022-01-12 09:25:26,814 INFO: Computing elliptic curve a-invariants...
2022-01-12 09:25:59,383 INFO: Finished computation of a-invariants.
2022-01-12 09:25:59,384 INFO: Computing MW group (delta = ['1', '1', '0', '-3', '0', '1'], g = [1, 2, 0, -3, 0, 1])...
2022-01-12 09:28:00,675 INFO: Finished MW computation (delta = ['1', '1', '0', '-3', '0', '1'], g = [1, 2, 0, -3, 0, 1])
2022-01-12 09:28:00,677 INFO: Skipped MW computation because no base point (delta = ['1', '-1'])
2022-01-12 09:28:00,677 INFO: Computing MW group (delta = ['1'], g = [1, 2, 0, -3, 0, 1])...
2022-01-12 09:29:16,219 INFO: Finished MW computation (delta = ['1'], g = [1, 2, 0, -3, 0, 1])
2022-01-12 09:29:16,221 INFO: Computing MW group (delta = ['1', '1', '1', '-3', '0', '1'], g = [1, 2, 0, -3, 0, 1])...
2022-01-12 09:30:33,963 INFO: Finished MW computation (delta = ['1', '1', '1', '-3', '0', '1'], g = [1, 2, 0, -3, 0, 1])
2022-01-12 09:30:33,967 INFO: Reducing MW generators...
2022-01-12 09:30:37,701 INFO: Finished reducing MW generators.
2022-01-12 09:30:37,703 INFO: Tasks complete. Recording data and exiting.
2022-01-14 09:10:20,684 INFO: Loaded curve data from file.
2022-01-14 09:10:20,684 INFO: Running elliptic Chabauty (delta = ['1', '1', '0', '-3', '0', '1'], g = [1, 2, 0, -3, 0, 1])...
2022-01-14 09:10:48,968 INFO: Chabauty completed successfully (delta = ['1', '1', '0', '-3', '0', '1'], g = [1, 2, 0, -3, 0, 1]).
2022-01-14 09:10:48,970 INFO: Skipped Chabauty because no base point (delta = ['1', '-1'])
2022-01-14 09:10:48,970 INFO: Running elliptic Chabauty (delta = ['1'], g = [1, 2, 0, -3, 0, 1])...
2022-01-14 09:11:08,077 INFO: Chabauty completed successfully (delta = ['1'], g = [1, 2, 0, -3, 0, 1]).
2022-01-14 09:11:08,079 INFO: Running elliptic Chabauty (delta = ['1', '1', '1', '-3', '0', '1'], g = [1, 2, 0, -3, 0, 1])...
2022-01-14 09:11:23,478 INFO: Chabauty completed successfully (delta = ['1', '1', '1', '-3', '0', '1'], g = [1, 2, 0, -3, 0, 1]).
2022-01-14 09:11:23,672 INFO: Rational points successfully computed.
2022-01-14 09:11:23,674 INFO: Tasks complete. Recording data and exiting.
2022-02-12 17:09:07,430 INFO: Loaded curve data from file.
2022-02-12 17:09:07,430 INFO: Computing elliptic Chabauty map... (delta = ['1', '1', '0', '-3', '0', '1'], g = [1, 2, 0, -3, 0, 1])
2022-02-12 17:09:22,898 INFO: Elliptic Chabauty map computed. (delta = ['1', '1', '0', '-3', '0', '1'], g = [1, 2, 0, -3, 0, 1])
2022-02-12 17:09:22,901 INFO: Computing elliptic Chabauty map... (delta = ['1'], g = [1, 2, 0, -3, 0, 1])
2022-02-12 17:09:38,799 INFO: Elliptic Chabauty map computed. (delta = ['1'], g = [1, 2, 0, -3, 0, 1])
2022-02-12 17:09:38,801 INFO: Computing elliptic Chabauty map... (delta = ['1', '1', '1', '-3', '0', '1'], g = [1, 2, 0, -3, 0, 1])
2022-02-12 17:09:52,462 INFO: Elliptic Chabauty map computed. (delta = ['1', '1', '1', '-3', '0', '1'], g = [1, 2, 0, -3, 0, 1])
2022-02-12 17:09:52,465 INFO: Tasks complete. Recording data and exiting.
