2022-01-01 12:51:00,529 INFO: Initialized curve data.
2022-01-01 12:51:00,532 INFO: Setting up initial twist data...
2022-01-01 12:51:01,583 INFO: Twist setup complete.
2022-01-01 12:51:01,583 INFO: Searching for rational points on each twist...
2022-01-01 12:51:02,467 INFO: Finished searching for rational points on each twist.
2022-01-01 12:51:02,467 INFO: Testing local solvability of twists...
2022-01-01 12:51:02,472 INFO: Finished local solvability testing.
2022-01-01 12:51:02,474 INFO: Computing elliptic curve a-invariants...
2022-01-01 12:51:17,144 INFO: Finished computation of a-invariants.
2022-01-01 12:51:17,146 INFO: Computing MW group (delta = ['1', '9', '19', '-1', '-4', '4'], g = [1, 9, 20, 0, -4, 4])...
2022-01-01 12:51:52,904 INFO: Finished MW computation (delta = ['1', '9', '19', '-1', '-4', '4'], g = [1, 9, 20, 0, -4, 4])
2022-01-01 12:51:52,910 INFO: Obstruction found to provably computing rational points. Exiting.
2022-01-03 13:14:58,000 INFO: Obsolete "loc_solv_error" keys removed.
2022-01-10 22:41:59,033 INFO: Loaded curve data from file.
2022-01-10 22:41:59,033 INFO: Obstruction already found. Exiting.
2022-02-12 16:54:27,382 INFO: Loaded curve data from file.
2022-02-12 16:54:27,383 INFO: Computing elliptic Chabauty map... (delta = ['1', '9', '19', '-1', '-4', '4'], g = [1, 9, 20, 0, -4, 4])
2022-02-12 16:54:38,302 INFO: Elliptic Chabauty map computed. (delta = ['1', '9', '19', '-1', '-4', '4'], g = [1, 9, 20, 0, -4, 4])
2022-02-12 16:54:38,305 INFO: Computing elliptic Chabauty map... (delta = ['1'], g = [1, 9, 20, 0, -4, 4])
2022-02-12 16:54:48,938 INFO: Elliptic Chabauty map computed. (delta = ['1'], g = [1, 9, 20, 0, -4, 4])
2022-02-12 16:54:48,940 INFO: Computing elliptic Chabauty map... (delta = ['0', '-1'], g = [1, 9, 20, 0, -4, 4])
2022-02-12 16:54:59,683 INFO: Elliptic Chabauty map computed. (delta = ['0', '-1'], g = [1, 9, 20, 0, -4, 4])
2022-02-12 16:54:59,686 INFO: Computing elliptic Chabauty map... (delta = ['1', '10', '21', '0', '-4', '4'], g = [1, 9, 20, 0, -4, 4])
2022-02-12 16:55:10,376 INFO: Elliptic Chabauty map computed. (delta = ['1', '10', '21', '0', '-4', '4'], g = [1, 9, 20, 0, -4, 4])
2022-02-12 16:55:10,379 INFO: Tasks complete. Recording data and exiting.
