2022-02-01 12:30:29,455 INFO: Initialized curve data.
2022-02-01 12:30:29,460 INFO: Setting up initial twist data...
2022-02-01 12:30:30,781 INFO: Twist setup complete.
2022-02-01 12:30:30,782 INFO: Searching for rational points on each twist...
2022-02-01 12:30:33,611 INFO: Finished searching for rational points on each twist.
2022-02-01 12:30:33,611 INFO: Testing local solvability of twists...
2022-02-01 12:30:33,617 INFO: Finished local solvability testing.
2022-02-01 12:30:33,619 INFO: Computing elliptic curve a-invariants...
2022-02-01 12:30:50,520 INFO: Finished computation of a-invariants.
2022-02-01 12:30:50,522 INFO: Computing MW group (delta = ['1', '11/4', '-1', '-5', '1', '9/4'], g = [4, 12, 0, -16, 4, 9])...
2022-02-01 12:33:17,048 INFO: Finished MW computation (delta = ['1', '11/4', '-1', '-5', '1', '9/4'], g = [4, 12, 0, -16, 4, 9])
2022-02-01 12:33:17,051 INFO: Computing MW group (delta = ['1'], g = [4, 12, 0, -16, 4, 9])...
2022-02-01 12:35:59,491 INFO: Finished MW computation (delta = ['1'], g = [4, 12, 0, -16, 4, 9])
2022-02-01 12:35:59,494 INFO: Computing MW group (delta = ['-2', '-11/2', '1', '8', '-2', '-9/2'], g = [4, 12, 0, -16, 4, 9])...
2022-02-01 12:46:53,488 INFO: Finished MW computation (delta = ['-2', '-11/2', '1', '8', '-2', '-9/2'], g = [4, 12, 0, -16, 4, 9])
2022-02-01 12:46:53,492 INFO: Computing MW group (delta = ['-1/2', '-1'], g = [4, 12, 0, -16, 4, 9])...
2022-02-01 12:52:52,922 INFO: Finished MW computation (delta = ['-1/2', '-1'], g = [4, 12, 0, -16, 4, 9])
2022-02-01 12:52:52,927 INFO: Reducing MW generators...
2022-02-01 12:52:55,615 INFO: Finished reducing MW generators.
2022-02-01 12:52:55,617 INFO: Tasks complete. Recording data and exiting.
2022-02-02 04:48:12,998 INFO: Loaded curve data from file.
2022-02-02 04:48:12,998 INFO: Running elliptic Chabauty (delta = ['1', '11/4', '-1', '-5', '1', '9/4'], g = [4, 12, 0, -16, 4, 9])...
2022-02-02 04:48:28,693 INFO: Chabauty completed successfully (delta = ['1', '11/4', '-1', '-5', '1', '9/4'], g = [4, 12, 0, -16, 4, 9]).
2022-02-02 04:48:28,696 INFO: Skipped Chabauty because MW group hasn't been provably computed. (delta = ['1'], g = [4, 12, 0, -16, 4, 9])
2022-02-02 04:48:28,696 INFO: Skipped Chabauty because MW group hasn't been provably computed. (delta = ['-2', '-11/2', '1', '8', '-2', '-9/2'], g = [4, 12, 0, -16, 4, 9])
2022-02-02 04:48:28,696 INFO: Skipped Chabauty because MW group hasn't been provably computed. (delta = ['-1/2', '-1'], g = [4, 12, 0, -16, 4, 9])
2022-02-02 04:48:28,751 INFO: Tasks complete. Recording data and exiting.
2022-02-12 17:02:40,595 INFO: Loaded curve data from file.
2022-02-12 17:02:40,595 INFO: Computing elliptic Chabauty map... (delta = ['1', '11/4', '-1', '-5', '1', '9/4'], g = [4, 12, 0, -16, 4, 9])
2022-02-12 17:02:56,341 INFO: Elliptic Chabauty map computed. (delta = ['1', '11/4', '-1', '-5', '1', '9/4'], g = [4, 12, 0, -16, 4, 9])
2022-02-12 17:02:56,344 INFO: Computing elliptic Chabauty map... (delta = ['1'], g = [4, 12, 0, -16, 4, 9])
2022-02-12 17:03:12,131 INFO: Elliptic Chabauty map computed. (delta = ['1'], g = [4, 12, 0, -16, 4, 9])
2022-02-12 17:03:12,134 INFO: Computing elliptic Chabauty map... (delta = ['-2', '-11/2', '1', '8', '-2', '-9/2'], g = [4, 12, 0, -16, 4, 9])
2022-02-12 17:03:27,994 INFO: Elliptic Chabauty map computed. (delta = ['-2', '-11/2', '1', '8', '-2', '-9/2'], g = [4, 12, 0, -16, 4, 9])
2022-02-12 17:03:27,997 INFO: Computing elliptic Chabauty map... (delta = ['-1/2', '-1'], g = [4, 12, 0, -16, 4, 9])
2022-02-12 17:03:43,825 INFO: Elliptic Chabauty map computed. (delta = ['-1/2', '-1'], g = [4, 12, 0, -16, 4, 9])
2022-02-12 17:03:43,830 INFO: Tasks complete. Recording data and exiting.
