2022-01-12 12:30:06,412 INFO: Initialized curve data.
2022-01-12 12:30:06,417 INFO: Setting up initial twist data...
2022-01-12 12:30:07,662 INFO: Twist setup complete.
2022-01-12 12:30:07,662 INFO: Searching for rational points on each twist...
2022-01-12 12:30:09,664 INFO: Finished searching for rational points on each twist.
2022-01-12 12:30:09,665 INFO: Testing local solvability of twists...
2022-01-12 12:30:09,676 INFO: Finished local solvability testing.
2022-01-12 12:30:09,678 INFO: Computing elliptic curve a-invariants...
2022-01-12 12:30:27,848 INFO: Finished computation of a-invariants.
2022-01-12 12:30:27,850 INFO: Computing MW group (delta = ['4', '13', '1', '-17', '-6', '-1'], g = [-4, -12, 0, 17, 6, 1])...
2022-01-12 12:31:39,932 INFO: Finished MW computation (delta = ['4', '13', '1', '-17', '-6', '-1'], g = [-4, -12, 0, 17, 6, 1])
2022-01-12 12:31:39,936 INFO: Computing MW group (delta = ['-4', '-13', '0', '17', '6', '1'], g = [-4, -12, 0, 17, 6, 1])...
2022-01-12 12:41:42,393 INFO: Finished MW computation (delta = ['-4', '-13', '0', '17', '6', '1'], g = [-4, -12, 0, 17, 6, 1])
2022-01-12 12:41:42,397 INFO: Computing MW group (delta = ['1'], g = [-4, -12, 0, 17, 6, 1])...
2022-01-12 12:45:22,486 INFO: Finished MW computation (delta = ['1'], g = [-4, -12, 0, 17, 6, 1])
2022-01-12 12:45:22,490 INFO: Computing MW group (delta = ['-16', '-48', '-1', '67', '24', '4'], g = [-4, -12, 0, 17, 6, 1])...
2022-01-12 12:51:41,764 INFO: Finished MW computation (delta = ['-16', '-48', '-1', '67', '24', '4'], g = [-4, -12, 0, 17, 6, 1])
2022-01-12 12:51:41,773 INFO: Reducing MW generators...
2022-01-12 12:51:44,301 INFO: Finished reducing MW generators.
2022-01-12 12:51:44,303 INFO: Tasks complete. Recording data and exiting.
