2022-01-12 12:25:08,677 INFO: Initialized curve data.
2022-01-12 12:25:08,679 INFO: Setting up initial twist data...
2022-01-12 12:25:09,743 INFO: Twist setup complete.
2022-01-12 12:25:09,743 INFO: Searching for rational points on each twist...
2022-01-12 12:25:11,346 INFO: Finished searching for rational points on each twist.
2022-01-12 12:25:11,346 INFO: Testing local solvability of twists...
2022-01-12 12:25:16,709 INFO: Finished local solvability testing.
2022-01-12 12:25:16,711 INFO: Computing elliptic curve a-invariants...
2022-01-12 12:25:24,895 INFO: Finished computation of a-invariants.
2022-01-12 12:25:24,897 INFO: Computing MW group (delta = ['1'], g = [4, 1, -48, 18, 76, 29])...
2022-01-12 12:26:10,396 INFO: Finished MW computation (delta = ['1'], g = [4, 1, -48, 18, 76, 29])
2022-01-12 12:26:10,398 INFO: Computing MW group (delta = ['-1', '1', '1'], g = [4, 1, -48, 18, 76, 29])...
2022-01-12 13:04:47,066 INFO: Finished MW computation (delta = ['-1', '1', '1'], g = [4, 1, -48, 18, 76, 29])
2022-01-12 13:04:47,070 INFO: Skipped MW computation because no base point (delta = ['-1', '2', '1'])
2022-01-12 13:04:47,070 INFO: Computing MW group (delta = ['1', '-3', '0', '3', '1'], g = [4, 1, -48, 18, 76, 29])...
2022-01-14 11:32:36,176 INFO: Loaded curve data from file.
2022-01-14 11:32:36,177 INFO: Reducing MW generators...
2022-01-14 11:32:36,707 INFO: Finished reducing MW generators.
2022-01-14 11:32:36,719 INFO: Skipped Chabauty because MW group hasn't been provably computed. (delta = ['1'], g = [4, 1, -48, 18, 76, 29])
2022-01-14 11:32:36,719 INFO: Running elliptic Chabauty (delta = ['-1', '1', '1'], g = [4, 1, -48, 18, 76, 29])...
2022-01-14 11:33:05,517 INFO: Chabauty completed successfully (delta = ['-1', '1', '1'], g = [4, 1, -48, 18, 76, 29]).
2022-01-14 11:33:05,521 INFO: Skipped Chabauty because no base point (delta = ['-1', '2', '1'])
2022-01-14 11:33:05,521 INFO: Skipped Chabauty because MW generators haven't been computed. (delta = ['1', '-3', '0', '3', '1'], g = [4, 1, -48, 18, 76, 29])
2022-01-14 11:33:05,604 INFO: Tasks complete. Recording data and exiting.
2022-02-12 17:06:41,695 INFO: Loaded curve data from file.
2022-02-12 17:06:41,696 INFO: Computing elliptic Chabauty map... (delta = ['1'], g = [4, 1, -48, 18, 76, 29])
2022-02-12 17:06:57,992 INFO: Elliptic Chabauty map computed. (delta = ['1'], g = [4, 1, -48, 18, 76, 29])
2022-02-12 17:06:57,995 INFO: Computing elliptic Chabauty map... (delta = ['-1', '1', '1'], g = [4, 1, -48, 18, 76, 29])
2022-02-12 17:07:13,486 INFO: Elliptic Chabauty map computed. (delta = ['-1', '1', '1'], g = [4, 1, -48, 18, 76, 29])
2022-02-12 17:07:13,488 INFO: Computing elliptic Chabauty map... (delta = ['1', '-3', '0', '3', '1'], g = [4, 1, -48, 18, 76, 29])
2022-02-12 17:07:30,355 INFO: Elliptic Chabauty map computed. (delta = ['1', '-3', '0', '3', '1'], g = [4, 1, -48, 18, 76, 29])
2022-02-12 17:07:30,358 INFO: Tasks complete. Recording data and exiting.
