2022-01-13 21:55:02,636 INFO: Initialized curve data.
2022-01-13 21:55:02,640 INFO: Setting up initial twist data...
2022-01-13 21:55:03,726 INFO: Twist setup complete.
2022-01-13 21:55:03,726 INFO: Searching for rational points on each twist...
2022-01-13 21:55:05,922 INFO: Finished searching for rational points on each twist.
2022-01-13 21:55:05,923 INFO: Testing local solvability of twists...
2022-01-13 21:56:16,340 INFO: Finished local solvability testing.
2022-01-13 21:56:16,341 INFO: Computing elliptic curve a-invariants...
2022-01-13 21:56:22,233 INFO: Finished computation of a-invariants.
2022-01-13 21:56:22,235 INFO: Computing MW group (delta = ['1'], g = [-13, 27, -5, -7, 1, 1])...
2022-01-13 21:56:55,512 INFO: Finished MW computation (delta = ['1'], g = [-13, 27, -5, -7, 1, 1])
2022-01-13 21:56:55,514 INFO: Skipped MW computation because no base point (delta = ['10', '-23', '5', '6', '-1', '-1'])
2022-01-13 21:56:55,515 INFO: Computing MW group (delta = ['-12', '26', '-5', '-7', '1', '1'], g = [-13, 27, -5, -7, 1, 1])...
2022-01-13 21:58:28,269 INFO: Finished MW computation (delta = ['-12', '26', '-5', '-7', '1', '1'], g = [-13, 27, -5, -7, 1, 1])
2022-01-13 21:58:28,272 INFO: Computing MW group (delta = ['-3', '1', '1'], g = [-13, 27, -5, -7, 1, 1])...
2022-01-13 22:00:14,124 INFO: Finished MW computation (delta = ['-3', '1', '1'], g = [-13, 27, -5, -7, 1, 1])
2022-01-13 22:00:14,128 INFO: Reducing MW generators...
2022-01-13 22:00:16,748 INFO: Finished reducing MW generators.
2022-01-13 22:00:16,750 INFO: Tasks complete. Recording data and exiting.
2022-01-14 11:36:13,890 INFO: Loaded curve data from file.
2022-01-14 11:36:13,891 INFO: Skipped Chabauty because MW group hasn't been provably computed. (delta = ['1'], g = [-13, 27, -5, -7, 1, 1])
2022-01-14 11:36:13,891 INFO: Skipped Chabauty because no base point (delta = ['10', '-23', '5', '6', '-1', '-1'])
2022-01-14 11:36:13,891 INFO: Running elliptic Chabauty (delta = ['-12', '26', '-5', '-7', '1', '1'], g = [-13, 27, -5, -7, 1, 1])...
2022-01-14 11:36:45,768 INFO: Chabauty completed successfully (delta = ['-12', '26', '-5', '-7', '1', '1'], g = [-13, 27, -5, -7, 1, 1]).
2022-01-14 11:36:45,771 INFO: Running elliptic Chabauty (delta = ['-3', '1', '1'], g = [-13, 27, -5, -7, 1, 1])...
2022-01-14 11:36:59,445 INFO: Chabauty completed successfully (delta = ['-3', '1', '1'], g = [-13, 27, -5, -7, 1, 1]).
2022-01-14 11:36:59,703 INFO: Tasks complete. Recording data and exiting.
2022-02-12 16:54:26,682 INFO: Loaded curve data from file.
2022-02-12 16:54:26,683 INFO: Computing elliptic Chabauty map... (delta = ['1'], g = [-13, 27, -5, -7, 1, 1])
2022-02-12 16:54:34,795 INFO: Elliptic Chabauty map computed. (delta = ['1'], g = [-13, 27, -5, -7, 1, 1])
2022-02-12 16:54:34,797 INFO: Computing elliptic Chabauty map... (delta = ['-12', '26', '-5', '-7', '1', '1'], g = [-13, 27, -5, -7, 1, 1])
2022-02-12 16:54:42,663 INFO: Elliptic Chabauty map computed. (delta = ['-12', '26', '-5', '-7', '1', '1'], g = [-13, 27, -5, -7, 1, 1])
2022-02-12 16:54:42,665 INFO: Computing elliptic Chabauty map... (delta = ['-3', '1', '1'], g = [-13, 27, -5, -7, 1, 1])
2022-02-12 16:54:50,403 INFO: Elliptic Chabauty map computed. (delta = ['-3', '1', '1'], g = [-13, 27, -5, -7, 1, 1])
2022-02-12 16:54:50,405 INFO: Tasks complete. Recording data and exiting.
