2022-01-01 12:50:52,260 INFO: Initialized curve data.
2022-01-01 12:50:52,263 INFO: Setting up initial twist data...
2022-01-01 12:50:53,240 INFO: Twist setup complete.
2022-01-01 12:50:53,240 INFO: Searching for rational points on each twist...
2022-01-01 12:50:54,135 INFO: Finished searching for rational points on each twist.
2022-01-01 12:50:54,136 INFO: Testing local solvability of twists...
2022-01-01 12:50:54,143 INFO: Finished local solvability testing.
2022-01-01 12:50:54,144 INFO: Computing elliptic curve a-invariants...
2022-01-01 12:51:02,022 INFO: Finished computation of a-invariants.
2022-01-01 12:51:02,023 INFO: Computing MW group (delta = ['4', '-5', '-3', '1', '0', '4'], g = [4, -4, -4, 1, 0, 4])...
2022-01-01 12:52:34,238 INFO: Finished MW computation (delta = ['4', '-5', '-3', '1', '0', '4'], g = [4, -4, -4, 1, 0, 4])
2022-01-01 12:52:34,242 INFO: Computing MW group (delta = ['1', '-1'], g = [4, -4, -4, 1, 0, 4])...
2022-01-01 12:55:08,234 INFO: Finished MW computation (delta = ['1', '-1'], g = [4, -4, -4, 1, 0, 4])
2022-01-01 12:55:08,241 INFO: Computing MW group (delta = ['1'], g = [4, -4, -4, 1, 0, 4])...
2022-01-01 12:57:54,680 INFO: Finished MW computation (delta = ['1'], g = [4, -4, -4, 1, 0, 4])
2022-01-01 12:57:54,684 INFO: Computing MW group (delta = ['4', '-5', '-2', '0', '0', '4'], g = [4, -4, -4, 1, 0, 4])...
2022-01-03 13:14:58,000 INFO: Obsolete "loc_solv_error" keys removed.
2022-01-10 22:39:09,265 INFO: Loaded curve data from file.
2022-01-10 22:39:09,265 INFO: Reducing MW generators...
2022-01-10 22:39:10,388 INFO: Finished reducing MW generators.
2022-01-10 22:39:10,389 INFO: Running elliptic Chabauty (delta = ['4', '-5', '-3', '1', '0', '4'], g = [4, -4, -4, 1, 0, 4])...
2022-01-10 22:39:17,507 INFO: Chabauty completed successfully (delta = ['4', '-5', '-3', '1', '0', '4'], g = [4, -4, -4, 1, 0, 4]).
2022-01-10 22:39:17,509 INFO: Running elliptic Chabauty (delta = ['1', '-1'], g = [4, -4, -4, 1, 0, 4])...
2022-01-10 22:41:01,614 INFO: Chabauty completed successfully (delta = ['1', '-1'], g = [4, -4, -4, 1, 0, 4]).
2022-01-10 22:41:01,616 INFO: Running elliptic Chabauty (delta = ['1'], g = [4, -4, -4, 1, 0, 4])...
2022-01-10 22:41:08,923 INFO: Chabauty completed successfully (delta = ['1'], g = [4, -4, -4, 1, 0, 4]).
2022-01-10 22:41:08,925 INFO: Skipped Chabauty because MW generators haven't been computed. (delta = ['4', '-5', '-2', '0', '0', '4'], g = [4, -4, -4, 1, 0, 4])
2022-01-10 22:41:09,025 INFO: Tasks complete. Recording data and exiting.
