2022-01-11 15:10:17,140 INFO: Initialized curve data.
2022-01-11 15:10:17,143 INFO: Setting up initial twist data...
2022-01-11 15:10:18,154 INFO: Twist setup complete.
2022-01-11 15:10:18,154 INFO: Searching for rational points on each twist...
2022-01-11 15:10:19,684 INFO: Finished searching for rational points on each twist.
2022-01-11 15:10:19,684 INFO: Testing local solvability of twists...
2022-01-11 15:10:19,691 INFO: Finished local solvability testing.
2022-01-11 15:10:19,692 INFO: Computing elliptic curve a-invariants...
2022-01-11 15:10:33,700 INFO: Finished computation of a-invariants.
2022-01-11 15:10:33,701 INFO: Computing MW group (delta = ['12', '-9', '-16', '0', '4', '1'], g = [12, -8, -16, 0, 4, 1])...
2022-01-11 15:34:58,484 INFO: Finished MW computation (delta = ['12', '-9', '-16', '0', '4', '1'], g = [12, -8, -16, 0, 4, 1])
2022-01-11 15:34:58,494 INFO: Computing MW group (delta = ['1'], g = [12, -8, -16, 0, 4, 1])...
2022-01-11 15:37:13,078 INFO: Finished MW computation (delta = ['1'], g = [12, -8, -16, 0, 4, 1])
2022-01-11 15:37:13,080 INFO: Computing MW group (delta = ['-1', '1', '1'], g = [12, -8, -16, 0, 4, 1])...
2022-01-14 09:07:31,607 INFO: Loaded curve data from file.
2022-01-14 09:07:31,607 INFO: Reducing MW generators...
2022-01-14 09:07:32,230 INFO: Finished reducing MW generators.
2022-01-14 09:07:32,233 INFO: Running elliptic Chabauty (delta = ['12', '-9', '-16', '0', '4', '1'], g = [12, -8, -16, 0, 4, 1])...
2022-01-14 09:07:46,258 INFO: Chabauty completed successfully (delta = ['12', '-9', '-16', '0', '4', '1'], g = [12, -8, -16, 0, 4, 1]).
2022-01-14 09:07:46,330 INFO: Skipped Chabauty because MW group hasn't been provably computed. (delta = ['1'], g = [12, -8, -16, 0, 4, 1])
2022-01-14 09:07:46,330 INFO: Skipped Chabauty because MW generators haven't been computed. (delta = ['-1', '1', '1'], g = [12, -8, -16, 0, 4, 1])
2022-01-14 09:07:46,330 INFO: Skipped Chabauty because MW generators haven't been computed. (delta = ['-12', '9', '15', '-1', '-4', '-1'], g = [12, -8, -16, 0, 4, 1])
2022-01-14 09:07:46,436 INFO: Tasks complete. Recording data and exiting.
