2022-01-11 15:22:23,504 INFO: Initialized curve data.
2022-01-11 15:22:23,506 INFO: Setting up initial twist data...
2022-01-11 15:22:24,580 INFO: Twist setup complete.
2022-01-11 15:22:24,580 INFO: Searching for rational points on each twist...
2022-01-11 15:22:26,985 INFO: Finished searching for rational points on each twist.
2022-01-11 15:22:26,985 INFO: Testing local solvability of twists...
2022-01-11 15:22:26,990 INFO: Finished local solvability testing.
2022-01-11 15:22:26,991 INFO: Computing elliptic curve a-invariants...
2022-01-11 15:22:42,117 INFO: Finished computation of a-invariants.
2022-01-11 15:22:42,118 INFO: Computing MW group (delta = ['4', '-28', '41', '4', '-4', '-2'], g = [-2, 13, -20, -2, 2, 1])...
2022-01-11 15:24:31,135 INFO: Finished MW computation (delta = ['4', '-28', '41', '4', '-4', '-2'], g = [-2, 13, -20, -2, 2, 1])
2022-01-11 15:24:31,138 INFO: Computing MW group (delta = ['0', '12', '-20', '-2', '2', '1'], g = [-2, 13, -20, -2, 2, 1])...
2022-01-11 16:56:43,069 INFO: Finished MW computation (delta = ['0', '12', '-20', '-2', '2', '1'], g = [-2, 13, -20, -2, 2, 1])
2022-01-11 16:56:43,075 INFO: Computing MW group (delta = ['1'], g = [-2, 13, -20, -2, 2, 1])...
2022-01-11 16:58:18,622 INFO: Finished MW computation (delta = ['1'], g = [-2, 13, -20, -2, 2, 1])
2022-01-11 16:58:18,627 INFO: Computing MW group (delta = ['0', '-1'], g = [-2, 13, -20, -2, 2, 1])...
2022-01-14 09:07:50,079 INFO: Loaded curve data from file.
2022-01-14 09:07:50,080 INFO: Reducing MW generators...
2022-01-14 09:07:51,126 INFO: Finished reducing MW generators.
2022-01-14 09:07:51,129 INFO: Running elliptic Chabauty (delta = ['4', '-28', '41', '4', '-4', '-2'], g = [-2, 13, -20, -2, 2, 1])...
2022-01-14 09:08:01,655 INFO: Chabauty completed successfully (delta = ['4', '-28', '41', '4', '-4', '-2'], g = [-2, 13, -20, -2, 2, 1]).
2022-01-14 09:08:01,658 INFO: Running elliptic Chabauty (delta = ['0', '12', '-20', '-2', '2', '1'], g = [-2, 13, -20, -2, 2, 1])...
2022-01-14 09:08:14,203 INFO: Chabauty completed successfully (delta = ['0', '12', '-20', '-2', '2', '1'], g = [-2, 13, -20, -2, 2, 1]).
2022-01-14 09:08:14,206 INFO: Running elliptic Chabauty (delta = ['1'], g = [-2, 13, -20, -2, 2, 1])...
2022-01-14 09:08:26,929 INFO: Chabauty completed successfully (delta = ['1'], g = [-2, 13, -20, -2, 2, 1]).
2022-01-14 09:08:26,932 INFO: Skipped Chabauty because MW generators haven't been computed. (delta = ['0', '-1'], g = [-2, 13, -20, -2, 2, 1])
2022-01-14 09:08:27,059 INFO: Tasks complete. Recording data and exiting.
2022-02-12 16:51:47,903 INFO: Loaded curve data from file.
2022-02-12 16:51:47,903 INFO: Computing elliptic Chabauty map... (delta = ['4', '-28', '41', '4', '-4', '-2'], g = [-2, 13, -20, -2, 2, 1])
2022-02-12 16:51:58,760 INFO: Elliptic Chabauty map computed. (delta = ['4', '-28', '41', '4', '-4', '-2'], g = [-2, 13, -20, -2, 2, 1])
2022-02-12 16:51:58,773 INFO: Computing elliptic Chabauty map... (delta = ['0', '12', '-20', '-2', '2', '1'], g = [-2, 13, -20, -2, 2, 1])
2022-02-12 16:52:09,350 INFO: Elliptic Chabauty map computed. (delta = ['0', '12', '-20', '-2', '2', '1'], g = [-2, 13, -20, -2, 2, 1])
2022-02-12 16:52:09,353 INFO: Computing elliptic Chabauty map... (delta = ['1'], g = [-2, 13, -20, -2, 2, 1])
2022-02-12 16:52:19,798 INFO: Elliptic Chabauty map computed. (delta = ['1'], g = [-2, 13, -20, -2, 2, 1])
2022-02-12 16:52:19,801 INFO: Computing elliptic Chabauty map... (delta = ['0', '-1'], g = [-2, 13, -20, -2, 2, 1])
2022-02-12 16:52:30,367 INFO: Elliptic Chabauty map computed. (delta = ['0', '-1'], g = [-2, 13, -20, -2, 2, 1])
2022-02-12 16:52:30,371 INFO: Tasks complete. Recording data and exiting.
