2022-01-13 21:54:40,471 INFO: Initialized curve data.
2022-01-13 21:54:40,474 INFO: Setting up initial twist data...
2022-01-13 21:54:41,458 INFO: Twist setup complete.
2022-01-13 21:54:41,458 INFO: Searching for rational points on each twist...
2022-01-13 21:54:43,891 INFO: Finished searching for rational points on each twist.
2022-01-13 21:54:43,892 INFO: Testing local solvability of twists...
2022-01-13 21:54:43,897 INFO: Finished local solvability testing.
2022-01-13 21:54:43,898 INFO: Computing elliptic curve a-invariants...
2022-01-13 21:54:58,423 INFO: Finished computation of a-invariants.
2022-01-13 21:54:58,426 INFO: Computing MW group (delta = ['-1', '-1'], g = [4, 12, -4, -23, 4, 16])...
2022-01-13 23:49:21,109 INFO: Finished MW computation (delta = ['-1', '-1'], g = [4, 12, -4, -23, 4, 16])
2022-01-13 23:49:21,122 INFO: Computing MW group (delta = ['-4', '-11', '5', '23', '-4', '-16'], g = [4, 12, -4, -23, 4, 16])...
2022-01-13 23:50:26,632 INFO: Finished MW computation (delta = ['-4', '-11', '5', '23', '-4', '-16'], g = [4, 12, -4, -23, 4, 16])
2022-01-13 23:50:26,637 INFO: Computing MW group (delta = ['4', '11', '-6', '-24', '4', '16'], g = [4, 12, -4, -23, 4, 16])...
2022-01-13 23:51:09,771 INFO: Finished MW computation (delta = ['4', '11', '-6', '-24', '4', '16'], g = [4, 12, -4, -23, 4, 16])
2022-01-13 23:51:09,776 INFO: Computing MW group (delta = ['1'], g = [4, 12, -4, -23, 4, 16])...
2022-01-13 23:52:09,286 INFO: Finished MW computation (delta = ['1'], g = [4, 12, -4, -23, 4, 16])
2022-01-13 23:52:09,294 INFO: Reducing MW generators...
2022-01-13 23:52:12,803 INFO: Finished reducing MW generators.
2022-01-13 23:52:12,806 INFO: Tasks complete. Recording data and exiting.
