2022-01-12 12:17:54,622 INFO: Initialized curve data.
2022-01-12 12:17:54,626 INFO: Setting up initial twist data...
2022-01-12 12:17:56,376 INFO: Twist setup complete.
2022-01-12 12:17:56,377 INFO: Searching for rational points on each twist...
2022-01-12 12:17:57,846 INFO: Finished searching for rational points on each twist.
2022-01-12 12:17:57,846 INFO: Testing local solvability of twists...
2022-01-12 12:18:14,931 INFO: Finished local solvability testing.
2022-01-12 12:18:14,933 INFO: Computing elliptic curve a-invariants...
2022-01-12 12:18:19,661 INFO: Finished computation of a-invariants.
2022-01-12 12:18:19,662 INFO: Skipped MW computation because no base point (delta = ['-3/2', '5', '1'])
2022-01-12 12:18:19,662 INFO: Computing MW group (delta = ['12', '-76', '92', '78', '16', '1'], g = [12, -75, 92, 78, 16, 1])...
2022-01-12 12:32:10,299 INFO: Finished MW computation (delta = ['12', '-76', '92', '78', '16', '1'], g = [12, -75, 92, 78, 16, 1])
2022-01-12 12:32:10,302 INFO: Computing MW group (delta = ['1'], g = [12, -75, 92, 78, 16, 1])...
2022-01-14 11:32:43,215 INFO: Loaded curve data from file.
2022-01-14 11:32:43,216 INFO: Reducing MW generators...
2022-01-14 11:32:43,789 INFO: Finished reducing MW generators.
2022-01-14 11:32:43,791 INFO: Skipped Chabauty because no base point (delta = ['-3/2', '5', '1'])
2022-01-14 11:32:43,791 INFO: Skipped Chabauty because MW group hasn't been provably computed. (delta = ['12', '-76', '92', '78', '16', '1'], g = [12, -75, 92, 78, 16, 1])
2022-01-14 11:32:43,791 INFO: Skipped Chabauty because MW generators haven't been computed. (delta = ['1'], g = [12, -75, 92, 78, 16, 1])
2022-01-14 11:32:43,791 INFO: Skipped Chabauty because no base point (delta = ['-18', '114', '-143', '-118', '-24', '-3/2'])
2022-01-14 11:32:43,849 INFO: Tasks complete. Recording data and exiting.
