2022-01-11 15:16:04,695 INFO: Initialized curve data.
2022-01-11 15:16:04,697 INFO: Setting up initial twist data...
2022-01-11 15:16:06,056 INFO: Twist setup complete.
2022-01-11 15:16:06,056 INFO: Searching for rational points on each twist...
2022-01-11 15:16:09,712 INFO: Finished searching for rational points on each twist.
2022-01-11 15:16:09,712 INFO: Testing local solvability of twists...
2022-01-11 15:16:22,663 INFO: Finished local solvability testing.
2022-01-11 15:16:22,664 INFO: Computing elliptic curve a-invariants...
2022-01-11 15:16:33,034 INFO: Finished computation of a-invariants.
2022-01-11 15:16:33,036 INFO: Skipped MW computation because no base point (delta = ['-250', '435', '450', '-640', '72', '45'])
2022-01-11 15:16:33,036 INFO: Computing MW group (delta = ['-9', '11', '16', '-16', '1', '1'], g = [-2, 1])...
2022-01-11 15:16:33,449 INFO: Finished MW computation (delta = ['-9', '11', '16', '-16', '1', '1'], g = [-2, 1])
2022-01-11 15:16:33,450 INFO: Computing MW group (delta = ['-9', '11', '16', '-16', '1', '1'], g = [4, -4, -10, 3, 1])...
2022-01-11 15:16:43,464 INFO: Finished MW computation (delta = ['-9', '11', '16', '-16', '1', '1'], g = [4, -4, -10, 3, 1])
2022-01-11 15:16:43,467 INFO: Computing MW group (delta = ['-38', '35', '91', '-27', '-9'], g = [-2, 1])...
2022-01-11 15:16:43,866 INFO: Finished MW computation (delta = ['-38', '35', '91', '-27', '-9'], g = [-2, 1])
2022-01-11 15:16:43,868 INFO: Computing MW group (delta = ['-38', '35', '91', '-27', '-9'], g = [4, -4, -10, 3, 1])...
2022-01-11 15:17:09,192 INFO: Finished MW computation (delta = ['-38', '35', '91', '-27', '-9'], g = [4, -4, -10, 3, 1])
2022-01-11 15:17:09,196 INFO: Computing MW group (delta = ['-485', '1295/2', '1050', '-770', '1', '81/2'], g = [-2, 1])...
2022-01-11 15:17:09,573 INFO: Finished MW computation (delta = ['-485', '1295/2', '1050', '-770', '1', '81/2'], g = [-2, 1])
2022-01-11 15:17:09,575 INFO: Computing MW group (delta = ['-485', '1295/2', '1050', '-770', '1', '81/2'], g = [4, -4, -10, 3, 1])...
2022-01-11 15:17:19,473 INFO: Finished MW computation (delta = ['-485', '1295/2', '1050', '-770', '1', '81/2'], g = [4, -4, -10, 3, 1])
2022-01-11 15:17:19,475 INFO: Computing MW group (delta = ['-25/2', '37/2', '25', '-24', '3/2', '3/2'], g = [-2, 1])...
2022-01-11 15:17:19,855 INFO: Finished MW computation (delta = ['-25/2', '37/2', '25', '-24', '3/2', '3/2'], g = [-2, 1])
2022-01-11 15:17:19,857 INFO: Computing MW group (delta = ['-25/2', '37/2', '25', '-24', '3/2', '3/2'], g = [4, -4, -10, 3, 1])...
2022-01-11 15:17:39,630 INFO: Finished MW computation (delta = ['-25/2', '37/2', '25', '-24', '3/2', '3/2'], g = [4, -4, -10, 3, 1])
2022-01-11 15:17:39,633 INFO: Computing MW group (delta = ['-19', '111/2', '21/2', '-209/2', '45/2', '9'], g = [-2, 1])...
2022-01-11 15:17:40,017 INFO: Finished MW computation (delta = ['-19', '111/2', '21/2', '-209/2', '45/2', '9'], g = [-2, 1])
2022-01-11 15:17:40,020 INFO: Computing MW group (delta = ['-19', '111/2', '21/2', '-209/2', '45/2', '9'], g = [4, -4, -10, 3, 1])...
2022-01-11 15:17:57,229 INFO: Finished MW computation (delta = ['-19', '111/2', '21/2', '-209/2', '45/2', '9'], g = [4, -4, -10, 3, 1])
2022-01-11 15:17:57,231 INFO: Skipped MW computation because no base point (delta = ['1/2', '-1'])
2022-01-11 15:17:57,231 INFO: Computing MW group (delta = ['1'], g = [-2, 1])...
2022-01-11 15:17:57,611 INFO: Finished MW computation (delta = ['1'], g = [-2, 1])
2022-01-11 15:17:57,614 INFO: Computing MW group (delta = ['1'], g = [4, -4, -10, 3, 1])...
2022-01-11 15:18:08,775 INFO: Finished MW computation (delta = ['1'], g = [4, -4, -10, 3, 1])
2022-01-11 15:18:08,779 INFO: Reducing MW generators...
2022-01-11 15:18:14,941 INFO: Finished reducing MW generators.
2022-01-11 15:18:14,944 INFO: Tasks complete. Recording data and exiting.
2022-01-14 09:07:43,877 INFO: Loaded curve data from file.
2022-01-14 09:07:43,879 INFO: Skipped Chabauty because no base point (delta = ['-250', '435', '450', '-640', '72', '45'])
2022-01-14 09:07:43,879 INFO: Skipped Chabauty because rank >= degree(g). (delta = ['-9', '11', '16', '-16', '1', '1'], g = [-2, 1])
2022-01-14 09:07:43,879 INFO: Running elliptic Chabauty (delta = ['-9', '11', '16', '-16', '1', '1'], g = [4, -4, -10, 3, 1])...
2022-01-14 09:07:54,403 INFO: Chabauty completed successfully (delta = ['-9', '11', '16', '-16', '1', '1'], g = [4, -4, -10, 3, 1]).
2022-01-14 09:07:54,455 INFO: Skipped Chabauty because rank >= degree(g). (delta = ['-38', '35', '91', '-27', '-9'], g = [-2, 1])
2022-01-14 09:07:54,455 INFO: Skipped Chabauty because MW group hasn't been provably computed. (delta = ['-38', '35', '91', '-27', '-9'], g = [4, -4, -10, 3, 1])
2022-01-14 09:07:54,455 INFO: Skipped Chabauty because rank >= degree(g). (delta = ['-485', '1295/2', '1050', '-770', '1', '81/2'], g = [-2, 1])
2022-01-14 09:07:54,455 INFO: Skipped Chabauty because MW group hasn't been provably computed. (delta = ['-485', '1295/2', '1050', '-770', '1', '81/2'], g = [4, -4, -10, 3, 1])
2022-01-14 09:07:54,455 INFO: Skipped Chabauty because rank >= degree(g). (delta = ['-25/2', '37/2', '25', '-24', '3/2', '3/2'], g = [-2, 1])
2022-01-14 09:07:54,455 INFO: Skipped Chabauty because MW group hasn't been provably computed. (delta = ['-25/2', '37/2', '25', '-24', '3/2', '3/2'], g = [4, -4, -10, 3, 1])
2022-01-14 09:07:54,456 INFO: Skipped Chabauty because rank >= degree(g). (delta = ['-19', '111/2', '21/2', '-209/2', '45/2', '9'], g = [-2, 1])
2022-01-14 09:07:54,456 INFO: Running elliptic Chabauty (delta = ['-19', '111/2', '21/2', '-209/2', '45/2', '9'], g = [4, -4, -10, 3, 1])...
2022-01-14 09:08:22,989 INFO: Chabauty completed successfully (delta = ['-19', '111/2', '21/2', '-209/2', '45/2', '9'], g = [4, -4, -10, 3, 1]).
2022-01-14 09:08:22,993 INFO: Skipped Chabauty because no base point (delta = ['1/2', '-1'])
2022-01-14 09:08:22,993 INFO: Skipped Chabauty because rank >= degree(g). (delta = ['1'], g = [-2, 1])
2022-01-14 09:08:22,993 INFO: Skipped Chabauty because MW group hasn't been provably computed. (delta = ['1'], g = [4, -4, -10, 3, 1])
2022-01-14 09:08:23,182 INFO: Tasks complete. Recording data and exiting.
