2022-01-11 15:34:25,411 INFO: Initialized curve data.
2022-01-11 15:34:25,415 INFO: Setting up initial twist data...
2022-01-11 15:34:26,466 INFO: Twist setup complete.
2022-01-11 15:34:26,466 INFO: Searching for rational points on each twist...
2022-01-11 15:34:28,049 INFO: Finished searching for rational points on each twist.
2022-01-11 15:34:28,049 INFO: Testing local solvability of twists...
2022-01-11 15:34:45,210 INFO: Finished local solvability testing.
2022-01-11 15:34:45,211 INFO: Computing elliptic curve a-invariants...
2022-01-11 15:34:50,412 INFO: Finished computation of a-invariants.
2022-01-11 15:34:50,414 INFO: Skipped MW computation because no base point (delta = ['-3/2', '7/6', '1'])
2022-01-11 15:34:50,414 INFO: Computing MW group (delta = ['-1', '-1'], g = [14, -11, 4, 3, 0, 1])...
2022-01-11 15:37:52,754 INFO: Finished MW computation (delta = ['-1', '-1'], g = [14, -11, 4, 3, 0, 1])
2022-01-11 15:37:52,757 INFO: Computing MW group (delta = ['1'], g = [14, -11, 4, 3, 0, 1])...
2022-01-11 15:40:43,651 INFO: Finished MW computation (delta = ['1'], g = [14, -11, 4, 3, 0, 1])
2022-01-11 15:40:43,653 INFO: Computing MW group (delta = ['3/2', '1/3', '-13/6', '-1'], g = [14, -11, 4, 3, 0, 1])...
2022-01-11 15:43:24,602 INFO: Finished MW computation (delta = ['3/2', '1/3', '-13/6', '-1'], g = [14, -11, 4, 3, 0, 1])
2022-01-11 15:43:24,606 INFO: Reducing MW generators...
2022-01-11 15:43:27,932 INFO: Finished reducing MW generators.
2022-01-11 15:43:27,934 INFO: Tasks complete. Recording data and exiting.
2022-01-14 09:07:57,968 INFO: Loaded curve data from file.
2022-01-14 09:07:57,968 INFO: Skipped Chabauty because no base point (delta = ['-3/2', '7/6', '1'])
2022-01-14 09:07:57,968 INFO: Skipped Chabauty because MW group hasn't been provably computed. (delta = ['-1', '-1'], g = [14, -11, 4, 3, 0, 1])
2022-01-14 09:07:57,968 INFO: Running elliptic Chabauty (delta = ['1'], g = [14, -11, 4, 3, 0, 1])...
2022-01-14 09:08:17,674 INFO: Chabauty completed successfully (delta = ['1'], g = [14, -11, 4, 3, 0, 1]).
2022-01-14 09:08:17,676 INFO: Running elliptic Chabauty (delta = ['3/2', '1/3', '-13/6', '-1'], g = [14, -11, 4, 3, 0, 1])...
2022-02-12 17:00:14,170 INFO: Loaded curve data from file.
2022-02-12 17:00:14,170 INFO: Computing elliptic Chabauty map... (delta = ['-1', '-1'], g = [14, -11, 4, 3, 0, 1])
2022-02-12 17:00:27,906 INFO: Elliptic Chabauty map computed. (delta = ['-1', '-1'], g = [14, -11, 4, 3, 0, 1])
2022-02-12 17:00:27,909 INFO: Computing elliptic Chabauty map... (delta = ['1'], g = [14, -11, 4, 3, 0, 1])
2022-02-12 17:00:41,349 INFO: Elliptic Chabauty map computed. (delta = ['1'], g = [14, -11, 4, 3, 0, 1])
2022-02-12 17:00:41,351 INFO: Computing elliptic Chabauty map... (delta = ['3/2', '1/3', '-13/6', '-1'], g = [14, -11, 4, 3, 0, 1])
2022-02-12 17:00:55,031 INFO: Elliptic Chabauty map computed. (delta = ['3/2', '1/3', '-13/6', '-1'], g = [14, -11, 4, 3, 0, 1])
2022-02-12 17:00:55,034 INFO: Tasks complete. Recording data and exiting.
