2022-01-11 15:13:03,129 INFO: Initialized curve data.
2022-01-11 15:13:03,142 INFO: Setting up initial twist data...
2022-01-11 15:13:04,174 INFO: Twist setup complete.
2022-01-11 15:13:04,174 INFO: Searching for rational points on each twist...
2022-01-11 15:13:05,574 INFO: Finished searching for rational points on each twist.
2022-01-11 15:13:05,574 INFO: Testing local solvability of twists...
2022-01-11 15:13:05,581 INFO: Finished local solvability testing.
2022-01-11 15:13:05,583 INFO: Computing elliptic curve a-invariants...
2022-01-11 15:13:19,729 INFO: Finished computation of a-invariants.
2022-01-11 15:13:19,731 INFO: Computing MW group (delta = ['12', '-53', '-52', '-8', '4', '1'], g = [12, -52, -52, -8, 4, 1])...
2022-01-11 15:15:23,753 INFO: Finished MW computation (delta = ['12', '-53', '-52', '-8', '4', '1'], g = [12, -52, -52, -8, 4, 1])
2022-01-11 15:15:23,756 INFO: Computing MW group (delta = ['-36', '159', '157', '24', '-12', '-3'], g = [12, -52, -52, -8, 4, 1])...
2022-01-11 15:18:33,193 INFO: Finished MW computation (delta = ['-36', '159', '157', '24', '-12', '-3'], g = [12, -52, -52, -8, 4, 1])
2022-01-11 15:18:33,197 INFO: Computing MW group (delta = ['1'], g = [12, -52, -52, -8, 4, 1])...
2022-01-11 15:19:19,915 INFO: Finished MW computation (delta = ['1'], g = [12, -52, -52, -8, 4, 1])
2022-01-11 15:19:19,919 INFO: Computing MW group (delta = ['-3', '-1'], g = [12, -52, -52, -8, 4, 1])...
2022-01-11 15:19:59,569 INFO: Finished MW computation (delta = ['-3', '-1'], g = [12, -52, -52, -8, 4, 1])
2022-01-11 15:19:59,575 INFO: Reducing MW generators...
2022-01-11 15:20:03,439 INFO: Finished reducing MW generators.
2022-01-11 15:20:03,442 INFO: Tasks complete. Recording data and exiting.
