2022-01-13 21:54:55,440 INFO: Initialized curve data.
2022-01-13 21:54:55,443 INFO: Setting up initial twist data...
2022-01-13 21:54:56,748 INFO: Twist setup complete.
2022-01-13 21:54:56,748 INFO: Searching for rational points on each twist...
2022-01-13 21:54:58,780 INFO: Finished searching for rational points on each twist.
2022-01-13 21:54:58,780 INFO: Testing local solvability of twists...
2022-01-13 21:54:58,786 INFO: Finished local solvability testing.
2022-01-13 21:54:58,787 INFO: Computing elliptic curve a-invariants...
2022-01-13 21:55:15,503 INFO: Finished computation of a-invariants.
2022-01-13 21:55:15,505 INFO: Computing MW group (delta = ['4', '-20', '0', '18', '-8', '1'], g = [4, -19, 0, 18, -8, 1])...
2022-01-14 11:35:35,281 INFO: Loaded curve data from file.
2022-01-14 11:35:35,281 INFO: Reducing MW generators...
2022-01-14 11:35:35,281 INFO: Finished reducing MW generators.
2022-01-14 11:35:35,284 INFO: Skipped Chabauty because MW generators haven't been computed. (delta = ['4', '-20', '0', '18', '-8', '1'], g = [4, -19, 0, 18, -8, 1])
2022-01-14 11:35:35,284 INFO: Skipped Chabauty because MW generators haven't been computed. (delta = ['-1', '-1'], g = [4, -19, 0, 18, -8, 1])
2022-01-14 11:35:35,284 INFO: Skipped Chabauty because MW generators haven't been computed. (delta = ['-4', '20', '1', '-18', '8', '-1'], g = [4, -19, 0, 18, -8, 1])
2022-01-14 11:35:35,284 INFO: Skipped Chabauty because MW generators haven't been computed. (delta = ['1'], g = [4, -19, 0, 18, -8, 1])
2022-01-14 11:35:35,285 INFO: Tasks complete. Recording data and exiting.
2022-02-12 17:25:09,071 INFO: Loaded curve data from file.
2022-02-12 17:25:09,071 INFO: Computing elliptic Chabauty map... (delta = ['4', '-20', '0', '18', '-8', '1'], g = [4, -19, 0, 18, -8, 1])
2022-02-12 17:25:22,857 INFO: Elliptic Chabauty map computed. (delta = ['4', '-20', '0', '18', '-8', '1'], g = [4, -19, 0, 18, -8, 1])
2022-02-12 17:25:22,860 INFO: Computing elliptic Chabauty map... (delta = ['-1', '-1'], g = [4, -19, 0, 18, -8, 1])
2022-02-12 17:25:36,287 INFO: Elliptic Chabauty map computed. (delta = ['-1', '-1'], g = [4, -19, 0, 18, -8, 1])
2022-02-12 17:25:36,290 INFO: Computing elliptic Chabauty map... (delta = ['-4', '20', '1', '-18', '8', '-1'], g = [4, -19, 0, 18, -8, 1])
2022-02-12 17:25:50,141 INFO: Elliptic Chabauty map computed. (delta = ['-4', '20', '1', '-18', '8', '-1'], g = [4, -19, 0, 18, -8, 1])
2022-02-12 17:25:50,144 INFO: Computing elliptic Chabauty map... (delta = ['1'], g = [4, -19, 0, 18, -8, 1])
2022-02-12 17:26:03,843 INFO: Elliptic Chabauty map computed. (delta = ['1'], g = [4, -19, 0, 18, -8, 1])
2022-02-12 17:26:03,846 INFO: Tasks complete. Recording data and exiting.
