2022-01-11 10:11:08,732 INFO: Initialized curve data.
2022-01-11 10:11:08,735 INFO: Setting up initial twist data...
2022-01-11 10:11:10,181 INFO: Twist setup complete.
2022-01-11 10:11:10,181 INFO: Searching for rational points on each twist...
2022-01-11 10:11:11,415 INFO: Finished searching for rational points on each twist.
2022-01-11 10:11:11,416 INFO: Testing local solvability of twists...
2022-01-11 10:11:11,422 INFO: Finished local solvability testing.
2022-01-11 10:11:11,423 INFO: Computing elliptic curve a-invariants...
2022-01-11 10:11:20,556 INFO: Finished computation of a-invariants.
2022-01-11 10:11:20,557 INFO: Computing MW group (delta = ['2', '-6', '17', '22', '-9', '-10'], g = [-1, 3, -9, -11, 5, 5])...
2022-01-11 10:14:31,610 INFO: Finished MW computation (delta = ['2', '-6', '17', '22', '-9', '-10'], g = [-1, 3, -9, -11, 5, 5])
2022-01-11 10:14:31,613 INFO: Computing MW group (delta = ['0', '1', '1'], g = [-1, 3, -9, -11, 5, 5])...
2022-01-13 17:36:50,431 INFO: Loaded curve data from file.
2022-01-13 17:36:50,431 INFO: Reducing MW generators...
2022-01-13 17:36:51,343 INFO: Finished reducing MW generators.
2022-01-13 17:36:51,346 INFO: Running elliptic Chabauty (delta = ['2', '-6', '17', '22', '-9', '-10'], g = [-1, 3, -9, -11, 5, 5])...
2022-01-13 17:38:38,014 INFO: Chabauty completed successfully (delta = ['2', '-6', '17', '22', '-9', '-10'], g = [-1, 3, -9, -11, 5, 5]).
2022-01-13 17:38:38,016 INFO: Skipped Chabauty because MW generators haven't been computed. (delta = ['0', '1', '1'], g = [-1, 3, -9, -11, 5, 5])
2022-01-13 17:38:38,016 INFO: Skipped Chabauty because MW generators haven't been computed. (delta = ['1', '-4', '10', '11', '-5', '-5'], g = [-1, 3, -9, -11, 5, 5])
2022-01-13 17:38:38,016 INFO: Skipped Chabauty because MW generators haven't been computed. (delta = ['1'], g = [-1, 3, -9, -11, 5, 5])
2022-01-13 17:38:38,070 INFO: Tasks complete. Recording data and exiting.
