2022-01-11 15:33:24,926 INFO: Initialized curve data.
2022-01-11 15:33:24,928 INFO: Setting up initial twist data...
2022-01-11 15:33:26,080 INFO: Twist setup complete.
2022-01-11 15:33:26,080 INFO: Searching for rational points on each twist...
2022-01-11 15:33:27,987 INFO: Finished searching for rational points on each twist.
2022-01-11 15:33:27,988 INFO: Testing local solvability of twists...
2022-01-11 15:33:31,444 INFO: Finished local solvability testing.
2022-01-11 15:33:31,445 INFO: Computing elliptic curve a-invariants...
2022-01-11 15:33:36,343 INFO: Finished computation of a-invariants.
2022-01-11 15:33:36,344 INFO: Computing MW group (delta = ['0', '6', '-9', '-11', '-7', '1'], g = [-1, 7, -9, -11, -7, 1])...
2022-01-11 15:36:11,001 INFO: Finished MW computation (delta = ['0', '6', '-9', '-11', '-7', '1'], g = [-1, 7, -9, -11, -7, 1])
2022-01-11 15:36:11,003 INFO: Computing MW group (delta = ['1'], g = [-1, 7, -9, -11, -7, 1])...
2022-01-14 09:07:56,788 INFO: Loaded curve data from file.
2022-01-14 09:07:56,788 INFO: Reducing MW generators...
2022-01-14 09:07:58,083 INFO: Finished reducing MW generators.
2022-01-14 09:07:58,090 INFO: Running elliptic Chabauty (delta = ['0', '6', '-9', '-11', '-7', '1'], g = [-1, 7, -9, -11, -7, 1])...
2022-01-14 09:08:39,589 INFO: Chabauty completed successfully (delta = ['0', '6', '-9', '-11', '-7', '1'], g = [-1, 7, -9, -11, -7, 1]).
2022-01-14 09:08:39,685 INFO: Skipped Chabauty because MW generators haven't been computed. (delta = ['1'], g = [-1, 7, -9, -11, -7, 1])
2022-01-14 09:08:39,686 INFO: Skipped Chabauty because MW generators haven't been computed. (delta = ['1', '-8', '10', '11', '7', '-1'], g = [-1, 7, -9, -11, -7, 1])
2022-01-14 09:08:39,686 INFO: Skipped Chabauty because no base point (delta = ['-20', '139', '-178', '-221', '-140', '20'])
2022-01-14 09:08:39,772 INFO: Tasks complete. Recording data and exiting.
