2022-01-11 15:13:05,746 INFO: Initialized curve data.
2022-01-11 15:13:05,750 INFO: Setting up initial twist data...
2022-01-11 15:13:07,606 INFO: Twist setup complete.
2022-01-11 15:13:07,606 INFO: Searching for rational points on each twist...
2022-01-11 15:13:10,330 INFO: Finished searching for rational points on each twist.
2022-01-11 15:13:10,330 INFO: Testing local solvability of twists...
2022-01-11 15:13:16,055 INFO: Finished local solvability testing.
2022-01-11 15:13:16,056 INFO: Computing elliptic curve a-invariants...
2022-01-11 15:13:44,136 INFO: Finished computation of a-invariants.
2022-01-11 15:13:44,138 INFO: Computing MW group (delta = ['-1', '-1', '1'], g = [6, 17, 4, -16, -4, 4])...
2022-01-11 15:14:12,200 INFO: Finished MW computation (delta = ['-1', '-1', '1'], g = [6, 17, 4, -16, -4, 4])
2022-01-11 15:14:12,203 INFO: Computing MW group (delta = ['1'], g = [6, 17, 4, -16, -4, 4])...
2022-01-11 15:16:35,008 INFO: Finished MW computation (delta = ['1'], g = [6, 17, 4, -16, -4, 4])
2022-01-11 15:16:35,010 INFO: Skipped MW computation because no base point (delta = ['-2', '-2', '1'])
2022-01-11 15:16:35,010 INFO: Computing MW group (delta = ['2', '4', '-1', '-3', '1'], g = [6, 17, 4, -16, -4, 4])...
2022-01-11 15:17:47,845 INFO: Finished MW computation (delta = ['2', '4', '-1', '-3', '1'], g = [6, 17, 4, -16, -4, 4])
2022-01-11 15:17:47,849 INFO: Reducing MW generators...
2022-01-11 15:17:50,314 INFO: Finished reducing MW generators.
2022-01-11 15:17:50,316 INFO: Tasks complete. Recording data and exiting.
2022-01-14 09:07:38,945 INFO: Loaded curve data from file.
2022-01-14 09:07:38,946 INFO: Running elliptic Chabauty (delta = ['-1', '-1', '1'], g = [6, 17, 4, -16, -4, 4])...
2022-01-14 09:07:56,003 INFO: Chabauty completed successfully (delta = ['-1', '-1', '1'], g = [6, 17, 4, -16, -4, 4]).
2022-01-14 09:07:56,007 INFO: Skipped Chabauty because MW group hasn't been provably computed. (delta = ['1'], g = [6, 17, 4, -16, -4, 4])
2022-01-14 09:07:56,007 INFO: Skipped Chabauty because no base point (delta = ['-2', '-2', '1'])
2022-01-14 09:07:56,007 INFO: Running elliptic Chabauty (delta = ['2', '4', '-1', '-3', '1'], g = [6, 17, 4, -16, -4, 4])...
2022-01-14 09:08:14,030 INFO: Chabauty completed successfully (delta = ['2', '4', '-1', '-3', '1'], g = [6, 17, 4, -16, -4, 4]).
2022-01-14 09:08:14,185 INFO: Tasks complete. Recording data and exiting.
