2022-01-13 21:54:46,381 INFO: Initialized curve data.
2022-01-13 21:54:46,383 INFO: Setting up initial twist data...
2022-01-13 21:54:47,235 INFO: Twist setup complete.
2022-01-13 21:54:47,235 INFO: Searching for rational points on each twist...
2022-01-13 21:54:50,477 INFO: Finished searching for rational points on each twist.
2022-01-13 21:54:50,477 INFO: Testing local solvability of twists...
2022-01-13 21:55:15,491 INFO: Finished local solvability testing.
2022-01-13 21:55:15,493 INFO: Computing elliptic curve a-invariants...
2022-01-13 21:55:18,799 INFO: Finished computation of a-invariants.
2022-01-13 21:55:18,801 INFO: Skipped MW computation because no base point (delta = ['64/5', '-12', '68/5', '-49', '154/5', '3'])
2022-01-13 21:55:18,801 INFO: Skipped MW computation because no base point (delta = ['16', '-20', '17', '-65', '51', '5'])
2022-01-13 21:55:18,801 INFO: Computing MW group (delta = ['1'], g = [-1, 1])...
2022-01-13 21:55:19,172 INFO: Finished MW computation (delta = ['1'], g = [-1, 1])
2022-01-13 21:55:19,175 INFO: Computing MW group (delta = ['1'], g = [-4, 0, -4, 11, 1])...
2022-01-13 22:01:28,055 INFO: Finished MW computation (delta = ['1'], g = [-4, 0, -4, 11, 1])
2022-01-13 22:01:28,060 INFO: Computing MW group (delta = ['4', '-1', '5', '-11', '-1'], g = [-1, 1])...
2022-01-13 22:01:28,345 INFO: Finished MW computation (delta = ['4', '-1', '5', '-11', '-1'], g = [-1, 1])
2022-01-13 22:01:28,350 INFO: Computing MW group (delta = ['4', '-1', '5', '-11', '-1'], g = [-4, 0, -4, 11, 1])...
2022-01-13 22:09:42,762 INFO: Finished MW computation (delta = ['4', '-1', '5', '-11', '-1'], g = [-4, 0, -4, 11, 1])
2022-01-13 22:09:42,766 INFO: Computing MW group (delta = ['4', '-5', '4', '-15', '10', '1'], g = [-1, 1])...
2022-01-13 22:09:43,044 INFO: Finished MW computation (delta = ['4', '-5', '4', '-15', '10', '1'], g = [-1, 1])
2022-01-13 22:09:43,047 INFO: Computing MW group (delta = ['4', '-5', '4', '-15', '10', '1'], g = [-4, 0, -4, 11, 1])...
2022-01-13 22:10:32,629 INFO: Finished MW computation (delta = ['4', '-5', '4', '-15', '10', '1'], g = [-4, 0, -4, 11, 1])
2022-01-13 22:10:32,633 INFO: Skipped MW computation because no base point (delta = ['4/5', '-1'])
2022-01-13 22:10:32,633 INFO: Skipped MW computation because no base point (delta = ['16/5', '-24/5', '5', '-69/5', '51/5', '1'])
2022-01-13 22:10:32,633 INFO: Computing MW group (delta = ['16/5', '-4', '21/5', '-12', '8', '4/5'], g = [-1, 1])...
2022-01-13 22:10:32,989 INFO: Finished MW computation (delta = ['16/5', '-4', '21/5', '-12', '8', '4/5'], g = [-1, 1])
2022-01-13 22:10:32,992 INFO: Computing MW group (delta = ['16/5', '-4', '21/5', '-12', '8', '4/5'], g = [-4, 0, -4, 11, 1])...
2022-01-14 11:35:23,426 INFO: Loaded curve data from file.
2022-01-14 11:35:23,427 INFO: Reducing MW generators...
2022-01-14 11:35:24,038 INFO: Finished reducing MW generators.
2022-01-14 11:35:24,041 INFO: Skipped Chabauty because no base point (delta = ['64/5', '-12', '68/5', '-49', '154/5', '3'])
2022-01-14 11:35:24,041 INFO: Skipped Chabauty because no base point (delta = ['16', '-20', '17', '-65', '51', '5'])
2022-01-14 11:35:24,042 INFO: Skipped Chabauty because rank >= degree(g). (delta = ['1'], g = [-1, 1])
2022-01-14 11:35:24,042 INFO: Skipped Chabauty because MW group hasn't been provably computed. (delta = ['1'], g = [-4, 0, -4, 11, 1])
2022-01-14 11:35:24,042 INFO: Skipped Chabauty because rank >= degree(g). (delta = ['4', '-1', '5', '-11', '-1'], g = [-1, 1])
2022-01-14 11:35:24,042 INFO: Skipped Chabauty because MW group hasn't been provably computed. (delta = ['4', '-1', '5', '-11', '-1'], g = [-4, 0, -4, 11, 1])
2022-01-14 11:35:24,042 INFO: Skipped Chabauty because rank >= degree(g). (delta = ['4', '-5', '4', '-15', '10', '1'], g = [-1, 1])
2022-01-14 11:35:24,042 INFO: Skipped Chabauty because MW group hasn't been provably computed. (delta = ['4', '-5', '4', '-15', '10', '1'], g = [-4, 0, -4, 11, 1])
2022-01-14 11:35:24,042 INFO: Skipped Chabauty because no base point (delta = ['4/5', '-1'])
2022-01-14 11:35:24,042 INFO: Skipped Chabauty because no base point (delta = ['16/5', '-24/5', '5', '-69/5', '51/5', '1'])
2022-01-14 11:35:24,042 INFO: Skipped Chabauty because rank >= degree(g). (delta = ['16/5', '-4', '21/5', '-12', '8', '4/5'], g = [-1, 1])
2022-01-14 11:35:24,042 INFO: Skipped Chabauty because MW generators haven't been computed. (delta = ['16/5', '-4', '21/5', '-12', '8', '4/5'], g = [-4, 0, -4, 11, 1])
2022-01-14 11:35:24,156 INFO: Tasks complete. Recording data and exiting.
2022-02-12 16:51:55,801 INFO: Loaded curve data from file.
2022-02-12 16:51:55,801 INFO: Computing elliptic Chabauty map... (delta = ['1'], g = [-1, 1])
2022-02-12 16:52:06,220 INFO: Elliptic Chabauty map computed. (delta = ['1'], g = [-1, 1])
2022-02-12 16:52:06,223 INFO: Computing elliptic Chabauty map... (delta = ['1'], g = [-4, 0, -4, 11, 1])
2022-02-12 16:52:18,735 INFO: Elliptic Chabauty map computed. (delta = ['1'], g = [-4, 0, -4, 11, 1])
2022-02-12 16:52:18,738 INFO: Computing elliptic Chabauty map... (delta = ['4', '-1', '5', '-11', '-1'], g = [-1, 1])
2022-02-12 16:52:29,028 INFO: Elliptic Chabauty map computed. (delta = ['4', '-1', '5', '-11', '-1'], g = [-1, 1])
2022-02-12 16:52:29,030 INFO: Computing elliptic Chabauty map... (delta = ['4', '-1', '5', '-11', '-1'], g = [-4, 0, -4, 11, 1])
2022-02-12 16:52:41,436 INFO: Elliptic Chabauty map computed. (delta = ['4', '-1', '5', '-11', '-1'], g = [-4, 0, -4, 11, 1])
2022-02-12 16:52:41,439 INFO: Computing elliptic Chabauty map... (delta = ['4', '-5', '4', '-15', '10', '1'], g = [-1, 1])
2022-02-12 16:52:51,741 INFO: Elliptic Chabauty map computed. (delta = ['4', '-5', '4', '-15', '10', '1'], g = [-1, 1])
2022-02-12 16:52:51,744 INFO: Computing elliptic Chabauty map... (delta = ['4', '-5', '4', '-15', '10', '1'], g = [-4, 0, -4, 11, 1])
2022-02-12 16:53:04,100 INFO: Elliptic Chabauty map computed. (delta = ['4', '-5', '4', '-15', '10', '1'], g = [-4, 0, -4, 11, 1])
2022-02-12 16:53:04,103 INFO: Computing elliptic Chabauty map... (delta = ['16/5', '-4', '21/5', '-12', '8', '4/5'], g = [-1, 1])
2022-02-12 16:53:14,551 INFO: Elliptic Chabauty map computed. (delta = ['16/5', '-4', '21/5', '-12', '8', '4/5'], g = [-1, 1])
2022-02-12 16:53:14,554 INFO: Computing elliptic Chabauty map... (delta = ['16/5', '-4', '21/5', '-12', '8', '4/5'], g = [-4, 0, -4, 11, 1])
2022-02-12 16:53:27,126 INFO: Elliptic Chabauty map computed. (delta = ['16/5', '-4', '21/5', '-12', '8', '4/5'], g = [-4, 0, -4, 11, 1])
2022-02-12 16:53:27,131 INFO: Tasks complete. Recording data and exiting.
