2022-01-12 12:21:18,712 INFO: Initialized curve data.
2022-01-12 12:21:18,715 INFO: Setting up initial twist data...
2022-01-12 12:21:20,071 INFO: Twist setup complete.
2022-01-12 12:21:20,072 INFO: Searching for rational points on each twist...
2022-01-12 12:21:24,607 INFO: Finished searching for rational points on each twist.
2022-01-12 12:21:24,607 INFO: Testing local solvability of twists...
2022-01-12 12:21:32,213 INFO: Finished local solvability testing.
2022-01-12 12:21:32,215 INFO: Computing elliptic curve a-invariants...
2022-01-12 12:21:42,807 INFO: Finished computation of a-invariants.
2022-01-12 12:21:42,809 INFO: Computing MW group (delta = ['-1', '2', '1', '-2', '3', '-1'], g = [-1, 1])...
2022-01-12 12:21:43,254 INFO: Finished MW computation (delta = ['-1', '2', '1', '-2', '3', '-1'], g = [-1, 1])
2022-01-12 12:21:43,256 INFO: Computing MW group (delta = ['-1', '2', '1', '-2', '3', '-1'], g = [-1, 0, 0, -2, 1])...
2022-01-12 12:21:53,467 INFO: Finished MW computation (delta = ['-1', '2', '1', '-2', '3', '-1'], g = [-1, 0, 0, -2, 1])
2022-01-12 12:21:53,471 INFO: Computing MW group (delta = ['1', '-2', '0', '2', '-3', '1'], g = [-1, 1])...
2022-01-12 12:21:53,851 INFO: Finished MW computation (delta = ['1', '-2', '0', '2', '-3', '1'], g = [-1, 1])
2022-01-12 12:21:53,854 INFO: Computing MW group (delta = ['1', '-2', '0', '2', '-3', '1'], g = [-1, 0, 0, -2, 1])...
2022-01-12 12:22:03,993 INFO: Finished MW computation (delta = ['1', '-2', '0', '2', '-3', '1'], g = [-1, 0, 0, -2, 1])
2022-01-12 12:22:03,996 INFO: Skipped MW computation because no base point (delta = ['1', '-2', '1', '1', '-5', '2'])
2022-01-12 12:22:03,996 INFO: Computing MW group (delta = ['-1', '1', '-1', '-3', '3', '-1'], g = [-1, 1])...
2022-01-12 12:22:04,340 INFO: Finished MW computation (delta = ['-1', '1', '-1', '-3', '3', '-1'], g = [-1, 1])
2022-01-12 12:22:04,343 INFO: Computing MW group (delta = ['-1', '1', '-1', '-3', '3', '-1'], g = [-1, 0, 0, -2, 1])...
2022-01-12 12:22:14,999 INFO: Finished MW computation (delta = ['-1', '1', '-1', '-3', '3', '-1'], g = [-1, 0, 0, -2, 1])
2022-01-12 12:22:15,003 INFO: Computing MW group (delta = ['1', '-1', '1', '2', '-1'], g = [-1, 1])...
2022-01-12 12:22:15,373 INFO: Finished MW computation (delta = ['1', '-1', '1', '2', '-1'], g = [-1, 1])
2022-01-12 12:22:15,375 INFO: Computing MW group (delta = ['1', '-1', '1', '2', '-1'], g = [-1, 0, 0, -2, 1])...
2022-01-12 12:22:21,319 INFO: Finished MW computation (delta = ['1', '-1', '1', '2', '-1'], g = [-1, 0, 0, -2, 1])
2022-01-12 12:22:21,323 INFO: Computing MW group (delta = ['1'], g = [-1, 1])...
2022-01-12 12:22:21,712 INFO: Finished MW computation (delta = ['1'], g = [-1, 1])
2022-01-12 12:22:21,716 INFO: Computing MW group (delta = ['1'], g = [-1, 0, 0, -2, 1])...
2022-01-12 12:22:31,141 INFO: Finished MW computation (delta = ['1'], g = [-1, 0, 0, -2, 1])
2022-01-12 12:22:31,145 INFO: Skipped MW computation because no base point (delta = ['-1', '-1', '0', '-1', '-1'])
2022-01-12 12:22:31,145 INFO: Skipped MW computation because no base point (delta = ['-1', '3', '-1', '-2', '8', '-3'])
2022-01-12 12:22:31,148 INFO: Reducing MW generators...
2022-01-12 12:22:37,735 INFO: Finished reducing MW generators.
2022-01-12 12:22:37,738 INFO: Tasks complete. Recording data and exiting.
2022-01-14 11:32:22,049 INFO: Loaded curve data from file.
2022-01-14 11:32:22,050 INFO: Skipped Chabauty because rank >= degree(g). (delta = ['-1', '2', '1', '-2', '3', '-1'], g = [-1, 1])
2022-01-14 11:32:22,050 INFO: Running elliptic Chabauty (delta = ['-1', '2', '1', '-2', '3', '-1'], g = [-1, 0, 0, -2, 1])...
2022-01-14 11:32:30,786 INFO: Chabauty completed successfully (delta = ['-1', '2', '1', '-2', '3', '-1'], g = [-1, 0, 0, -2, 1]).
2022-01-14 11:32:30,790 INFO: Skipped Chabauty because rank >= degree(g). (delta = ['1', '-2', '0', '2', '-3', '1'], g = [-1, 1])
2022-01-14 11:32:30,790 INFO: Running elliptic Chabauty (delta = ['1', '-2', '0', '2', '-3', '1'], g = [-1, 0, 0, -2, 1])...
2022-01-14 11:32:39,875 INFO: Chabauty completed successfully (delta = ['1', '-2', '0', '2', '-3', '1'], g = [-1, 0, 0, -2, 1]).
2022-01-14 11:32:39,878 INFO: Skipped Chabauty because no base point (delta = ['1', '-2', '1', '1', '-5', '2'])
2022-01-14 11:32:39,878 INFO: Skipped Chabauty because rank >= degree(g). (delta = ['-1', '1', '-1', '-3', '3', '-1'], g = [-1, 1])
2022-01-14 11:32:39,878 INFO: Running elliptic Chabauty (delta = ['-1', '1', '-1', '-3', '3', '-1'], g = [-1, 0, 0, -2, 1])...
2022-01-14 11:32:48,039 INFO: Chabauty completed successfully (delta = ['-1', '1', '-1', '-3', '3', '-1'], g = [-1, 0, 0, -2, 1]).
2022-01-14 11:32:48,042 INFO: Skipped Chabauty because rank >= degree(g). (delta = ['1', '-1', '1', '2', '-1'], g = [-1, 1])
2022-01-14 11:32:48,042 INFO: Running elliptic Chabauty (delta = ['1', '-1', '1', '2', '-1'], g = [-1, 0, 0, -2, 1])...
2022-01-14 11:32:56,116 INFO: Chabauty completed successfully (delta = ['1', '-1', '1', '2', '-1'], g = [-1, 0, 0, -2, 1]).
2022-01-14 11:32:56,118 INFO: Skipped Chabauty because rank >= degree(g). (delta = ['1'], g = [-1, 1])
2022-01-14 11:32:56,118 INFO: Running elliptic Chabauty (delta = ['1'], g = [-1, 0, 0, -2, 1])...
2022-01-14 11:33:04,984 INFO: Chabauty completed successfully (delta = ['1'], g = [-1, 0, 0, -2, 1]).
2022-01-14 11:33:04,987 INFO: Skipped Chabauty because no base point (delta = ['-1', '-1', '0', '-1', '-1'])
2022-01-14 11:33:04,987 INFO: Skipped Chabauty because no base point (delta = ['-1', '3', '-1', '-2', '8', '-3'])
2022-01-14 11:33:05,246 INFO: Rational points successfully computed.
2022-01-14 11:33:05,249 INFO: Tasks complete. Recording data and exiting.
2022-02-12 17:10:52,374 INFO: Loaded curve data from file.
2022-02-12 17:10:52,374 INFO: Computing elliptic Chabauty map... (delta = ['-1', '2', '1', '-2', '3', '-1'], g = [-1, 1])
2022-02-12 17:11:00,891 INFO: Elliptic Chabauty map computed. (delta = ['-1', '2', '1', '-2', '3', '-1'], g = [-1, 1])
2022-02-12 17:11:00,895 INFO: Computing elliptic Chabauty map... (delta = ['-1', '2', '1', '-2', '3', '-1'], g = [-1, 0, 0, -2, 1])
2022-02-12 17:11:11,949 INFO: Elliptic Chabauty map computed. (delta = ['-1', '2', '1', '-2', '3', '-1'], g = [-1, 0, 0, -2, 1])
2022-02-12 17:11:11,952 INFO: Computing elliptic Chabauty map... (delta = ['1', '-2', '0', '2', '-3', '1'], g = [-1, 1])
2022-02-12 17:11:20,275 INFO: Elliptic Chabauty map computed. (delta = ['1', '-2', '0', '2', '-3', '1'], g = [-1, 1])
2022-02-12 17:11:20,279 INFO: Computing elliptic Chabauty map... (delta = ['1', '-2', '0', '2', '-3', '1'], g = [-1, 0, 0, -2, 1])
2022-02-12 17:11:31,510 INFO: Elliptic Chabauty map computed. (delta = ['1', '-2', '0', '2', '-3', '1'], g = [-1, 0, 0, -2, 1])
2022-02-12 17:11:31,514 INFO: Computing elliptic Chabauty map... (delta = ['-1', '1', '-1', '-3', '3', '-1'], g = [-1, 1])
2022-02-12 17:11:39,851 INFO: Elliptic Chabauty map computed. (delta = ['-1', '1', '-1', '-3', '3', '-1'], g = [-1, 1])
2022-02-12 17:11:39,855 INFO: Computing elliptic Chabauty map... (delta = ['-1', '1', '-1', '-3', '3', '-1'], g = [-1, 0, 0, -2, 1])
2022-02-12 17:11:50,642 INFO: Elliptic Chabauty map computed. (delta = ['-1', '1', '-1', '-3', '3', '-1'], g = [-1, 0, 0, -2, 1])
2022-02-12 17:11:50,646 INFO: Computing elliptic Chabauty map... (delta = ['1', '-1', '1', '2', '-1'], g = [-1, 1])
2022-02-12 17:11:59,175 INFO: Elliptic Chabauty map computed. (delta = ['1', '-1', '1', '2', '-1'], g = [-1, 1])
2022-02-12 17:11:59,180 INFO: Computing elliptic Chabauty map... (delta = ['1', '-1', '1', '2', '-1'], g = [-1, 0, 0, -2, 1])
2022-02-12 17:12:10,026 INFO: Elliptic Chabauty map computed. (delta = ['1', '-1', '1', '2', '-1'], g = [-1, 0, 0, -2, 1])
2022-02-12 17:12:10,031 INFO: Computing elliptic Chabauty map... (delta = ['1'], g = [-1, 1])
2022-02-12 17:12:18,431 INFO: Elliptic Chabauty map computed. (delta = ['1'], g = [-1, 1])
2022-02-12 17:12:18,435 INFO: Computing elliptic Chabauty map... (delta = ['1'], g = [-1, 0, 0, -2, 1])
2022-02-12 17:12:29,064 INFO: Elliptic Chabauty map computed. (delta = ['1'], g = [-1, 0, 0, -2, 1])
2022-02-12 17:12:29,068 INFO: Tasks complete. Recording data and exiting.
