2022-01-12 09:25:03,984 INFO: Initialized curve data.
2022-01-12 09:25:03,988 INFO: Setting up initial twist data...
2022-01-12 09:25:05,341 INFO: Twist setup complete.
2022-01-12 09:25:05,341 INFO: Searching for rational points on each twist...
2022-01-12 09:25:07,252 INFO: Finished searching for rational points on each twist.
2022-01-12 09:25:07,252 INFO: Testing local solvability of twists...
2022-01-12 09:25:15,923 INFO: Finished local solvability testing.
2022-01-12 09:25:15,925 INFO: Computing elliptic curve a-invariants...
2022-01-12 09:25:32,057 INFO: Finished computation of a-invariants.
2022-01-12 09:25:32,058 INFO: Computing MW group (delta = ['-1', '-1/2', '1'], g = [8, 21, -8, -40, 0, 20])...
2022-01-12 09:29:20,231 INFO: Finished MW computation (delta = ['-1', '-1/2', '1'], g = [8, 21, -8, -40, 0, 20])
2022-01-12 09:29:20,234 INFO: Computing MW group (delta = ['-8', '-20', '9', '40', '0', '-20'], g = [8, 21, -8, -40, 0, 20])...
2022-01-14 09:10:24,123 INFO: Loaded curve data from file.
2022-01-14 09:10:24,123 INFO: Reducing MW generators...
2022-01-14 09:10:24,758 INFO: Finished reducing MW generators.
2022-01-14 09:10:24,760 INFO: Running elliptic Chabauty (delta = ['-1', '-1/2', '1'], g = [8, 21, -8, -40, 0, 20])...
2022-01-14 09:10:35,340 INFO: Chabauty completed successfully (delta = ['-1', '-1/2', '1'], g = [8, 21, -8, -40, 0, 20]).
2022-01-14 09:10:35,345 INFO: Skipped Chabauty because MW generators haven't been computed. (delta = ['-8', '-20', '9', '40', '0', '-20'], g = [8, 21, -8, -40, 0, 20])
2022-01-14 09:10:35,345 INFO: Skipped Chabauty because MW generators haven't been computed. (delta = ['1'], g = [8, 21, -8, -40, 0, 20])
2022-01-14 09:10:35,346 INFO: Skipped Chabauty because no base point (delta = ['8', '20', '-19/2', '-79/2', '1', '20'])
2022-01-14 09:10:35,492 INFO: Tasks complete. Recording data and exiting.
