2022-01-11 15:10:12,567 INFO: Initialized curve data.
2022-01-11 15:10:12,570 INFO: Setting up initial twist data...
2022-01-11 15:10:13,460 INFO: Twist setup complete.
2022-01-11 15:10:13,461 INFO: Searching for rational points on each twist...
2022-01-11 15:10:15,039 INFO: Finished searching for rational points on each twist.
2022-01-11 15:10:15,039 INFO: Testing local solvability of twists...
2022-01-11 15:10:15,044 INFO: Finished local solvability testing.
2022-01-11 15:10:15,045 INFO: Computing elliptic curve a-invariants...
2022-01-11 15:10:27,612 INFO: Finished computation of a-invariants.
2022-01-11 15:10:27,613 INFO: Computing MW group (delta = ['1'], g = [-3, 11, -3, -7, 3, 1])...
2022-01-11 15:14:04,832 INFO: Finished MW computation (delta = ['1'], g = [-3, 11, -3, -7, 3, 1])
2022-01-11 15:14:04,836 INFO: Computing MW group (delta = ['-4', '10', '-3', '-7', '3', '1'], g = [-3, 11, -3, -7, 3, 1])...
2022-01-11 15:15:07,455 INFO: Finished MW computation (delta = ['-4', '10', '-3', '-7', '3', '1'], g = [-3, 11, -3, -7, 3, 1])
2022-01-11 15:15:07,457 INFO: Computing MW group (delta = ['49', '-175', '47', '111', '-48', '-16'], g = [-3, 11, -3, -7, 3, 1])...
2022-01-11 15:16:47,186 INFO: Finished MW computation (delta = ['49', '-175', '47', '111', '-48', '-16'], g = [-3, 11, -3, -7, 3, 1])
2022-01-11 15:16:47,189 INFO: Computing MW group (delta = ['-7', '22', '-5', '-14', '6', '2'], g = [-3, 11, -3, -7, 3, 1])...
2022-01-11 15:20:58,694 INFO: Finished MW computation (delta = ['-7', '22', '-5', '-14', '6', '2'], g = [-3, 11, -3, -7, 3, 1])
2022-01-11 15:20:58,700 INFO: Reducing MW generators...
2022-01-11 15:21:02,526 INFO: Finished reducing MW generators.
2022-01-11 15:21:02,528 INFO: Tasks complete. Recording data and exiting.
2022-01-14 09:07:23,192 INFO: Loaded curve data from file.
2022-01-14 09:07:23,192 INFO: Running elliptic Chabauty (delta = ['1'], g = [-3, 11, -3, -7, 3, 1])...
2022-01-14 09:07:43,870 INFO: Chabauty completed successfully (delta = ['1'], g = [-3, 11, -3, -7, 3, 1]).
2022-01-14 09:07:43,873 INFO: Running elliptic Chabauty (delta = ['-4', '10', '-3', '-7', '3', '1'], g = [-3, 11, -3, -7, 3, 1])...
2022-01-14 09:08:12,833 INFO: Chabauty completed successfully (delta = ['-4', '10', '-3', '-7', '3', '1'], g = [-3, 11, -3, -7, 3, 1]).
2022-01-14 09:08:12,835 INFO: Skipped Chabauty because MW group hasn't been provably computed. (delta = ['49', '-175', '47', '111', '-48', '-16'], g = [-3, 11, -3, -7, 3, 1])
2022-01-14 09:08:12,835 INFO: Running elliptic Chabauty (delta = ['-7', '22', '-5', '-14', '6', '2'], g = [-3, 11, -3, -7, 3, 1])...
2022-01-14 09:09:04,178 INFO: Chabauty completed successfully (delta = ['-7', '22', '-5', '-14', '6', '2'], g = [-3, 11, -3, -7, 3, 1]).
2022-01-14 09:09:04,303 INFO: Tasks complete. Recording data and exiting.
