2022-01-13 21:55:03,237 INFO: Initialized curve data.
2022-01-13 21:55:03,240 INFO: Setting up initial twist data...
2022-01-13 21:55:04,695 INFO: Twist setup complete.
2022-01-13 21:55:04,695 INFO: Searching for rational points on each twist...
2022-01-13 21:55:08,348 INFO: Finished searching for rational points on each twist.
2022-01-13 21:55:08,348 INFO: Testing local solvability of twists...
2022-01-13 21:55:10,795 INFO: Finished local solvability testing.
2022-01-13 21:55:10,797 INFO: Computing elliptic curve a-invariants...
2022-01-13 21:55:37,157 INFO: Finished computation of a-invariants.
2022-01-13 21:55:37,159 INFO: Skipped MW computation because no base point (delta = ['-4', '1', '15', '-1', '-20', '-9'])
2022-01-13 21:55:37,159 INFO: Computing MW group (delta = ['-4', '1', '17', '0', '-20', '-9'], g = [4, 0, -16, 0, 20, 9])...
2022-01-13 21:57:18,475 INFO: Finished MW computation (delta = ['-4', '1', '17', '0', '-20', '-9'], g = [4, 0, -16, 0, 20, 9])
2022-01-13 21:57:18,478 INFO: Computing MW group (delta = ['4', '-1', '-16', '0', '20', '9'], g = [4, 0, -16, 0, 20, 9])...
2022-01-14 11:38:17,499 INFO: Loaded curve data from file.
2022-01-14 11:38:17,499 INFO: Reducing MW generators...
2022-01-14 11:38:17,682 INFO: Finished reducing MW generators.
2022-01-14 11:38:17,684 INFO: Skipped Chabauty because no base point (delta = ['-4', '1', '15', '-1', '-20', '-9'])
2022-01-14 11:38:17,684 INFO: Skipped Chabauty because MW group hasn't been provably computed. (delta = ['-4', '1', '17', '0', '-20', '-9'], g = [4, 0, -16, 0, 20, 9])
2022-01-14 11:38:17,684 INFO: Skipped Chabauty because MW generators haven't been computed. (delta = ['4', '-1', '-16', '0', '20', '9'], g = [4, 0, -16, 0, 20, 9])
2022-01-14 11:38:17,684 INFO: Skipped Chabauty because MW generators haven't been computed. (delta = ['16', '0', '-63', '0', '78', '35'], g = [4, 0, -16, 0, 20, 9])
2022-01-14 11:38:17,684 INFO: Skipped Chabauty because MW generators haven't been computed. (delta = ['1'], g = [4, 0, -16, 0, 20, 9])
2022-01-14 11:38:17,684 INFO: Skipped Chabauty because MW generators haven't been computed. (delta = ['-1', '1', '1'], g = [4, 0, -16, 0, 20, 9])
2022-01-14 11:38:17,684 INFO: Skipped Chabauty because no base point (delta = ['-16', '0', '63', '-1', '-80', '-36'])
2022-01-14 11:38:17,684 INFO: Skipped Chabauty because MW generators haven't been computed. (delta = ['4', '-1', '-16', '2', '21', '9'], g = [4, 0, -16, 0, 20, 9])
2022-01-14 11:38:17,742 INFO: Tasks complete. Recording data and exiting.
2022-02-12 17:05:27,269 INFO: Loaded curve data from file.
2022-02-12 17:05:27,269 INFO: Computing elliptic Chabauty map... (delta = ['-4', '1', '17', '0', '-20', '-9'], g = [4, 0, -16, 0, 20, 9])
2022-02-12 17:05:38,941 INFO: Elliptic Chabauty map computed. (delta = ['-4', '1', '17', '0', '-20', '-9'], g = [4, 0, -16, 0, 20, 9])
2022-02-12 17:05:38,944 INFO: Computing elliptic Chabauty map... (delta = ['4', '-1', '-16', '0', '20', '9'], g = [4, 0, -16, 0, 20, 9])
2022-02-12 17:05:50,429 INFO: Elliptic Chabauty map computed. (delta = ['4', '-1', '-16', '0', '20', '9'], g = [4, 0, -16, 0, 20, 9])
2022-02-12 17:05:50,431 INFO: Computing elliptic Chabauty map... (delta = ['16', '0', '-63', '0', '78', '35'], g = [4, 0, -16, 0, 20, 9])
2022-02-12 17:06:02,012 INFO: Elliptic Chabauty map computed. (delta = ['16', '0', '-63', '0', '78', '35'], g = [4, 0, -16, 0, 20, 9])
2022-02-12 17:06:02,015 INFO: Computing elliptic Chabauty map... (delta = ['1'], g = [4, 0, -16, 0, 20, 9])
2022-02-12 17:06:13,372 INFO: Elliptic Chabauty map computed. (delta = ['1'], g = [4, 0, -16, 0, 20, 9])
2022-02-12 17:06:13,375 INFO: Computing elliptic Chabauty map... (delta = ['-1', '1', '1'], g = [4, 0, -16, 0, 20, 9])
2022-02-12 17:06:24,594 INFO: Elliptic Chabauty map computed. (delta = ['-1', '1', '1'], g = [4, 0, -16, 0, 20, 9])
2022-02-12 17:06:24,597 INFO: Computing elliptic Chabauty map... (delta = ['4', '-1', '-16', '2', '21', '9'], g = [4, 0, -16, 0, 20, 9])
2022-02-12 17:06:35,864 INFO: Elliptic Chabauty map computed. (delta = ['4', '-1', '-16', '2', '21', '9'], g = [4, 0, -16, 0, 20, 9])
2022-02-12 17:06:35,868 INFO: Tasks complete. Recording data and exiting.
