2022-01-13 21:54:43,521 INFO: Initialized curve data.
2022-01-13 21:54:43,524 INFO: Setting up initial twist data...
2022-01-13 21:54:45,007 INFO: Twist setup complete.
2022-01-13 21:54:45,007 INFO: Searching for rational points on each twist...
2022-01-13 21:54:46,937 INFO: Finished searching for rational points on each twist.
2022-01-13 21:54:46,938 INFO: Testing local solvability of twists...
2022-01-13 21:54:50,737 INFO: Finished local solvability testing.
2022-01-13 21:54:50,738 INFO: Computing elliptic curve a-invariants...
2022-01-13 21:54:57,886 INFO: Finished computation of a-invariants.
2022-01-13 21:54:57,888 INFO: Skipped MW computation because no base point (delta = ['1', '-1', '1'])
2022-01-13 21:54:57,888 INFO: Computing MW group (delta = ['4', '-4', '7', '-3', '4', '-4'], g = [-4, 3, -6, 3, -4, 4])...
2022-01-13 22:32:14,572 INFO: Finished MW computation (delta = ['4', '-4', '7', '-3', '4', '-4'], g = [-4, 3, -6, 3, -4, 4])
2022-01-13 22:32:14,577 INFO: Computing MW group (delta = ['1'], g = [-4, 3, -6, 3, -4, 4])...
2022-01-13 23:03:20,284 INFO: Finished MW computation (delta = ['1'], g = [-4, 3, -6, 3, -4, 4])
2022-01-13 23:03:20,287 INFO: Computing MW group (delta = ['4', '-4', '8', '-5', '5', '-4'], g = [-4, 3, -6, 3, -4, 4])...
2022-01-14 11:35:21,073 INFO: Loaded curve data from file.
2022-01-14 11:35:21,073 INFO: Reducing MW generators...
2022-01-14 11:35:21,589 INFO: Finished reducing MW generators.
2022-01-14 11:35:21,612 INFO: Skipped Chabauty because no base point (delta = ['1', '-1', '1'])
2022-01-14 11:35:21,612 INFO: Skipped Chabauty because MW group hasn't been provably computed. (delta = ['4', '-4', '7', '-3', '4', '-4'], g = [-4, 3, -6, 3, -4, 4])
2022-01-14 11:35:21,612 INFO: Skipped Chabauty because MW group hasn't been provably computed. (delta = ['1'], g = [-4, 3, -6, 3, -4, 4])
2022-01-14 11:35:21,612 INFO: Skipped Chabauty because MW generators haven't been computed. (delta = ['4', '-4', '8', '-5', '5', '-4'], g = [-4, 3, -6, 3, -4, 4])
2022-01-14 11:35:21,702 INFO: Tasks complete. Recording data and exiting.
2022-02-12 16:52:12,001 INFO: Loaded curve data from file.
2022-02-12 16:52:12,002 INFO: Computing elliptic Chabauty map... (delta = ['4', '-4', '7', '-3', '4', '-4'], g = [-4, 3, -6, 3, -4, 4])
2022-02-12 16:52:26,182 INFO: Elliptic Chabauty map computed. (delta = ['4', '-4', '7', '-3', '4', '-4'], g = [-4, 3, -6, 3, -4, 4])
2022-02-12 16:52:26,184 INFO: Computing elliptic Chabauty map... (delta = ['1'], g = [-4, 3, -6, 3, -4, 4])
2022-02-12 16:52:40,276 INFO: Elliptic Chabauty map computed. (delta = ['1'], g = [-4, 3, -6, 3, -4, 4])
2022-02-12 16:52:40,278 INFO: Computing elliptic Chabauty map... (delta = ['4', '-4', '8', '-5', '5', '-4'], g = [-4, 3, -6, 3, -4, 4])
2022-02-12 16:52:54,423 INFO: Elliptic Chabauty map computed. (delta = ['4', '-4', '8', '-5', '5', '-4'], g = [-4, 3, -6, 3, -4, 4])
2022-02-12 16:52:54,425 INFO: Tasks complete. Recording data and exiting.
