2022-01-12 09:25:31,802 INFO: Initialized curve data.
2022-01-12 09:25:31,804 INFO: Setting up initial twist data...
2022-01-12 09:25:33,011 INFO: Twist setup complete.
2022-01-12 09:25:33,011 INFO: Searching for rational points on each twist...
2022-01-12 09:25:35,679 INFO: Finished searching for rational points on each twist.
2022-01-12 09:25:35,679 INFO: Testing local solvability of twists...
2022-01-12 09:25:48,856 INFO: Finished local solvability testing.
2022-01-12 09:25:48,858 INFO: Computing elliptic curve a-invariants...
2022-01-12 09:26:03,203 INFO: Finished computation of a-invariants.
2022-01-12 09:26:03,205 INFO: Skipped MW computation because no base point (delta = ['-4', '-37', '-34', '35', '20', '4'])
2022-01-12 09:26:03,205 INFO: Computing MW group (delta = ['1'], g = [-1, -9, -9, 9, 5, 1])...
2022-01-12 09:49:19,301 INFO: Finished MW computation (delta = ['1'], g = [-1, -9, -9, 9, 5, 1])
2022-01-12 09:49:19,304 INFO: Computing MW group (delta = ['1', '8', '10', '-9', '-5', '-1'], g = [-1, -9, -9, 9, 5, 1])...
2022-01-12 10:00:11,082 INFO: Finished MW computation (delta = ['1', '8', '10', '-9', '-5', '-1'], g = [-1, -9, -9, 9, 5, 1])
2022-01-12 10:00:11,084 INFO: Computing MW group (delta = ['0', '-10', '-9', '9', '5', '1'], g = [-1, -9, -9, 9, 5, 1])...
2022-01-12 10:11:12,628 INFO: Finished MW computation (delta = ['0', '-10', '-9', '9', '5', '1'], g = [-1, -9, -9, 9, 5, 1])
2022-01-12 10:11:12,632 INFO: Reducing MW generators...
2022-01-12 10:11:15,680 INFO: Finished reducing MW generators.
2022-01-12 10:11:15,682 INFO: Tasks complete. Recording data and exiting.
2022-01-14 09:10:45,658 INFO: Loaded curve data from file.
2022-01-14 09:10:45,659 INFO: Skipped Chabauty because no base point (delta = ['-4', '-37', '-34', '35', '20', '4'])
2022-01-14 09:10:45,659 INFO: Running elliptic Chabauty (delta = ['1'], g = [-1, -9, -9, 9, 5, 1])...
2022-01-14 09:11:02,314 INFO: Chabauty completed successfully (delta = ['1'], g = [-1, -9, -9, 9, 5, 1]).
2022-01-14 09:11:02,316 INFO: Running elliptic Chabauty (delta = ['1', '8', '10', '-9', '-5', '-1'], g = [-1, -9, -9, 9, 5, 1])...
2022-01-14 09:11:15,021 INFO: Chabauty completed successfully (delta = ['1', '8', '10', '-9', '-5', '-1'], g = [-1, -9, -9, 9, 5, 1]).
2022-01-14 09:11:15,032 INFO: Running elliptic Chabauty (delta = ['0', '-10', '-9', '9', '5', '1'], g = [-1, -9, -9, 9, 5, 1])...
2022-01-14 09:12:31,922 INFO: Chabauty completed successfully (delta = ['0', '-10', '-9', '9', '5', '1'], g = [-1, -9, -9, 9, 5, 1]).
2022-01-14 09:12:32,261 INFO: Rational points successfully computed.
2022-01-14 09:12:32,289 INFO: Tasks complete. Recording data and exiting.
