2022-01-12 12:25:08,506 INFO: Initialized curve data.
2022-01-12 12:25:08,508 INFO: Setting up initial twist data...
2022-01-12 12:25:10,201 INFO: Twist setup complete.
2022-01-12 12:25:10,201 INFO: Searching for rational points on each twist...
2022-01-12 12:25:12,900 INFO: Finished searching for rational points on each twist.
2022-01-12 12:25:12,900 INFO: Testing local solvability of twists...
2022-01-12 12:25:30,918 INFO: Finished local solvability testing.
2022-01-12 12:25:30,920 INFO: Computing elliptic curve a-invariants...
2022-01-12 12:25:33,876 INFO: Finished computation of a-invariants.
2022-01-12 12:25:33,878 INFO: Skipped MW computation because no base point (delta = ['2/3', '7/3', '11/3', '17/6', '1'])
2022-01-12 12:25:33,878 INFO: Computing MW group (delta = ['-8', '-35', '-67', '-61', '-25'], g = [1, 1])...
2022-01-12 12:25:34,306 INFO: Finished MW computation (delta = ['-8', '-35', '-67', '-61', '-25'], g = [1, 1])
2022-01-12 12:25:34,309 INFO: Computing MW group (delta = ['-8', '-35', '-67', '-61', '-25'], g = [8, 36, 68, 61, 25])...
2022-01-12 12:25:49,894 INFO: Finished MW computation (delta = ['-8', '-35', '-67', '-61', '-25'], g = [8, 36, 68, 61, 25])
2022-01-12 12:25:49,898 INFO: Computing MW group (delta = ['2/3', '4/3', '1'], g = [1, 1])...
2022-01-12 12:25:50,429 INFO: Finished MW computation (delta = ['2/3', '4/3', '1'], g = [1, 1])
2022-01-12 12:25:50,433 INFO: Computing MW group (delta = ['2/3', '4/3', '1'], g = [8, 36, 68, 61, 25])...
2022-01-12 12:26:24,040 INFO: Finished MW computation (delta = ['2/3', '4/3', '1'], g = [8, 36, 68, 61, 25])
2022-01-12 12:26:24,043 INFO: Computing MW group (delta = ['1'], g = [1, 1])...
2022-01-12 12:26:24,529 INFO: Finished MW computation (delta = ['1'], g = [1, 1])
2022-01-12 12:26:24,534 INFO: Computing MW group (delta = ['1'], g = [8, 36, 68, 61, 25])...
2022-01-12 12:26:45,433 INFO: Finished MW computation (delta = ['1'], g = [8, 36, 68, 61, 25])
2022-01-12 12:26:45,436 INFO: Skipped MW computation because no base point (delta = ['1', '3/2', '1'])
2022-01-12 12:26:45,436 INFO: Skipped MW computation because no base point (delta = ['-8', '-39', '-167/2', '-185/2', '-109/2', '-25/2'])
2022-01-12 12:26:45,436 INFO: Computing MW group (delta = ['-16/3', '-2074/75', '-4657/75', '-5462/75', '-3437/75', '-908/75'], g = [1, 1])...
2022-01-12 12:26:45,976 INFO: Finished MW computation (delta = ['-16/3', '-2074/75', '-4657/75', '-5462/75', '-3437/75', '-908/75'], g = [1, 1])
2022-01-12 12:26:45,982 INFO: Computing MW group (delta = ['-16/3', '-2074/75', '-4657/75', '-5462/75', '-3437/75', '-908/75'], g = [8, 36, 68, 61, 25])...
2022-01-12 12:37:48,918 INFO: Finished MW computation (delta = ['-16/3', '-2074/75', '-4657/75', '-5462/75', '-3437/75', '-908/75'], g = [8, 36, 68, 61, 25])
2022-01-12 12:37:48,924 INFO: Skipped MW computation because no base point (delta = ['-16/3', '-26', '-166/3', '-61', '-36', '-25/3'])
2022-01-12 12:37:48,928 INFO: Reducing MW generators...
2022-01-12 12:37:54,572 INFO: Finished reducing MW generators.
2022-01-12 12:37:54,577 INFO: Tasks complete. Recording data and exiting.
