2022-01-12 12:25:08,586 INFO: Initialized curve data.
2022-01-12 12:25:08,591 INFO: Setting up initial twist data...
2022-01-12 12:25:09,524 INFO: Twist setup complete.
2022-01-12 12:25:09,524 INFO: Searching for rational points on each twist...
2022-01-12 12:25:11,058 INFO: Finished searching for rational points on each twist.
2022-01-12 12:25:11,058 INFO: Testing local solvability of twists...
2022-01-12 12:25:11,063 INFO: Finished local solvability testing.
2022-01-12 12:25:11,064 INFO: Computing elliptic curve a-invariants...
2022-01-12 12:25:18,175 INFO: Finished computation of a-invariants.
2022-01-12 12:25:18,177 INFO: Computing MW group (delta = ['16', '-16', '49', '-33', '16', '4'], g = [4, -4, 12, -8, 4, 1])...
2022-01-12 12:26:04,180 INFO: Finished MW computation (delta = ['16', '-16', '49', '-33', '16', '4'], g = [4, -4, 12, -8, 4, 1])
2022-01-12 12:26:04,182 INFO: Computing MW group (delta = ['4', '-5', '13', '-8', '4', '1'], g = [4, -4, 12, -8, 4, 1])...
2022-01-12 12:27:25,400 INFO: Finished MW computation (delta = ['4', '-5', '13', '-8', '4', '1'], g = [4, -4, 12, -8, 4, 1])
2022-01-12 12:27:25,402 INFO: Computing MW group (delta = ['1'], g = [4, -4, 12, -8, 4, 1])...
2022-01-12 12:33:34,602 INFO: Finished MW computation (delta = ['1'], g = [4, -4, 12, -8, 4, 1])
2022-01-12 12:33:34,605 INFO: Computing MW group (delta = ['4', '-5', '12', '-8', '4', '1'], g = [4, -4, 12, -8, 4, 1])...
2022-01-12 12:37:16,620 INFO: Finished MW computation (delta = ['4', '-5', '12', '-8', '4', '1'], g = [4, -4, 12, -8, 4, 1])
2022-01-12 12:37:16,626 INFO: Reducing MW generators...
2022-01-12 12:37:19,273 INFO: Finished reducing MW generators.
2022-01-12 12:37:19,275 INFO: Tasks complete. Recording data and exiting.
2022-01-14 11:32:32,641 INFO: Loaded curve data from file.
2022-01-14 11:32:32,642 INFO: Skipped Chabauty because MW group hasn't been provably computed. (delta = ['16', '-16', '49', '-33', '16', '4'], g = [4, -4, 12, -8, 4, 1])
2022-01-14 11:32:32,642 INFO: Skipped Chabauty because MW group hasn't been provably computed. (delta = ['4', '-5', '13', '-8', '4', '1'], g = [4, -4, 12, -8, 4, 1])
2022-01-14 11:32:32,643 INFO: Running elliptic Chabauty (delta = ['1'], g = [4, -4, 12, -8, 4, 1])...
2022-01-14 11:32:43,647 INFO: Chabauty completed successfully (delta = ['1'], g = [4, -4, 12, -8, 4, 1]).
2022-01-14 11:32:43,650 INFO: Skipped Chabauty because MW group hasn't been provably computed. (delta = ['4', '-5', '12', '-8', '4', '1'], g = [4, -4, 12, -8, 4, 1])
2022-01-14 11:32:43,692 INFO: Tasks complete. Recording data and exiting.
