2022-01-14 12:17:27,311 INFO: Initialized curve data.
2022-01-14 12:17:28,383 INFO: Setting up initial twist data...
2022-01-14 12:17:30,496 INFO: Twist setup complete.
2022-01-14 12:17:30,497 INFO: Searching for rational points on each twist...
2022-01-14 12:17:32,846 INFO: Finished searching for rational points on each twist.
2022-01-14 12:17:32,846 INFO: Testing local solvability of twists...
2022-01-14 12:17:33,340 INFO: Finished local solvability testing.
2022-01-14 12:17:33,427 INFO: Computing elliptic curve a-invariants...
2022-01-14 12:17:45,580 INFO: Finished computation of a-invariants.
2022-01-14 12:17:45,582 INFO: Computing MW group (delta = ['-9/2', '0', '1'], g = [-20, 16, 4, -4, 2, 1])...
2022-01-14 15:52:19,548 INFO: Loaded curve data from file.
2022-01-14 15:52:19,548 INFO: Reducing MW generators...
2022-01-14 15:52:19,548 INFO: Finished reducing MW generators.
2022-01-14 15:52:19,550 INFO: Skipped Chabauty because MW generators haven't been computed. (delta = ['-9/2', '0', '1'], g = [-20, 16, 4, -4, 2, 1])
2022-01-14 15:52:19,550 INFO: Skipped Chabauty because MW generators haven't been computed. (delta = ['19', '-7/2', '-4', '1', '-1', '-1/2'], g = [-20, 16, 4, -4, 2, 1])
2022-01-14 15:52:19,551 INFO: Skipped Chabauty because MW generators haven't been computed. (delta = ['1'], g = [-20, 16, 4, -4, 2, 1])
2022-01-14 15:52:19,551 INFO: Skipped Chabauty because MW generators haven't been computed. (delta = ['-22', '15', '4', '-4', '2', '1'], g = [-20, 16, 4, -4, 2, 1])
2022-01-14 15:52:19,553 INFO: Tasks complete. Recording data and exiting.
2022-02-12 17:10:41,972 INFO: Loaded curve data from file.
2022-02-12 17:10:41,972 INFO: Computing elliptic Chabauty map... (delta = ['-9/2', '0', '1'], g = [-20, 16, 4, -4, 2, 1])
2022-02-12 17:10:55,251 INFO: Elliptic Chabauty map computed. (delta = ['-9/2', '0', '1'], g = [-20, 16, 4, -4, 2, 1])
2022-02-12 17:10:55,253 INFO: Computing elliptic Chabauty map... (delta = ['19', '-7/2', '-4', '1', '-1', '-1/2'], g = [-20, 16, 4, -4, 2, 1])
2022-02-12 17:11:08,727 INFO: Elliptic Chabauty map computed. (delta = ['19', '-7/2', '-4', '1', '-1', '-1/2'], g = [-20, 16, 4, -4, 2, 1])
2022-02-12 17:11:08,729 INFO: Computing elliptic Chabauty map... (delta = ['1'], g = [-20, 16, 4, -4, 2, 1])
2022-02-12 17:11:21,873 INFO: Elliptic Chabauty map computed. (delta = ['1'], g = [-20, 16, 4, -4, 2, 1])
2022-02-12 17:11:21,876 INFO: Computing elliptic Chabauty map... (delta = ['-22', '15', '4', '-4', '2', '1'], g = [-20, 16, 4, -4, 2, 1])
2022-02-12 17:11:35,045 INFO: Elliptic Chabauty map computed. (delta = ['-22', '15', '4', '-4', '2', '1'], g = [-20, 16, 4, -4, 2, 1])
2022-02-12 17:11:35,047 INFO: Tasks complete. Recording data and exiting.
