2022-01-12 09:26:00,624 INFO: Initialized curve data.
2022-01-12 09:26:00,627 INFO: Setting up initial twist data...
2022-01-12 09:26:01,749 INFO: Twist setup complete.
2022-01-12 09:26:01,749 INFO: Searching for rational points on each twist...
2022-01-12 09:26:03,350 INFO: Finished searching for rational points on each twist.
2022-01-12 09:26:03,350 INFO: Testing local solvability of twists...
2022-01-12 09:26:16,023 INFO: Finished local solvability testing.
2022-01-12 09:26:16,025 INFO: Computing elliptic curve a-invariants...
2022-01-12 09:26:38,975 INFO: Finished computation of a-invariants.
2022-01-12 09:26:38,976 INFO: Skipped MW computation because no base point (delta = ['1/5', '-2/5', '-8/5', '8/5', '31/5', '19/5'])
2022-01-12 09:26:38,976 INFO: Computing MW group (delta = ['1'], g = [1, -1, -9, 1, 26, 19])...
2022-01-12 09:27:42,580 INFO: Finished MW computation (delta = ['1'], g = [1, -1, -9, 1, 26, 19])
2022-01-12 09:27:42,583 INFO: Skipped MW computation because no base point (delta = ['-1/5', '2/5', '1'])
2022-01-12 09:27:42,583 INFO: Computing MW group (delta = ['-1', '2', '10', '-1', '-26', '-19'], g = [1, -1, -9, 1, 26, 19])...
2022-01-12 10:09:46,977 INFO: Finished MW computation (delta = ['-1', '2', '10', '-1', '-26', '-19'], g = [1, -1, -9, 1, 26, 19])
2022-01-12 10:09:46,982 INFO: Reducing MW generators...
2022-01-12 10:09:48,929 INFO: Finished reducing MW generators.
2022-01-12 10:09:48,932 INFO: Tasks complete. Recording data and exiting.
2022-01-14 09:12:17,985 INFO: Loaded curve data from file.
2022-01-14 09:12:17,986 INFO: Skipped Chabauty because no base point (delta = ['1/5', '-2/5', '-8/5', '8/5', '31/5', '19/5'])
2022-01-14 09:12:17,986 INFO: Running elliptic Chabauty (delta = ['1'], g = [1, -1, -9, 1, 26, 19])...
2022-01-14 09:13:00,876 INFO: Chabauty completed successfully (delta = ['1'], g = [1, -1, -9, 1, 26, 19]).
2022-01-14 09:13:00,879 INFO: Skipped Chabauty because no base point (delta = ['-1/5', '2/5', '1'])
2022-01-14 09:13:00,879 INFO: Running elliptic Chabauty (delta = ['-1', '2', '10', '-1', '-26', '-19'], g = [1, -1, -9, 1, 26, 19])...
2022-01-14 09:13:46,382 INFO: Chabauty completed successfully (delta = ['-1', '2', '10', '-1', '-26', '-19'], g = [1, -1, -9, 1, 26, 19]).
2022-01-14 09:13:46,659 INFO: Rational points successfully computed.
2022-01-14 09:13:46,661 INFO: Tasks complete. Recording data and exiting.
