2022-01-12 09:25:22,418 INFO: Initialized curve data.
2022-01-12 09:25:22,424 INFO: Setting up initial twist data...
2022-01-12 09:25:23,524 INFO: Twist setup complete.
2022-01-12 09:25:23,525 INFO: Searching for rational points on each twist...
2022-01-12 09:25:25,417 INFO: Finished searching for rational points on each twist.
2022-01-12 09:25:25,418 INFO: Testing local solvability of twists...
2022-01-12 09:25:29,660 INFO: Finished local solvability testing.
2022-01-12 09:25:29,661 INFO: Computing elliptic curve a-invariants...
2022-01-12 09:25:43,507 INFO: Finished computation of a-invariants.
2022-01-12 09:25:43,508 INFO: Computing MW group (delta = ['4', '0', '-5', '5', '1', '-4'], g = [-4, -1, 4, -4, 0, 4])...
2022-01-12 09:26:32,786 INFO: Finished MW computation (delta = ['4', '0', '-5', '5', '1', '-4'], g = [-4, -1, 4, -4, 0, 4])
2022-01-12 09:26:32,788 INFO: Skipped MW computation because no base point (delta = ['-1', '0', '1'])
2022-01-12 09:26:32,788 INFO: Computing MW group (delta = ['1'], g = [-4, -1, 4, -4, 0, 4])...
2022-01-12 09:27:02,324 INFO: Finished MW computation (delta = ['1'], g = [-4, -1, 4, -4, 0, 4])
2022-01-12 09:27:02,326 INFO: Computing MW group (delta = ['-4', '0', '5', '-4', '0', '4'], g = [-4, -1, 4, -4, 0, 4])...
2022-01-12 09:27:44,630 INFO: Finished MW computation (delta = ['-4', '0', '5', '-4', '0', '4'], g = [-4, -1, 4, -4, 0, 4])
2022-01-12 09:27:44,635 INFO: Reducing MW generators...
2022-01-12 09:27:46,764 INFO: Finished reducing MW generators.
2022-01-12 09:27:46,766 INFO: Tasks complete. Recording data and exiting.
2022-01-14 09:10:24,573 INFO: Loaded curve data from file.
2022-01-14 09:10:24,575 INFO: Running elliptic Chabauty (delta = ['4', '0', '-5', '5', '1', '-4'], g = [-4, -1, 4, -4, 0, 4])...
2022-01-14 09:10:37,302 INFO: Chabauty completed successfully (delta = ['4', '0', '-5', '5', '1', '-4'], g = [-4, -1, 4, -4, 0, 4]).
2022-01-14 09:10:37,305 INFO: Skipped Chabauty because no base point (delta = ['-1', '0', '1'])
2022-01-14 09:10:37,305 INFO: Running elliptic Chabauty (delta = ['1'], g = [-4, -1, 4, -4, 0, 4])...
2022-01-14 09:10:47,902 INFO: Chabauty completed successfully (delta = ['1'], g = [-4, -1, 4, -4, 0, 4]).
2022-01-14 09:10:47,903 INFO: Skipped Chabauty because MW group hasn't been provably computed. (delta = ['-4', '0', '5', '-4', '0', '4'], g = [-4, -1, 4, -4, 0, 4])
2022-01-14 09:10:48,011 INFO: Tasks complete. Recording data and exiting.
