2022-01-11 12:32:45,645 INFO: Initialized curve data.
2022-01-11 12:32:45,647 INFO: Setting up initial twist data...
2022-01-11 12:32:46,483 INFO: Twist setup complete.
2022-01-11 12:32:46,483 INFO: Searching for rational points on each twist...
2022-01-11 12:32:47,751 INFO: Finished searching for rational points on each twist.
2022-01-11 12:32:47,751 INFO: Testing local solvability of twists...
2022-01-11 12:32:47,757 INFO: Finished local solvability testing.
2022-01-11 12:32:47,758 INFO: Computing elliptic curve a-invariants...
2022-01-11 12:33:00,787 INFO: Finished computation of a-invariants.
2022-01-11 12:33:00,789 INFO: Computing MW group (delta = ['1'], g = [4, -4, -8, 0, 0, 1])...
2022-01-11 12:33:24,448 INFO: Finished MW computation (delta = ['1'], g = [4, -4, -8, 0, 0, 1])
2022-01-11 12:33:24,451 INFO: Computing MW group (delta = ['-16', '16', '31', '-1', '0', '-4'], g = [4, -4, -8, 0, 0, 1])...
2022-01-11 12:34:49,448 INFO: Finished MW computation (delta = ['-16', '16', '31', '-1', '0', '-4'], g = [4, -4, -8, 0, 0, 1])
2022-01-11 12:34:49,451 INFO: Computing MW group (delta = ['-4', '5', '9', '0', '0', '-1'], g = [4, -4, -8, 0, 0, 1])...
2022-01-11 12:35:26,598 INFO: Finished MW computation (delta = ['-4', '5', '9', '0', '0', '-1'], g = [4, -4, -8, 0, 0, 1])
2022-01-11 12:35:26,601 INFO: Computing MW group (delta = ['4', '-5', '-8', '0', '0', '1'], g = [4, -4, -8, 0, 0, 1])...
2022-01-11 12:35:46,155 INFO: Finished MW computation (delta = ['4', '-5', '-8', '0', '0', '1'], g = [4, -4, -8, 0, 0, 1])
2022-01-11 12:35:46,162 INFO: Reducing MW generators...
2022-01-11 12:35:47,945 INFO: Finished reducing MW generators.
2022-01-11 12:35:48,011 INFO: Tasks complete. Recording data and exiting.
2022-01-13 17:36:55,429 INFO: Loaded curve data from file.
2022-01-13 17:36:55,429 INFO: Running elliptic Chabauty (delta = ['1'], g = [4, -4, -8, 0, 0, 1])...
2022-01-13 17:37:04,431 INFO: Chabauty completed successfully (delta = ['1'], g = [4, -4, -8, 0, 0, 1]).
2022-01-13 17:37:04,432 INFO: Skipped Chabauty because MW group hasn't been provably computed. (delta = ['-16', '16', '31', '-1', '0', '-4'], g = [4, -4, -8, 0, 0, 1])
2022-01-13 17:37:04,432 INFO: Skipped Chabauty because MW group hasn't been provably computed. (delta = ['-4', '5', '9', '0', '0', '-1'], g = [4, -4, -8, 0, 0, 1])
2022-01-13 17:37:04,433 INFO: Running elliptic Chabauty (delta = ['4', '-5', '-8', '0', '0', '1'], g = [4, -4, -8, 0, 0, 1])...
2022-01-13 17:37:13,069 INFO: Chabauty completed successfully (delta = ['4', '-5', '-8', '0', '0', '1'], g = [4, -4, -8, 0, 0, 1]).
2022-01-13 17:37:13,133 INFO: Tasks complete. Recording data and exiting.
