2022-01-11 12:36:47,755 INFO: Initialized curve data.
2022-01-11 12:36:47,758 INFO: Setting up initial twist data...
2022-01-11 12:36:49,129 INFO: Twist setup complete.
2022-01-11 12:36:49,129 INFO: Searching for rational points on each twist...
2022-01-11 12:36:53,332 INFO: Finished searching for rational points on each twist.
2022-01-11 12:36:53,332 INFO: Testing local solvability of twists...
2022-01-11 12:37:10,685 INFO: Finished local solvability testing.
2022-01-11 12:37:10,687 INFO: Computing elliptic curve a-invariants...
2022-01-11 12:37:23,119 INFO: Finished computation of a-invariants.
2022-01-11 12:37:23,122 INFO: Computing MW group (delta = ['-8', '7', '20', '-19', '2', '1'], g = [-2, 1])...
2022-01-11 12:37:23,705 INFO: Finished MW computation (delta = ['-8', '7', '20', '-19', '2', '1'], g = [-2, 1])
2022-01-11 12:37:23,708 INFO: Computing MW group (delta = ['-8', '7', '20', '-19', '2', '1'], g = [4, -2, -11, 4, 1])...
2022-01-11 12:37:51,612 INFO: Finished MW computation (delta = ['-8', '7', '20', '-19', '2', '1'], g = [4, -2, -11, 4, 1])
2022-01-11 12:37:51,616 INFO: Skipped MW computation because no base point (delta = ['64', '-64', '-159', '151', '-16', '-8'])
2022-01-11 12:37:51,616 INFO: Computing MW group (delta = ['-16', '6', '45', '-16', '-4'], g = [-2, 1])...
2022-01-11 12:37:52,138 INFO: Finished MW computation (delta = ['-16', '6', '45', '-16', '-4'], g = [-2, 1])
2022-01-11 12:37:52,141 INFO: Computing MW group (delta = ['-16', '6', '45', '-16', '-4'], g = [4, -2, -11, 4, 1])...
2022-01-11 12:38:18,129 INFO: Finished MW computation (delta = ['-16', '6', '45', '-16', '-4'], g = [4, -2, -11, 4, 1])
2022-01-11 12:38:18,132 INFO: Skipped MW computation because no base point (delta = ['128', '-144', '-310', '345', '-47', '-20'])
2022-01-11 12:38:18,132 INFO: Computing MW group (delta = ['1'], g = [-2, 1])...
2022-01-11 12:38:18,655 INFO: Finished MW computation (delta = ['1'], g = [-2, 1])
2022-01-11 12:38:18,658 INFO: Computing MW group (delta = ['1'], g = [4, -2, -11, 4, 1])...
2022-01-11 12:38:45,122 INFO: Finished MW computation (delta = ['1'], g = [4, -2, -11, 4, 1])
2022-01-11 12:38:45,125 INFO: Computing MW group (delta = ['128', '-112', '-326', '259', '-16', '-12'], g = [-2, 1])...
2022-01-11 12:38:45,652 INFO: Finished MW computation (delta = ['128', '-112', '-326', '259', '-16', '-12'], g = [-2, 1])
2022-01-11 12:38:45,655 INFO: Computing MW group (delta = ['128', '-112', '-326', '259', '-16', '-12'], g = [4, -2, -11, 4, 1])...
2022-01-11 12:39:12,585 INFO: Finished MW computation (delta = ['128', '-112', '-326', '259', '-16', '-12'], g = [4, -2, -11, 4, 1])
2022-01-11 12:39:12,589 INFO: Computing MW group (delta = ['-8', '7', '21', '-19', '2', '1'], g = [-2, 1])...
2022-01-11 12:39:12,869 INFO: Finished MW computation (delta = ['-8', '7', '21', '-19', '2', '1'], g = [-2, 1])
2022-01-11 12:39:13,006 INFO: Computing MW group (delta = ['-8', '7', '21', '-19', '2', '1'], g = [4, -2, -11, 4, 1])...
2022-01-11 12:39:26,448 INFO: Finished MW computation (delta = ['-8', '7', '21', '-19', '2', '1'], g = [4, -2, -11, 4, 1])
2022-01-11 12:39:26,452 INFO: Skipped MW computation because no base point (delta = ['-1024', '1056', '2544', '-2522', '291', '135'])
2022-01-11 12:39:26,454 INFO: Reducing MW generators...
2022-01-11 12:39:32,035 INFO: Finished reducing MW generators.
2022-01-11 12:39:32,039 INFO: Tasks complete. Recording data and exiting.
2022-01-13 17:37:03,753 INFO: Loaded curve data from file.
2022-01-13 17:37:03,754 INFO: Skipped Chabauty because rank >= degree(g). (delta = ['-8', '7', '20', '-19', '2', '1'], g = [-2, 1])
2022-01-13 17:37:03,755 INFO: Running elliptic Chabauty (delta = ['-8', '7', '20', '-19', '2', '1'], g = [4, -2, -11, 4, 1])...
2022-01-13 17:37:16,845 INFO: Chabauty completed successfully (delta = ['-8', '7', '20', '-19', '2', '1'], g = [4, -2, -11, 4, 1]).
2022-01-13 17:37:16,851 INFO: Skipped Chabauty because no base point (delta = ['64', '-64', '-159', '151', '-16', '-8'])
2022-01-13 17:37:16,851 INFO: Skipped Chabauty because rank >= degree(g). (delta = ['-16', '6', '45', '-16', '-4'], g = [-2, 1])
2022-01-13 17:37:16,851 INFO: Running elliptic Chabauty (delta = ['-16', '6', '45', '-16', '-4'], g = [4, -2, -11, 4, 1])...
2022-01-13 17:37:46,484 INFO: Chabauty completed successfully (delta = ['-16', '6', '45', '-16', '-4'], g = [4, -2, -11, 4, 1]).
2022-01-13 17:37:46,488 INFO: Skipped Chabauty because no base point (delta = ['128', '-144', '-310', '345', '-47', '-20'])
2022-01-13 17:37:46,488 INFO: Skipped Chabauty because rank >= degree(g). (delta = ['1'], g = [-2, 1])
2022-01-13 17:37:46,488 INFO: Skipped Chabauty because MW group hasn't been provably computed. (delta = ['1'], g = [4, -2, -11, 4, 1])
2022-01-13 17:37:46,489 INFO: Skipped Chabauty because rank >= degree(g). (delta = ['128', '-112', '-326', '259', '-16', '-12'], g = [-2, 1])
2022-01-13 17:37:46,489 INFO: Running elliptic Chabauty (delta = ['128', '-112', '-326', '259', '-16', '-12'], g = [4, -2, -11, 4, 1])...
2022-01-13 17:38:02,323 INFO: Chabauty completed successfully (delta = ['128', '-112', '-326', '259', '-16', '-12'], g = [4, -2, -11, 4, 1]).
2022-01-13 17:38:02,327 INFO: Skipped Chabauty because rank >= degree(g). (delta = ['-8', '7', '21', '-19', '2', '1'], g = [-2, 1])
2022-01-13 17:38:02,328 INFO: Running elliptic Chabauty (delta = ['-8', '7', '21', '-19', '2', '1'], g = [4, -2, -11, 4, 1])...
2022-01-13 17:38:15,046 INFO: Chabauty completed successfully (delta = ['-8', '7', '21', '-19', '2', '1'], g = [4, -2, -11, 4, 1]).
2022-01-13 17:38:15,050 INFO: Skipped Chabauty because no base point (delta = ['-1024', '1056', '2544', '-2522', '291', '135'])
2022-01-13 17:38:15,474 INFO: Tasks complete. Recording data and exiting.
