2022-01-11 12:31:51,756 INFO: Initialized curve data.
2022-01-11 12:31:51,774 INFO: Setting up initial twist data...
2022-01-11 12:31:53,312 INFO: Twist setup complete.
2022-01-11 12:31:53,312 INFO: Searching for rational points on each twist...
2022-01-11 12:31:57,364 INFO: Finished searching for rational points on each twist.
2022-01-11 12:31:57,365 INFO: Testing local solvability of twists...
2022-01-11 12:32:13,983 INFO: Finished local solvability testing.
2022-01-11 12:32:13,984 INFO: Computing elliptic curve a-invariants...
2022-01-11 12:32:54,290 INFO: Finished computation of a-invariants.
2022-01-11 12:32:54,292 INFO: Computing MW group (delta = ['0', '1', '1'], g = [-1, 7, -9, -11, 5, 1])...
2022-01-11 12:33:43,112 INFO: Finished MW computation (delta = ['0', '1', '1'], g = [-1, 7, -9, -11, 5, 1])
2022-01-11 12:33:43,115 INFO: Computing MW group (delta = ['1', '-8', '10', '11', '-5', '-1'], g = [-1, 7, -9, -11, 5, 1])...
2022-01-11 12:35:11,762 INFO: Finished MW computation (delta = ['1', '-8', '10', '11', '-5', '-1'], g = [-1, 7, -9, -11, 5, 1])
2022-01-11 12:35:11,765 INFO: Computing MW group (delta = ['2', '-14', '17', '22', '-9', '-2'], g = [-1, 7, -9, -11, 5, 1])...
2022-01-11 12:35:32,043 INFO: Finished MW computation (delta = ['2', '-14', '17', '22', '-9', '-2'], g = [-1, 7, -9, -11, 5, 1])
2022-01-11 12:35:32,046 INFO: Skipped MW computation because no base point (delta = ['-2', '14', '-18', '-21', '10', '1'])
2022-01-11 12:35:32,046 INFO: Computing MW group (delta = ['1'], g = [-1, 7, -9, -11, 5, 1])...
2022-01-11 12:37:14,079 INFO: Finished MW computation (delta = ['1'], g = [-1, 7, -9, -11, 5, 1])
2022-01-11 12:37:14,082 INFO: Computing MW group (delta = ['-1', '7', '-8', '-12', '5', '1'], g = [-1, 7, -9, -11, 5, 1])...
2022-01-11 12:40:23,913 INFO: Finished MW computation (delta = ['-1', '7', '-8', '-12', '5', '1'], g = [-1, 7, -9, -11, 5, 1])
2022-01-11 12:40:23,928 INFO: Skipped MW computation because no base point (delta = ['0', '-1'])
2022-01-11 12:40:23,928 INFO: Skipped MW computation because no base point (delta = ['0', '0', '-1', '-1'])
2022-01-11 12:40:23,930 INFO: Reducing MW generators...
2022-01-11 12:40:28,761 INFO: Finished reducing MW generators.
2022-01-11 12:40:28,764 INFO: Tasks complete. Recording data and exiting.
