2022-02-01 12:30:16,206 INFO: Initialized curve data.
2022-02-01 12:30:16,209 INFO: Setting up initial twist data...
2022-02-01 12:30:17,741 INFO: Twist setup complete.
2022-02-01 12:30:17,741 INFO: Searching for rational points on each twist...
2022-02-01 12:30:19,702 INFO: Finished searching for rational points on each twist.
2022-02-01 12:30:19,702 INFO: Testing local solvability of twists...
2022-02-01 12:30:30,165 INFO: Finished local solvability testing.
2022-02-01 12:30:30,166 INFO: Computing elliptic curve a-invariants...
2022-02-01 12:30:34,023 INFO: Finished computation of a-invariants.
2022-02-01 12:30:34,024 INFO: Computing MW group (delta = ['1'], g = [-12, 24, -5, -5, 1, 1])...
2022-02-02 04:42:41,307 INFO: Loaded curve data from file.
2022-02-02 04:42:41,308 INFO: Reducing MW generators...
2022-02-02 04:42:41,308 INFO: Finished reducing MW generators.
2022-02-02 04:42:41,310 INFO: Skipped Chabauty because MW generators haven't been computed. (delta = ['1'], g = [-12, 24, -5, -5, 1, 1])
2022-02-02 04:42:41,310 INFO: Skipped Chabauty because MW generators haven't been computed. (delta = ['-11', '23', '-5', '-5', '1', '1'], g = [-12, 24, -5, -5, 1, 1])
2022-02-02 04:42:41,310 INFO: Skipped Chabauty because no base point (delta = ['-1', '1', '1'])
2022-02-02 04:42:41,310 INFO: Skipped Chabauty because no base point (delta = ['-13', '26', '-5', '-6', '1', '1'])
2022-02-02 04:42:41,462 INFO: Tasks complete. Recording data and exiting.
2022-02-12 16:59:31,249 INFO: Loaded curve data from file.
2022-02-12 16:59:31,249 INFO: Computing elliptic Chabauty map... (delta = ['1'], g = [-12, 24, -5, -5, 1, 1])
2022-02-12 16:59:36,926 INFO: Elliptic Chabauty map computed. (delta = ['1'], g = [-12, 24, -5, -5, 1, 1])
2022-02-12 16:59:36,928 INFO: Computing elliptic Chabauty map... (delta = ['-11', '23', '-5', '-5', '1', '1'], g = [-12, 24, -5, -5, 1, 1])
2022-02-12 16:59:42,284 INFO: Elliptic Chabauty map computed. (delta = ['-11', '23', '-5', '-5', '1', '1'], g = [-12, 24, -5, -5, 1, 1])
2022-02-12 16:59:42,286 INFO: Tasks complete. Recording data and exiting.
