2022-01-12 12:22:05,111 INFO: Initialized curve data.
2022-01-12 12:22:05,113 INFO: Setting up initial twist data...
2022-01-12 12:22:06,226 INFO: Twist setup complete.
2022-01-12 12:22:06,226 INFO: Searching for rational points on each twist...
2022-01-12 12:22:08,187 INFO: Finished searching for rational points on each twist.
2022-01-12 12:22:08,187 INFO: Testing local solvability of twists...
2022-01-12 12:22:08,193 INFO: Finished local solvability testing.
2022-01-12 12:22:08,194 INFO: Computing elliptic curve a-invariants...
2022-01-12 12:22:16,735 INFO: Finished computation of a-invariants.
2022-01-12 12:22:16,737 INFO: Computing MW group (delta = ['4', '4', '-4', '6', '4', '1'], g = [4, 5, -4, 6, 4, 1])...
2022-01-12 13:42:52,285 INFO: Finished MW computation (delta = ['4', '4', '-4', '6', '4', '1'], g = [4, 5, -4, 6, 4, 1])
2022-01-12 13:42:52,293 INFO: Computing MW group (delta = ['1', '-1'], g = [4, 5, -4, 6, 4, 1])...
2022-01-14 11:32:25,582 INFO: Loaded curve data from file.
2022-01-14 11:32:25,583 INFO: Reducing MW generators...
2022-01-14 11:32:26,061 INFO: Finished reducing MW generators.
2022-01-14 11:32:26,063 INFO: Running elliptic Chabauty (delta = ['4', '4', '-4', '6', '4', '1'], g = [4, 5, -4, 6, 4, 1])...
2022-01-14 11:32:49,887 INFO: Chabauty completed successfully (delta = ['4', '4', '-4', '6', '4', '1'], g = [4, 5, -4, 6, 4, 1]).
2022-01-14 11:32:49,889 INFO: Skipped Chabauty because MW generators haven't been computed. (delta = ['1', '-1'], g = [4, 5, -4, 6, 4, 1])
2022-01-14 11:32:49,889 INFO: Skipped Chabauty because MW generators haven't been computed. (delta = ['4', '4', '-3', '6', '4', '1'], g = [4, 5, -4, 6, 4, 1])
2022-01-14 11:32:49,889 INFO: Skipped Chabauty because MW generators haven't been computed. (delta = ['1'], g = [4, 5, -4, 6, 4, 1])
2022-01-14 11:32:49,928 INFO: Tasks complete. Recording data and exiting.
