2022-01-12 09:25:04,741 INFO: Initialized curve data.
2022-01-12 09:25:04,745 INFO: Setting up initial twist data...
2022-01-12 09:25:05,827 INFO: Twist setup complete.
2022-01-12 09:25:05,827 INFO: Searching for rational points on each twist...
2022-01-12 09:25:07,530 INFO: Finished searching for rational points on each twist.
2022-01-12 09:25:07,530 INFO: Testing local solvability of twists...
2022-01-12 09:25:16,171 INFO: Finished local solvability testing.
2022-01-12 09:25:16,172 INFO: Computing elliptic curve a-invariants...
2022-01-12 09:25:24,045 INFO: Finished computation of a-invariants.
2022-01-12 09:25:24,047 INFO: Skipped MW computation because no base point (delta = ['1', '-1'])
2022-01-12 09:25:24,047 INFO: Computing MW group (delta = ['-4', '12', '-4', '10', '0', '1'], g = [-4, 13, -4, 10, 0, 1])...
2022-01-12 09:26:11,487 INFO: Finished MW computation (delta = ['-4', '12', '-4', '10', '0', '1'], g = [-4, 13, -4, 10, 0, 1])
2022-01-12 09:26:11,490 INFO: Computing MW group (delta = ['1'], g = [-4, 13, -4, 10, 0, 1])...
2022-01-12 09:27:54,725 INFO: Finished MW computation (delta = ['1'], g = [-4, 13, -4, 10, 0, 1])
2022-01-12 09:27:54,728 INFO: Computing MW group (delta = ['-4', '12', '-3', '10', '0', '1'], g = [-4, 13, -4, 10, 0, 1])...
2022-01-12 09:28:33,338 INFO: Finished MW computation (delta = ['-4', '12', '-3', '10', '0', '1'], g = [-4, 13, -4, 10, 0, 1])
2022-01-12 09:28:33,341 INFO: Reducing MW generators...
2022-01-12 09:28:37,828 INFO: Finished reducing MW generators.
2022-01-12 09:28:37,830 INFO: Tasks complete. Recording data and exiting.
2022-01-14 09:10:24,967 INFO: Loaded curve data from file.
2022-01-14 09:10:24,968 INFO: Skipped Chabauty because no base point (delta = ['1', '-1'])
2022-01-14 09:10:24,968 INFO: Running elliptic Chabauty (delta = ['-4', '12', '-4', '10', '0', '1'], g = [-4, 13, -4, 10, 0, 1])...
2022-01-14 09:10:33,807 INFO: Chabauty completed successfully (delta = ['-4', '12', '-4', '10', '0', '1'], g = [-4, 13, -4, 10, 0, 1]).
2022-01-14 09:10:33,873 INFO: Running elliptic Chabauty (delta = ['1'], g = [-4, 13, -4, 10, 0, 1])...
2022-01-14 09:12:39,730 INFO: Chabauty completed successfully (delta = ['1'], g = [-4, 13, -4, 10, 0, 1]).
2022-01-14 09:12:39,739 INFO: Running elliptic Chabauty (delta = ['-4', '12', '-3', '10', '0', '1'], g = [-4, 13, -4, 10, 0, 1])...
2022-01-14 09:13:14,908 INFO: Chabauty completed successfully (delta = ['-4', '12', '-3', '10', '0', '1'], g = [-4, 13, -4, 10, 0, 1]).
2022-01-14 09:13:15,132 INFO: Rational points successfully computed.
2022-01-14 09:13:15,135 INFO: Tasks complete. Recording data and exiting.
2022-02-12 16:43:10,904 INFO: Loaded curve data from file.
2022-02-12 16:43:10,904 INFO: Computing elliptic Chabauty map... (delta = ['-4', '12', '-4', '10', '0', '1'], g = [-4, 13, -4, 10, 0, 1])
2022-02-12 16:43:19,163 INFO: Elliptic Chabauty map computed. (delta = ['-4', '12', '-4', '10', '0', '1'], g = [-4, 13, -4, 10, 0, 1])
2022-02-12 16:43:19,166 INFO: Computing elliptic Chabauty map... (delta = ['1'], g = [-4, 13, -4, 10, 0, 1])
2022-02-12 16:43:27,180 INFO: Elliptic Chabauty map computed. (delta = ['1'], g = [-4, 13, -4, 10, 0, 1])
2022-02-12 16:43:27,182 INFO: Computing elliptic Chabauty map... (delta = ['-4', '12', '-3', '10', '0', '1'], g = [-4, 13, -4, 10, 0, 1])
2022-02-12 16:43:35,825 INFO: Elliptic Chabauty map computed. (delta = ['-4', '12', '-3', '10', '0', '1'], g = [-4, 13, -4, 10, 0, 1])
2022-02-12 16:43:35,828 INFO: Tasks complete. Recording data and exiting.
