2022-02-01 12:30:14,085 INFO: Initialized curve data.
2022-02-01 12:30:14,090 INFO: Setting up initial twist data...
2022-02-01 12:30:15,671 INFO: Twist setup complete.
2022-02-01 12:30:15,671 INFO: Searching for rational points on each twist...
2022-02-01 12:30:18,534 INFO: Finished searching for rational points on each twist.
2022-02-01 12:30:18,535 INFO: Testing local solvability of twists...
2022-02-01 12:30:18,541 INFO: Finished local solvability testing.
2022-02-01 12:30:18,543 INFO: Computing elliptic curve a-invariants...
2022-02-01 12:30:37,064 INFO: Finished computation of a-invariants.
2022-02-01 12:30:37,066 INFO: Computing MW group (delta = ['6', '-8', '-15/2', '11/2', '-5/2', '1/2'], g = [13, -13, -11, 13, -5, 1])...
2022-02-01 12:32:10,288 INFO: Finished MW computation (delta = ['6', '-8', '-15/2', '11/2', '-5/2', '1/2'], g = [13, -13, -11, 13, -5, 1])
2022-02-01 12:32:10,292 INFO: Computing MW group (delta = ['1/2', '1', '1'], g = [13, -13, -11, 13, -5, 1])...
2022-02-01 12:33:34,136 INFO: Finished MW computation (delta = ['1/2', '1', '1'], g = [13, -13, -11, 13, -5, 1])
2022-02-01 12:33:34,138 INFO: Computing MW group (delta = ['12', '-14', '-11', '13', '-5', '1'], g = [13, -13, -11, 13, -5, 1])...
2022-02-01 12:36:43,974 INFO: Finished MW computation (delta = ['12', '-14', '-11', '13', '-5', '1'], g = [13, -13, -11, 13, -5, 1])
2022-02-01 12:36:43,977 INFO: Computing MW group (delta = ['1'], g = [13, -13, -11, 13, -5, 1])...
2022-02-01 12:44:57,083 INFO: Finished MW computation (delta = ['1'], g = [13, -13, -11, 13, -5, 1])
2022-02-01 12:44:57,089 INFO: Reducing MW generators...
2022-02-01 12:45:00,051 INFO: Finished reducing MW generators.
2022-02-01 12:45:00,053 INFO: Tasks complete. Recording data and exiting.
