2022-01-11 15:30:24,592 INFO: Initialized curve data.
2022-01-11 15:30:24,596 INFO: Setting up initial twist data...
2022-01-11 15:30:26,075 INFO: Twist setup complete.
2022-01-11 15:30:26,075 INFO: Searching for rational points on each twist...
2022-01-11 15:30:27,566 INFO: Finished searching for rational points on each twist.
2022-01-11 15:30:27,566 INFO: Testing local solvability of twists...
2022-01-11 15:30:36,362 INFO: Finished local solvability testing.
2022-01-11 15:30:36,363 INFO: Computing elliptic curve a-invariants...
2022-01-11 15:30:46,617 INFO: Finished computation of a-invariants.
2022-01-11 15:30:46,619 INFO: Computing MW group (delta = ['-16', '-40', '29', '43', '-39', '8'], g = [-8, -21, 14, 23, -20, 4])...
2022-01-11 15:31:35,098 INFO: Finished MW computation (delta = ['-16', '-40', '29', '43', '-39', '8'], g = [-8, -21, 14, 23, -20, 4])
2022-01-11 15:31:35,101 INFO: Skipped MW computation because no base point (delta = ['-1', '-1', '1'])
2022-01-11 15:31:35,101 INFO: Computing MW group (delta = ['1'], g = [-8, -21, 14, 23, -20, 4])...
2022-01-14 09:07:57,964 INFO: Loaded curve data from file.
2022-01-14 09:07:57,964 INFO: Reducing MW generators...
2022-01-14 09:07:58,000 INFO: Finished reducing MW generators.
2022-01-14 09:07:58,003 INFO: Skipped Chabauty because MW group hasn't been provably computed. (delta = ['-16', '-40', '29', '43', '-39', '8'], g = [-8, -21, 14, 23, -20, 4])
2022-01-14 09:07:58,003 INFO: Skipped Chabauty because no base point (delta = ['-1', '-1', '1'])
2022-01-14 09:07:58,003 INFO: Skipped Chabauty because MW generators haven't been computed. (delta = ['1'], g = [-8, -21, 14, 23, -20, 4])
2022-01-14 09:07:58,003 INFO: Skipped Chabauty because MW generators haven't been computed. (delta = ['16', '40', '-27', '-46', '40', '-8'], g = [-8, -21, 14, 23, -20, 4])
2022-01-14 09:07:58,039 INFO: Tasks complete. Recording data and exiting.
