2022-01-12 12:18:08,500 INFO: Initialized curve data.
2022-01-12 12:18:08,516 INFO: Setting up initial twist data...
2022-01-12 12:18:10,230 INFO: Twist setup complete.
2022-01-12 12:18:10,230 INFO: Searching for rational points on each twist...
2022-01-12 12:18:12,799 INFO: Finished searching for rational points on each twist.
2022-01-12 12:18:12,799 INFO: Testing local solvability of twists...
2022-01-12 12:18:12,809 INFO: Finished local solvability testing.
2022-01-12 12:18:12,810 INFO: Computing elliptic curve a-invariants...
2022-01-12 12:18:49,043 INFO: Finished computation of a-invariants.
2022-01-12 12:18:49,045 INFO: Computing MW group (delta = ['4', '12', '-29', '-14', '2', '1'], g = [4, 13, -26, -13, 2, 1])...
2022-01-12 12:24:25,780 INFO: Finished MW computation (delta = ['4', '12', '-29', '-14', '2', '1'], g = [4, 13, -26, -13, 2, 1])
2022-01-12 12:24:25,782 INFO: Computing MW group (delta = ['1'], g = [4, 13, -26, -13, 2, 1])...
2022-01-12 12:25:36,835 INFO: Finished MW computation (delta = ['1'], g = [4, 13, -26, -13, 2, 1])
2022-01-12 12:25:36,837 INFO: Computing MW group (delta = ['1', '3', '1'], g = [4, 13, -26, -13, 2, 1])...
2022-01-12 12:26:13,472 INFO: Finished MW computation (delta = ['1', '3', '1'], g = [4, 13, -26, -13, 2, 1])
2022-01-12 12:26:13,474 INFO: Computing MW group (delta = ['4', '12', '-26', '-13', '2', '1'], g = [4, 13, -26, -13, 2, 1])...
2022-01-12 12:30:31,606 INFO: Finished MW computation (delta = ['4', '12', '-26', '-13', '2', '1'], g = [4, 13, -26, -13, 2, 1])
2022-01-12 12:30:31,611 INFO: Reducing MW generators...
2022-01-12 12:30:35,016 INFO: Finished reducing MW generators.
2022-01-12 12:30:35,018 INFO: Tasks complete. Recording data and exiting.
2022-01-14 11:32:19,838 INFO: Loaded curve data from file.
2022-01-14 11:32:19,839 INFO: Skipped Chabauty because MW group hasn't been provably computed. (delta = ['4', '12', '-29', '-14', '2', '1'], g = [4, 13, -26, -13, 2, 1])
2022-01-14 11:32:19,839 INFO: Running elliptic Chabauty (delta = ['1'], g = [4, 13, -26, -13, 2, 1])...
2022-01-14 11:32:41,310 INFO: Chabauty completed successfully (delta = ['1'], g = [4, 13, -26, -13, 2, 1]).
2022-01-14 11:32:41,316 INFO: Running elliptic Chabauty (delta = ['1', '3', '1'], g = [4, 13, -26, -13, 2, 1])...
2022-01-14 11:33:02,723 INFO: Chabauty completed successfully (delta = ['1', '3', '1'], g = [4, 13, -26, -13, 2, 1]).
2022-01-14 11:33:02,726 INFO: Running elliptic Chabauty (delta = ['4', '12', '-26', '-13', '2', '1'], g = [4, 13, -26, -13, 2, 1])...
2022-01-14 11:45:08,654 INFO: Chabauty completed successfully (delta = ['4', '12', '-26', '-13', '2', '1'], g = [4, 13, -26, -13, 2, 1]).
2022-01-14 11:45:08,776 INFO: Tasks complete. Recording data and exiting.
2022-02-12 17:17:35,249 INFO: Loaded curve data from file.
2022-02-12 17:17:35,249 INFO: Computing elliptic Chabauty map... (delta = ['4', '12', '-29', '-14', '2', '1'], g = [4, 13, -26, -13, 2, 1])
2022-02-12 17:17:55,925 INFO: Elliptic Chabauty map computed. (delta = ['4', '12', '-29', '-14', '2', '1'], g = [4, 13, -26, -13, 2, 1])
2022-02-12 17:17:55,928 INFO: Computing elliptic Chabauty map... (delta = ['1'], g = [4, 13, -26, -13, 2, 1])
2022-02-12 17:18:16,390 INFO: Elliptic Chabauty map computed. (delta = ['1'], g = [4, 13, -26, -13, 2, 1])
2022-02-12 17:18:16,392 INFO: Computing elliptic Chabauty map... (delta = ['1', '3', '1'], g = [4, 13, -26, -13, 2, 1])
2022-02-12 17:18:36,823 INFO: Elliptic Chabauty map computed. (delta = ['1', '3', '1'], g = [4, 13, -26, -13, 2, 1])
2022-02-12 17:18:36,826 INFO: Computing elliptic Chabauty map... (delta = ['4', '12', '-26', '-13', '2', '1'], g = [4, 13, -26, -13, 2, 1])
2022-02-12 17:18:57,302 INFO: Elliptic Chabauty map computed. (delta = ['4', '12', '-26', '-13', '2', '1'], g = [4, 13, -26, -13, 2, 1])
2022-02-12 17:18:57,305 INFO: Tasks complete. Recording data and exiting.
