2022-01-12 12:21:09,888 INFO: Initialized curve data.
2022-01-12 12:21:09,891 INFO: Setting up initial twist data...
2022-01-12 12:21:10,985 INFO: Twist setup complete.
2022-01-12 12:21:10,985 INFO: Searching for rational points on each twist...
2022-01-12 12:21:12,570 INFO: Finished searching for rational points on each twist.
2022-01-12 12:21:12,570 INFO: Testing local solvability of twists...
2022-01-12 12:21:13,500 INFO: Finished local solvability testing.
2022-01-12 12:21:13,501 INFO: Computing elliptic curve a-invariants...
2022-01-12 12:21:33,942 INFO: Finished computation of a-invariants.
2022-01-12 12:21:33,944 INFO: Computing MW group (delta = ['4', '-13', '1', '20', '-12', '1'], g = [4, -12, 0, 20, -12, 1])...
2022-01-12 12:24:40,517 INFO: Finished MW computation (delta = ['4', '-13', '1', '20', '-12', '1'], g = [4, -12, 0, 20, -12, 1])
2022-01-12 12:24:40,520 INFO: Computing MW group (delta = ['1'], g = [4, -12, 0, 20, -12, 1])...
2022-01-12 12:26:09,415 INFO: Finished MW computation (delta = ['1'], g = [4, -12, 0, 20, -12, 1])
2022-01-12 12:26:09,421 INFO: Skipped MW computation because no base point (delta = ['16', '-48', '1', '79', '-48', '4'])
2022-01-12 12:26:09,421 INFO: Computing MW group (delta = ['4', '-13', '0', '20', '-12', '1'], g = [4, -12, 0, 20, -12, 1])...
2022-01-12 12:31:32,548 INFO: Finished MW computation (delta = ['4', '-13', '0', '20', '-12', '1'], g = [4, -12, 0, 20, -12, 1])
2022-01-12 12:31:32,551 INFO: Unable to use elliptic Chabauty on twist (delta = ['4', '-13', '0', '20', '-12', '1'])
2022-01-12 12:31:32,553 INFO: Obstruction found to provably computing rational points. Exiting.
2022-01-14 11:32:25,552 INFO: Loaded curve data from file.
2022-01-14 11:32:25,553 INFO: Obstruction already found. Exiting.
