2022-01-14 12:17:26,454 INFO: Initialized curve data.
2022-01-14 12:17:26,457 INFO: Setting up initial twist data...
2022-01-14 12:17:27,316 INFO: Twist setup complete.
2022-01-14 12:17:27,316 INFO: Searching for rational points on each twist...
2022-01-14 12:17:28,628 INFO: Finished searching for rational points on each twist.
2022-01-14 12:17:28,628 INFO: Testing local solvability of twists...
2022-01-14 12:17:30,913 INFO: Finished local solvability testing.
2022-01-14 12:17:30,915 INFO: Computing elliptic curve a-invariants...
2022-01-14 12:17:35,961 INFO: Finished computation of a-invariants.
2022-01-14 12:17:35,963 INFO: Skipped MW computation because no base point (delta = ['16', '4', '17', '-41', '16', '4'])
2022-01-14 12:17:35,963 INFO: Computing MW group (delta = ['4', '0', '5', '-10', '4', '1'], g = [4, 1, 4, -10, 4, 1])...
2022-01-14 12:21:40,320 INFO: Finished MW computation (delta = ['4', '0', '5', '-10', '4', '1'], g = [4, 1, 4, -10, 4, 1])
2022-01-14 12:21:40,325 INFO: Computing MW group (delta = ['1'], g = [4, 1, 4, -10, 4, 1])...
2022-01-14 15:52:30,736 INFO: Loaded curve data from file.
2022-01-14 15:52:30,737 INFO: Reducing MW generators...
2022-01-14 15:52:30,925 INFO: Finished reducing MW generators.
2022-01-14 15:52:30,927 INFO: Skipped Chabauty because no base point (delta = ['16', '4', '17', '-41', '16', '4'])
2022-01-14 15:52:30,928 INFO: Skipped Chabauty because MW group hasn't been provably computed. (delta = ['4', '0', '5', '-10', '4', '1'], g = [4, 1, 4, -10, 4, 1])
2022-01-14 15:52:30,928 INFO: Skipped Chabauty because MW generators haven't been computed. (delta = ['1'], g = [4, 1, 4, -10, 4, 1])
2022-01-14 15:52:30,928 INFO: Skipped Chabauty because MW generators haven't been computed. (delta = ['4', '0', '4', '-10', '4', '1'], g = [4, 1, 4, -10, 4, 1])
2022-01-14 15:52:30,974 INFO: Tasks complete. Recording data and exiting.
