2022-01-11 12:31:51,851 INFO: Initialized curve data.
2022-01-11 12:31:51,854 INFO: Setting up initial twist data...
2022-01-11 12:31:53,621 INFO: Twist setup complete.
2022-01-11 12:31:53,621 INFO: Searching for rational points on each twist...
2022-01-11 12:31:56,550 INFO: Finished searching for rational points on each twist.
2022-01-11 12:31:56,551 INFO: Testing local solvability of twists...
2022-01-11 12:32:05,912 INFO: Finished local solvability testing.
2022-01-11 12:32:05,913 INFO: Computing elliptic curve a-invariants...
2022-01-11 12:32:12,202 INFO: Finished computation of a-invariants.
2022-01-11 12:32:12,203 INFO: Computing MW group (delta = ['2/3', '2', '1'], g = [8, 25, 10, 1, 8, 4])...
2022-01-11 12:48:22,647 INFO: Finished MW computation (delta = ['2/3', '2', '1'], g = [8, 25, 10, 1, 8, 4])
2022-01-11 12:48:22,651 INFO: Computing MW group (delta = ['1'], g = [8, 25, 10, 1, 8, 4])...
2022-01-13 17:36:55,021 INFO: Loaded curve data from file.
2022-01-13 17:36:55,022 INFO: Reducing MW generators...
2022-01-13 17:36:55,408 INFO: Finished reducing MW generators.
2022-01-13 17:36:55,411 INFO: Skipped Chabauty because MW group hasn't been provably computed. (delta = ['2/3', '2', '1'], g = [8, 25, 10, 1, 8, 4])
2022-01-13 17:36:55,411 INFO: Skipped Chabauty because MW generators haven't been computed. (delta = ['1'], g = [8, 25, 10, 1, 8, 4])
2022-01-13 17:36:55,411 INFO: Skipped Chabauty because no base point (delta = ['-1', '1', '1'])
2022-01-13 17:36:55,411 INFO: Skipped Chabauty because MW generators haven't been computed. (delta = ['-2/3', '-4/3', '5/3', '3', '1'], g = [8, 25, 10, 1, 8, 4])
2022-01-13 17:36:55,488 INFO: Tasks complete. Recording data and exiting.
