2022-01-11 15:10:15,643 INFO: Initialized curve data.
2022-01-11 15:10:15,645 INFO: Setting up initial twist data...
2022-01-11 15:10:17,108 INFO: Twist setup complete.
2022-01-11 15:10:17,108 INFO: Searching for rational points on each twist...
2022-01-11 15:10:20,769 INFO: Finished searching for rational points on each twist.
2022-01-11 15:10:20,769 INFO: Testing local solvability of twists...
2022-01-11 15:10:24,344 INFO: Finished local solvability testing.
2022-01-11 15:10:24,345 INFO: Computing elliptic curve a-invariants...
2022-01-11 15:10:35,585 INFO: Finished computation of a-invariants.
2022-01-11 15:10:35,588 INFO: Computing MW group (delta = ['17', '18', '-13', '-10', '6', '-2'], g = [-9, -9, 7, 5, -3, 1])...
2022-01-11 16:18:46,700 INFO: Finished MW computation (delta = ['17', '18', '-13', '-10', '6', '-2'], g = [-9, -9, 7, 5, -3, 1])
2022-01-11 16:18:46,706 INFO: Computing MW group (delta = ['0', '1', '1'], g = [-9, -9, 7, 5, -3, 1])...
2022-01-11 16:20:04,420 INFO: Finished MW computation (delta = ['0', '1', '1'], g = [-9, -9, 7, 5, -3, 1])
2022-01-11 16:20:04,422 INFO: Computing MW group (delta = ['-1', '-1'], g = [-9, -9, 7, 5, -3, 1])...
2022-01-14 09:07:28,130 INFO: Loaded curve data from file.
2022-01-14 09:07:28,130 INFO: Reducing MW generators...
2022-01-14 09:07:28,188 INFO: Finished reducing MW generators.
2022-01-14 09:07:28,214 INFO: Skipped Chabauty because MW group hasn't been provably computed. (delta = ['17', '18', '-13', '-10', '6', '-2'], g = [-9, -9, 7, 5, -3, 1])
2022-01-14 09:07:28,214 INFO: Skipped Chabauty because MW group hasn't been provably computed. (delta = ['0', '1', '1'], g = [-9, -9, 7, 5, -3, 1])
2022-01-14 09:07:28,214 INFO: Skipped Chabauty because MW generators haven't been computed. (delta = ['-1', '-1'], g = [-9, -9, 7, 5, -3, 1])
2022-01-14 09:07:28,214 INFO: Skipped Chabauty because MW generators haven't been computed. (delta = ['-8', '-10', '7', '5', '-3', '1'], g = [-9, -9, 7, 5, -3, 1])
2022-01-14 09:07:28,214 INFO: Skipped Chabauty because MW generators haven't been computed. (delta = ['-18', '-17', '14', '9', '-6', '2'], g = [-9, -9, 7, 5, -3, 1])
2022-01-14 09:07:28,214 INFO: Skipped Chabauty because MW generators haven't been computed. (delta = ['9', '8', '-6', '-5', '3', '-1'], g = [-9, -9, 7, 5, -3, 1])
2022-01-14 09:07:28,214 INFO: Skipped Chabauty because MW generators haven't been computed. (delta = ['1'], g = [-9, -9, 7, 5, -3, 1])
2022-01-14 09:07:28,214 INFO: Skipped Chabauty because no base point (delta = ['0', '-1'])
2022-01-14 09:07:28,262 INFO: Tasks complete. Recording data and exiting.
2022-02-12 17:50:45,453 INFO: Loaded curve data from file.
2022-02-12 17:50:45,453 INFO: Computing elliptic Chabauty map... (delta = ['17', '18', '-13', '-10', '6', '-2'], g = [-9, -9, 7, 5, -3, 1])
2022-02-12 17:50:57,708 INFO: Elliptic Chabauty map computed. (delta = ['17', '18', '-13', '-10', '6', '-2'], g = [-9, -9, 7, 5, -3, 1])
2022-02-12 17:50:57,711 INFO: Computing elliptic Chabauty map... (delta = ['0', '1', '1'], g = [-9, -9, 7, 5, -3, 1])
2022-02-12 17:51:10,048 INFO: Elliptic Chabauty map computed. (delta = ['0', '1', '1'], g = [-9, -9, 7, 5, -3, 1])
2022-02-12 17:51:10,051 INFO: Computing elliptic Chabauty map... (delta = ['-1', '-1'], g = [-9, -9, 7, 5, -3, 1])
2022-02-12 17:51:22,753 INFO: Elliptic Chabauty map computed. (delta = ['-1', '-1'], g = [-9, -9, 7, 5, -3, 1])
2022-02-12 17:51:22,756 INFO: Computing elliptic Chabauty map... (delta = ['-8', '-10', '7', '5', '-3', '1'], g = [-9, -9, 7, 5, -3, 1])
2022-02-12 17:51:35,415 INFO: Elliptic Chabauty map computed. (delta = ['-8', '-10', '7', '5', '-3', '1'], g = [-9, -9, 7, 5, -3, 1])
2022-02-12 17:51:35,419 INFO: Computing elliptic Chabauty map... (delta = ['-18', '-17', '14', '9', '-6', '2'], g = [-9, -9, 7, 5, -3, 1])
2022-02-12 17:51:48,102 INFO: Elliptic Chabauty map computed. (delta = ['-18', '-17', '14', '9', '-6', '2'], g = [-9, -9, 7, 5, -3, 1])
2022-02-12 17:51:48,107 INFO: Computing elliptic Chabauty map... (delta = ['9', '8', '-6', '-5', '3', '-1'], g = [-9, -9, 7, 5, -3, 1])
2022-02-12 17:52:00,781 INFO: Elliptic Chabauty map computed. (delta = ['9', '8', '-6', '-5', '3', '-1'], g = [-9, -9, 7, 5, -3, 1])
2022-02-12 17:52:00,786 INFO: Computing elliptic Chabauty map... (delta = ['1'], g = [-9, -9, 7, 5, -3, 1])
2022-02-12 17:52:13,504 INFO: Elliptic Chabauty map computed. (delta = ['1'], g = [-9, -9, 7, 5, -3, 1])
2022-02-12 17:52:13,510 INFO: Tasks complete. Recording data and exiting.
