2022-02-01 12:30:11,086 INFO: Initialized curve data.
2022-02-01 12:30:11,099 INFO: Setting up initial twist data...
2022-02-01 12:30:12,579 INFO: Twist setup complete.
2022-02-01 12:30:12,579 INFO: Searching for rational points on each twist...
2022-02-01 12:30:15,706 INFO: Finished searching for rational points on each twist.
2022-02-01 12:30:15,707 INFO: Testing local solvability of twists...
2022-02-01 12:32:35,007 INFO: Finished local solvability testing.
2022-02-01 12:32:35,008 INFO: Computing elliptic curve a-invariants...
2022-02-01 12:33:07,152 INFO: Finished computation of a-invariants.
2022-02-01 12:33:07,155 INFO: Skipped MW computation because no base point (delta = ['-1/2', '1/2', '1'])
2022-02-01 12:33:07,155 INFO: Computing MW group (delta = ['-4', '-3', '21', '-1', '-6', '-1'], g = [4, 4, -20, 1, 6, 1])...
2022-02-01 12:33:59,603 INFO: Finished MW computation (delta = ['-4', '-3', '21', '-1', '-6', '-1'], g = [4, 4, -20, 1, 6, 1])
2022-02-01 12:33:59,608 INFO: Computing MW group (delta = ['2', '3/2', '-9', '1/2', '3', '1/2'], g = [4, 4, -20, 1, 6, 1])...
2022-02-01 12:37:27,570 INFO: Finished MW computation (delta = ['2', '3/2', '-9', '1/2', '3', '1/2'], g = [4, 4, -20, 1, 6, 1])
2022-02-01 12:37:27,574 INFO: Skipped MW computation because no base point (delta = ['-1', '-1'])
2022-02-01 12:37:27,574 INFO: Computing MW group (delta = ['4', '3', '-20', '1', '6', '1'], g = [4, 4, -20, 1, 6, 1])...
2022-02-01 12:39:40,939 INFO: Finished MW computation (delta = ['4', '3', '-20', '1', '6', '1'], g = [4, 4, -20, 1, 6, 1])
2022-02-01 12:39:40,943 INFO: Computing MW group (delta = ['1'], g = [4, 4, -20, 1, 6, 1])...
2022-02-01 12:41:36,572 INFO: Finished MW computation (delta = ['1'], g = [4, 4, -20, 1, 6, 1])
2022-02-01 12:41:36,575 INFO: Computing MW group (delta = ['1/2', '-1'], g = [4, 4, -20, 1, 6, 1])...
2022-02-01 12:43:28,776 INFO: Finished MW computation (delta = ['1/2', '-1'], g = [4, 4, -20, 1, 6, 1])
2022-02-01 12:43:28,780 INFO: Skipped MW computation because no base point (delta = ['-2', '-3/2', '19/2', '-3/2', '-3', '-1/2'])
2022-02-01 12:43:28,783 INFO: Reducing MW generators...
2022-02-01 12:43:34,733 INFO: Finished reducing MW generators.
2022-02-01 12:43:34,736 INFO: Tasks complete. Recording data and exiting.
2022-02-02 04:42:43,649 INFO: Loaded curve data from file.
2022-02-02 04:42:43,649 INFO: Skipped Chabauty because no base point (delta = ['-1/2', '1/2', '1'])
2022-02-02 04:42:43,650 INFO: Running elliptic Chabauty (delta = ['-4', '-3', '21', '-1', '-6', '-1'], g = [4, 4, -20, 1, 6, 1])...
2022-02-02 04:43:05,820 INFO: Chabauty completed successfully (delta = ['-4', '-3', '21', '-1', '-6', '-1'], g = [4, 4, -20, 1, 6, 1]).
2022-02-02 04:43:05,825 INFO: Running elliptic Chabauty (delta = ['2', '3/2', '-9', '1/2', '3', '1/2'], g = [4, 4, -20, 1, 6, 1])...
2022-02-02 04:43:38,823 INFO: Chabauty completed successfully (delta = ['2', '3/2', '-9', '1/2', '3', '1/2'], g = [4, 4, -20, 1, 6, 1]).
2022-02-02 04:43:38,827 INFO: Skipped Chabauty because no base point (delta = ['-1', '-1'])
2022-02-02 04:43:38,827 INFO: Running elliptic Chabauty (delta = ['4', '3', '-20', '1', '6', '1'], g = [4, 4, -20, 1, 6, 1])...
2022-02-02 04:43:58,687 INFO: Chabauty completed successfully (delta = ['4', '3', '-20', '1', '6', '1'], g = [4, 4, -20, 1, 6, 1]).
2022-02-02 04:43:58,691 INFO: Running elliptic Chabauty (delta = ['1'], g = [4, 4, -20, 1, 6, 1])...
2022-02-02 04:44:26,286 INFO: Chabauty completed successfully (delta = ['1'], g = [4, 4, -20, 1, 6, 1]).
2022-02-02 04:44:26,289 INFO: Running elliptic Chabauty (delta = ['1/2', '-1'], g = [4, 4, -20, 1, 6, 1])...
2022-02-02 04:44:48,512 INFO: Chabauty completed successfully (delta = ['1/2', '-1'], g = [4, 4, -20, 1, 6, 1]).
2022-02-02 04:44:48,516 INFO: Skipped Chabauty because no base point (delta = ['-2', '-3/2', '19/2', '-3/2', '-3', '-1/2'])
2022-02-02 04:44:48,907 INFO: Rational points successfully computed.
2022-02-02 04:44:48,910 INFO: Tasks complete. Recording data and exiting.
2022-02-12 17:27:10,382 INFO: Loaded curve data from file.
2022-02-12 17:27:10,382 INFO: Computing elliptic Chabauty map... (delta = ['-4', '-3', '21', '-1', '-6', '-1'], g = [4, 4, -20, 1, 6, 1])
2022-02-12 17:27:31,860 INFO: Elliptic Chabauty map computed. (delta = ['-4', '-3', '21', '-1', '-6', '-1'], g = [4, 4, -20, 1, 6, 1])
2022-02-12 17:27:31,864 INFO: Computing elliptic Chabauty map... (delta = ['2', '3/2', '-9', '1/2', '3', '1/2'], g = [4, 4, -20, 1, 6, 1])
2022-02-12 17:27:52,513 INFO: Elliptic Chabauty map computed. (delta = ['2', '3/2', '-9', '1/2', '3', '1/2'], g = [4, 4, -20, 1, 6, 1])
2022-02-12 17:27:52,517 INFO: Computing elliptic Chabauty map... (delta = ['4', '3', '-20', '1', '6', '1'], g = [4, 4, -20, 1, 6, 1])
2022-02-12 17:28:13,450 INFO: Elliptic Chabauty map computed. (delta = ['4', '3', '-20', '1', '6', '1'], g = [4, 4, -20, 1, 6, 1])
2022-02-12 17:28:13,454 INFO: Computing elliptic Chabauty map... (delta = ['1'], g = [4, 4, -20, 1, 6, 1])
2022-02-12 17:28:34,308 INFO: Elliptic Chabauty map computed. (delta = ['1'], g = [4, 4, -20, 1, 6, 1])
2022-02-12 17:28:34,312 INFO: Computing elliptic Chabauty map... (delta = ['1/2', '-1'], g = [4, 4, -20, 1, 6, 1])
2022-02-12 17:28:54,699 INFO: Elliptic Chabauty map computed. (delta = ['1/2', '-1'], g = [4, 4, -20, 1, 6, 1])
2022-02-12 17:28:54,703 INFO: Tasks complete. Recording data and exiting.
