2022-01-13 21:54:58,255 INFO: Initialized curve data.
2022-01-13 21:54:58,257 INFO: Setting up initial twist data...
2022-01-13 21:54:59,365 INFO: Twist setup complete.
2022-01-13 21:54:59,366 INFO: Searching for rational points on each twist...
2022-01-13 21:55:01,012 INFO: Finished searching for rational points on each twist.
2022-01-13 21:55:01,012 INFO: Testing local solvability of twists...
2022-01-13 21:55:01,018 INFO: Finished local solvability testing.
2022-01-13 21:55:01,019 INFO: Computing elliptic curve a-invariants...
2022-01-13 21:55:14,177 INFO: Finished computation of a-invariants.
2022-01-13 21:55:14,179 INFO: Computing MW group (delta = ['4', '-5', '-4', '-4', '-4', '1'], g = [4, -4, -4, -4, -4, 1])...
2022-01-13 21:56:52,202 INFO: Finished MW computation (delta = ['4', '-5', '-4', '-4', '-4', '1'], g = [4, -4, -4, -4, -4, 1])
2022-01-13 21:56:52,205 INFO: Computing MW group (delta = ['1'], g = [4, -4, -4, -4, -4, 1])...
2022-01-13 21:58:48,604 INFO: Finished MW computation (delta = ['1'], g = [4, -4, -4, -4, -4, 1])
2022-01-13 21:58:48,607 INFO: Computing MW group (delta = ['2', '-5/2', '-1', '-2', '-2', '1/2'], g = [4, -4, -4, -4, -4, 1])...
2022-01-13 22:04:03,306 INFO: Finished MW computation (delta = ['2', '-5/2', '-1', '-2', '-2', '1/2'], g = [4, -4, -4, -4, -4, 1])
2022-01-13 22:04:03,309 INFO: Computing MW group (delta = ['1/2', '-1'], g = [4, -4, -4, -4, -4, 1])...
2022-01-13 22:04:47,795 INFO: Finished MW computation (delta = ['1/2', '-1'], g = [4, -4, -4, -4, -4, 1])
2022-01-13 22:04:47,798 INFO: Reducing MW generators...
2022-01-13 22:04:50,214 INFO: Finished reducing MW generators.
2022-01-13 22:04:50,216 INFO: Tasks complete. Recording data and exiting.
