2022-02-01 12:30:12,865 INFO: Initialized curve data.
2022-02-01 12:30:12,868 INFO: Setting up initial twist data...
2022-02-01 12:30:13,735 INFO: Twist setup complete.
2022-02-01 12:30:13,735 INFO: Searching for rational points on each twist...
2022-02-01 12:30:15,330 INFO: Finished searching for rational points on each twist.
2022-02-01 12:30:15,330 INFO: Testing local solvability of twists...
2022-02-01 12:30:16,668 INFO: Finished local solvability testing.
2022-02-01 12:30:16,670 INFO: Computing elliptic curve a-invariants...
2022-02-01 12:30:34,030 INFO: Finished computation of a-invariants.
2022-02-01 12:30:34,032 INFO: Skipped MW computation because no base point (delta = ['-1', '-2', '-2', '0', '1', '-1'])
2022-02-01 12:30:34,032 INFO: Computing MW group (delta = ['1', '1', '1', '-1', '-1', '1'], g = [1, 2, 1, -1, -1, 1])...
2022-02-01 12:32:24,266 INFO: Finished MW computation (delta = ['1', '1', '1', '-1', '-1', '1'], g = [1, 2, 1, -1, -1, 1])
2022-02-01 12:32:24,270 INFO: Computing MW group (delta = ['1'], g = [1, 2, 1, -1, -1, 1])...
2022-02-01 12:34:04,758 INFO: Finished MW computation (delta = ['1'], g = [1, 2, 1, -1, -1, 1])
2022-02-01 12:34:04,760 INFO: Computing MW group (delta = ['-1', '-1', '0', '1', '1', '-1'], g = [1, 2, 1, -1, -1, 1])...
2022-02-01 12:35:58,552 INFO: Finished MW computation (delta = ['-1', '-1', '0', '1', '1', '-1'], g = [1, 2, 1, -1, -1, 1])
2022-02-01 12:35:58,557 INFO: Reducing MW generators...
2022-02-01 12:36:02,896 INFO: Finished reducing MW generators.
2022-02-01 12:36:02,898 INFO: Tasks complete. Recording data and exiting.
2022-02-02 04:42:38,363 INFO: Loaded curve data from file.
2022-02-02 04:42:38,364 INFO: Skipped Chabauty because no base point (delta = ['-1', '-2', '-2', '0', '1', '-1'])
2022-02-02 04:42:38,364 INFO: Running elliptic Chabauty (delta = ['1', '1', '1', '-1', '-1', '1'], g = [1, 2, 1, -1, -1, 1])...
2022-02-02 04:43:07,790 INFO: Chabauty completed successfully (delta = ['1', '1', '1', '-1', '-1', '1'], g = [1, 2, 1, -1, -1, 1]).
2022-02-02 04:43:07,794 INFO: Running elliptic Chabauty (delta = ['1'], g = [1, 2, 1, -1, -1, 1])...
2022-02-02 04:44:15,463 INFO: Chabauty completed successfully (delta = ['1'], g = [1, 2, 1, -1, -1, 1]).
2022-02-02 04:44:15,466 INFO: Running elliptic Chabauty (delta = ['-1', '-1', '0', '1', '1', '-1'], g = [1, 2, 1, -1, -1, 1])...
2022-02-02 04:48:48,735 INFO: Chabauty completed successfully (delta = ['-1', '-1', '0', '1', '1', '-1'], g = [1, 2, 1, -1, -1, 1]).
2022-02-02 04:48:49,169 INFO: Rational points successfully computed.
2022-02-02 04:48:49,172 INFO: Tasks complete. Recording data and exiting.
