2022-01-11 15:18:01,078 INFO: Initialized curve data.
2022-01-11 15:18:01,087 INFO: Setting up initial twist data...
2022-01-11 15:18:02,057 INFO: Twist setup complete.
2022-01-11 15:18:02,057 INFO: Searching for rational points on each twist...
2022-01-11 15:18:03,522 INFO: Finished searching for rational points on each twist.
2022-01-11 15:18:03,522 INFO: Testing local solvability of twists...
2022-01-11 15:18:03,528 INFO: Finished local solvability testing.
2022-01-11 15:18:03,529 INFO: Computing elliptic curve a-invariants...
2022-01-11 15:18:22,143 INFO: Finished computation of a-invariants.
2022-01-11 15:18:22,144 INFO: Computing MW group (delta = ['-1', '-1'], g = [8, 8, 4, 0, -4, 1])...
2022-01-11 15:18:44,816 INFO: Finished MW computation (delta = ['-1', '-1'], g = [8, 8, 4, 0, -4, 1])
2022-01-11 15:18:44,819 INFO: Computing MW group (delta = ['8', '7', '4', '0', '-4', '1'], g = [8, 8, 4, 0, -4, 1])...
2022-01-11 15:19:34,454 INFO: Finished MW computation (delta = ['8', '7', '4', '0', '-4', '1'], g = [8, 8, 4, 0, -4, 1])
2022-01-11 15:19:34,457 INFO: Computing MW group (delta = ['1'], g = [8, 8, 4, 0, -4, 1])...
2022-01-11 15:19:45,113 INFO: Finished MW computation (delta = ['1'], g = [8, 8, 4, 0, -4, 1])
2022-01-11 15:19:45,115 INFO: Computing MW group (delta = ['-8', '-7', '-3', '0', '4', '-1'], g = [8, 8, 4, 0, -4, 1])...
2022-01-11 15:20:33,754 INFO: Finished MW computation (delta = ['-8', '-7', '-3', '0', '4', '-1'], g = [8, 8, 4, 0, -4, 1])
2022-01-11 15:20:33,758 INFO: Reducing MW generators...
2022-01-11 15:20:36,645 INFO: Finished reducing MW generators.
2022-01-11 15:20:36,647 INFO: Tasks complete. Recording data and exiting.
