2022-01-12 09:25:58,139 INFO: Initialized curve data.
2022-01-12 09:25:58,141 INFO: Setting up initial twist data...
2022-01-12 09:25:59,399 INFO: Twist setup complete.
2022-01-12 09:25:59,399 INFO: Searching for rational points on each twist...
2022-01-12 09:26:01,485 INFO: Finished searching for rational points on each twist.
2022-01-12 09:26:01,485 INFO: Testing local solvability of twists...
2022-01-12 09:26:01,492 INFO: Finished local solvability testing.
2022-01-12 09:26:01,494 INFO: Computing elliptic curve a-invariants...
2022-01-12 09:26:11,353 INFO: Finished computation of a-invariants.
2022-01-12 09:26:11,355 INFO: Computing MW group (delta = ['4', '11', '16', '0', '-4', '1'], g = [4, 12, 16, 0, -4, 1])...
2022-01-12 09:30:16,269 INFO: Finished MW computation (delta = ['4', '11', '16', '0', '-4', '1'], g = [4, 12, 16, 0, -4, 1])
2022-01-12 09:30:16,272 INFO: Computing MW group (delta = ['1'], g = [4, 12, 16, 0, -4, 1])...
2022-01-12 09:34:12,096 INFO: Finished MW computation (delta = ['1'], g = [4, 12, 16, 0, -4, 1])
2022-01-12 09:34:12,099 INFO: Computing MW group (delta = ['1/2', '-1'], g = [4, 12, 16, 0, -4, 1])...
2022-01-12 10:40:28,777 INFO: Finished MW computation (delta = ['1/2', '-1'], g = [4, 12, 16, 0, -4, 1])
2022-01-12 10:40:28,781 INFO: Computing MW group (delta = ['2', '11/2', '9', '0', '-2', '1/2'], g = [4, 12, 16, 0, -4, 1])...
2022-01-12 11:01:37,458 INFO: Finished MW computation (delta = ['2', '11/2', '9', '0', '-2', '1/2'], g = [4, 12, 16, 0, -4, 1])
2022-01-12 11:01:37,463 INFO: Unable to use elliptic Chabauty on twist (delta = ['2', '11/2', '9', '0', '-2', '1/2'])
2022-01-12 11:01:37,466 INFO: Obstruction found to provably computing rational points. Exiting.
2022-01-14 09:10:50,112 INFO: Loaded curve data from file.
2022-01-14 09:10:50,112 INFO: Obstruction already found. Exiting.
