2022-01-12 09:25:31,894 INFO: Initialized curve data.
2022-01-12 09:25:31,896 INFO: Setting up initial twist data...
2022-01-12 09:25:32,808 INFO: Twist setup complete.
2022-01-12 09:25:32,808 INFO: Searching for rational points on each twist...
2022-01-12 09:25:34,041 INFO: Finished searching for rational points on each twist.
2022-01-12 09:25:34,041 INFO: Testing local solvability of twists...
2022-01-12 09:25:34,052 INFO: Finished local solvability testing.
2022-01-12 09:25:34,054 INFO: Computing elliptic curve a-invariants...
2022-01-12 09:25:40,104 INFO: Finished computation of a-invariants.
2022-01-12 09:25:40,106 INFO: Computing MW group (delta = ['4', '3', '-3', '-11', '4', '4'], g = [4, 4, -4, -11, 4, 4])...
2022-01-12 09:26:24,001 INFO: Finished MW computation (delta = ['4', '3', '-3', '-11', '4', '4'], g = [4, 4, -4, -11, 4, 4])
2022-01-12 09:26:24,003 INFO: Computing MW group (delta = ['1'], g = [4, 4, -4, -11, 4, 4])...
2022-01-12 09:53:20,878 INFO: Finished MW computation (delta = ['1'], g = [4, 4, -4, -11, 4, 4])
2022-01-12 09:53:20,880 INFO: Computing MW group (delta = ['4', '3', '-4', '-11', '4', '4'], g = [4, 4, -4, -11, 4, 4])...
2022-01-12 09:56:29,556 INFO: Finished MW computation (delta = ['4', '3', '-4', '-11', '4', '4'], g = [4, 4, -4, -11, 4, 4])
2022-01-12 09:56:29,559 INFO: Computing MW group (delta = ['16', '16', '-15', '-45', '16', '16'], g = [4, 4, -4, -11, 4, 4])...
2022-01-12 11:10:37,635 INFO: Finished MW computation (delta = ['16', '16', '-15', '-45', '16', '16'], g = [4, 4, -4, -11, 4, 4])
2022-01-12 11:10:37,651 INFO: Reducing MW generators...
2022-01-12 11:10:39,883 INFO: Finished reducing MW generators.
2022-01-12 11:10:39,885 INFO: Tasks complete. Recording data and exiting.
