2022-02-01 12:30:27,131 INFO: Initialized curve data.
2022-02-01 12:30:27,142 INFO: Setting up initial twist data...
2022-02-01 12:30:28,599 INFO: Twist setup complete.
2022-02-01 12:30:28,599 INFO: Searching for rational points on each twist...
2022-02-01 12:30:30,458 INFO: Finished searching for rational points on each twist.
2022-02-01 12:30:30,458 INFO: Testing local solvability of twists...
2022-02-01 12:30:57,629 INFO: Finished local solvability testing.
2022-02-01 12:30:57,631 INFO: Computing elliptic curve a-invariants...
2022-02-01 12:31:12,042 INFO: Finished computation of a-invariants.
2022-02-01 12:31:12,044 INFO: Skipped MW computation because no base point (delta = ['-2', '0', '1'])
2022-02-01 12:31:12,044 INFO: Skipped MW computation because no base point (delta = ['-1', '-1', '1'])
2022-02-01 12:31:12,044 INFO: Computing MW group (delta = ['1'], g = [-12, 16, 15, -17, -4, 4])...
2022-02-02 04:42:49,488 INFO: Loaded curve data from file.
2022-02-02 04:42:49,488 INFO: Reducing MW generators...
2022-02-02 04:42:49,488 INFO: Finished reducing MW generators.
2022-02-02 04:42:49,491 INFO: Skipped Chabauty because no base point (delta = ['-2', '0', '1'])
2022-02-02 04:42:49,491 INFO: Skipped Chabauty because no base point (delta = ['-1', '-1', '1'])
2022-02-02 04:42:49,491 INFO: Skipped Chabauty because MW generators haven't been computed. (delta = ['1'], g = [-12, 16, 15, -17, -4, 4])
2022-02-02 04:42:49,491 INFO: Skipped Chabauty because MW generators haven't been computed. (delta = ['2', '2', '-3', '-1', '1'], g = [-12, 16, 15, -17, -4, 4])
2022-02-02 04:42:49,624 INFO: Tasks complete. Recording data and exiting.
