2022-01-14 12:17:26,784 INFO: Initialized curve data.
2022-01-14 12:17:26,787 INFO: Setting up initial twist data...
2022-01-14 12:17:28,175 INFO: Twist setup complete.
2022-01-14 12:17:28,175 INFO: Searching for rational points on each twist...
2022-01-14 12:17:30,942 INFO: Finished searching for rational points on each twist.
2022-01-14 12:17:30,942 INFO: Testing local solvability of twists...
2022-01-14 12:18:09,767 INFO: Finished local solvability testing.
2022-01-14 12:18:09,769 INFO: Computing elliptic curve a-invariants...
2022-01-14 12:18:20,906 INFO: Finished computation of a-invariants.
2022-01-14 12:18:20,908 INFO: Computing MW group (delta = ['-92', '128', '-32', '-17', '4', '1'], g = [-94, 129, -32, -17, 4, 1])...
2022-01-14 12:24:05,612 INFO: Finished MW computation (delta = ['-92', '128', '-32', '-17', '4', '1'], g = [-94, 129, -32, -17, 4, 1])
2022-01-14 12:24:05,616 INFO: Skipped MW computation because no base point (delta = ['-124', '168', '-39', '-71/3', '16/3', '4/3'])
2022-01-14 12:24:05,616 INFO: Computing MW group (delta = ['1'], g = [-94, 129, -32, -17, 4, 1])...
2022-01-14 12:47:18,960 INFO: Finished MW computation (delta = ['1'], g = [-94, 129, -32, -17, 4, 1])
2022-01-14 12:47:18,964 INFO: Computing MW group (delta = ['2/3', '-5/3', '1'], g = [-94, 129, -32, -17, 4, 1])...
2022-01-14 15:52:33,728 INFO: Loaded curve data from file.
2022-01-14 15:52:33,728 INFO: Reducing MW generators...
2022-01-14 15:52:34,315 INFO: Finished reducing MW generators.
2022-01-14 15:52:34,316 INFO: Running elliptic Chabauty (delta = ['-92', '128', '-32', '-17', '4', '1'], g = [-94, 129, -32, -17, 4, 1])...
2022-01-14 15:52:48,303 INFO: Chabauty completed successfully (delta = ['-92', '128', '-32', '-17', '4', '1'], g = [-94, 129, -32, -17, 4, 1]).
2022-01-14 15:52:48,305 INFO: Skipped Chabauty because no base point (delta = ['-124', '168', '-39', '-71/3', '16/3', '4/3'])
2022-01-14 15:52:48,305 INFO: Skipped Chabauty because MW group hasn't been provably computed. (delta = ['1'], g = [-94, 129, -32, -17, 4, 1])
2022-01-14 15:52:48,306 INFO: Skipped Chabauty because MW generators haven't been computed. (delta = ['2/3', '-5/3', '1'], g = [-94, 129, -32, -17, 4, 1])
2022-01-14 15:52:48,411 INFO: Tasks complete. Recording data and exiting.
2022-02-12 16:42:52,680 INFO: Loaded curve data from file.
2022-02-12 16:42:52,681 INFO: Computing elliptic Chabauty map... (delta = ['-92', '128', '-32', '-17', '4', '1'], g = [-94, 129, -32, -17, 4, 1])
2022-02-12 16:43:08,024 INFO: Elliptic Chabauty map computed. (delta = ['-92', '128', '-32', '-17', '4', '1'], g = [-94, 129, -32, -17, 4, 1])
2022-02-12 16:43:08,027 INFO: Computing elliptic Chabauty map... (delta = ['1'], g = [-94, 129, -32, -17, 4, 1])
2022-02-12 16:43:23,287 INFO: Elliptic Chabauty map computed. (delta = ['1'], g = [-94, 129, -32, -17, 4, 1])
2022-02-12 16:43:23,289 INFO: Computing elliptic Chabauty map... (delta = ['2/3', '-5/3', '1'], g = [-94, 129, -32, -17, 4, 1])
2022-02-12 16:43:38,667 INFO: Elliptic Chabauty map computed. (delta = ['2/3', '-5/3', '1'], g = [-94, 129, -32, -17, 4, 1])
2022-02-12 16:43:38,669 INFO: Tasks complete. Recording data and exiting.
