2022-01-13 21:54:53,405 INFO: Initialized curve data.
2022-01-13 21:54:53,409 INFO: Setting up initial twist data...
2022-01-13 21:54:54,806 INFO: Twist setup complete.
2022-01-13 21:54:54,807 INFO: Searching for rational points on each twist...
2022-01-13 21:54:57,491 INFO: Finished searching for rational points on each twist.
2022-01-13 21:54:57,492 INFO: Testing local solvability of twists...
2022-01-13 21:54:58,999 INFO: Finished local solvability testing.
2022-01-13 21:54:59,001 INFO: Computing elliptic curve a-invariants...
2022-01-13 21:55:22,718 INFO: Finished computation of a-invariants.
2022-01-13 21:55:22,720 INFO: Computing MW group (delta = ['1'], g = [1, 1, 0, 1, 1, 1])...
2022-01-13 21:56:01,003 INFO: Finished MW computation (delta = ['1'], g = [1, 1, 0, 1, 1, 1])
2022-01-13 21:56:01,007 INFO: Computing MW group (delta = ['-1', '0', '1', '-1', '-1', '-1'], g = [1, 1, 0, 1, 1, 1])...
2022-01-13 21:58:14,438 INFO: Finished MW computation (delta = ['-1', '0', '1', '-1', '-1', '-1'], g = [1, 1, 0, 1, 1, 1])
2022-01-13 21:58:14,442 INFO: Computing MW group (delta = ['1', '0', '0', '1', '1', '1'], g = [1, 1, 0, 1, 1, 1])...
2022-01-13 21:59:33,959 INFO: Finished MW computation (delta = ['1', '0', '0', '1', '1', '1'], g = [1, 1, 0, 1, 1, 1])
2022-01-13 21:59:33,963 INFO: Skipped MW computation because no base point (delta = ['-1', '-1', '-1', '-2', '-1', '-1'])
2022-01-13 21:59:33,966 INFO: Reducing MW generators...
2022-01-13 21:59:37,824 INFO: Finished reducing MW generators.
2022-01-13 21:59:37,828 INFO: Tasks complete. Recording data and exiting.
2022-01-14 11:35:30,867 INFO: Loaded curve data from file.
2022-01-14 11:35:30,868 INFO: Running elliptic Chabauty (delta = ['1'], g = [1, 1, 0, 1, 1, 1])...
2022-01-14 11:35:48,351 INFO: Chabauty completed successfully (delta = ['1'], g = [1, 1, 0, 1, 1, 1]).
2022-01-14 11:35:48,362 INFO: Running elliptic Chabauty (delta = ['-1', '0', '1', '-1', '-1', '-1'], g = [1, 1, 0, 1, 1, 1])...
2022-01-14 11:36:23,141 INFO: Chabauty completed successfully (delta = ['-1', '0', '1', '-1', '-1', '-1'], g = [1, 1, 0, 1, 1, 1]).
2022-01-14 11:36:23,143 INFO: Running elliptic Chabauty (delta = ['1', '0', '0', '1', '1', '1'], g = [1, 1, 0, 1, 1, 1])...
2022-01-14 11:37:38,379 INFO: Chabauty completed successfully (delta = ['1', '0', '0', '1', '1', '1'], g = [1, 1, 0, 1, 1, 1]).
2022-01-14 11:37:38,382 INFO: Skipped Chabauty because no base point (delta = ['-1', '-1', '-1', '-2', '-1', '-1'])
2022-01-14 11:37:38,732 INFO: Rational points successfully computed.
2022-01-14 11:37:38,735 INFO: Tasks complete. Recording data and exiting.
