2022-02-01 12:30:23,476 INFO: Initialized curve data.
2022-02-01 12:30:23,481 INFO: Setting up initial twist data...
2022-02-01 12:30:24,657 INFO: Twist setup complete.
2022-02-01 12:30:24,657 INFO: Searching for rational points on each twist...
2022-02-01 12:30:26,816 INFO: Finished searching for rational points on each twist.
2022-02-01 12:30:26,816 INFO: Testing local solvability of twists...
2022-02-01 12:30:30,405 INFO: Finished local solvability testing.
2022-02-01 12:30:30,406 INFO: Computing elliptic curve a-invariants...
2022-02-01 12:30:40,844 INFO: Finished computation of a-invariants.
2022-02-01 12:30:40,847 INFO: Skipped MW computation because no base point (delta = ['-1', '-1'])
2022-02-01 12:30:40,847 INFO: Computing MW group (delta = ['-4', '-8', '-14', '3', '6', '1'], g = [-4, -7, -14, 3, 6, 1])...
2022-02-01 12:42:16,372 INFO: Finished MW computation (delta = ['-4', '-8', '-14', '3', '6', '1'], g = [-4, -7, -14, 3, 6, 1])
2022-02-01 12:42:16,375 INFO: Computing MW group (delta = ['1'], g = [-4, -7, -14, 3, 6, 1])...
2022-02-02 04:42:45,799 INFO: Loaded curve data from file.
2022-02-02 04:42:45,799 INFO: Reducing MW generators...
2022-02-02 04:42:46,240 INFO: Finished reducing MW generators.
2022-02-02 04:42:46,242 INFO: Skipped Chabauty because no base point (delta = ['-1', '-1'])
2022-02-02 04:42:46,243 INFO: Skipped Chabauty because MW group hasn't been provably computed. (delta = ['-4', '-8', '-14', '3', '6', '1'], g = [-4, -7, -14, 3, 6, 1])
2022-02-02 04:42:46,243 INFO: Skipped Chabauty because MW generators haven't been computed. (delta = ['1'], g = [-4, -7, -14, 3, 6, 1])
2022-02-02 04:42:46,243 INFO: Skipped Chabauty because MW generators haven't been computed. (delta = ['4', '8', '15', '-3', '-6', '-1'], g = [-4, -7, -14, 3, 6, 1])
2022-02-02 04:42:46,284 INFO: Tasks complete. Recording data and exiting.
