2022-01-11 15:10:15,878 INFO: Initialized curve data.
2022-01-11 15:10:15,881 INFO: Setting up initial twist data...
2022-01-11 15:10:16,966 INFO: Twist setup complete.
2022-01-11 15:10:16,966 INFO: Searching for rational points on each twist...
2022-01-11 15:10:18,963 INFO: Finished searching for rational points on each twist.
2022-01-11 15:10:18,963 INFO: Testing local solvability of twists...
2022-01-11 15:10:18,972 INFO: Finished local solvability testing.
2022-01-11 15:10:18,974 INFO: Computing elliptic curve a-invariants...
2022-01-11 15:10:26,543 INFO: Finished computation of a-invariants.
2022-01-11 15:10:26,545 INFO: Computing MW group (delta = ['8', '55', '134', '7', '-8', '8'], g = [1, 7, 17, 1, -1, 1])...
2022-01-11 15:26:08,318 INFO: Finished MW computation (delta = ['8', '55', '134', '7', '-8', '8'], g = [1, 7, 17, 1, -1, 1])
2022-01-11 15:26:08,322 INFO: Computing MW group (delta = ['1'], g = [1, 7, 17, 1, -1, 1])...
2022-01-11 15:29:44,406 INFO: Finished MW computation (delta = ['1'], g = [1, 7, 17, 1, -1, 1])
2022-01-11 15:29:44,410 INFO: Computing MW group (delta = ['1', '8', '18', '1', '-1', '1'], g = [1, 7, 17, 1, -1, 1])...
2022-01-11 15:36:01,419 INFO: Finished MW computation (delta = ['1', '8', '18', '1', '-1', '1'], g = [1, 7, 17, 1, -1, 1])
2022-01-11 15:36:01,421 INFO: Unable to use elliptic Chabauty on twist (delta = ['1', '8', '18', '1', '-1', '1'])
2022-01-11 15:36:01,423 INFO: Obstruction found to provably computing rational points. Exiting.
2022-01-14 09:07:27,510 INFO: Loaded curve data from file.
2022-01-14 09:07:27,510 INFO: Obstruction already found. Exiting.
2022-02-12 17:42:32,020 INFO: Loaded curve data from file.
2022-02-12 17:42:32,021 INFO: Computing elliptic Chabauty map... (delta = ['8', '55', '134', '7', '-8', '8'], g = [1, 7, 17, 1, -1, 1])
2022-02-12 17:42:36,870 INFO: Elliptic Chabauty map computed. (delta = ['8', '55', '134', '7', '-8', '8'], g = [1, 7, 17, 1, -1, 1])
2022-02-12 17:42:36,873 INFO: Computing elliptic Chabauty map... (delta = ['1'], g = [1, 7, 17, 1, -1, 1])
2022-02-12 17:42:41,549 INFO: Elliptic Chabauty map computed. (delta = ['1'], g = [1, 7, 17, 1, -1, 1])
2022-02-12 17:42:41,552 INFO: Computing elliptic Chabauty map... (delta = ['1', '8', '18', '1', '-1', '1'], g = [1, 7, 17, 1, -1, 1])
2022-02-12 17:42:46,465 INFO: Elliptic Chabauty map computed. (delta = ['1', '8', '18', '1', '-1', '1'], g = [1, 7, 17, 1, -1, 1])
2022-02-12 17:42:46,468 INFO: Computing elliptic Chabauty map... (delta = ['0', '6', '17', '1', '-1', '1'], g = [1, 7, 17, 1, -1, 1])
2022-02-12 17:42:51,547 INFO: Elliptic Chabauty map computed. (delta = ['0', '6', '17', '1', '-1', '1'], g = [1, 7, 17, 1, -1, 1])
2022-02-12 17:42:51,551 INFO: Tasks complete. Recording data and exiting.
