2022-01-01 12:50:42,202 INFO: Initialized curve data.
2022-01-01 12:50:42,205 INFO: Setting up initial twist data...
2022-01-01 12:50:43,226 INFO: Twist setup complete.
2022-01-01 12:50:43,227 INFO: Searching for rational points on each twist...
2022-01-01 12:50:44,120 INFO: Finished searching for rational points on each twist.
2022-01-01 12:50:44,120 INFO: Testing local solvability of twists...
2022-01-01 12:50:45,430 INFO: Finished local solvability testing.
2022-01-01 12:50:45,431 INFO: Computing elliptic curve a-invariants...
2022-01-01 12:50:52,507 INFO: Finished computation of a-invariants.
2022-01-01 12:50:52,509 INFO: Computing MW group (delta = ['4', '-5', '9', '0', '0', '1'], g = [4, -4, 8, 0, 0, 1])...
2022-01-01 13:01:59,741 INFO: Finished MW computation (delta = ['4', '-5', '9', '0', '0', '1'], g = [4, -4, 8, 0, 0, 1])
2022-01-01 13:01:59,746 INFO: Skipped MW computation because no base point (delta = ['1', '-1'])
2022-01-01 13:01:59,746 INFO: Computing MW group (delta = ['1'], g = [4, -4, 8, 0, 0, 1])...
2022-01-01 13:03:40,426 INFO: Finished MW computation (delta = ['1'], g = [4, -4, 8, 0, 0, 1])
2022-01-01 13:03:40,430 INFO: Computing MW group (delta = ['4', '-5', '8', '0', '0', '1'], g = [4, -4, 8, 0, 0, 1])...
2022-01-01 13:06:39,736 INFO: Finished MW computation (delta = ['4', '-5', '8', '0', '0', '1'], g = [4, -4, 8, 0, 0, 1])
2022-01-01 13:06:39,741 INFO: Reducing MW generators...
2022-01-01 13:06:44,014 INFO: Finished reducing MW generators.
2022-01-01 13:06:44,016 INFO: Running elliptic Chabauty (delta = ['4', '-5', '9', '0', '0', '1'], g = [4, -4, 8, 0, 0, 1])...
2022-01-01 13:12:02,383 INFO: Chabauty completed successfully (delta = ['4', '-5', '9', '0', '0', '1'], g = [4, -4, 8, 0, 0, 1]).
2022-01-01 13:12:02,385 INFO: Skipped Chabauty because no base point (delta = ['1', '-1'])
2022-01-01 13:12:02,385 INFO: Running elliptic Chabauty (delta = ['1'], g = [4, -4, 8, 0, 0, 1])...
2022-01-01 13:20:52,774 INFO: Chabauty completed successfully (delta = ['1'], g = [4, -4, 8, 0, 0, 1]).
2022-01-01 13:20:52,777 INFO: Running elliptic Chabauty (delta = ['4', '-5', '8', '0', '0', '1'], g = [4, -4, 8, 0, 0, 1])...
2022-01-01 13:21:00,518 INFO: Chabauty completed successfully (delta = ['4', '-5', '8', '0', '0', '1'], g = [4, -4, 8, 0, 0, 1]).
2022-01-01 13:21:00,777 INFO: Rational points successfully computed.
2022-01-01 13:21:00,779 INFO: Tasks complete. Recording data and exiting.
