2022-01-01 12:51:09,029 INFO: Initialized curve data.
2022-01-01 12:51:09,032 INFO: Setting up initial twist data...
2022-01-01 12:51:10,070 INFO: Twist setup complete.
2022-01-01 12:51:10,070 INFO: Searching for rational points on each twist...
2022-01-01 12:51:10,962 INFO: Finished searching for rational points on each twist.
2022-01-01 12:51:10,962 INFO: Testing local solvability of twists...
2022-01-01 12:51:17,937 INFO: Finished local solvability testing.
2022-01-01 12:51:17,939 INFO: Computing elliptic curve a-invariants...
2022-01-01 12:51:32,186 INFO: Finished computation of a-invariants.
2022-01-01 12:51:32,188 INFO: Computing MW group (delta = ['4', '7', '-2', '-9', '1', '1'], g = [4, 8, -3, -9, 1, 1])...
2022-01-01 12:52:30,958 INFO: Finished MW computation (delta = ['4', '7', '-2', '-9', '1', '1'], g = [4, 8, -3, -9, 1, 1])
2022-01-01 12:52:30,963 INFO: Computing MW group (delta = ['-1', '-1', '1'], g = [4, 8, -3, -9, 1, 1])...
2022-01-01 12:52:57,492 INFO: Finished MW computation (delta = ['-1', '-1', '1'], g = [4, 8, -3, -9, 1, 1])
2022-01-01 12:52:57,496 INFO: Computing MW group (delta = ['1'], g = [4, 8, -3, -9, 1, 1])...
2022-01-01 12:54:51,983 INFO: Finished MW computation (delta = ['1'], g = [4, 8, -3, -9, 1, 1])
2022-01-01 12:54:51,987 INFO: Skipped MW computation because no base point (delta = ['-4', '-7', '3', '7', '0', '-1'])
2022-01-01 12:54:51,988 INFO: Reducing MW generators...
2022-01-01 12:54:55,668 INFO: Finished reducing MW generators.
2022-01-01 12:54:55,671 INFO: Running elliptic Chabauty (delta = ['4', '7', '-2', '-9', '1', '1'], g = [4, 8, -3, -9, 1, 1])...
2022-01-01 12:56:18,167 INFO: Chabauty completed successfully (delta = ['4', '7', '-2', '-9', '1', '1'], g = [4, 8, -3, -9, 1, 1]).
2022-01-01 12:56:18,171 INFO: Running elliptic Chabauty (delta = ['-1', '-1', '1'], g = [4, 8, -3, -9, 1, 1])...
2022-01-01 12:56:29,082 INFO: Chabauty completed successfully (delta = ['-1', '-1', '1'], g = [4, 8, -3, -9, 1, 1]).
2022-01-01 12:56:29,086 INFO: Running elliptic Chabauty (delta = ['1'], g = [4, 8, -3, -9, 1, 1])...
2022-01-01 14:05:51,716 INFO: Chabauty completed successfully (delta = ['1'], g = [4, 8, -3, -9, 1, 1]).
2022-01-01 14:05:51,720 INFO: Skipped Chabauty because no base point (delta = ['-4', '-7', '3', '7', '0', '-1'])
2022-01-01 14:05:51,991 INFO: Rational points successfully computed.
2022-01-01 14:05:51,993 INFO: Tasks complete. Recording data and exiting.
2022-01-03 13:14:58,000 INFO: Obsolete "loc_solv_error" keys removed.
2022-01-03 13:14:58,000 INFO: Deleted results of Chabauty computation.
2022-01-10 22:42:05,109 INFO: Loaded curve data from file.
2022-01-10 22:42:05,109 INFO: Running elliptic Chabauty (delta = ['4', '7', '-2', '-9', '1', '1'], g = [4, 8, -3, -9, 1, 1])...
2022-01-10 22:43:20,593 INFO: Chabauty completed successfully (delta = ['4', '7', '-2', '-9', '1', '1'], g = [4, 8, -3, -9, 1, 1]).
2022-01-10 22:43:20,596 INFO: Running elliptic Chabauty (delta = ['-1', '-1', '1'], g = [4, 8, -3, -9, 1, 1])...
2022-01-10 22:43:31,094 INFO: Chabauty completed successfully (delta = ['-1', '-1', '1'], g = [4, 8, -3, -9, 1, 1]).
2022-01-10 22:43:31,096 INFO: Running elliptic Chabauty (delta = ['1'], g = [4, 8, -3, -9, 1, 1])...
