2022-01-11 12:31:53,476 INFO: Initialized curve data.
2022-01-11 12:31:53,482 INFO: Setting up initial twist data...
2022-01-11 12:31:55,054 INFO: Twist setup complete.
2022-01-11 12:31:55,054 INFO: Searching for rational points on each twist...
2022-01-11 12:32:00,786 INFO: Finished searching for rational points on each twist.
2022-01-11 12:32:00,786 INFO: Testing local solvability of twists...
2022-01-11 12:32:54,280 INFO: Finished local solvability testing.
2022-01-11 12:32:54,282 INFO: Computing elliptic curve a-invariants...
2022-01-11 12:33:01,016 INFO: Finished computation of a-invariants.
2022-01-11 12:33:01,018 INFO: Skipped MW computation because no base point (delta = ['-1', '-43', '-39', '75', '36', '4'])
2022-01-11 12:33:01,018 INFO: Skipped MW computation because no base point (delta = ['-12', '52', '59', '-83', '-43', '-5'])
2022-01-11 12:33:01,018 INFO: Computing MW group (delta = ['12', '8', '-18', '-9', '-1'], g = [-1, 1])...
2022-01-11 12:33:01,456 INFO: Finished MW computation (delta = ['12', '8', '-18', '-9', '-1'], g = [-1, 1])
2022-01-11 12:33:01,458 INFO: Computing MW group (delta = ['12', '8', '-18', '-9', '-1'], g = [-12, -9, 19, 9, 1])...
2022-01-11 12:33:18,805 INFO: Finished MW computation (delta = ['12', '8', '-18', '-9', '-1'], g = [-12, -9, 19, 9, 1])
2022-01-11 12:33:18,809 INFO: Computing MW group (delta = ['12', '92', '46', '-143', '-64', '-7'], g = [-1, 1])...
2022-01-11 12:33:19,089 INFO: Finished MW computation (delta = ['12', '92', '46', '-143', '-64', '-7'], g = [-1, 1])
2022-01-11 12:33:19,092 INFO: Computing MW group (delta = ['12', '92', '46', '-143', '-64', '-7'], g = [-12, -9, 19, 9, 1])...
2022-01-11 12:33:59,287 INFO: Finished MW computation (delta = ['12', '92', '46', '-143', '-64', '-7'], g = [-12, -9, 19, 9, 1])
2022-01-11 12:33:59,290 INFO: Unable to use elliptic Chabauty on twist (delta = ['12', '92', '46', '-143', '-64', '-7'])
2022-01-11 12:33:59,293 INFO: Obstruction found to provably computing rational points. Exiting.
2022-01-13 17:36:55,102 INFO: Loaded curve data from file.
2022-01-13 17:36:55,102 INFO: Obstruction already found. Exiting.
2022-02-12 16:57:34,398 INFO: Loaded curve data from file.
2022-02-12 16:57:34,398 INFO: Computing elliptic Chabauty map... (delta = ['12', '8', '-18', '-9', '-1'], g = [-1, 1])
2022-02-12 16:57:44,487 INFO: Elliptic Chabauty map computed. (delta = ['12', '8', '-18', '-9', '-1'], g = [-1, 1])
2022-02-12 16:57:44,490 INFO: Computing elliptic Chabauty map... (delta = ['12', '8', '-18', '-9', '-1'], g = [-12, -9, 19, 9, 1])
2022-02-12 16:57:56,811 INFO: Elliptic Chabauty map computed. (delta = ['12', '8', '-18', '-9', '-1'], g = [-12, -9, 19, 9, 1])
2022-02-12 16:57:56,814 INFO: Computing elliptic Chabauty map... (delta = ['12', '92', '46', '-143', '-64', '-7'], g = [-1, 1])
2022-02-12 16:58:06,734 INFO: Elliptic Chabauty map computed. (delta = ['12', '92', '46', '-143', '-64', '-7'], g = [-1, 1])
2022-02-12 16:58:06,737 INFO: Computing elliptic Chabauty map... (delta = ['12', '92', '46', '-143', '-64', '-7'], g = [-12, -9, 19, 9, 1])
2022-02-12 16:58:18,880 INFO: Elliptic Chabauty map computed. (delta = ['12', '92', '46', '-143', '-64', '-7'], g = [-12, -9, 19, 9, 1])
2022-02-12 16:58:18,883 INFO: Computing elliptic Chabauty map... (delta = ['1'], g = [-1, 1])
2022-02-12 16:58:28,912 INFO: Elliptic Chabauty map computed. (delta = ['1'], g = [-1, 1])
2022-02-12 16:58:28,916 INFO: Computing elliptic Chabauty map... (delta = ['1'], g = [-12, -9, 19, 9, 1])
2022-02-12 16:58:40,972 INFO: Elliptic Chabauty map computed. (delta = ['1'], g = [-12, -9, 19, 9, 1])
2022-02-12 16:58:40,976 INFO: Computing elliptic Chabauty map... (delta = ['-12', '388', '310', '-610', '-298', '-34'], g = [-1, 1])
2022-02-12 16:58:51,077 INFO: Elliptic Chabauty map computed. (delta = ['-12', '388', '310', '-610', '-298', '-34'], g = [-1, 1])
2022-02-12 16:58:51,081 INFO: Computing elliptic Chabauty map... (delta = ['-12', '388', '310', '-610', '-298', '-34'], g = [-12, -9, 19, 9, 1])
2022-02-12 16:59:03,240 INFO: Elliptic Chabauty map computed. (delta = ['-12', '388', '310', '-610', '-298', '-34'], g = [-12, -9, 19, 9, 1])
2022-02-12 16:59:03,246 INFO: Tasks complete. Recording data and exiting.
