2022-01-11 12:34:54,568 INFO: Initialized curve data.
2022-01-11 12:34:54,570 INFO: Setting up initial twist data...
2022-01-11 12:34:55,605 INFO: Twist setup complete.
2022-01-11 12:34:55,605 INFO: Searching for rational points on each twist...
2022-01-11 12:34:57,090 INFO: Finished searching for rational points on each twist.
2022-01-11 12:34:57,090 INFO: Testing local solvability of twists...
2022-01-11 12:34:57,095 INFO: Finished local solvability testing.
2022-01-11 12:34:57,097 INFO: Computing elliptic curve a-invariants...
2022-01-11 12:35:04,151 INFO: Finished computation of a-invariants.
2022-01-11 12:35:04,152 INFO: Computing MW group (delta = ['4', '19', '16', '5', '2', '1'], g = [4, 20, 16, 5, 2, 1])...
2022-01-11 12:35:59,006 INFO: Finished MW computation (delta = ['4', '19', '16', '5', '2', '1'], g = [4, 20, 16, 5, 2, 1])
2022-01-11 12:35:59,009 INFO: Computing MW group (delta = ['1'], g = [4, 20, 16, 5, 2, 1])...
2022-01-13 17:36:59,070 INFO: Loaded curve data from file.
2022-01-13 17:36:59,070 INFO: Reducing MW generators...
2022-01-13 17:36:59,782 INFO: Finished reducing MW generators.
2022-01-13 17:36:59,784 INFO: Running elliptic Chabauty (delta = ['4', '19', '16', '5', '2', '1'], g = [4, 20, 16, 5, 2, 1])...
2022-01-13 17:37:29,194 INFO: Chabauty completed successfully (delta = ['4', '19', '16', '5', '2', '1'], g = [4, 20, 16, 5, 2, 1]).
2022-01-13 17:37:29,196 INFO: Skipped Chabauty because MW generators haven't been computed. (delta = ['1'], g = [4, 20, 16, 5, 2, 1])
2022-01-13 17:37:29,196 INFO: Skipped Chabauty because MW generators haven't been computed. (delta = ['-4', '-19', '-15', '-5', '-2', '-1'], g = [4, 20, 16, 5, 2, 1])
2022-01-13 17:37:29,196 INFO: Skipped Chabauty because MW generators haven't been computed. (delta = ['-16', '-80', '-65', '-21', '-8', '-4'], g = [4, 20, 16, 5, 2, 1])
2022-01-13 17:37:29,240 INFO: Tasks complete. Recording data and exiting.
