2022-01-13 21:55:03,826 INFO: Initialized curve data.
2022-01-13 21:55:03,829 INFO: Setting up initial twist data...
2022-01-13 21:55:04,669 INFO: Twist setup complete.
2022-01-13 21:55:04,669 INFO: Searching for rational points on each twist...
2022-01-13 21:55:06,426 INFO: Finished searching for rational points on each twist.
2022-01-13 21:55:06,426 INFO: Testing local solvability of twists...
2022-01-13 21:55:06,432 INFO: Finished local solvability testing.
2022-01-13 21:55:06,433 INFO: Computing elliptic curve a-invariants...
2022-01-13 21:55:38,004 INFO: Finished computation of a-invariants.
2022-01-13 21:55:38,006 INFO: Computing MW group (delta = ['1', '2', '0', '-4', '1', '1'], g = [1, 2, -1, -3, 1, 1])...
2022-01-13 21:56:28,077 INFO: Finished MW computation (delta = ['1', '2', '0', '-4', '1', '1'], g = [1, 2, -1, -3, 1, 1])
2022-01-13 21:56:28,082 INFO: Computing MW group (delta = ['1', '1', '-1', '-3', '1', '1'], g = [1, 2, -1, -3, 1, 1])...
2022-01-13 21:57:43,355 INFO: Finished MW computation (delta = ['1', '1', '-1', '-3', '1', '1'], g = [1, 2, -1, -3, 1, 1])
2022-01-13 21:57:43,359 INFO: Computing MW group (delta = ['1'], g = [1, 2, -1, -3, 1, 1])...
2022-01-13 21:58:31,065 INFO: Finished MW computation (delta = ['1'], g = [1, 2, -1, -3, 1, 1])
2022-01-13 21:58:31,067 INFO: Computing MW group (delta = ['1', '1', '0', '-3', '1', '1'], g = [1, 2, -1, -3, 1, 1])...
2022-01-13 22:00:45,200 INFO: Finished MW computation (delta = ['1', '1', '0', '-3', '1', '1'], g = [1, 2, -1, -3, 1, 1])
2022-01-13 22:00:45,203 INFO: Reducing MW generators...
2022-01-13 22:00:48,836 INFO: Finished reducing MW generators.
2022-01-13 22:00:48,839 INFO: Tasks complete. Recording data and exiting.
