2022-01-13 21:54:34,639 INFO: Initialized curve data.
2022-01-13 21:54:34,642 INFO: Setting up initial twist data...
2022-01-13 21:54:35,901 INFO: Twist setup complete.
2022-01-13 21:54:35,901 INFO: Searching for rational points on each twist...
2022-01-13 21:54:38,587 INFO: Finished searching for rational points on each twist.
2022-01-13 21:54:38,587 INFO: Testing local solvability of twists...
2022-01-13 21:54:40,804 INFO: Finished local solvability testing.
2022-01-13 21:54:40,805 INFO: Computing elliptic curve a-invariants...
2022-01-13 21:54:47,013 INFO: Finished computation of a-invariants.
2022-01-13 21:54:47,014 INFO: Computing MW group (delta = ['1'], g = [8, 21, 46, 47, 38, 9])...
2022-01-13 22:03:25,411 INFO: Finished MW computation (delta = ['1'], g = [8, 21, 46, 47, 38, 9])
2022-01-13 22:03:25,418 INFO: Computing MW group (delta = ['1/4', '5/8', '11/8', '5/4', '1'], g = [8, 21, 46, 47, 38, 9])...
2022-01-13 22:07:44,641 INFO: Finished MW computation (delta = ['1/4', '5/8', '11/8', '5/4', '1'], g = [8, 21, 46, 47, 38, 9])
2022-01-13 22:07:44,645 INFO: Skipped MW computation because no base point (delta = ['1/2', '1/2', '1'])
2022-01-13 22:07:44,645 INFO: Computing MW group (delta = ['1/2', '3/4', '1'], g = [8, 21, 46, 47, 38, 9])...
2022-01-13 22:08:49,399 INFO: Finished MW computation (delta = ['1/2', '3/4', '1'], g = [8, 21, 46, 47, 38, 9])
2022-01-13 22:08:49,406 INFO: Reducing MW generators...
2022-01-13 22:08:50,324 INFO: Finished reducing MW generators.
2022-01-13 22:08:50,326 INFO: Tasks complete. Recording data and exiting.
2022-01-14 11:35:11,539 INFO: Loaded curve data from file.
2022-01-14 11:35:11,540 INFO: Skipped Chabauty because MW group hasn't been provably computed. (delta = ['1'], g = [8, 21, 46, 47, 38, 9])
2022-01-14 11:35:11,540 INFO: Skipped Chabauty because MW group hasn't been provably computed. (delta = ['1/4', '5/8', '11/8', '5/4', '1'], g = [8, 21, 46, 47, 38, 9])
2022-01-14 11:35:11,540 INFO: Skipped Chabauty because no base point (delta = ['1/2', '1/2', '1'])
2022-01-14 11:35:11,540 INFO: Skipped Chabauty because MW group hasn't been provably computed. (delta = ['1/2', '3/4', '1'], g = [8, 21, 46, 47, 38, 9])
2022-01-14 11:35:11,638 INFO: Tasks complete. Recording data and exiting.
