2022-01-12 09:25:19,739 INFO: Initialized curve data.
2022-01-12 09:25:19,743 INFO: Setting up initial twist data...
2022-01-12 09:25:20,703 INFO: Twist setup complete.
2022-01-12 09:25:20,703 INFO: Searching for rational points on each twist...
2022-01-12 09:25:22,176 INFO: Finished searching for rational points on each twist.
2022-01-12 09:25:22,176 INFO: Testing local solvability of twists...
2022-01-12 09:25:23,004 INFO: Finished local solvability testing.
2022-01-12 09:25:23,006 INFO: Computing elliptic curve a-invariants...
2022-01-12 09:25:37,606 INFO: Finished computation of a-invariants.
2022-01-12 09:25:37,608 INFO: Computing MW group (delta = ['1', '-2', '-1', '2', '0', '1'], g = [1, -1, -3, 3, 0, 1])...
2022-01-12 09:26:36,320 INFO: Finished MW computation (delta = ['1', '-2', '-1', '2', '0', '1'], g = [1, -1, -3, 3, 0, 1])
2022-01-12 09:26:36,326 INFO: Skipped MW computation because no base point (delta = ['1', '-1'])
2022-01-12 09:26:36,327 INFO: Computing MW group (delta = ['1'], g = [1, -1, -3, 3, 0, 1])...
2022-01-12 09:27:15,274 INFO: Finished MW computation (delta = ['1'], g = [1, -1, -3, 3, 0, 1])
2022-01-12 09:27:15,277 INFO: Computing MW group (delta = ['1', '-2', '-2', '3', '0', '1'], g = [1, -1, -3, 3, 0, 1])...
2022-01-12 09:28:55,985 INFO: Finished MW computation (delta = ['1', '-2', '-2', '3', '0', '1'], g = [1, -1, -3, 3, 0, 1])
2022-01-12 09:28:55,994 INFO: Reducing MW generators...
2022-01-12 09:28:59,209 INFO: Finished reducing MW generators.
2022-01-12 09:28:59,211 INFO: Tasks complete. Recording data and exiting.
2022-01-14 09:10:40,899 INFO: Loaded curve data from file.
2022-01-14 09:10:40,901 INFO: Running elliptic Chabauty (delta = ['1', '-2', '-1', '2', '0', '1'], g = [1, -1, -3, 3, 0, 1])...
2022-01-14 09:11:06,004 INFO: Chabauty completed successfully (delta = ['1', '-2', '-1', '2', '0', '1'], g = [1, -1, -3, 3, 0, 1]).
2022-01-14 09:11:06,007 INFO: Skipped Chabauty because no base point (delta = ['1', '-1'])
2022-01-14 09:11:06,007 INFO: Running elliptic Chabauty (delta = ['1'], g = [1, -1, -3, 3, 0, 1])...
2022-01-14 09:11:17,487 INFO: Chabauty completed successfully (delta = ['1'], g = [1, -1, -3, 3, 0, 1]).
2022-01-14 09:11:17,489 INFO: Running elliptic Chabauty (delta = ['1', '-2', '-2', '3', '0', '1'], g = [1, -1, -3, 3, 0, 1])...
2022-02-12 16:49:51,796 INFO: Loaded curve data from file.
2022-02-12 16:49:51,797 INFO: Computing elliptic Chabauty map... (delta = ['1', '-2', '-1', '2', '0', '1'], g = [1, -1, -3, 3, 0, 1])
2022-02-12 16:50:05,301 INFO: Elliptic Chabauty map computed. (delta = ['1', '-2', '-1', '2', '0', '1'], g = [1, -1, -3, 3, 0, 1])
2022-02-12 16:50:05,304 INFO: Computing elliptic Chabauty map... (delta = ['1'], g = [1, -1, -3, 3, 0, 1])
2022-02-12 16:50:17,400 INFO: Elliptic Chabauty map computed. (delta = ['1'], g = [1, -1, -3, 3, 0, 1])
2022-02-12 16:50:17,402 INFO: Computing elliptic Chabauty map... (delta = ['1', '-2', '-2', '3', '0', '1'], g = [1, -1, -3, 3, 0, 1])
2022-02-12 16:50:31,043 INFO: Elliptic Chabauty map computed. (delta = ['1', '-2', '-2', '3', '0', '1'], g = [1, -1, -3, 3, 0, 1])
2022-02-12 16:50:31,046 INFO: Tasks complete. Recording data and exiting.
