2022-01-12 12:13:51,880 INFO: Initialized curve data.
2022-01-12 12:13:51,890 INFO: Setting up initial twist data...
2022-01-12 12:13:52,906 INFO: Twist setup complete.
2022-01-12 12:13:52,906 INFO: Searching for rational points on each twist...
2022-01-12 12:13:54,554 INFO: Finished searching for rational points on each twist.
2022-01-12 12:13:54,554 INFO: Testing local solvability of twists...
2022-01-12 12:14:00,674 INFO: Finished local solvability testing.
2022-01-12 12:14:00,675 INFO: Computing elliptic curve a-invariants...
2022-01-12 12:14:05,548 INFO: Finished computation of a-invariants.
2022-01-12 12:14:05,549 INFO: Computing MW group (delta = ['1'], g = [4, -3, -14, 11, 6, 1])...
2022-01-12 12:29:31,989 INFO: Finished MW computation (delta = ['1'], g = [4, -3, -14, 11, 6, 1])
2022-01-12 12:29:31,994 INFO: Computing MW group (delta = ['-1', '1', '1'], g = [4, -3, -14, 11, 6, 1])...
2022-01-12 12:33:22,506 INFO: Finished MW computation (delta = ['-1', '1', '1'], g = [4, -3, -14, 11, 6, 1])
2022-01-12 12:33:22,509 INFO: Computing MW group (delta = ['4', '-4', '-14', '11', '6', '1'], g = [4, -3, -14, 11, 6, 1])...
2022-01-12 12:35:02,476 INFO: Finished MW computation (delta = ['4', '-4', '-14', '11', '6', '1'], g = [4, -3, -14, 11, 6, 1])
2022-01-12 12:35:02,478 INFO: Skipped MW computation because no base point (delta = ['-4', '4', '13', '-12', '-6', '-1'])
2022-01-12 12:35:02,479 INFO: Reducing MW generators...
2022-01-12 12:35:05,420 INFO: Finished reducing MW generators.
2022-01-12 12:35:05,421 INFO: Tasks complete. Recording data and exiting.
2022-01-14 11:32:10,399 INFO: Loaded curve data from file.
2022-01-14 11:32:10,400 INFO: Skipped Chabauty because MW group hasn't been provably computed. (delta = ['1'], g = [4, -3, -14, 11, 6, 1])
2022-01-14 11:32:10,400 INFO: Skipped Chabauty because MW group hasn't been provably computed. (delta = ['-1', '1', '1'], g = [4, -3, -14, 11, 6, 1])
2022-01-14 11:32:10,400 INFO: Skipped Chabauty because MW group hasn't been provably computed. (delta = ['4', '-4', '-14', '11', '6', '1'], g = [4, -3, -14, 11, 6, 1])
2022-01-14 11:32:10,400 INFO: Skipped Chabauty because no base point (delta = ['-4', '4', '13', '-12', '-6', '-1'])
2022-01-14 11:32:10,460 INFO: Tasks complete. Recording data and exiting.
