2022-01-01 12:50:47,674 INFO: Initialized curve data.
2022-01-01 12:50:47,678 INFO: Setting up initial twist data...
2022-01-01 12:50:48,599 INFO: Twist setup complete.
2022-01-01 12:50:48,599 INFO: Searching for rational points on each twist...
2022-01-01 12:50:49,350 INFO: Finished searching for rational points on each twist.
2022-01-01 12:50:49,350 INFO: Testing local solvability of twists...
2022-01-01 12:50:51,432 INFO: Finished local solvability testing.
2022-01-01 12:50:51,435 INFO: Computing elliptic curve a-invariants...
2022-01-01 12:50:59,472 INFO: Finished computation of a-invariants.
2022-01-01 12:50:59,473 INFO: Computing MW group (delta = ['-4', '-4', '1', '-6', '-4', '-1'], g = [4, 5, 0, 6, 4, 1])...
2022-01-01 12:51:32,100 INFO: Finished MW computation (delta = ['-4', '-4', '1', '-6', '-4', '-1'], g = [4, 5, 0, 6, 4, 1])
2022-01-01 12:51:32,103 INFO: Computing MW group (delta = ['1'], g = [4, 5, 0, 6, 4, 1])...
2022-01-01 12:53:48,206 INFO: Finished MW computation (delta = ['1'], g = [4, 5, 0, 6, 4, 1])
2022-01-01 12:53:48,210 INFO: Computing MW group (delta = ['4', '4', '0', '6', '4', '1'], g = [4, 5, 0, 6, 4, 1])...
2022-01-01 12:55:36,637 INFO: Finished MW computation (delta = ['4', '4', '0', '6', '4', '1'], g = [4, 5, 0, 6, 4, 1])
2022-01-01 12:55:36,641 INFO: Obstruction found to provably computing rational points. Exiting.
2022-01-03 13:14:58,000 INFO: Obsolete "loc_solv_error" keys removed.
2022-01-10 22:39:05,794 INFO: Loaded curve data from file.
2022-01-10 22:39:05,794 INFO: Obstruction already found. Exiting.
2022-02-12 16:48:55,783 INFO: Loaded curve data from file.
2022-02-12 16:48:55,783 INFO: Computing elliptic Chabauty map... (delta = ['-4', '-4', '1', '-6', '-4', '-1'], g = [4, 5, 0, 6, 4, 1])
2022-02-12 16:49:08,624 INFO: Elliptic Chabauty map computed. (delta = ['-4', '-4', '1', '-6', '-4', '-1'], g = [4, 5, 0, 6, 4, 1])
2022-02-12 16:49:08,628 INFO: Computing elliptic Chabauty map... (delta = ['1'], g = [4, 5, 0, 6, 4, 1])
2022-02-12 16:49:21,019 INFO: Elliptic Chabauty map computed. (delta = ['1'], g = [4, 5, 0, 6, 4, 1])
2022-02-12 16:49:21,022 INFO: Computing elliptic Chabauty map... (delta = ['4', '4', '0', '6', '4', '1'], g = [4, 5, 0, 6, 4, 1])
2022-02-12 16:49:33,683 INFO: Elliptic Chabauty map computed. (delta = ['4', '4', '0', '6', '4', '1'], g = [4, 5, 0, 6, 4, 1])
2022-02-12 16:49:33,686 INFO: Tasks complete. Recording data and exiting.
