2022-01-13 21:55:00,638 INFO: Initialized curve data.
2022-01-13 21:55:00,642 INFO: Setting up initial twist data...
2022-01-13 21:55:01,746 INFO: Twist setup complete.
2022-01-13 21:55:01,746 INFO: Searching for rational points on each twist...
2022-01-13 21:55:04,346 INFO: Finished searching for rational points on each twist.
2022-01-13 21:55:04,346 INFO: Testing local solvability of twists...
2022-01-13 21:55:04,356 INFO: Finished local solvability testing.
2022-01-13 21:55:04,357 INFO: Computing elliptic curve a-invariants...
2022-01-13 21:55:22,117 INFO: Finished computation of a-invariants.
2022-01-13 21:55:22,119 INFO: Computing MW group (delta = ['1'], g = [4, -16, -16, -4, 2, 1])...
2022-01-13 21:56:29,695 INFO: Finished MW computation (delta = ['1'], g = [4, -16, -16, -4, 2, 1])
2022-01-13 21:56:29,698 INFO: Computing MW group (delta = ['6', '-13', '-15', '-4', '2', '1'], g = [4, -16, -16, -4, 2, 1])...
2022-01-13 21:59:31,925 INFO: Finished MW computation (delta = ['6', '-13', '-15', '-4', '2', '1'], g = [4, -16, -16, -4, 2, 1])
2022-01-13 21:59:31,927 INFO: Computing MW group (delta = ['2', '-17', '-16', '-4', '2', '1'], g = [4, -16, -16, -4, 2, 1])...
2022-01-13 22:00:20,151 INFO: Finished MW computation (delta = ['2', '-17', '-16', '-4', '2', '1'], g = [4, -16, -16, -4, 2, 1])
2022-01-13 22:00:20,155 INFO: Computing MW group (delta = ['12', '-72', '-69', '-17', '8', '4'], g = [4, -16, -16, -4, 2, 1])...
2022-01-13 22:03:57,906 INFO: Finished MW computation (delta = ['12', '-72', '-69', '-17', '8', '4'], g = [4, -16, -16, -4, 2, 1])
2022-01-13 22:03:57,910 INFO: Reducing MW generators...
2022-01-13 22:03:59,962 INFO: Finished reducing MW generators.
2022-01-13 22:03:59,965 INFO: Tasks complete. Recording data and exiting.
