2022-01-12 09:25:10,191 INFO: Initialized curve data.
2022-01-12 09:25:10,193 INFO: Setting up initial twist data...
2022-01-12 09:25:11,379 INFO: Twist setup complete.
2022-01-12 09:25:11,380 INFO: Searching for rational points on each twist...
2022-01-12 09:25:13,492 INFO: Finished searching for rational points on each twist.
2022-01-12 09:25:13,492 INFO: Testing local solvability of twists...
2022-01-12 09:25:17,459 INFO: Finished local solvability testing.
2022-01-12 09:25:17,460 INFO: Computing elliptic curve a-invariants...
2022-01-12 09:25:28,224 INFO: Finished computation of a-invariants.
2022-01-12 09:25:28,226 INFO: Computing MW group (delta = ['1', '14', '5', '-12', '-4', '4'], g = [1, 13, 4, -12, -4, 4])...
2022-01-12 09:32:23,708 INFO: Finished MW computation (delta = ['1', '14', '5', '-12', '-4', '4'], g = [1, 13, 4, -12, -4, 4])
2022-01-12 09:32:23,711 INFO: Computing MW group (delta = ['0', '12', '4', '-12', '-4', '4'], g = [1, 13, 4, -12, -4, 4])...
2022-01-12 09:37:39,287 INFO: Finished MW computation (delta = ['0', '12', '4', '-12', '-4', '4'], g = [1, 13, 4, -12, -4, 4])
2022-01-12 09:37:39,289 INFO: Computing MW group (delta = ['1'], g = [1, 13, 4, -12, -4, 4])...
2022-01-12 09:42:50,107 INFO: Finished MW computation (delta = ['1'], g = [1, 13, 4, -12, -4, 4])
2022-01-12 09:42:50,109 INFO: Unable to use elliptic Chabauty on twist (delta = ['1'])
2022-01-12 09:42:50,111 INFO: Obstruction found to provably computing rational points. Exiting.
2022-01-14 09:10:28,378 INFO: Loaded curve data from file.
2022-01-14 09:10:28,378 INFO: Obstruction already found. Exiting.
2022-02-12 17:01:25,152 INFO: Loaded curve data from file.
2022-02-12 17:01:25,152 INFO: Computing elliptic Chabauty map... (delta = ['1', '14', '5', '-12', '-4', '4'], g = [1, 13, 4, -12, -4, 4])
2022-02-12 17:01:35,623 INFO: Elliptic Chabauty map computed. (delta = ['1', '14', '5', '-12', '-4', '4'], g = [1, 13, 4, -12, -4, 4])
2022-02-12 17:01:35,626 INFO: Computing elliptic Chabauty map... (delta = ['0', '12', '4', '-12', '-4', '4'], g = [1, 13, 4, -12, -4, 4])
2022-02-12 17:01:45,788 INFO: Elliptic Chabauty map computed. (delta = ['0', '12', '4', '-12', '-4', '4'], g = [1, 13, 4, -12, -4, 4])
2022-02-12 17:01:45,791 INFO: Computing elliptic Chabauty map... (delta = ['1'], g = [1, 13, 4, -12, -4, 4])
2022-02-12 17:01:56,050 INFO: Elliptic Chabauty map computed. (delta = ['1'], g = [1, 13, 4, -12, -4, 4])
2022-02-12 17:01:56,053 INFO: Tasks complete. Recording data and exiting.
