2022-02-01 12:33:53,248 INFO: Initialized curve data.
2022-02-01 12:33:53,251 INFO: Setting up initial twist data...
2022-02-01 12:33:54,263 INFO: Twist setup complete.
2022-02-01 12:33:54,263 INFO: Searching for rational points on each twist...
2022-02-01 12:33:56,048 INFO: Finished searching for rational points on each twist.
2022-02-01 12:33:56,048 INFO: Testing local solvability of twists...
2022-02-01 12:33:56,054 INFO: Finished local solvability testing.
2022-02-01 12:33:56,055 INFO: Computing elliptic curve a-invariants...
2022-02-01 12:34:02,432 INFO: Finished computation of a-invariants.
2022-02-01 12:34:02,434 INFO: Computing MW group (delta = ['4', '-3', '17', '7', '-2', '-1'], g = [-4, 4, -16, -7, 2, 1])...
2022-02-01 12:35:46,074 INFO: Finished MW computation (delta = ['4', '-3', '17', '7', '-2', '-1'], g = [-4, 4, -16, -7, 2, 1])
2022-02-01 12:35:46,079 INFO: Computing MW group (delta = ['-1', '-1'], g = [-4, 4, -16, -7, 2, 1])...
2022-02-01 12:45:29,823 INFO: Finished MW computation (delta = ['-1', '-1'], g = [-4, 4, -16, -7, 2, 1])
2022-02-01 12:45:29,826 INFO: Computing MW group (delta = ['-4', '3', '-16', '-7', '2', '1'], g = [-4, 4, -16, -7, 2, 1])...
2022-02-01 12:46:35,910 INFO: Finished MW computation (delta = ['-4', '3', '-16', '-7', '2', '1'], g = [-4, 4, -16, -7, 2, 1])
2022-02-01 12:46:35,915 INFO: Computing MW group (delta = ['1'], g = [-4, 4, -16, -7, 2, 1])...
2022-02-02 04:48:20,966 INFO: Loaded curve data from file.
2022-02-02 04:48:20,967 INFO: Reducing MW generators...
2022-02-02 04:48:22,876 INFO: Finished reducing MW generators.
2022-02-02 04:48:22,879 INFO: Running elliptic Chabauty (delta = ['4', '-3', '17', '7', '-2', '-1'], g = [-4, 4, -16, -7, 2, 1])...
2022-02-02 04:48:39,596 INFO: Chabauty completed successfully (delta = ['4', '-3', '17', '7', '-2', '-1'], g = [-4, 4, -16, -7, 2, 1]).
2022-02-02 04:48:39,599 INFO: Skipped Chabauty because MW group hasn't been provably computed. (delta = ['-1', '-1'], g = [-4, 4, -16, -7, 2, 1])
2022-02-02 04:48:39,599 INFO: Running elliptic Chabauty (delta = ['-4', '3', '-16', '-7', '2', '1'], g = [-4, 4, -16, -7, 2, 1])...
2022-02-02 04:49:22,689 INFO: Chabauty completed successfully (delta = ['-4', '3', '-16', '-7', '2', '1'], g = [-4, 4, -16, -7, 2, 1]).
2022-02-02 04:49:22,692 INFO: Skipped Chabauty because MW generators haven't been computed. (delta = ['1'], g = [-4, 4, -16, -7, 2, 1])
2022-02-02 04:49:22,807 INFO: Tasks complete. Recording data and exiting.
2022-02-12 16:53:44,194 INFO: Loaded curve data from file.
2022-02-12 16:53:44,195 INFO: Computing elliptic Chabauty map... (delta = ['4', '-3', '17', '7', '-2', '-1'], g = [-4, 4, -16, -7, 2, 1])
2022-02-12 16:53:57,666 INFO: Elliptic Chabauty map computed. (delta = ['4', '-3', '17', '7', '-2', '-1'], g = [-4, 4, -16, -7, 2, 1])
2022-02-12 16:53:57,668 INFO: Computing elliptic Chabauty map... (delta = ['-1', '-1'], g = [-4, 4, -16, -7, 2, 1])
2022-02-12 16:54:10,983 INFO: Elliptic Chabauty map computed. (delta = ['-1', '-1'], g = [-4, 4, -16, -7, 2, 1])
2022-02-12 16:54:10,985 INFO: Computing elliptic Chabauty map... (delta = ['-4', '3', '-16', '-7', '2', '1'], g = [-4, 4, -16, -7, 2, 1])
2022-02-12 16:54:24,245 INFO: Elliptic Chabauty map computed. (delta = ['-4', '3', '-16', '-7', '2', '1'], g = [-4, 4, -16, -7, 2, 1])
2022-02-12 16:54:24,247 INFO: Computing elliptic Chabauty map... (delta = ['1'], g = [-4, 4, -16, -7, 2, 1])
2022-02-12 16:54:37,681 INFO: Elliptic Chabauty map computed. (delta = ['1'], g = [-4, 4, -16, -7, 2, 1])
2022-02-12 16:54:37,683 INFO: Tasks complete. Recording data and exiting.
