2022-01-13 21:54:34,373 INFO: Initialized curve data.
2022-01-13 21:54:34,385 INFO: Setting up initial twist data...
2022-01-13 21:54:35,632 INFO: Twist setup complete.
2022-01-13 21:54:35,632 INFO: Searching for rational points on each twist...
2022-01-13 21:54:39,240 INFO: Finished searching for rational points on each twist.
2022-01-13 21:54:39,240 INFO: Testing local solvability of twists...
2022-01-13 21:55:01,185 INFO: Finished local solvability testing.
2022-01-13 21:55:01,188 INFO: Computing elliptic curve a-invariants...
2022-01-13 21:55:05,957 INFO: Finished computation of a-invariants.
2022-01-13 21:55:05,960 INFO: Computing MW group (delta = ['2', '4', '-1', '-7', '1', '2'], g = [-2, -1, 2])...
2022-01-13 21:55:07,297 INFO: Finished MW computation (delta = ['2', '4', '-1', '-7', '1', '2'], g = [-2, -1, 2])
2022-01-13 21:55:07,301 INFO: Computing MW group (delta = ['2', '4', '-1', '-7', '1', '2'], g = [-1, -2, 1, 1])...
2022-01-13 21:55:11,628 INFO: Finished MW computation (delta = ['2', '4', '-1', '-7', '1', '2'], g = [-1, -2, 1, 1])
2022-01-13 21:55:11,632 INFO: Skipped MW computation because no base point (delta = ['-1', '3/2', '5', '-2', '-2'])
2022-01-13 21:55:11,632 INFO: Computing MW group (delta = ['4', '7/2', '-33/4', '1/2', '7/4', '-1/4'], g = [-2, -1, 2])...
2022-01-13 21:55:12,311 INFO: Finished MW computation (delta = ['4', '7/2', '-33/4', '1/2', '7/4', '-1/4'], g = [-2, -1, 2])
2022-01-13 21:55:12,315 INFO: Computing MW group (delta = ['4', '7/2', '-33/4', '1/2', '7/4', '-1/4'], g = [-1, -2, 1, 1])...
2022-01-13 21:55:14,499 INFO: Finished MW computation (delta = ['4', '7/2', '-33/4', '1/2', '7/4', '-1/4'], g = [-1, -2, 1, 1])
2022-01-13 21:55:14,503 INFO: Computing MW group (delta = ['1'], g = [-2, -1, 2])...
2022-01-13 21:55:15,712 INFO: Finished MW computation (delta = ['1'], g = [-2, -1, 2])
2022-01-13 21:55:15,717 INFO: Computing MW group (delta = ['1'], g = [-1, -2, 1, 1])...
2022-01-13 21:55:17,932 INFO: Finished MW computation (delta = ['1'], g = [-1, -2, 1, 1])
2022-01-13 21:55:17,937 INFO: Computing MW group (delta = ['-4', '-8', '1', '14', '-1', '-4'], g = [-2, -1, 2])...
2022-01-13 21:55:19,160 INFO: Finished MW computation (delta = ['-4', '-8', '1', '14', '-1', '-4'], g = [-2, -1, 2])
2022-01-13 21:55:19,166 INFO: Computing MW group (delta = ['-4', '-8', '1', '14', '-1', '-4'], g = [-1, -2, 1, 1])...
2022-01-13 21:55:28,310 INFO: Finished MW computation (delta = ['-4', '-8', '1', '14', '-1', '-4'], g = [-1, -2, 1, 1])
2022-01-13 21:55:28,316 INFO: Unable to use elliptic Chabauty on twist (delta = ['-4', '-8', '1', '14', '-1', '-4'])
2022-01-13 21:55:28,320 INFO: Obstruction found to provably computing rational points. Exiting.
