2022-01-12 09:25:28,828 INFO: Initialized curve data.
2022-01-12 09:25:28,831 INFO: Setting up initial twist data...
2022-01-12 09:25:29,773 INFO: Twist setup complete.
2022-01-12 09:25:29,773 INFO: Searching for rational points on each twist...
2022-01-12 09:25:31,440 INFO: Finished searching for rational points on each twist.
2022-01-12 09:25:31,440 INFO: Testing local solvability of twists...
2022-01-12 09:25:31,444 INFO: Finished local solvability testing.
2022-01-12 09:25:31,445 INFO: Computing elliptic curve a-invariants...
2022-01-12 09:25:45,012 INFO: Finished computation of a-invariants.
2022-01-12 09:25:45,013 INFO: Computing MW group (delta = ['8', '0', '-383/2', '1165/2', '-655', '258'], g = [4, 0, -96, 292, -328, 129])...
2022-01-12 09:27:49,870 INFO: Finished MW computation (delta = ['8', '0', '-383/2', '1165/2', '-655', '258'], g = [4, 0, -96, 292, -328, 129])
2022-01-12 09:27:49,873 INFO: Computing MW group (delta = ['1'], g = [4, 0, -96, 292, -328, 129])...
2022-01-14 09:10:53,672 INFO: Loaded curve data from file.
2022-01-14 09:10:53,672 INFO: Reducing MW generators...
2022-01-14 09:10:53,993 INFO: Finished reducing MW generators.
2022-01-14 09:10:54,022 INFO: Running elliptic Chabauty (delta = ['8', '0', '-383/2', '1165/2', '-655', '258'], g = [4, 0, -96, 292, -328, 129])...
2022-01-14 09:11:10,260 INFO: Chabauty completed successfully (delta = ['8', '0', '-383/2', '1165/2', '-655', '258'], g = [4, 0, -96, 292, -328, 129]).
2022-01-14 09:11:10,261 INFO: Skipped Chabauty because MW generators haven't been computed. (delta = ['1'], g = [4, 0, -96, 292, -328, 129])
2022-01-14 09:11:10,261 INFO: Skipped Chabauty because MW generators haven't been computed. (delta = ['4', '-1', '-95', '292', '-328', '129'], g = [4, 0, -96, 292, -328, 129])
2022-01-14 09:11:10,261 INFO: Skipped Chabauty because MW generators haven't been computed. (delta = ['2', '-1/2', '-47', '146', '-164', '129/2'], g = [4, 0, -96, 292, -328, 129])
2022-01-14 09:11:10,304 INFO: Tasks complete. Recording data and exiting.
