2022-01-12 12:29:01,433 INFO: Initialized curve data.
2022-01-12 12:29:01,437 INFO: Setting up initial twist data...
2022-01-12 12:29:02,667 INFO: Twist setup complete.
2022-01-12 12:29:02,667 INFO: Searching for rational points on each twist...
2022-01-12 12:29:04,704 INFO: Finished searching for rational points on each twist.
2022-01-12 12:29:04,705 INFO: Testing local solvability of twists...
2022-01-12 12:29:07,627 INFO: Finished local solvability testing.
2022-01-12 12:29:07,628 INFO: Computing elliptic curve a-invariants...
2022-01-12 12:29:36,862 INFO: Finished computation of a-invariants.
2022-01-12 12:29:36,863 INFO: Skipped MW computation because no base point (delta = ['-1', '0', '1'])
2022-01-12 12:29:36,864 INFO: Computing MW group (delta = ['1'], g = [4, 0, -16, -4, 12, 5])...
2022-01-12 12:33:16,257 INFO: Finished MW computation (delta = ['1'], g = [4, 0, -16, -4, 12, 5])
2022-01-12 12:33:16,259 INFO: Computing MW group (delta = ['4', '-1', '-17', '-3', '13', '5'], g = [4, 0, -16, -4, 12, 5])...
2022-01-12 13:25:20,673 INFO: Finished MW computation (delta = ['4', '-1', '-17', '-3', '13', '5'], g = [4, 0, -16, -4, 12, 5])
2022-01-12 13:25:20,677 INFO: Computing MW group (delta = ['-4', '1', '17', '4', '-12', '-5'], g = [4, 0, -16, -4, 12, 5])...
2022-01-14 11:32:43,246 INFO: Loaded curve data from file.
2022-01-14 11:32:43,246 INFO: Reducing MW generators...
2022-01-14 11:32:45,225 INFO: Finished reducing MW generators.
2022-01-14 11:32:45,227 INFO: Skipped Chabauty because no base point (delta = ['-1', '0', '1'])
2022-01-14 11:32:45,228 INFO: Running elliptic Chabauty (delta = ['1'], g = [4, 0, -16, -4, 12, 5])...
2022-01-14 11:33:09,326 INFO: Chabauty completed successfully (delta = ['1'], g = [4, 0, -16, -4, 12, 5]).
2022-01-14 11:33:09,328 INFO: Running elliptic Chabauty (delta = ['4', '-1', '-17', '-3', '13', '5'], g = [4, 0, -16, -4, 12, 5])...
2022-01-14 11:33:28,577 INFO: Chabauty completed successfully (delta = ['4', '-1', '-17', '-3', '13', '5'], g = [4, 0, -16, -4, 12, 5]).
2022-01-14 11:33:28,580 INFO: Skipped Chabauty because MW generators haven't been computed. (delta = ['-4', '1', '17', '4', '-12', '-5'], g = [4, 0, -16, -4, 12, 5])
2022-01-14 11:33:28,727 INFO: Tasks complete. Recording data and exiting.
