2022-01-11 15:19:06,861 INFO: Initialized curve data.
2022-01-11 15:19:06,864 INFO: Setting up initial twist data...
2022-01-11 15:19:07,690 INFO: Twist setup complete.
2022-01-11 15:19:07,690 INFO: Searching for rational points on each twist...
2022-01-11 15:19:09,149 INFO: Finished searching for rational points on each twist.
2022-01-11 15:19:09,149 INFO: Testing local solvability of twists...
2022-01-11 15:19:12,726 INFO: Finished local solvability testing.
2022-01-11 15:19:12,728 INFO: Computing elliptic curve a-invariants...
2022-01-11 15:19:18,696 INFO: Finished computation of a-invariants.
2022-01-11 15:19:18,698 INFO: Skipped MW computation because no base point (delta = ['8', '31', '9', '3', '4', '1'])
2022-01-11 15:19:18,698 INFO: Computing MW group (delta = ['1'], g = [8, 32, 12, 4, 4, 1])...
2022-01-11 15:19:34,403 INFO: Finished MW computation (delta = ['1'], g = [8, 32, 12, 4, 4, 1])
2022-01-11 15:19:34,406 INFO: Computing MW group (delta = ['8', '31', '12', '4', '4', '1'], g = [8, 32, 12, 4, 4, 1])...
2022-01-11 15:20:05,444 INFO: Finished MW computation (delta = ['8', '31', '12', '4', '4', '1'], g = [8, 32, 12, 4, 4, 1])
2022-01-11 15:20:05,447 INFO: Computing MW group (delta = ['1', '3', '1'], g = [8, 32, 12, 4, 4, 1])...
2022-01-11 15:20:33,237 INFO: Finished MW computation (delta = ['1', '3', '1'], g = [8, 32, 12, 4, 4, 1])
2022-01-11 15:20:33,242 INFO: Reducing MW generators...
2022-01-11 15:20:35,671 INFO: Finished reducing MW generators.
2022-01-11 15:20:35,674 INFO: Tasks complete. Recording data and exiting.
2022-01-14 09:07:45,575 INFO: Loaded curve data from file.
2022-01-14 09:07:45,577 INFO: Skipped Chabauty because no base point (delta = ['8', '31', '9', '3', '4', '1'])
2022-01-14 09:07:45,577 INFO: Running elliptic Chabauty (delta = ['1'], g = [8, 32, 12, 4, 4, 1])...
2022-01-14 09:07:58,125 INFO: Chabauty completed successfully (delta = ['1'], g = [8, 32, 12, 4, 4, 1]).
2022-01-14 09:07:58,207 INFO: Running elliptic Chabauty (delta = ['8', '31', '12', '4', '4', '1'], g = [8, 32, 12, 4, 4, 1])...
2022-01-14 09:08:11,229 INFO: Chabauty completed successfully (delta = ['8', '31', '12', '4', '4', '1'], g = [8, 32, 12, 4, 4, 1]).
2022-01-14 09:08:11,233 INFO: Running elliptic Chabauty (delta = ['1', '3', '1'], g = [8, 32, 12, 4, 4, 1])...
2022-01-14 09:08:23,588 INFO: Chabauty completed successfully (delta = ['1', '3', '1'], g = [8, 32, 12, 4, 4, 1]).
2022-01-14 09:08:23,825 INFO: Rational points successfully computed.
2022-01-14 09:08:23,829 INFO: Tasks complete. Recording data and exiting.
