2022-02-01 12:30:13,933 INFO: Initialized curve data.
2022-02-01 12:30:13,939 INFO: Setting up initial twist data...
2022-02-01 12:30:14,939 INFO: Twist setup complete.
2022-02-01 12:30:14,939 INFO: Searching for rational points on each twist...
2022-02-01 12:30:17,226 INFO: Finished searching for rational points on each twist.
2022-02-01 12:30:17,226 INFO: Testing local solvability of twists...
2022-02-01 12:30:17,239 INFO: Finished local solvability testing.
2022-02-01 12:30:17,240 INFO: Computing elliptic curve a-invariants...
2022-02-01 12:30:31,888 INFO: Finished computation of a-invariants.
2022-02-01 12:30:31,890 INFO: Computing MW group (delta = ['4', '-9', '0', '-8', '0', '1'], g = [4, -8, 0, -8, 0, 1])...
2022-02-01 12:34:44,771 INFO: Finished MW computation (delta = ['4', '-9', '0', '-8', '0', '1'], g = [4, -8, 0, -8, 0, 1])
2022-02-01 12:34:44,773 INFO: Computing MW group (delta = ['1'], g = [4, -8, 0, -8, 0, 1])...
2022-02-01 12:40:08,188 INFO: Finished MW computation (delta = ['1'], g = [4, -8, 0, -8, 0, 1])
2022-02-01 12:40:08,193 INFO: Unable to use elliptic Chabauty on twist (delta = ['1'])
2022-02-01 12:40:08,194 INFO: Obstruction found to provably computing rational points. Exiting.
2022-02-02 04:42:37,530 INFO: Loaded curve data from file.
2022-02-02 04:42:37,530 INFO: Obstruction already found. Exiting.
2022-02-12 17:35:32,073 INFO: Loaded curve data from file.
2022-02-12 17:35:32,074 INFO: Computing elliptic Chabauty map... (delta = ['4', '-9', '0', '-8', '0', '1'], g = [4, -8, 0, -8, 0, 1])
2022-02-12 17:35:39,777 INFO: Elliptic Chabauty map computed. (delta = ['4', '-9', '0', '-8', '0', '1'], g = [4, -8, 0, -8, 0, 1])
2022-02-12 17:35:39,779 INFO: Computing elliptic Chabauty map... (delta = ['1'], g = [4, -8, 0, -8, 0, 1])
2022-02-12 17:35:47,322 INFO: Elliptic Chabauty map computed. (delta = ['1'], g = [4, -8, 0, -8, 0, 1])
2022-02-12 17:35:47,324 INFO: Computing elliptic Chabauty map... (delta = ['-1/2', '4', '1'], g = [4, -8, 0, -8, 0, 1])
2022-02-12 17:35:54,993 INFO: Elliptic Chabauty map computed. (delta = ['-1/2', '4', '1'], g = [4, -8, 0, -8, 0, 1])
2022-02-12 17:35:54,996 INFO: Computing elliptic Chabauty map... (delta = ['-2', '9/2', '-4', '3', '0', '-1/2'], g = [4, -8, 0, -8, 0, 1])
2022-02-12 17:36:02,708 INFO: Elliptic Chabauty map computed. (delta = ['-2', '9/2', '-4', '3', '0', '-1/2'], g = [4, -8, 0, -8, 0, 1])
2022-02-12 17:36:02,711 INFO: Tasks complete. Recording data and exiting.
