2022-01-11 12:29:15,788 INFO: Initialized curve data.
2022-01-11 12:29:15,790 INFO: Setting up initial twist data...
2022-01-11 12:29:16,873 INFO: Twist setup complete.
2022-01-11 12:29:16,873 INFO: Searching for rational points on each twist...
2022-01-11 12:29:18,191 INFO: Finished searching for rational points on each twist.
2022-01-11 12:29:18,191 INFO: Testing local solvability of twists...
2022-01-11 12:29:22,029 INFO: Finished local solvability testing.
2022-01-11 12:29:22,031 INFO: Computing elliptic curve a-invariants...
2022-01-11 12:29:25,560 INFO: Finished computation of a-invariants.
2022-01-11 12:29:25,561 INFO: Skipped MW computation because no base point (delta = ['1', '0', '1'])
2022-01-11 12:29:25,561 INFO: Skipped MW computation because no base point (delta = ['1', '-1', '1'])
2022-01-11 12:29:25,561 INFO: Computing MW group (delta = ['1'], g = [4, -8, 12, -7, 6, 1])...
2022-01-11 12:34:19,980 INFO: Finished MW computation (delta = ['1'], g = [4, -8, 12, -7, 6, 1])
2022-01-11 12:34:19,983 INFO: Computing MW group (delta = ['1', '-1', '2', '-1', '1'], g = [4, -8, 12, -7, 6, 1])...
2022-01-11 12:40:07,785 INFO: Finished MW computation (delta = ['1', '-1', '2', '-1', '1'], g = [4, -8, 12, -7, 6, 1])
2022-01-11 12:40:07,791 INFO: Reducing MW generators...
2022-01-11 12:40:09,644 INFO: Finished reducing MW generators.
2022-01-11 12:40:09,646 INFO: Tasks complete. Recording data and exiting.
2022-01-13 17:36:33,008 INFO: Loaded curve data from file.
2022-01-13 17:36:33,008 INFO: Skipped Chabauty because no base point (delta = ['1', '0', '1'])
2022-01-13 17:36:33,008 INFO: Skipped Chabauty because no base point (delta = ['1', '-1', '1'])
2022-01-13 17:36:33,009 INFO: Running elliptic Chabauty (delta = ['1'], g = [4, -8, 12, -7, 6, 1])...
2022-01-13 17:36:49,316 INFO: Chabauty completed successfully (delta = ['1'], g = [4, -8, 12, -7, 6, 1]).
2022-01-13 17:36:49,318 INFO: Skipped Chabauty because MW group hasn't been provably computed. (delta = ['1', '-1', '2', '-1', '1'], g = [4, -8, 12, -7, 6, 1])
2022-01-13 17:36:49,418 INFO: Tasks complete. Recording data and exiting.
