2022-01-11 12:31:51,216 INFO: Initialized curve data.
2022-01-11 12:31:51,218 INFO: Setting up initial twist data...
2022-01-11 12:31:52,127 INFO: Twist setup complete.
2022-01-11 12:31:52,127 INFO: Searching for rational points on each twist...
2022-01-11 12:31:53,485 INFO: Finished searching for rational points on each twist.
2022-01-11 12:31:53,486 INFO: Testing local solvability of twists...
2022-01-11 12:31:53,491 INFO: Finished local solvability testing.
2022-01-11 12:31:53,491 INFO: Computing elliptic curve a-invariants...
2022-01-11 12:32:02,057 INFO: Finished computation of a-invariants.
2022-01-11 12:32:02,059 INFO: Computing MW group (delta = ['-64', '-152', '-81', '23', '16', '8'], g = [-8, -19, -10, 3, 2, 1])...
2022-01-11 12:32:59,888 INFO: Finished MW computation (delta = ['-64', '-152', '-81', '23', '16', '8'], g = [-8, -19, -10, 3, 2, 1])
2022-01-11 12:32:59,892 INFO: Computing MW group (delta = ['-8', '-20', '-10', '3', '2', '1'], g = [-8, -19, -10, 3, 2, 1])...
2022-01-11 12:33:46,572 INFO: Finished MW computation (delta = ['-8', '-20', '-10', '3', '2', '1'], g = [-8, -19, -10, 3, 2, 1])
2022-01-11 12:33:46,576 INFO: Computing MW group (delta = ['1'], g = [-8, -19, -10, 3, 2, 1])...
2022-01-11 12:34:05,599 INFO: Finished MW computation (delta = ['1'], g = [-8, -19, -10, 3, 2, 1])
2022-01-11 12:34:05,602 INFO: Computing MW group (delta = ['8', '20', '11', '-3', '-2', '-1'], g = [-8, -19, -10, 3, 2, 1])...
2022-01-11 12:36:43,445 INFO: Finished MW computation (delta = ['8', '20', '11', '-3', '-2', '-1'], g = [-8, -19, -10, 3, 2, 1])
2022-01-11 12:36:43,448 INFO: Unable to use elliptic Chabauty on twist (delta = ['8', '20', '11', '-3', '-2', '-1'])
2022-01-11 12:36:43,451 INFO: Obstruction found to provably computing rational points. Exiting.
2022-01-13 17:36:57,690 INFO: Loaded curve data from file.
2022-01-13 17:36:57,690 INFO: Obstruction already found. Exiting.
