2022-02-01 12:30:18,337 INFO: Initialized curve data.
2022-02-01 12:30:18,343 INFO: Setting up initial twist data...
2022-02-01 12:30:19,416 INFO: Twist setup complete.
2022-02-01 12:30:19,416 INFO: Searching for rational points on each twist...
2022-02-01 12:30:21,523 INFO: Finished searching for rational points on each twist.
2022-02-01 12:30:21,523 INFO: Testing local solvability of twists...
2022-02-01 12:30:21,529 INFO: Finished local solvability testing.
2022-02-01 12:30:21,530 INFO: Computing elliptic curve a-invariants...
2022-02-01 12:30:34,299 INFO: Finished computation of a-invariants.
2022-02-01 12:30:34,301 INFO: Computing MW group (delta = ['3/2', '-1'], g = [3, 7, -21, 1, 5, 1])...
2022-02-01 12:33:00,036 INFO: Finished MW computation (delta = ['3/2', '-1'], g = [3, 7, -21, 1, 5, 1])
2022-02-01 12:33:00,039 INFO: Computing MW group (delta = ['1'], g = [3, 7, -21, 1, 5, 1])...
2022-02-01 12:35:41,628 INFO: Finished MW computation (delta = ['1'], g = [3, 7, -21, 1, 5, 1])
2022-02-01 12:35:41,631 INFO: Computing MW group (delta = ['4', '6', '-21', '1', '5', '1'], g = [3, 7, -21, 1, 5, 1])...
2022-02-01 12:37:31,527 INFO: Finished MW computation (delta = ['4', '6', '-21', '1', '5', '1'], g = [3, 7, -21, 1, 5, 1])
2022-02-01 12:37:31,530 INFO: Computing MW group (delta = ['3', '1', '-19/2', '1/2', '5/2', '1/2'], g = [3, 7, -21, 1, 5, 1])...
2022-02-02 04:42:41,498 INFO: Loaded curve data from file.
2022-02-02 04:42:41,498 INFO: Reducing MW generators...
2022-02-02 04:42:42,551 INFO: Finished reducing MW generators.
2022-02-02 04:42:42,554 INFO: Skipped Chabauty because MW group hasn't been provably computed. (delta = ['3/2', '-1'], g = [3, 7, -21, 1, 5, 1])
2022-02-02 04:42:42,554 INFO: Skipped Chabauty because MW group hasn't been provably computed. (delta = ['1'], g = [3, 7, -21, 1, 5, 1])
2022-02-02 04:42:42,554 INFO: Running elliptic Chabauty (delta = ['4', '6', '-21', '1', '5', '1'], g = [3, 7, -21, 1, 5, 1])...
2022-02-02 04:42:59,376 INFO: Chabauty completed successfully (delta = ['4', '6', '-21', '1', '5', '1'], g = [3, 7, -21, 1, 5, 1]).
2022-02-02 04:42:59,378 INFO: Skipped Chabauty because MW generators haven't been computed. (delta = ['3', '1', '-19/2', '1/2', '5/2', '1/2'], g = [3, 7, -21, 1, 5, 1])
2022-02-02 04:42:59,421 INFO: Tasks complete. Recording data and exiting.
