2022-01-12 12:21:09,453 INFO: Initialized curve data.
2022-01-12 12:21:09,459 INFO: Setting up initial twist data...
2022-01-12 12:21:10,698 INFO: Twist setup complete.
2022-01-12 12:21:10,699 INFO: Searching for rational points on each twist...
2022-01-12 12:21:12,341 INFO: Finished searching for rational points on each twist.
2022-01-12 12:21:12,342 INFO: Testing local solvability of twists...
2022-01-12 12:21:23,907 INFO: Finished local solvability testing.
2022-01-12 12:21:23,909 INFO: Computing elliptic curve a-invariants...
2022-01-12 12:21:29,798 INFO: Finished computation of a-invariants.
2022-01-12 12:21:29,800 INFO: Computing MW group (delta = ['1', '6', '1', '4', '0', '-4'], g = [-1, -5, 0, -4, 0, 4])...
2022-01-12 12:36:35,106 INFO: Finished MW computation (delta = ['1', '6', '1', '4', '0', '-4'], g = [-1, -5, 0, -4, 0, 4])
2022-01-12 12:36:35,112 INFO: Skipped MW computation because no base point (delta = ['-1/2', '-7/2', '-1/2', '-1/2', '1', '2'])
2022-01-12 12:36:35,113 INFO: Computing MW group (delta = ['1'], g = [-1, -5, 0, -4, 0, 4])...
2022-01-12 12:50:05,563 INFO: Finished MW computation (delta = ['1'], g = [-1, -5, 0, -4, 0, 4])
2022-01-12 12:50:05,566 INFO: Skipped MW computation because no base point (delta = ['-1', '1/2', '1'])
2022-01-12 12:50:05,567 INFO: Reducing MW generators...
2022-01-12 12:50:09,093 INFO: Finished reducing MW generators.
2022-01-12 12:50:09,095 INFO: Tasks complete. Recording data and exiting.
2022-01-14 11:32:23,412 INFO: Loaded curve data from file.
2022-01-14 11:32:23,413 INFO: Running elliptic Chabauty (delta = ['1', '6', '1', '4', '0', '-4'], g = [-1, -5, 0, -4, 0, 4])...
2022-01-14 11:32:45,886 INFO: Chabauty completed successfully (delta = ['1', '6', '1', '4', '0', '-4'], g = [-1, -5, 0, -4, 0, 4]).
2022-01-14 11:32:45,889 INFO: Skipped Chabauty because no base point (delta = ['-1/2', '-7/2', '-1/2', '-1/2', '1', '2'])
2022-01-14 11:32:45,889 INFO: Running elliptic Chabauty (delta = ['1'], g = [-1, -5, 0, -4, 0, 4])...
2022-01-14 11:33:05,867 INFO: Chabauty completed successfully (delta = ['1'], g = [-1, -5, 0, -4, 0, 4]).
2022-01-14 11:33:05,869 INFO: Skipped Chabauty because no base point (delta = ['-1', '1/2', '1'])
2022-01-14 11:33:06,066 INFO: Rational points successfully computed.
2022-01-14 11:33:06,067 INFO: Tasks complete. Recording data and exiting.
2022-02-12 17:29:31,846 INFO: Loaded curve data from file.
2022-02-12 17:29:31,846 INFO: Computing elliptic Chabauty map... (delta = ['1', '6', '1', '4', '0', '-4'], g = [-1, -5, 0, -4, 0, 4])
2022-02-12 17:29:46,827 INFO: Elliptic Chabauty map computed. (delta = ['1', '6', '1', '4', '0', '-4'], g = [-1, -5, 0, -4, 0, 4])
2022-02-12 17:29:46,830 INFO: Computing elliptic Chabauty map... (delta = ['1'], g = [-1, -5, 0, -4, 0, 4])
2022-02-12 17:30:01,541 INFO: Elliptic Chabauty map computed. (delta = ['1'], g = [-1, -5, 0, -4, 0, 4])
2022-02-12 17:30:01,543 INFO: Tasks complete. Recording data and exiting.
