2022-01-01 12:50:44,218 INFO: Initialized curve data.
2022-01-01 12:50:44,221 INFO: Setting up initial twist data...
2022-01-01 12:50:45,429 INFO: Twist setup complete.
2022-01-01 12:50:45,429 INFO: Searching for rational points on each twist...
2022-01-01 12:50:46,498 INFO: Finished searching for rational points on each twist.
2022-01-01 12:50:46,499 INFO: Testing local solvability of twists...
2022-01-01 12:50:46,506 INFO: Finished local solvability testing.
2022-01-01 12:50:46,507 INFO: Computing elliptic curve a-invariants...
2022-01-01 12:51:12,297 INFO: Finished computation of a-invariants.
2022-01-01 12:51:12,299 INFO: Computing MW group (delta = ['-1', '-1'], g = [8, 8, -8, -8, 0, 1])...
2022-01-01 12:51:51,215 INFO: Finished MW computation (delta = ['-1', '-1'], g = [8, 8, -8, -8, 0, 1])
2022-01-01 12:51:51,217 INFO: Computing MW group (delta = ['-8', '-7', '9', '8', '0', '-1'], g = [8, 8, -8, -8, 0, 1])...
2022-01-01 12:54:04,571 INFO: Finished MW computation (delta = ['-8', '-7', '9', '8', '0', '-1'], g = [8, 8, -8, -8, 0, 1])
2022-01-01 12:54:04,574 INFO: Computing MW group (delta = ['1'], g = [8, 8, -8, -8, 0, 1])...
2022-01-01 12:55:09,390 INFO: Finished MW computation (delta = ['1'], g = [8, 8, -8, -8, 0, 1])
2022-01-01 12:55:09,392 INFO: Computing MW group (delta = ['8', '7', '-8', '-8', '0', '1'], g = [8, 8, -8, -8, 0, 1])...
2022-01-01 12:55:56,115 INFO: Finished MW computation (delta = ['8', '7', '-8', '-8', '0', '1'], g = [8, 8, -8, -8, 0, 1])
2022-01-01 12:55:56,119 INFO: Reducing MW generators...
2022-01-01 12:56:00,495 INFO: Finished reducing MW generators.
2022-01-01 12:56:00,497 INFO: Running elliptic Chabauty (delta = ['-1', '-1'], g = [8, 8, -8, -8, 0, 1])...
2022-01-01 12:56:13,743 INFO: Chabauty completed successfully (delta = ['-1', '-1'], g = [8, 8, -8, -8, 0, 1]).
2022-01-01 12:56:13,746 INFO: Running elliptic Chabauty (delta = ['-8', '-7', '9', '8', '0', '-1'], g = [8, 8, -8, -8, 0, 1])...
2022-01-01 12:58:02,805 INFO: Chabauty completed successfully (delta = ['-8', '-7', '9', '8', '0', '-1'], g = [8, 8, -8, -8, 0, 1]).
2022-01-01 12:58:02,808 INFO: Running elliptic Chabauty (delta = ['1'], g = [8, 8, -8, -8, 0, 1])...
2022-01-01 12:58:24,178 INFO: Chabauty completed successfully (delta = ['1'], g = [8, 8, -8, -8, 0, 1]).
2022-01-01 12:58:24,180 INFO: Running elliptic Chabauty (delta = ['8', '7', '-8', '-8', '0', '1'], g = [8, 8, -8, -8, 0, 1])...
2022-01-01 12:58:39,275 INFO: Chabauty completed successfully (delta = ['8', '7', '-8', '-8', '0', '1'], g = [8, 8, -8, -8, 0, 1]).
2022-01-01 12:58:39,478 INFO: Rational points successfully computed.
2022-01-01 12:58:39,480 INFO: Tasks complete. Recording data and exiting.
2022-01-03 13:14:57,000 INFO: Obsolete "loc_solv_error" keys removed.
2022-01-03 13:14:57,000 INFO: Deleted results of Chabauty computation.
2022-01-10 22:39:09,376 INFO: Loaded curve data from file.
2022-01-10 22:39:09,376 INFO: Running elliptic Chabauty (delta = ['-1', '-1'], g = [8, 8, -8, -8, 0, 1])...
2022-01-10 22:39:21,447 INFO: Chabauty completed successfully (delta = ['-1', '-1'], g = [8, 8, -8, -8, 0, 1]).
2022-01-10 22:39:21,484 INFO: Running elliptic Chabauty (delta = ['-8', '-7', '9', '8', '0', '-1'], g = [8, 8, -8, -8, 0, 1])...
2022-01-10 22:40:45,870 INFO: Chabauty completed successfully (delta = ['-8', '-7', '9', '8', '0', '-1'], g = [8, 8, -8, -8, 0, 1]).
2022-01-10 22:40:45,873 INFO: Running elliptic Chabauty (delta = ['1'], g = [8, 8, -8, -8, 0, 1])...
2022-01-10 22:41:02,513 INFO: Chabauty completed successfully (delta = ['1'], g = [8, 8, -8, -8, 0, 1]).
2022-01-10 22:41:02,515 INFO: Running elliptic Chabauty (delta = ['8', '7', '-8', '-8', '0', '1'], g = [8, 8, -8, -8, 0, 1])...
2022-01-10 22:41:15,074 INFO: Chabauty completed successfully (delta = ['8', '7', '-8', '-8', '0', '1'], g = [8, 8, -8, -8, 0, 1]).
2022-01-10 22:41:15,361 INFO: Rational points successfully computed.
2022-01-10 22:41:15,363 INFO: Tasks complete. Recording data and exiting.
