2022-01-13 21:54:53,064 INFO: Initialized curve data.
2022-01-13 21:54:53,067 INFO: Setting up initial twist data...
2022-01-13 21:54:54,044 INFO: Twist setup complete.
2022-01-13 21:54:54,044 INFO: Searching for rational points on each twist...
2022-01-13 21:54:57,173 INFO: Finished searching for rational points on each twist.
2022-01-13 21:54:57,174 INFO: Testing local solvability of twists...
2022-01-13 21:55:03,370 INFO: Finished local solvability testing.
2022-01-13 21:55:03,372 INFO: Computing elliptic curve a-invariants...
2022-01-13 21:55:11,025 INFO: Finished computation of a-invariants.
2022-01-13 21:55:11,027 INFO: Skipped MW computation because no base point (delta = ['-4', '-7', '-3', '2', '8', '-4'])
2022-01-13 21:55:11,028 INFO: Computing MW group (delta = ['-4', '-7', '-3', '3', '8', '-4'], g = [4, 8, 4, -3, -8, 4])...
2022-01-13 22:05:56,545 INFO: Finished MW computation (delta = ['-4', '-7', '-3', '3', '8', '-4'], g = [4, 8, 4, -3, -8, 4])
2022-01-13 22:05:56,551 INFO: Skipped MW computation because no base point (delta = ['-1', '-1', '1'])
2022-01-13 22:05:56,551 INFO: Computing MW group (delta = ['1'], g = [4, 8, 4, -3, -8, 4])...
2022-01-13 22:07:42,031 INFO: Finished MW computation (delta = ['1'], g = [4, 8, 4, -3, -8, 4])
2022-01-13 22:07:42,034 INFO: Computing MW group (delta = ['4', '7', '4', '-3', '-8', '4'], g = [4, 8, 4, -3, -8, 4])...
2022-01-13 22:15:05,713 INFO: Finished MW computation (delta = ['4', '7', '4', '-3', '-8', '4'], g = [4, 8, 4, -3, -8, 4])
2022-01-13 22:15:05,717 INFO: Computing MW group (delta = ['1', '2', '0', '-1'], g = [4, 8, 4, -3, -8, 4])...
2022-01-13 22:45:40,819 INFO: Finished MW computation (delta = ['1', '2', '0', '-1'], g = [4, 8, 4, -3, -8, 4])
2022-01-13 22:45:40,823 INFO: Skipped MW computation because no base point (delta = ['4', '7', '2', '-3', '-7', '4'])
2022-01-13 22:45:40,824 INFO: Computing MW group (delta = ['-1', '-1'], g = [4, 8, 4, -3, -8, 4])...
2022-01-14 11:35:31,026 INFO: Loaded curve data from file.
2022-01-14 11:35:31,026 INFO: Reducing MW generators...
2022-01-14 11:35:31,952 INFO: Finished reducing MW generators.
2022-01-14 11:35:31,956 INFO: Skipped Chabauty because no base point (delta = ['-4', '-7', '-3', '2', '8', '-4'])
2022-01-14 11:35:31,956 INFO: Running elliptic Chabauty (delta = ['-4', '-7', '-3', '3', '8', '-4'], g = [4, 8, 4, -3, -8, 4])...
2022-01-14 11:35:45,251 INFO: Chabauty completed successfully (delta = ['-4', '-7', '-3', '3', '8', '-4'], g = [4, 8, 4, -3, -8, 4]).
2022-01-14 11:35:45,254 INFO: Skipped Chabauty because no base point (delta = ['-1', '-1', '1'])
2022-01-14 11:35:45,254 INFO: Skipped Chabauty because MW group hasn't been provably computed. (delta = ['1'], g = [4, 8, 4, -3, -8, 4])
2022-01-14 11:35:45,254 INFO: Skipped Chabauty because MW group hasn't been provably computed. (delta = ['4', '7', '4', '-3', '-8', '4'], g = [4, 8, 4, -3, -8, 4])
2022-01-14 11:35:45,254 INFO: Skipped Chabauty because MW group hasn't been provably computed. (delta = ['1', '2', '0', '-1'], g = [4, 8, 4, -3, -8, 4])
2022-01-14 11:35:45,254 INFO: Skipped Chabauty because no base point (delta = ['4', '7', '2', '-3', '-7', '4'])
2022-01-14 11:35:45,254 INFO: Skipped Chabauty because MW generators haven't been computed. (delta = ['-1', '-1'], g = [4, 8, 4, -3, -8, 4])
2022-01-14 11:35:45,383 INFO: Tasks complete. Recording data and exiting.
