2022-01-11 12:31:52,583 INFO: Initialized curve data.
2022-01-11 12:31:52,586 INFO: Setting up initial twist data...
2022-01-11 12:31:53,709 INFO: Twist setup complete.
2022-01-11 12:31:53,709 INFO: Searching for rational points on each twist...
2022-01-11 12:31:55,719 INFO: Finished searching for rational points on each twist.
2022-01-11 12:31:55,719 INFO: Testing local solvability of twists...
2022-01-11 12:31:57,910 INFO: Finished local solvability testing.
2022-01-11 12:31:57,911 INFO: Computing elliptic curve a-invariants...
2022-01-11 12:32:03,779 INFO: Finished computation of a-invariants.
2022-01-11 12:32:03,781 INFO: Computing MW group (delta = ['1'], g = [9, -3, 2, 2, 1, 1])...
2022-01-11 12:35:57,460 INFO: Finished MW computation (delta = ['1'], g = [9, -3, 2, 2, 1, 1])
2022-01-11 12:35:57,463 INFO: Skipped MW computation because no base point (delta = ['0', '-1'])
2022-01-11 12:35:57,463 INFO: Computing MW group (delta = ['8', '-4', '2', '2', '1', '1'], g = [9, -3, 2, 2, 1, 1])...
2022-01-11 12:37:23,424 INFO: Finished MW computation (delta = ['8', '-4', '2', '2', '1', '1'], g = [9, -3, 2, 2, 1, 1])
2022-01-11 12:37:23,429 INFO: Computing MW group (delta = ['9', '-2', '3', '2', '1', '1'], g = [9, -3, 2, 2, 1, 1])...
2022-01-11 12:38:22,624 INFO: Finished MW computation (delta = ['9', '-2', '3', '2', '1', '1'], g = [9, -3, 2, 2, 1, 1])
2022-01-11 12:38:22,629 INFO: Reducing MW generators...
2022-01-11 12:38:26,731 INFO: Finished reducing MW generators.
2022-01-11 12:38:26,734 INFO: Tasks complete. Recording data and exiting.
2022-01-13 17:37:02,047 INFO: Loaded curve data from file.
2022-01-13 17:37:02,047 INFO: Running elliptic Chabauty (delta = ['1'], g = [9, -3, 2, 2, 1, 1])...
2022-01-13 19:03:10,617 INFO: Chabauty completed successfully (delta = ['1'], g = [9, -3, 2, 2, 1, 1]).
2022-01-13 19:03:10,621 INFO: Skipped Chabauty because no base point (delta = ['0', '-1'])
2022-01-13 19:03:10,621 INFO: Running elliptic Chabauty (delta = ['8', '-4', '2', '2', '1', '1'], g = [9, -3, 2, 2, 1, 1])...
2022-01-13 19:06:27,320 INFO: Chabauty completed successfully (delta = ['8', '-4', '2', '2', '1', '1'], g = [9, -3, 2, 2, 1, 1]).
2022-01-13 19:06:27,322 INFO: Running elliptic Chabauty (delta = ['9', '-2', '3', '2', '1', '1'], g = [9, -3, 2, 2, 1, 1])...
2022-01-13 19:06:46,766 INFO: Chabauty completed successfully (delta = ['9', '-2', '3', '2', '1', '1'], g = [9, -3, 2, 2, 1, 1]).
2022-01-13 19:06:47,005 INFO: Rational points successfully computed.
2022-01-13 19:06:47,007 INFO: Tasks complete. Recording data and exiting.
2022-02-12 16:53:00,360 INFO: Loaded curve data from file.
2022-02-12 16:53:00,360 INFO: Computing elliptic Chabauty map... (delta = ['1'], g = [9, -3, 2, 2, 1, 1])
2022-02-12 16:53:14,706 INFO: Elliptic Chabauty map computed. (delta = ['1'], g = [9, -3, 2, 2, 1, 1])
2022-02-12 16:53:14,709 INFO: Computing elliptic Chabauty map... (delta = ['8', '-4', '2', '2', '1', '1'], g = [9, -3, 2, 2, 1, 1])
2022-02-12 16:53:28,856 INFO: Elliptic Chabauty map computed. (delta = ['8', '-4', '2', '2', '1', '1'], g = [9, -3, 2, 2, 1, 1])
2022-02-12 16:53:28,859 INFO: Computing elliptic Chabauty map... (delta = ['9', '-2', '3', '2', '1', '1'], g = [9, -3, 2, 2, 1, 1])
2022-02-12 16:53:42,947 INFO: Elliptic Chabauty map computed. (delta = ['9', '-2', '3', '2', '1', '1'], g = [9, -3, 2, 2, 1, 1])
2022-02-12 16:53:42,950 INFO: Tasks complete. Recording data and exiting.
