2022-01-13 21:55:03,105 INFO: Initialized curve data.
2022-01-13 21:55:03,108 INFO: Setting up initial twist data...
2022-01-13 21:55:03,946 INFO: Twist setup complete.
2022-01-13 21:55:03,946 INFO: Searching for rational points on each twist...
2022-01-13 21:55:05,125 INFO: Finished searching for rational points on each twist.
2022-01-13 21:55:05,125 INFO: Testing local solvability of twists...
2022-01-13 21:55:07,884 INFO: Finished local solvability testing.
2022-01-13 21:55:07,886 INFO: Computing elliptic curve a-invariants...
2022-01-13 21:55:12,231 INFO: Finished computation of a-invariants.
2022-01-13 21:55:12,232 INFO: Computing MW group (delta = ['1'], g = [4, 1, -14, 39, -26, 5])...
2022-01-13 21:56:59,101 INFO: Finished MW computation (delta = ['1'], g = [4, 1, -14, 39, -26, 5])
2022-01-13 21:56:59,104 INFO: Computing MW group (delta = ['1', '-3', '1'], g = [4, 1, -14, 39, -26, 5])...
2022-01-14 11:38:17,488 INFO: Loaded curve data from file.
2022-01-14 11:38:17,488 INFO: Reducing MW generators...
2022-01-14 11:38:17,515 INFO: Finished reducing MW generators.
2022-01-14 11:38:17,518 INFO: Skipped Chabauty because MW group hasn't been provably computed. (delta = ['1'], g = [4, 1, -14, 39, -26, 5])
2022-01-14 11:38:17,518 INFO: Skipped Chabauty because MW generators haven't been computed. (delta = ['1', '-3', '1'], g = [4, 1, -14, 39, -26, 5])
2022-01-14 11:38:17,518 INFO: Skipped Chabauty because MW generators haven't been computed. (delta = ['-1', '1', '6', '-5', '1'], g = [4, 1, -14, 39, -26, 5])
2022-01-14 11:38:17,518 INFO: Skipped Chabauty because no base point (delta = ['-1', '-2', '1'])
2022-01-14 11:38:17,560 INFO: Tasks complete. Recording data and exiting.
2022-02-12 17:07:45,318 INFO: Loaded curve data from file.
2022-02-12 17:07:45,319 INFO: Computing elliptic Chabauty map... (delta = ['1'], g = [4, 1, -14, 39, -26, 5])
2022-02-12 17:07:59,812 INFO: Elliptic Chabauty map computed. (delta = ['1'], g = [4, 1, -14, 39, -26, 5])
2022-02-12 17:07:59,814 INFO: Computing elliptic Chabauty map... (delta = ['1', '-3', '1'], g = [4, 1, -14, 39, -26, 5])
2022-02-12 17:08:14,139 INFO: Elliptic Chabauty map computed. (delta = ['1', '-3', '1'], g = [4, 1, -14, 39, -26, 5])
2022-02-12 17:08:14,142 INFO: Computing elliptic Chabauty map... (delta = ['-1', '1', '6', '-5', '1'], g = [4, 1, -14, 39, -26, 5])
2022-02-12 17:08:28,399 INFO: Elliptic Chabauty map computed. (delta = ['-1', '1', '6', '-5', '1'], g = [4, 1, -14, 39, -26, 5])
2022-02-12 17:08:28,401 INFO: Tasks complete. Recording data and exiting.
