2022-01-11 15:10:18,383 INFO: Initialized curve data.
2022-01-11 15:10:18,386 INFO: Setting up initial twist data...
2022-01-11 15:10:19,745 INFO: Twist setup complete.
2022-01-11 15:10:19,746 INFO: Searching for rational points on each twist...
2022-01-11 15:10:23,188 INFO: Finished searching for rational points on each twist.
2022-01-11 15:10:23,189 INFO: Testing local solvability of twists...
2022-01-11 15:11:28,393 INFO: Finished local solvability testing.
2022-01-11 15:11:28,395 INFO: Computing elliptic curve a-invariants...
2022-01-11 15:11:49,613 INFO: Finished computation of a-invariants.
2022-01-11 15:11:49,615 INFO: Computing MW group (delta = ['-8', '-14', '35', '-19', '1', '1'], g = [-9, -13, 35, -19, 1, 1])...
2022-01-11 15:12:30,308 INFO: Finished MW computation (delta = ['-8', '-14', '35', '-19', '1', '1'], g = [-9, -13, 35, -19, 1, 1])
2022-01-11 15:12:30,313 INFO: Skipped MW computation because no base point (delta = ['-36', '-56', '152', '-89', '10', '3'])
2022-01-11 15:12:30,313 INFO: Computing MW group (delta = ['-7', '-16', '36', '-19', '1', '1'], g = [-9, -13, 35, -19, 1, 1])...
2022-01-11 15:15:36,034 INFO: Finished MW computation (delta = ['-7', '-16', '36', '-19', '1', '1'], g = [-9, -13, 35, -19, 1, 1])
2022-01-11 15:15:36,038 INFO: Computing MW group (delta = ['9', '11', '-32', '18', '-1', '-1'], g = [-9, -13, 35, -19, 1, 1])...
2022-01-11 15:16:43,037 INFO: Finished MW computation (delta = ['9', '11', '-32', '18', '-1', '-1'], g = [-9, -13, 35, -19, 1, 1])
2022-01-11 15:16:43,040 INFO: Skipped MW computation because no base point (delta = ['38', '47', '-136', '75', '-4', '-4'])
2022-01-11 15:16:43,040 INFO: Computing MW group (delta = ['1'], g = [-9, -13, 35, -19, 1, 1])...
2022-01-11 15:19:06,831 INFO: Finished MW computation (delta = ['1'], g = [-9, -13, 35, -19, 1, 1])
2022-01-11 15:19:06,838 INFO: Computing MW group (delta = ['9', '9', '-27', '14', '0', '-1'], g = [-9, -13, 35, -19, 1, 1])...
2022-01-11 15:20:08,512 INFO: Finished MW computation (delta = ['9', '9', '-27', '14', '0', '-1'], g = [-9, -13, 35, -19, 1, 1])
2022-01-11 15:20:08,515 INFO: Skipped MW computation because no base point (delta = ['0', '-2', '1'])
2022-01-11 15:20:08,517 INFO: Reducing MW generators...
2022-01-11 15:20:13,950 INFO: Finished reducing MW generators.
2022-01-11 15:20:13,952 INFO: Tasks complete. Recording data and exiting.
