2022-01-12 09:25:32,897 INFO: Initialized curve data.
2022-01-12 09:25:32,900 INFO: Setting up initial twist data...
2022-01-12 09:25:34,053 INFO: Twist setup complete.
2022-01-12 09:25:34,054 INFO: Searching for rational points on each twist...
2022-01-12 09:25:36,689 INFO: Finished searching for rational points on each twist.
2022-01-12 09:25:36,690 INFO: Testing local solvability of twists...
2022-01-12 09:25:48,319 INFO: Finished local solvability testing.
2022-01-12 09:25:48,321 INFO: Computing elliptic curve a-invariants...
2022-01-12 09:25:55,689 INFO: Finished computation of a-invariants.
2022-01-12 09:25:55,691 INFO: Computing MW group (delta = ['-4', '-8', '18', '-4', '-2', '-1'], g = [4, 9, -18, 3, 2, 1])...
2022-01-12 09:26:28,642 INFO: Finished MW computation (delta = ['-4', '-8', '18', '-4', '-2', '-1'], g = [4, 9, -18, 3, 2, 1])
2022-01-12 09:26:28,648 INFO: Skipped MW computation because no base point (delta = ['-1', '0', '1'])
2022-01-12 09:26:28,649 INFO: Computing MW group (delta = ['-4', '-8', '17', '-4', '-1', '-1'], g = [4, 9, -18, 3, 2, 1])...
2022-01-12 09:27:11,061 INFO: Finished MW computation (delta = ['-4', '-8', '17', '-4', '-1', '-1'], g = [4, 9, -18, 3, 2, 1])
2022-01-12 09:27:11,065 INFO: Computing MW group (delta = ['4', '8', '-18', '3', '2', '1'], g = [4, 9, -18, 3, 2, 1])...
2022-01-12 09:27:38,497 INFO: Finished MW computation (delta = ['4', '8', '-18', '3', '2', '1'], g = [4, 9, -18, 3, 2, 1])
2022-01-12 09:27:38,501 INFO: Computing MW group (delta = ['1'], g = [4, 9, -18, 3, 2, 1])...
2022-01-12 09:29:31,465 INFO: Finished MW computation (delta = ['1'], g = [4, 9, -18, 3, 2, 1])
2022-01-12 09:29:31,471 INFO: Skipped MW computation because no base point (delta = ['-16', '-36', '71', '-11', '-7', '-5'])
2022-01-12 09:29:31,471 INFO: Skipped MW computation because no base point (delta = ['16', '36', '-71', '11', '8', '4'])
2022-01-12 09:29:31,471 INFO: Computing MW group (delta = ['4', '8', '-17', '3', '2', '1'], g = [4, 9, -18, 3, 2, 1])...
2022-01-12 09:30:07,046 INFO: Finished MW computation (delta = ['4', '8', '-17', '3', '2', '1'], g = [4, 9, -18, 3, 2, 1])
2022-01-12 09:30:07,056 INFO: Reducing MW generators...
2022-01-12 09:30:10,610 INFO: Finished reducing MW generators.
2022-01-12 09:30:10,613 INFO: Tasks complete. Recording data and exiting.
