2022-01-11 12:29:24,390 INFO: Initialized curve data.
2022-01-11 12:29:24,393 INFO: Setting up initial twist data...
2022-01-11 12:29:25,550 INFO: Twist setup complete.
2022-01-11 12:29:25,550 INFO: Searching for rational points on each twist...
2022-01-11 12:29:27,314 INFO: Finished searching for rational points on each twist.
2022-01-11 12:29:27,314 INFO: Testing local solvability of twists...
2022-01-11 12:29:27,319 INFO: Finished local solvability testing.
2022-01-11 12:29:27,320 INFO: Computing elliptic curve a-invariants...
2022-01-11 12:29:45,464 INFO: Finished computation of a-invariants.
2022-01-11 12:29:45,466 INFO: Computing MW group (delta = ['16', '24', '-23', '-4', '0', '2'], g = [8, 13, -12, -2, 0, 1])...
2022-01-11 12:30:42,395 INFO: Finished MW computation (delta = ['16', '24', '-23', '-4', '0', '2'], g = [8, 13, -12, -2, 0, 1])
2022-01-11 12:30:42,398 INFO: Computing MW group (delta = ['2', '-1'], g = [8, 13, -12, -2, 0, 1])...
2022-01-11 12:34:34,672 INFO: Finished MW computation (delta = ['2', '-1'], g = [8, 13, -12, -2, 0, 1])
2022-01-11 12:34:34,675 INFO: Unable to use elliptic Chabauty on twist (delta = ['2', '-1'])
2022-01-11 12:34:34,676 INFO: Obstruction found to provably computing rational points. Exiting.
2022-01-13 17:36:47,823 INFO: Loaded curve data from file.
2022-01-13 17:36:47,823 INFO: Obstruction already found. Exiting.
2022-02-12 17:36:51,661 INFO: Loaded curve data from file.
2022-02-12 17:36:51,662 INFO: Computing elliptic Chabauty map... (delta = ['16', '24', '-23', '-4', '0', '2'], g = [8, 13, -12, -2, 0, 1])
2022-02-12 17:37:03,269 INFO: Elliptic Chabauty map computed. (delta = ['16', '24', '-23', '-4', '0', '2'], g = [8, 13, -12, -2, 0, 1])
2022-02-12 17:37:03,272 INFO: Computing elliptic Chabauty map... (delta = ['2', '-1'], g = [8, 13, -12, -2, 0, 1])
2022-02-12 17:37:14,289 INFO: Elliptic Chabauty map computed. (delta = ['2', '-1'], g = [8, 13, -12, -2, 0, 1])
2022-02-12 17:37:14,292 INFO: Computing elliptic Chabauty map... (delta = ['8', '12', '-12', '-2', '0', '1'], g = [8, 13, -12, -2, 0, 1])
2022-02-12 17:37:25,336 INFO: Elliptic Chabauty map computed. (delta = ['8', '12', '-12', '-2', '0', '1'], g = [8, 13, -12, -2, 0, 1])
2022-02-12 17:37:25,340 INFO: Computing elliptic Chabauty map... (delta = ['1'], g = [8, 13, -12, -2, 0, 1])
2022-02-12 17:37:36,147 INFO: Elliptic Chabauty map computed. (delta = ['1'], g = [8, 13, -12, -2, 0, 1])
2022-02-12 17:37:36,179 INFO: Tasks complete. Recording data and exiting.
