2022-01-12 09:25:56,813 INFO: Initialized curve data.
2022-01-12 09:25:56,820 INFO: Setting up initial twist data...
2022-01-12 09:25:57,786 INFO: Twist setup complete.
2022-01-12 09:25:57,786 INFO: Searching for rational points on each twist...
2022-01-12 09:25:59,255 INFO: Finished searching for rational points on each twist.
2022-01-12 09:25:59,255 INFO: Testing local solvability of twists...
2022-01-12 09:26:08,471 INFO: Finished local solvability testing.
2022-01-12 09:26:08,472 INFO: Computing elliptic curve a-invariants...
2022-01-12 09:26:17,475 INFO: Finished computation of a-invariants.
2022-01-12 09:26:17,477 INFO: Computing MW group (delta = ['40', '18', '-19', '-7', '3', '1'], g = [41, 19, -19, -7, 3, 1])...
2022-01-12 09:27:12,132 INFO: Finished MW computation (delta = ['40', '18', '-19', '-7', '3', '1'], g = [41, 19, -19, -7, 3, 1])
2022-01-12 09:27:12,135 INFO: Computing MW group (delta = ['-39', '-16', '20', '7', '-3', '-1'], g = [41, 19, -19, -7, 3, 1])...
2022-01-12 09:30:17,090 INFO: Finished MW computation (delta = ['-39', '-16', '20', '7', '-3', '-1'], g = [41, 19, -19, -7, 3, 1])
2022-01-12 09:30:17,093 INFO: Computing MW group (delta = ['1'], g = [41, 19, -19, -7, 3, 1])...
2022-01-14 09:10:47,119 INFO: Loaded curve data from file.
2022-01-14 09:10:47,120 INFO: Reducing MW generators...
2022-01-14 09:10:47,789 INFO: Finished reducing MW generators.
2022-01-14 09:10:47,791 INFO: Running elliptic Chabauty (delta = ['40', '18', '-19', '-7', '3', '1'], g = [41, 19, -19, -7, 3, 1])...
2022-01-14 09:11:02,595 INFO: Chabauty completed successfully (delta = ['40', '18', '-19', '-7', '3', '1'], g = [41, 19, -19, -7, 3, 1]).
2022-01-14 09:11:02,597 INFO: Skipped Chabauty because MW group hasn't been provably computed. (delta = ['-39', '-16', '20', '7', '-3', '-1'], g = [41, 19, -19, -7, 3, 1])
2022-01-14 09:11:02,597 INFO: Skipped Chabauty because MW generators haven't been computed. (delta = ['1'], g = [41, 19, -19, -7, 3, 1])
2022-01-14 09:11:02,597 INFO: Skipped Chabauty because no base point (delta = ['-2', '-1'])
2022-01-14 09:11:02,688 INFO: Tasks complete. Recording data and exiting.
