2022-01-12 09:25:09,788 INFO: Initialized curve data.
2022-01-12 09:25:09,791 INFO: Setting up initial twist data...
2022-01-12 09:25:10,944 INFO: Twist setup complete.
2022-01-12 09:25:10,944 INFO: Searching for rational points on each twist...
2022-01-12 09:25:13,146 INFO: Finished searching for rational points on each twist.
2022-01-12 09:25:13,146 INFO: Testing local solvability of twists...
2022-01-12 09:25:17,025 INFO: Finished local solvability testing.
2022-01-12 09:25:17,027 INFO: Computing elliptic curve a-invariants...
2022-01-12 09:25:28,678 INFO: Finished computation of a-invariants.
2022-01-12 09:25:28,679 INFO: Computing MW group (delta = ['16', '-136', '181', '-74', '4', '2'], g = [8, -67, 90, -37, 2, 1])...
2022-01-12 09:36:54,122 INFO: Finished MW computation (delta = ['16', '-136', '181', '-74', '4', '2'], g = [8, -67, 90, -37, 2, 1])
2022-01-12 09:36:54,131 INFO: Skipped MW computation because no base point (delta = ['128', '-1072', '1442', '-593', '32', '16'])
2022-01-12 09:36:54,131 INFO: Computing MW group (delta = ['8', '-68', '90', '-37', '2', '1'], g = [8, -67, 90, -37, 2, 1])...
2022-01-12 09:50:28,958 INFO: Finished MW computation (delta = ['8', '-68', '90', '-37', '2', '1'], g = [8, -67, 90, -37, 2, 1])
2022-01-12 09:50:28,960 INFO: Unable to use elliptic Chabauty on twist (delta = ['8', '-68', '90', '-37', '2', '1'])
2022-01-12 09:50:28,962 INFO: Obstruction found to provably computing rational points. Exiting.
2022-01-14 09:10:29,511 INFO: Loaded curve data from file.
2022-01-14 09:10:29,511 INFO: Obstruction already found. Exiting.
2022-02-12 16:57:39,750 INFO: Loaded curve data from file.
2022-02-12 16:57:39,750 INFO: Computing elliptic Chabauty map... (delta = ['16', '-136', '181', '-74', '4', '2'], g = [8, -67, 90, -37, 2, 1])
2022-02-12 16:57:56,261 INFO: Elliptic Chabauty map computed. (delta = ['16', '-136', '181', '-74', '4', '2'], g = [8, -67, 90, -37, 2, 1])
2022-02-12 16:57:56,264 INFO: Computing elliptic Chabauty map... (delta = ['8', '-68', '90', '-37', '2', '1'], g = [8, -67, 90, -37, 2, 1])
2022-02-12 16:58:12,815 INFO: Elliptic Chabauty map computed. (delta = ['8', '-68', '90', '-37', '2', '1'], g = [8, -67, 90, -37, 2, 1])
2022-02-12 16:58:12,819 INFO: Computing elliptic Chabauty map... (delta = ['1'], g = [8, -67, 90, -37, 2, 1])
2022-02-12 16:58:29,368 INFO: Elliptic Chabauty map computed. (delta = ['1'], g = [8, -67, 90, -37, 2, 1])
2022-02-12 16:58:29,371 INFO: Tasks complete. Recording data and exiting.
