2022-02-01 12:30:15,587 INFO: Initialized curve data.
2022-02-01 12:30:15,597 INFO: Setting up initial twist data...
2022-02-01 12:30:17,467 INFO: Twist setup complete.
2022-02-01 12:30:17,467 INFO: Searching for rational points on each twist...
2022-02-01 12:30:21,842 INFO: Finished searching for rational points on each twist.
2022-02-01 12:30:21,842 INFO: Testing local solvability of twists...
2022-02-01 12:30:42,898 INFO: Finished local solvability testing.
2022-02-01 12:30:42,900 INFO: Computing elliptic curve a-invariants...
2022-02-01 12:31:05,639 INFO: Finished computation of a-invariants.
2022-02-01 12:31:05,642 INFO: Skipped MW computation because no base point (delta = ['-1/2', '3/2', '-1/2', '-3/2', '1'])
2022-02-01 12:31:05,643 INFO: Skipped MW computation because no base point (delta = ['1/2', '-3/2', '1'])
2022-02-01 12:31:05,643 INFO: Computing MW group (delta = ['-4', '0', '15', '-9', '-11', '8'], g = [-4, -1, 16, -8, -12, 8])...
2022-02-01 12:34:04,231 INFO: Finished MW computation (delta = ['-4', '0', '15', '-9', '-11', '8'], g = [-4, -1, 16, -8, -12, 8])
2022-02-01 12:34:04,236 INFO: Computing MW group (delta = ['-1', '0', '1'], g = [-4, -1, 16, -8, -12, 8])...
2022-02-01 12:37:29,738 INFO: Finished MW computation (delta = ['-1', '0', '1'], g = [-4, -1, 16, -8, -12, 8])
2022-02-01 12:37:29,742 INFO: Computing MW group (delta = ['4', '0', '-15', '8', '12', '-8'], g = [-4, -1, 16, -8, -12, 8])...
2022-02-01 12:39:15,438 INFO: Finished MW computation (delta = ['4', '0', '-15', '8', '12', '-8'], g = [-4, -1, 16, -8, -12, 8])
2022-02-01 12:39:15,441 INFO: Skipped MW computation because no base point (delta = ['-2', '1/2', '49/8', '-4', '-4', '3'])
2022-02-01 12:39:15,441 INFO: Computing MW group (delta = ['1'], g = [-4, -1, 16, -8, -12, 8])...
2022-02-01 12:44:55,920 INFO: Finished MW computation (delta = ['1'], g = [-4, -1, 16, -8, -12, 8])
2022-02-01 12:44:55,924 INFO: Computing MW group (delta = ['2', '0', '-6', '3/2', '7', '-4'], g = [-4, -1, 16, -8, -12, 8])...
