2022-01-13 21:54:41,424 INFO: Initialized curve data.
2022-01-13 21:54:41,425 INFO: Setting up initial twist data...
2022-01-13 21:54:42,295 INFO: Twist setup complete.
2022-01-13 21:54:42,295 INFO: Searching for rational points on each twist...
2022-01-13 21:54:44,013 INFO: Finished searching for rational points on each twist.
2022-01-13 21:54:44,013 INFO: Testing local solvability of twists...
2022-01-13 21:54:44,018 INFO: Finished local solvability testing.
2022-01-13 21:54:44,019 INFO: Computing elliptic curve a-invariants...
2022-01-13 21:54:49,116 INFO: Finished computation of a-invariants.
2022-01-13 21:54:49,117 INFO: Computing MW group (delta = ['-15', '2', '19', '-10', '-10', '-2'], g = [7, -1, -9, 5, 5, 1])...
2022-01-13 22:01:36,980 INFO: Finished MW computation (delta = ['-15', '2', '19', '-10', '-10', '-2'], g = [7, -1, -9, 5, 5, 1])
2022-01-13 22:01:36,983 INFO: Computing MW group (delta = ['-113', '17', '145', '-81', '-80', '-16'], g = [7, -1, -9, 5, 5, 1])...
2022-01-13 22:03:16,598 INFO: Finished MW computation (delta = ['-113', '17', '145', '-81', '-80', '-16'], g = [7, -1, -9, 5, 5, 1])
2022-01-13 22:03:16,601 INFO: Computing MW group (delta = ['8', '-2', '-9', '5', '5', '1'], g = [7, -1, -9, 5, 5, 1])...
2022-01-13 22:12:18,142 INFO: Finished MW computation (delta = ['8', '-2', '-9', '5', '5', '1'], g = [7, -1, -9, 5, 5, 1])
2022-01-13 22:12:18,146 INFO: Computing MW group (delta = ['1'], g = [7, -1, -9, 5, 5, 1])...
2022-01-13 22:14:49,488 INFO: Finished MW computation (delta = ['1'], g = [7, -1, -9, 5, 5, 1])
2022-01-13 22:14:49,494 INFO: Reducing MW generators...
2022-01-13 22:14:50,979 INFO: Finished reducing MW generators.
2022-01-13 22:14:50,981 INFO: Tasks complete. Recording data and exiting.
2022-01-14 11:35:17,254 INFO: Loaded curve data from file.
2022-01-14 11:35:17,254 INFO: Skipped Chabauty because MW group hasn't been provably computed. (delta = ['-15', '2', '19', '-10', '-10', '-2'], g = [7, -1, -9, 5, 5, 1])
2022-01-14 11:35:17,254 INFO: Skipped Chabauty because MW group hasn't been provably computed. (delta = ['-113', '17', '145', '-81', '-80', '-16'], g = [7, -1, -9, 5, 5, 1])
2022-01-14 11:35:17,254 INFO: Skipped Chabauty because MW group hasn't been provably computed. (delta = ['8', '-2', '-9', '5', '5', '1'], g = [7, -1, -9, 5, 5, 1])
2022-01-14 11:35:17,254 INFO: Skipped Chabauty because MW group hasn't been provably computed. (delta = ['1'], g = [7, -1, -9, 5, 5, 1])
2022-01-14 11:35:17,256 INFO: Tasks complete. Recording data and exiting.
2022-02-12 17:24:43,900 INFO: Loaded curve data from file.
2022-02-12 17:24:43,901 INFO: Computing elliptic Chabauty map... (delta = ['-15', '2', '19', '-10', '-10', '-2'], g = [7, -1, -9, 5, 5, 1])
2022-02-12 17:24:53,997 INFO: Elliptic Chabauty map computed. (delta = ['-15', '2', '19', '-10', '-10', '-2'], g = [7, -1, -9, 5, 5, 1])
2022-02-12 17:24:53,999 INFO: Computing elliptic Chabauty map... (delta = ['-113', '17', '145', '-81', '-80', '-16'], g = [7, -1, -9, 5, 5, 1])
2022-02-12 17:25:04,014 INFO: Elliptic Chabauty map computed. (delta = ['-113', '17', '145', '-81', '-80', '-16'], g = [7, -1, -9, 5, 5, 1])
2022-02-12 17:25:04,016 INFO: Computing elliptic Chabauty map... (delta = ['8', '-2', '-9', '5', '5', '1'], g = [7, -1, -9, 5, 5, 1])
2022-02-12 17:25:14,157 INFO: Elliptic Chabauty map computed. (delta = ['8', '-2', '-9', '5', '5', '1'], g = [7, -1, -9, 5, 5, 1])
2022-02-12 17:25:14,160 INFO: Computing elliptic Chabauty map... (delta = ['1'], g = [7, -1, -9, 5, 5, 1])
2022-02-12 17:25:24,089 INFO: Elliptic Chabauty map computed. (delta = ['1'], g = [7, -1, -9, 5, 5, 1])
2022-02-12 17:25:24,092 INFO: Tasks complete. Recording data and exiting.
