2022-01-11 15:16:02,992 INFO: Initialized curve data.
2022-01-11 15:16:02,993 INFO: Setting up initial twist data...
2022-01-11 15:16:03,994 INFO: Twist setup complete.
2022-01-11 15:16:03,995 INFO: Searching for rational points on each twist...
2022-01-11 15:16:05,761 INFO: Finished searching for rational points on each twist.
2022-01-11 15:16:05,761 INFO: Testing local solvability of twists...
2022-01-11 15:16:05,766 INFO: Finished local solvability testing.
2022-01-11 15:16:05,767 INFO: Computing elliptic curve a-invariants...
2022-01-11 15:16:12,191 INFO: Finished computation of a-invariants.
2022-01-11 15:16:12,192 INFO: Computing MW group (delta = ['4', '17', '14', '3', '-1', '1'], g = [4, 16, 13, 3, -1, 1])...
2022-01-11 15:17:33,743 INFO: Finished MW computation (delta = ['4', '17', '14', '3', '-1', '1'], g = [4, 16, 13, 3, -1, 1])
2022-01-11 15:17:33,746 INFO: Computing MW group (delta = ['1'], g = [4, 16, 13, 3, -1, 1])...
2022-01-11 15:30:14,020 INFO: Finished MW computation (delta = ['1'], g = [4, 16, 13, 3, -1, 1])
2022-01-11 15:30:14,028 INFO: Computing MW group (delta = ['-16', '-65', '-54', '-13', '4', '-4'], g = [4, 16, 13, 3, -1, 1])...
2022-01-11 15:35:55,647 INFO: Finished MW computation (delta = ['-16', '-65', '-54', '-13', '4', '-4'], g = [4, 16, 13, 3, -1, 1])
2022-01-11 15:35:55,651 INFO: Computing MW group (delta = ['3', '15', '13', '3', '-1', '1'], g = [4, 16, 13, 3, -1, 1])...
2022-01-11 15:36:39,161 INFO: Finished MW computation (delta = ['3', '15', '13', '3', '-1', '1'], g = [4, 16, 13, 3, -1, 1])
2022-01-11 15:36:39,165 INFO: Reducing MW generators...
2022-01-11 15:36:43,213 INFO: Finished reducing MW generators.
2022-01-11 15:36:43,216 INFO: Tasks complete. Recording data and exiting.
