2022-01-11 12:35:46,135 INFO: Initialized curve data.
2022-01-11 12:35:46,139 INFO: Setting up initial twist data...
2022-01-11 12:35:47,128 INFO: Twist setup complete.
2022-01-11 12:35:47,128 INFO: Searching for rational points on each twist...
2022-01-11 12:35:48,795 INFO: Finished searching for rational points on each twist.
2022-01-11 12:35:48,795 INFO: Testing local solvability of twists...
2022-01-11 12:35:48,801 INFO: Finished local solvability testing.
2022-01-11 12:35:48,802 INFO: Computing elliptic curve a-invariants...
2022-01-11 12:36:05,141 INFO: Finished computation of a-invariants.
2022-01-11 12:36:05,143 INFO: Computing MW group (delta = ['16', '16', '-31', '15', '-16', '4'], g = [4, 4, -8, 4, -4, 1])...
2022-01-11 12:37:50,341 INFO: Finished MW computation (delta = ['16', '16', '-31', '15', '-16', '4'], g = [4, 4, -8, 4, -4, 1])
2022-01-11 12:37:50,348 INFO: Computing MW group (delta = ['4', '3', '-7', '4', '-4', '1'], g = [4, 4, -8, 4, -4, 1])...
2022-01-11 12:39:35,506 INFO: Finished MW computation (delta = ['4', '3', '-7', '4', '-4', '1'], g = [4, 4, -8, 4, -4, 1])
2022-01-11 12:39:35,511 INFO: Computing MW group (delta = ['1'], g = [4, 4, -8, 4, -4, 1])...
2022-01-11 12:41:49,694 INFO: Finished MW computation (delta = ['1'], g = [4, 4, -8, 4, -4, 1])
2022-01-11 12:41:49,699 INFO: Computing MW group (delta = ['4', '3', '-8', '4', '-4', '1'], g = [4, 4, -8, 4, -4, 1])...
2022-01-11 12:45:24,012 INFO: Finished MW computation (delta = ['4', '3', '-8', '4', '-4', '1'], g = [4, 4, -8, 4, -4, 1])
2022-01-11 12:45:24,022 INFO: Reducing MW generators...
2022-01-11 12:45:27,874 INFO: Finished reducing MW generators.
2022-01-11 12:45:27,876 INFO: Tasks complete. Recording data and exiting.
2022-01-13 17:37:01,747 INFO: Loaded curve data from file.
2022-01-13 17:37:01,748 INFO: Running elliptic Chabauty (delta = ['16', '16', '-31', '15', '-16', '4'], g = [4, 4, -8, 4, -4, 1])...
2022-01-13 17:37:19,214 INFO: Chabauty completed successfully (delta = ['16', '16', '-31', '15', '-16', '4'], g = [4, 4, -8, 4, -4, 1]).
2022-01-13 17:37:19,217 INFO: Running elliptic Chabauty (delta = ['4', '3', '-7', '4', '-4', '1'], g = [4, 4, -8, 4, -4, 1])...
2022-01-13 17:37:35,800 INFO: Chabauty completed successfully (delta = ['4', '3', '-7', '4', '-4', '1'], g = [4, 4, -8, 4, -4, 1]).
2022-01-13 17:37:35,803 INFO: Running elliptic Chabauty (delta = ['1'], g = [4, 4, -8, 4, -4, 1])...
2022-01-13 17:38:31,981 INFO: Chabauty completed successfully (delta = ['1'], g = [4, 4, -8, 4, -4, 1]).
2022-01-13 17:38:31,984 INFO: Skipped Chabauty because MW group hasn't been provably computed. (delta = ['4', '3', '-8', '4', '-4', '1'], g = [4, 4, -8, 4, -4, 1])
2022-01-13 17:38:32,139 INFO: Tasks complete. Recording data and exiting.
2022-02-12 16:48:02,365 INFO: Loaded curve data from file.
2022-02-12 16:48:02,365 INFO: Computing elliptic Chabauty map... (delta = ['16', '16', '-31', '15', '-16', '4'], g = [4, 4, -8, 4, -4, 1])
2022-02-12 16:48:17,475 INFO: Elliptic Chabauty map computed. (delta = ['16', '16', '-31', '15', '-16', '4'], g = [4, 4, -8, 4, -4, 1])
2022-02-12 16:48:17,477 INFO: Computing elliptic Chabauty map... (delta = ['4', '3', '-7', '4', '-4', '1'], g = [4, 4, -8, 4, -4, 1])
2022-02-12 16:48:32,589 INFO: Elliptic Chabauty map computed. (delta = ['4', '3', '-7', '4', '-4', '1'], g = [4, 4, -8, 4, -4, 1])
2022-02-12 16:48:32,591 INFO: Computing elliptic Chabauty map... (delta = ['1'], g = [4, 4, -8, 4, -4, 1])
2022-02-12 16:48:47,784 INFO: Elliptic Chabauty map computed. (delta = ['1'], g = [4, 4, -8, 4, -4, 1])
2022-02-12 16:48:47,788 INFO: Computing elliptic Chabauty map... (delta = ['4', '3', '-8', '4', '-4', '1'], g = [4, 4, -8, 4, -4, 1])
2022-02-12 16:49:03,050 INFO: Elliptic Chabauty map computed. (delta = ['4', '3', '-8', '4', '-4', '1'], g = [4, 4, -8, 4, -4, 1])
2022-02-12 16:49:03,054 INFO: Tasks complete. Recording data and exiting.
