2022-01-12 12:17:56,150 INFO: Initialized curve data.
2022-01-12 12:17:56,154 INFO: Setting up initial twist data...
2022-01-12 12:17:57,610 INFO: Twist setup complete.
2022-01-12 12:17:57,610 INFO: Searching for rational points on each twist...
2022-01-12 12:18:01,171 INFO: Finished searching for rational points on each twist.
2022-01-12 12:18:01,172 INFO: Testing local solvability of twists...
2022-01-12 12:18:15,436 INFO: Finished local solvability testing.
2022-01-12 12:18:15,438 INFO: Computing elliptic curve a-invariants...
2022-01-12 12:18:18,982 INFO: Finished computation of a-invariants.
2022-01-12 12:18:18,984 INFO: Computing MW group (delta = ['-1', '3', '2', '-2', '-2'], g = [1, 1])...
2022-01-12 12:18:19,492 INFO: Finished MW computation (delta = ['-1', '3', '2', '-2', '-2'], g = [1, 1])
2022-01-12 12:18:19,494 INFO: Computing MW group (delta = ['-1', '3', '2', '-2', '-2'], g = [1, -2, -1, 2, 2])...
2022-01-12 12:18:33,009 INFO: Finished MW computation (delta = ['-1', '3', '2', '-2', '-2'], g = [1, -2, -1, 2, 2])
2022-01-12 12:18:33,011 INFO: Computing MW group (delta = ['1', '-6', '4', '6', '-3', '-6'], g = [1, 1])...
2022-01-12 12:18:33,559 INFO: Finished MW computation (delta = ['1', '-6', '4', '6', '-3', '-6'], g = [1, 1])
2022-01-12 12:18:33,561 INFO: Computing MW group (delta = ['1', '-6', '4', '6', '-3', '-6'], g = [1, -2, -1, 2, 2])...
2022-01-12 12:18:39,888 INFO: Finished MW computation (delta = ['1', '-6', '4', '6', '-3', '-6'], g = [1, -2, -1, 2, 2])
2022-01-12 12:18:39,891 INFO: Computing MW group (delta = ['1'], g = [1, 1])...
2022-01-12 12:18:40,105 INFO: Finished MW computation (delta = ['1'], g = [1, 1])
2022-01-12 12:18:40,107 INFO: Computing MW group (delta = ['1'], g = [1, -2, -1, 2, 2])...
2022-01-12 12:18:48,552 INFO: Finished MW computation (delta = ['1'], g = [1, -2, -1, 2, 2])
2022-01-12 12:18:48,555 INFO: Skipped MW computation because no base point (delta = ['-1', '1', '1'])
2022-01-12 12:18:48,555 INFO: Skipped MW computation because no base point (delta = ['-1', '11/2', '-9/2', '-13/2', '5/2', '6'])
2022-01-12 12:18:48,555 INFO: Skipped MW computation because no base point (delta = ['1', '-3', '2', '3', '-3', '-4'])
2022-01-12 12:18:48,555 INFO: Computing MW group (delta = ['1', '-3', '-1', '4', '3'], g = [1, 1])...
2022-01-12 12:18:49,104 INFO: Finished MW computation (delta = ['1', '-3', '-1', '4', '3'], g = [1, 1])
2022-01-12 12:18:49,107 INFO: Computing MW group (delta = ['1', '-3', '-1', '4', '3'], g = [1, -2, -1, 2, 2])...
2022-01-12 12:18:59,535 INFO: Finished MW computation (delta = ['1', '-3', '-1', '4', '3'], g = [1, -2, -1, 2, 2])
2022-01-12 12:18:59,538 INFO: Skipped MW computation because no base point (delta = ['-1', '2', '-3', '-2', '4', '4'])
2022-01-12 12:18:59,540 INFO: Reducing MW generators...
2022-01-12 12:19:04,161 INFO: Finished reducing MW generators.
2022-01-12 12:19:04,165 INFO: Tasks complete. Recording data and exiting.
