2022-01-13 21:54:41,480 INFO: Initialized curve data.
2022-01-13 21:54:41,500 INFO: Setting up initial twist data...
2022-01-13 21:54:42,504 INFO: Twist setup complete.
2022-01-13 21:54:42,504 INFO: Searching for rational points on each twist...
2022-01-13 21:54:43,939 INFO: Finished searching for rational points on each twist.
2022-01-13 21:54:43,940 INFO: Testing local solvability of twists...
2022-01-13 21:54:46,951 INFO: Finished local solvability testing.
2022-01-13 21:54:46,953 INFO: Computing elliptic curve a-invariants...
2022-01-13 21:54:53,072 INFO: Finished computation of a-invariants.
2022-01-13 21:54:53,073 INFO: Computing MW group (delta = ['1'], g = [4, -36, 92, -48, 4, 1])...
2022-01-14 11:35:18,210 INFO: Loaded curve data from file.
2022-01-14 11:35:18,211 INFO: Reducing MW generators...
2022-01-14 11:35:18,211 INFO: Finished reducing MW generators.
2022-01-14 11:35:18,213 INFO: Skipped Chabauty because MW generators haven't been computed. (delta = ['1'], g = [4, -36, 92, -48, 4, 1])
2022-01-14 11:35:18,213 INFO: Skipped Chabauty because no base point (delta = ['1/2', '-5/2', '1'])
2022-01-14 11:35:18,213 INFO: Skipped Chabauty because no base point (delta = ['1', '-4', '1'])
2022-01-14 11:35:18,213 INFO: Skipped Chabauty because MW generators haven't been computed. (delta = ['1/2', '-9/2', '23/2', '-13/2', '1'], g = [4, -36, 92, -48, 4, 1])
2022-01-14 11:35:18,285 INFO: Tasks complete. Recording data and exiting.
2022-02-12 17:24:02,806 INFO: Loaded curve data from file.
2022-02-12 17:24:02,807 INFO: Computing elliptic Chabauty map... (delta = ['1'], g = [4, -36, 92, -48, 4, 1])
2022-02-12 17:24:19,379 INFO: Elliptic Chabauty map computed. (delta = ['1'], g = [4, -36, 92, -48, 4, 1])
2022-02-12 17:24:19,381 INFO: Computing elliptic Chabauty map... (delta = ['1/2', '-9/2', '23/2', '-13/2', '1'], g = [4, -36, 92, -48, 4, 1])
2022-02-12 17:24:35,755 INFO: Elliptic Chabauty map computed. (delta = ['1/2', '-9/2', '23/2', '-13/2', '1'], g = [4, -36, 92, -48, 4, 1])
2022-02-12 17:24:35,757 INFO: Tasks complete. Recording data and exiting.
