2022-02-01 12:30:16,950 INFO: Initialized curve data.
2022-02-01 12:30:16,953 INFO: Setting up initial twist data...
2022-02-01 12:30:18,313 INFO: Twist setup complete.
2022-02-01 12:30:18,314 INFO: Searching for rational points on each twist...
2022-02-01 12:30:22,571 INFO: Finished searching for rational points on each twist.
2022-02-01 12:30:22,571 INFO: Testing local solvability of twists...
2022-02-01 12:30:36,101 INFO: Finished local solvability testing.
2022-02-01 12:30:36,103 INFO: Computing elliptic curve a-invariants...
2022-02-01 12:30:56,095 INFO: Finished computation of a-invariants.
2022-02-01 12:30:56,097 INFO: Computing MW group (delta = ['-1/2', '-2', '-5/2', '-1'], g = [-4, -3, 6, 23, 26, 9])...
2022-02-01 12:43:23,492 INFO: Finished MW computation (delta = ['-1/2', '-2', '-5/2', '-1'], g = [-4, -3, 6, 23, 26, 9])
2022-02-01 12:43:23,496 INFO: Computing MW group (delta = ['-1', '-1'], g = [-4, -3, 6, 23, 26, 9])...
2022-02-01 12:44:03,152 INFO: Finished MW computation (delta = ['-1', '-1'], g = [-4, -3, 6, 23, 26, 9])
2022-02-01 12:44:03,154 INFO: Computing MW group (delta = ['2', '2', '-1', '-9', '-12', '-9/2'], g = [-4, -3, 6, 23, 26, 9])...
2022-02-01 12:44:45,320 INFO: Finished MW computation (delta = ['2', '2', '-1', '-9', '-12', '-9/2'], g = [-4, -3, 6, 23, 26, 9])
2022-02-01 12:44:45,323 INFO: Skipped MW computation because no base point (delta = ['1/2', '3/2', '1'])
2022-02-01 12:44:45,323 INFO: Computing MW group (delta = ['1'], g = [-4, -3, 6, 23, 26, 9])...
2022-02-01 12:48:28,180 INFO: Finished MW computation (delta = ['1'], g = [-4, -3, 6, 23, 26, 9])
2022-02-01 12:48:28,183 INFO: Computing MW group (delta = ['-4', '-4', '4', '22', '26', '9'], g = [-4, -3, 6, 23, 26, 9])...
2022-02-01 12:49:14,761 INFO: Finished MW computation (delta = ['-4', '-4', '4', '22', '26', '9'], g = [-4, -3, 6, 23, 26, 9])
2022-02-01 12:49:14,764 INFO: Skipped MW computation because no base point (delta = ['-2', '-2', '1/2', '7', '19/2', '7/2'])
2022-02-01 12:49:14,765 INFO: Computing MW group (delta = ['4', '4', '-5', '-23', '-26', '-9'], g = [-4, -3, 6, 23, 26, 9])...
2022-02-01 12:51:29,435 INFO: Finished MW computation (delta = ['4', '4', '-5', '-23', '-26', '-9'], g = [-4, -3, 6, 23, 26, 9])
2022-02-01 12:51:29,440 INFO: Reducing MW generators...
2022-02-01 12:51:31,335 INFO: Finished reducing MW generators.
2022-02-01 12:51:31,338 INFO: Tasks complete. Recording data and exiting.
