2022-02-01 12:30:12,380 INFO: Initialized curve data.
2022-02-01 12:30:12,383 INFO: Setting up initial twist data...
2022-02-01 12:30:13,438 INFO: Twist setup complete.
2022-02-01 12:30:13,438 INFO: Searching for rational points on each twist...
2022-02-01 12:30:15,384 INFO: Finished searching for rational points on each twist.
2022-02-01 12:30:15,384 INFO: Testing local solvability of twists...
2022-02-01 12:30:31,728 INFO: Finished local solvability testing.
2022-02-01 12:30:31,729 INFO: Computing elliptic curve a-invariants...
2022-02-01 12:30:41,556 INFO: Finished computation of a-invariants.
2022-02-01 12:30:41,557 INFO: Skipped MW computation because no base point (delta = ['-64', '-17', '34', '15', '12', '4'])
2022-02-01 12:30:41,557 INFO: Computing MW group (delta = ['-15', '-5', '8', '4', '3', '1'], g = [-16, -4, 8, 4, 3, 1])...
2022-02-02 04:42:34,515 INFO: Loaded curve data from file.
2022-02-02 04:42:34,516 INFO: Reducing MW generators...
2022-02-02 04:42:34,516 INFO: Finished reducing MW generators.
2022-02-02 04:42:34,518 INFO: Skipped Chabauty because no base point (delta = ['-64', '-17', '34', '15', '12', '4'])
2022-02-02 04:42:34,519 INFO: Skipped Chabauty because MW generators haven't been computed. (delta = ['-15', '-5', '8', '4', '3', '1'], g = [-16, -4, 8, 4, 3, 1])
2022-02-02 04:42:34,519 INFO: Skipped Chabauty because MW generators haven't been computed. (delta = ['1'], g = [-16, -4, 8, 4, 3, 1])
2022-02-02 04:42:34,519 INFO: Skipped Chabauty because MW generators haven't been computed. (delta = ['16', '3', '-7', '-4', '-3', '-1'], g = [-16, -4, 8, 4, 3, 1])
2022-02-02 04:42:34,565 INFO: Tasks complete. Recording data and exiting.
2022-02-12 17:31:16,754 INFO: Loaded curve data from file.
2022-02-12 17:31:16,754 INFO: Computing elliptic Chabauty map... (delta = ['-15', '-5', '8', '4', '3', '1'], g = [-16, -4, 8, 4, 3, 1])
2022-02-12 17:31:32,124 INFO: Elliptic Chabauty map computed. (delta = ['-15', '-5', '8', '4', '3', '1'], g = [-16, -4, 8, 4, 3, 1])
2022-02-12 17:31:32,127 INFO: Computing elliptic Chabauty map... (delta = ['1'], g = [-16, -4, 8, 4, 3, 1])
2022-02-12 17:31:47,282 INFO: Elliptic Chabauty map computed. (delta = ['1'], g = [-16, -4, 8, 4, 3, 1])
2022-02-12 17:31:47,285 INFO: Computing elliptic Chabauty map... (delta = ['16', '3', '-7', '-4', '-3', '-1'], g = [-16, -4, 8, 4, 3, 1])
2022-02-12 17:32:02,346 INFO: Elliptic Chabauty map computed. (delta = ['16', '3', '-7', '-4', '-3', '-1'], g = [-16, -4, 8, 4, 3, 1])
2022-02-12 17:32:02,348 INFO: Tasks complete. Recording data and exiting.
