2022-01-01 12:51:08,667 INFO: Initialized curve data.
2022-01-01 12:51:08,670 INFO: Setting up initial twist data...
2022-01-01 12:51:09,806 INFO: Twist setup complete.
2022-01-01 12:51:09,806 INFO: Searching for rational points on each twist...
2022-01-01 12:51:10,710 INFO: Finished searching for rational points on each twist.
2022-01-01 12:51:10,710 INFO: Testing local solvability of twists...
2022-01-01 12:51:13,584 INFO: Finished local solvability testing.
2022-01-01 12:51:13,586 INFO: Computing elliptic curve a-invariants...
2022-01-01 12:51:28,855 INFO: Finished computation of a-invariants.
2022-01-01 12:51:28,857 INFO: Computing MW group (delta = ['-2', '2', '1'], g = [16, -8, -16, 5, 6, 1])...
2022-01-01 12:53:04,363 INFO: Finished MW computation (delta = ['-2', '2', '1'], g = [16, -8, -16, 5, 6, 1])
2022-01-01 12:53:04,367 INFO: Obstruction found to provably computing rational points. Exiting.
2022-01-03 13:14:57,000 INFO: Obsolete "loc_solv_error" keys removed.
2022-01-10 22:42:05,229 INFO: Loaded curve data from file.
2022-01-10 22:42:05,229 INFO: Obstruction already found. Exiting.
2022-02-12 17:19:55,496 INFO: Loaded curve data from file.
2022-02-12 17:19:55,497 INFO: Computing elliptic Chabauty map... (delta = ['-2', '2', '1'], g = [16, -8, -16, 5, 6, 1])
2022-02-12 17:20:13,659 INFO: Elliptic Chabauty map computed. (delta = ['-2', '2', '1'], g = [16, -8, -16, 5, 6, 1])
2022-02-12 17:20:13,661 INFO: Computing elliptic Chabauty map... (delta = ['1'], g = [16, -8, -16, 5, 6, 1])
2022-02-12 17:20:31,524 INFO: Elliptic Chabauty map computed. (delta = ['1'], g = [16, -8, -16, 5, 6, 1])
2022-02-12 17:20:31,526 INFO: Computing elliptic Chabauty map... (delta = ['16', '-9', '-16', '5', '6', '1'], g = [16, -8, -16, 5, 6, 1])
2022-02-12 17:20:49,535 INFO: Elliptic Chabauty map computed. (delta = ['16', '-9', '-16', '5', '6', '1'], g = [16, -8, -16, 5, 6, 1])
2022-02-12 17:20:49,537 INFO: Tasks complete. Recording data and exiting.
