2022-01-11 12:29:20,922 INFO: Initialized curve data.
2022-01-11 12:29:20,925 INFO: Setting up initial twist data...
2022-01-11 12:29:22,090 INFO: Twist setup complete.
2022-01-11 12:29:22,090 INFO: Searching for rational points on each twist...
2022-01-11 12:29:24,246 INFO: Finished searching for rational points on each twist.
2022-01-11 12:29:24,246 INFO: Testing local solvability of twists...
2022-01-11 12:29:24,251 INFO: Finished local solvability testing.
2022-01-11 12:29:24,252 INFO: Computing elliptic curve a-invariants...
2022-01-11 12:29:42,390 INFO: Finished computation of a-invariants.
2022-01-11 12:29:42,392 INFO: Computing MW group (delta = ['8', '-14', '-19', '-3', '3', '1'], g = [9, -13, -19, -3, 3, 1])...
2022-01-11 12:30:23,358 INFO: Finished MW computation (delta = ['8', '-14', '-19', '-3', '3', '1'], g = [9, -13, -19, -3, 3, 1])
2022-01-11 12:30:23,360 INFO: Computing MW group (delta = ['1'], g = [9, -13, -19, -3, 3, 1])...
2022-01-11 12:31:37,078 INFO: Finished MW computation (delta = ['1'], g = [9, -13, -19, -3, 3, 1])
2022-01-11 12:31:37,081 INFO: Computing MW group (delta = ['-74', '99', '148', '23', '-24', '-8'], g = [9, -13, -19, -3, 3, 1])...
2022-01-11 12:39:39,457 INFO: Finished MW computation (delta = ['-74', '99', '148', '23', '-24', '-8'], g = [9, -13, -19, -3, 3, 1])
2022-01-11 12:39:39,460 INFO: Computing MW group (delta = ['-7', '16', '20', '3', '-3', '-1'], g = [9, -13, -19, -3, 3, 1])...
2022-01-11 12:40:06,746 INFO: Finished MW computation (delta = ['-7', '16', '20', '3', '-3', '-1'], g = [9, -13, -19, -3, 3, 1])
2022-01-11 12:40:06,750 INFO: Reducing MW generators...
2022-01-11 12:40:10,221 INFO: Finished reducing MW generators.
2022-01-11 12:40:10,224 INFO: Tasks complete. Recording data and exiting.
