2022-01-11 15:23:22,427 INFO: Initialized curve data.
2022-01-11 15:23:22,431 INFO: Setting up initial twist data...
2022-01-11 15:23:23,445 INFO: Twist setup complete.
2022-01-11 15:23:23,445 INFO: Searching for rational points on each twist...
2022-01-11 15:23:26,143 INFO: Finished searching for rational points on each twist.
2022-01-11 15:23:26,143 INFO: Testing local solvability of twists...
2022-01-11 15:23:32,092 INFO: Finished local solvability testing.
2022-01-11 15:23:32,093 INFO: Computing elliptic curve a-invariants...
2022-01-11 15:23:35,149 INFO: Finished computation of a-invariants.
2022-01-11 15:23:35,151 INFO: Computing MW group (delta = ['-8', '15', '-12', '1', '2', '1'], g = [-1, 1])...
2022-01-11 15:23:35,487 INFO: Finished MW computation (delta = ['-8', '15', '-12', '1', '2', '1'], g = [-1, 1])
2022-01-11 15:23:35,489 INFO: Computing MW group (delta = ['-8', '15', '-12', '1', '2', '1'], g = [8, -8, 4, 3, 1])...
2022-01-11 15:23:41,512 INFO: Finished MW computation (delta = ['-8', '15', '-12', '1', '2', '1'], g = [8, -8, 4, 3, 1])
2022-01-11 15:23:41,515 INFO: Skipped MW computation because no base point (delta = ['-64', '128', '-97', '7', '16', '8'])
2022-01-11 15:23:41,515 INFO: Computing MW group (delta = ['-8', '7', '-3', '-3', '-1'], g = [-1, 1])...
2022-01-11 15:23:41,910 INFO: Finished MW computation (delta = ['-8', '7', '-3', '-3', '-1'], g = [-1, 1])
2022-01-11 15:23:41,913 INFO: Computing MW group (delta = ['-8', '7', '-3', '-3', '-1'], g = [8, -8, 4, 3, 1])...
2022-01-11 15:23:57,367 INFO: Finished MW computation (delta = ['-8', '7', '-3', '-3', '-1'], g = [8, -8, 4, 3, 1])
2022-01-11 15:23:57,371 INFO: Skipped MW computation because no base point (delta = ['512', '-1008', '752', '-55', '-122', '-63'])
2022-01-11 15:23:57,371 INFO: Computing MW group (delta = ['8', '-15', '13', '-1', '-2', '-1'], g = [-1, 1])...
2022-01-11 15:23:57,774 INFO: Finished MW computation (delta = ['8', '-15', '13', '-1', '-2', '-1'], g = [-1, 1])
2022-01-11 15:23:57,776 INFO: Computing MW group (delta = ['8', '-15', '13', '-1', '-2', '-1'], g = [8, -8, 4, 3, 1])...
2022-01-11 15:24:11,114 INFO: Finished MW computation (delta = ['8', '-15', '13', '-1', '-2', '-1'], g = [8, -8, 4, 3, 1])
2022-01-11 15:24:11,117 INFO: Skipped MW computation because no base point (delta = ['64', '-120', '89', '-5', '-13', '-7'])
2022-01-11 15:24:11,117 INFO: Computing MW group (delta = ['1'], g = [-1, 1])...
2022-01-11 15:24:11,529 INFO: Finished MW computation (delta = ['1'], g = [-1, 1])
2022-01-11 15:24:11,531 INFO: Computing MW group (delta = ['1'], g = [8, -8, 4, 3, 1])...
2022-01-11 15:24:21,223 INFO: Finished MW computation (delta = ['1'], g = [8, -8, 4, 3, 1])
2022-01-11 15:24:21,226 INFO: Computing MW group (delta = ['-64', '112', '-81', '0', '11', '6'], g = [-1, 1])...
2022-01-11 15:24:21,633 INFO: Finished MW computation (delta = ['-64', '112', '-81', '0', '11', '6'], g = [-1, 1])
2022-01-11 15:24:21,635 INFO: Computing MW group (delta = ['-64', '112', '-81', '0', '11', '6'], g = [8, -8, 4, 3, 1])...
2022-01-11 15:24:42,783 INFO: Finished MW computation (delta = ['-64', '112', '-81', '0', '11', '6'], g = [8, -8, 4, 3, 1])
2022-01-11 15:24:42,788 INFO: Reducing MW generators...
2022-01-11 15:24:48,181 INFO: Finished reducing MW generators.
2022-01-11 15:24:48,184 INFO: Tasks complete. Recording data and exiting.
2022-01-14 09:07:51,107 INFO: Loaded curve data from file.
2022-01-14 09:07:51,107 INFO: Skipped Chabauty because rank >= degree(g). (delta = ['-8', '15', '-12', '1', '2', '1'], g = [-1, 1])
2022-01-14 09:07:51,107 INFO: Running elliptic Chabauty (delta = ['-8', '15', '-12', '1', '2', '1'], g = [8, -8, 4, 3, 1])...
2022-01-14 09:08:01,848 INFO: Chabauty completed successfully (delta = ['-8', '15', '-12', '1', '2', '1'], g = [8, -8, 4, 3, 1]).
2022-01-14 09:08:01,853 INFO: Skipped Chabauty because no base point (delta = ['-64', '128', '-97', '7', '16', '8'])
2022-01-14 09:08:01,853 INFO: Skipped Chabauty because rank >= degree(g). (delta = ['-8', '7', '-3', '-3', '-1'], g = [-1, 1])
2022-01-14 09:08:01,854 INFO: Running elliptic Chabauty (delta = ['-8', '7', '-3', '-3', '-1'], g = [8, -8, 4, 3, 1])...
2022-01-14 09:08:11,407 INFO: Chabauty completed successfully (delta = ['-8', '7', '-3', '-3', '-1'], g = [8, -8, 4, 3, 1]).
2022-01-14 09:08:11,412 INFO: Skipped Chabauty because no base point (delta = ['512', '-1008', '752', '-55', '-122', '-63'])
2022-01-14 09:08:11,412 INFO: Skipped Chabauty because rank >= degree(g). (delta = ['8', '-15', '13', '-1', '-2', '-1'], g = [-1, 1])
2022-01-14 09:08:11,412 INFO: Running elliptic Chabauty (delta = ['8', '-15', '13', '-1', '-2', '-1'], g = [8, -8, 4, 3, 1])...
2022-01-14 09:08:31,804 INFO: Chabauty completed successfully (delta = ['8', '-15', '13', '-1', '-2', '-1'], g = [8, -8, 4, 3, 1]).
2022-01-14 09:08:31,808 INFO: Skipped Chabauty because no base point (delta = ['64', '-120', '89', '-5', '-13', '-7'])
2022-01-14 09:08:31,808 INFO: Skipped Chabauty because rank >= degree(g). (delta = ['1'], g = [-1, 1])
2022-01-14 09:08:31,809 INFO: Running elliptic Chabauty (delta = ['1'], g = [8, -8, 4, 3, 1])...
2022-01-14 09:08:47,258 INFO: Chabauty completed successfully (delta = ['1'], g = [8, -8, 4, 3, 1]).
2022-01-14 09:08:47,262 INFO: Skipped Chabauty because rank >= degree(g). (delta = ['-64', '112', '-81', '0', '11', '6'], g = [-1, 1])
2022-01-14 09:08:47,262 INFO: Running elliptic Chabauty (delta = ['-64', '112', '-81', '0', '11', '6'], g = [8, -8, 4, 3, 1])...
2022-01-14 09:09:03,681 INFO: Chabauty completed successfully (delta = ['-64', '112', '-81', '0', '11', '6'], g = [8, -8, 4, 3, 1]).
2022-01-14 09:09:04,073 INFO: Rational points successfully computed.
2022-01-14 09:09:04,080 INFO: Tasks complete. Recording data and exiting.
2022-02-12 17:10:37,975 INFO: Loaded curve data from file.
2022-02-12 17:10:37,975 INFO: Computing elliptic Chabauty map... (delta = ['-8', '15', '-12', '1', '2', '1'], g = [-1, 1])
2022-02-12 17:10:48,356 INFO: Elliptic Chabauty map computed. (delta = ['-8', '15', '-12', '1', '2', '1'], g = [-1, 1])
2022-02-12 17:10:48,359 INFO: Computing elliptic Chabauty map... (delta = ['-8', '15', '-12', '1', '2', '1'], g = [8, -8, 4, 3, 1])
2022-02-12 17:11:00,206 INFO: Elliptic Chabauty map computed. (delta = ['-8', '15', '-12', '1', '2', '1'], g = [8, -8, 4, 3, 1])
2022-02-12 17:11:00,210 INFO: Computing elliptic Chabauty map... (delta = ['-8', '7', '-3', '-3', '-1'], g = [-1, 1])
2022-02-12 17:11:10,479 INFO: Elliptic Chabauty map computed. (delta = ['-8', '7', '-3', '-3', '-1'], g = [-1, 1])
2022-02-12 17:11:10,482 INFO: Computing elliptic Chabauty map... (delta = ['-8', '7', '-3', '-3', '-1'], g = [8, -8, 4, 3, 1])
2022-02-12 17:11:22,277 INFO: Elliptic Chabauty map computed. (delta = ['-8', '7', '-3', '-3', '-1'], g = [8, -8, 4, 3, 1])
2022-02-12 17:11:22,281 INFO: Computing elliptic Chabauty map... (delta = ['8', '-15', '13', '-1', '-2', '-1'], g = [-1, 1])
2022-02-12 17:11:32,594 INFO: Elliptic Chabauty map computed. (delta = ['8', '-15', '13', '-1', '-2', '-1'], g = [-1, 1])
2022-02-12 17:11:32,598 INFO: Computing elliptic Chabauty map... (delta = ['8', '-15', '13', '-1', '-2', '-1'], g = [8, -8, 4, 3, 1])
2022-02-12 17:11:44,379 INFO: Elliptic Chabauty map computed. (delta = ['8', '-15', '13', '-1', '-2', '-1'], g = [8, -8, 4, 3, 1])
2022-02-12 17:11:44,383 INFO: Computing elliptic Chabauty map... (delta = ['1'], g = [-1, 1])
2022-02-12 17:11:54,660 INFO: Elliptic Chabauty map computed. (delta = ['1'], g = [-1, 1])
2022-02-12 17:11:54,664 INFO: Computing elliptic Chabauty map... (delta = ['1'], g = [8, -8, 4, 3, 1])
2022-02-12 17:12:06,486 INFO: Elliptic Chabauty map computed. (delta = ['1'], g = [8, -8, 4, 3, 1])
2022-02-12 17:12:06,491 INFO: Computing elliptic Chabauty map... (delta = ['-64', '112', '-81', '0', '11', '6'], g = [-1, 1])
2022-02-12 17:12:16,791 INFO: Elliptic Chabauty map computed. (delta = ['-64', '112', '-81', '0', '11', '6'], g = [-1, 1])
2022-02-12 17:12:16,798 INFO: Computing elliptic Chabauty map... (delta = ['-64', '112', '-81', '0', '11', '6'], g = [8, -8, 4, 3, 1])
2022-02-12 17:12:28,643 INFO: Elliptic Chabauty map computed. (delta = ['-64', '112', '-81', '0', '11', '6'], g = [8, -8, 4, 3, 1])
2022-02-12 17:12:28,649 INFO: Tasks complete. Recording data and exiting.
