2022-01-11 12:29:27,968 INFO: Initialized curve data.
2022-01-11 12:29:27,971 INFO: Setting up initial twist data...
2022-01-11 12:29:29,594 INFO: Twist setup complete.
2022-01-11 12:29:29,594 INFO: Searching for rational points on each twist...
2022-01-11 12:29:31,836 INFO: Finished searching for rational points on each twist.
2022-01-11 12:29:31,837 INFO: Testing local solvability of twists...
2022-01-11 12:29:36,817 INFO: Finished local solvability testing.
2022-01-11 12:29:36,819 INFO: Computing elliptic curve a-invariants...
2022-01-11 12:29:52,957 INFO: Finished computation of a-invariants.
2022-01-11 12:29:52,959 INFO: Computing MW group (delta = ['-2', '6', '-1', '-6', '0', '2'], g = [-4, 13, -4, -12, 0, 4])...
2022-01-11 12:34:45,392 INFO: Finished MW computation (delta = ['-2', '6', '-1', '-6', '0', '2'], g = [-4, 13, -4, -12, 0, 4])
2022-01-11 12:34:45,395 INFO: Computing MW group (delta = ['1'], g = [-4, 13, -4, -12, 0, 4])...
2022-01-13 17:36:51,891 INFO: Loaded curve data from file.
2022-01-13 17:36:51,891 INFO: Reducing MW generators...
2022-01-13 17:36:52,520 INFO: Finished reducing MW generators.
2022-01-13 17:36:52,522 INFO: Running elliptic Chabauty (delta = ['-2', '6', '-1', '-6', '0', '2'], g = [-4, 13, -4, -12, 0, 4])...
2022-01-13 17:37:09,828 INFO: Chabauty completed successfully (delta = ['-2', '6', '-1', '-6', '0', '2'], g = [-4, 13, -4, -12, 0, 4]).
2022-01-13 17:37:09,829 INFO: Skipped Chabauty because MW generators haven't been computed. (delta = ['1'], g = [-4, 13, -4, -12, 0, 4])
2022-01-13 17:37:09,829 INFO: Skipped Chabauty because MW generators haven't been computed. (delta = ['-4', '12', '-4', '-12', '0', '4'], g = [-4, 13, -4, -12, 0, 4])
2022-01-13 17:37:09,830 INFO: Skipped Chabauty because no base point (delta = ['1/2', '-1'])
2022-01-13 17:37:09,940 INFO: Tasks complete. Recording data and exiting.
