2022-01-12 12:17:54,412 INFO: Initialized curve data.
2022-01-12 12:17:54,421 INFO: Setting up initial twist data...
2022-01-12 12:17:55,540 INFO: Twist setup complete.
2022-01-12 12:17:55,540 INFO: Searching for rational points on each twist...
2022-01-12 12:17:57,248 INFO: Finished searching for rational points on each twist.
2022-01-12 12:17:57,248 INFO: Testing local solvability of twists...
2022-01-12 12:17:57,257 INFO: Finished local solvability testing.
2022-01-12 12:17:57,258 INFO: Computing elliptic curve a-invariants...
2022-01-12 12:18:03,876 INFO: Finished computation of a-invariants.
2022-01-12 12:18:03,878 INFO: Computing MW group (delta = ['-16', '0', '-33', '19', '8', '4'], g = [-4, 0, -8, 5, 2, 1])...
2022-01-12 12:21:24,866 INFO: Finished MW computation (delta = ['-16', '0', '-33', '19', '8', '4'], g = [-4, 0, -8, 5, 2, 1])
2022-01-12 12:21:24,871 INFO: Computing MW group (delta = ['1'], g = [-4, 0, -8, 5, 2, 1])...
2022-01-12 12:23:32,228 INFO: Finished MW computation (delta = ['1'], g = [-4, 0, -8, 5, 2, 1])
2022-01-12 12:23:32,232 INFO: Computing MW group (delta = ['4', '1', '9', '-5', '-2', '-1'], g = [-4, 0, -8, 5, 2, 1])...
2022-01-12 12:24:26,094 INFO: Finished MW computation (delta = ['4', '1', '9', '-5', '-2', '-1'], g = [-4, 0, -8, 5, 2, 1])
2022-01-12 12:24:26,096 INFO: Computing MW group (delta = ['-4', '-1', '-8', '5', '2', '1'], g = [-4, 0, -8, 5, 2, 1])...
2022-01-12 12:25:06,376 INFO: Finished MW computation (delta = ['-4', '-1', '-8', '5', '2', '1'], g = [-4, 0, -8, 5, 2, 1])
2022-01-12 12:25:06,379 INFO: Reducing MW generators...
2022-01-12 12:25:09,645 INFO: Finished reducing MW generators.
2022-01-12 12:25:09,647 INFO: Tasks complete. Recording data and exiting.
2022-01-14 11:32:16,314 INFO: Loaded curve data from file.
2022-01-14 11:32:16,314 INFO: Running elliptic Chabauty (delta = ['-16', '0', '-33', '19', '8', '4'], g = [-4, 0, -8, 5, 2, 1])...
2022-01-14 11:32:28,179 INFO: Chabauty completed successfully (delta = ['-16', '0', '-33', '19', '8', '4'], g = [-4, 0, -8, 5, 2, 1]).
2022-01-14 11:32:28,181 INFO: Skipped Chabauty because MW group hasn't been provably computed. (delta = ['1'], g = [-4, 0, -8, 5, 2, 1])
2022-01-14 11:32:28,181 INFO: Skipped Chabauty because MW group hasn't been provably computed. (delta = ['4', '1', '9', '-5', '-2', '-1'], g = [-4, 0, -8, 5, 2, 1])
2022-01-14 11:32:28,181 INFO: Skipped Chabauty because MW group hasn't been provably computed. (delta = ['-4', '-1', '-8', '5', '2', '1'], g = [-4, 0, -8, 5, 2, 1])
2022-01-14 11:32:28,212 INFO: Tasks complete. Recording data and exiting.
