2022-01-12 12:13:51,928 INFO: Initialized curve data.
2022-01-12 12:13:51,930 INFO: Setting up initial twist data...
2022-01-12 12:13:53,093 INFO: Twist setup complete.
2022-01-12 12:13:53,093 INFO: Searching for rational points on each twist...
2022-01-12 12:13:54,805 INFO: Finished searching for rational points on each twist.
2022-01-12 12:13:54,805 INFO: Testing local solvability of twists...
2022-01-12 12:13:54,813 INFO: Finished local solvability testing.
2022-01-12 12:13:54,814 INFO: Computing elliptic curve a-invariants...
2022-01-12 12:14:08,589 INFO: Finished computation of a-invariants.
2022-01-12 12:14:08,590 INFO: Computing MW group (delta = ['4', '11', '-5', '-15', '1', '5'], g = [4, 12, -4, -16, 0, 5])...
2022-01-12 12:23:02,083 INFO: Finished MW computation (delta = ['4', '11', '-5', '-15', '1', '5'], g = [4, 12, -4, -16, 0, 5])
2022-01-12 12:23:02,088 INFO: Computing MW group (delta = ['-1', '0', '1'], g = [4, 12, -4, -16, 0, 5])...
2022-01-14 11:32:09,605 INFO: Loaded curve data from file.
2022-01-14 11:32:09,605 INFO: Reducing MW generators...
2022-01-14 11:32:09,859 INFO: Finished reducing MW generators.
2022-01-14 11:32:09,861 INFO: Skipped Chabauty because MW group hasn't been provably computed. (delta = ['4', '11', '-5', '-15', '1', '5'], g = [4, 12, -4, -16, 0, 5])
2022-01-14 11:32:09,861 INFO: Skipped Chabauty because MW generators haven't been computed. (delta = ['-1', '0', '1'], g = [4, 12, -4, -16, 0, 5])
2022-01-14 11:32:09,861 INFO: Skipped Chabauty because MW generators haven't been computed. (delta = ['-4', '-11', '5', '16', '0', '-5'], g = [4, 12, -4, -16, 0, 5])
2022-01-14 11:32:09,861 INFO: Skipped Chabauty because MW generators haven't been computed. (delta = ['1'], g = [4, 12, -4, -16, 0, 5])
2022-01-14 11:32:09,862 INFO: Tasks complete. Recording data and exiting.
