2022-01-12 09:25:20,748 INFO: Initialized curve data.
2022-01-12 09:25:20,751 INFO: Setting up initial twist data...
2022-01-12 09:25:22,210 INFO: Twist setup complete.
2022-01-12 09:25:22,210 INFO: Searching for rational points on each twist...
2022-01-12 09:25:25,518 INFO: Finished searching for rational points on each twist.
2022-01-12 09:25:25,519 INFO: Testing local solvability of twists...
2022-01-12 09:25:45,204 INFO: Finished local solvability testing.
2022-01-12 09:25:45,207 INFO: Computing elliptic curve a-invariants...
2022-01-12 09:26:05,519 INFO: Finished computation of a-invariants.
2022-01-12 09:26:05,522 INFO: Computing MW group (delta = ['3', '27', '37', '-14', '-14', '-3'], g = [-1, -9, -13, 5, 5, 1])...
2022-01-14 09:10:30,876 INFO: Loaded curve data from file.
2022-01-14 09:10:30,876 INFO: Reducing MW generators...
2022-01-14 09:10:30,877 INFO: Finished reducing MW generators.
2022-01-14 09:10:30,879 INFO: Skipped Chabauty because MW generators haven't been computed. (delta = ['3', '27', '37', '-14', '-14', '-3'], g = [-1, -9, -13, 5, 5, 1])
2022-01-14 09:10:30,879 INFO: Skipped Chabauty because MW generators haven't been computed. (delta = ['0', '2', '1'], g = [-1, -9, -13, 5, 5, 1])
2022-01-14 09:10:30,879 INFO: Skipped Chabauty because MW generators haven't been computed. (delta = ['1'], g = [-1, -9, -13, 5, 5, 1])
2022-01-14 09:10:30,879 INFO: Skipped Chabauty because MW generators haven't been computed. (delta = ['1', '8', '14', '-5', '-5', '-1'], g = [-1, -9, -13, 5, 5, 1])
2022-01-14 09:10:30,879 INFO: Skipped Chabauty because MW generators haven't been computed. (delta = ['0', '-1'], g = [-1, -9, -13, 5, 5, 1])
2022-01-14 09:10:30,879 INFO: Skipped Chabauty because no base point (delta = ['-3', '-25', '-40', '14', '15', '3'])
2022-01-14 09:10:30,879 INFO: Skipped Chabauty because MW generators haven't been computed. (delta = ['0', '-10', '-13', '5', '5', '1'], g = [-1, -9, -13, 5, 5, 1])
2022-01-14 09:10:30,880 INFO: Skipped Chabauty because no base point (delta = ['0', '0', '-2', '-1'])
2022-01-14 09:10:30,962 INFO: Tasks complete. Recording data and exiting.
