2022-01-11 15:10:13,978 INFO: Initialized curve data.
2022-01-11 15:10:13,991 INFO: Setting up initial twist data...
2022-01-11 15:10:15,240 INFO: Twist setup complete.
2022-01-11 15:10:15,240 INFO: Searching for rational points on each twist...
2022-01-11 15:10:18,600 INFO: Finished searching for rational points on each twist.
2022-01-11 15:10:18,600 INFO: Testing local solvability of twists...
2022-01-11 15:10:41,931 INFO: Finished local solvability testing.
2022-01-11 15:10:41,933 INFO: Computing elliptic curve a-invariants...
2022-01-11 15:10:51,190 INFO: Finished computation of a-invariants.
2022-01-11 15:10:51,192 INFO: Computing MW group (delta = ['-4', '-43', '-159', '-217', '-73'], g = [1, 1])...
2022-01-11 15:10:51,580 INFO: Finished MW computation (delta = ['-4', '-43', '-159', '-217', '-73'], g = [1, 1])
2022-01-11 15:10:51,583 INFO: Computing MW group (delta = ['-4', '-43', '-159', '-217', '-73'], g = [4, 44, 160, 217, 73])...
2022-01-11 15:10:55,047 INFO: Finished MW computation (delta = ['-4', '-43', '-159', '-217', '-73'], g = [4, 44, 160, 217, 73])
2022-01-11 15:10:55,050 INFO: Skipped MW computation because no base point (delta = ['1/18', '25/18', '205/18', '679/18', '443/9', '146/9'])
2022-01-11 15:10:55,051 INFO: Skipped MW computation because no base point (delta = ['1/3', '4', '91/3', '320/3', '434/3', '146/3'])
2022-01-11 15:10:55,051 INFO: Skipped MW computation because no base point (delta = ['1/6', '5/6', '1'])
2022-01-11 15:10:55,051 INFO: Computing MW group (delta = ['1'], g = [1, 1])...
2022-01-11 15:10:55,367 INFO: Finished MW computation (delta = ['1'], g = [1, 1])
2022-01-11 15:10:55,370 INFO: Computing MW group (delta = ['1'], g = [4, 44, 160, 217, 73])...
2022-01-11 15:11:16,255 INFO: Finished MW computation (delta = ['1'], g = [4, 44, 160, 217, 73])
2022-01-11 15:11:16,258 INFO: Computing MW group (delta = ['-2/3', '-13/2', '-55/3', '-23/3', '25', '73/6'], g = [1, 1])...
2022-01-11 15:11:16,742 INFO: Finished MW computation (delta = ['-2/3', '-13/2', '-55/3', '-23/3', '25', '73/6'], g = [1, 1])
2022-01-11 15:11:16,745 INFO: Computing MW group (delta = ['-2/3', '-13/2', '-55/3', '-23/3', '25', '73/6'], g = [4, 44, 160, 217, 73])...
2022-01-11 15:11:44,749 INFO: Finished MW computation (delta = ['-2/3', '-13/2', '-55/3', '-23/3', '25', '73/6'], g = [4, 44, 160, 217, 73])
2022-01-11 15:11:44,753 INFO: Computing MW group (delta = ['-2/9', '24529/1314', '146663/657', '121429/146', '83208/73', '252598/657'], g = [1, 1])...
2022-01-11 15:11:45,011 INFO: Finished MW computation (delta = ['-2/9', '24529/1314', '146663/657', '121429/146', '83208/73', '252598/657'], g = [1, 1])
2022-01-11 15:11:45,015 INFO: Computing MW group (delta = ['-2/9', '24529/1314', '146663/657', '121429/146', '83208/73', '252598/657'], g = [4, 44, 160, 217, 73])...
2022-01-11 15:11:57,252 INFO: Finished MW computation (delta = ['-2/9', '24529/1314', '146663/657', '121429/146', '83208/73', '252598/657'], g = [4, 44, 160, 217, 73])
2022-01-11 15:11:57,256 INFO: Computing MW group (delta = ['-4/3', '145/3', '1913/3', '7310/3', '10129/3', '3431/3'], g = [1, 1])...
2022-01-11 15:11:57,513 INFO: Finished MW computation (delta = ['-4/3', '145/3', '1913/3', '7310/3', '10129/3', '3431/3'], g = [1, 1])
2022-01-11 15:11:57,517 INFO: Computing MW group (delta = ['-4/3', '145/3', '1913/3', '7310/3', '10129/3', '3431/3'], g = [4, 44, 160, 217, 73])...
2022-01-11 15:12:08,166 INFO: Finished MW computation (delta = ['-4/3', '145/3', '1913/3', '7310/3', '10129/3', '3431/3'], g = [4, 44, 160, 217, 73])
2022-01-11 15:12:08,173 INFO: Reducing MW generators...
2022-01-11 15:12:13,442 INFO: Finished reducing MW generators.
2022-01-11 15:12:13,447 INFO: Tasks complete. Recording data and exiting.
