2022-01-11 15:36:20,408 INFO: Initialized curve data.
2022-01-11 15:36:20,413 INFO: Setting up initial twist data...
2022-01-11 15:36:21,394 INFO: Twist setup complete.
2022-01-11 15:36:21,394 INFO: Searching for rational points on each twist...
2022-01-11 15:36:23,042 INFO: Finished searching for rational points on each twist.
2022-01-11 15:36:23,042 INFO: Testing local solvability of twists...
2022-01-11 15:36:28,877 INFO: Finished local solvability testing.
2022-01-11 15:36:28,878 INFO: Computing elliptic curve a-invariants...
2022-01-11 15:36:33,968 INFO: Finished computation of a-invariants.
2022-01-11 15:36:33,969 INFO: Computing MW group (delta = ['16', '-6', '-3', '-3', '-4', '4'], g = [15, -5, -3, -3, -4, 4])...
2022-01-11 17:26:56,270 INFO: Finished MW computation (delta = ['16', '-6', '-3', '-3', '-4', '4'], g = [15, -5, -3, -3, -4, 4])
2022-01-11 17:26:56,282 INFO: Skipped MW computation because no base point (delta = ['-2', '0', '1'])
2022-01-11 17:26:56,283 INFO: Computing MW group (delta = ['1'], g = [15, -5, -3, -3, -4, 4])...
2022-01-11 17:27:42,446 INFO: Finished MW computation (delta = ['1'], g = [15, -5, -3, -3, -4, 4])
2022-01-11 17:27:42,448 INFO: Computing MW group (delta = ['-17', '7', '4', '2', '4', '-4'], g = [15, -5, -3, -3, -4, 4])...
2022-01-14 09:07:57,812 INFO: Loaded curve data from file.
2022-01-14 09:07:57,812 INFO: Reducing MW generators...
2022-01-14 09:07:58,897 INFO: Finished reducing MW generators.
2022-01-14 09:07:58,979 INFO: Running elliptic Chabauty (delta = ['16', '-6', '-3', '-3', '-4', '4'], g = [15, -5, -3, -3, -4, 4])...
2022-01-14 09:09:04,802 INFO: Chabauty completed successfully (delta = ['16', '-6', '-3', '-3', '-4', '4'], g = [15, -5, -3, -3, -4, 4]).
2022-01-14 09:09:04,807 INFO: Skipped Chabauty because no base point (delta = ['-2', '0', '1'])
2022-01-14 09:09:04,807 INFO: Running elliptic Chabauty (delta = ['1'], g = [15, -5, -3, -3, -4, 4])...
2022-01-14 09:09:18,988 INFO: Chabauty completed successfully (delta = ['1'], g = [15, -5, -3, -3, -4, 4]).
2022-01-14 09:09:18,989 INFO: Skipped Chabauty because MW generators haven't been computed. (delta = ['-17', '7', '4', '2', '4', '-4'], g = [15, -5, -3, -3, -4, 4])
2022-01-14 09:09:19,111 INFO: Tasks complete. Recording data and exiting.
2022-02-12 17:10:09,153 INFO: Loaded curve data from file.
2022-02-12 17:10:09,153 INFO: Computing elliptic Chabauty map... (delta = ['16', '-6', '-3', '-3', '-4', '4'], g = [15, -5, -3, -3, -4, 4])
2022-02-12 17:10:21,050 INFO: Elliptic Chabauty map computed. (delta = ['16', '-6', '-3', '-3', '-4', '4'], g = [15, -5, -3, -3, -4, 4])
2022-02-12 17:10:21,052 INFO: Computing elliptic Chabauty map... (delta = ['1'], g = [15, -5, -3, -3, -4, 4])
2022-02-12 17:10:32,787 INFO: Elliptic Chabauty map computed. (delta = ['1'], g = [15, -5, -3, -3, -4, 4])
2022-02-12 17:10:32,789 INFO: Computing elliptic Chabauty map... (delta = ['-17', '7', '4', '2', '4', '-4'], g = [15, -5, -3, -3, -4, 4])
2022-02-12 17:10:44,601 INFO: Elliptic Chabauty map computed. (delta = ['-17', '7', '4', '2', '4', '-4'], g = [15, -5, -3, -3, -4, 4])
2022-02-12 17:10:44,603 INFO: Tasks complete. Recording data and exiting.
