2022-01-13 21:54:39,590 INFO: Initialized curve data.
2022-01-13 21:54:39,593 INFO: Setting up initial twist data...
2022-01-13 21:54:40,576 INFO: Twist setup complete.
2022-01-13 21:54:40,576 INFO: Searching for rational points on each twist...
2022-01-13 21:54:42,343 INFO: Finished searching for rational points on each twist.
2022-01-13 21:54:42,343 INFO: Testing local solvability of twists...
2022-01-13 21:54:57,481 INFO: Finished local solvability testing.
2022-01-13 21:54:57,483 INFO: Computing elliptic curve a-invariants...
2022-01-13 21:55:02,627 INFO: Finished computation of a-invariants.
2022-01-13 21:55:02,628 INFO: Computing MW group (delta = ['-4', '-4', '-6', '6', '3', '1'], g = [-5, -3, -6, 6, 3, 1])...
2022-01-13 21:58:08,043 INFO: Finished MW computation (delta = ['-4', '-4', '-6', '6', '3', '1'], g = [-5, -3, -6, 6, 3, 1])
2022-01-13 21:58:08,049 INFO: Computing MW group (delta = ['3', '0', '4', '-3', '-3/2', '-1/2'], g = [-5, -3, -6, 6, 3, 1])...
2022-01-14 11:35:14,542 INFO: Loaded curve data from file.
2022-01-14 11:35:14,542 INFO: Reducing MW generators...
2022-01-14 11:35:14,847 INFO: Finished reducing MW generators.
2022-01-14 11:35:14,849 INFO: Skipped Chabauty because MW group hasn't been provably computed. (delta = ['-4', '-4', '-6', '6', '3', '1'], g = [-5, -3, -6, 6, 3, 1])
2022-01-14 11:35:14,849 INFO: Skipped Chabauty because MW generators haven't been computed. (delta = ['3', '0', '4', '-3', '-3/2', '-1/2'], g = [-5, -3, -6, 6, 3, 1])
2022-01-14 11:35:14,849 INFO: Skipped Chabauty because MW generators haven't been computed. (delta = ['1'], g = [-5, -3, -6, 6, 3, 1])
2022-01-14 11:35:14,849 INFO: Skipped Chabauty because no base point (delta = ['1/2', '-1'])
2022-01-14 11:35:14,881 INFO: Tasks complete. Recording data and exiting.
2022-02-12 17:39:34,073 INFO: Loaded curve data from file.
2022-02-12 17:39:34,073 INFO: Computing elliptic Chabauty map... (delta = ['-4', '-4', '-6', '6', '3', '1'], g = [-5, -3, -6, 6, 3, 1])
2022-02-12 17:39:47,907 INFO: Elliptic Chabauty map computed. (delta = ['-4', '-4', '-6', '6', '3', '1'], g = [-5, -3, -6, 6, 3, 1])
2022-02-12 17:39:47,909 INFO: Computing elliptic Chabauty map... (delta = ['3', '0', '4', '-3', '-3/2', '-1/2'], g = [-5, -3, -6, 6, 3, 1])
2022-02-12 17:40:01,552 INFO: Elliptic Chabauty map computed. (delta = ['3', '0', '4', '-3', '-3/2', '-1/2'], g = [-5, -3, -6, 6, 3, 1])
2022-02-12 17:40:01,554 INFO: Computing elliptic Chabauty map... (delta = ['1'], g = [-5, -3, -6, 6, 3, 1])
2022-02-12 17:40:15,098 INFO: Elliptic Chabauty map computed. (delta = ['1'], g = [-5, -3, -6, 6, 3, 1])
2022-02-12 17:40:15,101 INFO: Tasks complete. Recording data and exiting.
