2022-01-14 12:17:25,306 INFO: Initialized curve data.
2022-01-14 12:17:25,310 INFO: Setting up initial twist data...
2022-01-14 12:17:26,437 INFO: Twist setup complete.
2022-01-14 12:17:26,437 INFO: Searching for rational points on each twist...
2022-01-14 12:17:29,341 INFO: Finished searching for rational points on each twist.
2022-01-14 12:17:29,341 INFO: Testing local solvability of twists...
2022-01-14 12:17:29,349 INFO: Finished local solvability testing.
2022-01-14 12:17:29,350 INFO: Computing elliptic curve a-invariants...
2022-01-14 12:17:47,263 INFO: Finished computation of a-invariants.
2022-01-14 12:17:47,266 INFO: Computing MW group (delta = ['4', '-9', '10', '-9', '-4', '9'], g = [4, -8, 8, -8, -4, 9])...
2022-01-14 12:23:22,260 INFO: Finished MW computation (delta = ['4', '-9', '10', '-9', '-4', '9'], g = [4, -8, 8, -8, -4, 9])
2022-01-14 12:23:22,265 INFO: Computing MW group (delta = ['1', '-1'], g = [4, -8, 8, -8, -4, 9])...
2022-01-14 12:25:57,954 INFO: Finished MW computation (delta = ['1', '-1'], g = [4, -8, 8, -8, -4, 9])
2022-01-14 12:25:57,957 INFO: Computing MW group (delta = ['1'], g = [4, -8, 8, -8, -4, 9])...
2022-01-14 15:52:29,654 INFO: Loaded curve data from file.
2022-01-14 15:52:29,654 INFO: Reducing MW generators...
2022-01-14 15:52:30,270 INFO: Finished reducing MW generators.
2022-01-14 15:52:30,272 INFO: Skipped Chabauty because MW group hasn't been provably computed. (delta = ['4', '-9', '10', '-9', '-4', '9'], g = [4, -8, 8, -8, -4, 9])
2022-01-14 15:52:30,272 INFO: Running elliptic Chabauty (delta = ['1', '-1'], g = [4, -8, 8, -8, -4, 9])...
2022-01-14 15:52:44,334 INFO: Chabauty completed successfully (delta = ['1', '-1'], g = [4, -8, 8, -8, -4, 9]).
2022-01-14 15:52:44,336 INFO: Skipped Chabauty because MW generators haven't been computed. (delta = ['1'], g = [4, -8, 8, -8, -4, 9])
2022-01-14 15:52:44,336 INFO: Skipped Chabauty because MW generators haven't been computed. (delta = ['4', '-9', '9', '-8', '-4', '9'], g = [4, -8, 8, -8, -4, 9])
2022-01-14 15:52:44,379 INFO: Tasks complete. Recording data and exiting.
