2022-01-11 15:10:12,466 INFO: Initialized curve data.
2022-01-11 15:10:12,471 INFO: Setting up initial twist data...
2022-01-11 15:10:14,050 INFO: Twist setup complete.
2022-01-11 15:10:14,050 INFO: Searching for rational points on each twist...
2022-01-11 15:10:19,123 INFO: Finished searching for rational points on each twist.
2022-01-11 15:10:19,124 INFO: Testing local solvability of twists...
2022-01-11 15:10:28,987 INFO: Finished local solvability testing.
2022-01-11 15:10:28,989 INFO: Computing elliptic curve a-invariants...
2022-01-11 15:10:34,579 INFO: Finished computation of a-invariants.
2022-01-11 15:10:34,582 INFO: Computing MW group (delta = ['-2', '-15/2', '10', '68', '98', '75/2'], g = [1, 1])...
2022-01-11 15:10:34,982 INFO: Finished MW computation (delta = ['-2', '-15/2', '10', '68', '98', '75/2'], g = [1, 1])
2022-01-11 15:10:34,984 INFO: Computing MW group (delta = ['-2', '-15/2', '10', '68', '98', '75/2'], g = [4, 28, 68, 73, 25])...
2022-01-11 15:10:46,809 INFO: Finished MW computation (delta = ['-2', '-15/2', '10', '68', '98', '75/2'], g = [4, 28, 68, 73, 25])
2022-01-11 15:10:46,811 INFO: Computing MW group (delta = ['-1/4', '-1/4', '5', '16', '73/4', '25/4'], g = [1, 1])...
2022-01-11 15:10:47,173 INFO: Finished MW computation (delta = ['-1/4', '-1/4', '5', '16', '73/4', '25/4'], g = [1, 1])
2022-01-11 15:10:47,175 INFO: Computing MW group (delta = ['-1/4', '-1/4', '5', '16', '73/4', '25/4'], g = [4, 28, 68, 73, 25])...
2022-01-11 15:10:57,335 INFO: Finished MW computation (delta = ['-1/4', '-1/4', '5', '16', '73/4', '25/4'], g = [4, 28, 68, 73, 25])
2022-01-11 15:10:57,338 INFO: Skipped MW computation because no base point (delta = ['-1/2', '-1'])
2022-01-11 15:10:57,338 INFO: Skipped MW computation because no base point (delta = ['2', '35/2', '121/2', '207/2', '171/2', '25'])
2022-01-11 15:10:57,338 INFO: Computing MW group (delta = ['1', '47/4', '101/2', '100', '189/2', '121/4'], g = [1, 1])...
2022-01-11 15:10:57,708 INFO: Finished MW computation (delta = ['1', '47/4', '101/2', '100', '189/2', '121/4'], g = [1, 1])
2022-01-11 15:10:57,710 INFO: Computing MW group (delta = ['1', '47/4', '101/2', '100', '189/2', '121/4'], g = [4, 28, 68, 73, 25])...
2022-01-11 15:16:01,295 INFO: Finished MW computation (delta = ['1', '47/4', '101/2', '100', '189/2', '121/4'], g = [4, 28, 68, 73, 25])
2022-01-11 15:16:01,298 INFO: Computing MW group (delta = ['1'], g = [1, 1])...
2022-01-11 15:16:01,695 INFO: Finished MW computation (delta = ['1'], g = [1, 1])
2022-01-11 15:16:01,697 INFO: Computing MW group (delta = ['1'], g = [4, 28, 68, 73, 25])...
2022-01-14 09:07:22,667 INFO: Loaded curve data from file.
2022-01-14 09:07:22,667 INFO: Reducing MW generators...
2022-01-14 09:07:23,695 INFO: Finished reducing MW generators.
2022-01-14 09:07:23,700 INFO: Skipped Chabauty because rank >= degree(g). (delta = ['-2', '-15/2', '10', '68', '98', '75/2'], g = [1, 1])
2022-01-14 09:07:23,700 INFO: Skipped Chabauty because MW group hasn't been provably computed. (delta = ['-2', '-15/2', '10', '68', '98', '75/2'], g = [4, 28, 68, 73, 25])
2022-01-14 09:07:23,700 INFO: Skipped Chabauty because rank >= degree(g). (delta = ['-1/4', '-1/4', '5', '16', '73/4', '25/4'], g = [1, 1])
2022-01-14 09:07:23,700 INFO: Running elliptic Chabauty (delta = ['-1/4', '-1/4', '5', '16', '73/4', '25/4'], g = [4, 28, 68, 73, 25])...
2022-01-14 09:07:35,354 INFO: Chabauty completed successfully (delta = ['-1/4', '-1/4', '5', '16', '73/4', '25/4'], g = [4, 28, 68, 73, 25]).
2022-01-14 09:07:35,497 INFO: Skipped Chabauty because no base point (delta = ['-1/2', '-1'])
2022-01-14 09:07:35,498 INFO: Skipped Chabauty because no base point (delta = ['2', '35/2', '121/2', '207/2', '171/2', '25'])
2022-01-14 09:07:35,498 INFO: Skipped Chabauty because rank >= degree(g). (delta = ['1', '47/4', '101/2', '100', '189/2', '121/4'], g = [1, 1])
2022-01-14 09:07:35,498 INFO: Running elliptic Chabauty (delta = ['1', '47/4', '101/2', '100', '189/2', '121/4'], g = [4, 28, 68, 73, 25])...
2022-01-14 09:07:50,040 INFO: Chabauty completed successfully (delta = ['1', '47/4', '101/2', '100', '189/2', '121/4'], g = [4, 28, 68, 73, 25]).
2022-01-14 09:07:50,044 INFO: Skipped Chabauty because rank >= degree(g). (delta = ['1'], g = [1, 1])
2022-01-14 09:07:50,044 INFO: Skipped Chabauty because MW generators haven't been computed. (delta = ['1'], g = [4, 28, 68, 73, 25])
2022-01-14 09:07:50,044 INFO: Skipped Chabauty because MW generators haven't been computed. (delta = ['-4', '-27', '-67', '-73', '-25'], g = [1, 1])
2022-01-14 09:07:50,044 INFO: Skipped Chabauty because MW generators haven't been computed. (delta = ['-4', '-27', '-67', '-73', '-25'], g = [4, 28, 68, 73, 25])
2022-01-14 09:07:50,044 INFO: Skipped Chabauty because no base point (delta = ['1/2', '7/2', '15', '34', '73/2', '25/2'])
2022-01-14 09:07:50,264 INFO: Tasks complete. Recording data and exiting.
