2022-01-12 09:25:22,139 INFO: Initialized curve data.
2022-01-12 09:25:22,148 INFO: Setting up initial twist data...
2022-01-12 09:25:23,505 INFO: Twist setup complete.
2022-01-12 09:25:23,505 INFO: Searching for rational points on each twist...
2022-01-12 09:25:29,310 INFO: Finished searching for rational points on each twist.
2022-01-12 09:25:29,311 INFO: Testing local solvability of twists...
2022-01-12 09:25:51,358 INFO: Finished local solvability testing.
2022-01-12 09:25:51,360 INFO: Computing elliptic curve a-invariants...
2022-01-12 09:25:56,234 INFO: Finished computation of a-invariants.
2022-01-12 09:25:56,236 INFO: Computing MW group (delta = ['-6', '-135/2', '-278', '-544', '-522', '-405/2'], g = [1, 1])...
2022-01-12 09:25:56,653 INFO: Finished MW computation (delta = ['-6', '-135/2', '-278', '-544', '-522', '-405/2'], g = [1, 1])
2022-01-12 09:25:56,655 INFO: Computing MW group (delta = ['-6', '-135/2', '-278', '-544', '-522', '-405/2'], g = [12, 76, 180, 193, 81])...
2022-01-12 09:26:18,349 INFO: Finished MW computation (delta = ['-6', '-135/2', '-278', '-544', '-522', '-405/2'], g = [12, 76, 180, 193, 81])
2022-01-12 09:26:18,352 INFO: Skipped MW computation because no base point (delta = ['6', '99/2', '329/2', '551/2', '467/2', '81'])
2022-01-12 09:26:18,352 INFO: Skipped MW computation because no base point (delta = ['1/2', '15/2', '39', '90', '193/2', '81/2'])
2022-01-12 09:26:18,352 INFO: Computing MW group (delta = ['1'], g = [1, 1])...
2022-01-12 09:26:18,783 INFO: Finished MW computation (delta = ['1'], g = [1, 1])
2022-01-12 09:26:18,785 INFO: Computing MW group (delta = ['1'], g = [12, 76, 180, 193, 81])...
2022-01-14 09:10:20,045 INFO: Loaded curve data from file.
2022-01-14 09:10:20,046 INFO: Reducing MW generators...
2022-01-14 09:10:20,730 INFO: Finished reducing MW generators.
2022-01-14 09:10:20,733 INFO: Skipped Chabauty because rank >= degree(g). (delta = ['-6', '-135/2', '-278', '-544', '-522', '-405/2'], g = [1, 1])
2022-01-14 09:10:20,734 INFO: Running elliptic Chabauty (delta = ['-6', '-135/2', '-278', '-544', '-522', '-405/2'], g = [12, 76, 180, 193, 81])...
2022-01-14 09:10:34,667 INFO: Chabauty completed successfully (delta = ['-6', '-135/2', '-278', '-544', '-522', '-405/2'], g = [12, 76, 180, 193, 81]).
2022-01-14 09:10:34,670 INFO: Skipped Chabauty because no base point (delta = ['6', '99/2', '329/2', '551/2', '467/2', '81'])
2022-01-14 09:10:34,670 INFO: Skipped Chabauty because no base point (delta = ['1/2', '15/2', '39', '90', '193/2', '81/2'])
2022-01-14 09:10:34,670 INFO: Skipped Chabauty because rank >= degree(g). (delta = ['1'], g = [1, 1])
2022-01-14 09:10:34,670 INFO: Skipped Chabauty because MW generators haven't been computed. (delta = ['1'], g = [12, 76, 180, 193, 81])
2022-01-14 09:10:34,670 INFO: Skipped Chabauty because MW generators haven't been computed. (delta = ['3', '39/4', '-27/2', '-90', '-255/2', '-247/4'], g = [1, 1])
2022-01-14 09:10:34,670 INFO: Skipped Chabauty because MW generators haven't been computed. (delta = ['3', '39/4', '-27/2', '-90', '-255/2', '-247/4'], g = [12, 76, 180, 193, 81])
2022-01-14 09:10:34,670 INFO: Skipped Chabauty because MW generators haven't been computed. (delta = ['-12', '-75', '-179', '-193', '-81'], g = [1, 1])
2022-01-14 09:10:34,670 INFO: Skipped Chabauty because MW generators haven't been computed. (delta = ['-12', '-75', '-179', '-193', '-81'], g = [12, 76, 180, 193, 81])
2022-01-14 09:10:34,670 INFO: Skipped Chabauty because no base point (delta = ['-1/4', '7/4', '17', '44', '193/4', '81/4'])
2022-01-14 09:10:34,670 INFO: Skipped Chabauty because no base point (delta = ['-1/2', '-1'])
2022-01-14 09:10:34,871 INFO: Tasks complete. Recording data and exiting.
2022-02-12 16:58:00,610 INFO: Loaded curve data from file.
2022-02-12 16:58:00,610 INFO: Computing elliptic Chabauty map... (delta = ['-6', '-135/2', '-278', '-544', '-522', '-405/2'], g = [1, 1])
2022-02-12 16:58:11,367 INFO: Elliptic Chabauty map computed. (delta = ['-6', '-135/2', '-278', '-544', '-522', '-405/2'], g = [1, 1])
2022-02-12 16:58:11,375 INFO: Computing elliptic Chabauty map... (delta = ['-6', '-135/2', '-278', '-544', '-522', '-405/2'], g = [12, 76, 180, 193, 81])
2022-02-12 16:58:24,659 INFO: Elliptic Chabauty map computed. (delta = ['-6', '-135/2', '-278', '-544', '-522', '-405/2'], g = [12, 76, 180, 193, 81])
2022-02-12 16:58:24,661 INFO: Computing elliptic Chabauty map... (delta = ['1'], g = [1, 1])
2022-02-12 16:58:35,329 INFO: Elliptic Chabauty map computed. (delta = ['1'], g = [1, 1])
2022-02-12 16:58:35,332 INFO: Computing elliptic Chabauty map... (delta = ['1'], g = [12, 76, 180, 193, 81])
2022-02-12 16:58:48,347 INFO: Elliptic Chabauty map computed. (delta = ['1'], g = [12, 76, 180, 193, 81])
2022-02-12 16:58:48,350 INFO: Computing elliptic Chabauty map... (delta = ['3', '39/4', '-27/2', '-90', '-255/2', '-247/4'], g = [1, 1])
2022-02-12 16:58:58,968 INFO: Elliptic Chabauty map computed. (delta = ['3', '39/4', '-27/2', '-90', '-255/2', '-247/4'], g = [1, 1])
2022-02-12 16:58:58,971 INFO: Computing elliptic Chabauty map... (delta = ['3', '39/4', '-27/2', '-90', '-255/2', '-247/4'], g = [12, 76, 180, 193, 81])
2022-02-12 16:59:12,202 INFO: Elliptic Chabauty map computed. (delta = ['3', '39/4', '-27/2', '-90', '-255/2', '-247/4'], g = [12, 76, 180, 193, 81])
2022-02-12 16:59:12,206 INFO: Computing elliptic Chabauty map... (delta = ['-12', '-75', '-179', '-193', '-81'], g = [1, 1])
2022-02-12 16:59:23,388 INFO: Elliptic Chabauty map computed. (delta = ['-12', '-75', '-179', '-193', '-81'], g = [1, 1])
2022-02-12 16:59:23,391 INFO: Computing elliptic Chabauty map... (delta = ['-12', '-75', '-179', '-193', '-81'], g = [12, 76, 180, 193, 81])
2022-02-12 16:59:36,682 INFO: Elliptic Chabauty map computed. (delta = ['-12', '-75', '-179', '-193', '-81'], g = [12, 76, 180, 193, 81])
2022-02-12 16:59:36,686 INFO: Tasks complete. Recording data and exiting.
