2022-02-01 12:30:30,745 INFO: Initialized curve data.
2022-02-01 12:30:30,751 INFO: Setting up initial twist data...
2022-02-01 12:30:31,813 INFO: Twist setup complete.
2022-02-01 12:30:31,813 INFO: Searching for rational points on each twist...
2022-02-01 12:30:34,189 INFO: Finished searching for rational points on each twist.
2022-02-01 12:30:34,189 INFO: Testing local solvability of twists...
2022-02-01 12:30:37,228 INFO: Finished local solvability testing.
2022-02-01 12:30:37,230 INFO: Computing elliptic curve a-invariants...
2022-02-01 12:30:42,686 INFO: Finished computation of a-invariants.
2022-02-01 12:30:42,688 INFO: Skipped MW computation because no base point (delta = ['1', '-1'])
2022-02-01 12:30:42,688 INFO: Computing MW group (delta = ['1'], g = [-4, 5, 2, 3, -14, 9])...
2022-02-01 12:42:11,785 INFO: Finished MW computation (delta = ['1'], g = [-4, 5, 2, 3, -14, 9])
2022-02-01 12:42:11,791 INFO: Computing MW group (delta = ['-4', '4', '3', '3', '-14', '9'], g = [-4, 5, 2, 3, -14, 9])...
2022-02-02 04:48:14,352 INFO: Loaded curve data from file.
2022-02-02 04:48:14,353 INFO: Reducing MW generators...
2022-02-02 04:48:14,558 INFO: Finished reducing MW generators.
2022-02-02 04:48:14,560 INFO: Skipped Chabauty because no base point (delta = ['1', '-1'])
2022-02-02 04:48:14,561 INFO: Running elliptic Chabauty (delta = ['1'], g = [-4, 5, 2, 3, -14, 9])...
2022-02-02 04:48:29,703 INFO: Chabauty completed successfully (delta = ['1'], g = [-4, 5, 2, 3, -14, 9]).
2022-02-02 04:48:29,705 INFO: Skipped Chabauty because MW generators haven't been computed. (delta = ['-4', '4', '3', '3', '-14', '9'], g = [-4, 5, 2, 3, -14, 9])
2022-02-02 04:48:29,705 INFO: Skipped Chabauty because MW generators haven't been computed. (delta = ['-4', '4', '4', '2', '-14', '9'], g = [-4, 5, 2, 3, -14, 9])
2022-02-02 04:48:29,784 INFO: Tasks complete. Recording data and exiting.
2022-02-12 17:29:47,810 INFO: Loaded curve data from file.
2022-02-12 17:29:47,811 INFO: Computing elliptic Chabauty map... (delta = ['1'], g = [-4, 5, 2, 3, -14, 9])
2022-02-12 17:30:02,486 INFO: Elliptic Chabauty map computed. (delta = ['1'], g = [-4, 5, 2, 3, -14, 9])
2022-02-12 17:30:02,489 INFO: Computing elliptic Chabauty map... (delta = ['-4', '4', '3', '3', '-14', '9'], g = [-4, 5, 2, 3, -14, 9])
2022-02-12 17:30:17,048 INFO: Elliptic Chabauty map computed. (delta = ['-4', '4', '3', '3', '-14', '9'], g = [-4, 5, 2, 3, -14, 9])
2022-02-12 17:30:17,050 INFO: Computing elliptic Chabauty map... (delta = ['-4', '4', '4', '2', '-14', '9'], g = [-4, 5, 2, 3, -14, 9])
2022-02-12 17:30:31,735 INFO: Elliptic Chabauty map computed. (delta = ['-4', '4', '4', '2', '-14', '9'], g = [-4, 5, 2, 3, -14, 9])
2022-02-12 17:30:31,737 INFO: Tasks complete. Recording data and exiting.
