2022-01-11 12:29:27,216 INFO: Initialized curve data.
2022-01-11 12:29:27,224 INFO: Setting up initial twist data...
2022-01-11 12:29:28,571 INFO: Twist setup complete.
2022-01-11 12:29:28,571 INFO: Searching for rational points on each twist...
2022-01-11 12:29:31,307 INFO: Finished searching for rational points on each twist.
2022-01-11 12:29:31,307 INFO: Testing local solvability of twists...
2022-01-11 12:29:31,313 INFO: Finished local solvability testing.
2022-01-11 12:29:31,314 INFO: Computing elliptic curve a-invariants...
2022-01-11 12:29:52,085 INFO: Finished computation of a-invariants.
2022-01-11 12:29:52,087 INFO: Computing MW group (delta = ['1'], g = [-4, 4, 4, -8, -2, 1])...
2022-01-11 12:30:53,950 INFO: Finished MW computation (delta = ['1'], g = [-4, 4, 4, -8, -2, 1])
2022-01-11 12:30:53,953 INFO: Computing MW group (delta = ['-6', '3', '4', '-8', '-2', '1'], g = [-4, 4, 4, -8, -2, 1])...
2022-01-11 12:33:44,319 INFO: Finished MW computation (delta = ['-6', '3', '4', '-8', '-2', '1'], g = [-4, 4, 4, -8, -2, 1])
2022-01-11 12:33:44,322 INFO: Computing MW group (delta = ['-2', '7', '5', '-8', '-2', '1'], g = [-4, 4, 4, -8, -2, 1])...
2022-01-11 12:38:12,716 INFO: Finished MW computation (delta = ['-2', '7', '5', '-8', '-2', '1'], g = [-4, 4, 4, -8, -2, 1])
2022-01-11 12:38:12,718 INFO: Computing MW group (delta = ['-20', '8', '11', '-33', '-8', '4'], g = [-4, 4, 4, -8, -2, 1])...
2022-01-11 12:39:18,593 INFO: Finished MW computation (delta = ['-20', '8', '11', '-33', '-8', '4'], g = [-4, 4, 4, -8, -2, 1])
2022-01-11 12:39:18,598 INFO: Reducing MW generators...
2022-01-11 12:39:21,271 INFO: Finished reducing MW generators.
2022-01-11 12:39:21,273 INFO: Tasks complete. Recording data and exiting.
