2022-01-12 12:21:09,215 INFO: Initialized curve data.
2022-01-12 12:21:09,217 INFO: Setting up initial twist data...
2022-01-12 12:21:10,804 INFO: Twist setup complete.
2022-01-12 12:21:10,804 INFO: Searching for rational points on each twist...
2022-01-12 12:21:12,612 INFO: Finished searching for rational points on each twist.
2022-01-12 12:21:12,612 INFO: Testing local solvability of twists...
2022-01-12 12:21:29,751 INFO: Finished local solvability testing.
2022-01-12 12:21:29,753 INFO: Computing elliptic curve a-invariants...
2022-01-12 12:21:39,294 INFO: Finished computation of a-invariants.
2022-01-12 12:21:39,296 INFO: Skipped MW computation because no base point (delta = ['-2', '13/2', '-1', '-7', '4', '-1/2'])
2022-01-12 12:21:39,296 INFO: Computing MW group (delta = ['4', '-13', '0', '12', '-8', '1'], g = [4, -12, 0, 12, -8, 1])...
2022-01-12 12:29:07,193 INFO: Finished MW computation (delta = ['4', '-13', '0', '12', '-8', '1'], g = [4, -12, 0, 12, -8, 1])
2022-01-12 12:29:07,196 INFO: Computing MW group (delta = ['1'], g = [4, -12, 0, 12, -8, 1])...
2022-01-12 12:34:03,966 INFO: Finished MW computation (delta = ['1'], g = [4, -12, 0, 12, -8, 1])
2022-01-12 12:34:03,968 INFO: Skipped MW computation because no base point (delta = ['-1/2', '1', '1'])
2022-01-12 12:34:03,970 INFO: Reducing MW generators...
2022-01-12 12:34:05,738 INFO: Finished reducing MW generators.
2022-01-12 12:34:05,740 INFO: Tasks complete. Recording data and exiting.
2022-01-14 11:32:24,957 INFO: Loaded curve data from file.
2022-01-14 11:32:24,958 INFO: Skipped Chabauty because no base point (delta = ['-2', '13/2', '-1', '-7', '4', '-1/2'])
2022-01-14 11:32:24,958 INFO: Skipped Chabauty because MW group hasn't been provably computed. (delta = ['4', '-13', '0', '12', '-8', '1'], g = [4, -12, 0, 12, -8, 1])
2022-01-14 11:32:24,958 INFO: Skipped Chabauty because MW group hasn't been provably computed. (delta = ['1'], g = [4, -12, 0, 12, -8, 1])
2022-01-14 11:32:24,958 INFO: Skipped Chabauty because no base point (delta = ['-1/2', '1', '1'])
2022-01-14 11:32:25,089 INFO: Tasks complete. Recording data and exiting.
