2022-01-12 09:25:22,418 INFO: Initialized curve data.
2022-01-12 09:25:22,422 INFO: Setting up initial twist data...
2022-01-12 09:25:23,649 INFO: Twist setup complete.
2022-01-12 09:25:23,649 INFO: Searching for rational points on each twist...
2022-01-12 09:25:25,762 INFO: Finished searching for rational points on each twist.
2022-01-12 09:25:25,762 INFO: Testing local solvability of twists...
2022-01-12 09:25:25,768 INFO: Finished local solvability testing.
2022-01-12 09:25:25,769 INFO: Computing elliptic curve a-invariants...
2022-01-12 09:25:35,255 INFO: Finished computation of a-invariants.
2022-01-12 09:25:35,256 INFO: Computing MW group (delta = ['177', '-111', '-145', '47', '16', '-16'], g = [-11, 7, 9, -3, -1, 1])...
2022-01-12 09:26:55,957 INFO: Finished MW computation (delta = ['177', '-111', '-145', '47', '16', '-16'], g = [-11, 7, 9, -3, -1, 1])
2022-01-12 09:26:55,959 INFO: Computing MW group (delta = ['-12', '6', '9', '-3', '-1', '1'], g = [-11, 7, 9, -3, -1, 1])...
2022-01-12 09:28:17,350 INFO: Finished MW computation (delta = ['-12', '6', '9', '-3', '-1', '1'], g = [-11, 7, 9, -3, -1, 1])
2022-01-12 09:28:17,353 INFO: Computing MW group (delta = ['-23', '14', '19', '-6', '-2', '2'], g = [-11, 7, 9, -3, -1, 1])...
2022-01-12 09:35:52,013 INFO: Finished MW computation (delta = ['-23', '14', '19', '-6', '-2', '2'], g = [-11, 7, 9, -3, -1, 1])
2022-01-12 09:35:52,016 INFO: Computing MW group (delta = ['1'], g = [-11, 7, 9, -3, -1, 1])...
2022-01-14 09:10:19,912 INFO: Loaded curve data from file.
2022-01-14 09:10:19,912 INFO: Reducing MW generators...
2022-01-14 09:10:21,448 INFO: Finished reducing MW generators.
2022-01-14 09:10:21,450 INFO: Running elliptic Chabauty (delta = ['177', '-111', '-145', '47', '16', '-16'], g = [-11, 7, 9, -3, -1, 1])...
2022-01-14 09:10:33,611 INFO: Chabauty completed successfully (delta = ['177', '-111', '-145', '47', '16', '-16'], g = [-11, 7, 9, -3, -1, 1]).
2022-01-14 09:10:33,686 INFO: Skipped Chabauty because MW group hasn't been provably computed. (delta = ['-12', '6', '9', '-3', '-1', '1'], g = [-11, 7, 9, -3, -1, 1])
2022-01-14 09:10:33,686 INFO: Running elliptic Chabauty (delta = ['-23', '14', '19', '-6', '-2', '2'], g = [-11, 7, 9, -3, -1, 1])...
2022-01-14 09:11:12,692 INFO: Chabauty completed successfully (delta = ['-23', '14', '19', '-6', '-2', '2'], g = [-11, 7, 9, -3, -1, 1]).
2022-01-14 09:11:12,694 INFO: Skipped Chabauty because MW generators haven't been computed. (delta = ['1'], g = [-11, 7, 9, -3, -1, 1])
2022-01-14 09:11:12,782 INFO: Tasks complete. Recording data and exiting.
2022-02-12 16:56:23,564 INFO: Loaded curve data from file.
2022-02-12 16:56:23,565 INFO: Computing elliptic Chabauty map... (delta = ['177', '-111', '-145', '47', '16', '-16'], g = [-11, 7, 9, -3, -1, 1])
2022-02-12 16:56:32,111 INFO: Elliptic Chabauty map computed. (delta = ['177', '-111', '-145', '47', '16', '-16'], g = [-11, 7, 9, -3, -1, 1])
2022-02-12 16:56:32,114 INFO: Computing elliptic Chabauty map... (delta = ['-12', '6', '9', '-3', '-1', '1'], g = [-11, 7, 9, -3, -1, 1])
2022-02-12 16:56:40,516 INFO: Elliptic Chabauty map computed. (delta = ['-12', '6', '9', '-3', '-1', '1'], g = [-11, 7, 9, -3, -1, 1])
2022-02-12 16:56:40,519 INFO: Computing elliptic Chabauty map... (delta = ['-23', '14', '19', '-6', '-2', '2'], g = [-11, 7, 9, -3, -1, 1])
2022-02-12 16:56:48,809 INFO: Elliptic Chabauty map computed. (delta = ['-23', '14', '19', '-6', '-2', '2'], g = [-11, 7, 9, -3, -1, 1])
2022-02-12 16:56:48,811 INFO: Computing elliptic Chabauty map... (delta = ['1'], g = [-11, 7, 9, -3, -1, 1])
2022-02-12 16:56:57,217 INFO: Elliptic Chabauty map computed. (delta = ['1'], g = [-11, 7, 9, -3, -1, 1])
2022-02-12 16:56:57,220 INFO: Tasks complete. Recording data and exiting.
