2022-01-14 12:17:25,771 INFO: Initialized curve data.
2022-01-14 12:17:25,774 INFO: Setting up initial twist data...
2022-01-14 12:17:27,174 INFO: Twist setup complete.
2022-01-14 12:17:27,175 INFO: Searching for rational points on each twist...
2022-01-14 12:17:29,001 INFO: Finished searching for rational points on each twist.
2022-01-14 12:17:29,002 INFO: Testing local solvability of twists...
2022-01-14 12:17:29,008 INFO: Finished local solvability testing.
2022-01-14 12:17:29,009 INFO: Computing elliptic curve a-invariants...
2022-01-14 12:17:46,045 INFO: Finished computation of a-invariants.
2022-01-14 12:17:46,048 INFO: Computing MW group (delta = ['1'], g = [4, 12, 0, 13, -16, 4])...
2022-01-14 12:27:01,636 INFO: Finished MW computation (delta = ['1'], g = [4, 12, 0, 13, -16, 4])
2022-01-14 12:27:01,640 INFO: Computing MW group (delta = ['4', '11', '0', '13', '-16', '4'], g = [4, 12, 0, 13, -16, 4])...
2022-01-14 12:43:03,660 INFO: Finished MW computation (delta = ['4', '11', '0', '13', '-16', '4'], g = [4, 12, 0, 13, -16, 4])
2022-01-14 12:43:03,664 INFO: Computing MW group (delta = ['-1', '-2', '1'], g = [4, 12, 0, 13, -16, 4])...
2022-01-14 12:47:12,637 INFO: Finished MW computation (delta = ['-1', '-2', '1'], g = [4, 12, 0, 13, -16, 4])
2022-01-14 12:47:12,640 INFO: Computing MW group (delta = ['-4', '-11', '2', '-14', '16', '-4'], g = [4, 12, 0, 13, -16, 4])...
2022-01-14 12:56:50,553 INFO: Finished MW computation (delta = ['-4', '-11', '2', '-14', '16', '-4'], g = [4, 12, 0, 13, -16, 4])
2022-01-14 12:56:50,562 INFO: Reducing MW generators...
2022-01-14 12:56:53,797 INFO: Finished reducing MW generators.
2022-01-14 12:56:53,799 INFO: Tasks complete. Recording data and exiting.
