2022-01-12 09:25:16,244 INFO: Initialized curve data.
2022-01-12 09:25:16,249 INFO: Setting up initial twist data...
2022-01-12 09:25:17,631 INFO: Twist setup complete.
2022-01-12 09:25:17,631 INFO: Searching for rational points on each twist...
2022-01-12 09:25:19,741 INFO: Finished searching for rational points on each twist.
2022-01-12 09:25:19,741 INFO: Testing local solvability of twists...
2022-01-12 09:25:19,749 INFO: Finished local solvability testing.
2022-01-12 09:25:19,750 INFO: Computing elliptic curve a-invariants...
2022-01-12 09:25:26,948 INFO: Finished computation of a-invariants.
2022-01-12 09:25:26,951 INFO: Computing MW group (delta = ['4', '11', '-12', '-11', '4', '4'], g = [4, 12, -12, -11, 4, 4])...
2022-01-12 09:49:39,862 INFO: Finished MW computation (delta = ['4', '11', '-12', '-11', '4', '4'], g = [4, 12, -12, -11, 4, 4])
2022-01-12 09:49:39,868 INFO: Computing MW group (delta = ['1', '-1'], g = [4, 12, -12, -11, 4, 4])...
2022-01-14 09:10:37,258 INFO: Loaded curve data from file.
2022-01-14 09:10:37,259 INFO: Reducing MW generators...
2022-01-14 09:10:38,038 INFO: Finished reducing MW generators.
2022-01-14 09:10:38,126 INFO: Running elliptic Chabauty (delta = ['4', '11', '-12', '-11', '4', '4'], g = [4, 12, -12, -11, 4, 4])...
2022-01-14 09:11:57,757 INFO: Chabauty completed successfully (delta = ['4', '11', '-12', '-11', '4', '4'], g = [4, 12, -12, -11, 4, 4]).
2022-01-14 09:11:57,759 INFO: Skipped Chabauty because MW generators haven't been computed. (delta = ['1', '-1'], g = [4, 12, -12, -11, 4, 4])
2022-01-14 09:11:57,759 INFO: Skipped Chabauty because MW generators haven't been computed. (delta = ['1'], g = [4, 12, -12, -11, 4, 4])
2022-01-14 09:11:57,759 INFO: Skipped Chabauty because MW generators haven't been computed. (delta = ['4', '11', '-11', '-11', '4', '4'], g = [4, 12, -12, -11, 4, 4])
2022-01-14 09:11:57,806 INFO: Tasks complete. Recording data and exiting.
