2022-02-01 12:30:15,809 INFO: Initialized curve data.
2022-02-01 12:30:15,814 INFO: Setting up initial twist data...
2022-02-01 12:30:17,083 INFO: Twist setup complete.
2022-02-01 12:30:17,084 INFO: Searching for rational points on each twist...
2022-02-01 12:30:19,523 INFO: Finished searching for rational points on each twist.
2022-02-01 12:30:19,523 INFO: Testing local solvability of twists...
2022-02-01 12:30:19,530 INFO: Finished local solvability testing.
2022-02-01 12:30:19,532 INFO: Computing elliptic curve a-invariants...
2022-02-01 12:30:38,029 INFO: Finished computation of a-invariants.
2022-02-01 12:30:38,032 INFO: Computing MW group (delta = ['-4', '-39', '14', '7', '0', '-1'], g = [4, 40, -12, -8, 0, 1])...
2022-02-01 12:34:09,579 INFO: Finished MW computation (delta = ['-4', '-39', '14', '7', '0', '-1'], g = [4, 40, -12, -8, 0, 1])
2022-02-01 12:34:09,583 INFO: Computing MW group (delta = ['1'], g = [4, 40, -12, -8, 0, 1])...
2022-02-01 12:40:35,805 INFO: Finished MW computation (delta = ['1'], g = [4, 40, -12, -8, 0, 1])
2022-02-01 12:40:35,808 INFO: Computing MW group (delta = ['4', '39', '-12', '-8', '0', '1'], g = [4, 40, -12, -8, 0, 1])...
2022-02-01 12:51:13,894 INFO: Finished MW computation (delta = ['4', '39', '-12', '-8', '0', '1'], g = [4, 40, -12, -8, 0, 1])
2022-02-01 12:51:13,898 INFO: Computing MW group (delta = ['-1', '-2', '1'], g = [4, 40, -12, -8, 0, 1])...
2022-02-01 12:54:27,673 INFO: Finished MW computation (delta = ['-1', '-2', '1'], g = [4, 40, -12, -8, 0, 1])
2022-02-01 12:54:27,678 INFO: Reducing MW generators...
2022-02-01 12:54:30,658 INFO: Finished reducing MW generators.
2022-02-01 12:54:30,660 INFO: Tasks complete. Recording data and exiting.
2022-02-02 04:42:39,510 INFO: Loaded curve data from file.
2022-02-02 04:42:39,535 INFO: Skipped Chabauty because MW group hasn't been provably computed. (delta = ['-4', '-39', '14', '7', '0', '-1'], g = [4, 40, -12, -8, 0, 1])
2022-02-02 04:42:39,535 INFO: Skipped Chabauty because MW group hasn't been provably computed. (delta = ['1'], g = [4, 40, -12, -8, 0, 1])
2022-02-02 04:42:39,535 INFO: Running elliptic Chabauty (delta = ['4', '39', '-12', '-8', '0', '1'], g = [4, 40, -12, -8, 0, 1])...
2022-02-02 04:42:56,656 INFO: Chabauty completed successfully (delta = ['4', '39', '-12', '-8', '0', '1'], g = [4, 40, -12, -8, 0, 1]).
2022-02-02 04:42:56,659 INFO: Running elliptic Chabauty (delta = ['-1', '-2', '1'], g = [4, 40, -12, -8, 0, 1])...
2022-02-02 04:43:11,646 INFO: Chabauty completed successfully (delta = ['-1', '-2', '1'], g = [4, 40, -12, -8, 0, 1]).
2022-02-02 04:43:11,738 INFO: Tasks complete. Recording data and exiting.
