2022-02-01 12:30:08,469 INFO: Initialized curve data.
2022-02-01 12:30:08,490 INFO: Setting up initial twist data...
2022-02-01 12:30:09,540 INFO: Twist setup complete.
2022-02-01 12:30:09,541 INFO: Searching for rational points on each twist...
2022-02-01 12:30:11,341 INFO: Finished searching for rational points on each twist.
2022-02-01 12:30:11,341 INFO: Testing local solvability of twists...
2022-02-01 12:30:11,349 INFO: Finished local solvability testing.
2022-02-01 12:30:11,351 INFO: Computing elliptic curve a-invariants...
2022-02-01 12:30:26,023 INFO: Finished computation of a-invariants.
2022-02-01 12:30:26,024 INFO: Computing MW group (delta = ['2', '-5/2', '-7', '8', '2', '1/2'], g = [4, -4, -16, 16, 4, 1])...
2022-02-01 12:39:30,919 INFO: Finished MW computation (delta = ['2', '-5/2', '-7', '8', '2', '1/2'], g = [4, -4, -16, 16, 4, 1])
2022-02-01 12:39:30,922 INFO: Computing MW group (delta = ['4', '-5', '-16', '16', '4', '1'], g = [4, -4, -16, 16, 4, 1])...
2022-02-01 12:42:58,803 INFO: Finished MW computation (delta = ['4', '-5', '-16', '16', '4', '1'], g = [4, -4, -16, 16, 4, 1])
2022-02-01 12:42:58,807 INFO: Computing MW group (delta = ['1'], g = [4, -4, -16, 16, 4, 1])...
2022-02-01 12:45:43,420 INFO: Finished MW computation (delta = ['1'], g = [4, -4, -16, 16, 4, 1])
2022-02-01 12:45:43,422 INFO: Computing MW group (delta = ['1/2', '-1'], g = [4, -4, -16, 16, 4, 1])...
2022-02-01 12:50:19,780 INFO: Finished MW computation (delta = ['1/2', '-1'], g = [4, -4, -16, 16, 4, 1])
2022-02-01 12:50:19,784 INFO: Reducing MW generators...
2022-02-01 12:50:23,244 INFO: Finished reducing MW generators.
2022-02-01 12:50:23,246 INFO: Tasks complete. Recording data and exiting.
2022-02-02 04:42:33,311 INFO: Loaded curve data from file.
2022-02-02 04:42:33,312 INFO: Skipped Chabauty because MW group hasn't been provably computed. (delta = ['2', '-5/2', '-7', '8', '2', '1/2'], g = [4, -4, -16, 16, 4, 1])
2022-02-02 04:42:33,312 INFO: Skipped Chabauty because MW group hasn't been provably computed. (delta = ['4', '-5', '-16', '16', '4', '1'], g = [4, -4, -16, 16, 4, 1])
2022-02-02 04:42:33,312 INFO: Running elliptic Chabauty (delta = ['1'], g = [4, -4, -16, 16, 4, 1])...
2022-02-02 04:42:49,260 INFO: Chabauty completed successfully (delta = ['1'], g = [4, -4, -16, 16, 4, 1]).
2022-02-02 04:42:49,263 INFO: Skipped Chabauty because MW group hasn't been provably computed. (delta = ['1/2', '-1'], g = [4, -4, -16, 16, 4, 1])
2022-02-02 04:42:49,302 INFO: Tasks complete. Recording data and exiting.
