2022-01-12 09:25:20,237 INFO: Initialized curve data.
2022-01-12 09:25:20,241 INFO: Setting up initial twist data...
2022-01-12 09:25:21,527 INFO: Twist setup complete.
2022-01-12 09:25:21,527 INFO: Searching for rational points on each twist...
2022-01-12 09:25:23,893 INFO: Finished searching for rational points on each twist.
2022-01-12 09:25:23,893 INFO: Testing local solvability of twists...
2022-01-12 09:25:23,900 INFO: Finished local solvability testing.
2022-01-12 09:25:23,901 INFO: Computing elliptic curve a-invariants...
2022-01-12 09:25:42,792 INFO: Finished computation of a-invariants.
2022-01-12 09:25:42,794 INFO: Computing MW group (delta = ['1', '-1'], g = [4, 1, 0, 0, -8, 4])...
2022-01-12 09:28:45,492 INFO: Finished MW computation (delta = ['1', '-1'], g = [4, 1, 0, 0, -8, 4])
2022-01-12 09:28:45,495 INFO: Computing MW group (delta = ['4', '0', '0', '0', '-8', '4'], g = [4, 1, 0, 0, -8, 4])...
2022-01-12 09:30:30,705 INFO: Finished MW computation (delta = ['4', '0', '0', '0', '-8', '4'], g = [4, 1, 0, 0, -8, 4])
2022-01-12 09:30:30,707 INFO: Computing MW group (delta = ['1'], g = [4, 1, 0, 0, -8, 4])...
2022-01-12 09:31:40,032 INFO: Finished MW computation (delta = ['1'], g = [4, 1, 0, 0, -8, 4])
2022-01-12 09:31:40,034 INFO: Computing MW group (delta = ['4', '0', '1', '0', '-8', '4'], g = [4, 1, 0, 0, -8, 4])...
2022-01-12 09:32:27,644 INFO: Finished MW computation (delta = ['4', '0', '1', '0', '-8', '4'], g = [4, 1, 0, 0, -8, 4])
2022-01-12 09:32:27,649 INFO: Reducing MW generators...
2022-01-12 09:32:30,528 INFO: Finished reducing MW generators.
2022-01-12 09:32:30,531 INFO: Tasks complete. Recording data and exiting.
2022-01-14 09:10:40,523 INFO: Loaded curve data from file.
2022-01-14 09:10:40,524 INFO: Skipped Chabauty because MW group hasn't been provably computed. (delta = ['1', '-1'], g = [4, 1, 0, 0, -8, 4])
2022-01-14 09:10:40,524 INFO: Skipped Chabauty because MW group hasn't been provably computed. (delta = ['4', '0', '0', '0', '-8', '4'], g = [4, 1, 0, 0, -8, 4])
2022-01-14 09:10:40,525 INFO: Running elliptic Chabauty (delta = ['1'], g = [4, 1, 0, 0, -8, 4])...
2022-01-14 09:10:48,931 INFO: Chabauty completed successfully (delta = ['1'], g = [4, 1, 0, 0, -8, 4]).
2022-01-14 09:10:48,934 INFO: Skipped Chabauty because MW group hasn't been provably computed. (delta = ['4', '0', '1', '0', '-8', '4'], g = [4, 1, 0, 0, -8, 4])
2022-01-14 09:10:48,970 INFO: Tasks complete. Recording data and exiting.
