2022-01-01 12:51:02,981 INFO: Initialized curve data.
2022-01-01 12:51:02,983 INFO: Setting up initial twist data...
2022-01-01 12:51:03,864 INFO: Twist setup complete.
2022-01-01 12:51:03,864 INFO: Searching for rational points on each twist...
2022-01-01 12:51:04,692 INFO: Finished searching for rational points on each twist.
2022-01-01 12:51:04,693 INFO: Testing local solvability of twists...
2022-01-01 12:51:04,698 INFO: Finished local solvability testing.
2022-01-01 12:51:04,700 INFO: Computing elliptic curve a-invariants...
2022-01-01 12:51:20,282 INFO: Finished computation of a-invariants.
2022-01-01 12:51:20,284 INFO: Computing MW group (delta = ['4', '0', '-11', '4', '8', '-4'], g = [-4, -1, 12, -4, -8, 4])...
2022-01-01 12:51:52,580 INFO: Finished MW computation (delta = ['4', '0', '-11', '4', '8', '-4'], g = [-4, -1, 12, -4, -8, 4])
2022-01-01 12:51:52,583 INFO: Computing MW group (delta = ['-4', '0', '11', '-5', '-7', '4'], g = [-4, -1, 12, -4, -8, 4])...
2022-01-01 12:52:12,465 INFO: Finished MW computation (delta = ['-4', '0', '11', '-5', '-7', '4'], g = [-4, -1, 12, -4, -8, 4])
2022-01-01 12:52:12,470 INFO: Computing MW group (delta = ['-1', '0', '1'], g = [-4, -1, 12, -4, -8, 4])...
2022-01-01 12:52:26,409 INFO: Finished MW computation (delta = ['-1', '0', '1'], g = [-4, -1, 12, -4, -8, 4])
2022-01-01 12:52:26,413 INFO: Obstruction found to provably computing rational points. Exiting.
2022-01-03 13:14:58,000 INFO: Obsolete "loc_solv_error" keys removed.
2022-01-10 22:42:00,911 INFO: Loaded curve data from file.
2022-01-10 22:42:00,911 INFO: Obstruction already found. Exiting.
2022-02-12 17:54:00,090 INFO: Loaded curve data from file.
2022-02-12 17:54:00,090 INFO: Computing elliptic Chabauty map... (delta = ['4', '0', '-11', '4', '8', '-4'], g = [-4, -1, 12, -4, -8, 4])
2022-02-12 17:54:16,397 INFO: Elliptic Chabauty map computed. (delta = ['4', '0', '-11', '4', '8', '-4'], g = [-4, -1, 12, -4, -8, 4])
2022-02-12 17:54:16,399 INFO: Computing elliptic Chabauty map... (delta = ['-4', '0', '11', '-5', '-7', '4'], g = [-4, -1, 12, -4, -8, 4])
2022-02-12 17:54:33,121 INFO: Elliptic Chabauty map computed. (delta = ['-4', '0', '11', '-5', '-7', '4'], g = [-4, -1, 12, -4, -8, 4])
2022-02-12 17:54:33,124 INFO: Computing elliptic Chabauty map... (delta = ['-1', '0', '1'], g = [-4, -1, 12, -4, -8, 4])
2022-02-12 17:54:49,879 INFO: Elliptic Chabauty map computed. (delta = ['-1', '0', '1'], g = [-4, -1, 12, -4, -8, 4])
2022-02-12 17:54:49,881 INFO: Computing elliptic Chabauty map... (delta = ['1'], g = [-4, -1, 12, -4, -8, 4])
2022-02-12 17:55:06,396 INFO: Elliptic Chabauty map computed. (delta = ['1'], g = [-4, -1, 12, -4, -8, 4])
2022-02-12 17:55:06,399 INFO: Tasks complete. Recording data and exiting.
