2022-01-14 12:17:29,254 INFO: Initialized curve data.
2022-01-14 12:17:29,257 INFO: Setting up initial twist data...
2022-01-14 12:17:30,386 INFO: Twist setup complete.
2022-01-14 12:17:30,386 INFO: Searching for rational points on each twist...
2022-01-14 12:17:32,289 INFO: Finished searching for rational points on each twist.
2022-01-14 12:17:32,289 INFO: Testing local solvability of twists...
2022-01-14 12:17:37,284 INFO: Finished local solvability testing.
2022-01-14 12:17:37,286 INFO: Computing elliptic curve a-invariants...
2022-01-14 12:17:48,587 INFO: Finished computation of a-invariants.
2022-01-14 12:17:48,589 INFO: Skipped MW computation because no base point (delta = ['-1/2', '-1/2', '1'])
2022-01-14 12:17:48,589 INFO: Computing MW group (delta = ['1'], g = [4, 11, -6, -33, -4, 24])...
2022-01-14 15:52:34,746 INFO: Loaded curve data from file.
2022-01-14 15:52:34,747 INFO: Reducing MW generators...
2022-01-14 15:52:34,747 INFO: Finished reducing MW generators.
2022-01-14 15:52:34,749 INFO: Skipped Chabauty because no base point (delta = ['-1/2', '-1/2', '1'])
2022-01-14 15:52:34,749 INFO: Skipped Chabauty because MW generators haven't been computed. (delta = ['1'], g = [4, 11, -6, -33, -4, 24])
2022-01-14 15:52:34,750 INFO: Skipped Chabauty because MW generators haven't been computed. (delta = ['2', '6', '-2', '-33/2', '-2', '12'], g = [4, 11, -6, -33, -4, 24])
2022-01-14 15:52:34,750 INFO: Skipped Chabauty because MW generators haven't been computed. (delta = ['-1', '-3', '3/4', '33/4', '2', '-6'], g = [4, 11, -6, -33, -4, 24])
2022-01-14 15:52:34,815 INFO: Tasks complete. Recording data and exiting.
2022-02-12 17:28:03,868 INFO: Loaded curve data from file.
2022-02-12 17:28:03,868 INFO: Computing elliptic Chabauty map... (delta = ['1'], g = [4, 11, -6, -33, -4, 24])
2022-02-12 17:28:20,535 INFO: Elliptic Chabauty map computed. (delta = ['1'], g = [4, 11, -6, -33, -4, 24])
2022-02-12 17:28:20,537 INFO: Computing elliptic Chabauty map... (delta = ['2', '6', '-2', '-33/2', '-2', '12'], g = [4, 11, -6, -33, -4, 24])
2022-02-12 17:28:36,683 INFO: Elliptic Chabauty map computed. (delta = ['2', '6', '-2', '-33/2', '-2', '12'], g = [4, 11, -6, -33, -4, 24])
2022-02-12 17:28:36,685 INFO: Computing elliptic Chabauty map... (delta = ['-1', '-3', '3/4', '33/4', '2', '-6'], g = [4, 11, -6, -33, -4, 24])
2022-02-12 17:28:52,995 INFO: Elliptic Chabauty map computed. (delta = ['-1', '-3', '3/4', '33/4', '2', '-6'], g = [4, 11, -6, -33, -4, 24])
2022-02-12 17:28:52,997 INFO: Tasks complete. Recording data and exiting.
