2022-01-01 12:50:51,267 INFO: Initialized curve data.
2022-01-01 12:50:51,271 INFO: Setting up initial twist data...
2022-01-01 12:50:52,119 INFO: Twist setup complete.
2022-01-01 12:50:52,119 INFO: Searching for rational points on each twist...
2022-01-01 12:50:52,808 INFO: Finished searching for rational points on each twist.
2022-01-01 12:50:52,808 INFO: Testing local solvability of twists...
2022-01-01 12:50:55,860 INFO: Finished local solvability testing.
2022-01-01 12:50:55,862 INFO: Computing elliptic curve a-invariants...
2022-01-01 12:51:01,442 INFO: Finished computation of a-invariants.
2022-01-01 12:51:01,444 INFO: Computing MW group (delta = ['-4', '-15', '-15', '-4', '0', '-1'], g = [4, 16, 16, 4, 0, 1])...
2022-01-01 12:52:15,022 INFO: Finished MW computation (delta = ['-4', '-15', '-15', '-4', '0', '-1'], g = [4, 16, 16, 4, 0, 1])
2022-01-01 12:52:15,027 INFO: Computing MW group (delta = ['1'], g = [4, 16, 16, 4, 0, 1])...
2022-01-01 12:57:17,408 INFO: Finished MW computation (delta = ['1'], g = [4, 16, 16, 4, 0, 1])
2022-01-01 12:57:17,412 INFO: Computing MW group (delta = ['4', '15', '16', '4', '0', '1'], g = [4, 16, 16, 4, 0, 1])...
2022-01-01 12:59:36,770 INFO: Finished MW computation (delta = ['4', '15', '16', '4', '0', '1'], g = [4, 16, 16, 4, 0, 1])
2022-01-01 12:59:36,775 INFO: Skipped MW computation because no base point (delta = ['-16', '-64', '-65', '-17', '0', '-4'])
2022-01-01 12:59:36,779 INFO: Reducing MW generators...
2022-01-01 12:59:40,298 INFO: Finished reducing MW generators.
2022-01-01 12:59:40,301 INFO: Running elliptic Chabauty (delta = ['-4', '-15', '-15', '-4', '0', '-1'], g = [4, 16, 16, 4, 0, 1])...
2022-01-01 13:00:02,986 INFO: Chabauty completed successfully (delta = ['-4', '-15', '-15', '-4', '0', '-1'], g = [4, 16, 16, 4, 0, 1]).
2022-01-01 13:00:02,989 INFO: Running elliptic Chabauty (delta = ['1'], g = [4, 16, 16, 4, 0, 1])...
2022-01-01 13:00:15,087 INFO: Chabauty completed successfully (delta = ['1'], g = [4, 16, 16, 4, 0, 1]).
2022-01-01 13:00:15,090 INFO: Running elliptic Chabauty (delta = ['4', '15', '16', '4', '0', '1'], g = [4, 16, 16, 4, 0, 1])...
2022-01-01 13:00:22,938 INFO: Chabauty completed successfully (delta = ['4', '15', '16', '4', '0', '1'], g = [4, 16, 16, 4, 0, 1]).
2022-01-01 13:00:22,941 INFO: Skipped Chabauty because no base point (delta = ['-16', '-64', '-65', '-17', '0', '-4'])
2022-01-01 13:00:23,181 INFO: Rational points successfully computed.
2022-01-01 13:00:23,182 INFO: Tasks complete. Recording data and exiting.
