2022-01-13 21:54:41,308 INFO: Initialized curve data.
2022-01-13 21:54:41,318 INFO: Setting up initial twist data...
2022-01-13 21:54:42,294 INFO: Twist setup complete.
2022-01-13 21:54:42,294 INFO: Searching for rational points on each twist...
2022-01-13 21:54:44,012 INFO: Finished searching for rational points on each twist.
2022-01-13 21:54:44,012 INFO: Testing local solvability of twists...
2022-01-13 21:54:47,463 INFO: Finished local solvability testing.
2022-01-13 21:54:47,464 INFO: Computing elliptic curve a-invariants...
2022-01-13 21:54:52,680 INFO: Finished computation of a-invariants.
2022-01-13 21:54:52,681 INFO: Skipped MW computation because no base point (delta = ['-4', '-11', '-3', '-5', '4', '-1'])
2022-01-13 21:54:52,681 INFO: Computing MW group (delta = ['-1', '-1', '1'], g = [4, 12, 4, 4, -4, 1])...
2022-01-14 11:35:16,443 INFO: Loaded curve data from file.
2022-01-14 11:35:16,443 INFO: Reducing MW generators...
2022-01-14 11:35:16,443 INFO: Finished reducing MW generators.
2022-01-14 11:35:16,444 INFO: Skipped Chabauty because no base point (delta = ['-4', '-11', '-3', '-5', '4', '-1'])
2022-01-14 11:35:16,445 INFO: Skipped Chabauty because MW generators haven't been computed. (delta = ['-1', '-1', '1'], g = [4, 12, 4, 4, -4, 1])
2022-01-14 11:35:16,445 INFO: Skipped Chabauty because MW generators haven't been computed. (delta = ['1'], g = [4, 12, 4, 4, -4, 1])
2022-01-14 11:35:16,445 INFO: Skipped Chabauty because MW generators haven't been computed. (delta = ['4', '11', '4', '4', '-4', '1'], g = [4, 12, 4, 4, -4, 1])
2022-01-14 11:35:16,490 INFO: Tasks complete. Recording data and exiting.
2022-02-12 17:06:17,157 INFO: Loaded curve data from file.
2022-02-12 17:06:17,157 INFO: Computing elliptic Chabauty map... (delta = ['-1', '-1', '1'], g = [4, 12, 4, 4, -4, 1])
2022-02-12 17:06:30,919 INFO: Elliptic Chabauty map computed. (delta = ['-1', '-1', '1'], g = [4, 12, 4, 4, -4, 1])
2022-02-12 17:06:30,921 INFO: Computing elliptic Chabauty map... (delta = ['1'], g = [4, 12, 4, 4, -4, 1])
2022-02-12 17:06:44,737 INFO: Elliptic Chabauty map computed. (delta = ['1'], g = [4, 12, 4, 4, -4, 1])
2022-02-12 17:06:44,739 INFO: Computing elliptic Chabauty map... (delta = ['4', '11', '4', '4', '-4', '1'], g = [4, 12, 4, 4, -4, 1])
2022-02-12 17:06:58,295 INFO: Elliptic Chabauty map computed. (delta = ['4', '11', '4', '4', '-4', '1'], g = [4, 12, 4, 4, -4, 1])
2022-02-12 17:06:58,297 INFO: Tasks complete. Recording data and exiting.
