2022-01-11 12:29:23,399 INFO: Initialized curve data.
2022-01-11 12:29:23,403 INFO: Setting up initial twist data...
2022-01-11 12:29:24,453 INFO: Twist setup complete.
2022-01-11 12:29:24,453 INFO: Searching for rational points on each twist...
2022-01-11 12:29:26,193 INFO: Finished searching for rational points on each twist.
2022-01-11 12:29:26,194 INFO: Testing local solvability of twists...
2022-01-11 12:29:28,706 INFO: Finished local solvability testing.
2022-01-11 12:29:28,707 INFO: Computing elliptic curve a-invariants...
2022-01-11 12:29:52,180 INFO: Finished computation of a-invariants.
2022-01-11 12:29:52,181 INFO: Computing MW group (delta = ['-1/2', '1/2', '1'], g = [-4, 16, -4, -27, 2, 9])...
2022-01-11 12:34:50,339 INFO: Finished MW computation (delta = ['-1/2', '1/2', '1'], g = [-4, 16, -4, -27, 2, 9])
2022-01-11 12:34:50,342 INFO: Computing MW group (delta = ['1'], g = [-4, 16, -4, -27, 2, 9])...
2022-01-11 12:35:39,534 INFO: Finished MW computation (delta = ['1'], g = [-4, 16, -4, -27, 2, 9])
2022-01-11 12:35:39,537 INFO: Computing MW group (delta = ['1/4', '-3/4', '-1/2', '3/2', '1'], g = [-4, 16, -4, -27, 2, 9])...
2022-01-11 12:36:03,918 INFO: Finished MW computation (delta = ['1/4', '-3/4', '-1/2', '3/2', '1'], g = [-4, 16, -4, -27, 2, 9])
2022-01-11 12:36:03,921 INFO: Skipped MW computation because no base point (delta = ['-1/2', '1', '1'])
2022-01-11 12:36:03,922 INFO: Reducing MW generators...
2022-01-11 12:36:06,327 INFO: Finished reducing MW generators.
2022-01-11 12:36:06,329 INFO: Tasks complete. Recording data and exiting.
2022-01-13 17:36:46,234 INFO: Loaded curve data from file.
2022-01-13 17:36:46,235 INFO: Running elliptic Chabauty (delta = ['-1/2', '1/2', '1'], g = [-4, 16, -4, -27, 2, 9])...
2022-01-13 17:37:08,026 INFO: Chabauty completed successfully (delta = ['-1/2', '1/2', '1'], g = [-4, 16, -4, -27, 2, 9]).
2022-01-13 17:37:08,028 INFO: Running elliptic Chabauty (delta = ['1'], g = [-4, 16, -4, -27, 2, 9])...
2022-01-13 17:37:29,036 INFO: Chabauty completed successfully (delta = ['1'], g = [-4, 16, -4, -27, 2, 9]).
2022-01-13 17:37:29,038 INFO: Running elliptic Chabauty (delta = ['1/4', '-3/4', '-1/2', '3/2', '1'], g = [-4, 16, -4, -27, 2, 9])...
2022-01-13 17:37:46,400 INFO: Chabauty completed successfully (delta = ['1/4', '-3/4', '-1/2', '3/2', '1'], g = [-4, 16, -4, -27, 2, 9]).
2022-01-13 17:37:46,402 INFO: Skipped Chabauty because no base point (delta = ['-1/2', '1', '1'])
2022-01-13 17:37:46,651 INFO: Rational points successfully computed.
2022-01-13 17:37:46,652 INFO: Tasks complete. Recording data and exiting.
2022-02-12 17:11:46,160 INFO: Loaded curve data from file.
2022-02-12 17:11:46,160 INFO: Computing elliptic Chabauty map... (delta = ['-1/2', '1/2', '1'], g = [-4, 16, -4, -27, 2, 9])
2022-02-12 17:12:08,144 INFO: Elliptic Chabauty map computed. (delta = ['-1/2', '1/2', '1'], g = [-4, 16, -4, -27, 2, 9])
2022-02-12 17:12:08,147 INFO: Computing elliptic Chabauty map... (delta = ['1'], g = [-4, 16, -4, -27, 2, 9])
2022-02-12 17:12:29,711 INFO: Elliptic Chabauty map computed. (delta = ['1'], g = [-4, 16, -4, -27, 2, 9])
2022-02-12 17:12:29,713 INFO: Computing elliptic Chabauty map... (delta = ['1/4', '-3/4', '-1/2', '3/2', '1'], g = [-4, 16, -4, -27, 2, 9])
2022-02-12 17:12:51,431 INFO: Elliptic Chabauty map computed. (delta = ['1/4', '-3/4', '-1/2', '3/2', '1'], g = [-4, 16, -4, -27, 2, 9])
2022-02-12 17:12:51,434 INFO: Tasks complete. Recording data and exiting.
