2022-01-01 12:50:46,783 INFO: Initialized curve data.
2022-01-01 12:50:46,788 INFO: Setting up initial twist data...
2022-01-01 12:50:48,030 INFO: Twist setup complete.
2022-01-01 12:50:48,030 INFO: Searching for rational points on each twist...
2022-01-01 12:50:49,167 INFO: Finished searching for rational points on each twist.
2022-01-01 12:50:49,168 INFO: Testing local solvability of twists...
2022-01-01 12:50:49,173 INFO: Finished local solvability testing.
2022-01-01 12:50:49,174 INFO: Computing elliptic curve a-invariants...
2022-01-01 12:51:07,271 INFO: Finished computation of a-invariants.
2022-01-01 12:51:07,273 INFO: Computing MW group (delta = ['2', '-6', '11', '-3', '-2', '1/2'], g = [4, -11, 20, -6, -4, 1])...
2022-01-01 12:59:12,202 INFO: Finished MW computation (delta = ['2', '-6', '11', '-3', '-2', '1/2'], g = [4, -11, 20, -6, -4, 1])
2022-01-01 12:59:12,205 INFO: Computing MW group (delta = ['1'], g = [4, -11, 20, -6, -4, 1])...
2022-01-01 13:05:27,713 INFO: Finished MW computation (delta = ['1'], g = [4, -11, 20, -6, -4, 1])
2022-01-01 13:05:27,716 INFO: Obstruction found to provably computing rational points. Exiting.
2022-01-03 13:14:58,000 INFO: Obsolete "loc_solv_error" keys removed.
2022-01-10 22:39:09,709 INFO: Loaded curve data from file.
2022-01-10 22:39:09,709 INFO: Obstruction already found. Exiting.
2022-02-12 17:52:50,113 INFO: Loaded curve data from file.
2022-02-12 17:52:50,114 INFO: Computing elliptic Chabauty map... (delta = ['2', '-6', '11', '-3', '-2', '1/2'], g = [4, -11, 20, -6, -4, 1])
2022-02-12 17:53:07,220 INFO: Elliptic Chabauty map computed. (delta = ['2', '-6', '11', '-3', '-2', '1/2'], g = [4, -11, 20, -6, -4, 1])
2022-02-12 17:53:07,223 INFO: Computing elliptic Chabauty map... (delta = ['1'], g = [4, -11, 20, -6, -4, 1])
2022-02-12 17:53:23,690 INFO: Elliptic Chabauty map computed. (delta = ['1'], g = [4, -11, 20, -6, -4, 1])
2022-02-12 17:53:23,692 INFO: Computing elliptic Chabauty map... (delta = ['1/2', '-1'], g = [4, -11, 20, -6, -4, 1])
2022-02-12 17:53:40,702 INFO: Elliptic Chabauty map computed. (delta = ['1/2', '-1'], g = [4, -11, 20, -6, -4, 1])
2022-02-12 17:53:40,706 INFO: Computing elliptic Chabauty map... (delta = ['4', '-12', '20', '-6', '-4', '1'], g = [4, -11, 20, -6, -4, 1])
2022-02-12 17:53:57,497 INFO: Elliptic Chabauty map computed. (delta = ['4', '-12', '20', '-6', '-4', '1'], g = [4, -11, 20, -6, -4, 1])
2022-02-12 17:53:57,501 INFO: Tasks complete. Recording data and exiting.
