2022-01-01 12:50:58,964 INFO: Initialized curve data.
2022-01-01 12:50:58,967 INFO: Setting up initial twist data...
2022-01-01 12:51:00,061 INFO: Twist setup complete.
2022-01-01 12:51:00,061 INFO: Searching for rational points on each twist...
2022-01-01 12:51:00,880 INFO: Finished searching for rational points on each twist.
2022-01-01 12:51:00,880 INFO: Testing local solvability of twists...
2022-01-01 12:51:04,067 INFO: Finished local solvability testing.
2022-01-01 12:51:04,069 INFO: Computing elliptic curve a-invariants...
2022-01-01 12:51:24,953 INFO: Finished computation of a-invariants.
2022-01-01 12:51:24,955 INFO: Computing MW group (delta = ['1', '12', '14', '-11', '-1', '1'], g = [1, 11, 13, -11, -1, 1])...
2022-01-01 12:52:47,075 INFO: Finished MW computation (delta = ['1', '12', '14', '-11', '-1', '1'], g = [1, 11, 13, -11, -1, 1])
2022-01-01 12:52:47,079 INFO: Computing MW group (delta = ['0', '10', '13', '-11', '-1', '1'], g = [1, 11, 13, -11, -1, 1])...
2022-01-01 12:54:30,546 INFO: Finished MW computation (delta = ['0', '10', '13', '-11', '-1', '1'], g = [1, 11, 13, -11, -1, 1])
2022-01-01 12:54:30,552 INFO: Computing MW group (delta = ['1'], g = [1, 11, 13, -11, -1, 1])...
2022-01-01 12:56:31,958 INFO: Finished MW computation (delta = ['1'], g = [1, 11, 13, -11, -1, 1])
2022-01-01 12:56:31,962 INFO: Skipped MW computation because no base point (delta = ['12', '131', '154', '-133', '-12', '12'])
2022-01-01 12:56:31,966 INFO: Reducing MW generators...
2022-01-01 12:56:35,594 INFO: Finished reducing MW generators.
2022-01-01 12:56:35,596 INFO: Running elliptic Chabauty (delta = ['1', '12', '14', '-11', '-1', '1'], g = [1, 11, 13, -11, -1, 1])...
2022-01-01 12:56:55,079 INFO: Chabauty completed successfully (delta = ['1', '12', '14', '-11', '-1', '1'], g = [1, 11, 13, -11, -1, 1]).
2022-01-01 12:56:55,082 INFO: Running elliptic Chabauty (delta = ['0', '10', '13', '-11', '-1', '1'], g = [1, 11, 13, -11, -1, 1])...
2022-01-01 12:57:15,686 INFO: Chabauty completed successfully (delta = ['0', '10', '13', '-11', '-1', '1'], g = [1, 11, 13, -11, -1, 1]).
2022-01-01 12:57:15,689 INFO: Running elliptic Chabauty (delta = ['1'], g = [1, 11, 13, -11, -1, 1])...
2022-01-01 12:57:36,778 INFO: Chabauty completed successfully (delta = ['1'], g = [1, 11, 13, -11, -1, 1]).
2022-01-01 12:57:36,782 INFO: Skipped Chabauty because no base point (delta = ['12', '131', '154', '-133', '-12', '12'])
2022-01-01 12:57:37,055 INFO: Rational points successfully computed.
2022-01-01 12:57:37,058 INFO: Tasks complete. Recording data and exiting.
2022-01-03 13:14:58,000 INFO: Obsolete "loc_solv_error" keys removed.
2022-01-03 13:14:58,000 INFO: Deleted results of Chabauty computation.
2022-01-10 22:39:16,295 INFO: Loaded curve data from file.
2022-01-10 22:39:16,295 INFO: Running elliptic Chabauty (delta = ['1', '12', '14', '-11', '-1', '1'], g = [1, 11, 13, -11, -1, 1])...
2022-01-10 22:39:43,554 INFO: Chabauty completed successfully (delta = ['1', '12', '14', '-11', '-1', '1'], g = [1, 11, 13, -11, -1, 1]).
2022-01-10 22:39:43,606 INFO: Running elliptic Chabauty (delta = ['0', '10', '13', '-11', '-1', '1'], g = [1, 11, 13, -11, -1, 1])...
2022-01-10 22:40:07,360 INFO: Chabauty completed successfully (delta = ['0', '10', '13', '-11', '-1', '1'], g = [1, 11, 13, -11, -1, 1]).
2022-01-10 22:40:07,362 INFO: Running elliptic Chabauty (delta = ['1'], g = [1, 11, 13, -11, -1, 1])...
2022-01-10 22:40:31,758 INFO: Chabauty completed successfully (delta = ['1'], g = [1, 11, 13, -11, -1, 1]).
2022-01-10 22:40:31,760 INFO: Skipped Chabauty because no base point (delta = ['12', '131', '154', '-133', '-12', '12'])
2022-01-10 22:40:31,994 INFO: Rational points successfully computed.
2022-01-10 22:40:31,996 INFO: Tasks complete. Recording data and exiting.
