2022-01-12 12:13:53,390 INFO: Initialized curve data.
2022-01-12 12:13:53,398 INFO: Setting up initial twist data...
2022-01-12 12:13:54,590 INFO: Twist setup complete.
2022-01-12 12:13:54,591 INFO: Searching for rational points on each twist...
2022-01-12 12:13:56,238 INFO: Finished searching for rational points on each twist.
2022-01-12 12:13:56,238 INFO: Testing local solvability of twists...
2022-01-12 12:14:00,708 INFO: Finished local solvability testing.
2022-01-12 12:14:00,710 INFO: Computing elliptic curve a-invariants...
2022-01-12 12:14:05,666 INFO: Finished computation of a-invariants.
2022-01-12 12:14:05,667 INFO: Computing MW group (delta = ['1'], g = [4, -11, -4, 22, -4, 1])...
2022-01-12 12:18:44,711 INFO: Finished MW computation (delta = ['1'], g = [4, -11, -4, 22, -4, 1])
2022-01-12 12:18:44,714 INFO: Skipped MW computation because no base point (delta = ['1/2', '-1'])
2022-01-12 12:18:44,714 INFO: Computing MW group (delta = ['4', '-12', '-4', '22', '-4', '1'], g = [4, -11, -4, 22, -4, 1])...
2022-01-12 13:25:49,717 INFO: Finished MW computation (delta = ['4', '-12', '-4', '22', '-4', '1'], g = [4, -11, -4, 22, -4, 1])
2022-01-12 13:25:49,722 INFO: Computing MW group (delta = ['2', '-6', '-1', '11', '-2', '1/2'], g = [4, -11, -4, 22, -4, 1])...
2022-01-14 11:32:10,668 INFO: Loaded curve data from file.
2022-01-14 11:32:10,669 INFO: Reducing MW generators...
2022-01-14 11:32:11,633 INFO: Finished reducing MW generators.
2022-01-14 11:32:11,654 INFO: Running elliptic Chabauty (delta = ['1'], g = [4, -11, -4, 22, -4, 1])...
2022-01-14 12:02:52,002 INFO: Chabauty completed successfully (delta = ['1'], g = [4, -11, -4, 22, -4, 1]).
2022-01-14 12:02:52,013 INFO: Skipped Chabauty because no base point (delta = ['1/2', '-1'])
2022-01-14 12:02:52,013 INFO: Skipped Chabauty because MW group hasn't been provably computed. (delta = ['4', '-12', '-4', '22', '-4', '1'], g = [4, -11, -4, 22, -4, 1])
2022-01-14 12:02:52,014 INFO: Skipped Chabauty because MW generators haven't been computed. (delta = ['2', '-6', '-1', '11', '-2', '1/2'], g = [4, -11, -4, 22, -4, 1])
2022-01-14 12:02:52,090 INFO: Tasks complete. Recording data and exiting.
