2022-01-14 12:17:20,852 INFO: Initialized curve data.
2022-01-14 12:17:20,857 INFO: Setting up initial twist data...
2022-01-14 12:17:22,210 INFO: Twist setup complete.
2022-01-14 12:17:22,210 INFO: Searching for rational points on each twist...
2022-01-14 12:17:23,931 INFO: Finished searching for rational points on each twist.
2022-01-14 12:17:23,931 INFO: Testing local solvability of twists...
2022-01-14 12:17:46,111 INFO: Finished local solvability testing.
2022-01-14 12:17:46,113 INFO: Computing elliptic curve a-invariants...
2022-01-14 12:17:55,497 INFO: Finished computation of a-invariants.
2022-01-14 12:17:55,498 INFO: Computing MW group (delta = ['-1', '-8', '1/2', '489/4', '331/2', '-953/4'], g = [4, 33, 2, -489, -662, 953])...
2022-01-14 14:31:58,794 INFO: Finished MW computation (delta = ['-1', '-8', '1/2', '489/4', '331/2', '-953/4'], g = [4, 33, 2, -489, -662, 953])
2022-01-14 14:31:58,805 INFO: Computing MW group (delta = ['1'], g = [4, 33, 2, -489, -662, 953])...
2022-01-14 15:05:28,963 INFO: Finished MW computation (delta = ['1'], g = [4, 33, 2, -489, -662, 953])
2022-01-14 15:05:28,968 INFO: Skipped MW computation because no base point (delta = ['-2', '-16', '25/8', '1013/4', '332', '-953/2'])
2022-01-14 15:05:28,968 INFO: Skipped MW computation because no base point (delta = ['2', '17/2', '1'])
2022-01-14 15:05:28,970 INFO: Reducing MW generators...
2022-01-14 15:05:30,525 INFO: Finished reducing MW generators.
2022-01-14 15:05:30,527 INFO: Tasks complete. Recording data and exiting.
2022-01-14 15:52:28,032 INFO: Loaded curve data from file.
2022-01-14 15:52:28,032 INFO: Running elliptic Chabauty (delta = ['-1', '-8', '1/2', '489/4', '331/2', '-953/4'], g = [4, 33, 2, -489, -662, 953])...
2022-01-14 15:52:43,825 INFO: Chabauty completed successfully (delta = ['-1', '-8', '1/2', '489/4', '331/2', '-953/4'], g = [4, 33, 2, -489, -662, 953]).
2022-01-14 15:52:43,828 INFO: Running elliptic Chabauty (delta = ['1'], g = [4, 33, 2, -489, -662, 953])...
2022-01-14 15:52:58,884 INFO: Chabauty completed successfully (delta = ['1'], g = [4, 33, 2, -489, -662, 953]).
2022-01-14 15:52:58,906 INFO: Skipped Chabauty because no base point (delta = ['-2', '-16', '25/8', '1013/4', '332', '-953/2'])
2022-01-14 15:52:58,907 INFO: Skipped Chabauty because no base point (delta = ['2', '17/2', '1'])
2022-01-14 15:52:59,130 INFO: Rational points successfully computed.
2022-01-14 15:52:59,165 INFO: Tasks complete. Recording data and exiting.
2022-02-12 16:53:38,168 INFO: Loaded curve data from file.
2022-02-12 16:53:38,168 INFO: Computing elliptic Chabauty map... (delta = ['-1', '-8', '1/2', '489/4', '331/2', '-953/4'], g = [4, 33, 2, -489, -662, 953])
2022-02-12 16:53:56,099 INFO: Elliptic Chabauty map computed. (delta = ['-1', '-8', '1/2', '489/4', '331/2', '-953/4'], g = [4, 33, 2, -489, -662, 953])
2022-02-12 16:53:56,102 INFO: Computing elliptic Chabauty map... (delta = ['1'], g = [4, 33, 2, -489, -662, 953])
2022-02-12 16:54:13,803 INFO: Elliptic Chabauty map computed. (delta = ['1'], g = [4, 33, 2, -489, -662, 953])
2022-02-12 16:54:13,805 INFO: Tasks complete. Recording data and exiting.
