2022-01-12 12:30:06,644 INFO: Initialized curve data.
2022-01-12 12:30:06,648 INFO: Setting up initial twist data...
2022-01-12 12:30:07,736 INFO: Twist setup complete.
2022-01-12 12:30:07,736 INFO: Searching for rational points on each twist...
2022-01-12 12:30:09,321 INFO: Finished searching for rational points on each twist.
2022-01-12 12:30:09,321 INFO: Testing local solvability of twists...
2022-01-12 12:30:10,814 INFO: Finished local solvability testing.
2022-01-12 12:30:10,815 INFO: Computing elliptic curve a-invariants...
2022-01-12 12:30:38,917 INFO: Finished computation of a-invariants.
2022-01-12 12:30:38,919 INFO: Computing MW group (delta = ['1', '-1', '-2', '-1', '3', '1'], g = [1, 0, -3, -1, 3, 1])...
2022-01-12 12:31:33,713 INFO: Finished MW computation (delta = ['1', '-1', '-2', '-1', '3', '1'], g = [1, 0, -3, -1, 3, 1])
2022-01-12 12:31:33,716 INFO: Computing MW group (delta = ['1'], g = [1, 0, -3, -1, 3, 1])...
2022-01-12 12:32:55,039 INFO: Finished MW computation (delta = ['1'], g = [1, 0, -3, -1, 3, 1])
2022-01-12 12:32:55,042 INFO: Computing MW group (delta = ['1', '-1', '-3', '-1', '3', '1'], g = [1, 0, -3, -1, 3, 1])...
2022-01-12 12:34:20,263 INFO: Finished MW computation (delta = ['1', '-1', '-3', '-1', '3', '1'], g = [1, 0, -3, -1, 3, 1])
2022-01-12 12:34:20,266 INFO: Skipped MW computation because no base point (delta = ['1', '0', '-2', '-2', '3', '1'])
2022-01-12 12:34:20,268 INFO: Reducing MW generators...
2022-01-12 12:34:27,613 INFO: Finished reducing MW generators.
2022-01-12 12:34:27,615 INFO: Tasks complete. Recording data and exiting.
2022-01-14 11:32:43,699 INFO: Loaded curve data from file.
2022-01-14 11:32:43,700 INFO: Running elliptic Chabauty (delta = ['1', '-1', '-2', '-1', '3', '1'], g = [1, 0, -3, -1, 3, 1])...
2022-01-14 11:33:08,624 INFO: Chabauty completed successfully (delta = ['1', '-1', '-2', '-1', '3', '1'], g = [1, 0, -3, -1, 3, 1]).
2022-01-14 11:33:08,628 INFO: Running elliptic Chabauty (delta = ['1'], g = [1, 0, -3, -1, 3, 1])...
2022-01-14 11:33:36,811 INFO: Chabauty completed successfully (delta = ['1'], g = [1, 0, -3, -1, 3, 1]).
2022-01-14 11:33:36,813 INFO: Running elliptic Chabauty (delta = ['1', '-1', '-3', '-1', '3', '1'], g = [1, 0, -3, -1, 3, 1])...
2022-01-14 11:34:01,890 INFO: Chabauty completed successfully (delta = ['1', '-1', '-3', '-1', '3', '1'], g = [1, 0, -3, -1, 3, 1]).
2022-01-14 11:34:01,893 INFO: Skipped Chabauty because no base point (delta = ['1', '0', '-2', '-2', '3', '1'])
2022-01-14 11:34:02,151 INFO: Rational points successfully computed.
2022-01-14 11:34:02,154 INFO: Tasks complete. Recording data and exiting.
