2022-01-11 15:22:24,488 INFO: Initialized curve data.
2022-01-11 15:22:24,490 INFO: Setting up initial twist data...
2022-01-11 15:22:25,982 INFO: Twist setup complete.
2022-01-11 15:22:25,982 INFO: Searching for rational points on each twist...
2022-01-11 15:22:28,053 INFO: Finished searching for rational points on each twist.
2022-01-11 15:22:28,053 INFO: Testing local solvability of twists...
2022-01-11 15:22:28,059 INFO: Finished local solvability testing.
2022-01-11 15:22:28,060 INFO: Computing elliptic curve a-invariants...
2022-01-11 15:22:42,411 INFO: Finished computation of a-invariants.
2022-01-11 15:22:42,412 INFO: Computing MW group (delta = ['-4', '0', '13', '2', '-8', '-5'], g = [4, 1, -12, -2, 8, 5])...
2022-01-11 15:30:53,378 INFO: Finished MW computation (delta = ['-4', '0', '13', '2', '-8', '-5'], g = [4, 1, -12, -2, 8, 5])
2022-01-11 15:30:53,382 INFO: Unable to use elliptic Chabauty on twist (delta = ['-4', '0', '13', '2', '-8', '-5'])
2022-01-11 15:30:53,383 INFO: Obstruction found to provably computing rational points. Exiting.
2022-01-14 09:07:49,895 INFO: Loaded curve data from file.
2022-01-14 09:07:49,896 INFO: Obstruction already found. Exiting.
2022-02-12 17:01:07,874 INFO: Loaded curve data from file.
2022-02-12 17:01:07,874 INFO: Computing elliptic Chabauty map... (delta = ['-4', '0', '13', '2', '-8', '-5'], g = [4, 1, -12, -2, 8, 5])
2022-02-12 17:01:23,313 INFO: Elliptic Chabauty map computed. (delta = ['-4', '0', '13', '2', '-8', '-5'], g = [4, 1, -12, -2, 8, 5])
2022-02-12 17:01:23,316 INFO: Computing elliptic Chabauty map... (delta = ['1'], g = [4, 1, -12, -2, 8, 5])
2022-02-12 17:01:38,753 INFO: Elliptic Chabauty map computed. (delta = ['1'], g = [4, 1, -12, -2, 8, 5])
2022-02-12 17:01:38,756 INFO: Computing elliptic Chabauty map... (delta = ['4', '0', '-11', '-2', '8', '5'], g = [4, 1, -12, -2, 8, 5])
2022-02-12 17:01:54,099 INFO: Elliptic Chabauty map computed. (delta = ['4', '0', '-11', '-2', '8', '5'], g = [4, 1, -12, -2, 8, 5])
2022-02-12 17:01:54,102 INFO: Computing elliptic Chabauty map... (delta = ['-16', '-4', '47', '8', '-31', '-20'], g = [4, 1, -12, -2, 8, 5])
2022-02-12 17:02:09,463 INFO: Elliptic Chabauty map computed. (delta = ['-16', '-4', '47', '8', '-31', '-20'], g = [4, 1, -12, -2, 8, 5])
2022-02-12 17:02:09,466 INFO: Tasks complete. Recording data and exiting.
