2022-01-12 09:26:01,171 INFO: Initialized curve data.
2022-01-12 09:26:01,174 INFO: Setting up initial twist data...
2022-01-12 09:26:02,119 INFO: Twist setup complete.
2022-01-12 09:26:02,119 INFO: Searching for rational points on each twist...
2022-01-12 09:26:03,587 INFO: Finished searching for rational points on each twist.
2022-01-12 09:26:03,588 INFO: Testing local solvability of twists...
2022-01-12 09:26:09,270 INFO: Finished local solvability testing.
2022-01-12 09:26:09,272 INFO: Computing elliptic curve a-invariants...
2022-01-12 09:26:14,884 INFO: Finished computation of a-invariants.
2022-01-12 09:26:14,885 INFO: Skipped MW computation because no base point (delta = ['-1', '-1'])
2022-01-12 09:26:14,886 INFO: Computing MW group (delta = ['-4', '-8', '4', '4', '-8', '4'], g = [-4, -7, 4, 4, -8, 4])...
2022-01-14 09:12:17,598 INFO: Loaded curve data from file.
2022-01-14 09:12:17,598 INFO: Reducing MW generators...
2022-01-14 09:12:17,598 INFO: Finished reducing MW generators.
2022-01-14 09:12:17,600 INFO: Skipped Chabauty because no base point (delta = ['-1', '-1'])
2022-01-14 09:12:17,600 INFO: Skipped Chabauty because MW generators haven't been computed. (delta = ['-4', '-8', '4', '4', '-8', '4'], g = [-4, -7, 4, 4, -8, 4])
2022-01-14 09:12:17,600 INFO: Skipped Chabauty because MW generators haven't been computed. (delta = ['1'], g = [-4, -7, 4, 4, -8, 4])
2022-01-14 09:12:17,600 INFO: Skipped Chabauty because MW generators haven't been computed. (delta = ['4', '8', '-3', '-4', '8', '-4'], g = [-4, -7, 4, 4, -8, 4])
2022-01-14 09:12:17,652 INFO: Tasks complete. Recording data and exiting.
2022-02-12 17:03:39,003 INFO: Loaded curve data from file.
2022-02-12 17:03:39,003 INFO: Computing elliptic Chabauty map... (delta = ['-4', '-8', '4', '4', '-8', '4'], g = [-4, -7, 4, 4, -8, 4])
2022-02-12 17:03:53,756 INFO: Elliptic Chabauty map computed. (delta = ['-4', '-8', '4', '4', '-8', '4'], g = [-4, -7, 4, 4, -8, 4])
2022-02-12 17:03:53,758 INFO: Computing elliptic Chabauty map... (delta = ['1'], g = [-4, -7, 4, 4, -8, 4])
2022-02-12 17:04:07,927 INFO: Elliptic Chabauty map computed. (delta = ['1'], g = [-4, -7, 4, 4, -8, 4])
2022-02-12 17:04:07,929 INFO: Computing elliptic Chabauty map... (delta = ['4', '8', '-3', '-4', '8', '-4'], g = [-4, -7, 4, 4, -8, 4])
2022-02-12 17:04:22,654 INFO: Elliptic Chabauty map computed. (delta = ['4', '8', '-3', '-4', '8', '-4'], g = [-4, -7, 4, 4, -8, 4])
2022-02-12 17:04:22,656 INFO: Tasks complete. Recording data and exiting.
