2022-01-13 21:55:02,141 INFO: Initialized curve data.
2022-01-13 21:55:02,144 INFO: Setting up initial twist data...
2022-01-13 21:55:03,341 INFO: Twist setup complete.
2022-01-13 21:55:03,341 INFO: Searching for rational points on each twist...
2022-01-13 21:55:05,301 INFO: Finished searching for rational points on each twist.
2022-01-13 21:55:05,301 INFO: Testing local solvability of twists...
2022-01-13 21:55:05,308 INFO: Finished local solvability testing.
2022-01-13 21:55:05,309 INFO: Computing elliptic curve a-invariants...
2022-01-13 21:55:23,642 INFO: Finished computation of a-invariants.
2022-01-13 21:55:23,644 INFO: Computing MW group (delta = ['-4', '-15', '13', '7', '-4', '-1'], g = [4, 16, -12, -8, 4, 1])...
2022-01-13 21:56:30,257 INFO: Finished MW computation (delta = ['-4', '-15', '13', '7', '-4', '-1'], g = [4, 16, -12, -8, 4, 1])
2022-01-13 21:56:30,260 INFO: Computing MW group (delta = ['-1', '-1', '1'], g = [4, 16, -12, -8, 4, 1])...
2022-01-13 21:57:59,990 INFO: Finished MW computation (delta = ['-1', '-1', '1'], g = [4, 16, -12, -8, 4, 1])
2022-01-13 21:57:59,993 INFO: Computing MW group (delta = ['1'], g = [4, 16, -12, -8, 4, 1])...
2022-01-13 23:31:43,119 INFO: Finished MW computation (delta = ['1'], g = [4, 16, -12, -8, 4, 1])
2022-01-13 23:31:43,124 INFO: Computing MW group (delta = ['4', '15', '-12', '-8', '4', '1'], g = [4, 16, -12, -8, 4, 1])...
2022-01-13 23:35:10,240 INFO: Finished MW computation (delta = ['4', '15', '-12', '-8', '4', '1'], g = [4, 16, -12, -8, 4, 1])
2022-01-13 23:35:10,245 INFO: Reducing MW generators...
2022-01-13 23:35:12,724 INFO: Finished reducing MW generators.
2022-01-13 23:35:12,727 INFO: Tasks complete. Recording data and exiting.
