2022-01-14 12:17:29,897 INFO: Initialized curve data.
2022-01-14 12:17:29,901 INFO: Setting up initial twist data...
2022-01-14 12:17:30,841 INFO: Twist setup complete.
2022-01-14 12:17:30,841 INFO: Searching for rational points on each twist...
2022-01-14 12:17:31,957 INFO: Finished searching for rational points on each twist.
2022-01-14 12:17:31,957 INFO: Testing local solvability of twists...
2022-01-14 12:19:18,414 INFO: Finished local solvability testing.
2022-01-14 12:19:18,416 INFO: Computing elliptic curve a-invariants...
2022-01-14 12:19:20,996 INFO: Finished computation of a-invariants.
2022-01-14 12:19:20,999 INFO: Computing MW group (delta = ['4', '-4', '14', '-5', '2', '1'], g = [4, -3, 14, -5, 2, 1])...
2022-01-14 12:20:32,463 INFO: Finished MW computation (delta = ['4', '-4', '14', '-5', '2', '1'], g = [4, -3, 14, -5, 2, 1])
2022-01-14 12:20:32,467 INFO: Skipped MW computation because no base point (delta = ['1/2', '-2', '1'])
2022-01-14 12:20:32,467 INFO: Computing MW group (delta = ['1'], g = [4, -3, 14, -5, 2, 1])...
2022-01-14 12:21:37,300 INFO: Finished MW computation (delta = ['1'], g = [4, -3, 14, -5, 2, 1])
2022-01-14 12:21:37,303 INFO: Skipped MW computation because no base point (delta = ['2', '-2', '9', '-7/2', '1', '1/2'])
2022-01-14 12:21:37,305 INFO: Reducing MW generators...
2022-01-14 12:21:38,239 INFO: Finished reducing MW generators.
2022-01-14 12:21:38,242 INFO: Tasks complete. Recording data and exiting.
2022-01-14 15:52:34,996 INFO: Loaded curve data from file.
2022-01-14 15:52:34,997 INFO: Skipped Chabauty because MW group hasn't been provably computed. (delta = ['4', '-4', '14', '-5', '2', '1'], g = [4, -3, 14, -5, 2, 1])
2022-01-14 15:52:34,997 INFO: Skipped Chabauty because no base point (delta = ['1/2', '-2', '1'])
2022-01-14 15:52:34,997 INFO: Running elliptic Chabauty (delta = ['1'], g = [4, -3, 14, -5, 2, 1])...
2022-01-14 15:52:46,715 INFO: Chabauty completed successfully (delta = ['1'], g = [4, -3, 14, -5, 2, 1]).
2022-01-14 15:52:46,717 INFO: Skipped Chabauty because no base point (delta = ['2', '-2', '9', '-7/2', '1', '1/2'])
2022-01-14 15:52:46,836 INFO: Tasks complete. Recording data and exiting.
