2022-01-11 15:25:28,178 INFO: Initialized curve data.
2022-01-11 15:25:28,181 INFO: Setting up initial twist data...
2022-01-11 15:25:29,489 INFO: Twist setup complete.
2022-01-11 15:25:29,489 INFO: Searching for rational points on each twist...
2022-01-11 15:25:34,834 INFO: Finished searching for rational points on each twist.
2022-01-11 15:25:34,834 INFO: Testing local solvability of twists...
2022-01-11 15:25:56,522 INFO: Finished local solvability testing.
2022-01-11 15:25:56,523 INFO: Computing elliptic curve a-invariants...
2022-01-11 15:26:00,791 INFO: Finished computation of a-invariants.
2022-01-11 15:26:00,792 INFO: Computing MW group (delta = ['4', '0', '-28', '2', '26', '9'], g = [-1, 1, 1])...
2022-01-11 15:26:02,325 INFO: Finished MW computation (delta = ['4', '0', '-28', '2', '26', '9'], g = [-1, 1, 1])
2022-01-11 15:26:02,327 INFO: Computing MW group (delta = ['4', '0', '-28', '2', '26', '9'], g = [-4, -5, 17, 9])...
2022-01-14 09:07:52,459 INFO: Loaded curve data from file.
2022-01-14 09:07:52,459 INFO: Reducing MW generators...
2022-01-14 09:07:52,736 INFO: Finished reducing MW generators.
2022-01-14 09:07:52,774 INFO: Skipped Chabauty because rank >= degree(g). (delta = ['4', '0', '-28', '2', '26', '9'], g = [-1, 1, 1])
2022-01-14 09:07:52,774 INFO: Skipped Chabauty because MW generators haven't been computed. (delta = ['4', '0', '-28', '2', '26', '9'], g = [-4, -5, 17, 9])
2022-01-14 09:07:52,775 INFO: Skipped Chabauty because MW generators haven't been computed. (delta = ['-4', '0', '27', '-3', '-26', '-9'], g = [-1, 1, 1])
2022-01-14 09:07:52,775 INFO: Skipped Chabauty because MW generators haven't been computed. (delta = ['-4', '0', '27', '-3', '-26', '-9'], g = [-4, -5, 17, 9])
2022-01-14 09:07:52,775 INFO: Skipped Chabauty because no base point (delta = ['4', '4', '-21', '-12', '18', '9'])
2022-01-14 09:07:52,775 INFO: Skipped Chabauty because no base point (delta = ['-1', '5', '6', '-17', '-9'])
2022-01-14 09:07:52,775 INFO: Skipped Chabauty because MW generators haven't been computed. (delta = ['1'], g = [-1, 1, 1])
2022-01-14 09:07:52,775 INFO: Skipped Chabauty because MW generators haven't been computed. (delta = ['1'], g = [-4, -5, 17, 9])
2022-01-14 09:07:52,775 INFO: Skipped Chabauty because MW generators haven't been computed. (delta = ['1', '-4', '-11', '11', '26', '9'], g = [-1, 1, 1])
2022-01-14 09:07:52,775 INFO: Skipped Chabauty because MW generators haven't been computed. (delta = ['1', '-4', '-11', '11', '26', '9'], g = [-4, -5, 17, 9])
2022-01-14 09:07:52,775 INFO: Skipped Chabauty because MW generators haven't been computed. (delta = ['-4', '-4', '18', '7', '-3', '-1'], g = [-1, 1, 1])
2022-01-14 09:07:52,775 INFO: Skipped Chabauty because MW generators haven't been computed. (delta = ['-4', '-4', '18', '7', '-3', '-1'], g = [-4, -5, 17, 9])
2022-01-14 09:07:52,775 INFO: Skipped Chabauty because no base point (delta = ['-1', '-1'])
2022-01-14 09:07:52,950 INFO: Tasks complete. Recording data and exiting.
2022-02-12 17:43:47,961 INFO: Loaded curve data from file.
2022-02-12 17:43:47,961 INFO: Computing elliptic Chabauty map... (delta = ['4', '0', '-28', '2', '26', '9'], g = [-1, 1, 1])
2022-02-12 17:43:59,630 INFO: Elliptic Chabauty map computed. (delta = ['4', '0', '-28', '2', '26', '9'], g = [-1, 1, 1])
2022-02-12 17:43:59,633 INFO: Computing elliptic Chabauty map... (delta = ['4', '0', '-28', '2', '26', '9'], g = [-4, -5, 17, 9])
2022-02-12 17:44:11,793 INFO: Elliptic Chabauty map computed. (delta = ['4', '0', '-28', '2', '26', '9'], g = [-4, -5, 17, 9])
2022-02-12 17:44:11,797 INFO: Computing elliptic Chabauty map... (delta = ['-4', '0', '27', '-3', '-26', '-9'], g = [-1, 1, 1])
2022-02-12 17:44:23,294 INFO: Elliptic Chabauty map computed. (delta = ['-4', '0', '27', '-3', '-26', '-9'], g = [-1, 1, 1])
2022-02-12 17:44:23,296 INFO: Computing elliptic Chabauty map... (delta = ['-4', '0', '27', '-3', '-26', '-9'], g = [-4, -5, 17, 9])
2022-02-12 17:44:35,421 INFO: Elliptic Chabauty map computed. (delta = ['-4', '0', '27', '-3', '-26', '-9'], g = [-4, -5, 17, 9])
2022-02-12 17:44:35,424 INFO: Computing elliptic Chabauty map... (delta = ['1'], g = [-1, 1, 1])
2022-02-12 17:44:46,889 INFO: Elliptic Chabauty map computed. (delta = ['1'], g = [-1, 1, 1])
2022-02-12 17:44:46,892 INFO: Computing elliptic Chabauty map... (delta = ['1'], g = [-4, -5, 17, 9])
2022-02-12 17:44:58,935 INFO: Elliptic Chabauty map computed. (delta = ['1'], g = [-4, -5, 17, 9])
2022-02-12 17:44:58,939 INFO: Computing elliptic Chabauty map... (delta = ['1', '-4', '-11', '11', '26', '9'], g = [-1, 1, 1])
2022-02-12 17:45:10,336 INFO: Elliptic Chabauty map computed. (delta = ['1', '-4', '-11', '11', '26', '9'], g = [-1, 1, 1])
2022-02-12 17:45:10,340 INFO: Computing elliptic Chabauty map... (delta = ['1', '-4', '-11', '11', '26', '9'], g = [-4, -5, 17, 9])
2022-02-12 17:45:22,420 INFO: Elliptic Chabauty map computed. (delta = ['1', '-4', '-11', '11', '26', '9'], g = [-4, -5, 17, 9])
2022-02-12 17:45:22,424 INFO: Computing elliptic Chabauty map... (delta = ['-4', '-4', '18', '7', '-3', '-1'], g = [-1, 1, 1])
2022-02-12 17:45:33,817 INFO: Elliptic Chabauty map computed. (delta = ['-4', '-4', '18', '7', '-3', '-1'], g = [-1, 1, 1])
2022-02-12 17:45:33,821 INFO: Computing elliptic Chabauty map... (delta = ['-4', '-4', '18', '7', '-3', '-1'], g = [-4, -5, 17, 9])
2022-02-12 17:45:45,989 INFO: Elliptic Chabauty map computed. (delta = ['-4', '-4', '18', '7', '-3', '-1'], g = [-4, -5, 17, 9])
2022-02-12 17:45:45,994 INFO: Tasks complete. Recording data and exiting.
