2022-01-12 12:17:55,139 INFO: Initialized curve data.
2022-01-12 12:17:55,143 INFO: Setting up initial twist data...
2022-01-12 12:17:56,281 INFO: Twist setup complete.
2022-01-12 12:17:56,281 INFO: Searching for rational points on each twist...
2022-01-12 12:18:00,130 INFO: Finished searching for rational points on each twist.
2022-01-12 12:18:00,130 INFO: Testing local solvability of twists...
2022-01-12 12:18:28,318 INFO: Finished local solvability testing.
2022-01-12 12:18:28,320 INFO: Computing elliptic curve a-invariants...
2022-01-12 12:18:32,206 INFO: Finished computation of a-invariants.
2022-01-12 12:18:32,208 INFO: Skipped MW computation because no base point (delta = ['-4', '12', '6', '-28', '-2'])
2022-01-12 12:18:32,208 INFO: Skipped MW computation because no base point (delta = ['-2', '10', '-9', '-20', '27', '2'])
2022-01-12 12:18:32,208 INFO: Computing MW group (delta = ['1'], g = [-1, 2, 1])...
2022-01-12 12:18:34,834 INFO: Finished MW computation (delta = ['1'], g = [-1, 2, 1])
2022-01-12 12:18:34,837 INFO: Computing MW group (delta = ['1'], g = [-4, 3, 14, 1])...
2022-01-14 11:32:18,310 INFO: Loaded curve data from file.
2022-01-14 11:32:18,310 INFO: Reducing MW generators...
2022-01-14 11:32:18,654 INFO: Finished reducing MW generators.
2022-01-14 11:32:18,658 INFO: Skipped Chabauty because no base point (delta = ['-4', '12', '6', '-28', '-2'])
2022-01-14 11:32:18,658 INFO: Skipped Chabauty because no base point (delta = ['-2', '10', '-9', '-20', '27', '2'])
2022-01-14 11:32:18,658 INFO: Skipped Chabauty because rank >= degree(g). (delta = ['1'], g = [-1, 2, 1])
2022-01-14 11:32:18,658 INFO: Skipped Chabauty because MW generators haven't been computed. (delta = ['1'], g = [-4, 3, 14, 1])
2022-01-14 11:32:18,658 INFO: Skipped Chabauty because no base point (delta = ['-8', '32', '-8', '-75', '48', '3'])
2022-01-14 11:32:18,658 INFO: Skipped Chabauty because MW generators haven't been computed. (delta = ['-1', '6', '-2', '-14', '-1'], g = [-1, 2, 1])
2022-01-14 11:32:18,658 INFO: Skipped Chabauty because MW generators haven't been computed. (delta = ['-1', '6', '-2', '-14', '-1'], g = [-4, 3, 14, 1])
2022-01-14 11:32:18,658 INFO: Skipped Chabauty because no base point (delta = ['8', '-22', '-47/2', '59', '32', '2'])
2022-01-14 11:32:18,658 INFO: Skipped Chabauty because MW generators haven't been computed. (delta = ['4', '-12', '-12', '30', '16', '1'], g = [-1, 2, 1])
2022-01-14 11:32:18,658 INFO: Skipped Chabauty because MW generators haven't been computed. (delta = ['4', '-12', '-12', '30', '16', '1'], g = [-4, 3, 14, 1])
2022-01-14 11:32:18,658 INFO: Skipped Chabauty because MW generators haven't been computed. (delta = ['2', '-6', '-5', '15', '8', '1/2'], g = [-1, 2, 1])
2022-01-14 11:32:18,659 INFO: Skipped Chabauty because MW generators haven't been computed. (delta = ['2', '-6', '-5', '15', '8', '1/2'], g = [-4, 3, 14, 1])
2022-01-14 11:32:18,777 INFO: Tasks complete. Recording data and exiting.
2022-02-12 16:50:47,115 INFO: Loaded curve data from file.
2022-02-12 16:50:47,115 INFO: Computing elliptic Chabauty map... (delta = ['1'], g = [-1, 2, 1])
2022-02-12 16:50:58,983 INFO: Elliptic Chabauty map computed. (delta = ['1'], g = [-1, 2, 1])
2022-02-12 16:50:58,988 INFO: Computing elliptic Chabauty map... (delta = ['1'], g = [-4, 3, 14, 1])
2022-02-12 16:51:11,060 INFO: Elliptic Chabauty map computed. (delta = ['1'], g = [-4, 3, 14, 1])
2022-02-12 16:51:11,063 INFO: Computing elliptic Chabauty map... (delta = ['-1', '6', '-2', '-14', '-1'], g = [-1, 2, 1])
2022-02-12 16:51:22,529 INFO: Elliptic Chabauty map computed. (delta = ['-1', '6', '-2', '-14', '-1'], g = [-1, 2, 1])
2022-02-12 16:51:22,532 INFO: Computing elliptic Chabauty map... (delta = ['-1', '6', '-2', '-14', '-1'], g = [-4, 3, 14, 1])
2022-02-12 16:51:34,558 INFO: Elliptic Chabauty map computed. (delta = ['-1', '6', '-2', '-14', '-1'], g = [-4, 3, 14, 1])
2022-02-12 16:51:34,562 INFO: Computing elliptic Chabauty map... (delta = ['4', '-12', '-12', '30', '16', '1'], g = [-1, 2, 1])
2022-02-12 16:51:46,227 INFO: Elliptic Chabauty map computed. (delta = ['4', '-12', '-12', '30', '16', '1'], g = [-1, 2, 1])
2022-02-12 16:51:46,231 INFO: Computing elliptic Chabauty map... (delta = ['4', '-12', '-12', '30', '16', '1'], g = [-4, 3, 14, 1])
2022-02-12 16:51:58,167 INFO: Elliptic Chabauty map computed. (delta = ['4', '-12', '-12', '30', '16', '1'], g = [-4, 3, 14, 1])
2022-02-12 16:51:58,170 INFO: Computing elliptic Chabauty map... (delta = ['2', '-6', '-5', '15', '8', '1/2'], g = [-1, 2, 1])
2022-02-12 16:52:09,763 INFO: Elliptic Chabauty map computed. (delta = ['2', '-6', '-5', '15', '8', '1/2'], g = [-1, 2, 1])
2022-02-12 16:52:09,767 INFO: Computing elliptic Chabauty map... (delta = ['2', '-6', '-5', '15', '8', '1/2'], g = [-4, 3, 14, 1])
2022-02-12 16:52:21,752 INFO: Elliptic Chabauty map computed. (delta = ['2', '-6', '-5', '15', '8', '1/2'], g = [-4, 3, 14, 1])
2022-02-12 16:52:21,755 INFO: Tasks complete. Recording data and exiting.
