2022-02-01 12:33:51,686 INFO: Initialized curve data.
2022-02-01 12:33:51,691 INFO: Setting up initial twist data...
2022-02-01 12:33:52,659 INFO: Twist setup complete.
2022-02-01 12:33:52,659 INFO: Searching for rational points on each twist...
2022-02-01 12:33:54,636 INFO: Finished searching for rational points on each twist.
2022-02-01 12:33:54,636 INFO: Testing local solvability of twists...
2022-02-01 12:33:54,642 INFO: Finished local solvability testing.
2022-02-01 12:33:54,643 INFO: Computing elliptic curve a-invariants...
2022-02-01 12:34:01,098 INFO: Finished computation of a-invariants.
2022-02-01 12:34:01,101 INFO: Computing MW group (delta = ['8', '-10', '-9', '5', '9', '1'], g = [7, -9, -9, 5, 9, 1])...
2022-02-01 12:36:05,783 INFO: Finished MW computation (delta = ['8', '-10', '-9', '5', '9', '1'], g = [7, -9, -9, 5, 9, 1])
2022-02-01 12:36:05,787 INFO: Computing MW group (delta = ['2', '-1'], g = [7, -9, -9, 5, 9, 1])...
2022-02-01 12:37:23,459 INFO: Finished MW computation (delta = ['2', '-1'], g = [7, -9, -9, 5, 9, 1])
2022-02-01 12:37:23,463 INFO: Computing MW group (delta = ['9', '-12', '-8', '5', '9', '1'], g = [7, -9, -9, 5, 9, 1])...
2022-02-02 04:48:17,095 INFO: Loaded curve data from file.
2022-02-02 04:48:17,095 INFO: Reducing MW generators...
2022-02-02 04:48:17,496 INFO: Finished reducing MW generators.
2022-02-02 04:48:17,499 INFO: Skipped Chabauty because MW group hasn't been provably computed. (delta = ['8', '-10', '-9', '5', '9', '1'], g = [7, -9, -9, 5, 9, 1])
2022-02-02 04:48:17,499 INFO: Skipped Chabauty because MW group hasn't been provably computed. (delta = ['2', '-1'], g = [7, -9, -9, 5, 9, 1])
2022-02-02 04:48:17,499 INFO: Skipped Chabauty because MW generators haven't been computed. (delta = ['9', '-12', '-8', '5', '9', '1'], g = [7, -9, -9, 5, 9, 1])
2022-02-02 04:48:17,499 INFO: Skipped Chabauty because MW generators haven't been computed. (delta = ['1'], g = [7, -9, -9, 5, 9, 1])
2022-02-02 04:48:17,500 INFO: Tasks complete. Recording data and exiting.
2022-02-12 17:13:50,617 INFO: Loaded curve data from file.
2022-02-12 17:13:50,617 INFO: Computing elliptic Chabauty map... (delta = ['8', '-10', '-9', '5', '9', '1'], g = [7, -9, -9, 5, 9, 1])
2022-02-12 17:14:03,362 INFO: Elliptic Chabauty map computed. (delta = ['8', '-10', '-9', '5', '9', '1'], g = [7, -9, -9, 5, 9, 1])
2022-02-12 17:14:03,364 INFO: Computing elliptic Chabauty map... (delta = ['2', '-1'], g = [7, -9, -9, 5, 9, 1])
2022-02-12 17:14:15,798 INFO: Elliptic Chabauty map computed. (delta = ['2', '-1'], g = [7, -9, -9, 5, 9, 1])
2022-02-12 17:14:15,800 INFO: Computing elliptic Chabauty map... (delta = ['9', '-12', '-8', '5', '9', '1'], g = [7, -9, -9, 5, 9, 1])
2022-02-12 17:14:28,254 INFO: Elliptic Chabauty map computed. (delta = ['9', '-12', '-8', '5', '9', '1'], g = [7, -9, -9, 5, 9, 1])
2022-02-12 17:14:28,256 INFO: Computing elliptic Chabauty map... (delta = ['1'], g = [7, -9, -9, 5, 9, 1])
2022-02-12 17:14:40,608 INFO: Elliptic Chabauty map computed. (delta = ['1'], g = [7, -9, -9, 5, 9, 1])
2022-02-12 17:14:40,611 INFO: Tasks complete. Recording data and exiting.
