2022-01-12 12:21:09,874 INFO: Initialized curve data.
2022-01-12 12:21:09,877 INFO: Setting up initial twist data...
2022-01-12 12:21:10,889 INFO: Twist setup complete.
2022-01-12 12:21:10,889 INFO: Searching for rational points on each twist...
2022-01-12 12:21:12,651 INFO: Finished searching for rational points on each twist.
2022-01-12 12:21:12,651 INFO: Testing local solvability of twists...
2022-01-12 12:21:12,657 INFO: Finished local solvability testing.
2022-01-12 12:21:12,658 INFO: Computing elliptic curve a-invariants...
2022-01-12 12:21:26,159 INFO: Finished computation of a-invariants.
2022-01-12 12:21:26,162 INFO: Computing MW group (delta = ['-25', '32', '17', '-24', '2', '2'], g = [-12, 16, 8, -12, 1, 1])...
2022-01-12 12:34:37,815 INFO: Finished MW computation (delta = ['-25', '32', '17', '-24', '2', '2'], g = [-12, 16, 8, -12, 1, 1])
2022-01-12 12:34:37,821 INFO: Computing MW group (delta = ['-13', '15', '8', '-12', '1', '1'], g = [-12, 16, 8, -12, 1, 1])...
2022-01-12 12:35:35,995 INFO: Finished MW computation (delta = ['-13', '15', '8', '-12', '1', '1'], g = [-12, 16, 8, -12, 1, 1])
2022-01-12 12:35:35,999 INFO: Computing MW group (delta = ['1'], g = [-12, 16, 8, -12, 1, 1])...
2022-01-12 13:10:46,916 INFO: Finished MW computation (delta = ['1'], g = [-12, 16, 8, -12, 1, 1])
2022-01-12 13:10:46,922 INFO: Computing MW group (delta = ['193', '-255', '-129', '191', '-16', '-16'], g = [-12, 16, 8, -12, 1, 1])...
2022-01-12 13:11:46,996 INFO: Finished MW computation (delta = ['193', '-255', '-129', '191', '-16', '-16'], g = [-12, 16, 8, -12, 1, 1])
2022-01-12 13:11:47,003 INFO: Reducing MW generators...
2022-01-12 13:11:50,654 INFO: Finished reducing MW generators.
2022-01-12 13:11:50,656 INFO: Tasks complete. Recording data and exiting.
