2022-01-11 15:19:07,446 INFO: Initialized curve data.
2022-01-11 15:19:07,450 INFO: Setting up initial twist data...
2022-01-11 15:19:08,788 INFO: Twist setup complete.
2022-01-11 15:19:08,788 INFO: Searching for rational points on each twist...
2022-01-11 15:19:10,830 INFO: Finished searching for rational points on each twist.
2022-01-11 15:19:10,831 INFO: Testing local solvability of twists...
2022-01-11 15:19:10,836 INFO: Finished local solvability testing.
2022-01-11 15:19:10,837 INFO: Computing elliptic curve a-invariants...
2022-01-11 15:19:20,554 INFO: Finished computation of a-invariants.
2022-01-11 15:19:20,555 INFO: Computing MW group (delta = ['-1', '-1'], g = [12, 12, 4, 0, -4, 1])...
2022-01-11 15:21:45,893 INFO: Finished MW computation (delta = ['-1', '-1'], g = [12, 12, 4, 0, -4, 1])
2022-01-11 15:21:45,895 INFO: Computing MW group (delta = ['1'], g = [12, 12, 4, 0, -4, 1])...
2022-01-11 15:30:23,345 INFO: Finished MW computation (delta = ['1'], g = [12, 12, 4, 0, -4, 1])
2022-01-11 15:30:23,347 INFO: Computing MW group (delta = ['-12', '-11', '-3', '0', '4', '-1'], g = [12, 12, 4, 0, -4, 1])...
2022-01-11 15:34:56,905 INFO: Finished MW computation (delta = ['-12', '-11', '-3', '0', '4', '-1'], g = [12, 12, 4, 0, -4, 1])
2022-01-11 15:34:56,907 INFO: Computing MW group (delta = ['12', '11', '4', '0', '-4', '1'], g = [12, 12, 4, 0, -4, 1])...
2022-01-11 15:52:19,912 INFO: Finished MW computation (delta = ['12', '11', '4', '0', '-4', '1'], g = [12, 12, 4, 0, -4, 1])
2022-01-11 15:52:19,917 INFO: Reducing MW generators...
2022-01-11 15:52:23,678 INFO: Finished reducing MW generators.
2022-01-11 15:52:23,680 INFO: Tasks complete. Recording data and exiting.
