2022-01-11 12:33:48,398 INFO: Initialized curve data.
2022-01-11 12:33:48,400 INFO: Setting up initial twist data...
2022-01-11 12:33:49,593 INFO: Twist setup complete.
2022-01-11 12:33:49,593 INFO: Searching for rational points on each twist...
2022-01-11 12:33:52,881 INFO: Finished searching for rational points on each twist.
2022-01-11 12:33:52,881 INFO: Testing local solvability of twists...
2022-01-11 12:34:07,006 INFO: Finished local solvability testing.
2022-01-11 12:34:07,007 INFO: Computing elliptic curve a-invariants...
2022-01-11 12:34:13,796 INFO: Finished computation of a-invariants.
2022-01-11 12:34:13,798 INFO: Computing MW group (delta = ['-32', '-16', '-3', '-34', '-32', '-8'], g = [16, 9, 2, 17, 16, 4])...
2022-01-11 12:35:33,893 INFO: Finished MW computation (delta = ['-32', '-16', '-3', '-34', '-32', '-8'], g = [16, 9, 2, 17, 16, 4])
2022-01-11 12:35:33,895 INFO: Computing MW group (delta = ['64', '32', '4', '67', '64', '16'], g = [16, 9, 2, 17, 16, 4])...
2022-01-11 12:52:10,438 INFO: Finished MW computation (delta = ['64', '32', '4', '67', '64', '16'], g = [16, 9, 2, 17, 16, 4])
2022-01-11 12:52:10,441 INFO: Computing MW group (delta = ['1'], g = [16, 9, 2, 17, 16, 4])...
2022-01-11 12:58:05,991 INFO: Finished MW computation (delta = ['1'], g = [16, 9, 2, 17, 16, 4])
2022-01-11 12:58:05,993 INFO: Skipped MW computation because no base point (delta = ['-2', '-1'])
2022-01-11 12:58:05,995 INFO: Reducing MW generators...
2022-01-11 12:58:09,248 INFO: Finished reducing MW generators.
2022-01-11 12:58:09,250 INFO: Tasks complete. Recording data and exiting.
2022-01-13 17:36:57,504 INFO: Loaded curve data from file.
2022-01-13 17:36:57,505 INFO: Running elliptic Chabauty (delta = ['-32', '-16', '-3', '-34', '-32', '-8'], g = [16, 9, 2, 17, 16, 4])...
2022-01-13 17:37:15,719 INFO: Chabauty completed successfully (delta = ['-32', '-16', '-3', '-34', '-32', '-8'], g = [16, 9, 2, 17, 16, 4]).
2022-01-13 17:37:15,722 INFO: Running elliptic Chabauty (delta = ['64', '32', '4', '67', '64', '16'], g = [16, 9, 2, 17, 16, 4])...
2022-01-13 18:08:42,798 INFO: Chabauty completed successfully (delta = ['64', '32', '4', '67', '64', '16'], g = [16, 9, 2, 17, 16, 4]).
2022-01-13 18:08:42,801 INFO: Skipped Chabauty because MW group hasn't been provably computed. (delta = ['1'], g = [16, 9, 2, 17, 16, 4])
2022-01-13 18:08:42,801 INFO: Skipped Chabauty because no base point (delta = ['-2', '-1'])
2022-01-13 18:08:42,929 INFO: Tasks complete. Recording data and exiting.
