2022-02-01 12:30:12,293 INFO: Initialized curve data.
2022-02-01 12:30:12,296 INFO: Setting up initial twist data...
2022-02-01 12:30:13,295 INFO: Twist setup complete.
2022-02-01 12:30:13,295 INFO: Searching for rational points on each twist...
2022-02-01 12:30:15,024 INFO: Finished searching for rational points on each twist.
2022-02-01 12:30:15,024 INFO: Testing local solvability of twists...
2022-02-01 12:30:15,030 INFO: Finished local solvability testing.
2022-02-01 12:30:15,032 INFO: Computing elliptic curve a-invariants...
2022-02-01 12:30:35,591 INFO: Finished computation of a-invariants.
2022-02-01 12:30:35,593 INFO: Computing MW group (delta = ['-4', '-4', '-3', '0', '8', '4'], g = [-4, -5, -4, 0, 8, 4])...
2022-02-01 12:34:01,128 INFO: Finished MW computation (delta = ['-4', '-4', '-3', '0', '8', '4'], g = [-4, -5, -4, 0, 8, 4])
2022-02-01 12:34:01,130 INFO: Computing MW group (delta = ['4', '4', '3', '1', '-7', '-4'], g = [-4, -5, -4, 0, 8, 4])...
2022-02-01 12:35:00,116 INFO: Finished MW computation (delta = ['4', '4', '3', '1', '-7', '-4'], g = [-4, -5, -4, 0, 8, 4])
2022-02-01 12:35:00,120 INFO: Computing MW group (delta = ['-1', '0', '1'], g = [-4, -5, -4, 0, 8, 4])...
2022-02-01 12:36:26,815 INFO: Finished MW computation (delta = ['-1', '0', '1'], g = [-4, -5, -4, 0, 8, 4])
2022-02-01 12:36:26,818 INFO: Computing MW group (delta = ['1'], g = [-4, -5, -4, 0, 8, 4])...
2022-02-01 12:39:54,493 INFO: Finished MW computation (delta = ['1'], g = [-4, -5, -4, 0, 8, 4])
2022-02-01 12:39:54,497 INFO: Reducing MW generators...
2022-02-01 12:39:58,490 INFO: Finished reducing MW generators.
2022-02-01 12:39:58,493 INFO: Tasks complete. Recording data and exiting.
