2022-01-12 12:23:47,113 INFO: Initialized curve data.
2022-01-12 12:23:47,118 INFO: Setting up initial twist data...
2022-01-12 12:23:49,343 INFO: Twist setup complete.
2022-01-12 12:23:49,343 INFO: Searching for rational points on each twist...
2022-01-12 12:23:53,646 INFO: Finished searching for rational points on each twist.
2022-01-12 12:23:53,646 INFO: Testing local solvability of twists...
2022-01-12 12:24:32,532 INFO: Finished local solvability testing.
2022-01-12 12:24:32,534 INFO: Computing elliptic curve a-invariants...
2022-01-12 12:24:40,805 INFO: Finished computation of a-invariants.
2022-01-12 12:24:40,808 INFO: Computing MW group (delta = ['-16', '18', '17', '-40', '-20'], g = [2, 1])...
2022-01-12 12:24:41,345 INFO: Finished MW computation (delta = ['-16', '18', '17', '-40', '-20'], g = [2, 1])
2022-01-12 12:24:41,348 INFO: Computing MW group (delta = ['-16', '18', '17', '-40', '-20'], g = [4, -4, -4, 10, 5])...
2022-01-12 12:25:25,711 INFO: Finished MW computation (delta = ['-16', '18', '17', '-40', '-20'], g = [4, -4, -4, 10, 5])
2022-01-12 12:25:25,716 INFO: Computing MW group (delta = ['-1', '1', '1'], g = [2, 1])...
2022-01-12 12:25:26,360 INFO: Finished MW computation (delta = ['-1', '1', '1'], g = [2, 1])
2022-01-12 12:25:26,363 INFO: Computing MW group (delta = ['-1', '1', '1'], g = [4, -4, -4, 10, 5])...
2022-01-12 12:25:54,723 INFO: Finished MW computation (delta = ['-1', '1', '1'], g = [4, -4, -4, 10, 5])
2022-01-12 12:25:54,726 INFO: Computing MW group (delta = ['16', '-2', '-31', '27', '61', '20'], g = [2, 1])...
2022-01-12 12:25:55,152 INFO: Finished MW computation (delta = ['16', '-2', '-31', '27', '61', '20'], g = [2, 1])
2022-01-12 12:25:55,154 INFO: Computing MW group (delta = ['16', '-2', '-31', '27', '61', '20'], g = [4, -4, -4, 10, 5])...
2022-01-12 12:26:52,204 INFO: Finished MW computation (delta = ['16', '-2', '-31', '27', '61', '20'], g = [4, -4, -4, 10, 5])
2022-01-12 12:26:52,208 INFO: Skipped MW computation because no base point (delta = ['128', '-48', '-206', '243', '361', '100'])
2022-01-12 12:26:52,208 INFO: Computing MW group (delta = ['1'], g = [2, 1])...
2022-01-12 12:26:52,664 INFO: Finished MW computation (delta = ['1'], g = [2, 1])
2022-01-12 12:26:52,666 INFO: Computing MW group (delta = ['1'], g = [4, -4, -4, 10, 5])...
2022-01-12 12:27:29,513 INFO: Finished MW computation (delta = ['1'], g = [4, -4, -4, 10, 5])
2022-01-12 12:27:29,517 INFO: Unable to use elliptic Chabauty on twist (delta = ['1'])
2022-01-12 12:27:29,520 INFO: Obstruction found to provably computing rational points. Exiting.
2022-01-14 11:32:29,646 INFO: Loaded curve data from file.
2022-01-14 11:32:29,646 INFO: Obstruction already found. Exiting.
