2022-01-14 12:17:18,571 INFO: Initialized curve data.
2022-01-14 12:17:18,573 INFO: Setting up initial twist data...
2022-01-14 12:17:19,571 INFO: Twist setup complete.
2022-01-14 12:17:19,571 INFO: Searching for rational points on each twist...
2022-01-14 12:17:21,031 INFO: Finished searching for rational points on each twist.
2022-01-14 12:17:21,032 INFO: Testing local solvability of twists...
2022-01-14 12:17:21,037 INFO: Finished local solvability testing.
2022-01-14 12:17:21,038 INFO: Computing elliptic curve a-invariants...
2022-01-14 12:17:32,388 INFO: Finished computation of a-invariants.
2022-01-14 12:17:32,390 INFO: Computing MW group (delta = ['16', '31', '-51', '0', '1', '1'], g = [16, 32, -52, 0, 1, 1])...
2022-01-14 12:21:33,742 INFO: Finished MW computation (delta = ['16', '31', '-51', '0', '1', '1'], g = [16, 32, -52, 0, 1, 1])
2022-01-14 12:21:33,746 INFO: Computing MW group (delta = ['8/5', '-12/5', '1'], g = [16, 32, -52, 0, 1, 1])...
2022-01-14 12:22:32,024 INFO: Finished MW computation (delta = ['8/5', '-12/5', '1'], g = [16, 32, -52, 0, 1, 1])
2022-01-14 12:22:32,027 INFO: Computing MW group (delta = ['16/5', '24/5', '-32/5', '-17/5', '6/5', '1/5'], g = [16, 32, -52, 0, 1, 1])...
2022-01-14 12:24:31,731 INFO: Finished MW computation (delta = ['16/5', '24/5', '-32/5', '-17/5', '6/5', '1/5'], g = [16, 32, -52, 0, 1, 1])
2022-01-14 12:24:31,734 INFO: Computing MW group (delta = ['1'], g = [16, 32, -52, 0, 1, 1])...
2022-01-14 12:25:31,337 INFO: Finished MW computation (delta = ['1'], g = [16, 32, -52, 0, 1, 1])
2022-01-14 12:25:31,464 INFO: Reducing MW generators...
2022-01-14 12:25:32,347 INFO: Finished reducing MW generators.
2022-01-14 12:25:32,351 INFO: Tasks complete. Recording data and exiting.
