2022-01-01 12:50:41,806 INFO: Initialized curve data.
2022-01-01 12:50:41,809 INFO: Setting up initial twist data...
2022-01-01 12:50:43,442 INFO: Twist setup complete.
2022-01-01 12:50:43,442 INFO: Searching for rational points on each twist...
2022-01-01 12:50:45,992 INFO: Finished searching for rational points on each twist.
2022-01-01 12:50:45,992 INFO: Testing local solvability of twists...
2022-01-01 12:51:07,536 INFO: Finished local solvability testing.
2022-01-01 12:51:07,538 INFO: Computing elliptic curve a-invariants...
2022-01-01 12:51:12,670 INFO: Finished computation of a-invariants.
2022-01-01 12:51:12,672 INFO: Computing MW group (delta = ['17', '-8', '-20', '-1', '1', '-1'], g = [-1, 1, 1])...
2022-01-01 12:51:16,332 INFO: Finished MW computation (delta = ['17', '-8', '-20', '-1', '1', '-1'], g = [-1, 1, 1])
2022-01-01 12:51:16,335 INFO: Computing MW group (delta = ['17', '-8', '-20', '-1', '1', '-1'], g = [15, 4, -2, 1])...
2022-01-01 12:51:42,795 INFO: Finished MW computation (delta = ['17', '-8', '-20', '-1', '1', '-1'], g = [15, 4, -2, 1])
2022-01-01 12:51:42,799 INFO: Computing MW group (delta = ['32', '-21', '-44', '-3', '2', '-2'], g = [-1, 1, 1])...
2022-01-01 12:51:46,104 INFO: Finished MW computation (delta = ['32', '-21', '-44', '-3', '2', '-2'], g = [-1, 1, 1])
2022-01-01 12:51:46,107 INFO: Computing MW group (delta = ['32', '-21', '-44', '-3', '2', '-2'], g = [15, 4, -2, 1])...
2022-01-01 12:52:13,455 INFO: Finished MW computation (delta = ['32', '-21', '-44', '-3', '2', '-2'], g = [15, 4, -2, 1])
2022-01-01 12:52:13,459 INFO: Computing MW group (delta = ['1'], g = [-1, 1, 1])...
2022-01-01 12:52:15,570 INFO: Finished MW computation (delta = ['1'], g = [-1, 1, 1])
2022-01-01 12:52:15,573 INFO: Computing MW group (delta = ['1'], g = [15, 4, -2, 1])...
2022-01-01 12:52:25,937 INFO: Finished MW computation (delta = ['1'], g = [15, 4, -2, 1])
2022-01-01 12:52:25,940 INFO: Obstruction found to provably computing rational points. Exiting.
2022-01-03 13:14:57,000 INFO: Obsolete "loc_solv_error" keys removed.
2022-01-10 22:39:03,207 INFO: Loaded curve data from file.
2022-01-10 22:39:03,208 INFO: Obstruction already found. Exiting.
2022-02-12 17:49:36,100 INFO: Loaded curve data from file.
2022-02-12 17:49:36,100 INFO: Computing elliptic Chabauty map... (delta = ['17', '-8', '-20', '-1', '1', '-1'], g = [-1, 1, 1])
2022-02-12 17:49:39,006 INFO: Elliptic Chabauty map computed. (delta = ['17', '-8', '-20', '-1', '1', '-1'], g = [-1, 1, 1])
2022-02-12 17:49:39,009 INFO: Computing elliptic Chabauty map... (delta = ['17', '-8', '-20', '-1', '1', '-1'], g = [15, 4, -2, 1])
2022-02-12 17:49:41,838 INFO: Elliptic Chabauty map computed. (delta = ['17', '-8', '-20', '-1', '1', '-1'], g = [15, 4, -2, 1])
2022-02-12 17:49:41,841 INFO: Computing elliptic Chabauty map... (delta = ['32', '-21', '-44', '-3', '2', '-2'], g = [-1, 1, 1])
2022-02-12 17:49:44,549 INFO: Elliptic Chabauty map computed. (delta = ['32', '-21', '-44', '-3', '2', '-2'], g = [-1, 1, 1])
2022-02-12 17:49:44,552 INFO: Computing elliptic Chabauty map... (delta = ['32', '-21', '-44', '-3', '2', '-2'], g = [15, 4, -2, 1])
2022-02-12 17:49:47,394 INFO: Elliptic Chabauty map computed. (delta = ['32', '-21', '-44', '-3', '2', '-2'], g = [15, 4, -2, 1])
2022-02-12 17:49:47,398 INFO: Computing elliptic Chabauty map... (delta = ['1'], g = [-1, 1, 1])
2022-02-12 17:49:50,053 INFO: Elliptic Chabauty map computed. (delta = ['1'], g = [-1, 1, 1])
2022-02-12 17:49:50,058 INFO: Computing elliptic Chabauty map... (delta = ['1'], g = [15, 4, -2, 1])
2022-02-12 17:49:52,867 INFO: Elliptic Chabauty map computed. (delta = ['1'], g = [15, 4, -2, 1])
2022-02-12 17:49:52,872 INFO: Computing elliptic Chabauty map... (delta = ['-242', '173', '337', '19', '-15', '16'], g = [-1, 1, 1])
2022-02-12 17:49:55,623 INFO: Elliptic Chabauty map computed. (delta = ['-242', '173', '337', '19', '-15', '16'], g = [-1, 1, 1])
2022-02-12 17:49:55,628 INFO: Computing elliptic Chabauty map... (delta = ['-242', '173', '337', '19', '-15', '16'], g = [15, 4, -2, 1])
2022-02-12 17:49:58,546 INFO: Elliptic Chabauty map computed. (delta = ['-242', '173', '337', '19', '-15', '16'], g = [15, 4, -2, 1])
2022-02-12 17:49:58,552 INFO: Computing elliptic Chabauty map... (delta = ['-16', '10', '21', '1', '-1', '1'], g = [-1, 1, 1])
2022-02-12 17:50:01,229 INFO: Elliptic Chabauty map computed. (delta = ['-16', '10', '21', '1', '-1', '1'], g = [-1, 1, 1])
2022-02-12 17:50:01,235 INFO: Computing elliptic Chabauty map... (delta = ['-16', '10', '21', '1', '-1', '1'], g = [15, 4, -2, 1])
2022-02-12 17:50:04,034 INFO: Elliptic Chabauty map computed. (delta = ['-16', '10', '21', '1', '-1', '1'], g = [15, 4, -2, 1])
2022-02-12 17:50:04,041 INFO: Computing elliptic Chabauty map... (delta = ['-31', '22', '43', '2', '-2', '2'], g = [-1, 1, 1])
2022-02-12 17:50:06,746 INFO: Elliptic Chabauty map computed. (delta = ['-31', '22', '43', '2', '-2', '2'], g = [-1, 1, 1])
2022-02-12 17:50:06,753 INFO: Computing elliptic Chabauty map... (delta = ['-31', '22', '43', '2', '-2', '2'], g = [15, 4, -2, 1])
2022-02-12 17:50:09,568 INFO: Elliptic Chabauty map computed. (delta = ['-31', '22', '43', '2', '-2', '2'], g = [15, 4, -2, 1])
2022-02-12 17:50:09,575 INFO: Tasks complete. Recording data and exiting.
