2022-01-01 12:50:55,847 INFO: Initialized curve data.
2022-01-01 12:50:55,850 INFO: Setting up initial twist data...
2022-01-01 12:50:56,799 INFO: Twist setup complete.
2022-01-01 12:50:56,799 INFO: Searching for rational points on each twist...
2022-01-01 12:50:57,588 INFO: Finished searching for rational points on each twist.
2022-01-01 12:50:57,588 INFO: Testing local solvability of twists...
2022-01-01 12:50:58,743 INFO: Finished local solvability testing.
2022-01-01 12:50:58,745 INFO: Computing elliptic curve a-invariants...
2022-01-01 12:51:25,879 INFO: Finished computation of a-invariants.
2022-01-01 12:51:25,881 INFO: Computing MW group (delta = ['4', '-1', '-16', '-12', '0', '1'], g = [4, 0, -16, -12, 0, 1])...
2022-01-01 12:52:06,888 INFO: Finished MW computation (delta = ['4', '-1', '-16', '-12', '0', '1'], g = [4, 0, -16, -12, 0, 1])
2022-01-01 12:52:06,892 INFO: Computing MW group (delta = ['-4', '1', '17', '12', '0', '-1'], g = [4, 0, -16, -12, 0, 1])...
2022-01-01 12:54:59,188 INFO: Finished MW computation (delta = ['-4', '1', '17', '12', '0', '-1'], g = [4, 0, -16, -12, 0, 1])
2022-01-01 12:54:59,195 INFO: Skipped MW computation because no base point (delta = ['-16', '0', '63', '47', '0', '-4'])
2022-01-01 12:54:59,195 INFO: Computing MW group (delta = ['1'], g = [4, 0, -16, -12, 0, 1])...
2022-01-01 13:01:13,690 INFO: Finished MW computation (delta = ['1'], g = [4, 0, -16, -12, 0, 1])
2022-01-01 13:01:13,695 INFO: Obstruction found to provably computing rational points. Exiting.
2022-01-03 13:14:57,000 INFO: Obsolete "loc_solv_error" keys removed.
2022-01-10 22:39:11,969 INFO: Loaded curve data from file.
2022-01-10 22:39:11,970 INFO: Obstruction already found. Exiting.
2022-02-12 16:49:29,605 INFO: Loaded curve data from file.
2022-02-12 16:49:29,605 INFO: Computing elliptic Chabauty map... (delta = ['4', '-1', '-16', '-12', '0', '1'], g = [4, 0, -16, -12, 0, 1])
2022-02-12 16:49:45,559 INFO: Elliptic Chabauty map computed. (delta = ['4', '-1', '-16', '-12', '0', '1'], g = [4, 0, -16, -12, 0, 1])
2022-02-12 16:49:45,563 INFO: Computing elliptic Chabauty map... (delta = ['-4', '1', '17', '12', '0', '-1'], g = [4, 0, -16, -12, 0, 1])
2022-02-12 16:50:01,210 INFO: Elliptic Chabauty map computed. (delta = ['-4', '1', '17', '12', '0', '-1'], g = [4, 0, -16, -12, 0, 1])
2022-02-12 16:50:01,213 INFO: Computing elliptic Chabauty map... (delta = ['1'], g = [4, 0, -16, -12, 0, 1])
2022-02-12 16:50:17,805 INFO: Elliptic Chabauty map computed. (delta = ['1'], g = [4, 0, -16, -12, 0, 1])
2022-02-12 16:50:17,809 INFO: Tasks complete. Recording data and exiting.
