2022-01-12 12:14:57,673 INFO: Initialized curve data.
2022-01-12 12:14:57,676 INFO: Setting up initial twist data...
2022-01-12 12:14:58,801 INFO: Twist setup complete.
2022-01-12 12:14:58,801 INFO: Searching for rational points on each twist...
2022-01-12 12:15:01,834 INFO: Finished searching for rational points on each twist.
2022-01-12 12:15:01,835 INFO: Testing local solvability of twists...
2022-01-12 12:15:21,526 INFO: Finished local solvability testing.
2022-01-12 12:15:21,528 INFO: Computing elliptic curve a-invariants...
2022-01-12 12:15:26,135 INFO: Finished computation of a-invariants.
2022-01-12 12:15:26,138 INFO: Computing MW group (delta = ['4/3', '44/3', '124/3', '4', '-184/3', '16'], g = [-1, -2, 1])...
2022-01-12 12:15:27,693 INFO: Finished MW computation (delta = ['4/3', '44/3', '124/3', '4', '-184/3', '16'], g = [-1, -2, 1])
2022-01-12 12:15:27,697 INFO: Computing MW group (delta = ['4/3', '44/3', '124/3', '4', '-184/3', '16'], g = [4, 9, -14, 3])...
2022-01-12 14:08:53,666 INFO: Finished MW computation (delta = ['4/3', '44/3', '124/3', '4', '-184/3', '16'], g = [4, 9, -14, 3])
2022-01-12 14:08:53,672 INFO: Computing MW group (delta = ['-4/3', '-16/3', '1/3', '29/3', '-17/3', '1'], g = [-1, -2, 1])...
2022-01-12 14:08:54,506 INFO: Finished MW computation (delta = ['-4/3', '-16/3', '1/3', '29/3', '-17/3', '1'], g = [-1, -2, 1])
2022-01-12 14:08:54,509 INFO: Computing MW group (delta = ['-4/3', '-16/3', '1/3', '29/3', '-17/3', '1'], g = [4, 9, -14, 3])...
2022-01-14 11:32:12,843 INFO: Loaded curve data from file.
2022-01-14 11:32:12,843 INFO: Reducing MW generators...
2022-01-14 11:32:13,309 INFO: Finished reducing MW generators.
2022-01-14 11:32:13,312 INFO: Skipped Chabauty because rank >= degree(g). (delta = ['4/3', '44/3', '124/3', '4', '-184/3', '16'], g = [-1, -2, 1])
2022-01-14 11:32:13,312 INFO: Skipped Chabauty because MW group hasn't been provably computed. (delta = ['4/3', '44/3', '124/3', '4', '-184/3', '16'], g = [4, 9, -14, 3])
2022-01-14 11:32:13,312 INFO: Running elliptic Chabauty (delta = ['-4/3', '-16/3', '1/3', '29/3', '-17/3', '1'], g = [-1, -2, 1])...
2022-01-14 11:32:23,177 INFO: Chabauty completed successfully (delta = ['-4/3', '-16/3', '1/3', '29/3', '-17/3', '1'], g = [-1, -2, 1]).
2022-01-14 11:32:23,180 INFO: Skipped Chabauty because twist points already verified. (delta = ['-4/3', '-16/3', '1/3', '29/3', '-17/3', '1'])
2022-01-14 11:32:23,180 INFO: Skipped Chabauty because no base point (delta = ['-4', '-12', '14', '26', '-30', '6'])
2022-01-14 11:32:23,180 INFO: Skipped Chabauty because no base point (delta = ['1/3', '4', '34/3', '0', '-47/3', '4'])
2022-01-14 11:32:23,180 INFO: Skipped Chabauty because MW generators haven't been computed. (delta = ['1'], g = [-1, -2, 1])
2022-01-14 11:32:23,180 INFO: Skipped Chabauty because MW generators haven't been computed. (delta = ['1'], g = [4, 9, -14, 3])
2022-01-14 11:32:23,180 INFO: Skipped Chabauty because MW generators haven't been computed. (delta = ['4', '16', '1', '-34', '20', '-3'], g = [-1, -2, 1])
2022-01-14 11:32:23,180 INFO: Skipped Chabauty because MW generators haven't been computed. (delta = ['4', '16', '1', '-34', '20', '-3'], g = [4, 9, -14, 3])
2022-01-14 11:32:23,180 INFO: Skipped Chabauty because no base point (delta = ['-1', '2', '10', '-14', '3'])
2022-01-14 11:32:23,180 INFO: Skipped Chabauty because MW generators haven't been computed. (delta = ['-1/3', '-2/3', '1'], g = [-1, -2, 1])
2022-01-14 11:32:23,180 INFO: Skipped Chabauty because MW generators haven't been computed. (delta = ['-1/3', '-2/3', '1'], g = [4, 9, -14, 3])
2022-01-14 11:32:23,362 INFO: Tasks complete. Recording data and exiting.
