2022-01-12 12:23:48,159 INFO: Initialized curve data.
2022-01-12 12:23:48,162 INFO: Setting up initial twist data...
2022-01-12 12:23:49,536 INFO: Twist setup complete.
2022-01-12 12:23:49,536 INFO: Searching for rational points on each twist...
2022-01-12 12:23:51,955 INFO: Finished searching for rational points on each twist.
2022-01-12 12:23:51,955 INFO: Testing local solvability of twists...
2022-01-12 12:23:54,750 INFO: Finished local solvability testing.
2022-01-12 12:23:54,751 INFO: Computing elliptic curve a-invariants...
2022-01-12 12:24:23,792 INFO: Finished computation of a-invariants.
2022-01-12 12:24:23,794 INFO: Skipped MW computation because no base point (delta = ['-1', '0', '1'])
2022-01-12 12:24:23,794 INFO: Computing MW group (delta = ['1'], g = [4, 11, -2, -15, -2, 3])...
2022-01-12 12:26:42,577 INFO: Finished MW computation (delta = ['1'], g = [4, 11, -2, -15, -2, 3])
2022-01-12 12:26:42,580 INFO: Computing MW group (delta = ['4', '12', '-1', '-15', '-2', '3'], g = [4, 11, -2, -15, -2, 3])...
2022-01-12 12:35:43,187 INFO: Finished MW computation (delta = ['4', '12', '-1', '-15', '-2', '3'], g = [4, 11, -2, -15, -2, 3])
2022-01-12 12:35:43,190 INFO: Unable to use elliptic Chabauty on twist (delta = ['4', '12', '-1', '-15', '-2', '3'])
2022-01-12 12:35:43,192 INFO: Obstruction found to provably computing rational points. Exiting.
2022-01-14 11:32:32,207 INFO: Loaded curve data from file.
2022-01-14 11:32:32,207 INFO: Obstruction already found. Exiting.
2022-02-12 17:32:08,835 INFO: Loaded curve data from file.
2022-02-12 17:32:08,835 INFO: Computing elliptic Chabauty map... (delta = ['1'], g = [4, 11, -2, -15, -2, 3])
2022-02-12 17:32:30,413 INFO: Elliptic Chabauty map computed. (delta = ['1'], g = [4, 11, -2, -15, -2, 3])
2022-02-12 17:32:30,415 INFO: Computing elliptic Chabauty map... (delta = ['4', '12', '-1', '-15', '-2', '3'], g = [4, 11, -2, -15, -2, 3])
2022-02-12 17:32:52,049 INFO: Elliptic Chabauty map computed. (delta = ['4', '12', '-1', '-15', '-2', '3'], g = [4, 11, -2, -15, -2, 3])
2022-02-12 17:32:52,051 INFO: Computing elliptic Chabauty map... (delta = ['-4', '-12', '1', '16', '3', '-3'], g = [4, 11, -2, -15, -2, 3])
2022-02-12 17:33:13,709 INFO: Elliptic Chabauty map computed. (delta = ['-4', '-12', '1', '16', '3', '-3'], g = [4, 11, -2, -15, -2, 3])
2022-02-12 17:33:13,712 INFO: Tasks complete. Recording data and exiting.
