2022-01-12 09:25:55,690 INFO: Initialized curve data.
2022-01-12 09:25:55,693 INFO: Setting up initial twist data...
2022-01-12 09:25:56,590 INFO: Twist setup complete.
2022-01-12 09:25:56,591 INFO: Searching for rational points on each twist...
2022-01-12 09:25:58,411 INFO: Finished searching for rational points on each twist.
2022-01-12 09:25:58,412 INFO: Testing local solvability of twists...
2022-01-12 09:25:58,416 INFO: Finished local solvability testing.
2022-01-12 09:25:58,417 INFO: Computing elliptic curve a-invariants...
2022-01-12 09:26:12,510 INFO: Finished computation of a-invariants.
2022-01-12 09:26:12,511 INFO: Computing MW group (delta = ['-4', '-1', '13', '5', '2', '1'], g = [-4, 0, 12, 5, 2, 1])...
2022-01-12 09:31:21,400 INFO: Finished MW computation (delta = ['-4', '-1', '13', '5', '2', '1'], g = [-4, 0, 12, 5, 2, 1])
2022-01-12 09:31:21,403 INFO: Computing MW group (delta = ['1', '-1'], g = [-4, 0, 12, 5, 2, 1])...
2022-01-12 09:39:29,687 INFO: Finished MW computation (delta = ['1', '-1'], g = [-4, 0, 12, 5, 2, 1])
2022-01-12 09:39:29,691 INFO: Computing MW group (delta = ['1'], g = [-4, 0, 12, 5, 2, 1])...
2022-01-12 09:43:45,306 INFO: Finished MW computation (delta = ['1'], g = [-4, 0, 12, 5, 2, 1])
2022-01-12 09:43:45,309 INFO: Computing MW group (delta = ['-4', '-1', '12', '5', '2', '1'], g = [-4, 0, 12, 5, 2, 1])...
2022-01-12 09:51:16,243 INFO: Finished MW computation (delta = ['-4', '-1', '12', '5', '2', '1'], g = [-4, 0, 12, 5, 2, 1])
2022-01-12 09:51:16,250 INFO: Reducing MW generators...
2022-01-12 09:51:20,076 INFO: Finished reducing MW generators.
2022-01-12 09:51:20,079 INFO: Tasks complete. Recording data and exiting.
2022-01-14 09:10:44,042 INFO: Loaded curve data from file.
2022-01-14 09:10:44,043 INFO: Running elliptic Chabauty (delta = ['-4', '-1', '13', '5', '2', '1'], g = [-4, 0, 12, 5, 2, 1])...
2022-01-14 09:10:57,904 INFO: Chabauty completed successfully (delta = ['-4', '-1', '13', '5', '2', '1'], g = [-4, 0, 12, 5, 2, 1]).
2022-01-14 09:10:57,907 INFO: Running elliptic Chabauty (delta = ['1', '-1'], g = [-4, 0, 12, 5, 2, 1])...
2022-01-14 09:11:13,934 INFO: Chabauty completed successfully (delta = ['1', '-1'], g = [-4, 0, 12, 5, 2, 1]).
2022-01-14 09:11:13,937 INFO: Running elliptic Chabauty (delta = ['1'], g = [-4, 0, 12, 5, 2, 1])...
2022-01-14 09:11:30,200 INFO: Chabauty completed successfully (delta = ['1'], g = [-4, 0, 12, 5, 2, 1]).
2022-01-14 09:11:30,202 INFO: Running elliptic Chabauty (delta = ['-4', '-1', '12', '5', '2', '1'], g = [-4, 0, 12, 5, 2, 1])...
2022-01-14 09:11:48,255 INFO: Chabauty completed successfully (delta = ['-4', '-1', '12', '5', '2', '1'], g = [-4, 0, 12, 5, 2, 1]).
2022-01-14 09:11:48,451 INFO: Rational points successfully computed.
2022-01-14 09:11:48,454 INFO: Tasks complete. Recording data and exiting.
