2022-01-12 09:25:19,359 INFO: Initialized curve data.
2022-01-12 09:25:19,361 INFO: Setting up initial twist data...
2022-01-12 09:25:20,632 INFO: Twist setup complete.
2022-01-12 09:25:20,632 INFO: Searching for rational points on each twist...
2022-01-12 09:25:22,579 INFO: Finished searching for rational points on each twist.
2022-01-12 09:25:22,579 INFO: Testing local solvability of twists...
2022-01-12 09:25:22,584 INFO: Finished local solvability testing.
2022-01-12 09:25:22,585 INFO: Computing elliptic curve a-invariants...
2022-01-12 09:25:40,944 INFO: Finished computation of a-invariants.
2022-01-12 09:25:40,946 INFO: Computing MW group (delta = ['4', '-1', '-4', '16', '-8', '1'], g = [4, 0, -4, 16, -8, 1])...
2022-01-12 09:35:13,570 INFO: Finished MW computation (delta = ['4', '-1', '-4', '16', '-8', '1'], g = [4, 0, -4, 16, -8, 1])
2022-01-12 09:35:13,573 INFO: Computing MW group (delta = ['1', '-1'], g = [4, 0, -4, 16, -8, 1])...
2022-01-14 09:10:40,687 INFO: Loaded curve data from file.
2022-01-14 09:10:40,688 INFO: Reducing MW generators...
2022-01-14 09:10:40,852 INFO: Finished reducing MW generators.
2022-01-14 09:10:40,855 INFO: Running elliptic Chabauty (delta = ['4', '-1', '-4', '16', '-8', '1'], g = [4, 0, -4, 16, -8, 1])...
2022-01-14 09:10:56,752 INFO: Chabauty completed successfully (delta = ['4', '-1', '-4', '16', '-8', '1'], g = [4, 0, -4, 16, -8, 1]).
2022-01-14 09:10:56,777 INFO: Skipped Chabauty because MW generators haven't been computed. (delta = ['1', '-1'], g = [4, 0, -4, 16, -8, 1])
2022-01-14 09:10:56,778 INFO: Skipped Chabauty because MW generators haven't been computed. (delta = ['1'], g = [4, 0, -4, 16, -8, 1])
2022-01-14 09:10:56,778 INFO: Skipped Chabauty because MW generators haven't been computed. (delta = ['4', '-1', '-3', '16', '-8', '1'], g = [4, 0, -4, 16, -8, 1])
2022-01-14 09:10:56,829 INFO: Tasks complete. Recording data and exiting.
