2022-01-11 12:29:27,409 INFO: Initialized curve data.
2022-01-11 12:29:27,412 INFO: Setting up initial twist data...
2022-01-11 12:29:28,654 INFO: Twist setup complete.
2022-01-11 12:29:28,655 INFO: Searching for rational points on each twist...
2022-01-11 12:29:30,837 INFO: Finished searching for rational points on each twist.
2022-01-11 12:29:30,837 INFO: Testing local solvability of twists...
2022-01-11 12:29:30,843 INFO: Finished local solvability testing.
2022-01-11 12:29:30,845 INFO: Computing elliptic curve a-invariants...
2022-01-11 12:29:48,120 INFO: Finished computation of a-invariants.
2022-01-11 12:29:48,122 INFO: Computing MW group (delta = ['4', '8', '-13', '-1', '2', '1'], g = [4, 9, -14, -1, 2, 1])...
2022-01-11 12:31:03,350 INFO: Finished MW computation (delta = ['4', '8', '-13', '-1', '2', '1'], g = [4, 9, -14, -1, 2, 1])
2022-01-11 12:31:03,353 INFO: Computing MW group (delta = ['1', '-1'], g = [4, 9, -14, -1, 2, 1])...
2022-01-11 12:32:13,828 INFO: Finished MW computation (delta = ['1', '-1'], g = [4, 9, -14, -1, 2, 1])
2022-01-11 12:32:13,830 INFO: Computing MW group (delta = ['4', '8', '-14', '-1', '2', '1'], g = [4, 9, -14, -1, 2, 1])...
2022-01-11 12:34:58,490 INFO: Finished MW computation (delta = ['4', '8', '-14', '-1', '2', '1'], g = [4, 9, -14, -1, 2, 1])
2022-01-11 12:34:58,492 INFO: Computing MW group (delta = ['1'], g = [4, 9, -14, -1, 2, 1])...
2022-01-11 12:40:35,808 INFO: Finished MW computation (delta = ['1'], g = [4, 9, -14, -1, 2, 1])
2022-01-11 12:40:35,812 INFO: Reducing MW generators...
2022-01-11 12:40:38,583 INFO: Finished reducing MW generators.
2022-01-11 12:40:38,585 INFO: Tasks complete. Recording data and exiting.
2022-01-13 17:36:50,244 INFO: Loaded curve data from file.
2022-01-13 17:36:50,245 INFO: Skipped Chabauty because MW group hasn't been provably computed. (delta = ['4', '8', '-13', '-1', '2', '1'], g = [4, 9, -14, -1, 2, 1])
2022-01-13 17:36:50,245 INFO: Skipped Chabauty because MW group hasn't been provably computed. (delta = ['1', '-1'], g = [4, 9, -14, -1, 2, 1])
2022-01-13 17:36:50,245 INFO: Running elliptic Chabauty (delta = ['4', '8', '-14', '-1', '2', '1'], g = [4, 9, -14, -1, 2, 1])...
2022-01-13 17:49:27,921 INFO: Chabauty completed successfully (delta = ['4', '8', '-14', '-1', '2', '1'], g = [4, 9, -14, -1, 2, 1]).
2022-01-13 17:49:27,923 INFO: Skipped Chabauty because MW group hasn't been provably computed. (delta = ['1'], g = [4, 9, -14, -1, 2, 1])
2022-01-13 17:49:27,966 INFO: Tasks complete. Recording data and exiting.
2022-02-12 17:22:45,738 INFO: Loaded curve data from file.
2022-02-12 17:22:45,739 INFO: Computing elliptic Chabauty map... (delta = ['4', '8', '-13', '-1', '2', '1'], g = [4, 9, -14, -1, 2, 1])
2022-02-12 17:23:01,496 INFO: Elliptic Chabauty map computed. (delta = ['4', '8', '-13', '-1', '2', '1'], g = [4, 9, -14, -1, 2, 1])
2022-02-12 17:23:01,499 INFO: Computing elliptic Chabauty map... (delta = ['1', '-1'], g = [4, 9, -14, -1, 2, 1])
2022-02-12 17:23:17,239 INFO: Elliptic Chabauty map computed. (delta = ['1', '-1'], g = [4, 9, -14, -1, 2, 1])
2022-02-12 17:23:17,241 INFO: Computing elliptic Chabauty map... (delta = ['4', '8', '-14', '-1', '2', '1'], g = [4, 9, -14, -1, 2, 1])
2022-02-12 17:23:32,850 INFO: Elliptic Chabauty map computed. (delta = ['4', '8', '-14', '-1', '2', '1'], g = [4, 9, -14, -1, 2, 1])
2022-02-12 17:23:32,853 INFO: Computing elliptic Chabauty map... (delta = ['1'], g = [4, 9, -14, -1, 2, 1])
2022-02-12 17:23:48,590 INFO: Elliptic Chabauty map computed. (delta = ['1'], g = [4, 9, -14, -1, 2, 1])
2022-02-12 17:23:48,593 INFO: Tasks complete. Recording data and exiting.
