2022-01-11 15:10:19,944 INFO: Initialized curve data.
2022-01-11 15:10:19,950 INFO: Setting up initial twist data...
2022-01-11 15:10:21,119 INFO: Twist setup complete.
2022-01-11 15:10:21,120 INFO: Searching for rational points on each twist...
2022-01-11 15:10:24,499 INFO: Finished searching for rational points on each twist.
2022-01-11 15:10:24,499 INFO: Testing local solvability of twists...
2022-01-11 15:10:58,593 INFO: Finished local solvability testing.
2022-01-11 15:10:58,595 INFO: Computing elliptic curve a-invariants...
2022-01-11 15:11:02,017 INFO: Finished computation of a-invariants.
2022-01-11 15:11:02,020 INFO: Skipped MW computation because no base point (delta = ['-1', '0', '1'])
2022-01-11 15:11:02,020 INFO: Skipped MW computation because no base point (delta = ['-2', '4', '11', '0', '-5'])
2022-01-11 15:11:02,020 INFO: Skipped MW computation because no base point (delta = ['2', '4', '7', '0', '-4'])
2022-01-11 15:11:02,020 INFO: Computing MW group (delta = ['1'], g = [-2, 0, 1])...
2022-01-11 15:11:04,305 INFO: Finished MW computation (delta = ['1'], g = [-2, 0, 1])
2022-01-11 15:11:04,307 INFO: Computing MW group (delta = ['1'], g = [-4, -10, 0, 5])...
2022-01-14 09:07:34,428 INFO: Loaded curve data from file.
2022-01-14 09:07:34,429 INFO: Reducing MW generators...
2022-01-14 09:07:34,730 INFO: Finished reducing MW generators.
2022-01-14 09:07:34,734 INFO: Skipped Chabauty because no base point (delta = ['-1', '0', '1'])
2022-01-14 09:07:34,734 INFO: Skipped Chabauty because no base point (delta = ['-2', '4', '11', '0', '-5'])
2022-01-14 09:07:34,734 INFO: Skipped Chabauty because no base point (delta = ['2', '4', '7', '0', '-4'])
2022-01-14 09:07:34,734 INFO: Skipped Chabauty because rank >= degree(g). (delta = ['1'], g = [-2, 0, 1])
2022-01-14 09:07:34,734 INFO: Skipped Chabauty because MW generators haven't been computed. (delta = ['1'], g = [-4, -10, 0, 5])
2022-01-14 09:07:34,734 INFO: Skipped Chabauty because no base point (delta = ['16', '46', '14', '-29', '-9', '5'])
2022-01-14 09:07:34,734 INFO: Skipped Chabauty because MW generators haven't been computed. (delta = ['-16', '-158/5', '30', '239/5', '-9', '-14'], g = [-2, 0, 1])
2022-01-14 09:07:34,734 INFO: Skipped Chabauty because MW generators haven't been computed. (delta = ['-16', '-158/5', '30', '239/5', '-9', '-14'], g = [-4, -10, 0, 5])
2022-01-14 09:07:34,734 INFO: Skipped Chabauty because MW generators haven't been computed. (delta = ['8', '19', '-5', '-19', '1', '5'], g = [-2, 0, 1])
2022-01-14 09:07:34,734 INFO: Skipped Chabauty because MW generators haven't been computed. (delta = ['8', '19', '-5', '-19', '1', '5'], g = [-4, -10, 0, 5])
2022-01-14 09:07:34,734 INFO: Skipped Chabauty because MW generators haven't been computed. (delta = ['-8', '-19', '5', '20', '0', '-5'], g = [-2, 0, 1])
2022-01-14 09:07:34,734 INFO: Skipped Chabauty because MW generators haven't been computed. (delta = ['-8', '-19', '5', '20', '0', '-5'], g = [-4, -10, 0, 5])
2022-01-14 09:07:34,845 INFO: Tasks complete. Recording data and exiting.
