2022-01-11 12:31:51,601 INFO: Initialized curve data.
2022-01-11 12:31:51,603 INFO: Setting up initial twist data...
2022-01-11 12:31:52,409 INFO: Twist setup complete.
2022-01-11 12:31:52,409 INFO: Searching for rational points on each twist...
2022-01-11 12:31:53,944 INFO: Finished searching for rational points on each twist.
2022-01-11 12:31:53,944 INFO: Testing local solvability of twists...
2022-01-11 12:31:56,754 INFO: Finished local solvability testing.
2022-01-11 12:31:56,755 INFO: Computing elliptic curve a-invariants...
2022-01-11 12:32:11,927 INFO: Finished computation of a-invariants.
2022-01-11 12:32:11,929 INFO: Skipped MW computation because no base point (delta = ['1/2', '-3/2', '1'])
2022-01-11 12:32:11,929 INFO: Computing MW group (delta = ['1', '-1'], g = [1, -2, 1, 0, 0, 1])...
2022-01-11 12:33:07,899 INFO: Finished MW computation (delta = ['1', '-1'], g = [1, -2, 1, 0, 0, 1])
2022-01-11 12:33:07,903 INFO: Computing MW group (delta = ['1'], g = [1, -2, 1, 0, 0, 1])...
2022-01-11 12:34:01,061 INFO: Finished MW computation (delta = ['1'], g = [1, -2, 1, 0, 0, 1])
2022-01-11 12:34:01,066 INFO: Computing MW group (delta = ['1/2', '-1'], g = [1, -2, 1, 0, 0, 1])...
2022-01-11 12:36:04,674 INFO: Finished MW computation (delta = ['1/2', '-1'], g = [1, -2, 1, 0, 0, 1])
2022-01-11 12:36:04,679 INFO: Reducing MW generators...
2022-01-11 12:36:08,251 INFO: Finished reducing MW generators.
2022-01-11 12:36:08,253 INFO: Tasks complete. Recording data and exiting.
2022-01-13 17:36:57,997 INFO: Loaded curve data from file.
2022-01-13 17:36:57,997 INFO: Skipped Chabauty because no base point (delta = ['1/2', '-3/2', '1'])
2022-01-13 17:36:57,997 INFO: Running elliptic Chabauty (delta = ['1', '-1'], g = [1, -2, 1, 0, 0, 1])...
2022-01-13 17:37:16,759 INFO: Chabauty completed successfully (delta = ['1', '-1'], g = [1, -2, 1, 0, 0, 1]).
2022-01-13 17:37:16,761 INFO: Running elliptic Chabauty (delta = ['1'], g = [1, -2, 1, 0, 0, 1])...
2022-01-13 17:37:34,945 INFO: Chabauty completed successfully (delta = ['1'], g = [1, -2, 1, 0, 0, 1]).
2022-01-13 17:37:34,947 INFO: Running elliptic Chabauty (delta = ['1/2', '-1'], g = [1, -2, 1, 0, 0, 1])...
2022-01-13 17:38:39,422 INFO: Chabauty completed successfully (delta = ['1/2', '-1'], g = [1, -2, 1, 0, 0, 1]).
2022-01-13 17:38:39,631 INFO: Rational points successfully computed.
2022-01-13 17:38:39,633 INFO: Tasks complete. Recording data and exiting.
2022-02-12 17:34:48,136 INFO: Loaded curve data from file.
2022-02-12 17:34:48,136 INFO: Computing elliptic Chabauty map... (delta = ['1', '-1'], g = [1, -2, 1, 0, 0, 1])
2022-02-12 17:34:57,803 INFO: Elliptic Chabauty map computed. (delta = ['1', '-1'], g = [1, -2, 1, 0, 0, 1])
2022-02-12 17:34:57,806 INFO: Computing elliptic Chabauty map... (delta = ['1'], g = [1, -2, 1, 0, 0, 1])
2022-02-12 17:35:07,379 INFO: Elliptic Chabauty map computed. (delta = ['1'], g = [1, -2, 1, 0, 0, 1])
2022-02-12 17:35:07,382 INFO: Computing elliptic Chabauty map... (delta = ['1/2', '-1'], g = [1, -2, 1, 0, 0, 1])
2022-02-12 17:35:15,724 INFO: Elliptic Chabauty map computed. (delta = ['1/2', '-1'], g = [1, -2, 1, 0, 0, 1])
2022-02-12 17:35:15,726 INFO: Tasks complete. Recording data and exiting.
