2022-01-11 15:21:22,169 INFO: Initialized curve data.
2022-01-11 15:21:22,173 INFO: Setting up initial twist data...
2022-01-11 15:21:23,003 INFO: Twist setup complete.
2022-01-11 15:21:23,003 INFO: Searching for rational points on each twist...
2022-01-11 15:21:24,637 INFO: Finished searching for rational points on each twist.
2022-01-11 15:21:24,637 INFO: Testing local solvability of twists...
2022-01-11 15:21:25,893 INFO: Finished local solvability testing.
2022-01-11 15:21:25,894 INFO: Computing elliptic curve a-invariants...
2022-01-11 15:21:37,021 INFO: Finished computation of a-invariants.
2022-01-11 15:21:37,022 INFO: Computing MW group (delta = ['4', '-1', '-5', '6', '1', '-4'], g = [-4, 0, 4, -5, 0, 4])...
2022-01-11 15:23:51,893 INFO: Finished MW computation (delta = ['4', '-1', '-5', '6', '1', '-4'], g = [-4, 0, 4, -5, 0, 4])
2022-01-11 15:23:51,895 INFO: Skipped MW computation because no base point (delta = ['-1', '0', '1'])
2022-01-11 15:23:51,895 INFO: Computing MW group (delta = ['-4', '1', '5', '-5', '0', '4'], g = [-4, 0, 4, -5, 0, 4])...
2022-01-11 15:25:22,218 INFO: Finished MW computation (delta = ['-4', '1', '5', '-5', '0', '4'], g = [-4, 0, 4, -5, 0, 4])
2022-01-11 15:25:22,221 INFO: Computing MW group (delta = ['1'], g = [-4, 0, 4, -5, 0, 4])...
2022-01-11 15:26:42,637 INFO: Finished MW computation (delta = ['1'], g = [-4, 0, 4, -5, 0, 4])
2022-01-11 15:26:42,641 INFO: Reducing MW generators...
2022-01-11 15:26:45,626 INFO: Finished reducing MW generators.
2022-01-11 15:26:45,628 INFO: Tasks complete. Recording data and exiting.
2022-01-14 09:07:48,956 INFO: Loaded curve data from file.
2022-01-14 09:07:48,957 INFO: Running elliptic Chabauty (delta = ['4', '-1', '-5', '6', '1', '-4'], g = [-4, 0, 4, -5, 0, 4])...
2022-01-14 09:09:43,334 INFO: Chabauty completed successfully (delta = ['4', '-1', '-5', '6', '1', '-4'], g = [-4, 0, 4, -5, 0, 4]).
2022-01-14 09:09:43,337 INFO: Skipped Chabauty because no base point (delta = ['-1', '0', '1'])
2022-01-14 09:09:43,337 INFO: Skipped Chabauty because MW group hasn't been provably computed. (delta = ['-4', '1', '5', '-5', '0', '4'], g = [-4, 0, 4, -5, 0, 4])
2022-01-14 09:09:43,337 INFO: Skipped Chabauty because MW group hasn't been provably computed. (delta = ['1'], g = [-4, 0, 4, -5, 0, 4])
2022-01-14 09:09:43,417 INFO: Tasks complete. Recording data and exiting.
