2022-01-11 12:29:14,370 INFO: Initialized curve data.
2022-01-11 12:29:14,373 INFO: Setting up initial twist data...
2022-01-11 12:29:15,233 INFO: Twist setup complete.
2022-01-11 12:29:15,233 INFO: Searching for rational points on each twist...
2022-01-11 12:29:16,558 INFO: Finished searching for rational points on each twist.
2022-01-11 12:29:16,558 INFO: Testing local solvability of twists...
2022-01-11 12:29:22,561 INFO: Finished local solvability testing.
2022-01-11 12:29:22,562 INFO: Computing elliptic curve a-invariants...
2022-01-11 12:29:33,585 INFO: Finished computation of a-invariants.
2022-01-11 12:29:33,587 INFO: Computing MW group (delta = ['4', '-4', '-15', '14', '4', '1'], g = [4, -3, -16, 14, 4, 1])...
2022-01-11 12:29:54,403 INFO: Finished MW computation (delta = ['4', '-4', '-15', '14', '4', '1'], g = [4, -3, -16, 14, 4, 1])
2022-01-11 12:29:54,406 INFO: Skipped MW computation because no base point (delta = ['1', '-1'])
2022-01-11 12:29:54,406 INFO: Computing MW group (delta = ['1'], g = [4, -3, -16, 14, 4, 1])...
2022-01-11 12:30:15,894 INFO: Finished MW computation (delta = ['1'], g = [4, -3, -16, 14, 4, 1])
2022-01-11 12:30:15,897 INFO: Computing MW group (delta = ['4', '-4', '-14', '13', '4', '1'], g = [4, -3, -16, 14, 4, 1])...
2022-01-11 12:32:53,062 INFO: Finished MW computation (delta = ['4', '-4', '-14', '13', '4', '1'], g = [4, -3, -16, 14, 4, 1])
2022-01-11 12:32:53,067 INFO: Unable to use elliptic Chabauty on twist (delta = ['4', '-4', '-14', '13', '4', '1'])
2022-01-11 12:32:53,069 INFO: Obstruction found to provably computing rational points. Exiting.
2022-01-13 17:36:38,566 INFO: Loaded curve data from file.
2022-01-13 17:36:38,566 INFO: Obstruction already found. Exiting.
