2022-01-12 12:25:09,061 INFO: Initialized curve data.
2022-01-12 12:25:09,066 INFO: Setting up initial twist data...
2022-01-12 12:25:10,617 INFO: Twist setup complete.
2022-01-12 12:25:10,617 INFO: Searching for rational points on each twist...
2022-01-12 12:25:13,325 INFO: Finished searching for rational points on each twist.
2022-01-12 12:25:13,325 INFO: Testing local solvability of twists...
2022-01-12 12:25:13,332 INFO: Finished local solvability testing.
2022-01-12 12:25:13,334 INFO: Computing elliptic curve a-invariants...
2022-01-12 12:25:31,452 INFO: Finished computation of a-invariants.
2022-01-12 12:25:31,454 INFO: Computing MW group (delta = ['1', '6', '5', '-8', '0', '4'], g = [1, 7, 4, -8, 0, 4])...
2022-01-12 12:26:14,304 INFO: Finished MW computation (delta = ['1', '6', '5', '-8', '0', '4'], g = [1, 7, 4, -8, 0, 4])
2022-01-12 12:26:14,307 INFO: Computing MW group (delta = ['1', '14', '9', '-16', '0', '8'], g = [1, 7, 4, -8, 0, 4])...
2022-01-12 12:28:20,020 INFO: Finished MW computation (delta = ['1', '14', '9', '-16', '0', '8'], g = [1, 7, 4, -8, 0, 4])
2022-01-12 12:28:20,023 INFO: Computing MW group (delta = ['16', '113', '63', '-129', '1', '64'], g = [1, 7, 4, -8, 0, 4])...
2022-01-12 12:29:20,192 INFO: Finished MW computation (delta = ['16', '113', '63', '-129', '1', '64'], g = [1, 7, 4, -8, 0, 4])
2022-01-12 12:29:20,195 INFO: Computing MW group (delta = ['1'], g = [1, 7, 4, -8, 0, 4])...
2022-01-12 12:30:20,516 INFO: Finished MW computation (delta = ['1'], g = [1, 7, 4, -8, 0, 4])
2022-01-12 12:30:20,520 INFO: Reducing MW generators...
2022-01-12 12:30:24,044 INFO: Finished reducing MW generators.
2022-01-12 12:30:24,046 INFO: Tasks complete. Recording data and exiting.
2022-01-14 11:32:35,674 INFO: Loaded curve data from file.
2022-01-14 11:32:35,675 INFO: Running elliptic Chabauty (delta = ['1', '6', '5', '-8', '0', '4'], g = [1, 7, 4, -8, 0, 4])...
2022-01-14 11:32:51,068 INFO: Chabauty completed successfully (delta = ['1', '6', '5', '-8', '0', '4'], g = [1, 7, 4, -8, 0, 4]).
2022-01-14 11:32:51,070 INFO: Skipped Chabauty because MW group hasn't been provably computed. (delta = ['1', '14', '9', '-16', '0', '8'], g = [1, 7, 4, -8, 0, 4])
2022-01-14 11:32:51,071 INFO: Skipped Chabauty because MW group hasn't been provably computed. (delta = ['16', '113', '63', '-129', '1', '64'], g = [1, 7, 4, -8, 0, 4])
2022-01-14 11:32:51,071 INFO: Skipped Chabauty because MW group hasn't been provably computed. (delta = ['1'], g = [1, 7, 4, -8, 0, 4])
2022-01-14 11:32:51,130 INFO: Tasks complete. Recording data and exiting.
2022-02-12 16:48:18,381 INFO: Loaded curve data from file.
2022-02-12 16:48:18,381 INFO: Computing elliptic Chabauty map... (delta = ['1', '6', '5', '-8', '0', '4'], g = [1, 7, 4, -8, 0, 4])
2022-02-12 16:48:34,527 INFO: Elliptic Chabauty map computed. (delta = ['1', '6', '5', '-8', '0', '4'], g = [1, 7, 4, -8, 0, 4])
2022-02-12 16:48:34,529 INFO: Computing elliptic Chabauty map... (delta = ['1', '14', '9', '-16', '0', '8'], g = [1, 7, 4, -8, 0, 4])
2022-02-12 16:48:50,388 INFO: Elliptic Chabauty map computed. (delta = ['1', '14', '9', '-16', '0', '8'], g = [1, 7, 4, -8, 0, 4])
2022-02-12 16:48:50,390 INFO: Computing elliptic Chabauty map... (delta = ['16', '113', '63', '-129', '1', '64'], g = [1, 7, 4, -8, 0, 4])
2022-02-12 16:49:06,716 INFO: Elliptic Chabauty map computed. (delta = ['16', '113', '63', '-129', '1', '64'], g = [1, 7, 4, -8, 0, 4])
2022-02-12 16:49:06,719 INFO: Computing elliptic Chabauty map... (delta = ['1'], g = [1, 7, 4, -8, 0, 4])
2022-02-12 16:49:23,009 INFO: Elliptic Chabauty map computed. (delta = ['1'], g = [1, 7, 4, -8, 0, 4])
2022-02-12 16:49:23,012 INFO: Tasks complete. Recording data and exiting.
