2022-01-12 09:25:54,538 INFO: Initialized curve data.
2022-01-12 09:25:54,541 INFO: Setting up initial twist data...
2022-01-12 09:25:55,877 INFO: Twist setup complete.
2022-01-12 09:25:55,878 INFO: Searching for rational points on each twist...
2022-01-12 09:25:59,274 INFO: Finished searching for rational points on each twist.
2022-01-12 09:25:59,275 INFO: Testing local solvability of twists...
2022-01-12 09:25:59,280 INFO: Finished local solvability testing.
2022-01-12 09:25:59,281 INFO: Computing elliptic curve a-invariants...
2022-01-12 09:26:09,396 INFO: Finished computation of a-invariants.
2022-01-12 09:26:09,398 INFO: Computing MW group (delta = ['-1', '-1'], g = [4, 0, -24, -7, 48, 36])...
2022-01-12 09:40:25,216 INFO: Finished MW computation (delta = ['-1', '-1'], g = [4, 0, -24, -7, 48, 36])
2022-01-12 09:40:25,219 INFO: Computing MW group (delta = ['-4', '1', '25', '7', '-48', '-36'], g = [4, 0, -24, -7, 48, 36])...
2022-01-14 09:10:59,018 INFO: Loaded curve data from file.
2022-01-14 09:10:59,018 INFO: Reducing MW generators...
2022-01-14 09:10:59,442 INFO: Finished reducing MW generators.
2022-01-14 09:10:59,444 INFO: Skipped Chabauty because MW group hasn't been provably computed. (delta = ['-1', '-1'], g = [4, 0, -24, -7, 48, 36])
2022-01-14 09:10:59,444 INFO: Skipped Chabauty because MW generators haven't been computed. (delta = ['-4', '1', '25', '7', '-48', '-36'], g = [4, 0, -24, -7, 48, 36])
2022-01-14 09:10:59,444 INFO: Skipped Chabauty because MW generators haven't been computed. (delta = ['1'], g = [4, 0, -24, -7, 48, 36])
2022-01-14 09:10:59,445 INFO: Skipped Chabauty because MW generators haven't been computed. (delta = ['4', '-1', '-26', '-8', '48', '36'], g = [4, 0, -24, -7, 48, 36])
2022-01-14 09:10:59,446 INFO: Tasks complete. Recording data and exiting.
2022-02-12 17:23:09,816 INFO: Loaded curve data from file.
2022-02-12 17:23:09,816 INFO: Computing elliptic Chabauty map... (delta = ['-1', '-1'], g = [4, 0, -24, -7, 48, 36])
2022-02-12 17:23:23,104 INFO: Elliptic Chabauty map computed. (delta = ['-1', '-1'], g = [4, 0, -24, -7, 48, 36])
2022-02-12 17:23:23,107 INFO: Computing elliptic Chabauty map... (delta = ['-4', '1', '25', '7', '-48', '-36'], g = [4, 0, -24, -7, 48, 36])
2022-02-12 17:23:36,091 INFO: Elliptic Chabauty map computed. (delta = ['-4', '1', '25', '7', '-48', '-36'], g = [4, 0, -24, -7, 48, 36])
2022-02-12 17:23:36,093 INFO: Computing elliptic Chabauty map... (delta = ['1'], g = [4, 0, -24, -7, 48, 36])
2022-02-12 17:23:49,168 INFO: Elliptic Chabauty map computed. (delta = ['1'], g = [4, 0, -24, -7, 48, 36])
2022-02-12 17:23:49,170 INFO: Computing elliptic Chabauty map... (delta = ['4', '-1', '-26', '-8', '48', '36'], g = [4, 0, -24, -7, 48, 36])
2022-02-12 17:24:02,217 INFO: Elliptic Chabauty map computed. (delta = ['4', '-1', '-26', '-8', '48', '36'], g = [4, 0, -24, -7, 48, 36])
2022-02-12 17:24:02,220 INFO: Tasks complete. Recording data and exiting.
