2022-01-01 12:50:50,341 INFO: Initialized curve data.
2022-01-01 12:50:50,344 INFO: Setting up initial twist data...
2022-01-01 12:50:51,476 INFO: Twist setup complete.
2022-01-01 12:50:51,476 INFO: Searching for rational points on each twist...
2022-01-01 12:50:52,272 INFO: Finished searching for rational points on each twist.
2022-01-01 12:50:52,272 INFO: Testing local solvability of twists...
2022-01-01 12:50:52,277 INFO: Finished local solvability testing.
2022-01-01 12:50:52,278 INFO: Computing elliptic curve a-invariants...
2022-01-01 12:51:06,188 INFO: Finished computation of a-invariants.
2022-01-01 12:51:06,191 INFO: Computing MW group (delta = ['8', '12', '-7', '-10', '0', '1'], g = [8, 13, -8, -10, 0, 1])...
2022-01-01 12:52:03,371 INFO: Finished MW computation (delta = ['8', '12', '-7', '-10', '0', '1'], g = [8, 13, -8, -10, 0, 1])
2022-01-01 12:52:03,377 INFO: Computing MW group (delta = ['1', '-1'], g = [8, 13, -8, -10, 0, 1])...
2022-01-01 12:54:56,891 INFO: Finished MW computation (delta = ['1', '-1'], g = [8, 13, -8, -10, 0, 1])
2022-01-01 12:54:56,895 INFO: Computing MW group (delta = ['1'], g = [8, 13, -8, -10, 0, 1])...
2022-01-01 12:57:43,900 INFO: Finished MW computation (delta = ['1'], g = [8, 13, -8, -10, 0, 1])
2022-01-01 12:57:43,904 INFO: Computing MW group (delta = ['8', '12', '-8', '-10', '0', '1'], g = [8, 13, -8, -10, 0, 1])...
2022-01-01 12:59:13,876 INFO: Finished MW computation (delta = ['8', '12', '-8', '-10', '0', '1'], g = [8, 13, -8, -10, 0, 1])
2022-01-01 12:59:13,884 INFO: Reducing MW generators...
2022-01-01 12:59:18,042 INFO: Finished reducing MW generators.
2022-01-01 12:59:18,045 INFO: Running elliptic Chabauty (delta = ['8', '12', '-7', '-10', '0', '1'], g = [8, 13, -8, -10, 0, 1])...
2022-01-01 12:59:32,081 INFO: Chabauty completed successfully (delta = ['8', '12', '-7', '-10', '0', '1'], g = [8, 13, -8, -10, 0, 1]).
2022-01-01 12:59:32,085 INFO: Running elliptic Chabauty (delta = ['1', '-1'], g = [8, 13, -8, -10, 0, 1])...
2022-01-01 12:59:43,631 INFO: Chabauty completed successfully (delta = ['1', '-1'], g = [8, 13, -8, -10, 0, 1]).
2022-01-01 12:59:43,634 INFO: Running elliptic Chabauty (delta = ['1'], g = [8, 13, -8, -10, 0, 1])...
2022-01-01 12:59:54,891 INFO: Chabauty completed successfully (delta = ['1'], g = [8, 13, -8, -10, 0, 1]).
2022-01-01 12:59:54,895 INFO: Running elliptic Chabauty (delta = ['8', '12', '-8', '-10', '0', '1'], g = [8, 13, -8, -10, 0, 1])...
2022-01-01 13:00:15,383 INFO: Chabauty completed successfully (delta = ['8', '12', '-8', '-10', '0', '1'], g = [8, 13, -8, -10, 0, 1]).
2022-01-01 13:00:15,636 INFO: Rational points successfully computed.
2022-01-01 13:00:15,638 INFO: Tasks complete. Recording data and exiting.
