2022-01-11 12:29:24,689 INFO: Initialized curve data.
2022-01-11 12:29:24,692 INFO: Setting up initial twist data...
2022-01-11 12:29:25,796 INFO: Twist setup complete.
2022-01-11 12:29:25,797 INFO: Searching for rational points on each twist...
2022-01-11 12:29:27,391 INFO: Finished searching for rational points on each twist.
2022-01-11 12:29:27,391 INFO: Testing local solvability of twists...
2022-01-11 12:29:27,396 INFO: Finished local solvability testing.
2022-01-11 12:29:27,397 INFO: Computing elliptic curve a-invariants...
2022-01-11 12:29:33,534 INFO: Finished computation of a-invariants.
2022-01-11 12:29:33,536 INFO: Computing MW group (delta = ['-12', '23', '-4', '-7', '2', '1'], g = [-12, 24, -4, -7, 2, 1])...
2022-01-11 12:31:31,864 INFO: Finished MW computation (delta = ['-12', '23', '-4', '-7', '2', '1'], g = [-12, 24, -4, -7, 2, 1])
2022-01-11 12:31:31,869 INFO: Computing MW group (delta = ['1'], g = [-12, 24, -4, -7, 2, 1])...
2022-01-11 12:37:29,038 INFO: Finished MW computation (delta = ['1'], g = [-12, 24, -4, -7, 2, 1])
2022-01-11 12:37:29,044 INFO: Computing MW group (delta = ['-12', '23', '-3', '-7', '2', '1'], g = [-12, 24, -4, -7, 2, 1])...
2022-01-13 17:36:47,456 INFO: Loaded curve data from file.
2022-01-13 17:36:47,456 INFO: Reducing MW generators...
2022-01-13 17:36:48,433 INFO: Finished reducing MW generators.
2022-01-13 17:36:48,434 INFO: Running elliptic Chabauty (delta = ['-12', '23', '-4', '-7', '2', '1'], g = [-12, 24, -4, -7, 2, 1])...
2022-01-13 17:38:45,931 INFO: Chabauty completed successfully (delta = ['-12', '23', '-4', '-7', '2', '1'], g = [-12, 24, -4, -7, 2, 1]).
2022-01-13 17:38:45,933 INFO: Skipped Chabauty because MW group hasn't been provably computed. (delta = ['1'], g = [-12, 24, -4, -7, 2, 1])
2022-01-13 17:38:45,933 INFO: Skipped Chabauty because MW generators haven't been computed. (delta = ['-12', '23', '-3', '-7', '2', '1'], g = [-12, 24, -4, -7, 2, 1])
2022-01-13 17:38:45,934 INFO: Skipped Chabauty because MW generators haven't been computed. (delta = ['144', '-288', '49', '83', '-24', '-12'], g = [-12, 24, -4, -7, 2, 1])
2022-01-13 17:38:45,975 INFO: Tasks complete. Recording data and exiting.
