2022-01-11 12:29:14,844 INFO: Initialized curve data.
2022-01-11 12:29:14,846 INFO: Setting up initial twist data...
2022-01-11 12:29:15,729 INFO: Twist setup complete.
2022-01-11 12:29:15,729 INFO: Searching for rational points on each twist...
2022-01-11 12:29:18,880 INFO: Finished searching for rational points on each twist.
2022-01-11 12:29:18,881 INFO: Testing local solvability of twists...
2022-01-11 12:30:12,165 INFO: Finished local solvability testing.
2022-01-11 12:30:12,167 INFO: Computing elliptic curve a-invariants...
2022-01-11 12:30:14,816 INFO: Finished computation of a-invariants.
2022-01-11 12:30:14,818 INFO: Computing MW group (delta = ['1', '7', '-54', '41', '-11', '1'], g = [1, -4, 1])...
2022-01-11 12:30:15,508 INFO: Finished MW computation (delta = ['1', '7', '-54', '41', '-11', '1'], g = [1, -4, 1])
2022-01-11 12:30:15,511 INFO: Computing MW group (delta = ['1', '7', '-54', '41', '-11', '1'], g = [1, 12, -7, 1])...
2022-01-11 12:30:28,188 INFO: Finished MW computation (delta = ['1', '7', '-54', '41', '-11', '1'], g = [1, 12, -7, 1])
2022-01-11 12:30:28,193 INFO: Skipped MW computation because no base point (delta = ['4', '32', '-213', '135', '-29', '2'])
2022-01-11 12:30:28,193 INFO: Skipped MW computation because no base point (delta = ['4', '32', '-212', '163', '-44', '4'])
2022-01-11 12:30:28,193 INFO: Skipped MW computation because no base point (delta = ['1', '-5', '-11', '7', '-1'])
2022-01-11 12:30:28,194 INFO: Skipped MW computation because no base point (delta = ['1', '7', '-49', '52', '-18', '2'])
2022-01-11 12:30:28,194 INFO: Skipped MW computation because no base point (delta = ['4', '29', '-187', '149', '-42', '4'])
2022-01-11 12:30:28,194 INFO: Computing MW group (delta = ['1'], g = [1, -4, 1])...
2022-01-11 12:30:29,160 INFO: Finished MW computation (delta = ['1'], g = [1, -4, 1])
2022-01-11 12:30:29,163 INFO: Computing MW group (delta = ['1'], g = [1, 12, -7, 1])...
2022-01-11 12:30:36,590 INFO: Finished MW computation (delta = ['1'], g = [1, 12, -7, 1])
2022-01-11 12:30:36,593 INFO: Computing MW group (delta = ['4', '28', '-215', '164', '-44', '4'], g = [1, -4, 1])...
2022-01-11 12:30:37,572 INFO: Finished MW computation (delta = ['4', '28', '-215', '164', '-44', '4'], g = [1, -4, 1])
2022-01-11 12:30:37,575 INFO: Computing MW group (delta = ['4', '28', '-215', '164', '-44', '4'], g = [1, 12, -7, 1])...
2022-01-11 12:30:45,274 INFO: Finished MW computation (delta = ['4', '28', '-215', '164', '-44', '4'], g = [1, 12, -7, 1])
2022-01-11 12:30:45,281 INFO: Reducing MW generators...
2022-01-11 12:30:48,086 INFO: Finished reducing MW generators.
2022-01-11 12:30:48,089 INFO: Tasks complete. Recording data and exiting.
2022-01-13 17:36:35,031 INFO: Loaded curve data from file.
2022-01-13 17:36:35,031 INFO: Running elliptic Chabauty (delta = ['1', '7', '-54', '41', '-11', '1'], g = [1, -4, 1])...
2022-01-13 17:36:45,921 INFO: Chabauty completed successfully (delta = ['1', '7', '-54', '41', '-11', '1'], g = [1, -4, 1]).
2022-01-13 17:36:45,924 INFO: Skipped Chabauty because twist points already verified. (delta = ['1', '7', '-54', '41', '-11', '1'])
2022-01-13 17:36:45,924 INFO: Skipped Chabauty because no base point (delta = ['4', '32', '-213', '135', '-29', '2'])
2022-01-13 17:36:45,924 INFO: Skipped Chabauty because no base point (delta = ['4', '32', '-212', '163', '-44', '4'])
2022-01-13 17:36:45,924 INFO: Skipped Chabauty because no base point (delta = ['1', '-5', '-11', '7', '-1'])
2022-01-13 17:36:45,924 INFO: Skipped Chabauty because no base point (delta = ['1', '7', '-49', '52', '-18', '2'])
2022-01-13 17:36:45,924 INFO: Skipped Chabauty because no base point (delta = ['4', '29', '-187', '149', '-42', '4'])
2022-01-13 17:36:45,925 INFO: Skipped Chabauty because rank >= degree(g). (delta = ['1'], g = [1, -4, 1])
2022-01-13 17:36:45,925 INFO: Running elliptic Chabauty (delta = ['1'], g = [1, 12, -7, 1])...
2022-01-13 17:37:01,840 INFO: Chabauty completed successfully (delta = ['1'], g = [1, 12, -7, 1]).
2022-01-13 17:37:01,842 INFO: Skipped Chabauty because rank >= degree(g). (delta = ['4', '28', '-215', '164', '-44', '4'], g = [1, -4, 1])
2022-01-13 17:37:01,842 INFO: Running elliptic Chabauty (delta = ['4', '28', '-215', '164', '-44', '4'], g = [1, 12, -7, 1])...
2022-01-13 17:37:17,568 INFO: Chabauty completed successfully (delta = ['4', '28', '-215', '164', '-44', '4'], g = [1, 12, -7, 1]).
2022-01-13 17:37:17,966 INFO: Rational points successfully computed.
2022-01-13 17:37:17,968 INFO: Tasks complete. Recording data and exiting.
