2022-01-12 12:16:55,230 INFO: Initialized curve data.
2022-01-12 12:16:55,244 INFO: Setting up initial twist data...
2022-01-12 12:16:56,318 INFO: Twist setup complete.
2022-01-12 12:16:56,318 INFO: Searching for rational points on each twist...
2022-01-12 12:16:58,096 INFO: Finished searching for rational points on each twist.
2022-01-12 12:16:58,096 INFO: Testing local solvability of twists...
2022-01-12 12:17:01,150 INFO: Finished local solvability testing.
2022-01-12 12:17:01,152 INFO: Computing elliptic curve a-invariants...
2022-01-12 12:17:16,783 INFO: Finished computation of a-invariants.
2022-01-12 12:17:16,785 INFO: Computing MW group (delta = ['-4', '15', '5', '-3', '2', '1'], g = [-4, 16, 4, -3, 2, 1])...
2022-01-12 12:26:28,258 INFO: Finished MW computation (delta = ['-4', '15', '5', '-3', '2', '1'], g = [-4, 16, 4, -3, 2, 1])
2022-01-12 12:26:28,261 INFO: Skipped MW computation because no base point (delta = ['16', '-64', '-15', '11', '-8', '-4'])
2022-01-12 12:26:28,261 INFO: Computing MW group (delta = ['1'], g = [-4, 16, 4, -3, 2, 1])...
2022-01-12 12:31:36,089 INFO: Finished MW computation (delta = ['1'], g = [-4, 16, 4, -3, 2, 1])
2022-01-12 12:31:36,092 INFO: Computing MW group (delta = ['-4', '15', '4', '-3', '2', '1'], g = [-4, 16, 4, -3, 2, 1])...
2022-01-12 12:33:08,611 INFO: Finished MW computation (delta = ['-4', '15', '4', '-3', '2', '1'], g = [-4, 16, 4, -3, 2, 1])
2022-01-12 12:33:08,615 INFO: Reducing MW generators...
2022-01-12 12:33:11,852 INFO: Finished reducing MW generators.
2022-01-12 12:33:11,855 INFO: Tasks complete. Recording data and exiting.
2022-01-14 11:32:15,542 INFO: Loaded curve data from file.
2022-01-14 11:32:15,543 INFO: Running elliptic Chabauty (delta = ['-4', '15', '5', '-3', '2', '1'], g = [-4, 16, 4, -3, 2, 1])...
2022-01-14 11:32:46,389 INFO: Chabauty completed successfully (delta = ['-4', '15', '5', '-3', '2', '1'], g = [-4, 16, 4, -3, 2, 1]).
2022-01-14 11:32:46,417 INFO: Skipped Chabauty because no base point (delta = ['16', '-64', '-15', '11', '-8', '-4'])
2022-01-14 11:32:46,417 INFO: Running elliptic Chabauty (delta = ['1'], g = [-4, 16, 4, -3, 2, 1])...
2022-01-14 11:33:04,431 INFO: Chabauty completed successfully (delta = ['1'], g = [-4, 16, 4, -3, 2, 1]).
2022-01-14 11:33:04,433 INFO: Running elliptic Chabauty (delta = ['-4', '15', '4', '-3', '2', '1'], g = [-4, 16, 4, -3, 2, 1])...
2022-01-14 11:33:35,043 INFO: Chabauty completed successfully (delta = ['-4', '15', '4', '-3', '2', '1'], g = [-4, 16, 4, -3, 2, 1]).
2022-01-14 11:33:35,251 INFO: Rational points successfully computed.
2022-01-14 11:33:35,253 INFO: Tasks complete. Recording data and exiting.
