2022-01-13 21:54:50,634 INFO: Initialized curve data.
2022-01-13 21:54:50,638 INFO: Setting up initial twist data...
2022-01-13 21:54:51,593 INFO: Twist setup complete.
2022-01-13 21:54:51,594 INFO: Searching for rational points on each twist...
2022-01-13 21:54:53,525 INFO: Finished searching for rational points on each twist.
2022-01-13 21:54:53,526 INFO: Testing local solvability of twists...
2022-01-13 21:55:05,338 INFO: Finished local solvability testing.
2022-01-13 21:55:05,339 INFO: Computing elliptic curve a-invariants...
2022-01-13 21:55:11,381 INFO: Finished computation of a-invariants.
2022-01-13 21:55:11,383 INFO: Computing MW group (delta = ['15', '7', '-4', '0', '1', '1'], g = [16, 8, -4, 0, 1, 1])...
2022-01-13 21:55:32,181 INFO: Finished MW computation (delta = ['15', '7', '-4', '0', '1', '1'], g = [16, 8, -4, 0, 1, 1])
2022-01-13 21:55:32,183 INFO: Computing MW group (delta = ['16', '9', '-3', '0', '1', '1'], g = [16, 8, -4, 0, 1, 1])...
2022-01-13 21:56:06,390 INFO: Finished MW computation (delta = ['16', '9', '-3', '0', '1', '1'], g = [16, 8, -4, 0, 1, 1])
2022-01-13 21:56:06,393 INFO: Skipped MW computation because no base point (delta = ['64', '31', '-18', '-1', '4', '4'])
2022-01-13 21:56:06,393 INFO: Computing MW group (delta = ['1'], g = [16, 8, -4, 0, 1, 1])...
2022-01-13 21:56:33,017 INFO: Finished MW computation (delta = ['1'], g = [16, 8, -4, 0, 1, 1])
2022-01-13 21:56:33,020 INFO: Reducing MW generators...
2022-01-13 21:56:35,666 INFO: Finished reducing MW generators.
2022-01-13 21:56:35,668 INFO: Tasks complete. Recording data and exiting.
2022-01-14 11:35:27,833 INFO: Loaded curve data from file.
2022-01-14 11:35:27,834 INFO: Running elliptic Chabauty (delta = ['15', '7', '-4', '0', '1', '1'], g = [16, 8, -4, 0, 1, 1])...
2022-01-14 11:35:41,570 INFO: Chabauty completed successfully (delta = ['15', '7', '-4', '0', '1', '1'], g = [16, 8, -4, 0, 1, 1]).
2022-01-14 11:35:41,574 INFO: Running elliptic Chabauty (delta = ['16', '9', '-3', '0', '1', '1'], g = [16, 8, -4, 0, 1, 1])...
2022-01-14 11:36:21,906 INFO: Chabauty completed successfully (delta = ['16', '9', '-3', '0', '1', '1'], g = [16, 8, -4, 0, 1, 1]).
2022-01-14 11:36:21,908 INFO: Skipped Chabauty because no base point (delta = ['64', '31', '-18', '-1', '4', '4'])
2022-01-14 11:36:21,908 INFO: Running elliptic Chabauty (delta = ['1'], g = [16, 8, -4, 0, 1, 1])...
2022-01-14 11:36:32,087 INFO: Chabauty completed successfully (delta = ['1'], g = [16, 8, -4, 0, 1, 1]).
2022-01-14 11:36:32,285 INFO: Rational points successfully computed.
2022-01-14 11:36:32,288 INFO: Tasks complete. Recording data and exiting.
2022-02-12 17:10:00,518 INFO: Loaded curve data from file.
2022-02-12 17:10:00,519 INFO: Computing elliptic Chabauty map... (delta = ['15', '7', '-4', '0', '1', '1'], g = [16, 8, -4, 0, 1, 1])
2022-02-12 17:10:14,270 INFO: Elliptic Chabauty map computed. (delta = ['15', '7', '-4', '0', '1', '1'], g = [16, 8, -4, 0, 1, 1])
2022-02-12 17:10:14,273 INFO: Computing elliptic Chabauty map... (delta = ['16', '9', '-3', '0', '1', '1'], g = [16, 8, -4, 0, 1, 1])
2022-02-12 17:10:27,881 INFO: Elliptic Chabauty map computed. (delta = ['16', '9', '-3', '0', '1', '1'], g = [16, 8, -4, 0, 1, 1])
2022-02-12 17:10:27,883 INFO: Computing elliptic Chabauty map... (delta = ['1'], g = [16, 8, -4, 0, 1, 1])
2022-02-12 17:10:41,291 INFO: Elliptic Chabauty map computed. (delta = ['1'], g = [16, 8, -4, 0, 1, 1])
2022-02-12 17:10:41,295 INFO: Tasks complete. Recording data and exiting.
