2022-01-01 12:50:59,513 INFO: Initialized curve data.
2022-01-01 12:50:59,515 INFO: Setting up initial twist data...
2022-01-01 12:51:00,454 INFO: Twist setup complete.
2022-01-01 12:51:00,454 INFO: Searching for rational points on each twist...
2022-01-01 12:51:01,276 INFO: Finished searching for rational points on each twist.
2022-01-01 12:51:01,277 INFO: Testing local solvability of twists...
2022-01-01 12:51:10,096 INFO: Finished local solvability testing.
2022-01-01 12:51:10,098 INFO: Computing elliptic curve a-invariants...
2022-01-01 12:51:20,538 INFO: Finished computation of a-invariants.
2022-01-01 12:51:20,540 INFO: Computing MW group (delta = ['-1/2', '0', '1'], g = [4, 1, -20, 6, 12, 1])...
2022-01-01 12:54:02,878 INFO: Finished MW computation (delta = ['-1/2', '0', '1'], g = [4, 1, -20, 6, 12, 1])
2022-01-01 12:54:02,882 INFO: Obstruction found to provably computing rational points. Exiting.
2022-01-03 13:14:58,000 INFO: Obsolete "loc_solv_error" keys removed.
2022-01-10 22:40:59,206 INFO: Loaded curve data from file.
2022-01-10 22:40:59,206 INFO: Obstruction already found. Exiting.
2022-02-12 17:52:33,712 INFO: Loaded curve data from file.
2022-02-12 17:52:33,712 INFO: Computing elliptic Chabauty map... (delta = ['-1/2', '0', '1'], g = [4, 1, -20, 6, 12, 1])
2022-02-12 17:52:49,857 INFO: Elliptic Chabauty map computed. (delta = ['-1/2', '0', '1'], g = [4, 1, -20, 6, 12, 1])
2022-02-12 17:52:49,859 INFO: Computing elliptic Chabauty map... (delta = ['1'], g = [4, 1, -20, 6, 12, 1])
2022-02-12 17:53:05,766 INFO: Elliptic Chabauty map computed. (delta = ['1'], g = [4, 1, -20, 6, 12, 1])
2022-02-12 17:53:05,768 INFO: Computing elliptic Chabauty map... (delta = ['1/2', '-1/2', '-3/2', '1', '1'], g = [4, 1, -20, 6, 12, 1])
2022-02-12 17:53:21,899 INFO: Elliptic Chabauty map computed. (delta = ['1/2', '-1/2', '-3/2', '1', '1'], g = [4, 1, -20, 6, 12, 1])
2022-02-12 17:53:21,902 INFO: Tasks complete. Recording data and exiting.
