2022-01-11 15:10:12,765 INFO: Initialized curve data.
2022-01-11 15:10:12,793 INFO: Setting up initial twist data...
2022-01-11 15:10:13,715 INFO: Twist setup complete.
2022-01-11 15:10:13,715 INFO: Searching for rational points on each twist...
2022-01-11 15:10:15,355 INFO: Finished searching for rational points on each twist.
2022-01-11 15:10:15,355 INFO: Testing local solvability of twists...
2022-01-11 15:10:15,360 INFO: Finished local solvability testing.
2022-01-11 15:10:15,361 INFO: Computing elliptic curve a-invariants...
2022-01-11 15:10:22,767 INFO: Finished computation of a-invariants.
2022-01-11 15:10:22,769 INFO: Computing MW group (delta = ['3/2', '-1'], g = [-4, 4, -4, 0, 2, 1])...
2022-01-11 15:11:06,055 INFO: Finished MW computation (delta = ['3/2', '-1'], g = [-4, 4, -4, 0, 2, 1])
2022-01-11 15:11:06,058 INFO: Computing MW group (delta = ['1'], g = [-4, 4, -4, 0, 2, 1])...
2022-01-11 15:11:58,367 INFO: Finished MW computation (delta = ['1'], g = [-4, 4, -4, 0, 2, 1])
2022-01-11 15:11:58,372 INFO: Computing MW group (delta = ['-17', '29/2', '-13', '0', '7', '7/2'], g = [-4, 4, -4, 0, 2, 1])...
2022-01-11 15:16:56,064 INFO: Finished MW computation (delta = ['-17', '29/2', '-13', '0', '7', '7/2'], g = [-4, 4, -4, 0, 2, 1])
2022-01-11 15:16:56,067 INFO: Computing MW group (delta = ['-6', '3', '-4', '0', '2', '1'], g = [-4, 4, -4, 0, 2, 1])...
2022-01-11 15:19:34,292 INFO: Finished MW computation (delta = ['-6', '3', '-4', '0', '2', '1'], g = [-4, 4, -4, 0, 2, 1])
2022-01-11 15:19:34,299 INFO: Reducing MW generators...
2022-01-11 15:19:38,188 INFO: Finished reducing MW generators.
2022-01-11 15:19:38,191 INFO: Tasks complete. Recording data and exiting.
2022-01-14 09:07:22,490 INFO: Loaded curve data from file.
2022-01-14 09:07:22,490 INFO: Running elliptic Chabauty (delta = ['3/2', '-1'], g = [-4, 4, -4, 0, 2, 1])...
2022-01-14 09:07:55,996 INFO: Chabauty completed successfully (delta = ['3/2', '-1'], g = [-4, 4, -4, 0, 2, 1]).
2022-01-14 09:07:55,999 INFO: Running elliptic Chabauty (delta = ['1'], g = [-4, 4, -4, 0, 2, 1])...
2022-01-14 09:08:32,715 INFO: Chabauty completed successfully (delta = ['1'], g = [-4, 4, -4, 0, 2, 1]).
2022-01-14 09:08:32,717 INFO: Running elliptic Chabauty (delta = ['-17', '29/2', '-13', '0', '7', '7/2'], g = [-4, 4, -4, 0, 2, 1])...
2022-01-14 09:08:51,085 INFO: Chabauty completed successfully (delta = ['-17', '29/2', '-13', '0', '7', '7/2'], g = [-4, 4, -4, 0, 2, 1]).
2022-01-14 09:08:51,088 INFO: Running elliptic Chabauty (delta = ['-6', '3', '-4', '0', '2', '1'], g = [-4, 4, -4, 0, 2, 1])...
2022-01-14 09:09:05,662 INFO: Chabauty completed successfully (delta = ['-6', '3', '-4', '0', '2', '1'], g = [-4, 4, -4, 0, 2, 1]).
2022-01-14 09:09:05,895 INFO: Rational points successfully computed.
2022-01-14 09:09:05,897 INFO: Tasks complete. Recording data and exiting.
2022-02-12 17:13:31,436 INFO: Loaded curve data from file.
2022-02-12 17:13:31,437 INFO: Computing elliptic Chabauty map... (delta = ['3/2', '-1'], g = [-4, 4, -4, 0, 2, 1])
2022-02-12 17:13:45,050 INFO: Elliptic Chabauty map computed. (delta = ['3/2', '-1'], g = [-4, 4, -4, 0, 2, 1])
2022-02-12 17:13:45,053 INFO: Computing elliptic Chabauty map... (delta = ['1'], g = [-4, 4, -4, 0, 2, 1])
2022-02-12 17:13:58,382 INFO: Elliptic Chabauty map computed. (delta = ['1'], g = [-4, 4, -4, 0, 2, 1])
2022-02-12 17:13:58,385 INFO: Computing elliptic Chabauty map... (delta = ['-17', '29/2', '-13', '0', '7', '7/2'], g = [-4, 4, -4, 0, 2, 1])
2022-02-12 17:14:11,769 INFO: Elliptic Chabauty map computed. (delta = ['-17', '29/2', '-13', '0', '7', '7/2'], g = [-4, 4, -4, 0, 2, 1])
2022-02-12 17:14:11,772 INFO: Computing elliptic Chabauty map... (delta = ['-6', '3', '-4', '0', '2', '1'], g = [-4, 4, -4, 0, 2, 1])
2022-02-12 17:14:25,171 INFO: Elliptic Chabauty map computed. (delta = ['-6', '3', '-4', '0', '2', '1'], g = [-4, 4, -4, 0, 2, 1])
2022-02-12 17:14:25,174 INFO: Tasks complete. Recording data and exiting.
