2022-01-11 15:10:12,786 INFO: Initialized curve data.
2022-01-11 15:10:12,791 INFO: Setting up initial twist data...
2022-01-11 15:10:13,590 INFO: Twist setup complete.
2022-01-11 15:10:13,590 INFO: Searching for rational points on each twist...
2022-01-11 15:10:14,898 INFO: Finished searching for rational points on each twist.
2022-01-11 15:10:14,898 INFO: Testing local solvability of twists...
2022-01-11 15:10:14,905 INFO: Finished local solvability testing.
2022-01-11 15:10:14,906 INFO: Computing elliptic curve a-invariants...
2022-01-11 15:10:21,926 INFO: Finished computation of a-invariants.
2022-01-11 15:10:21,927 INFO: Computing MW group (delta = ['1/2', '-3/2', '1'], g = [-4, 7, 0, -4, -4, 4])...
2022-01-11 15:23:13,390 INFO: Finished MW computation (delta = ['1/2', '-3/2', '1'], g = [-4, 7, 0, -4, -4, 4])
2022-01-11 15:23:13,393 INFO: Computing MW group (delta = ['2', '-4', '2', '-1/2', '3', '-2'], g = [-4, 7, 0, -4, -4, 4])...
2022-01-11 15:25:27,191 INFO: Finished MW computation (delta = ['2', '-4', '2', '-1/2', '3', '-2'], g = [-4, 7, 0, -4, -4, 4])
2022-01-11 15:25:27,193 INFO: Computing MW group (delta = ['4', '-8', '1', '4', '4', '-4'], g = [-4, 7, 0, -4, -4, 4])...
2022-01-11 15:25:53,484 INFO: Finished MW computation (delta = ['4', '-8', '1', '4', '4', '-4'], g = [-4, 7, 0, -4, -4, 4])
2022-01-11 15:25:53,486 INFO: Computing MW group (delta = ['1'], g = [-4, 7, 0, -4, -4, 4])...
2022-01-11 15:29:34,917 INFO: Finished MW computation (delta = ['1'], g = [-4, 7, 0, -4, -4, 4])
2022-01-11 15:29:34,920 INFO: Reducing MW generators...
2022-01-11 15:29:38,179 INFO: Finished reducing MW generators.
2022-01-11 15:29:38,197 INFO: Tasks complete. Recording data and exiting.
2022-01-14 09:07:23,723 INFO: Loaded curve data from file.
2022-01-14 09:07:23,724 INFO: Skipped Chabauty because MW group hasn't been provably computed. (delta = ['1/2', '-3/2', '1'], g = [-4, 7, 0, -4, -4, 4])
2022-01-14 09:07:23,724 INFO: Skipped Chabauty because MW group hasn't been provably computed. (delta = ['2', '-4', '2', '-1/2', '3', '-2'], g = [-4, 7, 0, -4, -4, 4])
2022-01-14 09:07:23,724 INFO: Running elliptic Chabauty (delta = ['4', '-8', '1', '4', '4', '-4'], g = [-4, 7, 0, -4, -4, 4])...
2022-01-14 09:07:37,729 INFO: Chabauty completed successfully (delta = ['4', '-8', '1', '4', '4', '-4'], g = [-4, 7, 0, -4, -4, 4]).
2022-01-14 09:07:37,732 INFO: Skipped Chabauty because MW group hasn't been provably computed. (delta = ['1'], g = [-4, 7, 0, -4, -4, 4])
2022-01-14 09:07:37,772 INFO: Tasks complete. Recording data and exiting.
