2022-01-11 12:29:19,039 INFO: Initialized curve data.
2022-01-11 12:29:19,041 INFO: Setting up initial twist data...
2022-01-11 12:29:20,194 INFO: Twist setup complete.
2022-01-11 12:29:20,194 INFO: Searching for rational points on each twist...
2022-01-11 12:29:22,088 INFO: Finished searching for rational points on each twist.
2022-01-11 12:29:22,088 INFO: Testing local solvability of twists...
2022-01-11 12:29:31,129 INFO: Finished local solvability testing.
2022-01-11 12:29:31,130 INFO: Computing elliptic curve a-invariants...
2022-01-11 12:29:46,787 INFO: Finished computation of a-invariants.
2022-01-11 12:29:46,788 INFO: Computing MW group (delta = ['4', '-8', '1', '10', '0', '-1'], g = [-4, 9, 0, -10, 0, 1])...
2022-01-11 12:32:01,918 INFO: Finished MW computation (delta = ['4', '-8', '1', '10', '0', '-1'], g = [-4, 9, 0, -10, 0, 1])
2022-01-11 12:32:01,921 INFO: Computing MW group (delta = ['-4', '8', '0', '-10', '0', '1'], g = [-4, 9, 0, -10, 0, 1])...
2022-01-11 12:37:07,252 INFO: Finished MW computation (delta = ['-4', '8', '0', '-10', '0', '1'], g = [-4, 9, 0, -10, 0, 1])
2022-01-11 12:37:07,256 INFO: Skipped MW computation because no base point (delta = ['-16', '36', '-1', '-41', '0', '4'])
2022-01-11 12:37:07,256 INFO: Computing MW group (delta = ['1'], g = [-4, 9, 0, -10, 0, 1])...
2022-01-11 12:51:52,711 INFO: Finished MW computation (delta = ['1'], g = [-4, 9, 0, -10, 0, 1])
2022-01-11 12:51:52,716 INFO: Unable to use elliptic Chabauty on twist (delta = ['1'])
2022-01-11 12:51:52,718 INFO: Obstruction found to provably computing rational points. Exiting.
2022-01-13 17:36:40,248 INFO: Loaded curve data from file.
2022-01-13 17:36:40,248 INFO: Obstruction already found. Exiting.
