2022-01-12 09:25:20,687 INFO: Initialized curve data.
2022-01-12 09:25:20,689 INFO: Setting up initial twist data...
2022-01-12 09:25:21,855 INFO: Twist setup complete.
2022-01-12 09:25:21,855 INFO: Searching for rational points on each twist...
2022-01-12 09:25:24,237 INFO: Finished searching for rational points on each twist.
2022-01-12 09:25:24,237 INFO: Testing local solvability of twists...
2022-01-12 09:25:24,243 INFO: Finished local solvability testing.
2022-01-12 09:25:24,244 INFO: Computing elliptic curve a-invariants...
2022-01-12 09:25:32,937 INFO: Finished computation of a-invariants.
2022-01-12 09:25:32,938 INFO: Computing MW group (delta = ['4', '4', '25', '4', '-4', '-2'], g = [-2, -3, -12, -2, 2, 1])...
2022-01-12 09:26:18,207 INFO: Finished MW computation (delta = ['4', '4', '25', '4', '-4', '-2'], g = [-2, -3, -12, -2, 2, 1])
2022-01-12 09:26:18,209 INFO: Computing MW group (delta = ['1'], g = [-2, -3, -12, -2, 2, 1])...
2022-01-14 09:10:32,150 INFO: Loaded curve data from file.
2022-01-14 09:10:32,151 INFO: Reducing MW generators...
2022-01-14 09:10:32,319 INFO: Finished reducing MW generators.
2022-01-14 09:10:32,322 INFO: Running elliptic Chabauty (delta = ['4', '4', '25', '4', '-4', '-2'], g = [-2, -3, -12, -2, 2, 1])...
2022-01-14 09:10:40,738 INFO: Chabauty completed successfully (delta = ['4', '4', '25', '4', '-4', '-2'], g = [-2, -3, -12, -2, 2, 1]).
2022-01-14 09:10:40,740 INFO: Skipped Chabauty because MW generators haven't been computed. (delta = ['1'], g = [-2, -3, -12, -2, 2, 1])
2022-01-14 09:10:40,740 INFO: Skipped Chabauty because MW generators haven't been computed. (delta = ['0', '-1'], g = [-2, -3, -12, -2, 2, 1])
2022-01-14 09:10:40,740 INFO: Skipped Chabauty because MW generators haven't been computed. (delta = ['0', '-4', '-12', '-2', '2', '1'], g = [-2, -3, -12, -2, 2, 1])
2022-01-14 09:10:40,788 INFO: Tasks complete. Recording data and exiting.
2022-02-12 17:34:18,607 INFO: Loaded curve data from file.
2022-02-12 17:34:18,607 INFO: Computing elliptic Chabauty map... (delta = ['4', '4', '25', '4', '-4', '-2'], g = [-2, -3, -12, -2, 2, 1])
2022-02-12 17:34:27,038 INFO: Elliptic Chabauty map computed. (delta = ['4', '4', '25', '4', '-4', '-2'], g = [-2, -3, -12, -2, 2, 1])
2022-02-12 17:34:27,040 INFO: Computing elliptic Chabauty map... (delta = ['1'], g = [-2, -3, -12, -2, 2, 1])
2022-02-12 17:34:35,297 INFO: Elliptic Chabauty map computed. (delta = ['1'], g = [-2, -3, -12, -2, 2, 1])
2022-02-12 17:34:35,299 INFO: Computing elliptic Chabauty map... (delta = ['0', '-1'], g = [-2, -3, -12, -2, 2, 1])
2022-02-12 17:34:44,010 INFO: Elliptic Chabauty map computed. (delta = ['0', '-1'], g = [-2, -3, -12, -2, 2, 1])
2022-02-12 17:34:44,012 INFO: Computing elliptic Chabauty map... (delta = ['0', '-4', '-12', '-2', '2', '1'], g = [-2, -3, -12, -2, 2, 1])
2022-02-12 17:34:52,637 INFO: Elliptic Chabauty map computed. (delta = ['0', '-4', '-12', '-2', '2', '1'], g = [-2, -3, -12, -2, 2, 1])
2022-02-12 17:34:52,640 INFO: Tasks complete. Recording data and exiting.
