2022-01-11 15:10:13,431 INFO: Initialized curve data.
2022-01-11 15:10:13,433 INFO: Setting up initial twist data...
2022-01-11 15:10:14,284 INFO: Twist setup complete.
2022-01-11 15:10:14,284 INFO: Searching for rational points on each twist...
2022-01-11 15:10:15,965 INFO: Finished searching for rational points on each twist.
2022-01-11 15:10:15,965 INFO: Testing local solvability of twists...
2022-01-11 15:10:15,972 INFO: Finished local solvability testing.
2022-01-11 15:10:15,973 INFO: Computing elliptic curve a-invariants...
2022-01-11 15:10:21,955 INFO: Finished computation of a-invariants.
2022-01-11 15:10:21,957 INFO: Computing MW group (delta = ['3', '3', '9', '3', '-1', '1'], g = [4, 4, 9, 3, -1, 1])...
2022-01-11 15:11:50,962 INFO: Finished MW computation (delta = ['3', '3', '9', '3', '-1', '1'], g = [4, 4, 9, 3, -1, 1])
2022-01-11 15:11:50,966 INFO: Computing MW group (delta = ['16', '15', '34', '11', '-4', '4'], g = [4, 4, 9, 3, -1, 1])...
2022-01-11 15:13:38,849 INFO: Finished MW computation (delta = ['16', '15', '34', '11', '-4', '4'], g = [4, 4, 9, 3, -1, 1])
2022-01-11 15:13:38,852 INFO: Computing MW group (delta = ['1'], g = [4, 4, 9, 3, -1, 1])...
2022-01-11 15:15:37,694 INFO: Finished MW computation (delta = ['1'], g = [4, 4, 9, 3, -1, 1])
2022-01-11 15:15:37,699 INFO: Computing MW group (delta = ['4', '5', '10', '3', '-1', '1'], g = [4, 4, 9, 3, -1, 1])...
2022-01-14 09:07:24,900 INFO: Loaded curve data from file.
2022-01-14 09:07:24,900 INFO: Reducing MW generators...
2022-01-14 09:07:25,924 INFO: Finished reducing MW generators.
2022-01-14 09:07:25,931 INFO: Running elliptic Chabauty (delta = ['3', '3', '9', '3', '-1', '1'], g = [4, 4, 9, 3, -1, 1])...
2022-01-14 09:07:33,169 INFO: Chabauty completed successfully (delta = ['3', '3', '9', '3', '-1', '1'], g = [4, 4, 9, 3, -1, 1]).
2022-01-14 09:07:33,176 INFO: Running elliptic Chabauty (delta = ['16', '15', '34', '11', '-4', '4'], g = [4, 4, 9, 3, -1, 1])...
2022-01-14 09:08:16,115 INFO: Chabauty completed successfully (delta = ['16', '15', '34', '11', '-4', '4'], g = [4, 4, 9, 3, -1, 1]).
2022-01-14 09:08:16,118 INFO: Running elliptic Chabauty (delta = ['1'], g = [4, 4, 9, 3, -1, 1])...
2022-01-14 09:08:26,465 INFO: Chabauty completed successfully (delta = ['1'], g = [4, 4, 9, 3, -1, 1]).
2022-01-14 09:08:26,467 INFO: Skipped Chabauty because MW generators haven't been computed. (delta = ['4', '5', '10', '3', '-1', '1'], g = [4, 4, 9, 3, -1, 1])
2022-01-14 09:08:26,587 INFO: Tasks complete. Recording data and exiting.
2022-02-12 16:43:13,814 INFO: Loaded curve data from file.
2022-02-12 16:43:13,814 INFO: Computing elliptic Chabauty map... (delta = ['3', '3', '9', '3', '-1', '1'], g = [4, 4, 9, 3, -1, 1])
2022-02-12 16:43:22,085 INFO: Elliptic Chabauty map computed. (delta = ['3', '3', '9', '3', '-1', '1'], g = [4, 4, 9, 3, -1, 1])
2022-02-12 16:43:22,088 INFO: Computing elliptic Chabauty map... (delta = ['16', '15', '34', '11', '-4', '4'], g = [4, 4, 9, 3, -1, 1])
2022-02-12 16:43:30,200 INFO: Elliptic Chabauty map computed. (delta = ['16', '15', '34', '11', '-4', '4'], g = [4, 4, 9, 3, -1, 1])
2022-02-12 16:43:30,203 INFO: Computing elliptic Chabauty map... (delta = ['1'], g = [4, 4, 9, 3, -1, 1])
2022-02-12 16:43:37,934 INFO: Elliptic Chabauty map computed. (delta = ['1'], g = [4, 4, 9, 3, -1, 1])
2022-02-12 16:43:37,937 INFO: Computing elliptic Chabauty map... (delta = ['4', '5', '10', '3', '-1', '1'], g = [4, 4, 9, 3, -1, 1])
2022-02-12 16:43:45,611 INFO: Elliptic Chabauty map computed. (delta = ['4', '5', '10', '3', '-1', '1'], g = [4, 4, 9, 3, -1, 1])
2022-02-12 16:43:45,614 INFO: Tasks complete. Recording data and exiting.
