2022-01-11 15:13:03,520 INFO: Initialized curve data.
2022-01-11 15:13:03,524 INFO: Setting up initial twist data...
2022-01-11 15:13:04,517 INFO: Twist setup complete.
2022-01-11 15:13:04,517 INFO: Searching for rational points on each twist...
2022-01-11 15:13:06,298 INFO: Finished searching for rational points on each twist.
2022-01-11 15:13:06,298 INFO: Testing local solvability of twists...
2022-01-11 15:13:06,302 INFO: Finished local solvability testing.
2022-01-11 15:13:06,303 INFO: Computing elliptic curve a-invariants...
2022-01-11 15:13:33,112 INFO: Finished computation of a-invariants.
2022-01-11 15:13:33,113 INFO: Computing MW group (delta = ['8/3', '0', '-241/6', '181/2', '-71', '56/3'], g = [4, 1, -64, 140, -108, 28])...
2022-01-11 15:15:30,279 INFO: Finished MW computation (delta = ['8/3', '0', '-241/6', '181/2', '-71', '56/3'], g = [4, 1, -64, 140, -108, 28])
2022-01-11 15:15:30,281 INFO: Computing MW group (delta = ['1'], g = [4, 1, -64, 140, -108, 28])...
2022-01-11 15:19:25,741 INFO: Finished MW computation (delta = ['1'], g = [4, 1, -64, 140, -108, 28])
2022-01-11 15:19:25,745 INFO: Computing MW group (delta = ['4', '0', '-63', '140', '-108', '28'], g = [4, 1, -64, 140, -108, 28])...
2022-01-11 15:22:12,417 INFO: Finished MW computation (delta = ['4', '0', '-63', '140', '-108', '28'], g = [4, 1, -64, 140, -108, 28])
2022-01-11 15:22:12,420 INFO: Computing MW group (delta = ['2/3', '-11/6', '1'], g = [4, 1, -64, 140, -108, 28])...
2022-01-11 15:24:49,461 INFO: Finished MW computation (delta = ['2/3', '-11/6', '1'], g = [4, 1, -64, 140, -108, 28])
2022-01-11 15:24:49,469 INFO: Reducing MW generators...
2022-01-11 15:24:53,673 INFO: Finished reducing MW generators.
2022-01-11 15:24:53,676 INFO: Tasks complete. Recording data and exiting.
2022-01-14 09:07:37,986 INFO: Loaded curve data from file.
2022-01-14 09:07:37,987 INFO: Skipped Chabauty because MW group hasn't been provably computed. (delta = ['8/3', '0', '-241/6', '181/2', '-71', '56/3'], g = [4, 1, -64, 140, -108, 28])
2022-01-14 09:07:37,987 INFO: Running elliptic Chabauty (delta = ['1'], g = [4, 1, -64, 140, -108, 28])...
2022-01-14 09:08:01,147 INFO: Chabauty completed successfully (delta = ['1'], g = [4, 1, -64, 140, -108, 28]).
2022-01-14 09:08:01,150 INFO: Running elliptic Chabauty (delta = ['4', '0', '-63', '140', '-108', '28'], g = [4, 1, -64, 140, -108, 28])...
2022-01-14 09:08:41,094 INFO: Chabauty completed successfully (delta = ['4', '0', '-63', '140', '-108', '28'], g = [4, 1, -64, 140, -108, 28]).
2022-01-14 09:08:41,097 INFO: Running elliptic Chabauty (delta = ['2/3', '-11/6', '1'], g = [4, 1, -64, 140, -108, 28])...
2022-01-14 10:03:46,748 INFO: Chabauty completed successfully (delta = ['2/3', '-11/6', '1'], g = [4, 1, -64, 140, -108, 28]).
2022-01-14 10:03:46,895 INFO: Tasks complete. Recording data and exiting.
