2022-01-14 12:17:21,324 INFO: Initialized curve data.
2022-01-14 12:17:21,330 INFO: Setting up initial twist data...
2022-01-14 12:17:23,298 INFO: Twist setup complete.
2022-01-14 12:17:23,299 INFO: Searching for rational points on each twist...
2022-01-14 12:17:26,435 INFO: Finished searching for rational points on each twist.
2022-01-14 12:17:26,435 INFO: Testing local solvability of twists...
2022-01-14 12:17:26,448 INFO: Finished local solvability testing.
2022-01-14 12:17:26,450 INFO: Computing elliptic curve a-invariants...
2022-01-14 12:17:35,078 INFO: Finished computation of a-invariants.
2022-01-14 12:17:35,082 INFO: Computing MW group (delta = ['-7/3', '-1'], g = [-20, 8, 18, 1, 0, 1])...
2022-01-14 12:18:32,449 INFO: Finished MW computation (delta = ['-7/3', '-1'], g = [-20, 8, 18, 1, 0, 1])
2022-01-14 12:18:32,453 INFO: Computing MW group (delta = ['34/3', '5/3', '-5', '-1/3', '0', '-1/3'], g = [-20, 8, 18, 1, 0, 1])...
2022-01-14 15:52:22,750 INFO: Loaded curve data from file.
2022-01-14 15:52:22,751 INFO: Reducing MW generators...
2022-01-14 15:52:22,778 INFO: Finished reducing MW generators.
2022-01-14 15:52:22,780 INFO: Skipped Chabauty because MW group hasn't been provably computed. (delta = ['-7/3', '-1'], g = [-20, 8, 18, 1, 0, 1])
2022-01-14 15:52:22,780 INFO: Skipped Chabauty because MW generators haven't been computed. (delta = ['34/3', '5/3', '-5', '-1/3', '0', '-1/3'], g = [-20, 8, 18, 1, 0, 1])
2022-01-14 15:52:22,780 INFO: Skipped Chabauty because MW generators haven't been computed. (delta = ['1'], g = [-20, 8, 18, 1, 0, 1])
2022-01-14 15:52:22,780 INFO: Skipped Chabauty because MW generators haven't been computed. (delta = ['-22', '7', '18', '1', '0', '1'], g = [-20, 8, 18, 1, 0, 1])
2022-01-14 15:52:22,781 INFO: Tasks complete. Recording data and exiting.
