2022-01-11 12:32:45,442 INFO: Initialized curve data.
2022-01-11 12:32:45,446 INFO: Setting up initial twist data...
2022-01-11 12:32:46,308 INFO: Twist setup complete.
2022-01-11 12:32:46,308 INFO: Searching for rational points on each twist...
2022-01-11 12:32:47,628 INFO: Finished searching for rational points on each twist.
2022-01-11 12:32:47,628 INFO: Testing local solvability of twists...
2022-01-11 12:32:47,634 INFO: Finished local solvability testing.
2022-01-11 12:32:47,634 INFO: Computing elliptic curve a-invariants...
2022-01-11 12:32:59,180 INFO: Finished computation of a-invariants.
2022-01-11 12:32:59,182 INFO: Computing MW group (delta = ['1'], g = [4, 0, -12, -3, 2, 1])...
2022-01-11 12:35:40,593 INFO: Finished MW computation (delta = ['1'], g = [4, 0, -12, -3, 2, 1])
2022-01-11 12:35:40,597 INFO: Computing MW group (delta = ['4', '-1', '-12', '-3', '2', '1'], g = [4, 0, -12, -3, 2, 1])...
2022-01-11 12:37:31,528 INFO: Finished MW computation (delta = ['4', '-1', '-12', '-3', '2', '1'], g = [4, 0, -12, -3, 2, 1])
2022-01-11 12:37:31,532 INFO: Computing MW group (delta = ['-4', '1', '13', '3', '-2', '-1'], g = [4, 0, -12, -3, 2, 1])...
2022-01-11 12:41:30,479 INFO: Finished MW computation (delta = ['-4', '1', '13', '3', '-2', '-1'], g = [4, 0, -12, -3, 2, 1])
2022-01-11 12:41:30,483 INFO: Computing MW group (delta = ['-16', '0', '47', '11', '-8', '-4'], g = [4, 0, -12, -3, 2, 1])...
2022-01-11 12:43:04,923 INFO: Finished MW computation (delta = ['-16', '0', '47', '11', '-8', '-4'], g = [4, 0, -12, -3, 2, 1])
2022-01-11 12:43:04,928 INFO: Reducing MW generators...
2022-01-11 12:43:08,466 INFO: Finished reducing MW generators.
2022-01-11 12:43:08,469 INFO: Tasks complete. Recording data and exiting.
