2022-01-11 12:29:16,652 INFO: Initialized curve data.
2022-01-11 12:29:16,654 INFO: Setting up initial twist data...
2022-01-11 12:29:17,603 INFO: Twist setup complete.
2022-01-11 12:29:17,603 INFO: Searching for rational points on each twist...
2022-01-11 12:29:19,225 INFO: Finished searching for rational points on each twist.
2022-01-11 12:29:19,225 INFO: Testing local solvability of twists...
2022-01-11 12:29:26,637 INFO: Finished local solvability testing.
2022-01-11 12:29:26,638 INFO: Computing elliptic curve a-invariants...
2022-01-11 12:29:32,554 INFO: Finished computation of a-invariants.
2022-01-11 12:29:32,555 INFO: Skipped MW computation because no base point (delta = ['1/2', '-3/2', '1'])
2022-01-11 12:29:32,556 INFO: Computing MW group (delta = ['1', '-1', '-11/4', '-9', '31', '-19'], g = [-4, 3, 16, 28, -120, 76])...
2022-01-11 12:31:09,076 INFO: Finished MW computation (delta = ['1', '-1', '-11/4', '-9', '31', '-19'], g = [-4, 3, 16, 28, -120, 76])
2022-01-11 12:31:09,080 INFO: Computing MW group (delta = ['1'], g = [-4, 3, 16, 28, -120, 76])...
2022-01-13 17:36:37,854 INFO: Loaded curve data from file.
2022-01-13 17:36:37,855 INFO: Reducing MW generators...
2022-01-13 17:36:38,055 INFO: Finished reducing MW generators.
2022-01-13 17:36:38,065 INFO: Skipped Chabauty because no base point (delta = ['1/2', '-3/2', '1'])
2022-01-13 17:36:38,065 INFO: Skipped Chabauty because MW group hasn't been provably computed. (delta = ['1', '-1', '-11/4', '-9', '31', '-19'], g = [-4, 3, 16, 28, -120, 76])
2022-01-13 17:36:38,065 INFO: Skipped Chabauty because MW generators haven't been computed. (delta = ['1'], g = [-4, 3, 16, 28, -120, 76])
2022-01-13 17:36:38,065 INFO: Skipped Chabauty because MW generators haven't been computed. (delta = ['2', '-2', '-7', '-14', '60', '-38'], g = [-4, 3, 16, 28, -120, 76])
2022-01-13 17:36:38,128 INFO: Tasks complete. Recording data and exiting.
2022-02-12 17:50:47,736 INFO: Loaded curve data from file.
2022-02-12 17:50:47,736 INFO: Computing elliptic Chabauty map... (delta = ['1', '-1', '-11/4', '-9', '31', '-19'], g = [-4, 3, 16, 28, -120, 76])
2022-02-12 17:51:02,301 INFO: Elliptic Chabauty map computed. (delta = ['1', '-1', '-11/4', '-9', '31', '-19'], g = [-4, 3, 16, 28, -120, 76])
2022-02-12 17:51:02,304 INFO: Computing elliptic Chabauty map... (delta = ['1'], g = [-4, 3, 16, 28, -120, 76])
2022-02-12 17:51:16,503 INFO: Elliptic Chabauty map computed. (delta = ['1'], g = [-4, 3, 16, 28, -120, 76])
2022-02-12 17:51:16,505 INFO: Computing elliptic Chabauty map... (delta = ['2', '-2', '-7', '-14', '60', '-38'], g = [-4, 3, 16, 28, -120, 76])
2022-02-12 17:51:30,575 INFO: Elliptic Chabauty map computed. (delta = ['2', '-2', '-7', '-14', '60', '-38'], g = [-4, 3, 16, 28, -120, 76])
2022-02-12 17:51:30,578 INFO: Tasks complete. Recording data and exiting.
