2022-01-11 15:20:06,512 INFO: Initialized curve data.
2022-01-11 15:20:06,513 INFO: Setting up initial twist data...
2022-01-11 15:20:07,564 INFO: Twist setup complete.
2022-01-11 15:20:07,564 INFO: Searching for rational points on each twist...
2022-01-11 15:20:09,064 INFO: Finished searching for rational points on each twist.
2022-01-11 15:20:09,065 INFO: Testing local solvability of twists...
2022-01-11 15:20:09,069 INFO: Finished local solvability testing.
2022-01-11 15:20:09,070 INFO: Computing elliptic curve a-invariants...
2022-01-11 15:20:18,205 INFO: Finished computation of a-invariants.
2022-01-11 15:20:18,206 INFO: Computing MW group (delta = ['-64', '-192', '-161', '-33', '0', '-8'], g = [8, 24, 20, 4, 0, 1])...
2022-01-11 15:21:25,110 INFO: Finished MW computation (delta = ['-64', '-192', '-161', '-33', '0', '-8'], g = [8, 24, 20, 4, 0, 1])
2022-01-11 15:21:25,112 INFO: Computing MW group (delta = ['1'], g = [8, 24, 20, 4, 0, 1])...
2022-01-11 15:22:35,838 INFO: Finished MW computation (delta = ['1'], g = [8, 24, 20, 4, 0, 1])
2022-01-11 15:22:35,843 INFO: Computing MW group (delta = ['-8', '-23', '-19', '-4', '0', '-1'], g = [8, 24, 20, 4, 0, 1])...
2022-01-11 15:23:08,224 INFO: Finished MW computation (delta = ['-8', '-23', '-19', '-4', '0', '-1'], g = [8, 24, 20, 4, 0, 1])
2022-01-11 15:23:08,227 INFO: Computing MW group (delta = ['8', '23', '20', '4', '0', '1'], g = [8, 24, 20, 4, 0, 1])...
2022-01-11 15:23:28,941 INFO: Finished MW computation (delta = ['8', '23', '20', '4', '0', '1'], g = [8, 24, 20, 4, 0, 1])
2022-01-11 15:23:28,944 INFO: Reducing MW generators...
2022-01-11 15:23:32,879 INFO: Finished reducing MW generators.
2022-01-11 15:23:32,881 INFO: Tasks complete. Recording data and exiting.
2022-01-14 09:07:48,584 INFO: Loaded curve data from file.
2022-01-14 09:07:48,585 INFO: Running elliptic Chabauty (delta = ['-64', '-192', '-161', '-33', '0', '-8'], g = [8, 24, 20, 4, 0, 1])...
2022-01-14 09:22:37,500 INFO: Chabauty completed successfully (delta = ['-64', '-192', '-161', '-33', '0', '-8'], g = [8, 24, 20, 4, 0, 1]).
2022-01-14 09:22:37,504 INFO: Running elliptic Chabauty (delta = ['1'], g = [8, 24, 20, 4, 0, 1])...
2022-01-14 09:22:44,797 INFO: Chabauty completed successfully (delta = ['1'], g = [8, 24, 20, 4, 0, 1]).
2022-01-14 09:22:44,799 INFO: Running elliptic Chabauty (delta = ['-8', '-23', '-19', '-4', '0', '-1'], g = [8, 24, 20, 4, 0, 1])...
2022-01-14 09:23:30,543 INFO: Chabauty completed successfully (delta = ['-8', '-23', '-19', '-4', '0', '-1'], g = [8, 24, 20, 4, 0, 1]).
2022-01-14 09:23:30,546 INFO: Running elliptic Chabauty (delta = ['8', '23', '20', '4', '0', '1'], g = [8, 24, 20, 4, 0, 1])...
2022-01-14 09:24:39,666 INFO: Chabauty completed successfully (delta = ['8', '23', '20', '4', '0', '1'], g = [8, 24, 20, 4, 0, 1]).
2022-01-14 09:24:39,879 INFO: Rational points successfully computed.
2022-01-14 09:24:39,883 INFO: Tasks complete. Recording data and exiting.
