2022-01-13 21:54:43,593 INFO: Initialized curve data.
2022-01-13 21:54:43,595 INFO: Setting up initial twist data...
2022-01-13 21:54:44,387 INFO: Twist setup complete.
2022-01-13 21:54:44,387 INFO: Searching for rational points on each twist...
2022-01-13 21:54:45,619 INFO: Finished searching for rational points on each twist.
2022-01-13 21:54:45,619 INFO: Testing local solvability of twists...
2022-01-13 21:55:16,523 INFO: Finished local solvability testing.
2022-01-13 21:55:16,525 INFO: Computing elliptic curve a-invariants...
2022-01-13 21:55:33,318 INFO: Finished computation of a-invariants.
2022-01-13 21:55:33,320 INFO: Computing MW group (delta = ['4', '27', '32', '-60', '16', '1'], g = [4, 28, 32, -60, 16, 1])...
2022-01-13 22:02:29,651 INFO: Finished MW computation (delta = ['4', '27', '32', '-60', '16', '1'], g = [4, 28, 32, -60, 16, 1])
2022-01-13 22:02:29,654 INFO: Skipped MW computation because no base point (delta = ['-1/4', '-1'])
2022-01-13 22:02:29,654 INFO: Computing MW group (delta = ['1'], g = [4, 28, 32, -60, 16, 1])...
2022-01-14 11:35:20,232 INFO: Loaded curve data from file.
2022-01-14 11:35:20,233 INFO: Reducing MW generators...
2022-01-14 11:35:20,432 INFO: Finished reducing MW generators.
2022-01-14 11:35:20,434 INFO: Skipped Chabauty because MW group hasn't been provably computed. (delta = ['4', '27', '32', '-60', '16', '1'], g = [4, 28, 32, -60, 16, 1])
2022-01-14 11:35:20,434 INFO: Skipped Chabauty because no base point (delta = ['-1/4', '-1'])
2022-01-14 11:35:20,434 INFO: Skipped Chabauty because MW generators haven't been computed. (delta = ['1'], g = [4, 28, 32, -60, 16, 1])
2022-01-14 11:35:20,434 INFO: Skipped Chabauty because MW generators haven't been computed. (delta = ['-1', '-27/4', '-7', '15', '-4', '-1/4'], g = [4, 28, 32, -60, 16, 1])
2022-01-14 11:35:20,474 INFO: Tasks complete. Recording data and exiting.
