2022-01-11 15:10:15,899 INFO: Initialized curve data.
2022-01-11 15:10:15,903 INFO: Setting up initial twist data...
2022-01-11 15:10:16,837 INFO: Twist setup complete.
2022-01-11 15:10:16,838 INFO: Searching for rational points on each twist...
2022-01-11 15:10:18,328 INFO: Finished searching for rational points on each twist.
2022-01-11 15:10:18,328 INFO: Testing local solvability of twists...
2022-01-11 15:10:19,869 INFO: Finished local solvability testing.
2022-01-11 15:10:19,870 INFO: Computing elliptic curve a-invariants...
2022-01-11 15:10:24,990 INFO: Finished computation of a-invariants.
2022-01-11 15:10:24,991 INFO: Computing MW group (delta = ['4', '11', '16', '8', '8', '1'], g = [4, 12, 16, 8, 8, 1])...
2022-01-11 15:10:45,750 INFO: Finished MW computation (delta = ['4', '11', '16', '8', '8', '1'], g = [4, 12, 16, 8, 8, 1])
2022-01-11 15:10:45,752 INFO: Skipped MW computation because no base point (delta = ['1', '-1'])
2022-01-11 15:10:45,753 INFO: Computing MW group (delta = ['1'], g = [4, 12, 16, 8, 8, 1])...
2022-01-11 15:11:37,834 INFO: Finished MW computation (delta = ['1'], g = [4, 12, 16, 8, 8, 1])
2022-01-11 15:11:37,837 INFO: Computing MW group (delta = ['4', '11', '17', '8', '8', '1'], g = [4, 12, 16, 8, 8, 1])...
2022-01-14 09:07:32,458 INFO: Loaded curve data from file.
2022-01-14 09:07:32,459 INFO: Reducing MW generators...
2022-01-14 09:07:33,170 INFO: Finished reducing MW generators.
2022-01-14 09:07:33,175 INFO: Running elliptic Chabauty (delta = ['4', '11', '16', '8', '8', '1'], g = [4, 12, 16, 8, 8, 1])...
2022-01-14 09:07:46,368 INFO: Chabauty completed successfully (delta = ['4', '11', '16', '8', '8', '1'], g = [4, 12, 16, 8, 8, 1]).
2022-01-14 09:07:46,370 INFO: Skipped Chabauty because no base point (delta = ['1', '-1'])
2022-01-14 09:07:46,370 INFO: Running elliptic Chabauty (delta = ['1'], g = [4, 12, 16, 8, 8, 1])...
2022-01-14 09:08:03,516 INFO: Chabauty completed successfully (delta = ['1'], g = [4, 12, 16, 8, 8, 1]).
2022-01-14 09:08:03,518 INFO: Skipped Chabauty because MW generators haven't been computed. (delta = ['4', '11', '17', '8', '8', '1'], g = [4, 12, 16, 8, 8, 1])
2022-01-14 09:08:03,619 INFO: Tasks complete. Recording data and exiting.
2022-02-12 16:42:46,856 INFO: Loaded curve data from file.
2022-02-12 16:42:46,857 INFO: Computing elliptic Chabauty map... (delta = ['4', '11', '16', '8', '8', '1'], g = [4, 12, 16, 8, 8, 1])
2022-02-12 16:43:00,784 INFO: Elliptic Chabauty map computed. (delta = ['4', '11', '16', '8', '8', '1'], g = [4, 12, 16, 8, 8, 1])
2022-02-12 16:43:00,786 INFO: Computing elliptic Chabauty map... (delta = ['1'], g = [4, 12, 16, 8, 8, 1])
2022-02-12 16:43:14,074 INFO: Elliptic Chabauty map computed. (delta = ['1'], g = [4, 12, 16, 8, 8, 1])
2022-02-12 16:43:14,076 INFO: Computing elliptic Chabauty map... (delta = ['4', '11', '17', '8', '8', '1'], g = [4, 12, 16, 8, 8, 1])
2022-02-12 16:43:27,409 INFO: Elliptic Chabauty map computed. (delta = ['4', '11', '17', '8', '8', '1'], g = [4, 12, 16, 8, 8, 1])
2022-02-12 16:43:27,411 INFO: Tasks complete. Recording data and exiting.
