2022-01-11 12:34:54,655 INFO: Initialized curve data.
2022-01-11 12:34:54,658 INFO: Setting up initial twist data...
2022-01-11 12:34:55,945 INFO: Twist setup complete.
2022-01-11 12:34:55,945 INFO: Searching for rational points on each twist...
2022-01-11 12:34:59,115 INFO: Finished searching for rational points on each twist.
2022-01-11 12:34:59,116 INFO: Testing local solvability of twists...
2022-01-11 12:35:27,367 INFO: Finished local solvability testing.
2022-01-11 12:35:27,369 INFO: Computing elliptic curve a-invariants...
2022-01-11 12:35:33,327 INFO: Finished computation of a-invariants.
2022-01-11 12:35:33,332 INFO: Skipped MW computation because no base point (delta = ['256', '-256', '-1532', '2680', '-1339', '127'])
2022-01-11 12:35:33,332 INFO: Computing MW group (delta = ['1'], g = [-2, 1])...
2022-01-11 12:35:33,678 INFO: Finished MW computation (delta = ['1'], g = [-2, 1])
2022-01-11 12:35:33,680 INFO: Computing MW group (delta = ['1'], g = [-4, -4, 16, -10, 1])...
2022-01-11 12:35:52,343 INFO: Finished MW computation (delta = ['1'], g = [-4, -4, 16, -10, 1])
2022-01-11 12:35:52,349 INFO: Computing MW group (delta = ['128', '48', '-590', '639', '-232', '20'], g = [-2, 1])...
2022-01-11 12:35:52,605 INFO: Finished MW computation (delta = ['128', '48', '-590', '639', '-232', '20'], g = [-2, 1])
2022-01-11 12:35:52,608 INFO: Computing MW group (delta = ['128', '48', '-590', '639', '-232', '20'], g = [-4, -4, 16, -10, 1])...
2022-01-11 12:36:01,122 INFO: Finished MW computation (delta = ['128', '48', '-590', '639', '-232', '20'], g = [-4, -4, 16, -10, 1])
2022-01-11 12:36:01,126 INFO: Skipped MW computation because no base point (delta = ['2', '1', '5', '-16', '10', '-1'])
2022-01-11 12:36:01,126 INFO: Computing MW group (delta = ['8', '3', '-36', '36', '-12', '1'], g = [-2, 1])...
2022-01-11 12:36:01,373 INFO: Finished MW computation (delta = ['8', '3', '-36', '36', '-12', '1'], g = [-2, 1])
2022-01-11 12:36:01,377 INFO: Computing MW group (delta = ['8', '3', '-36', '36', '-12', '1'], g = [-4, -4, 16, -10, 1])...
2022-01-11 12:36:09,026 INFO: Finished MW computation (delta = ['8', '3', '-36', '36', '-12', '1'], g = [-4, -4, 16, -10, 1])
2022-01-11 12:36:09,031 INFO: Computing MW group (delta = ['32', '204', '56', '-629', '433', '-44'], g = [-2, 1])...
2022-01-11 12:36:09,374 INFO: Finished MW computation (delta = ['32', '204', '56', '-629', '433', '-44'], g = [-2, 1])
2022-01-11 12:36:09,377 INFO: Computing MW group (delta = ['32', '204', '56', '-629', '433', '-44'], g = [-4, -4, 16, -10, 1])...
2022-01-11 12:36:23,503 INFO: Finished MW computation (delta = ['32', '204', '56', '-629', '433', '-44'], g = [-4, -4, 16, -10, 1])
2022-01-11 12:36:23,507 INFO: Skipped MW computation because no base point (delta = ['16', '-2', '-77', '103', '-44', '4'])
2022-01-11 12:36:23,508 INFO: Computing MW group (delta = ['16', '14', '-63', '40', '-4'], g = [-2, 1])...
2022-01-11 12:36:23,849 INFO: Finished MW computation (delta = ['16', '14', '-63', '40', '-4'], g = [-2, 1])
2022-01-11 12:36:23,853 INFO: Computing MW group (delta = ['16', '14', '-63', '40', '-4'], g = [-4, -4, 16, -10, 1])...
2022-01-11 12:36:46,917 INFO: Finished MW computation (delta = ['16', '14', '-63', '40', '-4'], g = [-4, -4, 16, -10, 1])
2022-01-11 12:36:46,924 INFO: Reducing MW generators...
2022-01-11 12:36:52,828 INFO: Finished reducing MW generators.
2022-01-11 12:36:52,833 INFO: Tasks complete. Recording data and exiting.
