2022-01-12 09:25:14,934 INFO: Initialized curve data.
2022-01-12 09:25:14,938 INFO: Setting up initial twist data...
2022-01-12 09:25:16,022 INFO: Twist setup complete.
2022-01-12 09:25:16,023 INFO: Searching for rational points on each twist...
2022-01-12 09:25:17,972 INFO: Finished searching for rational points on each twist.
2022-01-12 09:25:17,973 INFO: Testing local solvability of twists...
2022-01-12 09:25:20,466 INFO: Finished local solvability testing.
2022-01-12 09:25:20,468 INFO: Computing elliptic curve a-invariants...
2022-01-12 09:25:31,194 INFO: Finished computation of a-invariants.
2022-01-12 09:25:31,196 INFO: Computing MW group (delta = ['-4', '-7', '-5', '7', '4', '-1'], g = [4, 8, 4, -8, -4, 1])...
2022-01-12 09:27:04,632 INFO: Finished MW computation (delta = ['-4', '-7', '-5', '7', '4', '-1'], g = [4, 8, 4, -8, -4, 1])
2022-01-12 09:27:04,637 INFO: Computing MW group (delta = ['1'], g = [4, 8, 4, -8, -4, 1])...
2022-01-12 09:27:30,176 INFO: Finished MW computation (delta = ['1'], g = [4, 8, 4, -8, -4, 1])
2022-01-12 09:27:30,181 INFO: Skipped MW computation because no base point (delta = ['-1', '1', '1'])
2022-01-12 09:27:30,181 INFO: Computing MW group (delta = ['4', '7', '4', '-8', '-4', '1'], g = [4, 8, 4, -8, -4, 1])...
2022-01-12 09:28:21,211 INFO: Finished MW computation (delta = ['4', '7', '4', '-8', '-4', '1'], g = [4, 8, 4, -8, -4, 1])
2022-01-12 09:28:21,220 INFO: Reducing MW generators...
2022-01-12 09:28:28,294 INFO: Finished reducing MW generators.
2022-01-12 09:28:28,299 INFO: Tasks complete. Recording data and exiting.
2022-01-14 09:10:34,031 INFO: Loaded curve data from file.
2022-01-14 09:10:34,032 INFO: Running elliptic Chabauty (delta = ['-4', '-7', '-5', '7', '4', '-1'], g = [4, 8, 4, -8, -4, 1])...
2022-01-14 09:11:22,845 INFO: Chabauty completed successfully (delta = ['-4', '-7', '-5', '7', '4', '-1'], g = [4, 8, 4, -8, -4, 1]).
2022-01-14 09:11:22,848 INFO: Running elliptic Chabauty (delta = ['1'], g = [4, 8, 4, -8, -4, 1])...
2022-01-14 09:11:42,732 INFO: Chabauty completed successfully (delta = ['1'], g = [4, 8, 4, -8, -4, 1]).
2022-01-14 09:11:42,735 INFO: Skipped Chabauty because no base point (delta = ['-1', '1', '1'])
2022-01-14 09:11:42,735 INFO: Running elliptic Chabauty (delta = ['4', '7', '4', '-8', '-4', '1'], g = [4, 8, 4, -8, -4, 1])...
2022-01-14 09:12:06,953 INFO: Chabauty completed successfully (delta = ['4', '7', '4', '-8', '-4', '1'], g = [4, 8, 4, -8, -4, 1]).
2022-01-14 09:12:07,186 INFO: Rational points successfully computed.
2022-01-14 09:12:07,189 INFO: Tasks complete. Recording data and exiting.
2022-02-12 17:22:19,821 INFO: Loaded curve data from file.
2022-02-12 17:22:19,821 INFO: Computing elliptic Chabauty map... (delta = ['-4', '-7', '-5', '7', '4', '-1'], g = [4, 8, 4, -8, -4, 1])
2022-02-12 17:22:36,194 INFO: Elliptic Chabauty map computed. (delta = ['-4', '-7', '-5', '7', '4', '-1'], g = [4, 8, 4, -8, -4, 1])
2022-02-12 17:22:36,196 INFO: Computing elliptic Chabauty map... (delta = ['1'], g = [4, 8, 4, -8, -4, 1])
2022-02-12 17:22:52,230 INFO: Elliptic Chabauty map computed. (delta = ['1'], g = [4, 8, 4, -8, -4, 1])
2022-02-12 17:22:52,232 INFO: Computing elliptic Chabauty map... (delta = ['4', '7', '4', '-8', '-4', '1'], g = [4, 8, 4, -8, -4, 1])
2022-02-12 17:23:08,215 INFO: Elliptic Chabauty map computed. (delta = ['4', '7', '4', '-8', '-4', '1'], g = [4, 8, 4, -8, -4, 1])
2022-02-12 17:23:08,218 INFO: Tasks complete. Recording data and exiting.
