2022-02-01 12:30:16,860 INFO: Initialized curve data.
2022-02-01 12:30:16,865 INFO: Setting up initial twist data...
2022-02-01 12:30:17,844 INFO: Twist setup complete.
2022-02-01 12:30:17,844 INFO: Searching for rational points on each twist...
2022-02-01 12:30:19,461 INFO: Finished searching for rational points on each twist.
2022-02-01 12:30:19,461 INFO: Testing local solvability of twists...
2022-02-01 12:30:31,251 INFO: Finished local solvability testing.
2022-02-01 12:30:31,253 INFO: Computing elliptic curve a-invariants...
2022-02-01 12:30:36,958 INFO: Finished computation of a-invariants.
2022-02-01 12:30:36,960 INFO: Skipped MW computation because no base point (delta = ['-16', '-16', '15', '44', '1', '-32'])
2022-02-01 12:30:36,960 INFO: Computing MW group (delta = ['-4', '-3', '5', '11', '0', '-8'], g = [4, 4, -4, -11, 0, 8])...
2022-02-01 12:32:00,412 INFO: Finished MW computation (delta = ['-4', '-3', '5', '11', '0', '-8'], g = [4, 4, -4, -11, 0, 8])
2022-02-01 12:32:00,414 INFO: Computing MW group (delta = ['1'], g = [4, 4, -4, -11, 0, 8])...
2022-02-02 04:42:40,002 INFO: Loaded curve data from file.
2022-02-02 04:42:40,002 INFO: Reducing MW generators...
2022-02-02 04:42:40,027 INFO: Finished reducing MW generators.
2022-02-02 04:42:40,029 INFO: Skipped Chabauty because no base point (delta = ['-16', '-16', '15', '44', '1', '-32'])
2022-02-02 04:42:40,029 INFO: Skipped Chabauty because MW group hasn't been provably computed. (delta = ['-4', '-3', '5', '11', '0', '-8'], g = [4, 4, -4, -11, 0, 8])
2022-02-02 04:42:40,029 INFO: Skipped Chabauty because MW generators haven't been computed. (delta = ['1'], g = [4, 4, -4, -11, 0, 8])
2022-02-02 04:42:40,029 INFO: Skipped Chabauty because MW generators haven't been computed. (delta = ['4', '3', '-3', '-11', '0', '8'], g = [4, 4, -4, -11, 0, 8])
2022-02-02 04:42:40,071 INFO: Tasks complete. Recording data and exiting.
2022-02-12 17:14:27,990 INFO: Loaded curve data from file.
2022-02-12 17:14:27,990 INFO: Computing elliptic Chabauty map... (delta = ['-4', '-3', '5', '11', '0', '-8'], g = [4, 4, -4, -11, 0, 8])
2022-02-12 17:14:36,206 INFO: Elliptic Chabauty map computed. (delta = ['-4', '-3', '5', '11', '0', '-8'], g = [4, 4, -4, -11, 0, 8])
2022-02-12 17:14:36,208 INFO: Computing elliptic Chabauty map... (delta = ['1'], g = [4, 4, -4, -11, 0, 8])
2022-02-12 17:14:44,298 INFO: Elliptic Chabauty map computed. (delta = ['1'], g = [4, 4, -4, -11, 0, 8])
2022-02-12 17:14:44,299 INFO: Computing elliptic Chabauty map... (delta = ['4', '3', '-3', '-11', '0', '8'], g = [4, 4, -4, -11, 0, 8])
2022-02-12 17:14:52,308 INFO: Elliptic Chabauty map computed. (delta = ['4', '3', '-3', '-11', '0', '8'], g = [4, 4, -4, -11, 0, 8])
2022-02-12 17:14:52,310 INFO: Tasks complete. Recording data and exiting.
