2022-02-01 12:33:53,824 INFO: Initialized curve data.
2022-02-01 12:33:53,828 INFO: Setting up initial twist data...
2022-02-01 12:33:55,157 INFO: Twist setup complete.
2022-02-01 12:33:55,157 INFO: Searching for rational points on each twist...
2022-02-01 12:33:57,173 INFO: Finished searching for rational points on each twist.
2022-02-01 12:33:57,173 INFO: Testing local solvability of twists...
2022-02-01 12:33:57,180 INFO: Finished local solvability testing.
2022-02-01 12:33:57,181 INFO: Computing elliptic curve a-invariants...
2022-02-01 12:34:06,361 INFO: Finished computation of a-invariants.
2022-02-01 12:34:06,363 INFO: Computing MW group (delta = ['4/3', '0', '-61/3', '-52/3', '268/3', '340/3'], g = [4, 1, -64, -52, 268, 340])...
2022-02-01 12:36:28,669 INFO: Finished MW computation (delta = ['4/3', '0', '-61/3', '-52/3', '268/3', '340/3'], g = [4, 1, -64, -52, 268, 340])
2022-02-01 12:36:28,672 INFO: Computing MW group (delta = ['1'], g = [4, 1, -64, -52, 268, 340])...
2022-02-01 12:37:38,830 INFO: Finished MW computation (delta = ['1'], g = [4, 1, -64, -52, 268, 340])
2022-02-01 12:37:38,834 INFO: Computing MW group (delta = ['-4/9', '0', '59/9', '55/9', '-259/9', '-340/9'], g = [4, 1, -64, -52, 268, 340])...
2022-02-01 12:50:16,700 INFO: Finished MW computation (delta = ['-4/9', '0', '59/9', '55/9', '-259/9', '-340/9'], g = [4, 1, -64, -52, 268, 340])
2022-02-01 12:50:16,702 INFO: Computing MW group (delta = ['-1/3', '2/3', '1'], g = [4, 1, -64, -52, 268, 340])...
2022-02-02 04:48:18,947 INFO: Loaded curve data from file.
2022-02-02 04:48:18,947 INFO: Reducing MW generators...
2022-02-02 04:48:19,026 INFO: Finished reducing MW generators.
2022-02-02 04:48:19,028 INFO: Skipped Chabauty because MW group hasn't been provably computed. (delta = ['4/3', '0', '-61/3', '-52/3', '268/3', '340/3'], g = [4, 1, -64, -52, 268, 340])
2022-02-02 04:48:19,028 INFO: Skipped Chabauty because MW group hasn't been provably computed. (delta = ['1'], g = [4, 1, -64, -52, 268, 340])
2022-02-02 04:48:19,028 INFO: Skipped Chabauty because MW group hasn't been provably computed. (delta = ['-4/9', '0', '59/9', '55/9', '-259/9', '-340/9'], g = [4, 1, -64, -52, 268, 340])
2022-02-02 04:48:19,028 INFO: Skipped Chabauty because MW generators haven't been computed. (delta = ['-1/3', '2/3', '1'], g = [4, 1, -64, -52, 268, 340])
2022-02-02 04:48:19,029 INFO: Tasks complete. Recording data and exiting.
2022-02-12 16:55:45,719 INFO: Loaded curve data from file.
2022-02-12 16:55:45,719 INFO: Computing elliptic Chabauty map... (delta = ['4/3', '0', '-61/3', '-52/3', '268/3', '340/3'], g = [4, 1, -64, -52, 268, 340])
2022-02-12 16:56:00,780 INFO: Elliptic Chabauty map computed. (delta = ['4/3', '0', '-61/3', '-52/3', '268/3', '340/3'], g = [4, 1, -64, -52, 268, 340])
2022-02-12 16:56:00,782 INFO: Computing elliptic Chabauty map... (delta = ['1'], g = [4, 1, -64, -52, 268, 340])
2022-02-12 16:56:15,989 INFO: Elliptic Chabauty map computed. (delta = ['1'], g = [4, 1, -64, -52, 268, 340])
2022-02-12 16:56:15,991 INFO: Computing elliptic Chabauty map... (delta = ['-4/9', '0', '59/9', '55/9', '-259/9', '-340/9'], g = [4, 1, -64, -52, 268, 340])
2022-02-12 16:56:31,077 INFO: Elliptic Chabauty map computed. (delta = ['-4/9', '0', '59/9', '55/9', '-259/9', '-340/9'], g = [4, 1, -64, -52, 268, 340])
2022-02-12 16:56:31,079 INFO: Computing elliptic Chabauty map... (delta = ['-1/3', '2/3', '1'], g = [4, 1, -64, -52, 268, 340])
2022-02-12 16:56:46,032 INFO: Elliptic Chabauty map computed. (delta = ['-1/3', '2/3', '1'], g = [4, 1, -64, -52, 268, 340])
2022-02-12 16:56:46,035 INFO: Tasks complete. Recording data and exiting.
