2022-02-01 12:30:06,588 INFO: Initialized curve data.
2022-02-01 12:30:06,591 INFO: Setting up initial twist data...
2022-02-01 12:30:07,522 INFO: Twist setup complete.
2022-02-01 12:30:07,522 INFO: Searching for rational points on each twist...
2022-02-01 12:30:13,543 INFO: Finished searching for rational points on each twist.
2022-02-01 12:30:13,543 INFO: Testing local solvability of twists...
2022-02-01 12:30:32,391 INFO: Finished local solvability testing.
2022-02-01 12:30:32,394 INFO: Computing elliptic curve a-invariants...
2022-02-01 12:30:38,609 INFO: Finished computation of a-invariants.
2022-02-01 12:30:38,612 INFO: Skipped MW computation because no base point (delta = ['1/2', '0', '-1', '-3', '4'])
2022-02-01 12:30:38,613 INFO: Computing MW group (delta = ['4/5', '-8/5', '-7/5', '0', '36/5', '-24/5'], g = [-1, 1])...
2022-02-01 12:30:38,976 INFO: Finished MW computation (delta = ['4/5', '-8/5', '-7/5', '0', '36/5', '-24/5'], g = [-1, 1])
2022-02-01 12:30:38,979 INFO: Computing MW group (delta = ['4/5', '-8/5', '-7/5', '0', '36/5', '-24/5'], g = [1, 0, -3, -3, 6])...
2022-02-01 12:30:44,631 INFO: Finished MW computation (delta = ['4/5', '-8/5', '-7/5', '0', '36/5', '-24/5'], g = [1, 0, -3, -3, 6])
2022-02-01 12:30:44,638 INFO: Computing MW group (delta = ['1'], g = [-1, 1])...
2022-02-01 12:30:44,940 INFO: Finished MW computation (delta = ['1'], g = [-1, 1])
2022-02-01 12:30:44,943 INFO: Computing MW group (delta = ['1'], g = [1, 0, -3, -3, 6])...
2022-02-01 12:30:50,551 INFO: Finished MW computation (delta = ['1'], g = [1, 0, -3, -3, 6])
2022-02-01 12:30:50,557 INFO: Computing MW group (delta = ['1/2', '-1', '-1/2', '0', '9/2', '-3'], g = [-1, 1])...
2022-02-01 12:30:50,891 INFO: Finished MW computation (delta = ['1/2', '-1', '-1/2', '0', '9/2', '-3'], g = [-1, 1])
2022-02-01 12:30:50,896 INFO: Computing MW group (delta = ['1/2', '-1', '-1/2', '0', '9/2', '-3'], g = [1, 0, -3, -3, 6])...
2022-02-01 12:30:56,553 INFO: Finished MW computation (delta = ['1/2', '-1', '-1/2', '0', '9/2', '-3'], g = [1, 0, -3, -3, 6])
2022-02-01 12:30:56,559 INFO: Computing MW group (delta = ['4/5', '-3/5', '-8/5', '-12/5', '38/5', '-18/5'], g = [-1, 1])...
2022-02-01 12:30:56,895 INFO: Finished MW computation (delta = ['4/5', '-3/5', '-8/5', '-12/5', '38/5', '-18/5'], g = [-1, 1])
2022-02-01 12:30:56,899 INFO: Computing MW group (delta = ['4/5', '-3/5', '-8/5', '-12/5', '38/5', '-18/5'], g = [1, 0, -3, -3, 6])...
2022-02-01 12:31:02,565 INFO: Finished MW computation (delta = ['4/5', '-3/5', '-8/5', '-12/5', '38/5', '-18/5'], g = [1, 0, -3, -3, 6])
2022-02-01 12:31:02,572 INFO: Computing MW group (delta = ['2/5', '-2/5', '-4/5', '-13/10', '23/5', '-12/5'], g = [-1, 1])...
2022-02-01 12:31:02,878 INFO: Finished MW computation (delta = ['2/5', '-2/5', '-4/5', '-13/10', '23/5', '-12/5'], g = [-1, 1])
2022-02-01 12:31:02,883 INFO: Computing MW group (delta = ['2/5', '-2/5', '-4/5', '-13/10', '23/5', '-12/5'], g = [1, 0, -3, -3, 6])...
2022-02-01 12:31:06,497 INFO: Finished MW computation (delta = ['2/5', '-2/5', '-4/5', '-13/10', '23/5', '-12/5'], g = [1, 0, -3, -3, 6])
2022-02-01 12:31:06,504 INFO: Computing MW group (delta = ['1', '-1', '-2', '-3', '6'], g = [-1, 1])...
2022-02-01 12:31:06,826 INFO: Finished MW computation (delta = ['1', '-1', '-2', '-3', '6'], g = [-1, 1])
2022-02-01 12:31:06,830 INFO: Computing MW group (delta = ['1', '-1', '-2', '-3', '6'], g = [1, 0, -3, -3, 6])...
2022-02-01 12:31:12,860 INFO: Finished MW computation (delta = ['1', '-1', '-2', '-3', '6'], g = [1, 0, -3, -3, 6])
2022-02-01 12:31:12,867 INFO: Skipped MW computation because no base point (delta = ['2/5', '-2/15', '-41/30', '-6/5', '5', '-13/5'])
2022-02-01 12:31:12,872 INFO: Reducing MW generators...
2022-02-01 12:31:18,759 INFO: Finished reducing MW generators.
2022-02-01 12:31:18,764 INFO: Tasks complete. Recording data and exiting.
