2022-01-11 15:29:25,671 INFO: Initialized curve data.
2022-01-11 15:29:25,676 INFO: Setting up initial twist data...
2022-01-11 15:29:26,909 INFO: Twist setup complete.
2022-01-11 15:29:26,909 INFO: Searching for rational points on each twist...
2022-01-11 15:29:28,684 INFO: Finished searching for rational points on each twist.
2022-01-11 15:29:28,685 INFO: Testing local solvability of twists...
2022-01-11 15:29:28,695 INFO: Finished local solvability testing.
2022-01-11 15:29:28,699 INFO: Computing elliptic curve a-invariants...
2022-01-11 15:29:36,568 INFO: Finished computation of a-invariants.
2022-01-11 15:29:36,570 INFO: Computing MW group (delta = ['4', '-9', '17', '-11', '2', '1'], g = [4, -8, 16, -11, 2, 1])...
2022-01-11 15:37:30,607 INFO: Finished MW computation (delta = ['4', '-9', '17', '-11', '2', '1'], g = [4, -8, 16, -11, 2, 1])
2022-01-11 15:37:30,611 INFO: Computing MW group (delta = ['1'], g = [4, -8, 16, -11, 2, 1])...
2022-01-11 15:38:17,560 INFO: Finished MW computation (delta = ['1'], g = [4, -8, 16, -11, 2, 1])
2022-01-11 15:38:17,563 INFO: Computing MW group (delta = ['16', '-32', '65', '-45', '8', '4'], g = [4, -8, 16, -11, 2, 1])...
2022-01-11 15:41:03,547 INFO: Finished MW computation (delta = ['16', '-32', '65', '-45', '8', '4'], g = [4, -8, 16, -11, 2, 1])
2022-01-11 15:41:03,550 INFO: Computing MW group (delta = ['4', '-9', '16', '-11', '2', '1'], g = [4, -8, 16, -11, 2, 1])...
2022-01-11 15:41:44,014 INFO: Finished MW computation (delta = ['4', '-9', '16', '-11', '2', '1'], g = [4, -8, 16, -11, 2, 1])
2022-01-11 15:41:44,017 INFO: Reducing MW generators...
2022-01-11 15:41:46,040 INFO: Finished reducing MW generators.
2022-01-11 15:41:46,041 INFO: Tasks complete. Recording data and exiting.
