2022-01-12 09:25:56,633 INFO: Initialized curve data.
2022-01-12 09:25:56,636 INFO: Setting up initial twist data...
2022-01-12 09:25:58,004 INFO: Twist setup complete.
2022-01-12 09:25:58,004 INFO: Searching for rational points on each twist...
2022-01-12 09:26:00,621 INFO: Finished searching for rational points on each twist.
2022-01-12 09:26:00,621 INFO: Testing local solvability of twists...
2022-01-12 09:26:24,542 INFO: Finished local solvability testing.
2022-01-12 09:26:24,544 INFO: Computing elliptic curve a-invariants...
2022-01-12 09:26:34,647 INFO: Finished computation of a-invariants.
2022-01-12 09:26:34,649 INFO: Computing MW group (delta = ['8/3', '38/75', '-727/50', '-793/150', '843/50', '2419/150'], g = [4, 1, -22, -9, 26, 25])...
2022-01-14 09:10:45,936 INFO: Loaded curve data from file.
2022-01-14 09:10:45,937 INFO: Reducing MW generators...
2022-01-14 09:10:45,937 INFO: Finished reducing MW generators.
2022-01-14 09:10:45,939 INFO: Skipped Chabauty because MW generators haven't been computed. (delta = ['8/3', '38/75', '-727/50', '-793/150', '843/50', '2419/150'], g = [4, 1, -22, -9, 26, 25])
2022-01-14 09:10:45,939 INFO: Skipped Chabauty because MW generators haven't been computed. (delta = ['-4', '0', '23', '9', '-26', '-25'], g = [4, 1, -22, -9, 26, 25])
2022-01-14 09:10:45,940 INFO: Skipped Chabauty because MW generators haven't been computed. (delta = ['1'], g = [4, 1, -22, -9, 26, 25])
2022-01-14 09:10:45,940 INFO: Skipped Chabauty because MW generators haven't been computed. (delta = ['-1/3', '0', '1'], g = [4, 1, -22, -9, 26, 25])
2022-01-14 09:10:45,940 INFO: Skipped Chabauty because MW generators haven't been computed. (delta = ['2', '0', '-10', '-9/2', '13', '25/2'], g = [4, 1, -22, -9, 26, 25])
2022-01-14 09:10:45,940 INFO: Skipped Chabauty because no base point (delta = ['4/3', '0', '-23/3', '-2', '29/3', '25/3'])
2022-01-14 09:10:45,940 INFO: Skipped Chabauty because no base point (delta = ['-8', '-2', '87/2', '37/2', '-51', '-50'])
2022-01-14 09:10:45,940 INFO: Skipped Chabauty because MW generators haven't been computed. (delta = ['-2/3', '0', '10/3', '1', '-10/3', '-25/6'], g = [4, 1, -22, -9, 26, 25])
2022-01-14 09:10:46,022 INFO: Tasks complete. Recording data and exiting.
