2022-01-12 09:25:59,151 INFO: Initialized curve data.
2022-01-12 09:25:59,154 INFO: Setting up initial twist data...
2022-01-12 09:25:59,974 INFO: Twist setup complete.
2022-01-12 09:25:59,974 INFO: Searching for rational points on each twist...
2022-01-12 09:26:01,219 INFO: Finished searching for rational points on each twist.
2022-01-12 09:26:01,219 INFO: Testing local solvability of twists...
2022-01-12 09:26:01,225 INFO: Finished local solvability testing.
2022-01-12 09:26:01,226 INFO: Computing elliptic curve a-invariants...
2022-01-12 09:26:12,138 INFO: Finished computation of a-invariants.
2022-01-12 09:26:12,139 INFO: Computing MW group (delta = ['-4', '7', '-4', '-3', '6', '1'], g = [-4, 8, -4, -3, 6, 1])...
2022-01-12 09:30:02,655 INFO: Finished MW computation (delta = ['-4', '7', '-4', '-3', '6', '1'], g = [-4, 8, -4, -3, 6, 1])
2022-01-12 09:30:02,659 INFO: Computing MW group (delta = ['1'], g = [-4, 8, -4, -3, 6, 1])...
2022-01-12 09:35:22,967 INFO: Finished MW computation (delta = ['1'], g = [-4, 8, -4, -3, 6, 1])
2022-01-12 09:35:22,970 INFO: Computing MW group (delta = ['-4', '7', '-3', '-3', '6', '1'], g = [-4, 8, -4, -3, 6, 1])...
2022-01-12 09:39:22,870 INFO: Finished MW computation (delta = ['-4', '7', '-3', '-3', '6', '1'], g = [-4, 8, -4, -3, 6, 1])
2022-01-12 09:39:22,874 INFO: Computing MW group (delta = ['16', '-32', '17', '11', '-24', '-4'], g = [-4, 8, -4, -3, 6, 1])...
2022-01-12 09:42:07,555 INFO: Finished MW computation (delta = ['16', '-32', '17', '11', '-24', '-4'], g = [-4, 8, -4, -3, 6, 1])
2022-01-12 09:42:07,561 INFO: Reducing MW generators...
2022-01-12 09:42:11,455 INFO: Finished reducing MW generators.
2022-01-12 09:42:11,457 INFO: Tasks complete. Recording data and exiting.
