2022-01-11 12:34:54,398 INFO: Initialized curve data.
2022-01-11 12:34:54,400 INFO: Setting up initial twist data...
2022-01-11 12:34:55,699 INFO: Twist setup complete.
2022-01-11 12:34:55,699 INFO: Searching for rational points on each twist...
2022-01-11 12:34:59,044 INFO: Finished searching for rational points on each twist.
2022-01-11 12:34:59,044 INFO: Testing local solvability of twists...
2022-01-11 12:34:59,050 INFO: Finished local solvability testing.
2022-01-11 12:34:59,051 INFO: Computing elliptic curve a-invariants...
2022-01-11 12:35:05,981 INFO: Finished computation of a-invariants.
2022-01-11 12:35:05,983 INFO: Computing MW group (delta = ['-3', '-1', '1'], g = [12, 28, 14, -15, -8, 4])...
2022-01-11 12:36:17,774 INFO: Finished MW computation (delta = ['-3', '-1', '1'], g = [12, 28, 14, -15, -8, 4])
2022-01-11 12:36:17,776 INFO: Computing MW group (delta = ['-18', '-27', '-11', '14', '8', '-4'], g = [12, 28, 14, -15, -8, 4])...
2022-01-11 12:41:56,711 INFO: Finished MW computation (delta = ['-18', '-27', '-11', '14', '8', '-4'], g = [12, 28, 14, -15, -8, 4])
2022-01-11 12:41:56,714 INFO: Computing MW group (delta = ['1'], g = [12, 28, 14, -15, -8, 4])...
2022-01-11 12:55:31,853 INFO: Finished MW computation (delta = ['1'], g = [12, 28, 14, -15, -8, 4])
2022-01-11 12:55:31,856 INFO: Computing MW group (delta = ['14', '27', '14', '-15', '-8', '4'], g = [12, 28, 14, -15, -8, 4])...
2022-01-13 17:36:58,622 INFO: Loaded curve data from file.
2022-01-13 17:36:58,622 INFO: Reducing MW generators...
2022-01-13 17:36:59,561 INFO: Finished reducing MW generators.
2022-01-13 17:36:59,563 INFO: Skipped Chabauty because MW group hasn't been provably computed. (delta = ['-3', '-1', '1'], g = [12, 28, 14, -15, -8, 4])
2022-01-13 17:36:59,563 INFO: Running elliptic Chabauty (delta = ['-18', '-27', '-11', '14', '8', '-4'], g = [12, 28, 14, -15, -8, 4])...
2022-01-13 17:37:15,998 INFO: Chabauty completed successfully (delta = ['-18', '-27', '-11', '14', '8', '-4'], g = [12, 28, 14, -15, -8, 4]).
2022-01-13 17:37:16,807 INFO: Running elliptic Chabauty (delta = ['1'], g = [12, 28, 14, -15, -8, 4])...
2022-01-13 17:37:30,925 INFO: Chabauty completed successfully (delta = ['1'], g = [12, 28, 14, -15, -8, 4]).
2022-01-13 17:37:30,927 INFO: Skipped Chabauty because MW generators haven't been computed. (delta = ['14', '27', '14', '-15', '-8', '4'], g = [12, 28, 14, -15, -8, 4])
2022-01-13 17:37:31,023 INFO: Tasks complete. Recording data and exiting.
2022-02-12 17:29:34,520 INFO: Loaded curve data from file.
2022-02-12 17:29:34,520 INFO: Computing elliptic Chabauty map... (delta = ['-3', '-1', '1'], g = [12, 28, 14, -15, -8, 4])
2022-02-12 17:29:47,774 INFO: Elliptic Chabauty map computed. (delta = ['-3', '-1', '1'], g = [12, 28, 14, -15, -8, 4])
2022-02-12 17:29:47,777 INFO: Computing elliptic Chabauty map... (delta = ['-18', '-27', '-11', '14', '8', '-4'], g = [12, 28, 14, -15, -8, 4])
2022-02-12 17:30:00,128 INFO: Elliptic Chabauty map computed. (delta = ['-18', '-27', '-11', '14', '8', '-4'], g = [12, 28, 14, -15, -8, 4])
2022-02-12 17:30:00,130 INFO: Computing elliptic Chabauty map... (delta = ['1'], g = [12, 28, 14, -15, -8, 4])
2022-02-12 17:30:12,520 INFO: Elliptic Chabauty map computed. (delta = ['1'], g = [12, 28, 14, -15, -8, 4])
2022-02-12 17:30:12,522 INFO: Computing elliptic Chabauty map... (delta = ['14', '27', '14', '-15', '-8', '4'], g = [12, 28, 14, -15, -8, 4])
2022-02-12 17:30:24,874 INFO: Elliptic Chabauty map computed. (delta = ['14', '27', '14', '-15', '-8', '4'], g = [12, 28, 14, -15, -8, 4])
2022-02-12 17:30:24,878 INFO: Tasks complete. Recording data and exiting.
