2022-01-11 15:30:24,838 INFO: Initialized curve data.
2022-01-11 15:30:24,842 INFO: Setting up initial twist data...
2022-01-11 15:30:25,713 INFO: Twist setup complete.
2022-01-11 15:30:25,713 INFO: Searching for rational points on each twist...
2022-01-11 15:30:27,333 INFO: Finished searching for rational points on each twist.
2022-01-11 15:30:27,333 INFO: Testing local solvability of twists...
2022-01-11 15:30:27,340 INFO: Finished local solvability testing.
2022-01-11 15:30:27,341 INFO: Computing elliptic curve a-invariants...
2022-01-11 15:30:39,855 INFO: Finished computation of a-invariants.
2022-01-11 15:30:39,857 INFO: Computing MW group (delta = ['-4', '-8', '15', '3', '-11', '4'], g = [-4, -9, 16, 4, -12, 4])...
2022-01-11 15:52:38,213 INFO: Finished MW computation (delta = ['-4', '-8', '15', '3', '-11', '4'], g = [-4, -9, 16, 4, -12, 4])
2022-01-11 15:52:38,216 INFO: Computing MW group (delta = ['-1', '0', '1'], g = [-4, -9, 16, 4, -12, 4])...
2022-01-14 09:07:56,236 INFO: Loaded curve data from file.
2022-01-14 09:07:56,237 INFO: Reducing MW generators...
2022-01-14 09:07:56,614 INFO: Finished reducing MW generators.
2022-01-14 09:07:56,616 INFO: Running elliptic Chabauty (delta = ['-4', '-8', '15', '3', '-11', '4'], g = [-4, -9, 16, 4, -12, 4])...
2022-01-14 09:08:08,362 INFO: Chabauty completed successfully (delta = ['-4', '-8', '15', '3', '-11', '4'], g = [-4, -9, 16, 4, -12, 4]).
2022-01-14 09:08:08,364 INFO: Skipped Chabauty because MW generators haven't been computed. (delta = ['-1', '0', '1'], g = [-4, -9, 16, 4, -12, 4])
2022-01-14 09:08:08,364 INFO: Skipped Chabauty because MW generators haven't been computed. (delta = ['1'], g = [-4, -9, 16, 4, -12, 4])
2022-01-14 09:08:08,364 INFO: Skipped Chabauty because MW generators haven't been computed. (delta = ['4', '8', '-15', '-4', '12', '-4'], g = [-4, -9, 16, 4, -12, 4])
2022-01-14 09:08:08,402 INFO: Tasks complete. Recording data and exiting.
