2022-01-12 12:27:59,240 INFO: Initialized curve data.
2022-01-12 12:27:59,244 INFO: Setting up initial twist data...
2022-01-12 12:28:00,541 INFO: Twist setup complete.
2022-01-12 12:28:00,541 INFO: Searching for rational points on each twist...
2022-01-12 12:28:02,338 INFO: Finished searching for rational points on each twist.
2022-01-12 12:28:02,338 INFO: Testing local solvability of twists...
2022-01-12 12:28:09,704 INFO: Finished local solvability testing.
2022-01-12 12:28:09,706 INFO: Computing elliptic curve a-invariants...
2022-01-12 12:28:20,760 INFO: Finished computation of a-invariants.
2022-01-12 12:28:20,764 INFO: Computing MW group (delta = ['-1', '-1', '1'], g = [-4, 13, 6, -13, 2, 1])...
2022-01-14 11:32:38,749 INFO: Loaded curve data from file.
2022-01-14 11:32:38,750 INFO: Reducing MW generators...
2022-01-14 11:32:38,750 INFO: Finished reducing MW generators.
2022-01-14 11:32:38,754 INFO: Skipped Chabauty because MW generators haven't been computed. (delta = ['-1', '-1', '1'], g = [-4, 13, 6, -13, 2, 1])
2022-01-14 11:32:38,754 INFO: Skipped Chabauty because MW generators haven't been computed. (delta = ['1'], g = [-4, 13, 6, -13, 2, 1])
2022-01-14 11:32:38,754 INFO: Skipped Chabauty because MW generators haven't been computed. (delta = ['-4', '12', '6', '-13', '2', '1'], g = [-4, 13, 6, -13, 2, 1])
2022-01-14 11:32:38,754 INFO: Skipped Chabauty because no base point (delta = ['4', '-12', '-5', '12', '-2', '-1'])
2022-01-14 11:32:38,805 INFO: Tasks complete. Recording data and exiting.
2022-02-12 17:38:47,897 INFO: Loaded curve data from file.
2022-02-12 17:38:47,897 INFO: Computing elliptic Chabauty map... (delta = ['-1', '-1', '1'], g = [-4, 13, 6, -13, 2, 1])
2022-02-12 17:39:03,898 INFO: Elliptic Chabauty map computed. (delta = ['-1', '-1', '1'], g = [-4, 13, 6, -13, 2, 1])
2022-02-12 17:39:03,900 INFO: Computing elliptic Chabauty map... (delta = ['1'], g = [-4, 13, 6, -13, 2, 1])
2022-02-12 17:39:19,668 INFO: Elliptic Chabauty map computed. (delta = ['1'], g = [-4, 13, 6, -13, 2, 1])
2022-02-12 17:39:19,670 INFO: Computing elliptic Chabauty map... (delta = ['-4', '12', '6', '-13', '2', '1'], g = [-4, 13, 6, -13, 2, 1])
2022-02-12 17:39:35,543 INFO: Elliptic Chabauty map computed. (delta = ['-4', '12', '6', '-13', '2', '1'], g = [-4, 13, 6, -13, 2, 1])
2022-02-12 17:39:35,545 INFO: Tasks complete. Recording data and exiting.
