2022-01-01 12:51:02,674 INFO: Initialized curve data.
2022-01-01 12:51:02,677 INFO: Setting up initial twist data...
2022-01-01 12:51:03,569 INFO: Twist setup complete.
2022-01-01 12:51:03,570 INFO: Searching for rational points on each twist...
2022-01-01 12:51:04,350 INFO: Finished searching for rational points on each twist.
2022-01-01 12:51:04,350 INFO: Testing local solvability of twists...
2022-01-01 12:51:07,023 INFO: Finished local solvability testing.
2022-01-01 12:51:07,025 INFO: Computing elliptic curve a-invariants...
2022-01-01 12:51:11,879 INFO: Finished computation of a-invariants.
2022-01-01 12:51:11,880 INFO: Computing MW group (delta = ['9', '6', '3', '2', '1', '1'], g = [9, 5, 2, 2, 1, 1])...
2022-01-01 12:52:02,599 INFO: Finished MW computation (delta = ['9', '6', '3', '2', '1', '1'], g = [9, 5, 2, 2, 1, 1])
2022-01-01 12:52:02,603 INFO: Computing MW group (delta = ['8', '4', '2', '2', '1', '1'], g = [9, 5, 2, 2, 1, 1])...
2022-01-01 12:53:10,118 INFO: Finished MW computation (delta = ['8', '4', '2', '2', '1', '1'], g = [9, 5, 2, 2, 1, 1])
2022-01-01 12:53:10,125 INFO: Computing MW group (delta = ['1'], g = [9, 5, 2, 2, 1, 1])...
2022-01-03 13:14:58,000 INFO: Obsolete "loc_solv_error" keys removed.
2022-01-10 22:42:01,056 INFO: Loaded curve data from file.
2022-01-10 22:42:01,057 INFO: Reducing MW generators...
2022-01-10 22:42:02,291 INFO: Finished reducing MW generators.
2022-01-10 22:42:02,293 INFO: Running elliptic Chabauty (delta = ['9', '6', '3', '2', '1', '1'], g = [9, 5, 2, 2, 1, 1])...
2022-01-10 22:42:20,965 INFO: Chabauty completed successfully (delta = ['9', '6', '3', '2', '1', '1'], g = [9, 5, 2, 2, 1, 1]).
2022-01-10 22:42:20,967 INFO: Running elliptic Chabauty (delta = ['8', '4', '2', '2', '1', '1'], g = [9, 5, 2, 2, 1, 1])...
2022-01-10 22:42:54,757 INFO: Chabauty completed successfully (delta = ['8', '4', '2', '2', '1', '1'], g = [9, 5, 2, 2, 1, 1]).
2022-01-10 22:42:54,758 INFO: Skipped Chabauty because MW generators haven't been computed. (delta = ['1'], g = [9, 5, 2, 2, 1, 1])
2022-01-10 22:42:54,758 INFO: Skipped Chabauty because no base point (delta = ['0', '-1'])
2022-01-10 22:42:54,892 INFO: Tasks complete. Recording data and exiting.
2022-02-12 17:44:08,608 INFO: Loaded curve data from file.
2022-02-12 17:44:08,608 INFO: Computing elliptic Chabauty map... (delta = ['9', '6', '3', '2', '1', '1'], g = [9, 5, 2, 2, 1, 1])
2022-02-12 17:44:21,900 INFO: Elliptic Chabauty map computed. (delta = ['9', '6', '3', '2', '1', '1'], g = [9, 5, 2, 2, 1, 1])
2022-02-12 17:44:21,903 INFO: Computing elliptic Chabauty map... (delta = ['8', '4', '2', '2', '1', '1'], g = [9, 5, 2, 2, 1, 1])
2022-02-12 17:44:34,852 INFO: Elliptic Chabauty map computed. (delta = ['8', '4', '2', '2', '1', '1'], g = [9, 5, 2, 2, 1, 1])
2022-02-12 17:44:34,854 INFO: Computing elliptic Chabauty map... (delta = ['1'], g = [9, 5, 2, 2, 1, 1])
2022-02-12 17:44:47,782 INFO: Elliptic Chabauty map computed. (delta = ['1'], g = [9, 5, 2, 2, 1, 1])
2022-02-12 17:44:47,784 INFO: Tasks complete. Recording data and exiting.
