2022-01-11 12:29:28,018 INFO: Initialized curve data.
2022-01-11 12:29:28,025 INFO: Setting up initial twist data...
2022-01-11 12:29:29,523 INFO: Twist setup complete.
2022-01-11 12:29:29,524 INFO: Searching for rational points on each twist...
2022-01-11 12:29:31,580 INFO: Finished searching for rational points on each twist.
2022-01-11 12:29:31,581 INFO: Testing local solvability of twists...
2022-01-11 12:29:40,889 INFO: Finished local solvability testing.
2022-01-11 12:29:40,891 INFO: Computing elliptic curve a-invariants...
2022-01-11 12:29:49,935 INFO: Finished computation of a-invariants.
2022-01-11 12:29:49,936 INFO: Computing MW group (delta = ['-2', '-1', '1'], g = [-8, 13, 20, -12, -8, 4])...
2022-01-11 12:31:17,888 INFO: Finished MW computation (delta = ['-2', '-1', '1'], g = [-8, 13, 20, -12, -8, 4])
2022-01-11 12:31:17,892 INFO: Computing MW group (delta = ['1'], g = [-8, 13, 20, -12, -8, 4])...
2022-01-11 12:32:37,968 INFO: Finished MW computation (delta = ['1'], g = [-8, 13, 20, -12, -8, 4])
2022-01-11 12:32:37,971 INFO: Computing MW group (delta = ['-8', '12', '20', '-12', '-8', '4'], g = [-8, 13, 20, -12, -8, 4])...
2022-01-11 12:33:06,155 INFO: Finished MW computation (delta = ['-8', '12', '20', '-12', '-8', '4'], g = [-8, 13, 20, -12, -8, 4])
2022-01-11 12:33:06,157 INFO: Skipped MW computation because no base point (delta = ['16', '-24', '-39', '23', '16', '-8'])
2022-01-11 12:33:06,159 INFO: Reducing MW generators...
2022-01-11 12:33:10,500 INFO: Finished reducing MW generators.
2022-01-11 12:33:10,502 INFO: Tasks complete. Recording data and exiting.
2022-01-13 17:36:50,897 INFO: Loaded curve data from file.
2022-01-13 17:36:50,898 INFO: Running elliptic Chabauty (delta = ['-2', '-1', '1'], g = [-8, 13, 20, -12, -8, 4])...
2022-01-13 17:46:53,456 INFO: Chabauty completed successfully (delta = ['-2', '-1', '1'], g = [-8, 13, 20, -12, -8, 4]).
2022-01-13 17:46:53,459 INFO: Running elliptic Chabauty (delta = ['1'], g = [-8, 13, 20, -12, -8, 4])...
2022-01-13 17:49:30,926 INFO: Chabauty completed successfully (delta = ['1'], g = [-8, 13, 20, -12, -8, 4]).
2022-01-13 17:49:30,929 INFO: Running elliptic Chabauty (delta = ['-8', '12', '20', '-12', '-8', '4'], g = [-8, 13, 20, -12, -8, 4])...
2022-01-13 17:49:46,771 INFO: Chabauty completed successfully (delta = ['-8', '12', '20', '-12', '-8', '4'], g = [-8, 13, 20, -12, -8, 4]).
2022-01-13 17:49:46,774 INFO: Skipped Chabauty because no base point (delta = ['16', '-24', '-39', '23', '16', '-8'])
2022-01-13 17:49:47,013 INFO: Rational points successfully computed.
2022-01-13 17:49:47,018 INFO: Tasks complete. Recording data and exiting.
