2022-01-11 12:35:45,609 INFO: Initialized curve data.
2022-01-11 12:35:45,612 INFO: Setting up initial twist data...
2022-01-11 12:35:46,708 INFO: Twist setup complete.
2022-01-11 12:35:46,708 INFO: Searching for rational points on each twist...
2022-01-11 12:35:48,413 INFO: Finished searching for rational points on each twist.
2022-01-11 12:35:48,413 INFO: Testing local solvability of twists...
2022-01-11 12:35:51,522 INFO: Finished local solvability testing.
2022-01-11 12:35:51,524 INFO: Computing elliptic curve a-invariants...
2022-01-11 12:35:56,831 INFO: Finished computation of a-invariants.
2022-01-11 12:35:56,832 INFO: Computing MW group (delta = ['-4', '7', '16', '9', '2', '1'], g = [-4, 8, 16, 9, 2, 1])...
2022-01-11 12:51:43,049 INFO: Finished MW computation (delta = ['-4', '7', '16', '9', '2', '1'], g = [-4, 8, 16, 9, 2, 1])
2022-01-11 12:51:43,051 INFO: Skipped MW computation because no base point (delta = ['-16', '32', '63', '35', '8', '4'])
2022-01-11 12:51:43,052 INFO: Computing MW group (delta = ['1'], g = [-4, 8, 16, 9, 2, 1])...
2022-01-13 17:37:00,530 INFO: Loaded curve data from file.
2022-01-13 17:37:00,531 INFO: Reducing MW generators...
2022-01-13 17:37:01,493 INFO: Finished reducing MW generators.
2022-01-13 17:37:01,495 INFO: Running elliptic Chabauty (delta = ['-4', '7', '16', '9', '2', '1'], g = [-4, 8, 16, 9, 2, 1])...
2022-01-13 17:42:17,023 INFO: Chabauty completed successfully (delta = ['-4', '7', '16', '9', '2', '1'], g = [-4, 8, 16, 9, 2, 1]).
2022-01-13 17:42:17,026 INFO: Skipped Chabauty because no base point (delta = ['-16', '32', '63', '35', '8', '4'])
2022-01-13 17:42:17,026 INFO: Skipped Chabauty because MW generators haven't been computed. (delta = ['1'], g = [-4, 8, 16, 9, 2, 1])
2022-01-13 17:42:17,026 INFO: Skipped Chabauty because MW generators haven't been computed. (delta = ['4', '-7', '-15', '-9', '-2', '-1'], g = [-4, 8, 16, 9, 2, 1])
2022-01-13 17:42:17,104 INFO: Tasks complete. Recording data and exiting.
