2022-01-11 12:29:17,194 INFO: Initialized curve data.
2022-01-11 12:29:17,197 INFO: Setting up initial twist data...
2022-01-11 12:29:18,092 INFO: Twist setup complete.
2022-01-11 12:29:18,092 INFO: Searching for rational points on each twist...
2022-01-11 12:29:19,143 INFO: Finished searching for rational points on each twist.
2022-01-11 12:29:19,143 INFO: Testing local solvability of twists...
2022-01-11 12:29:19,148 INFO: Finished local solvability testing.
2022-01-11 12:29:19,149 INFO: Computing elliptic curve a-invariants...
2022-01-11 12:29:32,939 INFO: Finished computation of a-invariants.
2022-01-11 12:29:32,940 INFO: Computing MW group (delta = ['8', '-13', '5', '0', '0', '1'], g = [8, -12, 4, 0, 0, 1])...
2022-01-11 12:29:42,604 INFO: Finished MW computation (delta = ['8', '-13', '5', '0', '0', '1'], g = [8, -12, 4, 0, 0, 1])
2022-01-11 12:29:42,606 INFO: Computing MW group (delta = ['64', '-96', '33', '-1', '0', '8'], g = [8, -12, 4, 0, 0, 1])...
2022-01-11 12:30:03,502 INFO: Finished MW computation (delta = ['64', '-96', '33', '-1', '0', '8'], g = [8, -12, 4, 0, 0, 1])
2022-01-11 12:30:03,504 INFO: Computing MW group (delta = ['1'], g = [8, -12, 4, 0, 0, 1])...
2022-01-11 12:32:32,644 INFO: Finished MW computation (delta = ['1'], g = [8, -12, 4, 0, 0, 1])
2022-01-11 12:32:32,646 INFO: Computing MW group (delta = ['8', '-13', '4', '0', '0', '1'], g = [8, -12, 4, 0, 0, 1])...
2022-01-11 12:33:39,388 INFO: Finished MW computation (delta = ['8', '-13', '4', '0', '0', '1'], g = [8, -12, 4, 0, 0, 1])
2022-01-11 12:33:39,394 INFO: Reducing MW generators...
2022-01-11 12:33:43,033 INFO: Finished reducing MW generators.
2022-01-11 12:33:43,036 INFO: Tasks complete. Recording data and exiting.
2022-01-13 17:36:39,161 INFO: Loaded curve data from file.
2022-01-13 17:36:39,162 INFO: Running elliptic Chabauty (delta = ['8', '-13', '5', '0', '0', '1'], g = [8, -12, 4, 0, 0, 1])...
2022-01-13 17:36:46,085 INFO: Chabauty completed successfully (delta = ['8', '-13', '5', '0', '0', '1'], g = [8, -12, 4, 0, 0, 1]).
2022-01-13 17:36:46,087 INFO: Running elliptic Chabauty (delta = ['64', '-96', '33', '-1', '0', '8'], g = [8, -12, 4, 0, 0, 1])...
2022-01-13 17:36:53,519 INFO: Chabauty completed successfully (delta = ['64', '-96', '33', '-1', '0', '8'], g = [8, -12, 4, 0, 0, 1]).
2022-01-13 17:36:53,521 INFO: Running elliptic Chabauty (delta = ['1'], g = [8, -12, 4, 0, 0, 1])...
2022-01-13 17:37:00,476 INFO: Chabauty completed successfully (delta = ['1'], g = [8, -12, 4, 0, 0, 1]).
2022-01-13 17:37:00,478 INFO: Running elliptic Chabauty (delta = ['8', '-13', '4', '0', '0', '1'], g = [8, -12, 4, 0, 0, 1])...
2022-01-13 19:35:47,716 INFO: Chabauty completed successfully (delta = ['8', '-13', '4', '0', '0', '1'], g = [8, -12, 4, 0, 0, 1]).
2022-01-13 19:35:47,933 INFO: Rational points successfully computed.
2022-01-13 19:35:47,936 INFO: Tasks complete. Recording data and exiting.
