2022-01-01 12:50:46,732 INFO: Initialized curve data.
2022-01-01 12:50:46,736 INFO: Setting up initial twist data...
2022-01-01 12:50:48,190 INFO: Twist setup complete.
2022-01-01 12:50:48,190 INFO: Searching for rational points on each twist...
2022-01-01 12:50:49,547 INFO: Finished searching for rational points on each twist.
2022-01-01 12:50:49,547 INFO: Testing local solvability of twists...
2022-01-01 12:50:49,553 INFO: Finished local solvability testing.
2022-01-01 12:50:49,554 INFO: Computing elliptic curve a-invariants...
2022-01-01 12:51:14,113 INFO: Finished computation of a-invariants.
2022-01-01 12:51:14,115 INFO: Computing MW group (delta = ['0', '-10', '-9', '5', '5', '1'], g = [-1, -9, -9, 5, 5, 1])...
2022-01-01 12:53:55,401 INFO: Finished MW computation (delta = ['0', '-10', '-9', '5', '5', '1'], g = [-1, -9, -9, 5, 5, 1])
2022-01-01 12:53:55,404 INFO: Computing MW group (delta = ['1', '8', '10', '-5', '-5', '-1'], g = [-1, -9, -9, 5, 5, 1])...
2022-01-01 12:55:32,408 INFO: Finished MW computation (delta = ['1', '8', '10', '-5', '-5', '-1'], g = [-1, -9, -9, 5, 5, 1])
2022-01-01 12:55:32,410 INFO: Computing MW group (delta = ['1'], g = [-1, -9, -9, 5, 5, 1])...
2022-01-01 13:03:14,539 INFO: Finished MW computation (delta = ['1'], g = [-1, -9, -9, 5, 5, 1])
2022-01-01 13:03:14,542 INFO: Computing MW group (delta = ['0', '-1'], g = [-1, -9, -9, 5, 5, 1])...
2022-01-01 13:11:54,255 INFO: Finished MW computation (delta = ['0', '-1'], g = [-1, -9, -9, 5, 5, 1])
2022-01-01 13:11:54,260 INFO: Reducing MW generators...
2022-01-01 13:12:00,495 INFO: Finished reducing MW generators.
2022-01-01 13:12:00,498 INFO: Running elliptic Chabauty (delta = ['0', '-10', '-9', '5', '5', '1'], g = [-1, -9, -9, 5, 5, 1])...
2022-01-01 13:14:13,789 INFO: Chabauty completed successfully (delta = ['0', '-10', '-9', '5', '5', '1'], g = [-1, -9, -9, 5, 5, 1]).
2022-01-01 13:14:13,792 INFO: Running elliptic Chabauty (delta = ['1', '8', '10', '-5', '-5', '-1'], g = [-1, -9, -9, 5, 5, 1])...
2022-01-01 13:14:38,063 INFO: Chabauty completed successfully (delta = ['1', '8', '10', '-5', '-5', '-1'], g = [-1, -9, -9, 5, 5, 1]).
2022-01-01 13:14:38,065 INFO: Running elliptic Chabauty (delta = ['1'], g = [-1, -9, -9, 5, 5, 1])...
2022-01-01 13:15:28,139 INFO: Chabauty completed successfully (delta = ['1'], g = [-1, -9, -9, 5, 5, 1]).
2022-01-01 13:15:28,142 INFO: Running elliptic Chabauty (delta = ['0', '-1'], g = [-1, -9, -9, 5, 5, 1])...
2022-01-01 13:15:59,858 INFO: Chabauty completed successfully (delta = ['0', '-1'], g = [-1, -9, -9, 5, 5, 1]).
2022-01-01 13:16:00,139 INFO: Rational points successfully computed.
2022-01-01 13:16:00,141 INFO: Tasks complete. Recording data and exiting.
