2022-01-12 09:25:57,136 INFO: Initialized curve data.
2022-01-12 09:25:57,140 INFO: Setting up initial twist data...
2022-01-12 09:25:58,133 INFO: Twist setup complete.
2022-01-12 09:25:58,133 INFO: Searching for rational points on each twist...
2022-01-12 09:25:59,633 INFO: Finished searching for rational points on each twist.
2022-01-12 09:25:59,633 INFO: Testing local solvability of twists...
2022-01-12 09:26:01,804 INFO: Finished local solvability testing.
2022-01-12 09:26:01,805 INFO: Computing elliptic curve a-invariants...
2022-01-12 09:26:10,597 INFO: Finished computation of a-invariants.
2022-01-12 09:26:10,599 INFO: Computing MW group (delta = ['4', '3', '-27', '-12', '2', '1'], g = [4, 4, -24, -11, 2, 1])...
2022-01-12 09:28:20,001 INFO: Finished MW computation (delta = ['4', '3', '-27', '-12', '2', '1'], g = [4, 4, -24, -11, 2, 1])
2022-01-12 09:28:20,004 INFO: Computing MW group (delta = ['1'], g = [4, 4, -24, -11, 2, 1])...
2022-01-12 09:36:01,104 INFO: Finished MW computation (delta = ['1'], g = [4, 4, -24, -11, 2, 1])
2022-01-12 09:36:01,107 INFO: Computing MW group (delta = ['4', '3', '-24', '-11', '2', '1'], g = [4, 4, -24, -11, 2, 1])...
2022-01-12 09:39:52,924 INFO: Finished MW computation (delta = ['4', '3', '-24', '-11', '2', '1'], g = [4, 4, -24, -11, 2, 1])
2022-01-12 09:39:52,927 INFO: Skipped MW computation because no base point (delta = ['1', '3', '1'])
2022-01-12 09:39:52,929 INFO: Reducing MW generators...
2022-01-12 09:39:54,500 INFO: Finished reducing MW generators.
2022-01-12 09:39:54,503 INFO: Tasks complete. Recording data and exiting.
2022-01-14 09:10:49,153 INFO: Loaded curve data from file.
2022-01-14 09:10:49,154 INFO: Skipped Chabauty because MW group hasn't been provably computed. (delta = ['4', '3', '-27', '-12', '2', '1'], g = [4, 4, -24, -11, 2, 1])
2022-01-14 09:10:49,155 INFO: Skipped Chabauty because MW group hasn't been provably computed. (delta = ['1'], g = [4, 4, -24, -11, 2, 1])
2022-01-14 09:10:49,155 INFO: Running elliptic Chabauty (delta = ['4', '3', '-24', '-11', '2', '1'], g = [4, 4, -24, -11, 2, 1])...
2022-01-14 09:11:06,959 INFO: Chabauty completed successfully (delta = ['4', '3', '-24', '-11', '2', '1'], g = [4, 4, -24, -11, 2, 1]).
2022-01-14 09:11:06,962 INFO: Skipped Chabauty because no base point (delta = ['1', '3', '1'])
2022-01-14 09:11:07,175 INFO: Tasks complete. Recording data and exiting.
2022-02-12 16:39:07,448 INFO: Loaded curve data from file.
2022-02-12 16:39:07,448 INFO: Computing elliptic Chabauty map... (delta = ['4', '3', '-27', '-12', '2', '1'], g = [4, 4, -24, -11, 2, 1])
2022-02-12 16:39:23,970 INFO: Elliptic Chabauty map computed. (delta = ['4', '3', '-27', '-12', '2', '1'], g = [4, 4, -24, -11, 2, 1])
2022-02-12 16:39:23,973 INFO: Computing elliptic Chabauty map... (delta = ['1'], g = [4, 4, -24, -11, 2, 1])
2022-02-12 16:39:40,576 INFO: Elliptic Chabauty map computed. (delta = ['1'], g = [4, 4, -24, -11, 2, 1])
2022-02-12 16:39:40,578 INFO: Computing elliptic Chabauty map... (delta = ['4', '3', '-24', '-11', '2', '1'], g = [4, 4, -24, -11, 2, 1])
2022-02-12 16:39:56,802 INFO: Elliptic Chabauty map computed. (delta = ['4', '3', '-24', '-11', '2', '1'], g = [4, 4, -24, -11, 2, 1])
2022-02-12 16:39:56,804 INFO: Tasks complete. Recording data and exiting.
