2022-01-01 12:50:54,908 INFO: Initialized curve data.
2022-01-01 12:50:54,912 INFO: Setting up initial twist data...
2022-01-01 12:50:55,991 INFO: Twist setup complete.
2022-01-01 12:50:55,991 INFO: Searching for rational points on each twist...
2022-01-01 12:50:56,723 INFO: Finished searching for rational points on each twist.
2022-01-01 12:50:56,723 INFO: Testing local solvability of twists...
2022-01-01 12:51:00,235 INFO: Finished local solvability testing.
2022-01-01 12:51:00,236 INFO: Computing elliptic curve a-invariants...
2022-01-01 12:51:04,838 INFO: Finished computation of a-invariants.
2022-01-01 12:51:04,840 INFO: Computing MW group (delta = ['4', '-1', '4', '1', '6', '1'], g = [4, 0, 4, 1, 6, 1])...
2022-01-01 12:52:35,535 INFO: Finished MW computation (delta = ['4', '-1', '4', '1', '6', '1'], g = [4, 0, 4, 1, 6, 1])
2022-01-01 12:52:35,541 INFO: Skipped MW computation because no base point (delta = ['1', '-1'])
2022-01-01 12:52:35,541 INFO: Computing MW group (delta = ['1'], g = [4, 0, 4, 1, 6, 1])...
2022-01-01 12:53:48,966 INFO: Finished MW computation (delta = ['1'], g = [4, 0, 4, 1, 6, 1])
2022-01-01 12:53:48,971 INFO: Computing MW group (delta = ['4', '-1', '5', '1', '6', '1'], g = [4, 0, 4, 1, 6, 1])...
2022-01-01 12:54:09,375 INFO: Finished MW computation (delta = ['4', '-1', '5', '1', '6', '1'], g = [4, 0, 4, 1, 6, 1])
2022-01-01 12:54:09,382 INFO: Reducing MW generators...
2022-01-01 12:54:13,173 INFO: Finished reducing MW generators.
2022-01-01 12:54:13,175 INFO: Running elliptic Chabauty (delta = ['4', '-1', '4', '1', '6', '1'], g = [4, 0, 4, 1, 6, 1])...
2022-01-01 13:05:25,180 INFO: Chabauty completed successfully (delta = ['4', '-1', '4', '1', '6', '1'], g = [4, 0, 4, 1, 6, 1]).
2022-01-01 13:05:25,186 INFO: Skipped Chabauty because no base point (delta = ['1', '-1'])
2022-01-01 13:05:25,186 INFO: Running elliptic Chabauty (delta = ['1'], g = [4, 0, 4, 1, 6, 1])...
2022-01-01 13:05:48,693 INFO: Chabauty completed successfully (delta = ['1'], g = [4, 0, 4, 1, 6, 1]).
2022-01-01 13:05:48,697 INFO: Running elliptic Chabauty (delta = ['4', '-1', '5', '1', '6', '1'], g = [4, 0, 4, 1, 6, 1])...
2022-01-01 13:06:01,597 INFO: Chabauty completed successfully (delta = ['4', '-1', '5', '1', '6', '1'], g = [4, 0, 4, 1, 6, 1]).
2022-01-01 13:06:01,844 INFO: Rational points successfully computed.
2022-01-01 13:06:01,846 INFO: Tasks complete. Recording data and exiting.
2022-01-03 13:14:58,000 INFO: Obsolete "loc_solv_error" keys removed.
2022-01-03 13:14:58,000 INFO: Deleted results of Chabauty computation.
2022-01-10 22:39:13,120 INFO: Loaded curve data from file.
2022-01-10 22:39:13,120 INFO: Running elliptic Chabauty (delta = ['4', '-1', '4', '1', '6', '1'], g = [4, 0, 4, 1, 6, 1])...
2022-01-10 22:51:14,520 INFO: Chabauty completed successfully (delta = ['4', '-1', '4', '1', '6', '1'], g = [4, 0, 4, 1, 6, 1]).
2022-01-10 22:51:14,524 INFO: Skipped Chabauty because no base point (delta = ['1', '-1'])
2022-01-10 22:51:14,524 INFO: Running elliptic Chabauty (delta = ['1'], g = [4, 0, 4, 1, 6, 1])...
2022-01-10 22:51:44,416 INFO: Chabauty completed successfully (delta = ['1'], g = [4, 0, 4, 1, 6, 1]).
2022-01-10 22:51:44,418 INFO: Running elliptic Chabauty (delta = ['4', '-1', '5', '1', '6', '1'], g = [4, 0, 4, 1, 6, 1])...
2022-01-10 22:51:59,597 INFO: Chabauty completed successfully (delta = ['4', '-1', '5', '1', '6', '1'], g = [4, 0, 4, 1, 6, 1]).
2022-01-10 22:51:59,805 INFO: Rational points successfully computed.
2022-01-10 22:51:59,806 INFO: Tasks complete. Recording data and exiting.
