2022-01-11 15:10:18,166 INFO: Initialized curve data.
2022-01-11 15:10:18,170 INFO: Setting up initial twist data...
2022-01-11 15:10:19,063 INFO: Twist setup complete.
2022-01-11 15:10:19,063 INFO: Searching for rational points on each twist...
2022-01-11 15:10:20,628 INFO: Finished searching for rational points on each twist.
2022-01-11 15:10:20,628 INFO: Testing local solvability of twists...
2022-01-11 15:10:20,634 INFO: Finished local solvability testing.
2022-01-11 15:10:20,635 INFO: Computing elliptic curve a-invariants...
2022-01-11 15:10:36,318 INFO: Finished computation of a-invariants.
2022-01-11 15:10:36,320 INFO: Computing MW group (delta = ['-239', '26', '181', '-76', '-4', '4'], g = [-59, 7, 45, -19, -1, 1])...
2022-01-11 15:11:44,481 INFO: Finished MW computation (delta = ['-239', '26', '181', '-76', '-4', '4'], g = [-59, 7, 45, -19, -1, 1])
2022-01-11 15:11:44,492 INFO: Computing MW group (delta = ['-60', '6', '45', '-19', '-1', '1'], g = [-59, 7, 45, -19, -1, 1])...
2022-01-11 15:12:42,173 INFO: Finished MW computation (delta = ['-60', '6', '45', '-19', '-1', '1'], g = [-59, 7, 45, -19, -1, 1])
2022-01-11 15:12:42,177 INFO: Computing MW group (delta = ['1'], g = [-59, 7, 45, -19, -1, 1])...
2022-01-11 15:13:54,392 INFO: Finished MW computation (delta = ['1'], g = [-59, 7, 45, -19, -1, 1])
2022-01-11 15:13:54,397 INFO: Computing MW group (delta = ['3', '-1'], g = [-59, 7, 45, -19, -1, 1])...
2022-01-11 15:15:22,694 INFO: Finished MW computation (delta = ['3', '-1'], g = [-59, 7, 45, -19, -1, 1])
2022-01-11 15:15:22,702 INFO: Reducing MW generators...
2022-01-11 15:15:26,620 INFO: Finished reducing MW generators.
2022-01-11 15:15:26,623 INFO: Tasks complete. Recording data and exiting.
2022-01-14 09:07:31,286 INFO: Loaded curve data from file.
2022-01-14 09:07:31,287 INFO: Running elliptic Chabauty (delta = ['-239', '26', '181', '-76', '-4', '4'], g = [-59, 7, 45, -19, -1, 1])...
2022-01-14 09:08:05,143 INFO: Chabauty completed successfully (delta = ['-239', '26', '181', '-76', '-4', '4'], g = [-59, 7, 45, -19, -1, 1]).
2022-01-14 09:08:05,147 INFO: Running elliptic Chabauty (delta = ['-60', '6', '45', '-19', '-1', '1'], g = [-59, 7, 45, -19, -1, 1])...
2022-01-14 09:08:20,191 INFO: Chabauty completed successfully (delta = ['-60', '6', '45', '-19', '-1', '1'], g = [-59, 7, 45, -19, -1, 1]).
2022-01-14 09:08:20,193 INFO: Running elliptic Chabauty (delta = ['1'], g = [-59, 7, 45, -19, -1, 1])...
2022-01-14 09:08:32,060 INFO: Chabauty completed successfully (delta = ['1'], g = [-59, 7, 45, -19, -1, 1]).
2022-01-14 09:08:32,063 INFO: Skipped Chabauty because MW group hasn't been provably computed. (delta = ['3', '-1'], g = [-59, 7, 45, -19, -1, 1])
2022-01-14 09:08:32,196 INFO: Tasks complete. Recording data and exiting.
