2022-01-12 09:26:00,629 INFO: Initialized curve data.
2022-01-12 09:26:00,633 INFO: Setting up initial twist data...
2022-01-12 09:26:01,969 INFO: Twist setup complete.
2022-01-12 09:26:01,970 INFO: Searching for rational points on each twist...
2022-01-12 09:26:04,019 INFO: Finished searching for rational points on each twist.
2022-01-12 09:26:04,019 INFO: Testing local solvability of twists...
2022-01-12 09:26:04,025 INFO: Finished local solvability testing.
2022-01-12 09:26:04,027 INFO: Computing elliptic curve a-invariants...
2022-01-12 09:26:15,363 INFO: Finished computation of a-invariants.
2022-01-12 09:26:15,365 INFO: Computing MW group (delta = ['16', '-56', '-55', '-4', '0', '-2'], g = [-8, 29, 28, 2, 0, 1])...
2022-01-12 09:28:28,052 INFO: Finished MW computation (delta = ['16', '-56', '-55', '-4', '0', '-2'], g = [-8, 29, 28, 2, 0, 1])
2022-01-12 09:28:28,055 INFO: Computing MW group (delta = ['-8', '28', '28', '2', '0', '1'], g = [-8, 29, 28, 2, 0, 1])...
2022-01-14 09:10:55,669 INFO: Loaded curve data from file.
2022-01-14 09:10:55,670 INFO: Reducing MW generators...
2022-01-14 09:10:55,699 INFO: Finished reducing MW generators.
2022-01-14 09:10:55,702 INFO: Skipped Chabauty because MW group hasn't been provably computed. (delta = ['16', '-56', '-55', '-4', '0', '-2'], g = [-8, 29, 28, 2, 0, 1])
2022-01-14 09:10:55,702 INFO: Skipped Chabauty because MW generators haven't been computed. (delta = ['-8', '28', '28', '2', '0', '1'], g = [-8, 29, 28, 2, 0, 1])
2022-01-14 09:10:55,702 INFO: Skipped Chabauty because MW generators haven't been computed. (delta = ['1'], g = [-8, 29, 28, 2, 0, 1])
2022-01-14 09:10:55,702 INFO: Skipped Chabauty because MW generators haven't been computed. (delta = ['-2', '-1'], g = [-8, 29, 28, 2, 0, 1])
2022-01-14 09:10:55,704 INFO: Tasks complete. Recording data and exiting.
