2022-01-13 21:54:54,108 INFO: Initialized curve data.
2022-01-13 21:54:54,112 INFO: Setting up initial twist data...
2022-01-13 21:54:55,153 INFO: Twist setup complete.
2022-01-13 21:54:55,153 INFO: Searching for rational points on each twist...
2022-01-13 21:54:56,892 INFO: Finished searching for rational points on each twist.
2022-01-13 21:54:56,892 INFO: Testing local solvability of twists...
2022-01-13 21:55:45,132 INFO: Finished local solvability testing.
2022-01-13 21:55:45,134 INFO: Computing elliptic curve a-invariants...
2022-01-13 21:55:57,172 INFO: Finished computation of a-invariants.
2022-01-13 21:55:57,174 INFO: Skipped MW computation because no base point (delta = ['16', '36', '17', '-41', '-16', '4'])
2022-01-13 21:55:57,174 INFO: Computing MW group (delta = ['4', '8', '5', '-10', '-4', '1'], g = [4, 9, 4, -10, -4, 1])...
2022-01-13 21:56:25,625 INFO: Finished MW computation (delta = ['4', '8', '5', '-10', '-4', '1'], g = [4, 9, 4, -10, -4, 1])
2022-01-13 21:56:25,629 INFO: Computing MW group (delta = ['1'], g = [4, 9, 4, -10, -4, 1])...
2022-01-13 21:58:50,265 INFO: Finished MW computation (delta = ['1'], g = [4, 9, 4, -10, -4, 1])
2022-01-13 21:58:50,267 INFO: Computing MW group (delta = ['4', '8', '4', '-10', '-4', '1'], g = [4, 9, 4, -10, -4, 1])...
2022-01-13 21:59:53,586 INFO: Finished MW computation (delta = ['4', '8', '4', '-10', '-4', '1'], g = [4, 9, 4, -10, -4, 1])
2022-01-13 21:59:53,590 INFO: Reducing MW generators...
2022-01-13 21:59:55,480 INFO: Finished reducing MW generators.
2022-01-13 21:59:55,482 INFO: Tasks complete. Recording data and exiting.
2022-01-14 11:35:31,993 INFO: Loaded curve data from file.
2022-01-14 11:35:31,993 INFO: Skipped Chabauty because no base point (delta = ['16', '36', '17', '-41', '-16', '4'])
2022-01-14 11:35:31,993 INFO: Running elliptic Chabauty (delta = ['4', '8', '5', '-10', '-4', '1'], g = [4, 9, 4, -10, -4, 1])...
2022-01-14 11:35:48,742 INFO: Chabauty completed successfully (delta = ['4', '8', '5', '-10', '-4', '1'], g = [4, 9, 4, -10, -4, 1]).
2022-01-14 11:35:48,744 INFO: Running elliptic Chabauty (delta = ['1'], g = [4, 9, 4, -10, -4, 1])...
2022-01-14 11:36:12,587 INFO: Chabauty completed successfully (delta = ['1'], g = [4, 9, 4, -10, -4, 1]).
2022-01-14 11:36:12,589 INFO: Skipped Chabauty because MW group hasn't been provably computed. (delta = ['4', '8', '4', '-10', '-4', '1'], g = [4, 9, 4, -10, -4, 1])
2022-01-14 11:36:12,705 INFO: Tasks complete. Recording data and exiting.
