2022-01-11 12:29:19,673 INFO: Initialized curve data.
2022-01-11 12:29:19,675 INFO: Setting up initial twist data...
2022-01-11 12:29:20,677 INFO: Twist setup complete.
2022-01-11 12:29:20,677 INFO: Searching for rational points on each twist...
2022-01-11 12:29:23,817 INFO: Finished searching for rational points on each twist.
2022-01-11 12:29:23,817 INFO: Testing local solvability of twists...
2022-01-11 12:29:47,073 INFO: Finished local solvability testing.
2022-01-11 12:29:47,075 INFO: Computing elliptic curve a-invariants...
2022-01-11 12:29:54,719 INFO: Finished computation of a-invariants.
2022-01-11 12:29:54,720 INFO: Skipped MW computation because no base point (delta = ['47/2', '39/2', '-19/2', '-57/2', '11/2', '11/2'])
2022-01-11 12:29:54,720 INFO: Computing MW group (delta = ['1', '3', '-1', '-5', '1', '1'], g = [4, 4, -1, -5, 1, 1])...
2022-01-11 12:30:37,455 INFO: Finished MW computation (delta = ['1', '3', '-1', '-5', '1', '1'], g = [4, 4, -1, -5, 1, 1])
2022-01-11 12:30:37,458 INFO: Computing MW group (delta = ['1'], g = [4, 4, -1, -5, 1, 1])...
2022-01-11 14:21:09,621 INFO: Finished MW computation (delta = ['1'], g = [4, 4, -1, -5, 1, 1])
2022-01-11 14:21:09,627 INFO: Computing MW group (delta = ['-1/2', '1', '1'], g = [4, 4, -1, -5, 1, 1])...
2022-01-11 14:22:30,151 INFO: Finished MW computation (delta = ['-1/2', '1', '1'], g = [4, 4, -1, -5, 1, 1])
2022-01-11 14:22:30,156 INFO: Reducing MW generators...
2022-01-11 14:22:33,525 INFO: Finished reducing MW generators.
2022-01-11 14:22:33,527 INFO: Tasks complete. Recording data and exiting.
2022-01-13 17:36:41,609 INFO: Loaded curve data from file.
2022-01-13 17:36:41,610 INFO: Skipped Chabauty because no base point (delta = ['47/2', '39/2', '-19/2', '-57/2', '11/2', '11/2'])
2022-01-13 17:36:41,610 INFO: Running elliptic Chabauty (delta = ['1', '3', '-1', '-5', '1', '1'], g = [4, 4, -1, -5, 1, 1])...
2022-01-13 17:36:56,907 INFO: Chabauty completed successfully (delta = ['1', '3', '-1', '-5', '1', '1'], g = [4, 4, -1, -5, 1, 1]).
2022-01-13 17:36:56,909 INFO: Running elliptic Chabauty (delta = ['1'], g = [4, 4, -1, -5, 1, 1])...
2022-01-13 17:37:12,958 INFO: Chabauty completed successfully (delta = ['1'], g = [4, 4, -1, -5, 1, 1]).
2022-01-13 17:37:12,961 INFO: Running elliptic Chabauty (delta = ['-1/2', '1', '1'], g = [4, 4, -1, -5, 1, 1])...
2022-01-13 17:45:04,531 INFO: Chabauty completed successfully (delta = ['-1/2', '1', '1'], g = [4, 4, -1, -5, 1, 1]).
2022-01-13 17:45:04,804 INFO: Rational points successfully computed.
2022-01-13 17:45:04,807 INFO: Tasks complete. Recording data and exiting.
2022-02-12 17:57:42,203 INFO: Loaded curve data from file.
2022-02-12 17:57:42,204 INFO: Computing elliptic Chabauty map... (delta = ['1', '3', '-1', '-5', '1', '1'], g = [4, 4, -1, -5, 1, 1])
2022-02-12 17:57:58,067 INFO: Elliptic Chabauty map computed. (delta = ['1', '3', '-1', '-5', '1', '1'], g = [4, 4, -1, -5, 1, 1])
2022-02-12 17:57:58,073 INFO: Computing elliptic Chabauty map... (delta = ['1'], g = [4, 4, -1, -5, 1, 1])
2022-02-12 17:58:13,636 INFO: Elliptic Chabauty map computed. (delta = ['1'], g = [4, 4, -1, -5, 1, 1])
2022-02-12 17:58:13,639 INFO: Computing elliptic Chabauty map... (delta = ['-1/2', '1', '1'], g = [4, 4, -1, -5, 1, 1])
2022-02-12 17:58:29,624 INFO: Elliptic Chabauty map computed. (delta = ['-1/2', '1', '1'], g = [4, 4, -1, -5, 1, 1])
2022-02-12 17:58:29,628 INFO: Tasks complete. Recording data and exiting.
