2022-01-01 12:50:55,132 INFO: Initialized curve data.
2022-01-01 12:50:55,134 INFO: Setting up initial twist data...
2022-01-01 12:50:56,133 INFO: Twist setup complete.
2022-01-01 12:50:56,133 INFO: Searching for rational points on each twist...
2022-01-01 12:50:56,881 INFO: Finished searching for rational points on each twist.
2022-01-01 12:50:56,881 INFO: Testing local solvability of twists...
2022-01-01 12:51:02,388 INFO: Finished local solvability testing.
2022-01-01 12:51:02,390 INFO: Computing elliptic curve a-invariants...
2022-01-01 12:51:07,686 INFO: Finished computation of a-invariants.
2022-01-01 12:51:07,688 INFO: Computing MW group (delta = ['-4', '3', '-8', '9', '2', '1'], g = [-4, 4, -8, 9, 2, 1])...
2022-01-01 12:51:51,072 INFO: Finished MW computation (delta = ['-4', '3', '-8', '9', '2', '1'], g = [-4, 4, -8, 9, 2, 1])
2022-01-01 12:51:51,078 INFO: Computing MW group (delta = ['1'], g = [-4, 4, -8, 9, 2, 1])...
2022-01-01 12:54:53,531 INFO: Finished MW computation (delta = ['1'], g = [-4, 4, -8, 9, 2, 1])
2022-01-01 12:54:53,536 INFO: Computing MW group (delta = ['2', '-3/2', '5', '-9/2', '-1', '-1/2'], g = [-4, 4, -8, 9, 2, 1])...
2022-01-01 12:55:33,691 INFO: Finished MW computation (delta = ['2', '-3/2', '5', '-9/2', '-1', '-1/2'], g = [-4, 4, -8, 9, 2, 1])
2022-01-01 12:55:33,695 INFO: Skipped MW computation because no base point (delta = ['-1/2', '-1'])
2022-01-01 12:55:33,699 INFO: Reducing MW generators...
2022-01-01 12:55:37,095 INFO: Finished reducing MW generators.
2022-01-01 12:55:37,098 INFO: Running elliptic Chabauty (delta = ['-4', '3', '-8', '9', '2', '1'], g = [-4, 4, -8, 9, 2, 1])...
2022-01-01 12:55:56,667 INFO: Chabauty completed successfully (delta = ['-4', '3', '-8', '9', '2', '1'], g = [-4, 4, -8, 9, 2, 1]).
2022-01-01 12:55:56,671 INFO: Running elliptic Chabauty (delta = ['1'], g = [-4, 4, -8, 9, 2, 1])...
2022-01-01 12:56:25,955 INFO: Chabauty completed successfully (delta = ['1'], g = [-4, 4, -8, 9, 2, 1]).
2022-01-01 12:56:25,958 INFO: Running elliptic Chabauty (delta = ['2', '-3/2', '5', '-9/2', '-1', '-1/2'], g = [-4, 4, -8, 9, 2, 1])...
2022-01-01 12:56:41,711 INFO: Chabauty completed successfully (delta = ['2', '-3/2', '5', '-9/2', '-1', '-1/2'], g = [-4, 4, -8, 9, 2, 1]).
2022-01-01 12:56:41,716 INFO: Skipped Chabauty because no base point (delta = ['-1/2', '-1'])
2022-01-01 12:56:41,985 INFO: Rational points successfully computed.
2022-01-01 12:56:41,987 INFO: Tasks complete. Recording data and exiting.
2022-01-03 13:14:57,000 INFO: Obsolete "loc_solv_error" keys removed.
2022-01-03 13:14:57,000 INFO: Deleted results of Chabauty computation.
