2022-01-12 09:25:31,360 INFO: Initialized curve data.
2022-01-12 09:25:31,384 INFO: Setting up initial twist data...
2022-01-12 09:25:32,643 INFO: Twist setup complete.
2022-01-12 09:25:32,643 INFO: Searching for rational points on each twist...
2022-01-12 09:25:34,619 INFO: Finished searching for rational points on each twist.
2022-01-12 09:25:34,619 INFO: Testing local solvability of twists...
2022-01-12 09:25:34,626 INFO: Finished local solvability testing.
2022-01-12 09:25:34,628 INFO: Computing elliptic curve a-invariants...
2022-01-12 09:25:43,900 INFO: Finished computation of a-invariants.
2022-01-12 09:25:43,902 INFO: Computing MW group (delta = ['-64', '-88', '15', '55', '16', '8'], g = [-8, -11, 2, 7, 2, 1])...
2022-01-12 09:28:49,194 INFO: Finished MW computation (delta = ['-64', '-88', '15', '55', '16', '8'], g = [-8, -11, 2, 7, 2, 1])
2022-01-12 09:28:49,197 INFO: Computing MW group (delta = ['1'], g = [-8, -11, 2, 7, 2, 1])...
2022-01-12 09:29:49,784 INFO: Finished MW computation (delta = ['1'], g = [-8, -11, 2, 7, 2, 1])
2022-01-12 09:29:49,787 INFO: Computing MW group (delta = ['8', '12', '-1', '-7', '-2', '-1'], g = [-8, -11, 2, 7, 2, 1])...
2022-01-12 09:31:44,719 INFO: Finished MW computation (delta = ['8', '12', '-1', '-7', '-2', '-1'], g = [-8, -11, 2, 7, 2, 1])
2022-01-12 09:31:44,722 INFO: Computing MW group (delta = ['-8', '-12', '2', '7', '2', '1'], g = [-8, -11, 2, 7, 2, 1])...
2022-01-12 09:36:04,803 INFO: Finished MW computation (delta = ['-8', '-12', '2', '7', '2', '1'], g = [-8, -11, 2, 7, 2, 1])
2022-01-12 09:36:04,807 INFO: Reducing MW generators...
2022-01-12 09:36:07,682 INFO: Finished reducing MW generators.
2022-01-12 09:36:07,684 INFO: Tasks complete. Recording data and exiting.
