2022-01-12 12:18:07,967 INFO: Initialized curve data.
2022-01-12 12:18:07,969 INFO: Setting up initial twist data...
2022-01-12 12:18:09,712 INFO: Twist setup complete.
2022-01-12 12:18:09,712 INFO: Searching for rational points on each twist...
2022-01-12 12:18:13,493 INFO: Finished searching for rational points on each twist.
2022-01-12 12:18:13,493 INFO: Testing local solvability of twists...
2022-01-12 12:18:17,534 INFO: Finished local solvability testing.
2022-01-12 12:18:17,535 INFO: Computing elliptic curve a-invariants...
2022-01-12 12:18:40,723 INFO: Finished computation of a-invariants.
2022-01-12 12:18:40,725 INFO: Skipped MW computation because no base point (delta = ['-64', '-96', '-97', '-97', '-32', '-8'])
2022-01-12 12:18:40,725 INFO: Skipped MW computation because no base point (delta = ['16', '22', '21', '23', '8', '2'])
2022-01-12 12:18:40,726 INFO: Computing MW group (delta = ['8', '11', '12', '12', '4', '1'], g = [8, 12, 12, 12, 4, 1])...
2022-01-12 12:19:19,480 INFO: Finished MW computation (delta = ['8', '11', '12', '12', '4', '1'], g = [8, 12, 12, 12, 4, 1])
2022-01-12 12:19:19,483 INFO: Computing MW group (delta = ['1'], g = [8, 12, 12, 12, 4, 1])...
2022-01-12 12:20:16,959 INFO: Finished MW computation (delta = ['1'], g = [8, 12, 12, 12, 4, 1])
2022-01-12 12:20:16,962 INFO: Computing MW group (delta = ['-16', '-22', '-23', '-24', '-8', '-2'], g = [8, 12, 12, 12, 4, 1])...
2022-01-12 12:21:32,905 INFO: Finished MW computation (delta = ['-16', '-22', '-23', '-24', '-8', '-2'], g = [8, 12, 12, 12, 4, 1])
2022-01-12 12:21:32,908 INFO: Computing MW group (delta = ['128', '192', '194', '195', '65', '16'], g = [8, 12, 12, 12, 4, 1])...
2022-01-12 12:23:09,266 INFO: Finished MW computation (delta = ['128', '192', '194', '195', '65', '16'], g = [8, 12, 12, 12, 4, 1])
2022-01-12 12:23:09,277 INFO: Computing MW group (delta = ['-8', '-11', '-11', '-12', '-4', '-1'], g = [8, 12, 12, 12, 4, 1])...
2022-01-12 12:24:24,929 INFO: Finished MW computation (delta = ['-8', '-11', '-11', '-12', '-4', '-1'], g = [8, 12, 12, 12, 4, 1])
2022-01-12 12:24:24,935 INFO: Computing MW group (delta = ['-2', '-1'], g = [8, 12, 12, 12, 4, 1])...
2022-01-12 12:25:31,648 INFO: Finished MW computation (delta = ['-2', '-1'], g = [8, 12, 12, 12, 4, 1])
2022-01-12 12:25:31,654 INFO: Reducing MW generators...
2022-01-12 12:25:40,940 INFO: Finished reducing MW generators.
2022-01-12 12:25:40,943 INFO: Tasks complete. Recording data and exiting.
2022-01-14 11:32:16,630 INFO: Loaded curve data from file.
2022-01-14 11:32:16,631 INFO: Skipped Chabauty because no base point (delta = ['-64', '-96', '-97', '-97', '-32', '-8'])
2022-01-14 11:32:16,631 INFO: Skipped Chabauty because no base point (delta = ['16', '22', '21', '23', '8', '2'])
2022-01-14 11:32:16,631 INFO: Running elliptic Chabauty (delta = ['8', '11', '12', '12', '4', '1'], g = [8, 12, 12, 12, 4, 1])...
2022-01-14 11:32:28,348 INFO: Chabauty completed successfully (delta = ['8', '11', '12', '12', '4', '1'], g = [8, 12, 12, 12, 4, 1]).
2022-01-14 11:32:28,360 INFO: Running elliptic Chabauty (delta = ['1'], g = [8, 12, 12, 12, 4, 1])...
2022-01-14 11:32:42,111 INFO: Chabauty completed successfully (delta = ['1'], g = [8, 12, 12, 12, 4, 1]).
2022-01-14 11:32:42,115 INFO: Running elliptic Chabauty (delta = ['-16', '-22', '-23', '-24', '-8', '-2'], g = [8, 12, 12, 12, 4, 1])...
2022-01-14 11:32:56,637 INFO: Chabauty completed successfully (delta = ['-16', '-22', '-23', '-24', '-8', '-2'], g = [8, 12, 12, 12, 4, 1]).
2022-01-14 11:32:56,647 INFO: Running elliptic Chabauty (delta = ['128', '192', '194', '195', '65', '16'], g = [8, 12, 12, 12, 4, 1])...
2022-01-14 11:33:12,695 INFO: Chabauty completed successfully (delta = ['128', '192', '194', '195', '65', '16'], g = [8, 12, 12, 12, 4, 1]).
2022-01-14 11:33:12,703 INFO: Running elliptic Chabauty (delta = ['-8', '-11', '-11', '-12', '-4', '-1'], g = [8, 12, 12, 12, 4, 1])...
2022-01-14 11:33:29,472 INFO: Chabauty completed successfully (delta = ['-8', '-11', '-11', '-12', '-4', '-1'], g = [8, 12, 12, 12, 4, 1]).
2022-01-14 11:33:29,480 INFO: Running elliptic Chabauty (delta = ['-2', '-1'], g = [8, 12, 12, 12, 4, 1])...
2022-01-14 11:33:42,621 INFO: Chabauty completed successfully (delta = ['-2', '-1'], g = [8, 12, 12, 12, 4, 1]).
2022-01-14 11:33:42,923 INFO: Rational points successfully computed.
2022-01-14 11:33:42,927 INFO: Tasks complete. Recording data and exiting.
