2022-01-14 12:17:24,504 INFO: Initialized curve data.
2022-01-14 12:17:24,510 INFO: Setting up initial twist data...
2022-01-14 12:17:25,936 INFO: Twist setup complete.
2022-01-14 12:17:25,936 INFO: Searching for rational points on each twist...
2022-01-14 12:17:27,766 INFO: Finished searching for rational points on each twist.
2022-01-14 12:17:27,767 INFO: Testing local solvability of twists...
2022-01-14 12:17:37,798 INFO: Finished local solvability testing.
2022-01-14 12:17:37,800 INFO: Computing elliptic curve a-invariants...
2022-01-14 12:17:44,807 INFO: Finished computation of a-invariants.
2022-01-14 12:17:44,809 INFO: Skipped MW computation because no base point (delta = ['4', '-12', '19', '1', '-4', '1'])
2022-01-14 12:17:44,809 INFO: Computing MW group (delta = ['4', '-12', '16', '2', '-4', '1'], g = [4, -11, 16, 2, -4, 1])...
2022-01-14 15:52:27,701 INFO: Loaded curve data from file.
2022-01-14 15:52:27,702 INFO: Reducing MW generators...
2022-01-14 15:52:27,702 INFO: Finished reducing MW generators.
2022-01-14 15:52:27,708 INFO: Skipped Chabauty because no base point (delta = ['4', '-12', '19', '1', '-4', '1'])
2022-01-14 15:52:27,709 INFO: Skipped Chabauty because MW generators haven't been computed. (delta = ['4', '-12', '16', '2', '-4', '1'], g = [4, -11, 16, 2, -4, 1])
2022-01-14 15:52:27,709 INFO: Skipped Chabauty because MW generators haven't been computed. (delta = ['1'], g = [4, -11, 16, 2, -4, 1])
2022-01-14 15:52:27,709 INFO: Skipped Chabauty because MW generators haven't been computed. (delta = ['1', '-3', '1'], g = [4, -11, 16, 2, -4, 1])
2022-01-14 15:52:27,775 INFO: Tasks complete. Recording data and exiting.
2022-02-12 16:45:03,295 INFO: Loaded curve data from file.
2022-02-12 16:45:03,296 INFO: Computing elliptic Chabauty map... (delta = ['4', '-12', '16', '2', '-4', '1'], g = [4, -11, 16, 2, -4, 1])
2022-02-12 16:45:17,071 INFO: Elliptic Chabauty map computed. (delta = ['4', '-12', '16', '2', '-4', '1'], g = [4, -11, 16, 2, -4, 1])
2022-02-12 16:45:17,073 INFO: Computing elliptic Chabauty map... (delta = ['1'], g = [4, -11, 16, 2, -4, 1])
2022-02-12 16:45:30,626 INFO: Elliptic Chabauty map computed. (delta = ['1'], g = [4, -11, 16, 2, -4, 1])
2022-02-12 16:45:30,628 INFO: Computing elliptic Chabauty map... (delta = ['1', '-3', '1'], g = [4, -11, 16, 2, -4, 1])
2022-02-12 16:45:44,254 INFO: Elliptic Chabauty map computed. (delta = ['1', '-3', '1'], g = [4, -11, 16, 2, -4, 1])
2022-02-12 16:45:44,257 INFO: Tasks complete. Recording data and exiting.
