2022-01-11 15:10:18,162 INFO: Initialized curve data.
2022-01-11 15:10:18,164 INFO: Setting up initial twist data...
2022-01-11 15:10:19,276 INFO: Twist setup complete.
2022-01-11 15:10:19,276 INFO: Searching for rational points on each twist...
2022-01-11 15:10:21,276 INFO: Finished searching for rational points on each twist.
2022-01-11 15:10:21,276 INFO: Testing local solvability of twists...
2022-01-11 15:10:25,729 INFO: Finished local solvability testing.
2022-01-11 15:10:25,730 INFO: Computing elliptic curve a-invariants...
2022-01-11 15:10:37,057 INFO: Finished computation of a-invariants.
2022-01-11 15:10:37,058 INFO: Computing MW group (delta = ['-4', '8', '-5', '1', '4', '-1'], g = [4, -7, 4, -2, -4, 1])...
2022-01-14 09:07:32,288 INFO: Loaded curve data from file.
2022-01-14 09:07:32,288 INFO: Reducing MW generators...
2022-01-14 09:07:32,288 INFO: Finished reducing MW generators.
2022-01-14 09:07:32,291 INFO: Skipped Chabauty because MW generators haven't been computed. (delta = ['-4', '8', '-5', '1', '4', '-1'], g = [4, -7, 4, -2, -4, 1])
2022-01-14 09:07:32,291 INFO: Skipped Chabauty because MW generators haven't been computed. (delta = ['4', '-8', '4', '-2', '-4', '1'], g = [4, -7, 4, -2, -4, 1])
2022-01-14 09:07:32,291 INFO: Skipped Chabauty because MW generators haven't been computed. (delta = ['1'], g = [4, -7, 4, -2, -4, 1])
2022-01-14 09:07:32,291 INFO: Skipped Chabauty because no base point (delta = ['-1', '1', '1'])
2022-01-14 09:07:32,406 INFO: Tasks complete. Recording data and exiting.
2022-02-12 17:35:14,672 INFO: Loaded curve data from file.
2022-02-12 17:35:14,672 INFO: Computing elliptic Chabauty map... (delta = ['-4', '8', '-5', '1', '4', '-1'], g = [4, -7, 4, -2, -4, 1])
2022-02-12 17:35:30,435 INFO: Elliptic Chabauty map computed. (delta = ['-4', '8', '-5', '1', '4', '-1'], g = [4, -7, 4, -2, -4, 1])
2022-02-12 17:35:30,437 INFO: Computing elliptic Chabauty map... (delta = ['4', '-8', '4', '-2', '-4', '1'], g = [4, -7, 4, -2, -4, 1])
2022-02-12 17:35:45,760 INFO: Elliptic Chabauty map computed. (delta = ['4', '-8', '4', '-2', '-4', '1'], g = [4, -7, 4, -2, -4, 1])
2022-02-12 17:35:45,762 INFO: Computing elliptic Chabauty map... (delta = ['1'], g = [4, -7, 4, -2, -4, 1])
2022-02-12 17:36:01,114 INFO: Elliptic Chabauty map computed. (delta = ['1'], g = [4, -7, 4, -2, -4, 1])
2022-02-12 17:36:01,116 INFO: Tasks complete. Recording data and exiting.
