2022-01-11 10:11:08,737 INFO: Initialized curve data.
2022-01-11 10:11:08,751 INFO: Setting up initial twist data...
2022-01-11 10:11:10,104 INFO: Twist setup complete.
2022-01-11 10:11:10,104 INFO: Searching for rational points on each twist...
2022-01-11 10:11:11,112 INFO: Finished searching for rational points on each twist.
2022-01-11 10:11:11,112 INFO: Testing local solvability of twists...
2022-01-11 10:11:11,118 INFO: Finished local solvability testing.
2022-01-11 10:11:11,119 INFO: Computing elliptic curve a-invariants...
2022-01-11 10:11:28,707 INFO: Finished computation of a-invariants.
2022-01-11 10:11:28,709 INFO: Computing MW group (delta = ['4', '-21', '25', '0', '0', '1'], g = [4, -20, 24, 0, 0, 1])...
2022-01-11 10:19:10,448 INFO: Finished MW computation (delta = ['4', '-21', '25', '0', '0', '1'], g = [4, -20, 24, 0, 0, 1])
2022-01-11 10:19:10,451 INFO: Computing MW group (delta = ['1', '-1'], g = [4, -20, 24, 0, 0, 1])...
2022-01-11 10:22:05,873 INFO: Finished MW computation (delta = ['1', '-1'], g = [4, -20, 24, 0, 0, 1])
2022-01-11 10:22:05,875 INFO: Computing MW group (delta = ['1'], g = [4, -20, 24, 0, 0, 1])...
2022-01-11 10:24:08,191 INFO: Finished MW computation (delta = ['1'], g = [4, -20, 24, 0, 0, 1])
2022-01-11 10:24:08,193 INFO: Computing MW group (delta = ['4', '-21', '26', '-1', '0', '1'], g = [4, -20, 24, 0, 0, 1])...
2022-01-11 10:25:23,946 INFO: Finished MW computation (delta = ['4', '-21', '26', '-1', '0', '1'], g = [4, -20, 24, 0, 0, 1])
2022-01-11 10:25:23,951 INFO: Reducing MW generators...
2022-01-11 10:25:28,608 INFO: Finished reducing MW generators.
2022-01-11 10:25:28,610 INFO: Tasks complete. Recording data and exiting.
