2022-02-01 12:33:51,801 INFO: Initialized curve data.
2022-02-01 12:33:51,804 INFO: Setting up initial twist data...
2022-02-01 12:33:52,996 INFO: Twist setup complete.
2022-02-01 12:33:52,996 INFO: Searching for rational points on each twist...
2022-02-01 12:33:54,633 INFO: Finished searching for rational points on each twist.
2022-02-01 12:33:54,633 INFO: Testing local solvability of twists...
2022-02-01 12:33:54,642 INFO: Finished local solvability testing.
2022-02-01 12:33:54,643 INFO: Computing elliptic curve a-invariants...
2022-02-01 12:34:01,368 INFO: Finished computation of a-invariants.
2022-02-01 12:34:01,370 INFO: Computing MW group (delta = ['4', '-9', '20', '24', '8', '1'], g = [4, -8, 20, 24, 8, 1])...
2022-02-01 12:40:58,536 INFO: Finished MW computation (delta = ['4', '-9', '20', '24', '8', '1'], g = [4, -8, 20, 24, 8, 1])
2022-02-01 12:40:58,539 INFO: Computing MW group (delta = ['1', '-1'], g = [4, -8, 20, 24, 8, 1])...
2022-02-01 12:43:49,673 INFO: Finished MW computation (delta = ['1', '-1'], g = [4, -8, 20, 24, 8, 1])
2022-02-01 12:43:49,676 INFO: Computing MW group (delta = ['1'], g = [4, -8, 20, 24, 8, 1])...
2022-02-01 12:50:50,585 INFO: Finished MW computation (delta = ['1'], g = [4, -8, 20, 24, 8, 1])
2022-02-01 12:50:50,587 INFO: Computing MW group (delta = ['4', '-9', '21', '24', '8', '1'], g = [4, -8, 20, 24, 8, 1])...
2022-02-02 04:48:17,177 INFO: Loaded curve data from file.
2022-02-02 04:48:17,177 INFO: Reducing MW generators...
2022-02-02 04:48:17,757 INFO: Finished reducing MW generators.
2022-02-02 04:48:17,759 INFO: Running elliptic Chabauty (delta = ['4', '-9', '20', '24', '8', '1'], g = [4, -8, 20, 24, 8, 1])...
2022-02-02 04:48:29,053 INFO: Chabauty completed successfully (delta = ['4', '-9', '20', '24', '8', '1'], g = [4, -8, 20, 24, 8, 1]).
2022-02-02 04:48:29,055 INFO: Skipped Chabauty because MW group hasn't been provably computed. (delta = ['1', '-1'], g = [4, -8, 20, 24, 8, 1])
2022-02-02 04:48:29,055 INFO: Skipped Chabauty because MW group hasn't been provably computed. (delta = ['1'], g = [4, -8, 20, 24, 8, 1])
2022-02-02 04:48:29,055 INFO: Skipped Chabauty because MW generators haven't been computed. (delta = ['4', '-9', '21', '24', '8', '1'], g = [4, -8, 20, 24, 8, 1])
2022-02-02 04:48:29,088 INFO: Tasks complete. Recording data and exiting.
2022-02-12 17:22:37,309 INFO: Loaded curve data from file.
2022-02-12 17:22:37,309 INFO: Computing elliptic Chabauty map... (delta = ['4', '-9', '20', '24', '8', '1'], g = [4, -8, 20, 24, 8, 1])
2022-02-12 17:22:51,196 INFO: Elliptic Chabauty map computed. (delta = ['4', '-9', '20', '24', '8', '1'], g = [4, -8, 20, 24, 8, 1])
2022-02-12 17:22:51,199 INFO: Computing elliptic Chabauty map... (delta = ['1', '-1'], g = [4, -8, 20, 24, 8, 1])
2022-02-12 17:23:04,654 INFO: Elliptic Chabauty map computed. (delta = ['1', '-1'], g = [4, -8, 20, 24, 8, 1])
2022-02-12 17:23:04,657 INFO: Computing elliptic Chabauty map... (delta = ['1'], g = [4, -8, 20, 24, 8, 1])
2022-02-12 17:23:18,447 INFO: Elliptic Chabauty map computed. (delta = ['1'], g = [4, -8, 20, 24, 8, 1])
2022-02-12 17:23:18,450 INFO: Computing elliptic Chabauty map... (delta = ['4', '-9', '21', '24', '8', '1'], g = [4, -8, 20, 24, 8, 1])
2022-02-12 17:23:32,731 INFO: Elliptic Chabauty map computed. (delta = ['4', '-9', '21', '24', '8', '1'], g = [4, -8, 20, 24, 8, 1])
2022-02-12 17:23:32,734 INFO: Tasks complete. Recording data and exiting.
