2022-01-13 21:54:51,199 INFO: Initialized curve data.
2022-01-13 21:54:51,203 INFO: Setting up initial twist data...
2022-01-13 21:54:52,500 INFO: Twist setup complete.
2022-01-13 21:54:52,500 INFO: Searching for rational points on each twist...
2022-01-13 21:54:56,830 INFO: Finished searching for rational points on each twist.
2022-01-13 21:54:56,831 INFO: Testing local solvability of twists...
2022-01-13 21:55:45,253 INFO: Finished local solvability testing.
2022-01-13 21:55:45,255 INFO: Computing elliptic curve a-invariants...
2022-01-13 21:55:50,455 INFO: Finished computation of a-invariants.
2022-01-13 21:55:50,457 INFO: Skipped MW computation because no base point (delta = ['-1/2', '6', '107/2', '119', '98', '18'])
2022-01-13 21:55:50,457 INFO: Skipped MW computation because no base point (delta = ['2', '95/2', '531/2', '530', '835/2', '151/2'])
2022-01-13 21:55:50,457 INFO: Skipped MW computation because no base point (delta = ['-1', '3', '28', '60', '49', '9'])
2022-01-13 21:55:50,458 INFO: Computing MW group (delta = ['1'], g = [1, 1])...
2022-01-13 21:55:50,869 INFO: Finished MW computation (delta = ['1'], g = [1, 1])
2022-01-13 21:55:50,871 INFO: Computing MW group (delta = ['1'], g = [4, 28, 60, 49, 9])...
2022-01-14 11:35:29,297 INFO: Loaded curve data from file.
2022-01-14 11:35:29,297 INFO: Reducing MW generators...
2022-01-14 11:35:29,384 INFO: Finished reducing MW generators.
2022-01-14 11:35:29,441 INFO: Skipped Chabauty because no base point (delta = ['-1/2', '6', '107/2', '119', '98', '18'])
2022-01-14 11:35:29,441 INFO: Skipped Chabauty because no base point (delta = ['2', '95/2', '531/2', '530', '835/2', '151/2'])
2022-01-14 11:35:29,441 INFO: Skipped Chabauty because no base point (delta = ['-1', '3', '28', '60', '49', '9'])
2022-01-14 11:35:29,441 INFO: Skipped Chabauty because rank >= degree(g). (delta = ['1'], g = [1, 1])
2022-01-14 11:35:29,441 INFO: Skipped Chabauty because MW generators haven't been computed. (delta = ['1'], g = [4, 28, 60, 49, 9])
2022-01-14 11:35:29,441 INFO: Skipped Chabauty because MW generators haven't been computed. (delta = ['4', '47', '198', '348', '254', '45'], g = [1, 1])
2022-01-14 11:35:29,441 INFO: Skipped Chabauty because MW generators haven't been computed. (delta = ['4', '47', '198', '348', '254', '45'], g = [4, 28, 60, 49, 9])
2022-01-14 11:35:29,441 INFO: Skipped Chabauty because MW generators haven't been computed. (delta = ['-2', '-15/2', '14', '68', '70', '27/2'], g = [1, 1])
2022-01-14 11:35:29,441 INFO: Skipped Chabauty because MW generators haven't been computed. (delta = ['-2', '-15/2', '14', '68', '70', '27/2'], g = [4, 28, 60, 49, 9])
2022-01-14 11:35:29,441 INFO: Skipped Chabauty because no base point (delta = ['1/2', '7/2', '15', '30', '49/2', '9/2'])
2022-01-14 11:35:29,441 INFO: Skipped Chabauty because MW generators haven't been computed. (delta = ['-4', '-27', '-59', '-49', '-9'], g = [1, 1])
2022-01-14 11:35:29,441 INFO: Skipped Chabauty because MW generators haven't been computed. (delta = ['-4', '-27', '-59', '-49', '-9'], g = [4, 28, 60, 49, 9])
2022-01-14 11:35:29,574 INFO: Tasks complete. Recording data and exiting.
