2022-01-01 12:50:45,388 INFO: Initialized curve data.
2022-01-01 12:50:45,393 INFO: Setting up initial twist data...
2022-01-01 12:50:46,895 INFO: Twist setup complete.
2022-01-01 12:50:46,895 INFO: Searching for rational points on each twist...
2022-01-01 12:50:48,283 INFO: Finished searching for rational points on each twist.
2022-01-01 12:50:48,283 INFO: Testing local solvability of twists...
2022-01-01 12:50:48,289 INFO: Finished local solvability testing.
2022-01-01 12:50:48,290 INFO: Computing elliptic curve a-invariants...
2022-01-01 12:51:09,369 INFO: Finished computation of a-invariants.
2022-01-01 12:51:09,372 INFO: Computing MW group (delta = ['48', '-96', '-14', '1', '4', '3'], g = [16, -32, -4, 0, 1, 1])...
2022-01-01 12:57:07,735 INFO: Finished MW computation (delta = ['48', '-96', '-14', '1', '4', '3'], g = [16, -32, -4, 0, 1, 1])
2022-01-01 12:57:07,738 INFO: Computing MW group (delta = ['16', '-33', '-3', '0', '1', '1'], g = [16, -32, -4, 0, 1, 1])...
2022-01-01 12:57:55,796 INFO: Finished MW computation (delta = ['16', '-33', '-3', '0', '1', '1'], g = [16, -32, -4, 0, 1, 1])
2022-01-01 12:57:55,798 INFO: Computing MW group (delta = ['0', '2', '1'], g = [16, -32, -4, 0, 1, 1])...
2022-01-01 14:06:31,619 INFO: Finished MW computation (delta = ['0', '2', '1'], g = [16, -32, -4, 0, 1, 1])
2022-01-01 14:06:31,623 INFO: Computing MW group (delta = ['1'], g = [16, -32, -4, 0, 1, 1])...
2022-01-01 14:09:52,853 INFO: Finished MW computation (delta = ['1'], g = [16, -32, -4, 0, 1, 1])
2022-01-01 14:09:52,858 INFO: Reducing MW generators...
2022-01-01 14:10:02,598 INFO: Finished reducing MW generators.
2022-01-01 14:10:02,601 INFO: Running elliptic Chabauty (delta = ['48', '-96', '-14', '1', '4', '3'], g = [16, -32, -4, 0, 1, 1])...
2022-01-03 13:14:57,000 INFO: Obsolete "loc_solv_error" keys removed.
2022-01-10 22:39:04,136 INFO: Loaded curve data from file.
2022-01-10 22:39:04,137 INFO: Running elliptic Chabauty (delta = ['48', '-96', '-14', '1', '4', '3'], g = [16, -32, -4, 0, 1, 1])...
2022-01-10 23:13:18,932 INFO: Chabauty completed successfully (delta = ['48', '-96', '-14', '1', '4', '3'], g = [16, -32, -4, 0, 1, 1]).
2022-01-10 23:13:18,937 INFO: Running elliptic Chabauty (delta = ['16', '-33', '-3', '0', '1', '1'], g = [16, -32, -4, 0, 1, 1])...
2022-01-10 23:13:32,128 INFO: Chabauty completed successfully (delta = ['16', '-33', '-3', '0', '1', '1'], g = [16, -32, -4, 0, 1, 1]).
2022-01-10 23:13:32,130 INFO: Running elliptic Chabauty (delta = ['0', '2', '1'], g = [16, -32, -4, 0, 1, 1])...
2022-01-10 23:18:53,457 INFO: Chabauty completed successfully (delta = ['0', '2', '1'], g = [16, -32, -4, 0, 1, 1]).
2022-01-10 23:18:53,461 INFO: Running elliptic Chabauty (delta = ['1'], g = [16, -32, -4, 0, 1, 1])...
2022-01-10 23:20:17,974 INFO: Chabauty completed successfully (delta = ['1'], g = [16, -32, -4, 0, 1, 1]).
2022-01-10 23:20:18,151 INFO: Rational points successfully computed.
2022-01-10 23:20:18,154 INFO: Tasks complete. Recording data and exiting.
