2022-01-13 21:54:36,475 INFO: Initialized curve data.
2022-01-13 21:54:36,478 INFO: Setting up initial twist data...
2022-01-13 21:54:37,477 INFO: Twist setup complete.
2022-01-13 21:54:37,477 INFO: Searching for rational points on each twist...
2022-01-13 21:54:39,218 INFO: Finished searching for rational points on each twist.
2022-01-13 21:54:39,218 INFO: Testing local solvability of twists...
2022-01-13 21:54:39,223 INFO: Finished local solvability testing.
2022-01-13 21:54:39,225 INFO: Computing elliptic curve a-invariants...
2022-01-13 21:54:53,369 INFO: Finished computation of a-invariants.
2022-01-13 21:54:53,370 INFO: Computing MW group (delta = ['16', '-16', '-31', '-1', '32', '4'], g = [4, -4, -8, 0, 8, 1])...
2022-01-13 21:56:50,975 INFO: Finished MW computation (delta = ['16', '-16', '-31', '-1', '32', '4'], g = [4, -4, -8, 0, 8, 1])
2022-01-13 21:56:50,980 INFO: Computing MW group (delta = ['4', '-5', '-8', '0', '8', '1'], g = [4, -4, -8, 0, 8, 1])...
2022-01-13 21:59:32,555 INFO: Finished MW computation (delta = ['4', '-5', '-8', '0', '8', '1'], g = [4, -4, -8, 0, 8, 1])
2022-01-13 21:59:32,560 INFO: Computing MW group (delta = ['1'], g = [4, -4, -8, 0, 8, 1])...
2022-01-13 22:09:25,680 INFO: Finished MW computation (delta = ['1'], g = [4, -4, -8, 0, 8, 1])
2022-01-13 22:09:25,684 INFO: Computing MW group (delta = ['4', '-5', '-7', '0', '8', '1'], g = [4, -4, -8, 0, 8, 1])...
2022-01-14 11:35:11,880 INFO: Loaded curve data from file.
2022-01-14 11:35:11,880 INFO: Reducing MW generators...
2022-01-14 11:35:12,636 INFO: Finished reducing MW generators.
2022-01-14 11:35:12,638 INFO: Skipped Chabauty because MW group hasn't been provably computed. (delta = ['16', '-16', '-31', '-1', '32', '4'], g = [4, -4, -8, 0, 8, 1])
2022-01-14 11:35:12,639 INFO: Skipped Chabauty because MW group hasn't been provably computed. (delta = ['4', '-5', '-8', '0', '8', '1'], g = [4, -4, -8, 0, 8, 1])
2022-01-14 11:35:12,639 INFO: Running elliptic Chabauty (delta = ['1'], g = [4, -4, -8, 0, 8, 1])...
2022-01-14 11:35:31,535 INFO: Chabauty completed successfully (delta = ['1'], g = [4, -4, -8, 0, 8, 1]).
2022-01-14 11:35:31,537 INFO: Skipped Chabauty because MW generators haven't been computed. (delta = ['4', '-5', '-7', '0', '8', '1'], g = [4, -4, -8, 0, 8, 1])
2022-01-14 11:35:31,576 INFO: Tasks complete. Recording data and exiting.
