2022-01-14 12:17:16,524 INFO: Initialized curve data.
2022-01-14 12:17:16,530 INFO: Setting up initial twist data...
2022-01-14 12:17:18,783 INFO: Twist setup complete.
2022-01-14 12:17:18,783 INFO: Searching for rational points on each twist...
2022-01-14 12:17:21,306 INFO: Finished searching for rational points on each twist.
2022-01-14 12:17:21,307 INFO: Testing local solvability of twists...
2022-01-14 12:17:21,321 INFO: Finished local solvability testing.
2022-01-14 12:17:21,323 INFO: Computing elliptic curve a-invariants...
2022-01-14 12:17:37,963 INFO: Finished computation of a-invariants.
2022-01-14 12:17:37,966 INFO: Computing MW group (delta = ['4', '-13', '-8', '0', '4', '1'], g = [4, -12, -8, 0, 4, 1])...
2022-01-14 12:22:16,756 INFO: Finished MW computation (delta = ['4', '-13', '-8', '0', '4', '1'], g = [4, -12, -8, 0, 4, 1])
2022-01-14 12:22:16,761 INFO: Computing MW group (delta = ['1'], g = [4, -12, -8, 0, 4, 1])...
2022-01-14 15:52:17,082 INFO: Loaded curve data from file.
2022-01-14 15:52:17,083 INFO: Reducing MW generators...
2022-01-14 15:52:17,701 INFO: Finished reducing MW generators.
2022-01-14 15:52:17,702 INFO: Running elliptic Chabauty (delta = ['4', '-13', '-8', '0', '4', '1'], g = [4, -12, -8, 0, 4, 1])...
2022-01-14 15:52:30,006 INFO: Chabauty completed successfully (delta = ['4', '-13', '-8', '0', '4', '1'], g = [4, -12, -8, 0, 4, 1]).
2022-01-14 15:52:30,008 INFO: Skipped Chabauty because MW generators haven't been computed. (delta = ['1'], g = [4, -12, -8, 0, 4, 1])
2022-01-14 15:52:30,008 INFO: Skipped Chabauty because MW generators haven't been computed. (delta = ['1/2', '-3', '1'], g = [4, -12, -8, 0, 4, 1])
2022-01-14 15:52:30,008 INFO: Skipped Chabauty because MW generators haven't been computed. (delta = ['2', '-13/2', '-1', '-1', '2', '1/2'], g = [4, -12, -8, 0, 4, 1])
2022-01-14 15:52:30,048 INFO: Tasks complete. Recording data and exiting.
