2022-01-12 09:25:19,776 INFO: Initialized curve data.
2022-01-12 09:25:19,779 INFO: Setting up initial twist data...
2022-01-12 09:25:20,723 INFO: Twist setup complete.
2022-01-12 09:25:20,723 INFO: Searching for rational points on each twist...
2022-01-12 09:25:22,125 INFO: Finished searching for rational points on each twist.
2022-01-12 09:25:22,126 INFO: Testing local solvability of twists...
2022-01-12 09:25:25,632 INFO: Finished local solvability testing.
2022-01-12 09:25:25,633 INFO: Computing elliptic curve a-invariants...
2022-01-12 09:25:31,291 INFO: Finished computation of a-invariants.
2022-01-12 09:25:31,292 INFO: Computing MW group (delta = ['1'], g = [8, -28, 8, 29, 10, 1])...
2022-01-12 09:26:23,368 INFO: Finished MW computation (delta = ['1'], g = [8, -28, 8, 29, 10, 1])
2022-01-12 09:26:23,375 INFO: Computing MW group (delta = ['-2', '4', '1'], g = [8, -28, 8, 29, 10, 1])...
2022-01-12 09:27:37,949 INFO: Finished MW computation (delta = ['-2', '4', '1'], g = [8, -28, 8, 29, 10, 1])
2022-01-12 09:27:37,953 INFO: Skipped MW computation because no base point (delta = ['-16', '58', '-20', '-59', '-20', '-2'])
2022-01-12 09:27:37,953 INFO: Computing MW group (delta = ['8', '-29', '8', '29', '10', '1'], g = [8, -28, 8, 29, 10, 1])...
2022-01-12 09:28:28,295 INFO: Finished MW computation (delta = ['8', '-29', '8', '29', '10', '1'], g = [8, -28, 8, 29, 10, 1])
2022-01-12 09:28:28,301 INFO: Reducing MW generators...
2022-01-12 09:28:31,196 INFO: Finished reducing MW generators.
2022-01-12 09:28:31,198 INFO: Tasks complete. Recording data and exiting.
2022-01-14 09:10:41,503 INFO: Loaded curve data from file.
2022-01-14 09:10:41,504 INFO: Running elliptic Chabauty (delta = ['1'], g = [8, -28, 8, 29, 10, 1])...
2022-01-14 09:11:48,814 INFO: Chabauty completed successfully (delta = ['1'], g = [8, -28, 8, 29, 10, 1]).
2022-01-14 09:11:48,817 INFO: Running elliptic Chabauty (delta = ['-2', '4', '1'], g = [8, -28, 8, 29, 10, 1])...
2022-01-14 09:12:14,672 INFO: Chabauty completed successfully (delta = ['-2', '4', '1'], g = [8, -28, 8, 29, 10, 1]).
2022-01-14 09:12:14,690 INFO: Skipped Chabauty because no base point (delta = ['-16', '58', '-20', '-59', '-20', '-2'])
2022-01-14 09:12:14,690 INFO: Running elliptic Chabauty (delta = ['8', '-29', '8', '29', '10', '1'], g = [8, -28, 8, 29, 10, 1])...
2022-01-14 09:12:26,808 INFO: Chabauty completed successfully (delta = ['8', '-29', '8', '29', '10', '1'], g = [8, -28, 8, 29, 10, 1]).
2022-01-14 09:12:27,038 INFO: Rational points successfully computed.
2022-01-14 09:12:27,042 INFO: Tasks complete. Recording data and exiting.
