2022-01-11 15:10:16,022 INFO: Initialized curve data.
2022-01-11 15:10:16,027 INFO: Setting up initial twist data...
2022-01-11 15:10:16,926 INFO: Twist setup complete.
2022-01-11 15:10:16,926 INFO: Searching for rational points on each twist...
2022-01-11 15:10:18,359 INFO: Finished searching for rational points on each twist.
2022-01-11 15:10:18,360 INFO: Testing local solvability of twists...
2022-01-11 15:10:18,364 INFO: Finished local solvability testing.
2022-01-11 15:10:18,365 INFO: Computing elliptic curve a-invariants...
2022-01-11 15:10:25,305 INFO: Finished computation of a-invariants.
2022-01-11 15:10:25,306 INFO: Computing MW group (delta = ['-4', '8', '-8', '4', '-4', '4'], g = [-4, 9, -8, 4, -4, 4])...
2022-01-11 15:15:05,200 INFO: Finished MW computation (delta = ['-4', '8', '-8', '4', '-4', '4'], g = [-4, 9, -8, 4, -4, 4])
2022-01-11 15:15:05,203 INFO: Computing MW group (delta = ['1'], g = [-4, 9, -8, 4, -4, 4])...
2022-01-11 15:18:48,573 INFO: Finished MW computation (delta = ['1'], g = [-4, 9, -8, 4, -4, 4])
2022-01-11 15:18:48,576 INFO: Computing MW group (delta = ['16', '-36', '33', '-17', '16', '-16'], g = [-4, 9, -8, 4, -4, 4])...
2022-01-11 15:19:30,240 INFO: Finished MW computation (delta = ['16', '-36', '33', '-17', '16', '-16'], g = [-4, 9, -8, 4, -4, 4])
2022-01-11 15:19:30,245 INFO: Computing MW group (delta = ['-4', '8', '-7', '4', '-4', '4'], g = [-4, 9, -8, 4, -4, 4])...
2022-01-11 15:20:31,779 INFO: Finished MW computation (delta = ['-4', '8', '-7', '4', '-4', '4'], g = [-4, 9, -8, 4, -4, 4])
2022-01-11 15:20:31,783 INFO: Reducing MW generators...
2022-01-11 15:20:34,320 INFO: Finished reducing MW generators.
2022-01-11 15:20:34,321 INFO: Tasks complete. Recording data and exiting.
2022-01-14 09:07:29,041 INFO: Loaded curve data from file.
2022-01-14 09:07:29,042 INFO: Running elliptic Chabauty (delta = ['-4', '8', '-8', '4', '-4', '4'], g = [-4, 9, -8, 4, -4, 4])...
2022-01-14 09:07:42,559 INFO: Chabauty completed successfully (delta = ['-4', '8', '-8', '4', '-4', '4'], g = [-4, 9, -8, 4, -4, 4]).
2022-01-14 09:07:42,564 INFO: Running elliptic Chabauty (delta = ['1'], g = [-4, 9, -8, 4, -4, 4])...
2022-01-14 09:07:55,513 INFO: Chabauty completed successfully (delta = ['1'], g = [-4, 9, -8, 4, -4, 4]).
2022-01-14 09:07:55,519 INFO: Skipped Chabauty because MW group hasn't been provably computed. (delta = ['16', '-36', '33', '-17', '16', '-16'], g = [-4, 9, -8, 4, -4, 4])
2022-01-14 09:07:55,519 INFO: Skipped Chabauty because MW group hasn't been provably computed. (delta = ['-4', '8', '-7', '4', '-4', '4'], g = [-4, 9, -8, 4, -4, 4])
2022-01-14 09:07:55,610 INFO: Tasks complete. Recording data and exiting.
