2022-01-11 15:10:12,827 INFO: Initialized curve data.
2022-01-11 15:10:12,829 INFO: Setting up initial twist data...
2022-01-11 15:10:13,992 INFO: Twist setup complete.
2022-01-11 15:10:13,992 INFO: Searching for rational points on each twist...
2022-01-11 15:10:15,640 INFO: Finished searching for rational points on each twist.
2022-01-11 15:10:15,640 INFO: Testing local solvability of twists...
2022-01-11 15:10:18,143 INFO: Finished local solvability testing.
2022-01-11 15:10:18,145 INFO: Computing elliptic curve a-invariants...
2022-01-11 15:10:24,536 INFO: Finished computation of a-invariants.
2022-01-11 15:10:24,538 INFO: Skipped MW computation because no base point (delta = ['16', '6', '17', '7', '0', '2'])
2022-01-11 15:10:24,538 INFO: Computing MW group (delta = ['1'], g = [8, 4, 8, 4, 0, 1])...
2022-01-11 15:10:47,361 INFO: Finished MW computation (delta = ['1'], g = [8, 4, 8, 4, 0, 1])
2022-01-11 15:10:47,363 INFO: Computing MW group (delta = ['8', '3', '8', '4', '0', '1'], g = [8, 4, 8, 4, 0, 1])...
2022-01-11 15:12:00,390 INFO: Finished MW computation (delta = ['8', '3', '8', '4', '0', '1'], g = [8, 4, 8, 4, 0, 1])
2022-01-11 15:12:00,394 INFO: Computing MW group (delta = ['2', '-1', '1'], g = [8, 4, 8, 4, 0, 1])...
2022-01-11 15:12:30,047 INFO: Finished MW computation (delta = ['2', '-1', '1'], g = [8, 4, 8, 4, 0, 1])
2022-01-11 15:12:30,050 INFO: Reducing MW generators...
2022-01-11 15:12:32,848 INFO: Finished reducing MW generators.
2022-01-11 15:12:32,850 INFO: Tasks complete. Recording data and exiting.
2022-01-14 09:07:22,651 INFO: Loaded curve data from file.
2022-01-14 09:07:22,651 INFO: Skipped Chabauty because no base point (delta = ['16', '6', '17', '7', '0', '2'])
2022-01-14 09:07:22,651 INFO: Running elliptic Chabauty (delta = ['1'], g = [8, 4, 8, 4, 0, 1])...
2022-01-14 09:08:02,556 INFO: Chabauty completed successfully (delta = ['1'], g = [8, 4, 8, 4, 0, 1]).
2022-01-14 09:08:02,559 INFO: Running elliptic Chabauty (delta = ['8', '3', '8', '4', '0', '1'], g = [8, 4, 8, 4, 0, 1])...
2022-01-14 09:08:18,515 INFO: Chabauty completed successfully (delta = ['8', '3', '8', '4', '0', '1'], g = [8, 4, 8, 4, 0, 1]).
2022-01-14 09:08:18,516 INFO: Running elliptic Chabauty (delta = ['2', '-1', '1'], g = [8, 4, 8, 4, 0, 1])...
2022-01-14 09:08:28,056 INFO: Chabauty completed successfully (delta = ['2', '-1', '1'], g = [8, 4, 8, 4, 0, 1]).
2022-01-14 09:08:28,268 INFO: Rational points successfully computed.
2022-01-14 09:08:28,271 INFO: Tasks complete. Recording data and exiting.
