2022-01-01 12:50:41,496 INFO: Initialized curve data.
2022-01-01 12:50:41,499 INFO: Setting up initial twist data...
2022-01-01 12:50:42,487 INFO: Twist setup complete.
2022-01-01 12:50:42,487 INFO: Searching for rational points on each twist...
2022-01-01 12:50:43,445 INFO: Finished searching for rational points on each twist.
2022-01-01 12:50:43,445 INFO: Testing local solvability of twists...
2022-01-01 12:50:44,267 INFO: Finished local solvability testing.
2022-01-01 12:50:44,268 INFO: Computing elliptic curve a-invariants...
2022-01-01 12:51:27,102 INFO: Finished computation of a-invariants.
2022-01-01 12:51:27,103 INFO: Computing MW group (delta = ['1', '0', '1'], g = [1, -1, 0, 1, -1, 1])...
2022-01-01 12:52:58,312 INFO: Finished MW computation (delta = ['1', '0', '1'], g = [1, -1, 0, 1, -1, 1])
2022-01-01 12:52:58,315 INFO: Computing MW group (delta = ['1', '-2', '1', '1', '-1', '1'], g = [1, -1, 0, 1, -1, 1])...
2022-01-01 12:53:49,122 INFO: Finished MW computation (delta = ['1', '-2', '1', '1', '-1', '1'], g = [1, -1, 0, 1, -1, 1])
2022-01-01 12:53:49,124 INFO: Computing MW group (delta = ['1'], g = [1, -1, 0, 1, -1, 1])...
2022-01-01 12:56:36,064 INFO: Finished MW computation (delta = ['1'], g = [1, -1, 0, 1, -1, 1])
2022-01-01 12:56:36,067 INFO: Skipped MW computation because no base point (delta = ['1', '-2', '1', '0', '0', '1'])
2022-01-01 12:56:36,068 INFO: Reducing MW generators...
2022-01-01 12:56:39,471 INFO: Finished reducing MW generators.
2022-01-01 12:56:39,473 INFO: Running elliptic Chabauty (delta = ['1', '0', '1'], g = [1, -1, 0, 1, -1, 1])...
2022-01-01 12:57:08,206 INFO: Chabauty completed successfully (delta = ['1', '0', '1'], g = [1, -1, 0, 1, -1, 1]).
2022-01-01 12:57:08,208 INFO: Running elliptic Chabauty (delta = ['1', '-2', '1', '1', '-1', '1'], g = [1, -1, 0, 1, -1, 1])...
2022-01-01 12:57:33,910 INFO: Chabauty completed successfully (delta = ['1', '-2', '1', '1', '-1', '1'], g = [1, -1, 0, 1, -1, 1]).
2022-01-01 12:57:33,912 INFO: Running elliptic Chabauty (delta = ['1'], g = [1, -1, 0, 1, -1, 1])...
2022-01-01 13:00:00,437 INFO: Chabauty completed successfully (delta = ['1'], g = [1, -1, 0, 1, -1, 1]).
2022-01-01 13:00:00,440 INFO: Skipped Chabauty because no base point (delta = ['1', '-2', '1', '0', '0', '1'])
2022-01-01 13:00:00,650 INFO: Rational points successfully computed.
2022-01-01 13:00:00,652 INFO: Tasks complete. Recording data and exiting.
