2022-01-12 12:27:20,362 INFO: Initialized curve data.
2022-01-12 12:27:20,368 INFO: Setting up initial twist data...
2022-01-12 12:27:21,591 INFO: Twist setup complete.
2022-01-12 12:27:21,591 INFO: Searching for rational points on each twist...
2022-01-12 12:27:23,606 INFO: Finished searching for rational points on each twist.
2022-01-12 12:27:23,606 INFO: Testing local solvability of twists...
2022-01-12 12:27:31,800 INFO: Finished local solvability testing.
2022-01-12 12:27:31,802 INFO: Computing elliptic curve a-invariants...
2022-01-12 12:27:46,979 INFO: Finished computation of a-invariants.
2022-01-12 12:27:46,982 INFO: Computing MW group (delta = ['1'], g = [4, -15, -8, 40, 36, 8])...
2022-01-14 11:32:37,329 INFO: Loaded curve data from file.
2022-01-14 11:32:37,329 INFO: Reducing MW generators...
2022-01-14 11:32:37,329 INFO: Finished reducing MW generators.
2022-01-14 11:32:37,331 INFO: Skipped Chabauty because MW generators haven't been computed. (delta = ['1'], g = [4, -15, -8, 40, 36, 8])
2022-01-14 11:32:37,332 INFO: Skipped Chabauty because MW generators haven't been computed. (delta = ['1/2', '-5/2', '3/2', '7/2', '1'], g = [4, -15, -8, 40, 36, 8])
2022-01-14 11:32:37,332 INFO: Skipped Chabauty because no base point (delta = ['-1/2', '3/2', '1'])
2022-01-14 11:32:37,332 INFO: Skipped Chabauty because MW generators haven't been computed. (delta = ['-1', '2', '1'], g = [4, -15, -8, 40, 36, 8])
2022-01-14 11:32:37,379 INFO: Tasks complete. Recording data and exiting.
2022-02-12 17:18:18,991 INFO: Loaded curve data from file.
2022-02-12 17:18:18,991 INFO: Computing elliptic Chabauty map... (delta = ['1'], g = [4, -15, -8, 40, 36, 8])
2022-02-12 17:18:36,099 INFO: Elliptic Chabauty map computed. (delta = ['1'], g = [4, -15, -8, 40, 36, 8])
2022-02-12 17:18:36,101 INFO: Computing elliptic Chabauty map... (delta = ['1/2', '-5/2', '3/2', '7/2', '1'], g = [4, -15, -8, 40, 36, 8])
2022-02-12 17:18:53,534 INFO: Elliptic Chabauty map computed. (delta = ['1/2', '-5/2', '3/2', '7/2', '1'], g = [4, -15, -8, 40, 36, 8])
2022-02-12 17:18:53,536 INFO: Computing elliptic Chabauty map... (delta = ['-1', '2', '1'], g = [4, -15, -8, 40, 36, 8])
2022-02-12 17:19:11,125 INFO: Elliptic Chabauty map computed. (delta = ['-1', '2', '1'], g = [4, -15, -8, 40, 36, 8])
2022-02-12 17:19:11,127 INFO: Tasks complete. Recording data and exiting.
