2022-01-12 09:26:00,055 INFO: Initialized curve data.
2022-01-12 09:26:00,059 INFO: Setting up initial twist data...
2022-01-12 09:26:01,266 INFO: Twist setup complete.
2022-01-12 09:26:01,266 INFO: Searching for rational points on each twist...
2022-01-12 09:26:03,204 INFO: Finished searching for rational points on each twist.
2022-01-12 09:26:03,204 INFO: Testing local solvability of twists...
2022-01-12 09:26:03,210 INFO: Finished local solvability testing.
2022-01-12 09:26:03,211 INFO: Computing elliptic curve a-invariants...
2022-01-12 09:26:19,642 INFO: Finished computation of a-invariants.
2022-01-12 09:26:19,644 INFO: Computing MW group (delta = ['16', '-36', '41', '3', '-24', '-4'], g = [-4, 9, -10, -1, 6, 1])...
2022-01-12 09:28:53,869 INFO: Finished MW computation (delta = ['16', '-36', '41', '3', '-24', '-4'], g = [-4, 9, -10, -1, 6, 1])
2022-01-12 09:28:53,872 INFO: Computing MW group (delta = ['-4', '8', '-9', '-1', '6', '1'], g = [-4, 9, -10, -1, 6, 1])...
2022-01-12 09:30:05,480 INFO: Finished MW computation (delta = ['-4', '8', '-9', '-1', '6', '1'], g = [-4, 9, -10, -1, 6, 1])
2022-01-12 09:30:05,483 INFO: Computing MW group (delta = ['1'], g = [-4, 9, -10, -1, 6, 1])...
2022-01-12 09:31:08,558 INFO: Finished MW computation (delta = ['1'], g = [-4, 9, -10, -1, 6, 1])
2022-01-12 09:31:08,561 INFO: Computing MW group (delta = ['-4', '8', '-10', '-1', '6', '1'], g = [-4, 9, -10, -1, 6, 1])...
2022-01-12 09:33:40,018 INFO: Finished MW computation (delta = ['-4', '8', '-10', '-1', '6', '1'], g = [-4, 9, -10, -1, 6, 1])
2022-01-12 09:33:40,022 INFO: Reducing MW generators...
2022-01-12 09:33:41,518 INFO: Finished reducing MW generators.
2022-01-12 09:33:41,520 INFO: Tasks complete. Recording data and exiting.
2022-01-14 09:10:53,276 INFO: Loaded curve data from file.
2022-01-14 09:10:53,276 INFO: Skipped Chabauty because MW group hasn't been provably computed. (delta = ['16', '-36', '41', '3', '-24', '-4'], g = [-4, 9, -10, -1, 6, 1])
2022-01-14 09:10:53,276 INFO: Skipped Chabauty because MW group hasn't been provably computed. (delta = ['-4', '8', '-9', '-1', '6', '1'], g = [-4, 9, -10, -1, 6, 1])
2022-01-14 09:10:53,276 INFO: Running elliptic Chabauty (delta = ['1'], g = [-4, 9, -10, -1, 6, 1])...
2022-01-14 09:11:09,659 INFO: Chabauty completed successfully (delta = ['1'], g = [-4, 9, -10, -1, 6, 1]).
2022-01-14 09:11:09,661 INFO: Running elliptic Chabauty (delta = ['-4', '8', '-10', '-1', '6', '1'], g = [-4, 9, -10, -1, 6, 1])...
2022-01-14 09:11:24,719 INFO: Chabauty completed successfully (delta = ['-4', '8', '-10', '-1', '6', '1'], g = [-4, 9, -10, -1, 6, 1]).
2022-01-14 09:11:24,790 INFO: Tasks complete. Recording data and exiting.
