2022-01-11 12:36:47,377 INFO: Initialized curve data.
2022-01-11 12:36:47,379 INFO: Setting up initial twist data...
2022-01-11 12:36:48,530 INFO: Twist setup complete.
2022-01-11 12:36:48,530 INFO: Searching for rational points on each twist...
2022-01-11 12:36:50,262 INFO: Finished searching for rational points on each twist.
2022-01-11 12:36:50,262 INFO: Testing local solvability of twists...
2022-01-11 12:36:50,267 INFO: Finished local solvability testing.
2022-01-11 12:36:50,268 INFO: Computing elliptic curve a-invariants...
2022-01-11 12:36:57,830 INFO: Finished computation of a-invariants.
2022-01-11 12:36:57,832 INFO: Computing MW group (delta = ['4', '7', '-8', '4', '0', '1'], g = [4, 8, -8, 4, 0, 1])...
2022-01-11 12:40:07,099 INFO: Finished MW computation (delta = ['4', '7', '-8', '4', '0', '1'], g = [4, 8, -8, 4, 0, 1])
2022-01-11 12:40:07,101 INFO: Computing MW group (delta = ['1', '-1'], g = [4, 8, -8, 4, 0, 1])...
2022-01-11 12:42:39,639 INFO: Finished MW computation (delta = ['1', '-1'], g = [4, 8, -8, 4, 0, 1])
2022-01-11 12:42:39,642 INFO: Computing MW group (delta = ['1'], g = [4, 8, -8, 4, 0, 1])...
2022-01-11 12:50:53,490 INFO: Finished MW computation (delta = ['1'], g = [4, 8, -8, 4, 0, 1])
2022-01-11 12:50:53,492 INFO: Computing MW group (delta = ['4', '7', '-7', '4', '0', '1'], g = [4, 8, -8, 4, 0, 1])...
2022-01-11 12:52:40,353 INFO: Finished MW computation (delta = ['4', '7', '-7', '4', '0', '1'], g = [4, 8, -8, 4, 0, 1])
2022-01-11 12:52:40,357 INFO: Reducing MW generators...
2022-01-11 12:52:44,530 INFO: Finished reducing MW generators.
2022-01-11 12:52:44,532 INFO: Tasks complete. Recording data and exiting.
