2022-01-12 09:25:23,455 INFO: Initialized curve data.
2022-01-12 09:25:23,459 INFO: Setting up initial twist data...
2022-01-12 09:25:24,349 INFO: Twist setup complete.
2022-01-12 09:25:24,350 INFO: Searching for rational points on each twist...
2022-01-12 09:25:25,583 INFO: Finished searching for rational points on each twist.
2022-01-12 09:25:25,583 INFO: Testing local solvability of twists...
2022-01-12 09:25:27,564 INFO: Finished local solvability testing.
2022-01-12 09:25:27,565 INFO: Computing elliptic curve a-invariants...
2022-01-12 09:25:37,051 INFO: Finished computation of a-invariants.
2022-01-12 09:25:37,053 INFO: Skipped MW computation because no base point (delta = ['2', '-1/2', '-25/2', '-9/2', '19', '14'])
2022-01-12 09:25:37,053 INFO: Computing MW group (delta = ['-1/2', '0', '1'], g = [4, 0, -24, -11, 36, 28])...
2022-01-12 09:27:49,103 INFO: Finished MW computation (delta = ['-1/2', '0', '1'], g = [4, 0, -24, -11, 36, 28])
2022-01-12 09:27:49,106 INFO: Computing MW group (delta = ['-4', '1', '25', '11', '-36', '-28'], g = [4, 0, -24, -11, 36, 28])...
2022-01-12 09:29:59,710 INFO: Finished MW computation (delta = ['-4', '1', '25', '11', '-36', '-28'], g = [4, 0, -24, -11, 36, 28])
2022-01-12 09:29:59,713 INFO: Computing MW group (delta = ['1'], g = [4, 0, -24, -11, 36, 28])...
2022-01-12 09:33:59,581 INFO: Finished MW computation (delta = ['1'], g = [4, 0, -24, -11, 36, 28])
2022-01-12 09:33:59,586 INFO: Reducing MW generators...
2022-01-12 09:34:00,852 INFO: Finished reducing MW generators.
2022-01-12 09:34:00,855 INFO: Tasks complete. Recording data and exiting.
2022-01-14 09:10:47,990 INFO: Loaded curve data from file.
2022-01-14 09:10:47,990 INFO: Skipped Chabauty because no base point (delta = ['2', '-1/2', '-25/2', '-9/2', '19', '14'])
2022-01-14 09:10:47,990 INFO: Skipped Chabauty because MW group hasn't been provably computed. (delta = ['-1/2', '0', '1'], g = [4, 0, -24, -11, 36, 28])
2022-01-14 09:10:47,990 INFO: Skipped Chabauty because MW group hasn't been provably computed. (delta = ['-4', '1', '25', '11', '-36', '-28'], g = [4, 0, -24, -11, 36, 28])
2022-01-14 09:10:47,990 INFO: Running elliptic Chabauty (delta = ['1'], g = [4, 0, -24, -11, 36, 28])...
2022-01-14 09:11:03,704 INFO: Chabauty completed successfully (delta = ['1'], g = [4, 0, -24, -11, 36, 28]).
2022-01-14 09:11:03,786 INFO: Tasks complete. Recording data and exiting.
2022-02-12 17:28:26,536 INFO: Loaded curve data from file.
2022-02-12 17:28:26,537 INFO: Computing elliptic Chabauty map... (delta = ['-1/2', '0', '1'], g = [4, 0, -24, -11, 36, 28])
2022-02-12 17:28:42,437 INFO: Elliptic Chabauty map computed. (delta = ['-1/2', '0', '1'], g = [4, 0, -24, -11, 36, 28])
2022-02-12 17:28:42,440 INFO: Computing elliptic Chabauty map... (delta = ['-4', '1', '25', '11', '-36', '-28'], g = [4, 0, -24, -11, 36, 28])
2022-02-12 17:28:58,272 INFO: Elliptic Chabauty map computed. (delta = ['-4', '1', '25', '11', '-36', '-28'], g = [4, 0, -24, -11, 36, 28])
2022-02-12 17:28:58,274 INFO: Computing elliptic Chabauty map... (delta = ['1'], g = [4, 0, -24, -11, 36, 28])
2022-02-12 17:29:13,947 INFO: Elliptic Chabauty map computed. (delta = ['1'], g = [4, 0, -24, -11, 36, 28])
2022-02-12 17:29:13,950 INFO: Tasks complete. Recording data and exiting.
