2022-01-01 12:50:44,755 INFO: Initialized curve data.
2022-01-01 12:50:44,758 INFO: Setting up initial twist data...
2022-01-01 12:50:46,051 INFO: Twist setup complete.
2022-01-01 12:50:46,051 INFO: Searching for rational points on each twist...
2022-01-01 12:50:47,180 INFO: Finished searching for rational points on each twist.
2022-01-01 12:50:47,180 INFO: Testing local solvability of twists...
2022-01-01 12:50:47,186 INFO: Finished local solvability testing.
2022-01-01 12:50:47,189 INFO: Computing elliptic curve a-invariants...
2022-01-01 12:50:55,692 INFO: Finished computation of a-invariants.
2022-01-01 12:50:55,696 INFO: Computing MW group (delta = ['-4', '8', '-10', '9', '0', '1'], g = [-4, 9, -12, 10, 0, 1])...
2022-01-03 13:14:57,000 INFO: Obsolete "loc_solv_error" keys removed.
2022-01-10 22:39:03,868 INFO: Loaded curve data from file.
2022-01-10 22:39:03,869 INFO: Reducing MW generators...
2022-01-10 22:39:03,869 INFO: Finished reducing MW generators.
2022-01-10 22:39:03,870 INFO: Skipped Chabauty because MW generators haven't been computed. (delta = ['-4', '8', '-10', '9', '0', '1'], g = [-4, 9, -12, 10, 0, 1])
2022-01-10 22:39:03,871 INFO: Skipped Chabauty because MW generators haven't been computed. (delta = ['1', '-1'], g = [-4, 9, -12, 10, 0, 1])
2022-01-10 22:39:03,871 INFO: Skipped Chabauty because MW generators haven't been computed. (delta = ['1'], g = [-4, 9, -12, 10, 0, 1])
2022-01-10 22:39:03,871 INFO: Skipped Chabauty because MW generators haven't been computed. (delta = ['-4', '8', '-11', '10', '0', '1'], g = [-4, 9, -12, 10, 0, 1])
2022-01-10 22:39:03,872 INFO: Tasks complete. Recording data and exiting.
2022-02-12 17:23:20,441 INFO: Loaded curve data from file.
2022-02-12 17:23:20,441 INFO: Computing elliptic Chabauty map... (delta = ['-4', '8', '-10', '9', '0', '1'], g = [-4, 9, -12, 10, 0, 1])
2022-02-12 17:23:28,787 INFO: Elliptic Chabauty map computed. (delta = ['-4', '8', '-10', '9', '0', '1'], g = [-4, 9, -12, 10, 0, 1])
2022-02-12 17:23:28,790 INFO: Computing elliptic Chabauty map... (delta = ['1', '-1'], g = [-4, 9, -12, 10, 0, 1])
2022-02-12 17:23:36,960 INFO: Elliptic Chabauty map computed. (delta = ['1', '-1'], g = [-4, 9, -12, 10, 0, 1])
2022-02-12 17:23:36,962 INFO: Computing elliptic Chabauty map... (delta = ['1'], g = [-4, 9, -12, 10, 0, 1])
2022-02-12 17:23:45,032 INFO: Elliptic Chabauty map computed. (delta = ['1'], g = [-4, 9, -12, 10, 0, 1])
2022-02-12 17:23:45,035 INFO: Computing elliptic Chabauty map... (delta = ['-4', '8', '-11', '10', '0', '1'], g = [-4, 9, -12, 10, 0, 1])
2022-02-12 17:23:53,182 INFO: Elliptic Chabauty map computed. (delta = ['-4', '8', '-11', '10', '0', '1'], g = [-4, 9, -12, 10, 0, 1])
2022-02-12 17:23:53,184 INFO: Tasks complete. Recording data and exiting.
