2022-01-12 12:26:03,436 INFO: Initialized curve data.
2022-01-12 12:26:03,439 INFO: Setting up initial twist data...
2022-01-12 12:26:04,663 INFO: Twist setup complete.
2022-01-12 12:26:04,663 INFO: Searching for rational points on each twist...
2022-01-12 12:26:06,649 INFO: Finished searching for rational points on each twist.
2022-01-12 12:26:06,650 INFO: Testing local solvability of twists...
2022-01-12 12:26:14,364 INFO: Finished local solvability testing.
2022-01-12 12:26:14,365 INFO: Computing elliptic curve a-invariants...
2022-01-12 12:26:22,140 INFO: Finished computation of a-invariants.
2022-01-12 12:26:22,142 INFO: Skipped MW computation because no base point (delta = ['-1', '-1'])
2022-01-12 12:26:22,143 INFO: Computing MW group (delta = ['1'], g = [4, 32, 44, 37, 16, 4])...
2022-01-12 12:28:47,891 INFO: Finished MW computation (delta = ['1'], g = [4, 32, 44, 37, 16, 4])
2022-01-12 12:28:47,894 INFO: Computing MW group (delta = ['4', '31', '44', '37', '16', '4'], g = [4, 32, 44, 37, 16, 4])...
2022-01-12 12:33:50,743 INFO: Finished MW computation (delta = ['4', '31', '44', '37', '16', '4'], g = [4, 32, 44, 37, 16, 4])
2022-01-12 12:33:50,746 INFO: Computing MW group (delta = ['-4', '-31', '-43', '-37', '-16', '-4'], g = [4, 32, 44, 37, 16, 4])...
2022-01-14 11:32:37,621 INFO: Loaded curve data from file.
2022-01-14 11:32:37,621 INFO: Reducing MW generators...
2022-01-14 11:32:37,976 INFO: Finished reducing MW generators.
2022-01-14 11:32:37,998 INFO: Skipped Chabauty because no base point (delta = ['-1', '-1'])
2022-01-14 11:32:37,998 INFO: Skipped Chabauty because MW group hasn't been provably computed. (delta = ['1'], g = [4, 32, 44, 37, 16, 4])
2022-01-14 11:32:37,998 INFO: Running elliptic Chabauty (delta = ['4', '31', '44', '37', '16', '4'], g = [4, 32, 44, 37, 16, 4])...
2022-01-14 11:32:53,259 INFO: Chabauty completed successfully (delta = ['4', '31', '44', '37', '16', '4'], g = [4, 32, 44, 37, 16, 4]).
2022-01-14 11:32:53,261 INFO: Skipped Chabauty because MW generators haven't been computed. (delta = ['-4', '-31', '-43', '-37', '-16', '-4'], g = [4, 32, 44, 37, 16, 4])
2022-01-14 11:32:53,331 INFO: Tasks complete. Recording data and exiting.
