2022-01-14 12:17:23,893 INFO: Initialized curve data.
2022-01-14 12:17:23,897 INFO: Setting up initial twist data...
2022-01-14 12:17:25,124 INFO: Twist setup complete.
2022-01-14 12:17:25,124 INFO: Searching for rational points on each twist...
2022-01-14 12:17:29,943 INFO: Finished searching for rational points on each twist.
2022-01-14 12:17:29,943 INFO: Testing local solvability of twists...
2022-01-14 12:18:00,193 INFO: Finished local solvability testing.
2022-01-14 12:18:00,195 INFO: Computing elliptic curve a-invariants...
2022-01-14 12:18:05,688 INFO: Finished computation of a-invariants.
2022-01-14 12:18:05,691 INFO: Computing MW group (delta = ['-2', '-47/2', '-104', '-224', '-256', '-245/2'], g = [1, 1])...
2022-01-14 12:18:06,062 INFO: Finished MW computation (delta = ['-2', '-47/2', '-104', '-224', '-256', '-245/2'], g = [1, 1])
2022-01-14 12:18:06,064 INFO: Computing MW group (delta = ['-2', '-47/2', '-104', '-224', '-256', '-245/2'], g = [4, 28, 72, 93, 49])...
2022-01-14 12:19:33,426 INFO: Finished MW computation (delta = ['-2', '-47/2', '-104', '-224', '-256', '-245/2'], g = [4, 28, 72, 93, 49])
2022-01-14 12:19:33,430 INFO: Computing MW group (delta = ['1/2', '7/2', '15', '36', '93/2', '49/2'], g = [1, 1])...
2022-01-14 12:19:33,773 INFO: Finished MW computation (delta = ['1/2', '7/2', '15', '36', '93/2', '49/2'], g = [1, 1])
2022-01-14 12:19:33,776 INFO: Computing MW group (delta = ['1/2', '7/2', '15', '36', '93/2', '49/2'], g = [4, 28, 72, 93, 49])...
2022-01-14 12:20:45,900 INFO: Finished MW computation (delta = ['1/2', '7/2', '15', '36', '93/2', '49/2'], g = [4, 28, 72, 93, 49])
2022-01-14 12:20:45,904 INFO: Computing MW group (delta = ['1'], g = [1, 1])...
2022-01-14 12:20:46,254 INFO: Finished MW computation (delta = ['1'], g = [1, 1])
2022-01-14 12:20:46,256 INFO: Computing MW group (delta = ['1'], g = [4, 28, 72, 93, 49])...
2022-01-14 15:52:30,356 INFO: Loaded curve data from file.
2022-01-14 15:52:30,357 INFO: Reducing MW generators...
2022-01-14 15:52:31,010 INFO: Finished reducing MW generators.
2022-01-14 15:52:31,105 INFO: Skipped Chabauty because rank >= degree(g). (delta = ['-2', '-47/2', '-104', '-224', '-256', '-245/2'], g = [1, 1])
2022-01-14 15:52:31,105 INFO: Skipped Chabauty because MW group hasn't been provably computed. (delta = ['-2', '-47/2', '-104', '-224', '-256', '-245/2'], g = [4, 28, 72, 93, 49])
2022-01-14 15:52:31,105 INFO: Skipped Chabauty because rank >= degree(g). (delta = ['1/2', '7/2', '15', '36', '93/2', '49/2'], g = [1, 1])
2022-01-14 15:52:31,105 INFO: Skipped Chabauty because MW group hasn't been provably computed. (delta = ['1/2', '7/2', '15', '36', '93/2', '49/2'], g = [4, 28, 72, 93, 49])
2022-01-14 15:52:31,106 INFO: Skipped Chabauty because rank >= degree(g). (delta = ['1'], g = [1, 1])
2022-01-14 15:52:31,106 INFO: Skipped Chabauty because MW generators haven't been computed. (delta = ['1'], g = [4, 28, 72, 93, 49])
2022-01-14 15:52:31,106 INFO: Skipped Chabauty because MW generators haven't been computed. (delta = ['-4', '-27', '-71', '-93', '-49'], g = [1, 1])
2022-01-14 15:52:31,106 INFO: Skipped Chabauty because MW generators haven't been computed. (delta = ['-4', '-27', '-71', '-93', '-49'], g = [4, 28, 72, 93, 49])
2022-01-14 15:52:31,106 INFO: Skipped Chabauty because MW generators haven't been computed. (delta = ['4', '15', '-14', '-124', '-230', '-147'], g = [1, 1])
2022-01-14 15:52:31,106 INFO: Skipped Chabauty because MW generators haven't been computed. (delta = ['4', '15', '-14', '-124', '-230', '-147'], g = [4, 28, 72, 93, 49])
2022-01-14 15:52:31,106 INFO: Skipped Chabauty because no base point (delta = ['-1', '3', '28', '72', '93', '49'])
2022-01-14 15:52:31,106 INFO: Skipped Chabauty because no base point (delta = ['2', '95/2', '543/2', '654', '1623/2', '831/2'])
2022-01-14 15:52:31,106 INFO: Skipped Chabauty because no base point (delta = ['-1/2', '-10', '-117/2', '-145', '-186', '-98'])
2022-01-14 15:52:31,392 INFO: Tasks complete. Recording data and exiting.
