2022-01-11 15:20:07,138 INFO: Initialized curve data.
2022-01-11 15:20:07,143 INFO: Setting up initial twist data...
2022-01-11 15:20:08,963 INFO: Twist setup complete.
2022-01-11 15:20:08,963 INFO: Searching for rational points on each twist...
2022-01-11 15:20:11,053 INFO: Finished searching for rational points on each twist.
2022-01-11 15:20:11,053 INFO: Testing local solvability of twists...
2022-01-11 15:20:11,059 INFO: Finished local solvability testing.
2022-01-11 15:20:11,060 INFO: Computing elliptic curve a-invariants...
2022-01-11 15:20:21,056 INFO: Finished computation of a-invariants.
2022-01-11 15:20:21,058 INFO: Computing MW group (delta = ['1', '-1', '1'], g = [4, -7, 2, 13, -16, 8])...
2022-01-11 15:22:53,441 INFO: Finished MW computation (delta = ['1', '-1', '1'], g = [4, -7, 2, 13, -16, 8])
2022-01-11 15:22:53,445 INFO: Computing MW group (delta = ['4', '-8', '4', '11', '-15', '8'], g = [4, -7, 2, 13, -16, 8])...
2022-01-11 15:25:45,681 INFO: Finished MW computation (delta = ['4', '-8', '4', '11', '-15', '8'], g = [4, -7, 2, 13, -16, 8])
2022-01-11 15:25:45,683 INFO: Computing MW group (delta = ['1'], g = [4, -7, 2, 13, -16, 8])...
2022-01-11 15:30:41,204 INFO: Finished MW computation (delta = ['1'], g = [4, -7, 2, 13, -16, 8])
2022-01-11 15:30:41,207 INFO: Computing MW group (delta = ['4', '-8', '3', '13', '-16', '8'], g = [4, -7, 2, 13, -16, 8])...
2022-01-11 15:33:42,054 INFO: Finished MW computation (delta = ['4', '-8', '3', '13', '-16', '8'], g = [4, -7, 2, 13, -16, 8])
2022-01-11 15:33:42,059 INFO: Reducing MW generators...
2022-01-11 15:33:44,965 INFO: Finished reducing MW generators.
2022-01-11 15:33:44,967 INFO: Tasks complete. Recording data and exiting.
2022-01-14 09:07:48,538 INFO: Loaded curve data from file.
2022-01-14 09:07:48,539 INFO: Skipped Chabauty because MW group hasn't been provably computed. (delta = ['1', '-1', '1'], g = [4, -7, 2, 13, -16, 8])
2022-01-14 09:07:48,539 INFO: Skipped Chabauty because MW group hasn't been provably computed. (delta = ['4', '-8', '4', '11', '-15', '8'], g = [4, -7, 2, 13, -16, 8])
2022-01-14 09:07:48,539 INFO: Skipped Chabauty because MW group hasn't been provably computed. (delta = ['1'], g = [4, -7, 2, 13, -16, 8])
2022-01-14 09:07:48,539 INFO: Running elliptic Chabauty (delta = ['4', '-8', '3', '13', '-16', '8'], g = [4, -7, 2, 13, -16, 8])...
2022-01-14 09:08:02,020 INFO: Chabauty completed successfully (delta = ['4', '-8', '3', '13', '-16', '8'], g = [4, -7, 2, 13, -16, 8]).
2022-01-14 09:08:02,166 INFO: Tasks complete. Recording data and exiting.
