2022-01-01 12:50:35,613 INFO: Initialized curve data.
2022-01-01 12:50:35,616 INFO: Setting up initial twist data...
2022-01-01 12:50:36,983 INFO: Twist setup complete.
2022-01-01 12:50:36,983 INFO: Searching for rational points on each twist...
2022-01-01 12:50:38,094 INFO: Finished searching for rational points on each twist.
2022-01-01 12:50:38,094 INFO: Testing local solvability of twists...
2022-01-01 12:50:38,103 INFO: Finished local solvability testing.
2022-01-01 12:50:38,104 INFO: Computing elliptic curve a-invariants...
2022-01-01 12:50:46,942 INFO: Finished computation of a-invariants.
2022-01-01 12:50:46,944 INFO: Computing MW group (delta = ['0', '2', '1'], g = [9, 15, -7, -3, 3, 1])...
2022-01-01 12:52:10,484 INFO: Finished MW computation (delta = ['0', '2', '1'], g = [9, 15, -7, -3, 3, 1])
2022-01-01 12:52:10,488 INFO: Obstruction found to provably computing rational points. Exiting.
2022-01-03 13:14:57,000 INFO: Obsolete "loc_solv_error" keys removed.
2022-01-10 22:39:09,367 INFO: Loaded curve data from file.
2022-01-10 22:39:09,367 INFO: Obstruction already found. Exiting.
2022-02-12 16:48:52,076 INFO: Loaded curve data from file.
2022-02-12 16:48:52,076 INFO: Computing elliptic Chabauty map... (delta = ['0', '2', '1'], g = [9, 15, -7, -3, 3, 1])
2022-02-12 16:49:03,536 INFO: Elliptic Chabauty map computed. (delta = ['0', '2', '1'], g = [9, 15, -7, -3, 3, 1])
2022-02-12 16:49:03,538 INFO: Computing elliptic Chabauty map... (delta = ['8', '14', '-7', '-3', '3', '1'], g = [9, 15, -7, -3, 3, 1])
2022-02-12 16:49:14,650 INFO: Elliptic Chabauty map computed. (delta = ['8', '14', '-7', '-3', '3', '1'], g = [9, 15, -7, -3, 3, 1])
2022-02-12 16:49:14,652 INFO: Computing elliptic Chabauty map... (delta = ['1'], g = [9, 15, -7, -3, 3, 1])
2022-02-12 16:49:25,748 INFO: Elliptic Chabauty map computed. (delta = ['1'], g = [9, 15, -7, -3, 3, 1])
2022-02-12 16:49:25,750 INFO: Computing elliptic Chabauty map... (delta = ['-9', '-17', '4', '2', '-3', '-1'], g = [9, 15, -7, -3, 3, 1])
2022-02-12 16:49:36,969 INFO: Elliptic Chabauty map computed. (delta = ['-9', '-17', '4', '2', '-3', '-1'], g = [9, 15, -7, -3, 3, 1])
2022-02-12 16:49:36,972 INFO: Tasks complete. Recording data and exiting.
