2022-01-13 21:54:41,105 INFO: Initialized curve data.
2022-01-13 21:54:41,109 INFO: Setting up initial twist data...
2022-01-13 21:54:42,196 INFO: Twist setup complete.
2022-01-13 21:54:42,196 INFO: Searching for rational points on each twist...
2022-01-13 21:54:43,735 INFO: Finished searching for rational points on each twist.
2022-01-13 21:54:43,735 INFO: Testing local solvability of twists...
2022-01-13 21:54:45,927 INFO: Finished local solvability testing.
2022-01-13 21:54:45,928 INFO: Computing elliptic curve a-invariants...
2022-01-13 21:54:56,987 INFO: Finished computation of a-invariants.
2022-01-13 21:54:56,989 INFO: Computing MW group (delta = ['-4', '-12', '1', '2', '-4', '-1'], g = [4, 13, 0, -2, 4, 1])...
2022-01-13 22:13:42,646 INFO: Finished MW computation (delta = ['-4', '-12', '1', '2', '-4', '-1'], g = [4, 13, 0, -2, 4, 1])
2022-01-13 22:13:42,652 INFO: Computing MW group (delta = ['1'], g = [4, 13, 0, -2, 4, 1])...
2022-01-13 23:00:57,130 INFO: Finished MW computation (delta = ['1'], g = [4, 13, 0, -2, 4, 1])
2022-01-13 23:00:57,134 INFO: Computing MW group (delta = ['4', '12', '0', '-2', '4', '1'], g = [4, 13, 0, -2, 4, 1])...
2022-01-14 11:35:16,843 INFO: Loaded curve data from file.
2022-01-14 11:35:16,843 INFO: Reducing MW generators...
2022-01-14 11:35:18,013 INFO: Finished reducing MW generators.
2022-01-14 11:35:18,015 INFO: Running elliptic Chabauty (delta = ['-4', '-12', '1', '2', '-4', '-1'], g = [4, 13, 0, -2, 4, 1])...
2022-01-14 11:35:33,850 INFO: Chabauty completed successfully (delta = ['-4', '-12', '1', '2', '-4', '-1'], g = [4, 13, 0, -2, 4, 1]).
2022-01-14 11:35:33,852 INFO: Running elliptic Chabauty (delta = ['1'], g = [4, 13, 0, -2, 4, 1])...
2022-01-14 11:35:53,669 INFO: Chabauty completed successfully (delta = ['1'], g = [4, 13, 0, -2, 4, 1]).
2022-01-14 11:35:53,671 INFO: Skipped Chabauty because MW generators haven't been computed. (delta = ['4', '12', '0', '-2', '4', '1'], g = [4, 13, 0, -2, 4, 1])
2022-01-14 11:35:53,671 INFO: Skipped Chabauty because no base point (delta = ['-16', '-52', '-1', '7', '-16', '-4'])
2022-01-14 11:35:53,770 INFO: Tasks complete. Recording data and exiting.
2022-02-12 17:16:55,106 INFO: Loaded curve data from file.
2022-02-12 17:16:55,107 INFO: Computing elliptic Chabauty map... (delta = ['-4', '-12', '1', '2', '-4', '-1'], g = [4, 13, 0, -2, 4, 1])
2022-02-12 17:17:10,139 INFO: Elliptic Chabauty map computed. (delta = ['-4', '-12', '1', '2', '-4', '-1'], g = [4, 13, 0, -2, 4, 1])
2022-02-12 17:17:10,142 INFO: Computing elliptic Chabauty map... (delta = ['1'], g = [4, 13, 0, -2, 4, 1])
2022-02-12 17:17:24,365 INFO: Elliptic Chabauty map computed. (delta = ['1'], g = [4, 13, 0, -2, 4, 1])
2022-02-12 17:17:24,367 INFO: Computing elliptic Chabauty map... (delta = ['4', '12', '0', '-2', '4', '1'], g = [4, 13, 0, -2, 4, 1])
2022-02-12 17:17:38,860 INFO: Elliptic Chabauty map computed. (delta = ['4', '12', '0', '-2', '4', '1'], g = [4, 13, 0, -2, 4, 1])
2022-02-12 17:17:38,863 INFO: Tasks complete. Recording data and exiting.
