2022-01-12 09:25:29,106 INFO: Initialized curve data.
2022-01-12 09:25:29,109 INFO: Setting up initial twist data...
2022-01-12 09:25:30,390 INFO: Twist setup complete.
2022-01-12 09:25:30,390 INFO: Searching for rational points on each twist...
2022-01-12 09:25:32,583 INFO: Finished searching for rational points on each twist.
2022-01-12 09:25:32,584 INFO: Testing local solvability of twists...
2022-01-12 09:25:32,590 INFO: Finished local solvability testing.
2022-01-12 09:25:32,592 INFO: Computing elliptic curve a-invariants...
2022-01-12 09:25:43,252 INFO: Finished computation of a-invariants.
2022-01-12 09:25:43,254 INFO: Computing MW group (delta = ['2', '-1/2', '3', '6', '4', '1/2'], g = [4, 0, 4, 12, 8, 1])...
2022-01-14 09:10:54,444 INFO: Loaded curve data from file.
2022-01-14 09:10:54,444 INFO: Reducing MW generators...
2022-01-14 09:10:54,444 INFO: Finished reducing MW generators.
2022-01-14 09:10:54,447 INFO: Skipped Chabauty because MW generators haven't been computed. (delta = ['2', '-1/2', '3', '6', '4', '1/2'], g = [4, 0, 4, 12, 8, 1])
2022-01-14 09:10:54,447 INFO: Skipped Chabauty because MW generators haven't been computed. (delta = ['1'], g = [4, 0, 4, 12, 8, 1])
2022-01-14 09:10:54,447 INFO: Skipped Chabauty because MW generators haven't been computed. (delta = ['1/2', '-1'], g = [4, 0, 4, 12, 8, 1])
2022-01-14 09:10:54,447 INFO: Skipped Chabauty because MW generators haven't been computed. (delta = ['4', '-1', '4', '12', '8', '1'], g = [4, 0, 4, 12, 8, 1])
2022-01-14 09:10:54,449 INFO: Tasks complete. Recording data and exiting.
2022-02-12 17:07:31,862 INFO: Loaded curve data from file.
2022-02-12 17:07:31,862 INFO: Computing elliptic Chabauty map... (delta = ['2', '-1/2', '3', '6', '4', '1/2'], g = [4, 0, 4, 12, 8, 1])
2022-02-12 17:07:44,832 INFO: Elliptic Chabauty map computed. (delta = ['2', '-1/2', '3', '6', '4', '1/2'], g = [4, 0, 4, 12, 8, 1])
2022-02-12 17:07:44,835 INFO: Computing elliptic Chabauty map... (delta = ['1'], g = [4, 0, 4, 12, 8, 1])
2022-02-12 17:07:57,490 INFO: Elliptic Chabauty map computed. (delta = ['1'], g = [4, 0, 4, 12, 8, 1])
2022-02-12 17:07:57,492 INFO: Computing elliptic Chabauty map... (delta = ['1/2', '-1'], g = [4, 0, 4, 12, 8, 1])
2022-02-12 17:08:10,217 INFO: Elliptic Chabauty map computed. (delta = ['1/2', '-1'], g = [4, 0, 4, 12, 8, 1])
2022-02-12 17:08:10,219 INFO: Computing elliptic Chabauty map... (delta = ['4', '-1', '4', '12', '8', '1'], g = [4, 0, 4, 12, 8, 1])
2022-02-12 17:08:23,083 INFO: Elliptic Chabauty map computed. (delta = ['4', '-1', '4', '12', '8', '1'], g = [4, 0, 4, 12, 8, 1])
2022-02-12 17:08:23,086 INFO: Tasks complete. Recording data and exiting.
