2022-01-12 12:19:46,799 INFO: Initialized curve data.
2022-01-12 12:19:46,802 INFO: Setting up initial twist data...
2022-01-12 12:19:48,080 INFO: Twist setup complete.
2022-01-12 12:19:48,081 INFO: Searching for rational points on each twist...
2022-01-12 12:19:50,313 INFO: Finished searching for rational points on each twist.
2022-01-12 12:19:50,313 INFO: Testing local solvability of twists...
2022-01-12 12:19:50,318 INFO: Finished local solvability testing.
2022-01-12 12:19:50,319 INFO: Computing elliptic curve a-invariants...
2022-01-12 12:20:03,813 INFO: Finished computation of a-invariants.
2022-01-12 12:20:03,814 INFO: Computing MW group (delta = ['-113', '-175', '17', '111', '48', '-16'], g = [7, 11, -1, -7, -3, 1])...
2022-01-12 12:22:15,049 INFO: Finished MW computation (delta = ['-113', '-175', '17', '111', '48', '-16'], g = [7, 11, -1, -7, -3, 1])
2022-01-12 12:22:15,051 INFO: Computing MW group (delta = ['1'], g = [7, 11, -1, -7, -3, 1])...
2022-01-12 12:23:58,494 INFO: Finished MW computation (delta = ['1'], g = [7, 11, -1, -7, -3, 1])
2022-01-12 12:23:58,497 INFO: Computing MW group (delta = ['-15', '-22', '3', '14', '6', '-2'], g = [7, 11, -1, -7, -3, 1])...
2022-01-14 11:32:20,548 INFO: Loaded curve data from file.
2022-01-14 11:32:20,548 INFO: Reducing MW generators...
2022-01-14 11:32:20,922 INFO: Finished reducing MW generators.
2022-01-14 11:32:20,924 INFO: Skipped Chabauty because MW group hasn't been provably computed. (delta = ['-113', '-175', '17', '111', '48', '-16'], g = [7, 11, -1, -7, -3, 1])
2022-01-14 11:32:20,924 INFO: Skipped Chabauty because MW group hasn't been provably computed. (delta = ['1'], g = [7, 11, -1, -7, -3, 1])
2022-01-14 11:32:20,924 INFO: Skipped Chabauty because MW generators haven't been computed. (delta = ['-15', '-22', '3', '14', '6', '-2'], g = [7, 11, -1, -7, -3, 1])
2022-01-14 11:32:20,924 INFO: Skipped Chabauty because MW generators haven't been computed. (delta = ['8', '10', '-1', '-7', '-3', '1'], g = [7, 11, -1, -7, -3, 1])
2022-01-14 11:32:20,926 INFO: Tasks complete. Recording data and exiting.
2022-02-12 17:41:49,360 INFO: Loaded curve data from file.
2022-02-12 17:41:49,361 INFO: Computing elliptic Chabauty map... (delta = ['-113', '-175', '17', '111', '48', '-16'], g = [7, 11, -1, -7, -3, 1])
2022-02-12 17:42:05,505 INFO: Elliptic Chabauty map computed. (delta = ['-113', '-175', '17', '111', '48', '-16'], g = [7, 11, -1, -7, -3, 1])
2022-02-12 17:42:05,508 INFO: Computing elliptic Chabauty map... (delta = ['1'], g = [7, 11, -1, -7, -3, 1])
2022-02-12 17:42:21,339 INFO: Elliptic Chabauty map computed. (delta = ['1'], g = [7, 11, -1, -7, -3, 1])
2022-02-12 17:42:21,341 INFO: Computing elliptic Chabauty map... (delta = ['-15', '-22', '3', '14', '6', '-2'], g = [7, 11, -1, -7, -3, 1])
2022-02-12 17:42:36,866 INFO: Elliptic Chabauty map computed. (delta = ['-15', '-22', '3', '14', '6', '-2'], g = [7, 11, -1, -7, -3, 1])
2022-02-12 17:42:36,869 INFO: Computing elliptic Chabauty map... (delta = ['8', '10', '-1', '-7', '-3', '1'], g = [7, 11, -1, -7, -3, 1])
2022-02-12 17:42:52,511 INFO: Elliptic Chabauty map computed. (delta = ['8', '10', '-1', '-7', '-3', '1'], g = [7, 11, -1, -7, -3, 1])
2022-02-12 17:42:52,514 INFO: Tasks complete. Recording data and exiting.
