2022-02-01 12:30:17,111 INFO: Initialized curve data.
2022-02-01 12:30:17,115 INFO: Setting up initial twist data...
2022-02-01 12:30:18,126 INFO: Twist setup complete.
2022-02-01 12:30:18,126 INFO: Searching for rational points on each twist...
2022-02-01 12:30:20,279 INFO: Finished searching for rational points on each twist.
2022-02-01 12:30:20,280 INFO: Testing local solvability of twists...
2022-02-01 12:30:25,192 INFO: Finished local solvability testing.
2022-02-01 12:30:25,194 INFO: Computing elliptic curve a-invariants...
2022-02-01 12:30:39,213 INFO: Finished computation of a-invariants.
2022-02-01 12:30:39,214 INFO: Skipped MW computation because no base point (delta = ['-1', '-1', '1', '-1', '0', '1'])
2022-02-01 12:30:39,214 INFO: Computing MW group (delta = ['1', '-1', '2', '0', '0', '-1'], g = [-1, 0, -1, 0, 0, 1])...
2022-02-01 12:31:24,091 INFO: Finished MW computation (delta = ['1', '-1', '2', '0', '0', '-1'], g = [-1, 0, -1, 0, 0, 1])
2022-02-01 12:31:24,093 INFO: Computing MW group (delta = ['0', '-1', '-1', '0', '0', '1'], g = [-1, 0, -1, 0, 0, 1])...
2022-02-01 12:32:01,044 INFO: Finished MW computation (delta = ['0', '-1', '-1', '0', '0', '1'], g = [-1, 0, -1, 0, 0, 1])
2022-02-01 12:32:01,046 INFO: Computing MW group (delta = ['1'], g = [-1, 0, -1, 0, 0, 1])...
2022-02-01 12:33:54,256 INFO: Finished MW computation (delta = ['1'], g = [-1, 0, -1, 0, 0, 1])
2022-02-01 12:33:54,260 INFO: Reducing MW generators...
2022-02-01 12:33:58,038 INFO: Finished reducing MW generators.
2022-02-01 12:33:58,041 INFO: Tasks complete. Recording data and exiting.
2022-02-02 04:42:50,521 INFO: Loaded curve data from file.
2022-02-02 04:42:50,522 INFO: Skipped Chabauty because no base point (delta = ['-1', '-1', '1', '-1', '0', '1'])
2022-02-02 04:42:50,522 INFO: Running elliptic Chabauty (delta = ['1', '-1', '2', '0', '0', '-1'], g = [-1, 0, -1, 0, 0, 1])...
2022-02-02 04:43:04,775 INFO: Chabauty completed successfully (delta = ['1', '-1', '2', '0', '0', '-1'], g = [-1, 0, -1, 0, 0, 1]).
2022-02-02 04:43:04,777 INFO: Running elliptic Chabauty (delta = ['0', '-1', '-1', '0', '0', '1'], g = [-1, 0, -1, 0, 0, 1])...
2022-02-02 04:43:21,248 INFO: Chabauty completed successfully (delta = ['0', '-1', '-1', '0', '0', '1'], g = [-1, 0, -1, 0, 0, 1]).
2022-02-02 04:43:21,250 INFO: Running elliptic Chabauty (delta = ['1'], g = [-1, 0, -1, 0, 0, 1])...
2022-02-02 04:49:05,661 INFO: Chabauty completed successfully (delta = ['1'], g = [-1, 0, -1, 0, 0, 1]).
2022-02-02 04:49:05,880 INFO: Rational points successfully computed.
2022-02-02 04:49:05,882 INFO: Tasks complete. Recording data and exiting.
