2022-01-01 12:51:04,802 INFO: Initialized curve data.
2022-01-01 12:51:04,805 INFO: Setting up initial twist data...
2022-01-01 12:51:05,962 INFO: Twist setup complete.
2022-01-01 12:51:05,962 INFO: Searching for rational points on each twist...
2022-01-01 12:51:06,775 INFO: Finished searching for rational points on each twist.
2022-01-01 12:51:06,775 INFO: Testing local solvability of twists...
2022-01-01 12:51:08,089 INFO: Finished local solvability testing.
2022-01-01 12:51:08,091 INFO: Computing elliptic curve a-invariants...
2022-01-01 12:51:17,234 INFO: Finished computation of a-invariants.
2022-01-01 12:51:17,235 INFO: Computing MW group (delta = ['1'], g = [-4, 8, 4, 9, 6, 1])...
2022-01-01 12:53:30,024 INFO: Finished MW computation (delta = ['1'], g = [-4, 8, 4, 9, 6, 1])
2022-01-01 12:53:30,030 INFO: Computing MW group (delta = ['-4', '7', '4', '9', '6', '1'], g = [-4, 8, 4, 9, 6, 1])...
2022-01-01 13:00:43,558 INFO: Finished MW computation (delta = ['-4', '7', '4', '9', '6', '1'], g = [-4, 8, 4, 9, 6, 1])
2022-01-01 13:00:43,562 INFO: Computing MW group (delta = ['-1', '1', '1'], g = [-4, 8, 4, 9, 6, 1])...
2022-01-01 13:07:51,238 INFO: Finished MW computation (delta = ['-1', '1', '1'], g = [-4, 8, 4, 9, 6, 1])
2022-01-01 13:07:51,245 INFO: Skipped MW computation because no base point (delta = ['4', '-7', '-5', '-10', '-6', '-1'])
2022-01-01 13:07:51,249 INFO: Reducing MW generators...
2022-01-01 13:07:55,568 INFO: Finished reducing MW generators.
2022-01-01 13:07:55,571 INFO: Running elliptic Chabauty (delta = ['1'], g = [-4, 8, 4, 9, 6, 1])...
2022-01-01 13:10:33,429 INFO: Chabauty completed successfully (delta = ['1'], g = [-4, 8, 4, 9, 6, 1]).
2022-01-01 13:10:33,434 INFO: Running elliptic Chabauty (delta = ['-4', '7', '4', '9', '6', '1'], g = [-4, 8, 4, 9, 6, 1])...
2022-01-01 13:10:50,827 INFO: Chabauty completed successfully (delta = ['-4', '7', '4', '9', '6', '1'], g = [-4, 8, 4, 9, 6, 1]).
2022-01-01 13:10:50,830 INFO: Running elliptic Chabauty (delta = ['-1', '1', '1'], g = [-4, 8, 4, 9, 6, 1])...
2022-01-01 13:11:16,691 INFO: Chabauty completed successfully (delta = ['-1', '1', '1'], g = [-4, 8, 4, 9, 6, 1]).
2022-01-01 13:11:16,694 INFO: Skipped Chabauty because no base point (delta = ['4', '-7', '-5', '-10', '-6', '-1'])
2022-01-01 13:11:16,951 INFO: Rational points successfully computed.
2022-01-01 13:11:16,954 INFO: Tasks complete. Recording data and exiting.
2022-01-03 13:14:57,000 INFO: Obsolete "loc_solv_error" keys removed.
2022-01-03 13:14:57,000 INFO: Deleted results of Chabauty computation.
2022-01-10 22:42:02,124 INFO: Loaded curve data from file.
2022-01-10 22:42:02,124 INFO: Running elliptic Chabauty (delta = ['1'], g = [-4, 8, 4, 9, 6, 1])...
2022-01-10 22:44:50,810 INFO: Chabauty completed successfully (delta = ['1'], g = [-4, 8, 4, 9, 6, 1]).
2022-01-10 22:44:50,813 INFO: Running elliptic Chabauty (delta = ['-4', '7', '4', '9', '6', '1'], g = [-4, 8, 4, 9, 6, 1])...
2022-01-10 22:45:10,040 INFO: Chabauty completed successfully (delta = ['-4', '7', '4', '9', '6', '1'], g = [-4, 8, 4, 9, 6, 1]).
2022-01-10 22:45:10,041 INFO: Running elliptic Chabauty (delta = ['-1', '1', '1'], g = [-4, 8, 4, 9, 6, 1])...
2022-01-10 22:45:37,641 INFO: Chabauty completed successfully (delta = ['-1', '1', '1'], g = [-4, 8, 4, 9, 6, 1]).
2022-01-10 22:45:37,643 INFO: Skipped Chabauty because no base point (delta = ['4', '-7', '-5', '-10', '-6', '-1'])
2022-01-10 22:45:37,859 INFO: Rational points successfully computed.
2022-01-10 22:45:37,860 INFO: Tasks complete. Recording data and exiting.
2022-02-12 17:04:20,852 INFO: Loaded curve data from file.
2022-02-12 17:04:20,853 INFO: Computing elliptic Chabauty map... (delta = ['1'], g = [-4, 8, 4, 9, 6, 1])
2022-02-12 17:04:36,739 INFO: Elliptic Chabauty map computed. (delta = ['1'], g = [-4, 8, 4, 9, 6, 1])
2022-02-12 17:04:36,742 INFO: Computing elliptic Chabauty map... (delta = ['-4', '7', '4', '9', '6', '1'], g = [-4, 8, 4, 9, 6, 1])
2022-02-12 17:04:52,409 INFO: Elliptic Chabauty map computed. (delta = ['-4', '7', '4', '9', '6', '1'], g = [-4, 8, 4, 9, 6, 1])
2022-02-12 17:04:52,412 INFO: Computing elliptic Chabauty map... (delta = ['-1', '1', '1'], g = [-4, 8, 4, 9, 6, 1])
2022-02-12 17:05:08,140 INFO: Elliptic Chabauty map computed. (delta = ['-1', '1', '1'], g = [-4, 8, 4, 9, 6, 1])
2022-02-12 17:05:08,143 INFO: Tasks complete. Recording data and exiting.
