2022-01-12 09:25:55,264 INFO: Initialized curve data.
2022-01-12 09:25:55,267 INFO: Setting up initial twist data...
2022-01-12 09:25:56,163 INFO: Twist setup complete.
2022-01-12 09:25:56,163 INFO: Searching for rational points on each twist...
2022-01-12 09:25:58,887 INFO: Finished searching for rational points on each twist.
2022-01-12 09:25:58,887 INFO: Testing local solvability of twists...
2022-01-12 09:25:58,895 INFO: Finished local solvability testing.
2022-01-12 09:25:58,896 INFO: Computing elliptic curve a-invariants...
2022-01-12 09:26:05,173 INFO: Finished computation of a-invariants.
2022-01-12 09:26:05,175 INFO: Computing MW group (delta = ['-1', '-1'], g = [4, 8, 0, -4, 8, 9])...
2022-01-12 11:17:43,822 INFO: Finished MW computation (delta = ['-1', '-1'], g = [4, 8, 0, -4, 8, 9])
2022-01-12 11:17:43,827 INFO: Computing MW group (delta = ['-4', '-7', '1', '4', '-8', '-9'], g = [4, 8, 0, -4, 8, 9])...
2022-01-14 09:10:44,196 INFO: Loaded curve data from file.
2022-01-14 09:10:44,196 INFO: Reducing MW generators...
2022-01-14 09:10:44,373 INFO: Finished reducing MW generators.
2022-01-14 09:10:44,375 INFO: Skipped Chabauty because MW group hasn't been provably computed. (delta = ['-1', '-1'], g = [4, 8, 0, -4, 8, 9])
2022-01-14 09:10:44,375 INFO: Skipped Chabauty because MW generators haven't been computed. (delta = ['-4', '-7', '1', '4', '-8', '-9'], g = [4, 8, 0, -4, 8, 9])
2022-01-14 09:10:44,375 INFO: Skipped Chabauty because MW generators haven't been computed. (delta = ['1'], g = [4, 8, 0, -4, 8, 9])
2022-01-14 09:10:44,375 INFO: Skipped Chabauty because MW generators haven't been computed. (delta = ['4', '7', '-2', '-5', '8', '9'], g = [4, 8, 0, -4, 8, 9])
2022-01-14 09:10:44,376 INFO: Tasks complete. Recording data and exiting.
