2022-01-12 12:17:54,837 INFO: Initialized curve data.
2022-01-12 12:17:54,840 INFO: Setting up initial twist data...
2022-01-12 12:17:56,027 INFO: Twist setup complete.
2022-01-12 12:17:56,027 INFO: Searching for rational points on each twist...
2022-01-12 12:17:57,835 INFO: Finished searching for rational points on each twist.
2022-01-12 12:17:57,836 INFO: Testing local solvability of twists...
2022-01-12 12:18:01,223 INFO: Finished local solvability testing.
2022-01-12 12:18:01,225 INFO: Computing elliptic curve a-invariants...
2022-01-12 12:18:15,131 INFO: Finished computation of a-invariants.
2022-01-12 12:18:15,133 INFO: Skipped MW computation because no base point (delta = ['-1', '0', '1'])
2022-01-12 12:18:15,134 INFO: Computing MW group (delta = ['1'], g = [8, 12, -16, -19, 8, 8])...
2022-01-12 12:27:39,310 INFO: Finished MW computation (delta = ['1'], g = [8, 12, -16, -19, 8, 8])
2022-01-12 12:27:39,314 INFO: Computing MW group (delta = ['8', '11', '-17', '-18', '9', '8'], g = [8, 12, -16, -19, 8, 8])...
2022-01-14 11:32:17,211 INFO: Loaded curve data from file.
2022-01-14 11:32:17,212 INFO: Reducing MW generators...
2022-01-14 11:32:17,631 INFO: Finished reducing MW generators.
2022-01-14 11:32:17,633 INFO: Skipped Chabauty because no base point (delta = ['-1', '0', '1'])
2022-01-14 11:32:17,633 INFO: Running elliptic Chabauty (delta = ['1'], g = [8, 12, -16, -19, 8, 8])...
2022-01-14 11:32:35,353 INFO: Chabauty completed successfully (delta = ['1'], g = [8, 12, -16, -19, 8, 8]).
2022-01-14 11:32:35,364 INFO: Skipped Chabauty because MW generators haven't been computed. (delta = ['8', '11', '-17', '-18', '9', '8'], g = [8, 12, -16, -19, 8, 8])
2022-01-14 11:32:35,364 INFO: Skipped Chabauty because MW generators haven't been computed. (delta = ['-8', '-11', '17', '19', '-8', '-8'], g = [8, 12, -16, -19, 8, 8])
2022-01-14 11:32:35,432 INFO: Tasks complete. Recording data and exiting.
2022-02-12 17:30:37,395 INFO: Loaded curve data from file.
2022-02-12 17:30:37,395 INFO: Computing elliptic Chabauty map... (delta = ['1'], g = [8, 12, -16, -19, 8, 8])
2022-02-12 17:30:54,598 INFO: Elliptic Chabauty map computed. (delta = ['1'], g = [8, 12, -16, -19, 8, 8])
2022-02-12 17:30:54,600 INFO: Computing elliptic Chabauty map... (delta = ['8', '11', '-17', '-18', '9', '8'], g = [8, 12, -16, -19, 8, 8])
2022-02-12 17:31:12,190 INFO: Elliptic Chabauty map computed. (delta = ['8', '11', '-17', '-18', '9', '8'], g = [8, 12, -16, -19, 8, 8])
2022-02-12 17:31:12,192 INFO: Computing elliptic Chabauty map... (delta = ['-8', '-11', '17', '19', '-8', '-8'], g = [8, 12, -16, -19, 8, 8])
2022-02-12 17:31:29,879 INFO: Elliptic Chabauty map computed. (delta = ['-8', '-11', '17', '19', '-8', '-8'], g = [8, 12, -16, -19, 8, 8])
2022-02-12 17:31:29,881 INFO: Tasks complete. Recording data and exiting.
