2022-01-11 12:32:45,936 INFO: Initialized curve data.
2022-01-11 12:32:45,940 INFO: Setting up initial twist data...
2022-01-11 12:32:47,196 INFO: Twist setup complete.
2022-01-11 12:32:47,196 INFO: Searching for rational points on each twist...
2022-01-11 12:32:50,054 INFO: Finished searching for rational points on each twist.
2022-01-11 12:32:50,054 INFO: Testing local solvability of twists...
2022-01-11 12:33:14,043 INFO: Finished local solvability testing.
2022-01-11 12:33:14,044 INFO: Computing elliptic curve a-invariants...
2022-01-11 12:33:15,935 INFO: Finished computation of a-invariants.
2022-01-11 12:33:15,936 INFO: Skipped MW computation because no base point (delta = ['-1', '3', '-6', '-3', '-1'])
2022-01-11 12:33:15,936 INFO: Computing MW group (delta = ['-4', '4', '15', '-3', '-2', '-1'], g = [-1, -1, 1])...
2022-01-11 12:33:17,541 INFO: Finished MW computation (delta = ['-4', '4', '15', '-3', '-2', '-1'], g = [-1, -1, 1])
2022-01-11 12:33:17,543 INFO: Computing MW group (delta = ['-4', '4', '15', '-3', '-2', '-1'], g = [-4, 7, 3, 1])...
2022-01-11 12:33:56,938 INFO: Finished MW computation (delta = ['-4', '4', '15', '-3', '-2', '-1'], g = [-4, 7, 3, 1])
2022-01-11 12:33:56,940 INFO: Skipped MW computation because no base point (delta = ['-16', '12', '55', '-13', '-8', '-4'])
2022-01-11 12:33:56,941 INFO: Skipped MW computation because no base point (delta = ['16', '-20', '-53', '41', '19', '6'])
2022-01-11 12:33:56,941 INFO: Computing MW group (delta = ['1'], g = [-1, -1, 1])...
2022-01-11 12:33:58,394 INFO: Finished MW computation (delta = ['1'], g = [-1, -1, 1])
2022-01-11 12:33:58,395 INFO: Computing MW group (delta = ['1'], g = [-4, 7, 3, 1])...
2022-01-11 12:34:07,011 INFO: Finished MW computation (delta = ['1'], g = [-4, 7, 3, 1])
2022-01-11 12:34:07,014 INFO: Unable to use elliptic Chabauty on twist (delta = ['1'])
2022-01-11 12:34:07,016 INFO: Obstruction found to provably computing rational points. Exiting.
