2022-01-11 15:15:00,913 INFO: Initialized curve data.
2022-01-11 15:15:00,918 INFO: Setting up initial twist data...
2022-01-11 15:15:01,830 INFO: Twist setup complete.
2022-01-11 15:15:01,830 INFO: Searching for rational points on each twist...
2022-01-11 15:15:03,384 INFO: Finished searching for rational points on each twist.
2022-01-11 15:15:03,385 INFO: Testing local solvability of twists...
2022-01-11 15:15:05,066 INFO: Finished local solvability testing.
2022-01-11 15:15:05,067 INFO: Computing elliptic curve a-invariants...
2022-01-11 15:15:24,706 INFO: Finished computation of a-invariants.
2022-01-11 15:15:24,708 INFO: Computing MW group (delta = ['4', '-5', '-11', '8', '8', '-3'], g = [-4, 4, 12, -8, -8, 3])...
2022-01-11 15:23:51,008 INFO: Finished MW computation (delta = ['4', '-5', '-11', '8', '8', '-3'], g = [-4, 4, 12, -8, -8, 3])
2022-01-11 15:23:51,013 INFO: Skipped MW computation because no base point (delta = ['-1', '0', '1'])
2022-01-11 15:23:51,013 INFO: Computing MW group (delta = ['1'], g = [-4, 4, 12, -8, -8, 3])...
2022-01-14 09:08:01,570 INFO: Loaded curve data from file.
2022-01-14 09:08:01,570 INFO: Reducing MW generators...
2022-01-14 09:08:02,121 INFO: Finished reducing MW generators.
2022-01-14 09:08:02,188 INFO: Running elliptic Chabauty (delta = ['4', '-5', '-11', '8', '8', '-3'], g = [-4, 4, 12, -8, -8, 3])...
2022-01-14 09:08:33,012 INFO: Chabauty completed successfully (delta = ['4', '-5', '-11', '8', '8', '-3'], g = [-4, 4, 12, -8, -8, 3]).
2022-01-14 09:08:33,014 INFO: Skipped Chabauty because no base point (delta = ['-1', '0', '1'])
2022-01-14 09:08:33,014 INFO: Skipped Chabauty because MW generators haven't been computed. (delta = ['1'], g = [-4, 4, 12, -8, -8, 3])
2022-01-14 09:08:33,014 INFO: Skipped Chabauty because MW generators haven't been computed. (delta = ['-4', '5', '11', '-9', '-7', '3'], g = [-4, 4, 12, -8, -8, 3])
2022-01-14 09:08:33,090 INFO: Tasks complete. Recording data and exiting.
