2022-01-11 12:33:48,962 INFO: Initialized curve data.
2022-01-11 12:33:48,966 INFO: Setting up initial twist data...
2022-01-11 12:33:50,173 INFO: Twist setup complete.
2022-01-11 12:33:50,173 INFO: Searching for rational points on each twist...
2022-01-11 12:33:54,406 INFO: Finished searching for rational points on each twist.
2022-01-11 12:33:54,406 INFO: Testing local solvability of twists...
2022-01-11 12:34:38,047 INFO: Finished local solvability testing.
2022-01-11 12:34:38,048 INFO: Computing elliptic curve a-invariants...
2022-01-11 12:34:42,308 INFO: Finished computation of a-invariants.
2022-01-11 12:34:42,310 INFO: Skipped MW computation because no base point (delta = ['1/2', '-3/2', '1'])
2022-01-11 12:34:42,310 INFO: Skipped MW computation because no base point (delta = ['-1', '31/3', '-89/12', '-425/12', '317/6', '-37/2'])
2022-01-11 12:34:42,310 INFO: Computing MW group (delta = ['2', '0', '-8', '-1/2', '13', '-6'], g = [-1, 0, 2])...
2022-01-11 12:34:44,018 INFO: Finished MW computation (delta = ['2', '0', '-8', '-1/2', '13', '-6'], g = [-1, 0, 2])
2022-01-11 12:34:44,020 INFO: Computing MW group (delta = ['2', '0', '-8', '-1/2', '13', '-6'], g = [4, 1, -12, 6])...
2022-01-13 17:36:56,993 INFO: Loaded curve data from file.
2022-01-13 17:36:56,993 INFO: Reducing MW generators...
2022-01-13 17:36:57,258 INFO: Finished reducing MW generators.
2022-01-13 17:36:57,261 INFO: Skipped Chabauty because no base point (delta = ['1/2', '-3/2', '1'])
2022-01-13 17:36:57,261 INFO: Skipped Chabauty because no base point (delta = ['-1', '31/3', '-89/12', '-425/12', '317/6', '-37/2'])
2022-01-13 17:36:57,261 INFO: Skipped Chabauty because rank >= degree(g). (delta = ['2', '0', '-8', '-1/2', '13', '-6'], g = [-1, 0, 2])
2022-01-13 17:36:57,261 INFO: Skipped Chabauty because MW generators haven't been computed. (delta = ['2', '0', '-8', '-1/2', '13', '-6'], g = [4, 1, -12, 6])
2022-01-13 17:36:57,261 INFO: Skipped Chabauty because no base point (delta = ['-1/4', '35/4', '-10', '-57/2', '49', '-18'])
2022-01-13 17:36:57,261 INFO: Skipped Chabauty because MW generators haven't been computed. (delta = ['1'], g = [-1, 0, 2])
2022-01-13 17:36:57,261 INFO: Skipped Chabauty because MW generators haven't been computed. (delta = ['1'], g = [4, 1, -12, 6])
2022-01-13 17:36:57,261 INFO: Skipped Chabauty because MW generators haven't been computed. (delta = ['-1/2', '8', '3', '-24', '12'], g = [-1, 0, 2])
2022-01-13 17:36:57,262 INFO: Skipped Chabauty because MW generators haven't been computed. (delta = ['-1/2', '8', '3', '-24', '12'], g = [4, 1, -12, 6])
2022-01-13 17:36:57,262 INFO: Skipped Chabauty because no base point (delta = ['-2', '4', '5/2', '-17', '19', '-6'])
2022-01-13 17:36:57,262 INFO: Skipped Chabauty because MW generators haven't been computed. (delta = ['4', '0', '-19', '4', '24', '-12'], g = [-1, 0, 2])
2022-01-13 17:36:57,262 INFO: Skipped Chabauty because MW generators haven't been computed. (delta = ['4', '0', '-19', '4', '24', '-12'], g = [4, 1, -12, 6])
2022-01-13 17:36:57,412 INFO: Tasks complete. Recording data and exiting.
2022-02-12 16:40:41,379 INFO: Loaded curve data from file.
2022-02-12 16:40:41,379 INFO: Computing elliptic Chabauty map... (delta = ['2', '0', '-8', '-1/2', '13', '-6'], g = [-1, 0, 2])
2022-02-12 16:40:53,265 INFO: Elliptic Chabauty map computed. (delta = ['2', '0', '-8', '-1/2', '13', '-6'], g = [-1, 0, 2])
2022-02-12 16:40:53,269 INFO: Computing elliptic Chabauty map... (delta = ['2', '0', '-8', '-1/2', '13', '-6'], g = [4, 1, -12, 6])
2022-02-12 16:41:05,345 INFO: Elliptic Chabauty map computed. (delta = ['2', '0', '-8', '-1/2', '13', '-6'], g = [4, 1, -12, 6])
2022-02-12 16:41:05,348 INFO: Computing elliptic Chabauty map... (delta = ['1'], g = [-1, 0, 2])
2022-02-12 16:41:16,923 INFO: Elliptic Chabauty map computed. (delta = ['1'], g = [-1, 0, 2])
2022-02-12 16:41:16,926 INFO: Computing elliptic Chabauty map... (delta = ['1'], g = [4, 1, -12, 6])
2022-02-12 16:41:28,934 INFO: Elliptic Chabauty map computed. (delta = ['1'], g = [4, 1, -12, 6])
2022-02-12 16:41:28,937 INFO: Computing elliptic Chabauty map... (delta = ['-1/2', '8', '3', '-24', '12'], g = [-1, 0, 2])
2022-02-12 16:41:40,645 INFO: Elliptic Chabauty map computed. (delta = ['-1/2', '8', '3', '-24', '12'], g = [-1, 0, 2])
2022-02-12 16:41:40,648 INFO: Computing elliptic Chabauty map... (delta = ['-1/2', '8', '3', '-24', '12'], g = [4, 1, -12, 6])
2022-02-12 16:41:52,747 INFO: Elliptic Chabauty map computed. (delta = ['-1/2', '8', '3', '-24', '12'], g = [4, 1, -12, 6])
2022-02-12 16:41:52,750 INFO: Computing elliptic Chabauty map... (delta = ['4', '0', '-19', '4', '24', '-12'], g = [-1, 0, 2])
2022-02-12 16:42:04,532 INFO: Elliptic Chabauty map computed. (delta = ['4', '0', '-19', '4', '24', '-12'], g = [-1, 0, 2])
2022-02-12 16:42:04,536 INFO: Computing elliptic Chabauty map... (delta = ['4', '0', '-19', '4', '24', '-12'], g = [4, 1, -12, 6])
2022-02-12 16:42:16,668 INFO: Elliptic Chabauty map computed. (delta = ['4', '0', '-19', '4', '24', '-12'], g = [4, 1, -12, 6])
2022-02-12 16:42:16,671 INFO: Tasks complete. Recording data and exiting.
