2022-01-11 15:10:18,114 INFO: Initialized curve data.
2022-01-11 15:10:18,117 INFO: Setting up initial twist data...
2022-01-11 15:10:19,065 INFO: Twist setup complete.
2022-01-11 15:10:19,066 INFO: Searching for rational points on each twist...
2022-01-11 15:10:20,712 INFO: Finished searching for rational points on each twist.
2022-01-11 15:10:20,712 INFO: Testing local solvability of twists...
2022-01-11 15:10:20,717 INFO: Finished local solvability testing.
2022-01-11 15:10:20,717 INFO: Computing elliptic curve a-invariants...
2022-01-11 15:10:34,867 INFO: Finished computation of a-invariants.
2022-01-11 15:10:34,868 INFO: Computing MW group (delta = ['4', '-25', '-4', '16', '8', '1'], g = [4, -24, -4, 16, 8, 1])...
2022-01-11 15:14:38,631 INFO: Finished MW computation (delta = ['4', '-25', '-4', '16', '8', '1'], g = [4, -24, -4, 16, 8, 1])
2022-01-11 15:14:38,714 INFO: Computing MW group (delta = ['1'], g = [4, -24, -4, 16, 8, 1])...
2022-01-11 15:16:07,356 INFO: Finished MW computation (delta = ['1'], g = [4, -24, -4, 16, 8, 1])
2022-01-11 15:16:07,358 INFO: Computing MW group (delta = ['4', '-25', '-3', '16', '8', '1'], g = [4, -24, -4, 16, 8, 1])...
2022-01-11 15:17:42,774 INFO: Finished MW computation (delta = ['4', '-25', '-3', '16', '8', '1'], g = [4, -24, -4, 16, 8, 1])
2022-01-11 15:17:42,779 INFO: Computing MW group (delta = ['16', '-96', '-15', '63', '32', '4'], g = [4, -24, -4, 16, 8, 1])...
2022-01-11 15:21:09,430 INFO: Finished MW computation (delta = ['16', '-96', '-15', '63', '32', '4'], g = [4, -24, -4, 16, 8, 1])
2022-01-11 15:21:09,436 INFO: Reducing MW generators...
2022-01-11 15:21:12,261 INFO: Finished reducing MW generators.
2022-01-11 15:21:12,263 INFO: Tasks complete. Recording data and exiting.
