2022-01-11 12:32:45,961 INFO: Initialized curve data.
2022-01-11 12:32:45,965 INFO: Setting up initial twist data...
2022-01-11 12:32:47,066 INFO: Twist setup complete.
2022-01-11 12:32:47,066 INFO: Searching for rational points on each twist...
2022-01-11 12:32:50,631 INFO: Finished searching for rational points on each twist.
2022-01-11 12:32:50,631 INFO: Testing local solvability of twists...
2022-01-11 12:33:29,758 INFO: Finished local solvability testing.
2022-01-11 12:33:29,760 INFO: Computing elliptic curve a-invariants...
2022-01-11 12:33:35,488 INFO: Finished computation of a-invariants.
2022-01-11 12:33:35,490 INFO: Computing MW group (delta = ['-8', '9', '5', '-5', '-1'], g = [1, 1])...
2022-01-11 12:33:35,997 INFO: Finished MW computation (delta = ['-8', '9', '5', '-5', '-1'], g = [1, 1])
2022-01-11 12:33:36,000 INFO: Computing MW group (delta = ['-8', '9', '5', '-5', '-1'], g = [8, -8, -4, 5, 1])...
2022-01-11 12:33:54,490 INFO: Finished MW computation (delta = ['-8', '9', '5', '-5', '-1'], g = [8, -8, -4, 5, 1])
2022-01-11 12:33:54,493 INFO: Skipped MW computation because no base point (delta = ['-8', '1025', '-1010', '-513', '632', '126'])
2022-01-11 12:33:54,494 INFO: Computing MW group (delta = ['8', '-129', '115', '66', '-73', '-15'], g = [1, 1])...
2022-01-11 12:33:54,979 INFO: Finished MW computation (delta = ['8', '-129', '115', '66', '-73', '-15'], g = [1, 1])
2022-01-11 12:33:54,981 INFO: Computing MW group (delta = ['8', '-129', '115', '66', '-73', '-15'], g = [8, -8, -4, 5, 1])...
2022-01-11 12:34:11,095 INFO: Finished MW computation (delta = ['8', '-129', '115', '66', '-73', '-15'], g = [8, -8, -4, 5, 1])
2022-01-11 12:34:11,104 INFO: Computing MW group (delta = ['-1', '16', '-15', '-8', '10', '2'], g = [1, 1])...
2022-01-11 12:34:11,573 INFO: Finished MW computation (delta = ['-1', '16', '-15', '-8', '10', '2'], g = [1, 1])
2022-01-11 12:34:11,576 INFO: Computing MW group (delta = ['-1', '16', '-15', '-8', '10', '2'], g = [8, -8, -4, 5, 1])...
2022-01-11 12:34:19,820 INFO: Finished MW computation (delta = ['-1', '16', '-15', '-8', '10', '2'], g = [8, -8, -4, 5, 1])
2022-01-11 12:34:19,824 INFO: Computing MW group (delta = ['1'], g = [1, 1])...
2022-01-11 12:34:20,288 INFO: Finished MW computation (delta = ['1'], g = [1, 1])
2022-01-11 12:34:20,291 INFO: Computing MW group (delta = ['1'], g = [8, -8, -4, 5, 1])...
2022-01-11 12:34:27,272 INFO: Finished MW computation (delta = ['1'], g = [8, -8, -4, 5, 1])
2022-01-11 12:34:27,276 INFO: Skipped MW computation because no base point (delta = ['-1', '7', '-8', '-4', '5', '1'])
2022-01-11 12:34:27,276 INFO: Skipped MW computation because no base point (delta = ['1', '-127', '127', '63', '-80', '-16'])
2022-01-11 12:34:27,276 INFO: Computing MW group (delta = ['8', '-65', '50', '32', '-34', '-7'], g = [1, 1])...
2022-01-11 12:34:27,514 INFO: Finished MW computation (delta = ['8', '-65', '50', '32', '-34', '-7'], g = [1, 1])
2022-01-11 12:34:27,518 INFO: Computing MW group (delta = ['8', '-65', '50', '32', '-34', '-7'], g = [8, -8, -4, 5, 1])...
2022-01-11 12:34:36,752 INFO: Finished MW computation (delta = ['8', '-65', '50', '32', '-34', '-7'], g = [8, -8, -4, 5, 1])
2022-01-11 12:34:36,759 INFO: Reducing MW generators...
2022-01-11 12:34:43,098 INFO: Finished reducing MW generators.
2022-01-11 12:34:43,102 INFO: Tasks complete. Recording data and exiting.
2022-01-13 17:36:58,149 INFO: Loaded curve data from file.
2022-01-13 17:36:58,150 INFO: Skipped Chabauty because rank >= degree(g). (delta = ['-8', '9', '5', '-5', '-1'], g = [1, 1])
2022-01-13 17:36:58,150 INFO: Running elliptic Chabauty (delta = ['-8', '9', '5', '-5', '-1'], g = [8, -8, -4, 5, 1])...
2022-01-13 17:37:09,459 INFO: Chabauty completed successfully (delta = ['-8', '9', '5', '-5', '-1'], g = [8, -8, -4, 5, 1]).
2022-01-13 17:37:09,462 INFO: Skipped Chabauty because no base point (delta = ['-8', '1025', '-1010', '-513', '632', '126'])
2022-01-13 17:37:09,462 INFO: Skipped Chabauty because rank >= degree(g). (delta = ['8', '-129', '115', '66', '-73', '-15'], g = [1, 1])
2022-01-13 17:37:09,462 INFO: Running elliptic Chabauty (delta = ['8', '-129', '115', '66', '-73', '-15'], g = [8, -8, -4, 5, 1])...
2022-01-13 17:37:27,402 INFO: Chabauty completed successfully (delta = ['8', '-129', '115', '66', '-73', '-15'], g = [8, -8, -4, 5, 1]).
2022-01-13 17:37:27,405 INFO: Skipped Chabauty because rank >= degree(g). (delta = ['-1', '16', '-15', '-8', '10', '2'], g = [1, 1])
2022-01-13 17:37:27,405 INFO: Running elliptic Chabauty (delta = ['-1', '16', '-15', '-8', '10', '2'], g = [8, -8, -4, 5, 1])...
2022-01-13 17:37:39,292 INFO: Chabauty completed successfully (delta = ['-1', '16', '-15', '-8', '10', '2'], g = [8, -8, -4, 5, 1]).
2022-01-13 17:37:39,294 INFO: Skipped Chabauty because rank >= degree(g). (delta = ['1'], g = [1, 1])
2022-01-13 17:37:39,295 INFO: Running elliptic Chabauty (delta = ['1'], g = [8, -8, -4, 5, 1])...
2022-01-13 17:37:53,499 INFO: Chabauty completed successfully (delta = ['1'], g = [8, -8, -4, 5, 1]).
2022-01-13 17:37:53,503 INFO: Skipped Chabauty because no base point (delta = ['-1', '7', '-8', '-4', '5', '1'])
2022-01-13 17:37:53,503 INFO: Skipped Chabauty because no base point (delta = ['1', '-127', '127', '63', '-80', '-16'])
2022-01-13 17:37:53,503 INFO: Skipped Chabauty because rank >= degree(g). (delta = ['8', '-65', '50', '32', '-34', '-7'], g = [1, 1])
2022-01-13 17:37:53,503 INFO: Running elliptic Chabauty (delta = ['8', '-65', '50', '32', '-34', '-7'], g = [8, -8, -4, 5, 1])...
2022-01-13 17:38:05,287 INFO: Chabauty completed successfully (delta = ['8', '-65', '50', '32', '-34', '-7'], g = [8, -8, -4, 5, 1]).
2022-01-13 17:38:05,929 INFO: Rational points successfully computed.
2022-01-13 17:38:05,934 INFO: Tasks complete. Recording data and exiting.
2022-02-12 17:18:45,381 INFO: Loaded curve data from file.
2022-02-12 17:18:45,382 INFO: Computing elliptic Chabauty map... (delta = ['-8', '9', '5', '-5', '-1'], g = [1, 1])
2022-02-12 17:18:54,437 INFO: Elliptic Chabauty map computed. (delta = ['-8', '9', '5', '-5', '-1'], g = [1, 1])
2022-02-12 17:18:54,441 INFO: Computing elliptic Chabauty map... (delta = ['-8', '9', '5', '-5', '-1'], g = [8, -8, -4, 5, 1])
2022-02-12 17:19:05,552 INFO: Elliptic Chabauty map computed. (delta = ['-8', '9', '5', '-5', '-1'], g = [8, -8, -4, 5, 1])
2022-02-12 17:19:05,555 INFO: Computing elliptic Chabauty map... (delta = ['8', '-129', '115', '66', '-73', '-15'], g = [1, 1])
2022-02-12 17:19:14,515 INFO: Elliptic Chabauty map computed. (delta = ['8', '-129', '115', '66', '-73', '-15'], g = [1, 1])
2022-02-12 17:19:14,518 INFO: Computing elliptic Chabauty map... (delta = ['8', '-129', '115', '66', '-73', '-15'], g = [8, -8, -4, 5, 1])
2022-02-12 17:19:25,513 INFO: Elliptic Chabauty map computed. (delta = ['8', '-129', '115', '66', '-73', '-15'], g = [8, -8, -4, 5, 1])
2022-02-12 17:19:25,517 INFO: Computing elliptic Chabauty map... (delta = ['-1', '16', '-15', '-8', '10', '2'], g = [1, 1])
2022-02-12 17:19:34,426 INFO: Elliptic Chabauty map computed. (delta = ['-1', '16', '-15', '-8', '10', '2'], g = [1, 1])
2022-02-12 17:19:34,430 INFO: Computing elliptic Chabauty map... (delta = ['-1', '16', '-15', '-8', '10', '2'], g = [8, -8, -4, 5, 1])
2022-02-12 17:19:45,422 INFO: Elliptic Chabauty map computed. (delta = ['-1', '16', '-15', '-8', '10', '2'], g = [8, -8, -4, 5, 1])
2022-02-12 17:19:45,426 INFO: Computing elliptic Chabauty map... (delta = ['1'], g = [1, 1])
2022-02-12 17:19:54,383 INFO: Elliptic Chabauty map computed. (delta = ['1'], g = [1, 1])
2022-02-12 17:19:54,386 INFO: Computing elliptic Chabauty map... (delta = ['1'], g = [8, -8, -4, 5, 1])
2022-02-12 17:20:05,312 INFO: Elliptic Chabauty map computed. (delta = ['1'], g = [8, -8, -4, 5, 1])
2022-02-12 17:20:05,316 INFO: Computing elliptic Chabauty map... (delta = ['8', '-65', '50', '32', '-34', '-7'], g = [1, 1])
2022-02-12 17:20:14,271 INFO: Elliptic Chabauty map computed. (delta = ['8', '-65', '50', '32', '-34', '-7'], g = [1, 1])
2022-02-12 17:20:14,276 INFO: Computing elliptic Chabauty map... (delta = ['8', '-65', '50', '32', '-34', '-7'], g = [8, -8, -4, 5, 1])
2022-02-12 17:20:25,079 INFO: Elliptic Chabauty map computed. (delta = ['8', '-65', '50', '32', '-34', '-7'], g = [8, -8, -4, 5, 1])
2022-02-12 17:20:25,085 INFO: Tasks complete. Recording data and exiting.
