2022-01-01 12:50:39,038 INFO: Initialized curve data.
2022-01-01 12:50:39,042 INFO: Setting up initial twist data...
2022-01-01 12:50:40,217 INFO: Twist setup complete.
2022-01-01 12:50:40,217 INFO: Searching for rational points on each twist...
2022-01-01 12:50:41,203 INFO: Finished searching for rational points on each twist.
2022-01-01 12:50:41,204 INFO: Testing local solvability of twists...
2022-01-01 12:50:41,209 INFO: Finished local solvability testing.
2022-01-01 12:50:41,210 INFO: Computing elliptic curve a-invariants...
2022-01-01 12:50:49,646 INFO: Finished computation of a-invariants.
2022-01-01 12:50:49,648 INFO: Computing MW group (delta = ['4', '-9', '8', '-3', '2', '1'], g = [4, -8, 8, -3, 2, 1])...
2022-01-01 12:51:16,957 INFO: Finished MW computation (delta = ['4', '-9', '8', '-3', '2', '1'], g = [4, -8, 8, -3, 2, 1])
2022-01-01 12:51:16,958 INFO: Computing MW group (delta = ['1', '-1'], g = [4, -8, 8, -3, 2, 1])...
2022-01-01 12:51:42,035 INFO: Finished MW computation (delta = ['1', '-1'], g = [4, -8, 8, -3, 2, 1])
2022-01-01 12:51:42,037 INFO: Computing MW group (delta = ['1'], g = [4, -8, 8, -3, 2, 1])...
2022-01-01 12:52:45,927 INFO: Finished MW computation (delta = ['1'], g = [4, -8, 8, -3, 2, 1])
2022-01-01 12:52:45,930 INFO: Computing MW group (delta = ['4', '-9', '9', '-3', '2', '1'], g = [4, -8, 8, -3, 2, 1])...
2022-01-01 12:55:19,627 INFO: Finished MW computation (delta = ['4', '-9', '9', '-3', '2', '1'], g = [4, -8, 8, -3, 2, 1])
2022-01-01 12:55:19,632 INFO: Reducing MW generators...
2022-01-01 12:55:23,143 INFO: Finished reducing MW generators.
2022-01-01 12:55:23,145 INFO: Running elliptic Chabauty (delta = ['4', '-9', '8', '-3', '2', '1'], g = [4, -8, 8, -3, 2, 1])...
2022-01-01 12:55:42,032 INFO: Chabauty completed successfully (delta = ['4', '-9', '8', '-3', '2', '1'], g = [4, -8, 8, -3, 2, 1]).
2022-01-01 12:55:42,034 INFO: Running elliptic Chabauty (delta = ['1', '-1'], g = [4, -8, 8, -3, 2, 1])...
2022-01-01 12:55:56,796 INFO: Chabauty completed successfully (delta = ['1', '-1'], g = [4, -8, 8, -3, 2, 1]).
2022-01-01 12:55:56,799 INFO: Running elliptic Chabauty (delta = ['1'], g = [4, -8, 8, -3, 2, 1])...
2022-01-01 12:57:09,206 INFO: Chabauty completed successfully (delta = ['1'], g = [4, -8, 8, -3, 2, 1]).
2022-01-01 12:57:09,208 INFO: Running elliptic Chabauty (delta = ['4', '-9', '9', '-3', '2', '1'], g = [4, -8, 8, -3, 2, 1])...
2022-01-01 12:57:23,334 INFO: Chabauty completed successfully (delta = ['4', '-9', '9', '-3', '2', '1'], g = [4, -8, 8, -3, 2, 1]).
2022-01-01 12:57:23,570 INFO: Rational points successfully computed.
2022-01-01 12:57:23,572 INFO: Tasks complete. Recording data and exiting.
