2022-01-12 12:25:08,587 INFO: Initialized curve data.
2022-01-12 12:25:08,593 INFO: Setting up initial twist data...
2022-01-12 12:25:10,278 INFO: Twist setup complete.
2022-01-12 12:25:10,278 INFO: Searching for rational points on each twist...
2022-01-12 12:25:13,701 INFO: Finished searching for rational points on each twist.
2022-01-12 12:25:13,701 INFO: Testing local solvability of twists...
2022-01-12 12:26:54,098 INFO: Finished local solvability testing.
2022-01-12 12:26:54,100 INFO: Computing elliptic curve a-invariants...
2022-01-12 12:27:00,325 INFO: Finished computation of a-invariants.
2022-01-12 12:27:00,329 INFO: Computing MW group (delta = ['-4', '-103/2', '-209', '-749/2', '-309', '-193/2'], g = [1, 1])...
2022-01-12 12:27:00,818 INFO: Finished MW computation (delta = ['-4', '-103/2', '-209', '-749/2', '-309', '-193/2'], g = [1, 1])
2022-01-12 12:27:00,820 INFO: Computing MW group (delta = ['-4', '-103/2', '-209', '-749/2', '-309', '-193/2'], g = [8, 96, 324, 425, 193])...
2022-01-12 12:27:12,140 INFO: Finished MW computation (delta = ['-4', '-103/2', '-209', '-749/2', '-309', '-193/2'], g = [8, 96, 324, 425, 193])
2022-01-12 12:27:12,143 INFO: Skipped MW computation because no base point (delta = ['2/7', '8/7', '1'])
2022-01-12 12:27:12,143 INFO: Skipped MW computation because no base point (delta = ['-8/7', '-103/7', '-414/7', '-1475/14', '-611/7', '-193/7'])
2022-01-12 12:27:12,143 INFO: Skipped MW computation because no base point (delta = ['64/7', '161292/1351', '93887/193', '1186133/1351', '993339/1351', '45123/193'])
2022-01-12 12:27:12,143 INFO: Skipped MW computation because no base point (delta = ['32', '420', '3457/2', '6319/2', '5371/2', '1737/2'])
2022-01-12 12:27:12,143 INFO: Computing MW group (delta = ['1'], g = [1, 1])...
2022-01-12 12:27:12,827 INFO: Finished MW computation (delta = ['1'], g = [1, 1])
2022-01-12 12:27:12,829 INFO: Computing MW group (delta = ['1'], g = [8, 96, 324, 425, 193])...
2022-01-12 12:27:23,816 INFO: Finished MW computation (delta = ['1'], g = [8, 96, 324, 425, 193])
2022-01-12 12:27:23,820 INFO: Skipped MW computation because no base point (delta = ['-16/7', '-198/7', '-734/7', '-1159/7', '-804/7', '-193/7'])
2022-01-12 12:27:23,820 INFO: Computing MW group (delta = ['-8', '-95', '-323', '-425', '-193'], g = [1, 1])...
2022-01-12 12:27:24,523 INFO: Finished MW computation (delta = ['-8', '-95', '-323', '-425', '-193'], g = [1, 1])
2022-01-12 12:27:24,526 INFO: Computing MW group (delta = ['-8', '-95', '-323', '-425', '-193'], g = [8, 96, 324, 425, 193])...
2022-01-12 12:27:35,735 INFO: Finished MW computation (delta = ['-8', '-95', '-323', '-425', '-193'], g = [8, 96, 324, 425, 193])
2022-01-12 12:27:35,740 INFO: Reducing MW generators...
2022-01-12 12:27:42,536 INFO: Finished reducing MW generators.
2022-01-12 12:27:42,539 INFO: Tasks complete. Recording data and exiting.
