2022-01-13 21:55:01,864 INFO: Initialized curve data.
2022-01-13 21:55:01,868 INFO: Setting up initial twist data...
2022-01-13 21:55:04,288 INFO: Twist setup complete.
2022-01-13 21:55:04,289 INFO: Searching for rational points on each twist...
2022-01-13 21:55:09,488 INFO: Finished searching for rational points on each twist.
2022-01-13 21:55:09,489 INFO: Testing local solvability of twists...
2022-01-13 21:56:44,838 INFO: Finished local solvability testing.
2022-01-13 21:56:44,841 INFO: Computing elliptic curve a-invariants...
2022-01-13 21:56:50,173 INFO: Finished computation of a-invariants.
2022-01-13 21:56:50,176 INFO: Computing MW group (delta = ['-4', '-27', '-67', '-81', '-41'], g = [1, 1])...
2022-01-13 21:56:50,811 INFO: Finished MW computation (delta = ['-4', '-27', '-67', '-81', '-41'], g = [1, 1])
2022-01-13 21:56:50,814 INFO: Computing MW group (delta = ['-4', '-27', '-67', '-81', '-41'], g = [4, 28, 68, 81, 41])...
2022-01-13 22:24:02,326 INFO: Finished MW computation (delta = ['-4', '-27', '-67', '-81', '-41'], g = [4, 28, 68, 81, 41])
2022-01-13 22:24:02,331 INFO: Unable to use elliptic Chabauty on twist (delta = ['-4', '-27', '-67', '-81', '-41'])
2022-01-13 22:24:02,333 INFO: Obstruction found to provably computing rational points. Exiting.
2022-01-14 11:35:40,347 INFO: Loaded curve data from file.
2022-01-14 11:35:40,348 INFO: Obstruction already found. Exiting.
2022-02-12 17:27:46,250 INFO: Loaded curve data from file.
2022-02-12 17:27:46,251 INFO: Computing elliptic Chabauty map... (delta = ['-4', '-27', '-67', '-81', '-41'], g = [1, 1])
2022-02-12 17:27:56,716 INFO: Elliptic Chabauty map computed. (delta = ['-4', '-27', '-67', '-81', '-41'], g = [1, 1])
2022-02-12 17:27:56,719 INFO: Computing elliptic Chabauty map... (delta = ['-4', '-27', '-67', '-81', '-41'], g = [4, 28, 68, 81, 41])
2022-02-12 17:28:09,829 INFO: Elliptic Chabauty map computed. (delta = ['-4', '-27', '-67', '-81', '-41'], g = [4, 28, 68, 81, 41])
2022-02-12 17:28:09,832 INFO: Computing elliptic Chabauty map... (delta = ['1'], g = [1, 1])
2022-02-12 17:28:20,175 INFO: Elliptic Chabauty map computed. (delta = ['1'], g = [1, 1])
2022-02-12 17:28:20,178 INFO: Computing elliptic Chabauty map... (delta = ['1'], g = [4, 28, 68, 81, 41])
2022-02-12 17:28:33,369 INFO: Elliptic Chabauty map computed. (delta = ['1'], g = [4, 28, 68, 81, 41])
2022-02-12 17:28:33,372 INFO: Computing elliptic Chabauty map... (delta = ['-2', '-47/2', '-102', '-208', '-222', '-205/2'], g = [1, 1])
2022-02-12 17:28:43,714 INFO: Elliptic Chabauty map computed. (delta = ['-2', '-47/2', '-102', '-208', '-222', '-205/2'], g = [1, 1])
2022-02-12 17:28:43,718 INFO: Computing elliptic Chabauty map... (delta = ['-2', '-47/2', '-102', '-208', '-222', '-205/2'], g = [4, 28, 68, 81, 41])
2022-02-12 17:28:56,780 INFO: Elliptic Chabauty map computed. (delta = ['-2', '-47/2', '-102', '-208', '-222', '-205/2'], g = [4, 28, 68, 81, 41])
2022-02-12 17:28:56,783 INFO: Tasks complete. Recording data and exiting.
