2022-01-11 12:31:53,202 INFO: Initialized curve data.
2022-01-11 12:31:53,205 INFO: Setting up initial twist data...
2022-01-11 12:31:54,467 INFO: Twist setup complete.
2022-01-11 12:31:54,467 INFO: Searching for rational points on each twist...
2022-01-11 12:31:56,930 INFO: Finished searching for rational points on each twist.
2022-01-11 12:31:56,931 INFO: Testing local solvability of twists...
2022-01-11 12:31:56,936 INFO: Finished local solvability testing.
2022-01-11 12:31:56,937 INFO: Computing elliptic curve a-invariants...
2022-01-11 12:32:05,155 INFO: Finished computation of a-invariants.
2022-01-11 12:32:05,157 INFO: Computing MW group (delta = ['0', '1', '1'], g = [-4, 0, -5, -7, 4, 4])...
2022-01-11 12:33:43,479 INFO: Finished MW computation (delta = ['0', '1', '1'], g = [-4, 0, -5, -7, 4, 4])
2022-01-11 12:33:43,482 INFO: Computing MW group (delta = ['1'], g = [-4, 0, -5, -7, 4, 4])...
2022-01-11 12:39:20,301 INFO: Finished MW computation (delta = ['1'], g = [-4, 0, -5, -7, 4, 4])
2022-01-11 12:39:20,305 INFO: Unable to use elliptic Chabauty on twist (delta = ['1'])
2022-01-11 12:39:20,307 INFO: Obstruction found to provably computing rational points. Exiting.
2022-01-13 17:36:55,068 INFO: Loaded curve data from file.
2022-01-13 17:36:55,068 INFO: Obstruction already found. Exiting.
2022-02-12 17:06:05,297 INFO: Loaded curve data from file.
2022-02-12 17:06:05,297 INFO: Computing elliptic Chabauty map... (delta = ['0', '1', '1'], g = [-4, 0, -5, -7, 4, 4])
2022-02-12 17:06:13,528 INFO: Elliptic Chabauty map computed. (delta = ['0', '1', '1'], g = [-4, 0, -5, -7, 4, 4])
2022-02-12 17:06:13,530 INFO: Computing elliptic Chabauty map... (delta = ['1'], g = [-4, 0, -5, -7, 4, 4])
2022-02-12 17:06:21,528 INFO: Elliptic Chabauty map computed. (delta = ['1'], g = [-4, 0, -5, -7, 4, 4])
2022-02-12 17:06:21,530 INFO: Computing elliptic Chabauty map... (delta = ['8', '0', '9', '14', '-7', '-8'], g = [-4, 0, -5, -7, 4, 4])
2022-02-12 17:06:29,509 INFO: Elliptic Chabauty map computed. (delta = ['8', '0', '9', '14', '-7', '-8'], g = [-4, 0, -5, -7, 4, 4])
2022-02-12 17:06:29,511 INFO: Computing elliptic Chabauty map... (delta = ['4', '-1', '6', '7', '-4', '-4'], g = [-4, 0, -5, -7, 4, 4])
2022-02-12 17:06:37,470 INFO: Elliptic Chabauty map computed. (delta = ['4', '-1', '6', '7', '-4', '-4'], g = [-4, 0, -5, -7, 4, 4])
2022-02-12 17:06:37,474 INFO: Tasks complete. Recording data and exiting.
