2022-01-12 12:25:09,247 INFO: Initialized curve data.
2022-01-12 12:25:09,253 INFO: Setting up initial twist data...
2022-01-12 12:25:10,473 INFO: Twist setup complete.
2022-01-12 12:25:10,473 INFO: Searching for rational points on each twist...
2022-01-12 12:25:12,886 INFO: Finished searching for rational points on each twist.
2022-01-12 12:25:12,886 INFO: Testing local solvability of twists...
2022-01-12 12:25:12,892 INFO: Finished local solvability testing.
2022-01-12 12:25:12,894 INFO: Computing elliptic curve a-invariants...
2022-01-12 12:25:23,123 INFO: Finished computation of a-invariants.
2022-01-12 12:25:23,125 INFO: Computing MW group (delta = ['4', '7', '0', '-3', '6', '1'], g = [4, 8, 0, -3, 6, 1])...
2022-01-12 12:27:36,282 INFO: Finished MW computation (delta = ['4', '7', '0', '-3', '6', '1'], g = [4, 8, 0, -3, 6, 1])
2022-01-12 12:27:36,285 INFO: Computing MW group (delta = ['16', '32', '1', '-13', '24', '4'], g = [4, 8, 0, -3, 6, 1])...
2022-01-12 12:28:35,792 INFO: Finished MW computation (delta = ['16', '32', '1', '-13', '24', '4'], g = [4, 8, 0, -3, 6, 1])
2022-01-12 12:28:35,794 INFO: Computing MW group (delta = ['4', '7', '1', '-3', '6', '1'], g = [4, 8, 0, -3, 6, 1])...
2022-01-12 12:30:58,462 INFO: Finished MW computation (delta = ['4', '7', '1', '-3', '6', '1'], g = [4, 8, 0, -3, 6, 1])
2022-01-12 12:30:58,464 INFO: Computing MW group (delta = ['1'], g = [4, 8, 0, -3, 6, 1])...
2022-01-12 12:33:07,141 INFO: Finished MW computation (delta = ['1'], g = [4, 8, 0, -3, 6, 1])
2022-01-12 12:33:07,146 INFO: Reducing MW generators...
2022-01-12 12:33:10,727 INFO: Finished reducing MW generators.
2022-01-12 12:33:10,729 INFO: Tasks complete. Recording data and exiting.
2022-01-14 11:32:51,249 INFO: Loaded curve data from file.
2022-01-14 11:32:51,250 INFO: Skipped Chabauty because MW group hasn't been provably computed. (delta = ['4', '7', '0', '-3', '6', '1'], g = [4, 8, 0, -3, 6, 1])
2022-01-14 11:32:51,250 INFO: Running elliptic Chabauty (delta = ['16', '32', '1', '-13', '24', '4'], g = [4, 8, 0, -3, 6, 1])...
2022-01-14 11:33:01,149 INFO: Chabauty completed successfully (delta = ['16', '32', '1', '-13', '24', '4'], g = [4, 8, 0, -3, 6, 1]).
2022-01-14 11:33:01,152 INFO: Skipped Chabauty because MW group hasn't been provably computed. (delta = ['4', '7', '1', '-3', '6', '1'], g = [4, 8, 0, -3, 6, 1])
2022-01-14 11:33:01,152 INFO: Skipped Chabauty because MW group hasn't been provably computed. (delta = ['1'], g = [4, 8, 0, -3, 6, 1])
2022-01-14 11:33:01,189 INFO: Tasks complete. Recording data and exiting.
