2022-01-11 15:23:22,438 INFO: Initialized curve data.
2022-01-11 15:23:22,445 INFO: Setting up initial twist data...
2022-01-11 15:23:23,448 INFO: Twist setup complete.
2022-01-11 15:23:23,448 INFO: Searching for rational points on each twist...
2022-01-11 15:23:24,958 INFO: Finished searching for rational points on each twist.
2022-01-11 15:23:24,958 INFO: Testing local solvability of twists...
2022-01-11 15:23:24,963 INFO: Finished local solvability testing.
2022-01-11 15:23:24,964 INFO: Computing elliptic curve a-invariants...
2022-01-11 15:23:37,711 INFO: Finished computation of a-invariants.
2022-01-11 15:23:37,712 INFO: Computing MW group (delta = ['-1', '-1'], g = [4, 9, -4, 2, -4, 1])...
2022-01-11 15:23:59,434 INFO: Finished MW computation (delta = ['-1', '-1'], g = [4, 9, -4, 2, -4, 1])
2022-01-11 15:23:59,436 INFO: Computing MW group (delta = ['4', '8', '-4', '2', '-4', '1'], g = [4, 9, -4, 2, -4, 1])...
2022-01-11 15:26:44,559 INFO: Finished MW computation (delta = ['4', '8', '-4', '2', '-4', '1'], g = [4, 9, -4, 2, -4, 1])
2022-01-11 15:26:44,562 INFO: Computing MW group (delta = ['1'], g = [4, 9, -4, 2, -4, 1])...
2022-01-11 15:29:03,457 INFO: Finished MW computation (delta = ['1'], g = [4, 9, -4, 2, -4, 1])
2022-01-11 15:29:03,461 INFO: Computing MW group (delta = ['-4', '-8', '5', '-2', '4', '-1'], g = [4, 9, -4, 2, -4, 1])...
2022-01-11 15:29:58,770 INFO: Finished MW computation (delta = ['-4', '-8', '5', '-2', '4', '-1'], g = [4, 9, -4, 2, -4, 1])
2022-01-11 15:29:58,776 INFO: Reducing MW generators...
2022-01-11 15:30:01,751 INFO: Finished reducing MW generators.
2022-01-11 15:30:01,752 INFO: Tasks complete. Recording data and exiting.
2022-01-14 09:07:50,608 INFO: Loaded curve data from file.
2022-01-14 09:07:50,609 INFO: Running elliptic Chabauty (delta = ['-1', '-1'], g = [4, 9, -4, 2, -4, 1])...
2022-01-14 09:08:04,087 INFO: Chabauty completed successfully (delta = ['-1', '-1'], g = [4, 9, -4, 2, -4, 1]).
2022-01-14 09:08:04,090 INFO: Skipped Chabauty because MW group hasn't been provably computed. (delta = ['4', '8', '-4', '2', '-4', '1'], g = [4, 9, -4, 2, -4, 1])
2022-01-14 09:08:04,091 INFO: Running elliptic Chabauty (delta = ['1'], g = [4, 9, -4, 2, -4, 1])...
2022-01-14 09:08:21,415 INFO: Chabauty completed successfully (delta = ['1'], g = [4, 9, -4, 2, -4, 1]).
2022-01-14 09:08:21,418 INFO: Skipped Chabauty because MW group hasn't been provably computed. (delta = ['-4', '-8', '5', '-2', '4', '-1'], g = [4, 9, -4, 2, -4, 1])
2022-01-14 09:08:21,493 INFO: Tasks complete. Recording data and exiting.
