2022-01-11 12:35:46,176 INFO: Initialized curve data.
2022-01-11 12:35:46,182 INFO: Setting up initial twist data...
2022-01-11 12:35:47,153 INFO: Twist setup complete.
2022-01-11 12:35:47,153 INFO: Searching for rational points on each twist...
2022-01-11 12:35:48,537 INFO: Finished searching for rational points on each twist.
2022-01-11 12:35:48,537 INFO: Testing local solvability of twists...
2022-01-11 12:35:53,917 INFO: Finished local solvability testing.
2022-01-11 12:35:53,918 INFO: Computing elliptic curve a-invariants...
2022-01-11 12:35:59,263 INFO: Finished computation of a-invariants.
2022-01-11 12:35:59,265 INFO: Computing MW group (delta = ['12', '15', '4', '8', '0', '1'], g = [12, 16, 4, 8, 0, 1])...
2022-01-13 17:37:01,037 INFO: Loaded curve data from file.
2022-01-13 17:37:01,037 INFO: Reducing MW generators...
2022-01-13 17:37:01,038 INFO: Finished reducing MW generators.
2022-01-13 17:37:01,039 INFO: Skipped Chabauty because MW generators haven't been computed. (delta = ['12', '15', '4', '8', '0', '1'], g = [12, 16, 4, 8, 0, 1])
2022-01-13 17:37:01,039 INFO: Skipped Chabauty because MW generators haven't been computed. (delta = ['1'], g = [12, 16, 4, 8, 0, 1])
2022-01-13 17:37:01,039 INFO: Skipped Chabauty because no base point (delta = ['6', '15/2', '3/2', '3', '0', '1/2'])
2022-01-13 17:37:01,039 INFO: Skipped Chabauty because MW generators haven't been computed. (delta = ['1/2', '1/2', '1'], g = [12, 16, 4, 8, 0, 1])
2022-01-13 17:37:01,087 INFO: Tasks complete. Recording data and exiting.
2022-02-12 17:00:18,413 INFO: Loaded curve data from file.
2022-02-12 17:00:18,413 INFO: Computing elliptic Chabauty map... (delta = ['12', '15', '4', '8', '0', '1'], g = [12, 16, 4, 8, 0, 1])
2022-02-12 17:00:26,249 INFO: Elliptic Chabauty map computed. (delta = ['12', '15', '4', '8', '0', '1'], g = [12, 16, 4, 8, 0, 1])
2022-02-12 17:00:26,250 INFO: Computing elliptic Chabauty map... (delta = ['1'], g = [12, 16, 4, 8, 0, 1])
2022-02-12 17:00:33,927 INFO: Elliptic Chabauty map computed. (delta = ['1'], g = [12, 16, 4, 8, 0, 1])
2022-02-12 17:00:33,929 INFO: Computing elliptic Chabauty map... (delta = ['1/2', '1/2', '1'], g = [12, 16, 4, 8, 0, 1])
2022-02-12 17:00:41,648 INFO: Elliptic Chabauty map computed. (delta = ['1/2', '1/2', '1'], g = [12, 16, 4, 8, 0, 1])
2022-02-12 17:00:41,650 INFO: Tasks complete. Recording data and exiting.
