2022-01-14 12:17:24,551 INFO: Initialized curve data.
2022-01-14 12:17:24,556 INFO: Setting up initial twist data...
2022-01-14 12:17:25,369 INFO: Twist setup complete.
2022-01-14 12:17:25,369 INFO: Searching for rational points on each twist...
2022-01-14 12:17:26,674 INFO: Finished searching for rational points on each twist.
2022-01-14 12:17:26,674 INFO: Testing local solvability of twists...
2022-01-14 12:18:16,061 INFO: Finished local solvability testing.
2022-01-14 12:18:16,063 INFO: Computing elliptic curve a-invariants...
2022-01-14 12:18:21,326 INFO: Finished computation of a-invariants.
2022-01-14 12:18:21,330 INFO: Computing MW group (delta = ['4', '-8', '21', '-20', '20', '-8'], g = [-4, 7, -20, 20, -20, 8])...
2022-01-14 15:52:30,971 INFO: Loaded curve data from file.
2022-01-14 15:52:30,972 INFO: Reducing MW generators...
2022-01-14 15:52:30,972 INFO: Finished reducing MW generators.
2022-01-14 15:52:30,974 INFO: Skipped Chabauty because MW generators haven't been computed. (delta = ['4', '-8', '21', '-20', '20', '-8'], g = [-4, 7, -20, 20, -20, 8])
2022-01-14 15:52:30,974 INFO: Skipped Chabauty because MW generators haven't been computed. (delta = ['1/2', '-1/2', '1'], g = [-4, 7, -20, 20, -20, 8])
2022-01-14 15:52:30,974 INFO: Skipped Chabauty because MW generators haven't been computed. (delta = ['1'], g = [-4, 7, -20, 20, -20, 8])
2022-01-14 15:52:30,974 INFO: Skipped Chabauty because no base point (delta = ['2', '-4', '11', '-23/2', '11', '-4'])
2022-01-14 15:52:31,072 INFO: Tasks complete. Recording data and exiting.
2022-02-12 17:10:37,713 INFO: Loaded curve data from file.
2022-02-12 17:10:37,713 INFO: Computing elliptic Chabauty map... (delta = ['4', '-8', '21', '-20', '20', '-8'], g = [-4, 7, -20, 20, -20, 8])
2022-02-12 17:10:52,608 INFO: Elliptic Chabauty map computed. (delta = ['4', '-8', '21', '-20', '20', '-8'], g = [-4, 7, -20, 20, -20, 8])
2022-02-12 17:10:52,610 INFO: Computing elliptic Chabauty map... (delta = ['1/2', '-1/2', '1'], g = [-4, 7, -20, 20, -20, 8])
2022-02-12 17:11:07,317 INFO: Elliptic Chabauty map computed. (delta = ['1/2', '-1/2', '1'], g = [-4, 7, -20, 20, -20, 8])
2022-02-12 17:11:07,319 INFO: Computing elliptic Chabauty map... (delta = ['1'], g = [-4, 7, -20, 20, -20, 8])
2022-02-12 17:11:21,738 INFO: Elliptic Chabauty map computed. (delta = ['1'], g = [-4, 7, -20, 20, -20, 8])
2022-02-12 17:11:21,741 INFO: Tasks complete. Recording data and exiting.
