2022-01-13 21:54:50,081 INFO: Initialized curve data.
2022-01-13 21:54:50,086 INFO: Setting up initial twist data...
2022-01-13 21:54:51,476 INFO: Twist setup complete.
2022-01-13 21:54:51,476 INFO: Searching for rational points on each twist...
2022-01-13 21:54:55,302 INFO: Finished searching for rational points on each twist.
2022-01-13 21:54:55,302 INFO: Testing local solvability of twists...
2022-01-13 21:55:17,424 INFO: Finished local solvability testing.
2022-01-13 21:55:17,426 INFO: Computing elliptic curve a-invariants...
2022-01-13 21:55:48,383 INFO: Finished computation of a-invariants.
2022-01-13 21:55:48,385 INFO: Skipped MW computation because no base point (delta = ['128', '-639', '-894', '1152', '382', '127'])
2022-01-13 21:55:48,385 INFO: Computing MW group (delta = ['-16', '79', '111', '-143', '-47', '-16'], g = [1, -5, -7, 9, 3, 1])...
2022-01-13 21:56:34,335 INFO: Finished MW computation (delta = ['-16', '79', '111', '-143', '-47', '-16'], g = [1, -5, -7, 9, 3, 1])
2022-01-13 21:56:34,338 INFO: Skipped MW computation because no base point (delta = ['-8', '39', '54', '-73', '-24', '-8'])
2022-01-13 21:56:34,338 INFO: Computing MW group (delta = ['1'], g = [1, -5, -7, 9, 3, 1])...
2022-01-13 21:59:02,256 INFO: Finished MW computation (delta = ['1'], g = [1, -5, -7, 9, 3, 1])
2022-01-13 21:59:02,259 INFO: Computing MW group (delta = ['1', '-4', '-6', '9', '3', '1'], g = [1, -5, -7, 9, 3, 1])...
2022-01-13 21:59:38,778 INFO: Finished MW computation (delta = ['1', '-4', '-6', '9', '3', '1'], g = [1, -5, -7, 9, 3, 1])
2022-01-13 21:59:38,780 INFO: Computing MW group (delta = ['1', '-10', '-13', '18', '6', '2'], g = [1, -5, -7, 9, 3, 1])...
2022-01-13 22:00:15,528 INFO: Finished MW computation (delta = ['1', '-10', '-13', '18', '6', '2'], g = [1, -5, -7, 9, 3, 1])
2022-01-13 22:00:15,531 INFO: Computing MW group (delta = ['-15', '81', '111', '-145', '-48', '-16'], g = [1, -5, -7, 9, 3, 1])...
2022-01-13 22:01:14,896 INFO: Finished MW computation (delta = ['-15', '81', '111', '-145', '-48', '-16'], g = [1, -5, -7, 9, 3, 1])
2022-01-13 22:01:14,899 INFO: Computing MW group (delta = ['0', '-6', '-7', '9', '3', '1'], g = [1, -5, -7, 9, 3, 1])...
2022-01-13 22:10:51,623 INFO: Finished MW computation (delta = ['0', '-6', '-7', '9', '3', '1'], g = [1, -5, -7, 9, 3, 1])
2022-01-13 22:10:51,626 INFO: Unable to use elliptic Chabauty on twist (delta = ['0', '-6', '-7', '9', '3', '1'])
2022-01-13 22:10:51,628 INFO: Obstruction found to provably computing rational points. Exiting.
2022-01-14 11:35:27,865 INFO: Loaded curve data from file.
2022-01-14 11:35:27,865 INFO: Obstruction already found. Exiting.
2022-02-12 17:01:17,462 INFO: Loaded curve data from file.
2022-02-12 17:01:17,462 INFO: Computing elliptic Chabauty map... (delta = ['-16', '79', '111', '-143', '-47', '-16'], g = [1, -5, -7, 9, 3, 1])
2022-02-12 17:01:35,847 INFO: Elliptic Chabauty map computed. (delta = ['-16', '79', '111', '-143', '-47', '-16'], g = [1, -5, -7, 9, 3, 1])
2022-02-12 17:01:35,850 INFO: Computing elliptic Chabauty map... (delta = ['1'], g = [1, -5, -7, 9, 3, 1])
2022-02-12 17:01:53,872 INFO: Elliptic Chabauty map computed. (delta = ['1'], g = [1, -5, -7, 9, 3, 1])
2022-02-12 17:01:53,876 INFO: Computing elliptic Chabauty map... (delta = ['1', '-4', '-6', '9', '3', '1'], g = [1, -5, -7, 9, 3, 1])
2022-02-12 17:02:11,916 INFO: Elliptic Chabauty map computed. (delta = ['1', '-4', '-6', '9', '3', '1'], g = [1, -5, -7, 9, 3, 1])
2022-02-12 17:02:11,921 INFO: Computing elliptic Chabauty map... (delta = ['1', '-10', '-13', '18', '6', '2'], g = [1, -5, -7, 9, 3, 1])
2022-02-12 17:02:30,231 INFO: Elliptic Chabauty map computed. (delta = ['1', '-10', '-13', '18', '6', '2'], g = [1, -5, -7, 9, 3, 1])
2022-02-12 17:02:30,236 INFO: Computing elliptic Chabauty map... (delta = ['-15', '81', '111', '-145', '-48', '-16'], g = [1, -5, -7, 9, 3, 1])
2022-02-12 17:02:48,491 INFO: Elliptic Chabauty map computed. (delta = ['-15', '81', '111', '-145', '-48', '-16'], g = [1, -5, -7, 9, 3, 1])
2022-02-12 17:02:48,497 INFO: Computing elliptic Chabauty map... (delta = ['0', '-6', '-7', '9', '3', '1'], g = [1, -5, -7, 9, 3, 1])
2022-02-12 17:03:06,967 INFO: Elliptic Chabauty map computed. (delta = ['0', '-6', '-7', '9', '3', '1'], g = [1, -5, -7, 9, 3, 1])
2022-02-12 17:03:06,972 INFO: Tasks complete. Recording data and exiting.
