2022-01-12 09:25:05,671 INFO: Initialized curve data.
2022-01-12 09:25:05,675 INFO: Setting up initial twist data...
2022-01-12 09:25:07,001 INFO: Twist setup complete.
2022-01-12 09:25:07,001 INFO: Searching for rational points on each twist...
2022-01-12 09:25:08,801 INFO: Finished searching for rational points on each twist.
2022-01-12 09:25:08,801 INFO: Testing local solvability of twists...
2022-01-12 09:25:08,807 INFO: Finished local solvability testing.
2022-01-12 09:25:08,808 INFO: Computing elliptic curve a-invariants...
2022-01-12 09:25:24,156 INFO: Finished computation of a-invariants.
2022-01-12 09:25:24,160 INFO: Computing MW group (delta = ['4', '7', '-11', '1', '-4', '4'], g = [4, 8, -12, 1, -4, 4])...
2022-01-12 09:30:08,472 INFO: Finished MW computation (delta = ['4', '7', '-11', '1', '-4', '4'], g = [4, 8, -12, 1, -4, 4])
2022-01-12 09:30:08,474 INFO: Computing MW group (delta = ['1', '-1'], g = [4, 8, -12, 1, -4, 4])...
2022-01-12 09:37:00,025 INFO: Finished MW computation (delta = ['1', '-1'], g = [4, 8, -12, 1, -4, 4])
2022-01-12 09:37:00,027 INFO: Computing MW group (delta = ['4', '7', '-12', '1', '-4', '4'], g = [4, 8, -12, 1, -4, 4])...
2022-01-14 09:10:24,610 INFO: Loaded curve data from file.
2022-01-14 09:10:24,610 INFO: Reducing MW generators...
2022-01-14 09:10:25,613 INFO: Finished reducing MW generators.
2022-01-14 09:10:25,615 INFO: Skipped Chabauty because MW group hasn't been provably computed. (delta = ['4', '7', '-11', '1', '-4', '4'], g = [4, 8, -12, 1, -4, 4])
2022-01-14 09:10:25,615 INFO: Running elliptic Chabauty (delta = ['1', '-1'], g = [4, 8, -12, 1, -4, 4])...
2022-01-14 09:10:49,738 INFO: Chabauty completed successfully (delta = ['1', '-1'], g = [4, 8, -12, 1, -4, 4]).
2022-01-14 09:10:49,740 INFO: Skipped Chabauty because MW generators haven't been computed. (delta = ['4', '7', '-12', '1', '-4', '4'], g = [4, 8, -12, 1, -4, 4])
2022-01-14 09:10:49,740 INFO: Skipped Chabauty because MW generators haven't been computed. (delta = ['1'], g = [4, 8, -12, 1, -4, 4])
2022-01-14 09:10:49,782 INFO: Tasks complete. Recording data and exiting.
2022-02-12 17:01:29,887 INFO: Loaded curve data from file.
2022-02-12 17:01:29,887 INFO: Computing elliptic Chabauty map... (delta = ['4', '7', '-11', '1', '-4', '4'], g = [4, 8, -12, 1, -4, 4])
2022-02-12 17:01:45,966 INFO: Elliptic Chabauty map computed. (delta = ['4', '7', '-11', '1', '-4', '4'], g = [4, 8, -12, 1, -4, 4])
2022-02-12 17:01:45,969 INFO: Computing elliptic Chabauty map... (delta = ['1', '-1'], g = [4, 8, -12, 1, -4, 4])
2022-02-12 17:02:01,842 INFO: Elliptic Chabauty map computed. (delta = ['1', '-1'], g = [4, 8, -12, 1, -4, 4])
2022-02-12 17:02:01,844 INFO: Computing elliptic Chabauty map... (delta = ['4', '7', '-12', '1', '-4', '4'], g = [4, 8, -12, 1, -4, 4])
2022-02-12 17:02:17,988 INFO: Elliptic Chabauty map computed. (delta = ['4', '7', '-12', '1', '-4', '4'], g = [4, 8, -12, 1, -4, 4])
2022-02-12 17:02:17,991 INFO: Computing elliptic Chabauty map... (delta = ['1'], g = [4, 8, -12, 1, -4, 4])
2022-02-12 17:02:33,851 INFO: Elliptic Chabauty map computed. (delta = ['1'], g = [4, 8, -12, 1, -4, 4])
2022-02-12 17:02:33,854 INFO: Tasks complete. Recording data and exiting.
