2022-01-13 21:55:00,534 INFO: Initialized curve data.
2022-01-13 21:55:00,538 INFO: Setting up initial twist data...
2022-01-13 21:55:01,321 INFO: Twist setup complete.
2022-01-13 21:55:01,321 INFO: Searching for rational points on each twist...
2022-01-13 21:55:02,661 INFO: Finished searching for rational points on each twist.
2022-01-13 21:55:02,661 INFO: Testing local solvability of twists...
2022-01-13 21:55:02,668 INFO: Finished local solvability testing.
2022-01-13 21:55:02,669 INFO: Computing elliptic curve a-invariants...
2022-01-13 21:55:15,264 INFO: Finished computation of a-invariants.
2022-01-13 21:55:15,265 INFO: Computing MW group (delta = ['4', '-1', '-9', '9', '17', '5'], g = [4, 0, -8, 8, 16, 5])...
2022-01-13 21:56:36,401 INFO: Finished MW computation (delta = ['4', '-1', '-9', '9', '17', '5'], g = [4, 0, -8, 8, 16, 5])
2022-01-13 21:56:36,404 INFO: Computing MW group (delta = ['-1', '0', '1'], g = [4, 0, -8, 8, 16, 5])...
2022-01-13 21:57:34,594 INFO: Finished MW computation (delta = ['-1', '0', '1'], g = [4, 0, -8, 8, 16, 5])
2022-01-13 21:57:34,597 INFO: Computing MW group (delta = ['-4', '1', '9', '-8', '-16', '-5'], g = [4, 0, -8, 8, 16, 5])...
2022-01-13 21:57:51,412 INFO: Finished MW computation (delta = ['-4', '1', '9', '-8', '-16', '-5'], g = [4, 0, -8, 8, 16, 5])
2022-01-13 21:57:51,415 INFO: Computing MW group (delta = ['1'], g = [4, 0, -8, 8, 16, 5])...
2022-01-13 21:59:10,387 INFO: Finished MW computation (delta = ['1'], g = [4, 0, -8, 8, 16, 5])
2022-01-13 21:59:10,392 INFO: Reducing MW generators...
2022-01-13 21:59:12,328 INFO: Finished reducing MW generators.
2022-01-13 21:59:12,331 INFO: Tasks complete. Recording data and exiting.
2022-01-14 11:35:40,244 INFO: Loaded curve data from file.
2022-01-14 11:35:40,245 INFO: Running elliptic Chabauty (delta = ['4', '-1', '-9', '9', '17', '5'], g = [4, 0, -8, 8, 16, 5])...
2022-01-14 11:36:00,319 INFO: Chabauty completed successfully (delta = ['4', '-1', '-9', '9', '17', '5'], g = [4, 0, -8, 8, 16, 5]).
2022-01-14 11:36:00,321 INFO: Skipped Chabauty because MW group hasn't been provably computed. (delta = ['-1', '0', '1'], g = [4, 0, -8, 8, 16, 5])
2022-01-14 11:36:00,322 INFO: Running elliptic Chabauty (delta = ['-4', '1', '9', '-8', '-16', '-5'], g = [4, 0, -8, 8, 16, 5])...
2022-01-14 11:36:15,750 INFO: Chabauty completed successfully (delta = ['-4', '1', '9', '-8', '-16', '-5'], g = [4, 0, -8, 8, 16, 5]).
2022-01-14 11:36:15,752 INFO: Running elliptic Chabauty (delta = ['1'], g = [4, 0, -8, 8, 16, 5])...
2022-01-14 11:36:31,200 INFO: Chabauty completed successfully (delta = ['1'], g = [4, 0, -8, 8, 16, 5]).
2022-01-14 11:36:31,313 INFO: Tasks complete. Recording data and exiting.
2022-02-12 17:31:23,339 INFO: Loaded curve data from file.
2022-02-12 17:31:23,339 INFO: Computing elliptic Chabauty map... (delta = ['4', '-1', '-9', '9', '17', '5'], g = [4, 0, -8, 8, 16, 5])
2022-02-12 17:31:39,047 INFO: Elliptic Chabauty map computed. (delta = ['4', '-1', '-9', '9', '17', '5'], g = [4, 0, -8, 8, 16, 5])
2022-02-12 17:31:39,050 INFO: Computing elliptic Chabauty map... (delta = ['-1', '0', '1'], g = [4, 0, -8, 8, 16, 5])
2022-02-12 17:31:54,550 INFO: Elliptic Chabauty map computed. (delta = ['-1', '0', '1'], g = [4, 0, -8, 8, 16, 5])
2022-02-12 17:31:54,552 INFO: Computing elliptic Chabauty map... (delta = ['-4', '1', '9', '-8', '-16', '-5'], g = [4, 0, -8, 8, 16, 5])
2022-02-12 17:32:10,064 INFO: Elliptic Chabauty map computed. (delta = ['-4', '1', '9', '-8', '-16', '-5'], g = [4, 0, -8, 8, 16, 5])
2022-02-12 17:32:10,067 INFO: Computing elliptic Chabauty map... (delta = ['1'], g = [4, 0, -8, 8, 16, 5])
2022-02-12 17:32:25,572 INFO: Elliptic Chabauty map computed. (delta = ['1'], g = [4, 0, -8, 8, 16, 5])
2022-02-12 17:32:25,575 INFO: Tasks complete. Recording data and exiting.
