2022-01-12 09:25:10,380 INFO: Initialized curve data.
2022-01-12 09:25:10,384 INFO: Setting up initial twist data...
2022-01-12 09:25:12,059 INFO: Twist setup complete.
2022-01-12 09:25:12,059 INFO: Searching for rational points on each twist...
2022-01-12 09:25:14,027 INFO: Finished searching for rational points on each twist.
2022-01-12 09:25:14,028 INFO: Testing local solvability of twists...
2022-01-12 09:25:14,032 INFO: Finished local solvability testing.
2022-01-12 09:25:14,033 INFO: Computing elliptic curve a-invariants...
2022-01-12 09:25:30,883 INFO: Finished computation of a-invariants.
2022-01-12 09:25:30,885 INFO: Computing MW group (delta = ['-8', '28', '-21', '-1', '2', '1'], g = [-8, 29, -22, -1, 2, 1])...
2022-01-12 09:28:01,004 INFO: Finished MW computation (delta = ['-8', '28', '-21', '-1', '2', '1'], g = [-8, 29, -22, -1, 2, 1])
2022-01-12 09:28:01,007 INFO: Computing MW group (delta = ['64', '-232', '177', '7', '-16', '-8'], g = [-8, 29, -22, -1, 2, 1])...
2022-01-12 09:29:46,807 INFO: Finished MW computation (delta = ['64', '-232', '177', '7', '-16', '-8'], g = [-8, 29, -22, -1, 2, 1])
2022-01-12 09:29:46,809 INFO: Computing MW group (delta = ['1'], g = [-8, 29, -22, -1, 2, 1])...
2022-01-12 09:31:00,955 INFO: Finished MW computation (delta = ['1'], g = [-8, 29, -22, -1, 2, 1])
2022-01-12 09:31:00,958 INFO: Computing MW group (delta = ['-8', '28', '-22', '-1', '2', '1'], g = [-8, 29, -22, -1, 2, 1])...
2022-01-12 09:33:15,777 INFO: Finished MW computation (delta = ['-8', '28', '-22', '-1', '2', '1'], g = [-8, 29, -22, -1, 2, 1])
2022-01-12 09:33:15,781 INFO: Reducing MW generators...
2022-01-12 09:33:20,914 INFO: Finished reducing MW generators.
2022-01-12 09:33:20,916 INFO: Tasks complete. Recording data and exiting.
2022-01-14 09:10:29,465 INFO: Loaded curve data from file.
2022-01-14 09:10:29,466 INFO: Running elliptic Chabauty (delta = ['-8', '28', '-21', '-1', '2', '1'], g = [-8, 29, -22, -1, 2, 1])...
2022-01-14 09:10:46,327 INFO: Chabauty completed successfully (delta = ['-8', '28', '-21', '-1', '2', '1'], g = [-8, 29, -22, -1, 2, 1]).
2022-01-14 09:10:46,330 INFO: Skipped Chabauty because MW group hasn't been provably computed. (delta = ['64', '-232', '177', '7', '-16', '-8'], g = [-8, 29, -22, -1, 2, 1])
2022-01-14 09:10:46,330 INFO: Running elliptic Chabauty (delta = ['1'], g = [-8, 29, -22, -1, 2, 1])...
2022-01-14 09:11:04,383 INFO: Chabauty completed successfully (delta = ['1'], g = [-8, 29, -22, -1, 2, 1]).
2022-01-14 09:11:04,386 INFO: Running elliptic Chabauty (delta = ['-8', '28', '-22', '-1', '2', '1'], g = [-8, 29, -22, -1, 2, 1])...
2022-01-14 09:15:46,681 INFO: Chabauty completed successfully (delta = ['-8', '28', '-22', '-1', '2', '1'], g = [-8, 29, -22, -1, 2, 1]).
2022-01-14 09:15:46,804 INFO: Tasks complete. Recording data and exiting.
2022-02-12 17:00:12,660 INFO: Loaded curve data from file.
2022-02-12 17:00:12,660 INFO: Computing elliptic Chabauty map... (delta = ['-8', '28', '-21', '-1', '2', '1'], g = [-8, 29, -22, -1, 2, 1])
2022-02-12 17:00:29,683 INFO: Elliptic Chabauty map computed. (delta = ['-8', '28', '-21', '-1', '2', '1'], g = [-8, 29, -22, -1, 2, 1])
2022-02-12 17:00:29,686 INFO: Computing elliptic Chabauty map... (delta = ['64', '-232', '177', '7', '-16', '-8'], g = [-8, 29, -22, -1, 2, 1])
2022-02-12 17:00:46,646 INFO: Elliptic Chabauty map computed. (delta = ['64', '-232', '177', '7', '-16', '-8'], g = [-8, 29, -22, -1, 2, 1])
2022-02-12 17:00:46,649 INFO: Computing elliptic Chabauty map... (delta = ['1'], g = [-8, 29, -22, -1, 2, 1])
2022-02-12 17:01:03,452 INFO: Elliptic Chabauty map computed. (delta = ['1'], g = [-8, 29, -22, -1, 2, 1])
2022-02-12 17:01:03,456 INFO: Computing elliptic Chabauty map... (delta = ['-8', '28', '-22', '-1', '2', '1'], g = [-8, 29, -22, -1, 2, 1])
2022-02-12 17:01:20,430 INFO: Elliptic Chabauty map computed. (delta = ['-8', '28', '-22', '-1', '2', '1'], g = [-8, 29, -22, -1, 2, 1])
2022-02-12 17:01:20,435 INFO: Tasks complete. Recording data and exiting.
