2022-01-11 15:17:01,561 INFO: Initialized curve data.
2022-01-11 15:17:01,566 INFO: Setting up initial twist data...
2022-01-11 15:17:03,184 INFO: Twist setup complete.
2022-01-11 15:17:03,184 INFO: Searching for rational points on each twist...
2022-01-11 15:17:06,942 INFO: Finished searching for rational points on each twist.
2022-01-11 15:17:06,942 INFO: Testing local solvability of twists...
2022-01-11 15:17:47,999 INFO: Finished local solvability testing.
2022-01-11 15:17:48,001 INFO: Computing elliptic curve a-invariants...
2022-01-11 15:17:53,412 INFO: Finished computation of a-invariants.
2022-01-11 15:17:53,415 INFO: Skipped MW computation because no base point (delta = ['1/2', '3/2', '1'])
2022-01-11 15:17:53,415 INFO: Computing MW group (delta = ['-14', '-40', '-37', '-9', '3', '1'], g = [-2, -2, 1])...
2022-01-11 15:17:56,600 INFO: Finished MW computation (delta = ['-14', '-40', '-37', '-9', '3', '1'], g = [-2, -2, 1])
2022-01-11 15:17:56,603 INFO: Computing MW group (delta = ['-14', '-40', '-37', '-9', '3', '1'], g = [-8, -10, 0, 1])...
2022-01-11 15:18:05,208 INFO: Finished MW computation (delta = ['-14', '-40', '-37', '-9', '3', '1'], g = [-8, -10, 0, 1])
2022-01-11 15:18:05,212 INFO: Unable to use elliptic Chabauty on twist (delta = ['-14', '-40', '-37', '-9', '3', '1'])
2022-01-11 15:18:05,215 INFO: Obstruction found to provably computing rational points. Exiting.
2022-01-14 09:07:43,174 INFO: Loaded curve data from file.
2022-01-14 09:07:43,174 INFO: Obstruction already found. Exiting.
2022-02-12 17:40:35,427 INFO: Loaded curve data from file.
2022-02-12 17:40:35,428 INFO: Computing elliptic Chabauty map... (delta = ['-14', '-40', '-37', '-9', '3', '1'], g = [-2, -2, 1])
2022-02-12 17:40:41,636 INFO: Elliptic Chabauty map computed. (delta = ['-14', '-40', '-37', '-9', '3', '1'], g = [-2, -2, 1])
2022-02-12 17:40:41,640 INFO: Computing elliptic Chabauty map... (delta = ['-14', '-40', '-37', '-9', '3', '1'], g = [-8, -10, 0, 1])
2022-02-12 17:40:48,022 INFO: Elliptic Chabauty map computed. (delta = ['-14', '-40', '-37', '-9', '3', '1'], g = [-8, -10, 0, 1])
2022-02-12 17:40:48,025 INFO: Computing elliptic Chabauty map... (delta = ['1'], g = [-2, -2, 1])
2022-02-12 17:40:53,957 INFO: Elliptic Chabauty map computed. (delta = ['1'], g = [-2, -2, 1])
2022-02-12 17:40:53,959 INFO: Computing elliptic Chabauty map... (delta = ['1'], g = [-8, -10, 0, 1])
2022-02-12 17:41:00,275 INFO: Elliptic Chabauty map computed. (delta = ['1'], g = [-8, -10, 0, 1])
2022-02-12 17:41:00,278 INFO: Computing elliptic Chabauty map... (delta = ['39', '122', '237/2', '59/2', '-17/2', '-7/2'], g = [-2, -2, 1])
2022-02-12 17:41:06,237 INFO: Elliptic Chabauty map computed. (delta = ['39', '122', '237/2', '59/2', '-17/2', '-7/2'], g = [-2, -2, 1])
2022-02-12 17:41:06,240 INFO: Computing elliptic Chabauty map... (delta = ['39', '122', '237/2', '59/2', '-17/2', '-7/2'], g = [-8, -10, 0, 1])
2022-02-12 17:41:12,634 INFO: Elliptic Chabauty map computed. (delta = ['39', '122', '237/2', '59/2', '-17/2', '-7/2'], g = [-8, -10, 0, 1])
2022-02-12 17:41:12,638 INFO: Computing elliptic Chabauty map... (delta = ['-1', '-1'], g = [-2, -2, 1])
2022-02-12 17:41:18,550 INFO: Elliptic Chabauty map computed. (delta = ['-1', '-1'], g = [-2, -2, 1])
2022-02-12 17:41:18,555 INFO: Computing elliptic Chabauty map... (delta = ['-1', '-1'], g = [-8, -10, 0, 1])
2022-02-12 17:41:24,921 INFO: Elliptic Chabauty map computed. (delta = ['-1', '-1'], g = [-8, -10, 0, 1])
2022-02-12 17:41:24,925 INFO: Computing elliptic Chabauty map... (delta = ['14', '26', '11', '-2', '-1'], g = [-2, -2, 1])
2022-02-12 17:41:30,832 INFO: Elliptic Chabauty map computed. (delta = ['14', '26', '11', '-2', '-1'], g = [-2, -2, 1])
2022-02-12 17:41:30,837 INFO: Computing elliptic Chabauty map... (delta = ['14', '26', '11', '-2', '-1'], g = [-8, -10, 0, 1])
2022-02-12 17:41:37,183 INFO: Elliptic Chabauty map computed. (delta = ['14', '26', '11', '-2', '-1'], g = [-8, -10, 0, 1])
2022-02-12 17:41:37,188 INFO: Tasks complete. Recording data and exiting.
