2022-01-01 12:50:55,453 INFO: Initialized curve data.
2022-01-01 12:50:55,457 INFO: Setting up initial twist data...
2022-01-01 12:50:56,406 INFO: Twist setup complete.
2022-01-01 12:50:56,406 INFO: Searching for rational points on each twist...
2022-01-01 12:50:57,273 INFO: Finished searching for rational points on each twist.
2022-01-01 12:50:57,273 INFO: Testing local solvability of twists...
2022-01-01 12:51:12,513 INFO: Finished local solvability testing.
2022-01-01 12:51:12,515 INFO: Computing elliptic curve a-invariants...
2022-01-01 12:51:24,514 INFO: Finished computation of a-invariants.
2022-01-01 12:51:24,516 INFO: Computing MW group (delta = ['12', '12', '-12', '-6', '2', '1'], g = [10, 13, -12, -6, 2, 1])...
2022-01-01 12:51:52,129 INFO: Finished MW computation (delta = ['12', '12', '-12', '-6', '2', '1'], g = [10, 13, -12, -6, 2, 1])
2022-01-01 12:51:52,134 INFO: Computing MW group (delta = ['4', '16', '-10', '-7', '2', '1'], g = [10, 13, -12, -6, 2, 1])...
2022-01-01 12:52:39,535 INFO: Finished MW computation (delta = ['4', '16', '-10', '-7', '2', '1'], g = [10, 13, -12, -6, 2, 1])
2022-01-01 12:52:39,539 INFO: Computing MW group (delta = ['1'], g = [10, 13, -12, -6, 2, 1])...
2022-01-01 12:55:42,948 INFO: Finished MW computation (delta = ['1'], g = [10, 13, -12, -6, 2, 1])
2022-01-01 12:55:42,952 INFO: Skipped MW computation because no base point (delta = ['-3', '0', '1'])
2022-01-01 12:55:42,955 INFO: Reducing MW generators...
2022-01-01 12:55:46,223 INFO: Finished reducing MW generators.
2022-01-01 12:55:46,226 INFO: Running elliptic Chabauty (delta = ['12', '12', '-12', '-6', '2', '1'], g = [10, 13, -12, -6, 2, 1])...
2022-01-01 12:55:55,897 INFO: Chabauty completed successfully (delta = ['12', '12', '-12', '-6', '2', '1'], g = [10, 13, -12, -6, 2, 1]).
2022-01-01 12:55:55,900 INFO: Running elliptic Chabauty (delta = ['4', '16', '-10', '-7', '2', '1'], g = [10, 13, -12, -6, 2, 1])...
2022-01-01 12:56:15,014 INFO: Chabauty completed successfully (delta = ['4', '16', '-10', '-7', '2', '1'], g = [10, 13, -12, -6, 2, 1]).
2022-01-01 12:56:15,017 INFO: Running elliptic Chabauty (delta = ['1'], g = [10, 13, -12, -6, 2, 1])...
2022-01-01 12:57:16,882 INFO: Chabauty completed successfully (delta = ['1'], g = [10, 13, -12, -6, 2, 1]).
2022-01-01 12:57:16,886 INFO: Skipped Chabauty because no base point (delta = ['-3', '0', '1'])
2022-01-01 12:57:17,223 INFO: Rational points successfully computed.
2022-01-01 12:57:17,225 INFO: Tasks complete. Recording data and exiting.
2022-01-03 13:14:57,000 INFO: Obsolete "loc_solv_error" keys removed.
2022-01-03 13:14:57,000 INFO: Deleted results of Chabauty computation.
2022-01-10 22:39:11,623 INFO: Loaded curve data from file.
2022-01-10 22:39:11,624 INFO: Running elliptic Chabauty (delta = ['12', '12', '-12', '-6', '2', '1'], g = [10, 13, -12, -6, 2, 1])...
2022-01-10 22:39:24,572 INFO: Chabauty completed successfully (delta = ['12', '12', '-12', '-6', '2', '1'], g = [10, 13, -12, -6, 2, 1]).
2022-01-10 22:39:24,574 INFO: Running elliptic Chabauty (delta = ['4', '16', '-10', '-7', '2', '1'], g = [10, 13, -12, -6, 2, 1])...
2022-01-10 22:39:48,952 INFO: Chabauty completed successfully (delta = ['4', '16', '-10', '-7', '2', '1'], g = [10, 13, -12, -6, 2, 1]).
2022-01-10 22:39:48,953 INFO: Running elliptic Chabauty (delta = ['1'], g = [10, 13, -12, -6, 2, 1])...
2022-01-10 22:41:15,355 INFO: Chabauty completed successfully (delta = ['1'], g = [10, 13, -12, -6, 2, 1]).
2022-01-10 22:41:15,357 INFO: Skipped Chabauty because no base point (delta = ['-3', '0', '1'])
2022-01-10 22:41:15,608 INFO: Rational points successfully computed.
2022-01-10 22:41:15,610 INFO: Tasks complete. Recording data and exiting.
2022-02-12 17:55:35,120 INFO: Loaded curve data from file.
2022-02-12 17:55:35,120 INFO: Computing elliptic Chabauty map... (delta = ['12', '12', '-12', '-6', '2', '1'], g = [10, 13, -12, -6, 2, 1])
2022-02-12 17:55:44,082 INFO: Elliptic Chabauty map computed. (delta = ['12', '12', '-12', '-6', '2', '1'], g = [10, 13, -12, -6, 2, 1])
2022-02-12 17:55:44,084 INFO: Computing elliptic Chabauty map... (delta = ['4', '16', '-10', '-7', '2', '1'], g = [10, 13, -12, -6, 2, 1])
2022-02-12 17:55:52,712 INFO: Elliptic Chabauty map computed. (delta = ['4', '16', '-10', '-7', '2', '1'], g = [10, 13, -12, -6, 2, 1])
2022-02-12 17:55:52,714 INFO: Computing elliptic Chabauty map... (delta = ['1'], g = [10, 13, -12, -6, 2, 1])
2022-02-12 17:56:01,470 INFO: Elliptic Chabauty map computed. (delta = ['1'], g = [10, 13, -12, -6, 2, 1])
2022-02-12 17:56:01,473 INFO: Tasks complete. Recording data and exiting.
