2022-01-01 12:50:48,835 INFO: Initialized curve data.
2022-01-01 12:50:48,838 INFO: Setting up initial twist data...
2022-01-01 12:50:49,817 INFO: Twist setup complete.
2022-01-01 12:50:49,817 INFO: Searching for rational points on each twist...
2022-01-01 12:50:50,704 INFO: Finished searching for rational points on each twist.
2022-01-01 12:50:50,704 INFO: Testing local solvability of twists...
2022-01-01 12:50:50,709 INFO: Finished local solvability testing.
2022-01-01 12:50:50,710 INFO: Computing elliptic curve a-invariants...
2022-01-01 12:51:04,859 INFO: Finished computation of a-invariants.
2022-01-01 12:51:04,861 INFO: Computing MW group (delta = ['4', '-9', '-4', '5', '6', '1'], g = [4, -8, -4, 5, 6, 1])...
2022-01-01 12:51:46,087 INFO: Finished MW computation (delta = ['4', '-9', '-4', '5', '6', '1'], g = [4, -8, -4, 5, 6, 1])
2022-01-01 12:51:46,089 INFO: Obstruction found to provably computing rational points. Exiting.
2022-01-03 13:14:58,000 INFO: Obsolete "loc_solv_error" keys removed.
2022-01-10 22:39:07,433 INFO: Loaded curve data from file.
2022-01-10 22:39:07,433 INFO: Obstruction already found. Exiting.
2022-02-12 17:16:54,510 INFO: Loaded curve data from file.
2022-02-12 17:16:54,510 INFO: Computing elliptic Chabauty map... (delta = ['4', '-9', '-4', '5', '6', '1'], g = [4, -8, -4, 5, 6, 1])
2022-02-12 17:17:09,694 INFO: Elliptic Chabauty map computed. (delta = ['4', '-9', '-4', '5', '6', '1'], g = [4, -8, -4, 5, 6, 1])
2022-02-12 17:17:09,695 INFO: Computing elliptic Chabauty map... (delta = ['1', '-1'], g = [4, -8, -4, 5, 6, 1])
2022-02-12 17:17:24,780 INFO: Elliptic Chabauty map computed. (delta = ['1', '-1'], g = [4, -8, -4, 5, 6, 1])
2022-02-12 17:17:24,782 INFO: Computing elliptic Chabauty map... (delta = ['1'], g = [4, -8, -4, 5, 6, 1])
2022-02-12 17:17:39,702 INFO: Elliptic Chabauty map computed. (delta = ['1'], g = [4, -8, -4, 5, 6, 1])
2022-02-12 17:17:39,704 INFO: Computing elliptic Chabauty map... (delta = ['4', '-9', '-3', '5', '6', '1'], g = [4, -8, -4, 5, 6, 1])
2022-02-12 17:17:54,501 INFO: Elliptic Chabauty map computed. (delta = ['4', '-9', '-3', '5', '6', '1'], g = [4, -8, -4, 5, 6, 1])
2022-02-12 17:17:54,504 INFO: Tasks complete. Recording data and exiting.
