2022-01-12 12:16:55,619 INFO: Initialized curve data.
2022-01-12 12:16:55,624 INFO: Setting up initial twist data...
2022-01-12 12:16:56,894 INFO: Twist setup complete.
2022-01-12 12:16:56,894 INFO: Searching for rational points on each twist...
2022-01-12 12:16:59,351 INFO: Finished searching for rational points on each twist.
2022-01-12 12:16:59,352 INFO: Testing local solvability of twists...
2022-01-12 12:16:59,359 INFO: Finished local solvability testing.
2022-01-12 12:16:59,360 INFO: Computing elliptic curve a-invariants...
2022-01-12 12:17:09,135 INFO: Finished computation of a-invariants.
2022-01-12 12:17:09,137 INFO: Computing MW group (delta = ['-9', '3', '-3', '-9', '-1', '1'], g = [-8, 4, -3, -9, -1, 1])...
2022-01-12 12:22:29,448 INFO: Finished MW computation (delta = ['-9', '3', '-3', '-9', '-1', '1'], g = [-8, 4, -3, -9, -1, 1])
2022-01-12 12:22:29,451 INFO: Unable to use elliptic Chabauty on twist (delta = ['-9', '3', '-3', '-9', '-1', '1'])
2022-01-12 12:22:29,453 INFO: Obstruction found to provably computing rational points. Exiting.
2022-01-14 11:32:15,561 INFO: Loaded curve data from file.
2022-01-14 11:32:15,562 INFO: Obstruction already found. Exiting.
2022-02-12 16:57:16,273 INFO: Loaded curve data from file.
2022-02-12 16:57:16,273 INFO: Computing elliptic Chabauty map... (delta = ['-9', '3', '-3', '-9', '-1', '1'], g = [-8, 4, -3, -9, -1, 1])
2022-02-12 16:57:24,648 INFO: Elliptic Chabauty map computed. (delta = ['-9', '3', '-3', '-9', '-1', '1'], g = [-8, 4, -3, -9, -1, 1])
2022-02-12 16:57:24,651 INFO: Computing elliptic Chabauty map... (delta = ['1'], g = [-8, 4, -3, -9, -1, 1])
2022-02-12 16:57:32,808 INFO: Elliptic Chabauty map computed. (delta = ['1'], g = [-8, 4, -3, -9, -1, 1])
2022-02-12 16:57:32,811 INFO: Computing elliptic Chabauty map... (delta = ['10', '-1', '4', '9', '1', '-1'], g = [-8, 4, -3, -9, -1, 1])
2022-02-12 16:57:40,979 INFO: Elliptic Chabauty map computed. (delta = ['10', '-1', '4', '9', '1', '-1'], g = [-8, 4, -3, -9, -1, 1])
2022-02-12 16:57:40,982 INFO: Computing elliptic Chabauty map... (delta = ['-2', '-1'], g = [-8, 4, -3, -9, -1, 1])
2022-02-12 16:57:49,178 INFO: Elliptic Chabauty map computed. (delta = ['-2', '-1'], g = [-8, 4, -3, -9, -1, 1])
2022-02-12 16:57:49,181 INFO: Tasks complete. Recording data and exiting.
