2022-01-01 12:50:54,480 INFO: Initialized curve data.
2022-01-01 12:50:54,485 INFO: Setting up initial twist data...
2022-01-01 12:50:55,500 INFO: Twist setup complete.
2022-01-01 12:50:55,500 INFO: Searching for rational points on each twist...
2022-01-01 12:50:56,345 INFO: Finished searching for rational points on each twist.
2022-01-01 12:50:56,345 INFO: Testing local solvability of twists...
2022-01-01 12:50:59,577 INFO: Finished local solvability testing.
2022-01-01 12:50:59,578 INFO: Computing elliptic curve a-invariants...
2022-01-01 12:51:13,438 INFO: Finished computation of a-invariants.
2022-01-01 12:51:13,439 INFO: Skipped MW computation because no base point (delta = ['1', '0', '1'])
2022-01-01 12:51:13,439 INFO: Computing MW group (delta = ['-1', '0', '0', '0', '1'], g = [1, 1, -2, -1, 1, 1])...
2022-01-01 12:51:54,505 INFO: Finished MW computation (delta = ['-1', '0', '0', '0', '1'], g = [1, 1, -2, -1, 1, 1])
2022-01-01 12:51:54,510 INFO: Computing MW group (delta = ['-1', '0', '1'], g = [1, 1, -2, -1, 1, 1])...
2022-01-01 12:53:42,703 INFO: Finished MW computation (delta = ['-1', '0', '1'], g = [1, 1, -2, -1, 1, 1])
2022-01-01 12:53:42,707 INFO: Computing MW group (delta = ['1'], g = [1, 1, -2, -1, 1, 1])...
2022-01-01 12:55:19,784 INFO: Finished MW computation (delta = ['1'], g = [1, 1, -2, -1, 1, 1])
2022-01-01 12:55:19,792 INFO: Reducing MW generators...
2022-01-01 12:55:23,655 INFO: Finished reducing MW generators.
2022-01-01 12:55:23,658 INFO: Skipped Chabauty because no base point (delta = ['1', '0', '1'])
2022-01-01 12:55:23,658 INFO: Running elliptic Chabauty (delta = ['-1', '0', '0', '0', '1'], g = [1, 1, -2, -1, 1, 1])...
2022-01-01 12:55:37,933 INFO: Chabauty completed successfully (delta = ['-1', '0', '0', '0', '1'], g = [1, 1, -2, -1, 1, 1]).
2022-01-01 12:55:37,937 INFO: Running elliptic Chabauty (delta = ['-1', '0', '1'], g = [1, 1, -2, -1, 1, 1])...
2022-01-01 12:55:53,889 INFO: Chabauty completed successfully (delta = ['-1', '0', '1'], g = [1, 1, -2, -1, 1, 1]).
2022-01-01 12:55:53,893 INFO: Running elliptic Chabauty (delta = ['1'], g = [1, 1, -2, -1, 1, 1])...
2022-01-01 12:56:43,154 INFO: Chabauty completed successfully (delta = ['1'], g = [1, 1, -2, -1, 1, 1]).
2022-01-01 12:56:43,407 INFO: Rational points successfully computed.
2022-01-01 12:56:43,411 INFO: Tasks complete. Recording data and exiting.
2022-01-03 13:14:57,000 INFO: Obsolete "loc_solv_error" keys removed.
2022-01-03 13:14:57,000 INFO: Deleted results of Chabauty computation.
2022-01-10 22:39:10,892 INFO: Loaded curve data from file.
2022-01-10 22:39:10,892 INFO: Skipped Chabauty because no base point (delta = ['1', '0', '1'])
2022-01-10 22:39:10,893 INFO: Running elliptic Chabauty (delta = ['-1', '0', '0', '0', '1'], g = [1, 1, -2, -1, 1, 1])...
2022-01-10 22:39:27,386 INFO: Chabauty completed successfully (delta = ['-1', '0', '0', '0', '1'], g = [1, 1, -2, -1, 1, 1]).
2022-01-10 22:39:27,389 INFO: Running elliptic Chabauty (delta = ['-1', '0', '1'], g = [1, 1, -2, -1, 1, 1])...
2022-01-10 22:39:45,418 INFO: Chabauty completed successfully (delta = ['-1', '0', '1'], g = [1, 1, -2, -1, 1, 1]).
2022-01-10 22:39:45,420 INFO: Running elliptic Chabauty (delta = ['1'], g = [1, 1, -2, -1, 1, 1])...
2022-01-10 22:40:38,541 INFO: Chabauty completed successfully (delta = ['1'], g = [1, 1, -2, -1, 1, 1]).
2022-01-10 22:40:38,753 INFO: Rational points successfully computed.
2022-01-10 22:40:38,754 INFO: Tasks complete. Recording data and exiting.
2022-02-12 17:37:20,618 INFO: Loaded curve data from file.
2022-02-12 17:37:20,619 INFO: Computing elliptic Chabauty map... (delta = ['-1', '0', '0', '0', '1'], g = [1, 1, -2, -1, 1, 1])
2022-02-12 17:37:36,825 INFO: Elliptic Chabauty map computed. (delta = ['-1', '0', '0', '0', '1'], g = [1, 1, -2, -1, 1, 1])
2022-02-12 17:37:36,828 INFO: Computing elliptic Chabauty map... (delta = ['-1', '0', '1'], g = [1, 1, -2, -1, 1, 1])
2022-02-12 17:37:52,774 INFO: Elliptic Chabauty map computed. (delta = ['-1', '0', '1'], g = [1, 1, -2, -1, 1, 1])
2022-02-12 17:37:52,777 INFO: Computing elliptic Chabauty map... (delta = ['1'], g = [1, 1, -2, -1, 1, 1])
2022-02-12 17:38:08,699 INFO: Elliptic Chabauty map computed. (delta = ['1'], g = [1, 1, -2, -1, 1, 1])
2022-02-12 17:38:08,703 INFO: Tasks complete. Recording data and exiting.
