2022-02-01 12:30:33,926 INFO: Initialized curve data.
2022-02-01 12:30:33,938 INFO: Setting up initial twist data...
2022-02-01 12:30:35,482 INFO: Twist setup complete.
2022-02-01 12:30:35,482 INFO: Searching for rational points on each twist...
2022-02-01 12:30:37,336 INFO: Finished searching for rational points on each twist.
2022-02-01 12:30:37,336 INFO: Testing local solvability of twists...
2022-02-01 12:30:50,697 INFO: Finished local solvability testing.
2022-02-01 12:30:50,698 INFO: Computing elliptic curve a-invariants...
2022-02-01 12:30:59,039 INFO: Finished computation of a-invariants.
2022-02-01 12:30:59,040 INFO: Skipped MW computation because no base point (delta = ['1', '-1', '1'])
2022-02-01 12:30:59,040 INFO: Computing MW group (delta = ['1'], g = [4, -7, -4, 12, -12, 4])...
2022-02-02 04:48:12,382 INFO: Loaded curve data from file.
2022-02-02 04:48:12,382 INFO: Reducing MW generators...
2022-02-02 04:48:12,382 INFO: Finished reducing MW generators.
2022-02-02 04:48:12,385 INFO: Skipped Chabauty because no base point (delta = ['1', '-1', '1'])
2022-02-02 04:48:12,385 INFO: Skipped Chabauty because MW generators haven't been computed. (delta = ['1'], g = [4, -7, -4, 12, -12, 4])
2022-02-02 04:48:12,385 INFO: Skipped Chabauty because no base point (delta = ['4', '-8', '-3', '11', '-12', '4'])
2022-02-02 04:48:12,385 INFO: Skipped Chabauty because MW generators haven't been computed. (delta = ['4', '-8', '-4', '12', '-12', '4'], g = [4, -7, -4, 12, -12, 4])
2022-02-02 04:48:12,462 INFO: Tasks complete. Recording data and exiting.
2022-02-12 16:59:44,014 INFO: Loaded curve data from file.
2022-02-12 16:59:44,015 INFO: Computing elliptic Chabauty map... (delta = ['1'], g = [4, -7, -4, 12, -12, 4])
2022-02-12 17:00:00,912 INFO: Elliptic Chabauty map computed. (delta = ['1'], g = [4, -7, -4, 12, -12, 4])
2022-02-12 17:00:00,915 INFO: Computing elliptic Chabauty map... (delta = ['4', '-8', '-4', '12', '-12', '4'], g = [4, -7, -4, 12, -12, 4])
2022-02-12 17:00:17,707 INFO: Elliptic Chabauty map computed. (delta = ['4', '-8', '-4', '12', '-12', '4'], g = [4, -7, -4, 12, -12, 4])
2022-02-12 17:00:17,710 INFO: Tasks complete. Recording data and exiting.
