2022-01-11 15:10:12,560 INFO: Initialized curve data.
2022-01-11 15:10:12,564 INFO: Setting up initial twist data...
2022-01-11 15:10:13,551 INFO: Twist setup complete.
2022-01-11 15:10:13,551 INFO: Searching for rational points on each twist...
2022-01-11 15:10:14,805 INFO: Finished searching for rational points on each twist.
2022-01-11 15:10:14,805 INFO: Testing local solvability of twists...
2022-01-11 15:10:16,298 INFO: Finished local solvability testing.
2022-01-11 15:10:16,300 INFO: Computing elliptic curve a-invariants...
2022-01-11 15:10:26,999 INFO: Finished computation of a-invariants.
2022-01-11 15:10:27,001 INFO: Computing MW group (delta = ['4', '-25', '36', '0', '-4', '1'], g = [4, -24, 36, 0, -4, 1])...
2022-01-14 09:07:22,481 INFO: Loaded curve data from file.
2022-01-14 09:07:22,481 INFO: Reducing MW generators...
2022-01-14 09:07:22,481 INFO: Finished reducing MW generators.
2022-01-14 09:07:22,501 INFO: Skipped Chabauty because MW generators haven't been computed. (delta = ['4', '-25', '36', '0', '-4', '1'], g = [4, -24, 36, 0, -4, 1])
2022-01-14 09:07:22,501 INFO: Skipped Chabauty because MW generators haven't been computed. (delta = ['1'], g = [4, -24, 36, 0, -4, 1])
2022-01-14 09:07:22,501 INFO: Skipped Chabauty because MW generators haven't been computed. (delta = ['2', '-25/2', '19', '0', '-2', '1/2'], g = [4, -24, 36, 0, -4, 1])
2022-01-14 09:07:22,501 INFO: Skipped Chabauty because no base point (delta = ['1/2', '-1'])
2022-01-14 09:07:22,550 INFO: Tasks complete. Recording data and exiting.
2022-02-12 17:09:36,234 INFO: Loaded curve data from file.
2022-02-12 17:09:36,235 INFO: Computing elliptic Chabauty map... (delta = ['4', '-25', '36', '0', '-4', '1'], g = [4, -24, 36, 0, -4, 1])
2022-02-12 17:09:48,799 INFO: Elliptic Chabauty map computed. (delta = ['4', '-25', '36', '0', '-4', '1'], g = [4, -24, 36, 0, -4, 1])
2022-02-12 17:09:48,802 INFO: Computing elliptic Chabauty map... (delta = ['1'], g = [4, -24, 36, 0, -4, 1])
2022-02-12 17:10:01,534 INFO: Elliptic Chabauty map computed. (delta = ['1'], g = [4, -24, 36, 0, -4, 1])
2022-02-12 17:10:01,536 INFO: Computing elliptic Chabauty map... (delta = ['2', '-25/2', '19', '0', '-2', '1/2'], g = [4, -24, 36, 0, -4, 1])
2022-02-12 17:10:14,324 INFO: Elliptic Chabauty map computed. (delta = ['2', '-25/2', '19', '0', '-2', '1/2'], g = [4, -24, 36, 0, -4, 1])
2022-02-12 17:10:14,327 INFO: Tasks complete. Recording data and exiting.
