2022-01-14 12:17:17,775 INFO: Initialized curve data.
2022-01-14 12:17:17,778 INFO: Setting up initial twist data...
2022-01-14 12:17:19,003 INFO: Twist setup complete.
2022-01-14 12:17:19,004 INFO: Searching for rational points on each twist...
2022-01-14 12:17:20,599 INFO: Finished searching for rational points on each twist.
2022-01-14 12:17:20,600 INFO: Testing local solvability of twists...
2022-01-14 12:17:21,329 INFO: Finished local solvability testing.
2022-01-14 12:17:21,331 INFO: Computing elliptic curve a-invariants...
2022-01-14 12:17:28,109 INFO: Finished computation of a-invariants.
2022-01-14 12:17:28,110 INFO: Computing MW group (delta = ['4', '-1', '4', '-11', '0', '4'], g = [4, 0, 4, -11, 0, 4])...
2022-01-14 15:52:23,294 INFO: Loaded curve data from file.
2022-01-14 15:52:23,294 INFO: Reducing MW generators...
2022-01-14 15:52:23,294 INFO: Finished reducing MW generators.
2022-01-14 15:52:23,358 INFO: Skipped Chabauty because MW generators haven't been computed. (delta = ['4', '-1', '4', '-11', '0', '4'], g = [4, 0, 4, -11, 0, 4])
2022-01-14 15:52:23,359 INFO: Skipped Chabauty because MW generators haven't been computed. (delta = ['1'], g = [4, 0, 4, -11, 0, 4])
2022-01-14 15:52:23,359 INFO: Skipped Chabauty because no base point (delta = ['16', '0', '17', '-45', '0', '16'])
2022-01-14 15:52:23,359 INFO: Skipped Chabauty because MW generators haven't been computed. (delta = ['4', '-1', '5', '-11', '0', '4'], g = [4, 0, 4, -11, 0, 4])
2022-01-14 15:52:23,567 INFO: Tasks complete. Recording data and exiting.
2022-02-12 17:01:26,154 INFO: Loaded curve data from file.
2022-02-12 17:01:26,155 INFO: Computing elliptic Chabauty map... (delta = ['4', '-1', '4', '-11', '0', '4'], g = [4, 0, 4, -11, 0, 4])
2022-02-12 17:01:33,093 INFO: Elliptic Chabauty map computed. (delta = ['4', '-1', '4', '-11', '0', '4'], g = [4, 0, 4, -11, 0, 4])
2022-02-12 17:01:33,096 INFO: Computing elliptic Chabauty map... (delta = ['1'], g = [4, 0, 4, -11, 0, 4])
2022-02-12 17:01:39,692 INFO: Elliptic Chabauty map computed. (delta = ['1'], g = [4, 0, 4, -11, 0, 4])
2022-02-12 17:01:39,694 INFO: Computing elliptic Chabauty map... (delta = ['4', '-1', '5', '-11', '0', '4'], g = [4, 0, 4, -11, 0, 4])
2022-02-12 17:01:46,315 INFO: Elliptic Chabauty map computed. (delta = ['4', '-1', '5', '-11', '0', '4'], g = [4, 0, 4, -11, 0, 4])
2022-02-12 17:01:46,317 INFO: Tasks complete. Recording data and exiting.
