2022-01-11 12:29:18,687 INFO: Initialized curve data.
2022-01-11 12:29:18,690 INFO: Setting up initial twist data...
2022-01-11 12:29:19,716 INFO: Twist setup complete.
2022-01-11 12:29:19,717 INFO: Searching for rational points on each twist...
2022-01-11 12:29:21,082 INFO: Finished searching for rational points on each twist.
2022-01-11 12:29:21,082 INFO: Testing local solvability of twists...
2022-01-11 12:29:21,086 INFO: Finished local solvability testing.
2022-01-11 12:29:21,087 INFO: Computing elliptic curve a-invariants...
2022-01-11 12:29:27,342 INFO: Finished computation of a-invariants.
2022-01-11 12:29:27,344 INFO: Computing MW group (delta = ['16', '20', '25', '-37', '8', '4'], g = [4, 5, 6, -9, 2, 1])...
2022-01-11 13:52:48,024 INFO: Finished MW computation (delta = ['16', '20', '25', '-37', '8', '4'], g = [4, 5, 6, -9, 2, 1])
2022-01-11 13:52:48,029 INFO: Computing MW group (delta = ['4', '4', '7', '-9', '2', '1'], g = [4, 5, 6, -9, 2, 1])...
2022-01-13 17:36:40,702 INFO: Loaded curve data from file.
2022-01-13 17:36:40,703 INFO: Reducing MW generators...
2022-01-13 17:36:41,494 INFO: Finished reducing MW generators.
2022-01-13 17:36:41,496 INFO: Running elliptic Chabauty (delta = ['16', '20', '25', '-37', '8', '4'], g = [4, 5, 6, -9, 2, 1])...
2022-02-12 17:33:49,233 INFO: Loaded curve data from file.
2022-02-12 17:33:49,233 INFO: Computing elliptic Chabauty map... (delta = ['16', '20', '25', '-37', '8', '4'], g = [4, 5, 6, -9, 2, 1])
2022-02-12 17:34:02,897 INFO: Elliptic Chabauty map computed. (delta = ['16', '20', '25', '-37', '8', '4'], g = [4, 5, 6, -9, 2, 1])
2022-02-12 17:34:02,900 INFO: Computing elliptic Chabauty map... (delta = ['4', '4', '7', '-9', '2', '1'], g = [4, 5, 6, -9, 2, 1])
2022-02-12 17:34:16,232 INFO: Elliptic Chabauty map computed. (delta = ['4', '4', '7', '-9', '2', '1'], g = [4, 5, 6, -9, 2, 1])
2022-02-12 17:34:16,234 INFO: Computing elliptic Chabauty map... (delta = ['1'], g = [4, 5, 6, -9, 2, 1])
2022-02-12 17:34:29,502 INFO: Elliptic Chabauty map computed. (delta = ['1'], g = [4, 5, 6, -9, 2, 1])
2022-02-12 17:34:29,504 INFO: Computing elliptic Chabauty map... (delta = ['4', '4', '6', '-9', '2', '1'], g = [4, 5, 6, -9, 2, 1])
2022-02-12 17:34:42,910 INFO: Elliptic Chabauty map computed. (delta = ['4', '4', '6', '-9', '2', '1'], g = [4, 5, 6, -9, 2, 1])
2022-02-12 17:34:42,913 INFO: Tasks complete. Recording data and exiting.
