2022-01-11 15:28:20,789 INFO: Initialized curve data.
2022-01-11 15:28:20,793 INFO: Setting up initial twist data...
2022-01-11 15:28:21,976 INFO: Twist setup complete.
2022-01-11 15:28:21,976 INFO: Searching for rational points on each twist...
2022-01-11 15:28:23,980 INFO: Finished searching for rational points on each twist.
2022-01-11 15:28:23,980 INFO: Testing local solvability of twists...
2022-01-11 15:28:28,253 INFO: Finished local solvability testing.
2022-01-11 15:28:28,254 INFO: Computing elliptic curve a-invariants...
2022-01-11 15:28:50,543 INFO: Finished computation of a-invariants.
2022-01-11 15:28:50,544 INFO: Skipped MW computation because no base point (delta = ['-2', '-1', '1'])
2022-01-11 15:28:50,544 INFO: Computing MW group (delta = ['-1', '-1', '1'], g = [8, 24, 4, -20, -4, 5])...
2022-01-11 15:31:35,211 INFO: Finished MW computation (delta = ['-1', '-1', '1'], g = [8, 24, 4, -20, -4, 5])
2022-01-11 15:31:35,214 INFO: Computing MW group (delta = ['1'], g = [8, 24, 4, -20, -4, 5])...
2022-01-11 15:35:43,917 INFO: Finished MW computation (delta = ['1'], g = [8, 24, 4, -20, -4, 5])
2022-01-11 15:35:43,919 INFO: Computing MW group (delta = ['2', '3', '-2', '-2', '1'], g = [8, 24, 4, -20, -4, 5])...
2022-01-11 15:38:25,482 INFO: Finished MW computation (delta = ['2', '3', '-2', '-2', '1'], g = [8, 24, 4, -20, -4, 5])
2022-01-11 15:38:25,486 INFO: Reducing MW generators...
2022-01-11 15:38:30,441 INFO: Finished reducing MW generators.
2022-01-11 15:38:30,443 INFO: Tasks complete. Recording data and exiting.
2022-01-14 09:08:07,851 INFO: Loaded curve data from file.
2022-01-14 09:08:07,851 INFO: Skipped Chabauty because no base point (delta = ['-2', '-1', '1'])
2022-01-14 09:08:07,851 INFO: Running elliptic Chabauty (delta = ['-1', '-1', '1'], g = [8, 24, 4, -20, -4, 5])...
2022-01-14 09:09:53,630 INFO: Chabauty completed successfully (delta = ['-1', '-1', '1'], g = [8, 24, 4, -20, -4, 5]).
2022-01-14 09:09:53,634 INFO: Running elliptic Chabauty (delta = ['1'], g = [8, 24, 4, -20, -4, 5])...
2022-01-14 09:10:09,865 INFO: Chabauty completed successfully (delta = ['1'], g = [8, 24, 4, -20, -4, 5]).
2022-01-14 09:10:09,868 INFO: Running elliptic Chabauty (delta = ['2', '3', '-2', '-2', '1'], g = [8, 24, 4, -20, -4, 5])...
2022-01-14 09:10:38,821 INFO: Chabauty completed successfully (delta = ['2', '3', '-2', '-2', '1'], g = [8, 24, 4, -20, -4, 5]).
2022-01-14 09:10:39,047 INFO: Rational points successfully computed.
2022-01-14 09:10:39,052 INFO: Tasks complete. Recording data and exiting.
2022-02-12 17:06:29,091 INFO: Loaded curve data from file.
2022-02-12 17:06:29,091 INFO: Computing elliptic Chabauty map... (delta = ['-1', '-1', '1'], g = [8, 24, 4, -20, -4, 5])
2022-02-12 17:06:48,877 INFO: Elliptic Chabauty map computed. (delta = ['-1', '-1', '1'], g = [8, 24, 4, -20, -4, 5])
2022-02-12 17:06:48,880 INFO: Computing elliptic Chabauty map... (delta = ['1'], g = [8, 24, 4, -20, -4, 5])
2022-02-12 17:07:08,861 INFO: Elliptic Chabauty map computed. (delta = ['1'], g = [8, 24, 4, -20, -4, 5])
2022-02-12 17:07:08,864 INFO: Computing elliptic Chabauty map... (delta = ['2', '3', '-2', '-2', '1'], g = [8, 24, 4, -20, -4, 5])
2022-02-12 17:07:27,754 INFO: Elliptic Chabauty map computed. (delta = ['2', '3', '-2', '-2', '1'], g = [8, 24, 4, -20, -4, 5])
2022-02-12 17:07:27,757 INFO: Tasks complete. Recording data and exiting.
