2022-01-11 12:29:19,583 INFO: Initialized curve data.
2022-01-11 12:29:19,587 INFO: Setting up initial twist data...
2022-01-11 12:29:20,673 INFO: Twist setup complete.
2022-01-11 12:29:20,673 INFO: Searching for rational points on each twist...
2022-01-11 12:29:22,229 INFO: Finished searching for rational points on each twist.
2022-01-11 12:29:22,229 INFO: Testing local solvability of twists...
2022-01-11 12:29:22,234 INFO: Finished local solvability testing.
2022-01-11 12:29:22,235 INFO: Computing elliptic curve a-invariants...
2022-01-11 12:29:29,681 INFO: Finished computation of a-invariants.
2022-01-11 12:29:29,683 INFO: Computing MW group (delta = ['-4', '4', '15', '-3', '-18', '-9'], g = [4, -3, -14, 3, 18, 9])...
2022-01-11 12:31:06,071 INFO: Finished MW computation (delta = ['-4', '4', '15', '-3', '-18', '-9'], g = [4, -3, -14, 3, 18, 9])
2022-01-11 12:31:06,074 INFO: Computing MW group (delta = ['-1', '-1'], g = [4, -3, -14, 3, 18, 9])...
2022-01-11 12:32:41,987 INFO: Finished MW computation (delta = ['-1', '-1'], g = [4, -3, -14, 3, 18, 9])
2022-01-11 12:32:41,989 INFO: Computing MW group (delta = ['1'], g = [4, -3, -14, 3, 18, 9])...
2022-01-13 17:36:41,740 INFO: Loaded curve data from file.
2022-01-13 17:36:41,741 INFO: Reducing MW generators...
2022-01-13 17:36:42,326 INFO: Finished reducing MW generators.
2022-01-13 17:36:42,328 INFO: Running elliptic Chabauty (delta = ['-4', '4', '15', '-3', '-18', '-9'], g = [4, -3, -14, 3, 18, 9])...
2022-01-13 17:37:56,510 INFO: Chabauty completed successfully (delta = ['-4', '4', '15', '-3', '-18', '-9'], g = [4, -3, -14, 3, 18, 9]).
2022-01-13 17:37:56,513 INFO: Skipped Chabauty because MW group hasn't been provably computed. (delta = ['-1', '-1'], g = [4, -3, -14, 3, 18, 9])
2022-01-13 17:37:56,513 INFO: Skipped Chabauty because MW generators haven't been computed. (delta = ['1'], g = [4, -3, -14, 3, 18, 9])
2022-01-13 17:37:56,513 INFO: Skipped Chabauty because MW generators haven't been computed. (delta = ['4', '-4', '-14', '3', '18', '9'], g = [4, -3, -14, 3, 18, 9])
2022-01-13 17:37:56,559 INFO: Tasks complete. Recording data and exiting.
2022-02-12 16:39:56,800 INFO: Loaded curve data from file.
2022-02-12 16:39:56,801 INFO: Computing elliptic Chabauty map... (delta = ['-4', '4', '15', '-3', '-18', '-9'], g = [4, -3, -14, 3, 18, 9])
2022-02-12 16:40:10,167 INFO: Elliptic Chabauty map computed. (delta = ['-4', '4', '15', '-3', '-18', '-9'], g = [4, -3, -14, 3, 18, 9])
2022-02-12 16:40:10,171 INFO: Computing elliptic Chabauty map... (delta = ['-1', '-1'], g = [4, -3, -14, 3, 18, 9])
2022-02-12 16:40:23,421 INFO: Elliptic Chabauty map computed. (delta = ['-1', '-1'], g = [4, -3, -14, 3, 18, 9])
2022-02-12 16:40:23,423 INFO: Computing elliptic Chabauty map... (delta = ['1'], g = [4, -3, -14, 3, 18, 9])
2022-02-12 16:40:36,834 INFO: Elliptic Chabauty map computed. (delta = ['1'], g = [4, -3, -14, 3, 18, 9])
2022-02-12 16:40:36,837 INFO: Computing elliptic Chabauty map... (delta = ['4', '-4', '-14', '3', '18', '9'], g = [4, -3, -14, 3, 18, 9])
2022-02-12 16:40:50,280 INFO: Elliptic Chabauty map computed. (delta = ['4', '-4', '-14', '3', '18', '9'], g = [4, -3, -14, 3, 18, 9])
2022-02-12 16:40:50,283 INFO: Tasks complete. Recording data and exiting.
