2022-01-13 21:55:02,860 INFO: Initialized curve data.
2022-01-13 21:55:02,862 INFO: Setting up initial twist data...
2022-01-13 21:55:04,149 INFO: Twist setup complete.
2022-01-13 21:55:04,149 INFO: Searching for rational points on each twist...
2022-01-13 21:55:06,709 INFO: Finished searching for rational points on each twist.
2022-01-13 21:55:06,710 INFO: Testing local solvability of twists...
2022-01-13 21:55:06,720 INFO: Finished local solvability testing.
2022-01-13 21:55:06,722 INFO: Computing elliptic curve a-invariants...
2022-01-13 21:55:16,714 INFO: Finished computation of a-invariants.
2022-01-13 21:55:16,716 INFO: Computing MW group (delta = ['16', '3', '-11', '-8', '-3', '-1'], g = [-16, -4, 12, 8, 3, 1])...
2022-01-14 11:35:28,840 INFO: Loaded curve data from file.
2022-01-14 11:35:28,841 INFO: Reducing MW generators...
2022-01-14 11:35:28,841 INFO: Finished reducing MW generators.
2022-01-14 11:35:28,843 INFO: Skipped Chabauty because MW generators haven't been computed. (delta = ['16', '3', '-11', '-8', '-3', '-1'], g = [-16, -4, 12, 8, 3, 1])
2022-01-14 11:35:28,843 INFO: Skipped Chabauty because MW generators haven't been computed. (delta = ['64', '15', '-46', '-33', '-12', '-4'], g = [-16, -4, 12, 8, 3, 1])
2022-01-14 11:35:28,843 INFO: Skipped Chabauty because MW generators haven't been computed. (delta = ['1'], g = [-16, -4, 12, 8, 3, 1])
2022-01-14 11:35:28,843 INFO: Skipped Chabauty because MW generators haven't been computed. (delta = ['-15', '-5', '12', '8', '3', '1'], g = [-16, -4, 12, 8, 3, 1])
2022-01-14 11:35:28,845 INFO: Tasks complete. Recording data and exiting.
2022-02-12 17:22:33,585 INFO: Loaded curve data from file.
2022-02-12 17:22:33,585 INFO: Computing elliptic Chabauty map... (delta = ['16', '3', '-11', '-8', '-3', '-1'], g = [-16, -4, 12, 8, 3, 1])
2022-02-12 17:22:47,673 INFO: Elliptic Chabauty map computed. (delta = ['16', '3', '-11', '-8', '-3', '-1'], g = [-16, -4, 12, 8, 3, 1])
2022-02-12 17:22:47,676 INFO: Computing elliptic Chabauty map... (delta = ['64', '15', '-46', '-33', '-12', '-4'], g = [-16, -4, 12, 8, 3, 1])
2022-02-12 17:23:01,608 INFO: Elliptic Chabauty map computed. (delta = ['64', '15', '-46', '-33', '-12', '-4'], g = [-16, -4, 12, 8, 3, 1])
2022-02-12 17:23:01,610 INFO: Computing elliptic Chabauty map... (delta = ['1'], g = [-16, -4, 12, 8, 3, 1])
2022-02-12 17:23:15,423 INFO: Elliptic Chabauty map computed. (delta = ['1'], g = [-16, -4, 12, 8, 3, 1])
2022-02-12 17:23:15,426 INFO: Computing elliptic Chabauty map... (delta = ['-15', '-5', '12', '8', '3', '1'], g = [-16, -4, 12, 8, 3, 1])
2022-02-12 17:23:29,303 INFO: Elliptic Chabauty map computed. (delta = ['-15', '-5', '12', '8', '3', '1'], g = [-16, -4, 12, 8, 3, 1])
2022-02-12 17:23:29,306 INFO: Tasks complete. Recording data and exiting.
