2022-02-01 12:33:52,893 INFO: Initialized curve data.
2022-02-01 12:33:52,898 INFO: Setting up initial twist data...
2022-02-01 12:33:53,881 INFO: Twist setup complete.
2022-02-01 12:33:53,881 INFO: Searching for rational points on each twist...
2022-02-01 12:33:55,661 INFO: Finished searching for rational points on each twist.
2022-02-01 12:33:55,662 INFO: Testing local solvability of twists...
2022-02-01 12:33:55,668 INFO: Finished local solvability testing.
2022-02-01 12:33:55,669 INFO: Computing elliptic curve a-invariants...
2022-02-01 12:34:12,040 INFO: Finished computation of a-invariants.
2022-02-01 12:34:12,042 INFO: Computing MW group (delta = ['4', '4', '-5', '1', '1', '-4'], g = [-4, -5, 4, 0, 0, 4])...
2022-02-01 12:38:32,407 INFO: Finished MW computation (delta = ['4', '4', '-5', '1', '1', '-4'], g = [-4, -5, 4, 0, 0, 4])
2022-02-01 12:38:32,411 INFO: Computing MW group (delta = ['-1', '0', '1'], g = [-4, -5, 4, 0, 0, 4])...
2022-02-01 12:40:10,569 INFO: Finished MW computation (delta = ['-1', '0', '1'], g = [-4, -5, 4, 0, 0, 4])
2022-02-01 12:40:10,571 INFO: Computing MW group (delta = ['-4', '-4', '5', '0', '0', '4'], g = [-4, -5, 4, 0, 0, 4])...
2022-02-01 12:42:08,736 INFO: Finished MW computation (delta = ['-4', '-4', '5', '0', '0', '4'], g = [-4, -5, 4, 0, 0, 4])
2022-02-01 12:42:08,738 INFO: Computing MW group (delta = ['1'], g = [-4, -5, 4, 0, 0, 4])...
2022-02-01 12:43:57,748 INFO: Finished MW computation (delta = ['1'], g = [-4, -5, 4, 0, 0, 4])
2022-02-01 12:43:57,753 INFO: Reducing MW generators...
2022-02-01 12:44:01,228 INFO: Finished reducing MW generators.
2022-02-01 12:44:01,231 INFO: Tasks complete. Recording data and exiting.
2022-02-02 04:48:18,144 INFO: Loaded curve data from file.
2022-02-02 04:48:18,145 INFO: Running elliptic Chabauty (delta = ['4', '4', '-5', '1', '1', '-4'], g = [-4, -5, 4, 0, 0, 4])...
2022-02-02 04:53:12,763 INFO: Chabauty completed successfully (delta = ['4', '4', '-5', '1', '1', '-4'], g = [-4, -5, 4, 0, 0, 4]).
2022-02-02 04:53:12,766 INFO: Skipped Chabauty because MW group hasn't been provably computed. (delta = ['-1', '0', '1'], g = [-4, -5, 4, 0, 0, 4])
2022-02-02 04:53:12,766 INFO: Skipped Chabauty because MW group hasn't been provably computed. (delta = ['-4', '-4', '5', '0', '0', '4'], g = [-4, -5, 4, 0, 0, 4])
2022-02-02 04:53:12,766 INFO: Skipped Chabauty because MW group hasn't been provably computed. (delta = ['1'], g = [-4, -5, 4, 0, 0, 4])
2022-02-02 04:53:12,807 INFO: Tasks complete. Recording data and exiting.
2022-02-12 16:47:40,501 INFO: Loaded curve data from file.
2022-02-12 16:47:40,501 INFO: Computing elliptic Chabauty map... (delta = ['4', '4', '-5', '1', '1', '-4'], g = [-4, -5, 4, 0, 0, 4])
2022-02-12 16:47:49,075 INFO: Elliptic Chabauty map computed. (delta = ['4', '4', '-5', '1', '1', '-4'], g = [-4, -5, 4, 0, 0, 4])
2022-02-12 16:47:49,103 INFO: Computing elliptic Chabauty map... (delta = ['-1', '0', '1'], g = [-4, -5, 4, 0, 0, 4])
2022-02-12 16:47:56,748 INFO: Elliptic Chabauty map computed. (delta = ['-1', '0', '1'], g = [-4, -5, 4, 0, 0, 4])
2022-02-12 16:47:56,751 INFO: Computing elliptic Chabauty map... (delta = ['-4', '-4', '5', '0', '0', '4'], g = [-4, -5, 4, 0, 0, 4])
2022-02-12 16:48:04,255 INFO: Elliptic Chabauty map computed. (delta = ['-4', '-4', '5', '0', '0', '4'], g = [-4, -5, 4, 0, 0, 4])
2022-02-12 16:48:04,258 INFO: Computing elliptic Chabauty map... (delta = ['1'], g = [-4, -5, 4, 0, 0, 4])
2022-02-12 16:48:11,731 INFO: Elliptic Chabauty map computed. (delta = ['1'], g = [-4, -5, 4, 0, 0, 4])
2022-02-12 16:48:11,734 INFO: Tasks complete. Recording data and exiting.
