2022-01-11 15:10:12,718 INFO: Initialized curve data.
2022-01-11 15:10:12,720 INFO: Setting up initial twist data...
2022-01-11 15:10:13,610 INFO: Twist setup complete.
2022-01-11 15:10:13,610 INFO: Searching for rational points on each twist...
2022-01-11 15:10:15,321 INFO: Finished searching for rational points on each twist.
2022-01-11 15:10:15,321 INFO: Testing local solvability of twists...
2022-01-11 15:10:19,535 INFO: Finished local solvability testing.
2022-01-11 15:10:19,536 INFO: Computing elliptic curve a-invariants...
2022-01-11 15:10:28,592 INFO: Finished computation of a-invariants.
2022-01-11 15:10:28,593 INFO: Computing MW group (delta = ['4', '-6', '-9', '9', '5', '1'], g = [3, -5, -9, 9, 5, 1])...
2022-01-11 15:11:37,238 INFO: Finished MW computation (delta = ['4', '-6', '-9', '9', '5', '1'], g = [3, -5, -9, 9, 5, 1])
2022-01-11 15:11:37,240 INFO: Computing MW group (delta = ['1'], g = [3, -5, -9, 9, 5, 1])...
2022-01-14 09:07:22,706 INFO: Loaded curve data from file.
2022-01-14 09:07:22,707 INFO: Reducing MW generators...
2022-01-14 09:07:23,360 INFO: Finished reducing MW generators.
2022-01-14 09:07:23,366 INFO: Running elliptic Chabauty (delta = ['4', '-6', '-9', '9', '5', '1'], g = [3, -5, -9, 9, 5, 1])...
2022-01-14 09:07:51,660 INFO: Chabauty completed successfully (delta = ['4', '-6', '-9', '9', '5', '1'], g = [3, -5, -9, 9, 5, 1]).
2022-01-14 09:07:51,663 INFO: Skipped Chabauty because MW generators haven't been computed. (delta = ['1'], g = [3, -5, -9, 9, 5, 1])
2022-01-14 09:07:51,663 INFO: Skipped Chabauty because MW generators haven't been computed. (delta = ['-1', '1', '1'], g = [3, -5, -9, 9, 5, 1])
2022-01-14 09:07:51,663 INFO: Skipped Chabauty because no base point (delta = ['2', '-3', '-9', '8', '5', '1'])
2022-01-14 09:07:51,746 INFO: Tasks complete. Recording data and exiting.
2022-02-12 17:23:49,675 INFO: Loaded curve data from file.
2022-02-12 17:23:49,675 INFO: Computing elliptic Chabauty map... (delta = ['4', '-6', '-9', '9', '5', '1'], g = [3, -5, -9, 9, 5, 1])
2022-02-12 17:24:05,234 INFO: Elliptic Chabauty map computed. (delta = ['4', '-6', '-9', '9', '5', '1'], g = [3, -5, -9, 9, 5, 1])
2022-02-12 17:24:05,236 INFO: Computing elliptic Chabauty map... (delta = ['1'], g = [3, -5, -9, 9, 5, 1])
2022-02-12 17:24:20,558 INFO: Elliptic Chabauty map computed. (delta = ['1'], g = [3, -5, -9, 9, 5, 1])
2022-02-12 17:24:20,560 INFO: Computing elliptic Chabauty map... (delta = ['-1', '1', '1'], g = [3, -5, -9, 9, 5, 1])
2022-02-12 17:24:36,200 INFO: Elliptic Chabauty map computed. (delta = ['-1', '1', '1'], g = [3, -5, -9, 9, 5, 1])
2022-02-12 17:24:36,203 INFO: Tasks complete. Recording data and exiting.
