2022-01-01 12:50:59,960 INFO: Initialized curve data.
2022-01-01 12:50:59,962 INFO: Setting up initial twist data...
2022-01-01 12:51:01,046 INFO: Twist setup complete.
2022-01-01 12:51:01,046 INFO: Searching for rational points on each twist...
2022-01-01 12:51:01,872 INFO: Finished searching for rational points on each twist.
2022-01-01 12:51:01,872 INFO: Testing local solvability of twists...
2022-01-01 12:51:01,878 INFO: Finished local solvability testing.
2022-01-01 12:51:01,879 INFO: Computing elliptic curve a-invariants...
2022-01-01 12:51:08,910 INFO: Finished computation of a-invariants.
2022-01-01 12:51:08,912 INFO: Computing MW group (delta = ['1', '0', '-2', '9', '-1', '1'], g = [1, -1, -3, 9, -1, 1])...
2022-01-01 12:52:24,146 INFO: Finished MW computation (delta = ['1', '0', '-2', '9', '-1', '1'], g = [1, -1, -3, 9, -1, 1])
2022-01-01 12:52:24,152 INFO: Computing MW group (delta = ['0', '-2', '-3', '9', '-1', '1'], g = [1, -1, -3, 9, -1, 1])...
2022-01-01 12:53:12,126 INFO: Finished MW computation (delta = ['0', '-2', '-3', '9', '-1', '1'], g = [1, -1, -3, 9, -1, 1])
2022-01-01 12:53:12,130 INFO: Computing MW group (delta = ['1'], g = [1, -1, -3, 9, -1, 1])...
2022-01-01 12:54:23,993 INFO: Finished MW computation (delta = ['1'], g = [1, -1, -3, 9, -1, 1])
2022-01-01 12:54:23,997 INFO: Obstruction found to provably computing rational points. Exiting.
2022-01-03 13:14:58,000 INFO: Obsolete "loc_solv_error" keys removed.
2022-01-10 22:41:58,658 INFO: Loaded curve data from file.
2022-01-10 22:41:58,658 INFO: Obstruction already found. Exiting.
2022-02-12 16:47:22,029 INFO: Loaded curve data from file.
2022-02-12 16:47:22,030 INFO: Computing elliptic Chabauty map... (delta = ['1', '0', '-2', '9', '-1', '1'], g = [1, -1, -3, 9, -1, 1])
2022-02-12 16:47:28,999 INFO: Elliptic Chabauty map computed. (delta = ['1', '0', '-2', '9', '-1', '1'], g = [1, -1, -3, 9, -1, 1])
2022-02-12 16:47:29,002 INFO: Computing elliptic Chabauty map... (delta = ['0', '-2', '-3', '9', '-1', '1'], g = [1, -1, -3, 9, -1, 1])
2022-02-12 16:47:35,906 INFO: Elliptic Chabauty map computed. (delta = ['0', '-2', '-3', '9', '-1', '1'], g = [1, -1, -3, 9, -1, 1])
2022-02-12 16:47:35,909 INFO: Computing elliptic Chabauty map... (delta = ['1'], g = [1, -1, -3, 9, -1, 1])
2022-02-12 16:47:42,869 INFO: Elliptic Chabauty map computed. (delta = ['1'], g = [1, -1, -3, 9, -1, 1])
2022-02-12 16:47:42,872 INFO: Computing elliptic Chabauty map... (delta = ['-12', '11', '34', '-109', '12', '-12'], g = [1, -1, -3, 9, -1, 1])
2022-02-12 16:47:50,038 INFO: Elliptic Chabauty map computed. (delta = ['-12', '11', '34', '-109', '12', '-12'], g = [1, -1, -3, 9, -1, 1])
2022-02-12 16:47:50,041 INFO: Tasks complete. Recording data and exiting.
