2022-02-01 12:30:30,621 INFO: Initialized curve data.
2022-02-01 12:30:30,627 INFO: Setting up initial twist data...
2022-02-01 12:30:31,774 INFO: Twist setup complete.
2022-02-01 12:30:31,774 INFO: Searching for rational points on each twist...
2022-02-01 12:30:33,892 INFO: Finished searching for rational points on each twist.
2022-02-01 12:30:33,893 INFO: Testing local solvability of twists...
2022-02-01 12:30:33,900 INFO: Finished local solvability testing.
2022-02-01 12:30:33,901 INFO: Computing elliptic curve a-invariants...
2022-02-01 12:30:41,979 INFO: Finished computation of a-invariants.
2022-02-01 12:30:41,981 INFO: Computing MW group (delta = ['1'], g = [4, 4, 8, 13, 8, 4])...
2022-02-01 13:30:44,264 INFO: Finished MW computation (delta = ['1'], g = [4, 4, 8, 13, 8, 4])
2022-02-01 13:30:44,269 INFO: Computing MW group (delta = ['-16', '-16', '-33', '-53', '-32', '-16'], g = [4, 4, 8, 13, 8, 4])...
2022-02-02 04:48:13,943 INFO: Loaded curve data from file.
2022-02-02 04:48:13,943 INFO: Reducing MW generators...
2022-02-02 04:48:14,184 INFO: Finished reducing MW generators.
2022-02-02 04:48:14,187 INFO: Skipped Chabauty because MW group hasn't been provably computed. (delta = ['1'], g = [4, 4, 8, 13, 8, 4])
2022-02-02 04:48:14,187 INFO: Skipped Chabauty because MW generators haven't been computed. (delta = ['-16', '-16', '-33', '-53', '-32', '-16'], g = [4, 4, 8, 13, 8, 4])
2022-02-02 04:48:14,187 INFO: Skipped Chabauty because MW generators haven't been computed. (delta = ['4', '3', '8', '13', '8', '4'], g = [4, 4, 8, 13, 8, 4])
2022-02-02 04:48:14,187 INFO: Skipped Chabauty because MW generators haven't been computed. (delta = ['-4', '-3', '-7', '-13', '-8', '-4'], g = [4, 4, 8, 13, 8, 4])
2022-02-02 04:48:14,188 INFO: Tasks complete. Recording data and exiting.
2022-02-12 17:25:41,035 INFO: Loaded curve data from file.
2022-02-12 17:25:41,036 INFO: Computing elliptic Chabauty map... (delta = ['1'], g = [4, 4, 8, 13, 8, 4])
2022-02-12 17:25:55,802 INFO: Elliptic Chabauty map computed. (delta = ['1'], g = [4, 4, 8, 13, 8, 4])
2022-02-12 17:25:55,805 INFO: Computing elliptic Chabauty map... (delta = ['-16', '-16', '-33', '-53', '-32', '-16'], g = [4, 4, 8, 13, 8, 4])
2022-02-12 17:26:10,129 INFO: Elliptic Chabauty map computed. (delta = ['-16', '-16', '-33', '-53', '-32', '-16'], g = [4, 4, 8, 13, 8, 4])
2022-02-12 17:26:10,132 INFO: Computing elliptic Chabauty map... (delta = ['4', '3', '8', '13', '8', '4'], g = [4, 4, 8, 13, 8, 4])
2022-02-12 17:26:24,240 INFO: Elliptic Chabauty map computed. (delta = ['4', '3', '8', '13', '8', '4'], g = [4, 4, 8, 13, 8, 4])
2022-02-12 17:26:24,243 INFO: Computing elliptic Chabauty map... (delta = ['-4', '-3', '-7', '-13', '-8', '-4'], g = [4, 4, 8, 13, 8, 4])
2022-02-12 17:26:38,484 INFO: Elliptic Chabauty map computed. (delta = ['-4', '-3', '-7', '-13', '-8', '-4'], g = [4, 4, 8, 13, 8, 4])
2022-02-12 17:26:38,487 INFO: Tasks complete. Recording data and exiting.
