2022-01-12 12:27:19,319 INFO: Initialized curve data.
2022-01-12 12:27:19,321 INFO: Setting up initial twist data...
2022-01-12 12:27:20,313 INFO: Twist setup complete.
2022-01-12 12:27:20,314 INFO: Searching for rational points on each twist...
2022-01-12 12:27:22,068 INFO: Finished searching for rational points on each twist.
2022-01-12 12:27:22,068 INFO: Testing local solvability of twists...
2022-01-12 12:27:33,789 INFO: Finished local solvability testing.
2022-01-12 12:27:33,790 INFO: Computing elliptic curve a-invariants...
2022-01-12 12:27:52,461 INFO: Finished computation of a-invariants.
2022-01-12 12:27:52,462 INFO: Computing MW group (delta = ['-14', '-45', '-20', '16', '2', '1'], g = [-16, -44, -20, 16, 2, 1])...
2022-01-12 12:28:47,709 INFO: Finished MW computation (delta = ['-14', '-45', '-20', '16', '2', '1'], g = [-16, -44, -20, 16, 2, 1])
2022-01-12 12:28:47,711 INFO: Computing MW group (delta = ['-1', '-1', '1'], g = [-16, -44, -20, 16, 2, 1])...
2022-01-14 11:32:37,390 INFO: Loaded curve data from file.
2022-01-14 11:32:37,390 INFO: Reducing MW generators...
2022-01-14 11:32:37,878 INFO: Finished reducing MW generators.
2022-01-14 11:32:37,880 INFO: Running elliptic Chabauty (delta = ['-14', '-45', '-20', '16', '2', '1'], g = [-16, -44, -20, 16, 2, 1])...
2022-01-14 11:32:54,858 INFO: Chabauty completed successfully (delta = ['-14', '-45', '-20', '16', '2', '1'], g = [-16, -44, -20, 16, 2, 1]).
2022-01-14 11:32:54,861 INFO: Skipped Chabauty because MW generators haven't been computed. (delta = ['-1', '-1', '1'], g = [-16, -44, -20, 16, 2, 1])
2022-01-14 11:32:54,861 INFO: Skipped Chabauty because MW generators haven't been computed. (delta = ['1'], g = [-16, -44, -20, 16, 2, 1])
2022-01-14 11:32:54,861 INFO: Skipped Chabauty because no base point (delta = ['-18', '-45', '-17', '15', '2', '1'])
2022-01-14 11:32:54,948 INFO: Tasks complete. Recording data and exiting.
2022-02-12 17:13:04,836 INFO: Loaded curve data from file.
2022-02-12 17:13:04,836 INFO: Computing elliptic Chabauty map... (delta = ['-14', '-45', '-20', '16', '2', '1'], g = [-16, -44, -20, 16, 2, 1])
2022-02-12 17:13:19,721 INFO: Elliptic Chabauty map computed. (delta = ['-14', '-45', '-20', '16', '2', '1'], g = [-16, -44, -20, 16, 2, 1])
2022-02-12 17:13:19,728 INFO: Computing elliptic Chabauty map... (delta = ['-1', '-1', '1'], g = [-16, -44, -20, 16, 2, 1])
2022-02-12 17:13:34,246 INFO: Elliptic Chabauty map computed. (delta = ['-1', '-1', '1'], g = [-16, -44, -20, 16, 2, 1])
2022-02-12 17:13:34,248 INFO: Computing elliptic Chabauty map... (delta = ['1'], g = [-16, -44, -20, 16, 2, 1])
2022-02-12 17:13:48,787 INFO: Elliptic Chabauty map computed. (delta = ['1'], g = [-16, -44, -20, 16, 2, 1])
2022-02-12 17:13:48,789 INFO: Tasks complete. Recording data and exiting.
