2022-02-01 12:30:20,408 INFO: Initialized curve data.
2022-02-01 12:30:20,413 INFO: Setting up initial twist data...
2022-02-01 12:30:21,778 INFO: Twist setup complete.
2022-02-01 12:30:21,779 INFO: Searching for rational points on each twist...
2022-02-01 12:30:25,000 INFO: Finished searching for rational points on each twist.
2022-02-01 12:30:25,000 INFO: Testing local solvability of twists...
2022-02-01 12:30:25,015 INFO: Finished local solvability testing.
2022-02-01 12:30:25,016 INFO: Computing elliptic curve a-invariants...
2022-02-01 12:30:42,878 INFO: Finished computation of a-invariants.
2022-02-01 12:30:42,879 INFO: Computing MW group (delta = ['4', '16', '-8', '-22', '2', '9'], g = [4, 17, -10, -21, 2, 9])...
2022-02-02 04:42:43,285 INFO: Loaded curve data from file.
2022-02-02 04:42:43,285 INFO: Reducing MW generators...
2022-02-02 04:42:43,285 INFO: Finished reducing MW generators.
2022-02-02 04:42:43,289 INFO: Skipped Chabauty because MW generators haven't been computed. (delta = ['4', '16', '-8', '-22', '2', '9'], g = [4, 17, -10, -21, 2, 9])
2022-02-02 04:42:43,289 INFO: Skipped Chabauty because MW generators haven't been computed. (delta = ['1', '-1'], g = [4, 17, -10, -21, 2, 9])
2022-02-02 04:42:43,289 INFO: Skipped Chabauty because MW generators haven't been computed. (delta = ['1'], g = [4, 17, -10, -21, 2, 9])
2022-02-02 04:42:43,289 INFO: Skipped Chabauty because MW generators haven't been computed. (delta = ['4', '16', '-9', '-21', '2', '9'], g = [4, 17, -10, -21, 2, 9])
2022-02-02 04:42:43,291 INFO: Tasks complete. Recording data and exiting.
2022-02-12 17:20:06,678 INFO: Loaded curve data from file.
2022-02-12 17:20:06,679 INFO: Computing elliptic Chabauty map... (delta = ['4', '16', '-8', '-22', '2', '9'], g = [4, 17, -10, -21, 2, 9])
2022-02-12 17:20:23,464 INFO: Elliptic Chabauty map computed. (delta = ['4', '16', '-8', '-22', '2', '9'], g = [4, 17, -10, -21, 2, 9])
2022-02-12 17:20:23,467 INFO: Computing elliptic Chabauty map... (delta = ['1', '-1'], g = [4, 17, -10, -21, 2, 9])
2022-02-12 17:20:40,292 INFO: Elliptic Chabauty map computed. (delta = ['1', '-1'], g = [4, 17, -10, -21, 2, 9])
2022-02-12 17:20:40,294 INFO: Computing elliptic Chabauty map... (delta = ['1'], g = [4, 17, -10, -21, 2, 9])
2022-02-12 17:20:56,930 INFO: Elliptic Chabauty map computed. (delta = ['1'], g = [4, 17, -10, -21, 2, 9])
2022-02-12 17:20:56,933 INFO: Computing elliptic Chabauty map... (delta = ['4', '16', '-9', '-21', '2', '9'], g = [4, 17, -10, -21, 2, 9])
2022-02-12 17:21:13,437 INFO: Elliptic Chabauty map computed. (delta = ['4', '16', '-9', '-21', '2', '9'], g = [4, 17, -10, -21, 2, 9])
2022-02-12 17:21:13,439 INFO: Tasks complete. Recording data and exiting.
