2022-01-13 21:54:47,556 INFO: Initialized curve data.
2022-01-13 21:54:47,558 INFO: Setting up initial twist data...
2022-01-13 21:54:48,477 INFO: Twist setup complete.
2022-01-13 21:54:48,477 INFO: Searching for rational points on each twist...
2022-01-13 21:54:50,551 INFO: Finished searching for rational points on each twist.
2022-01-13 21:54:50,551 INFO: Testing local solvability of twists...
2022-01-13 21:54:50,556 INFO: Finished local solvability testing.
2022-01-13 21:54:50,557 INFO: Computing elliptic curve a-invariants...
2022-01-13 21:54:57,868 INFO: Finished computation of a-invariants.
2022-01-13 21:54:57,869 INFO: Computing MW group (delta = ['4/3', '-13/3', '16/3', '-2', '1', '-1'], g = [-4, 12, -12, 0, 0, 3])...
2022-01-14 11:35:26,687 INFO: Loaded curve data from file.
2022-01-14 11:35:26,688 INFO: Reducing MW generators...
2022-01-14 11:35:26,688 INFO: Finished reducing MW generators.
2022-01-14 11:35:26,690 INFO: Skipped Chabauty because MW generators haven't been computed. (delta = ['4/3', '-13/3', '16/3', '-2', '1', '-1'], g = [-4, 12, -12, 0, 0, 3])
2022-01-14 11:35:26,690 INFO: Skipped Chabauty because MW generators haven't been computed. (delta = ['1/3', '-1', '1'], g = [-4, 12, -12, 0, 0, 3])
2022-01-14 11:35:26,691 INFO: Skipped Chabauty because MW generators haven't been computed. (delta = ['1'], g = [-4, 12, -12, 0, 0, 3])
2022-01-14 11:35:26,691 INFO: Skipped Chabauty because MW generators haven't been computed. (delta = ['4', '-13', '13', '0', '0', '-3'], g = [-4, 12, -12, 0, 0, 3])
2022-01-14 11:35:26,693 INFO: Tasks complete. Recording data and exiting.
2022-02-12 17:10:00,935 INFO: Loaded curve data from file.
2022-02-12 17:10:00,935 INFO: Computing elliptic Chabauty map... (delta = ['4/3', '-13/3', '16/3', '-2', '1', '-1'], g = [-4, 12, -12, 0, 0, 3])
2022-02-12 17:10:06,101 INFO: Elliptic Chabauty map computed. (delta = ['4/3', '-13/3', '16/3', '-2', '1', '-1'], g = [-4, 12, -12, 0, 0, 3])
2022-02-12 17:10:06,103 INFO: Computing elliptic Chabauty map... (delta = ['1/3', '-1', '1'], g = [-4, 12, -12, 0, 0, 3])
2022-02-12 17:10:10,920 INFO: Elliptic Chabauty map computed. (delta = ['1/3', '-1', '1'], g = [-4, 12, -12, 0, 0, 3])
2022-02-12 17:10:10,922 INFO: Computing elliptic Chabauty map... (delta = ['1'], g = [-4, 12, -12, 0, 0, 3])
2022-02-12 17:10:15,713 INFO: Elliptic Chabauty map computed. (delta = ['1'], g = [-4, 12, -12, 0, 0, 3])
2022-02-12 17:10:15,716 INFO: Computing elliptic Chabauty map... (delta = ['4', '-13', '13', '0', '0', '-3'], g = [-4, 12, -12, 0, 0, 3])
2022-02-12 17:10:20,557 INFO: Elliptic Chabauty map computed. (delta = ['4', '-13', '13', '0', '0', '-3'], g = [-4, 12, -12, 0, 0, 3])
2022-02-12 17:10:20,559 INFO: Tasks complete. Recording data and exiting.
