2022-01-11 15:16:02,974 INFO: Initialized curve data.
2022-01-11 15:16:02,977 INFO: Setting up initial twist data...
2022-01-11 15:16:04,124 INFO: Twist setup complete.
2022-01-11 15:16:04,124 INFO: Searching for rational points on each twist...
2022-01-11 15:16:06,818 INFO: Finished searching for rational points on each twist.
2022-01-11 15:16:06,818 INFO: Testing local solvability of twists...
2022-01-11 15:16:27,083 INFO: Finished local solvability testing.
2022-01-11 15:16:27,084 INFO: Computing elliptic curve a-invariants...
2022-01-11 15:16:45,891 INFO: Finished computation of a-invariants.
2022-01-11 15:16:45,893 INFO: Computing MW group (delta = ['4', '7', '-7', '-4', '0', '1'], g = [4, 8, -8, -4, 0, 1])...
2022-01-11 15:20:08,678 INFO: Finished MW computation (delta = ['4', '7', '-7', '-4', '0', '1'], g = [4, 8, -8, -4, 0, 1])
2022-01-11 15:20:08,685 INFO: Computing MW group (delta = ['4', '7', '-8', '-4', '0', '1'], g = [4, 8, -8, -4, 0, 1])...
2022-01-11 15:23:36,682 INFO: Finished MW computation (delta = ['4', '7', '-8', '-4', '0', '1'], g = [4, 8, -8, -4, 0, 1])
2022-01-11 15:23:36,686 INFO: Skipped MW computation because no base point (delta = ['-16', '-32', '31', '16', '1', '-4'])
2022-01-11 15:23:36,686 INFO: Skipped MW computation because no base point (delta = ['-16', '-32', '31', '15', '0', '-4'])
2022-01-11 15:23:36,686 INFO: Computing MW group (delta = ['1'], g = [4, 8, -8, -4, 0, 1])...
2022-01-11 15:26:08,950 INFO: Finished MW computation (delta = ['1'], g = [4, 8, -8, -4, 0, 1])
2022-01-11 15:26:08,953 INFO: Computing MW group (delta = ['-64', '-128', '128', '65', '0', '-17'], g = [4, 8, -8, -4, 0, 1])...
2022-01-11 15:32:30,281 INFO: Finished MW computation (delta = ['-64', '-128', '128', '65', '0', '-17'], g = [4, 8, -8, -4, 0, 1])
2022-01-11 15:32:30,286 INFO: Computing MW group (delta = ['-4', '-7', '9', '4', '0', '-1'], g = [4, 8, -8, -4, 0, 1])...
2022-01-11 15:38:30,678 INFO: Finished MW computation (delta = ['-4', '-7', '9', '4', '0', '-1'], g = [4, 8, -8, -4, 0, 1])
2022-01-11 15:38:30,684 INFO: Computing MW group (delta = ['16', '32', '-31', '-17', '0', '4'], g = [4, 8, -8, -4, 0, 1])...
2022-01-11 15:41:36,107 INFO: Finished MW computation (delta = ['16', '32', '-31', '-17', '0', '4'], g = [4, 8, -8, -4, 0, 1])
2022-01-11 15:41:36,114 INFO: Reducing MW generators...
2022-01-11 15:41:42,157 INFO: Finished reducing MW generators.
2022-01-11 15:41:42,160 INFO: Tasks complete. Recording data and exiting.
2022-01-14 09:07:42,158 INFO: Loaded curve data from file.
2022-01-14 09:07:42,159 INFO: Skipped Chabauty because MW group hasn't been provably computed. (delta = ['4', '7', '-7', '-4', '0', '1'], g = [4, 8, -8, -4, 0, 1])
2022-01-14 09:07:42,159 INFO: Running elliptic Chabauty (delta = ['4', '7', '-8', '-4', '0', '1'], g = [4, 8, -8, -4, 0, 1])...
2022-01-14 09:07:52,012 INFO: Chabauty completed successfully (delta = ['4', '7', '-8', '-4', '0', '1'], g = [4, 8, -8, -4, 0, 1]).
2022-01-14 09:07:52,052 INFO: Skipped Chabauty because no base point (delta = ['-16', '-32', '31', '16', '1', '-4'])
2022-01-14 09:07:52,052 INFO: Skipped Chabauty because no base point (delta = ['-16', '-32', '31', '15', '0', '-4'])
2022-01-14 09:07:52,052 INFO: Running elliptic Chabauty (delta = ['1'], g = [4, 8, -8, -4, 0, 1])...
2022-01-14 09:10:09,702 INFO: Chabauty completed successfully (delta = ['1'], g = [4, 8, -8, -4, 0, 1]).
2022-01-14 09:10:09,709 INFO: Running elliptic Chabauty (delta = ['-64', '-128', '128', '65', '0', '-17'], g = [4, 8, -8, -4, 0, 1])...
2022-01-14 09:10:19,282 INFO: Chabauty completed successfully (delta = ['-64', '-128', '128', '65', '0', '-17'], g = [4, 8, -8, -4, 0, 1]).
2022-01-14 09:10:19,286 INFO: Running elliptic Chabauty (delta = ['-4', '-7', '9', '4', '0', '-1'], g = [4, 8, -8, -4, 0, 1])...
2022-01-14 09:10:28,852 INFO: Chabauty completed successfully (delta = ['-4', '-7', '9', '4', '0', '-1'], g = [4, 8, -8, -4, 0, 1]).
2022-01-14 09:10:28,902 INFO: Running elliptic Chabauty (delta = ['16', '32', '-31', '-17', '0', '4'], g = [4, 8, -8, -4, 0, 1])...
2022-01-14 09:10:41,573 INFO: Chabauty completed successfully (delta = ['16', '32', '-31', '-17', '0', '4'], g = [4, 8, -8, -4, 0, 1]).
2022-01-14 09:10:41,924 INFO: Tasks complete. Recording data and exiting.
2022-02-12 17:03:35,748 INFO: Loaded curve data from file.
2022-02-12 17:03:35,748 INFO: Computing elliptic Chabauty map... (delta = ['4', '7', '-7', '-4', '0', '1'], g = [4, 8, -8, -4, 0, 1])
2022-02-12 17:03:46,029 INFO: Elliptic Chabauty map computed. (delta = ['4', '7', '-7', '-4', '0', '1'], g = [4, 8, -8, -4, 0, 1])
2022-02-12 17:03:46,034 INFO: Computing elliptic Chabauty map... (delta = ['4', '7', '-8', '-4', '0', '1'], g = [4, 8, -8, -4, 0, 1])
2022-02-12 17:03:56,200 INFO: Elliptic Chabauty map computed. (delta = ['4', '7', '-8', '-4', '0', '1'], g = [4, 8, -8, -4, 0, 1])
2022-02-12 17:03:56,204 INFO: Computing elliptic Chabauty map... (delta = ['1'], g = [4, 8, -8, -4, 0, 1])
2022-02-12 17:04:06,438 INFO: Elliptic Chabauty map computed. (delta = ['1'], g = [4, 8, -8, -4, 0, 1])
2022-02-12 17:04:06,443 INFO: Computing elliptic Chabauty map... (delta = ['-64', '-128', '128', '65', '0', '-17'], g = [4, 8, -8, -4, 0, 1])
2022-02-12 17:04:16,527 INFO: Elliptic Chabauty map computed. (delta = ['-64', '-128', '128', '65', '0', '-17'], g = [4, 8, -8, -4, 0, 1])
2022-02-12 17:04:16,532 INFO: Computing elliptic Chabauty map... (delta = ['-4', '-7', '9', '4', '0', '-1'], g = [4, 8, -8, -4, 0, 1])
2022-02-12 17:04:26,741 INFO: Elliptic Chabauty map computed. (delta = ['-4', '-7', '9', '4', '0', '-1'], g = [4, 8, -8, -4, 0, 1])
2022-02-12 17:04:26,746 INFO: Computing elliptic Chabauty map... (delta = ['16', '32', '-31', '-17', '0', '4'], g = [4, 8, -8, -4, 0, 1])
2022-02-12 17:04:36,968 INFO: Elliptic Chabauty map computed. (delta = ['16', '32', '-31', '-17', '0', '4'], g = [4, 8, -8, -4, 0, 1])
2022-02-12 17:04:36,974 INFO: Tasks complete. Recording data and exiting.
