2022-01-11 15:36:20,488 INFO: Initialized curve data.
2022-01-11 15:36:20,493 INFO: Setting up initial twist data...
2022-01-11 15:36:21,674 INFO: Twist setup complete.
2022-01-11 15:36:21,675 INFO: Searching for rational points on each twist...
2022-01-11 15:36:23,681 INFO: Finished searching for rational points on each twist.
2022-01-11 15:36:23,681 INFO: Testing local solvability of twists...
2022-01-11 15:36:23,686 INFO: Finished local solvability testing.
2022-01-11 15:36:23,687 INFO: Computing elliptic curve a-invariants...
2022-01-11 15:36:30,462 INFO: Finished computation of a-invariants.
2022-01-11 15:36:30,464 INFO: Computing MW group (delta = ['12', '2', '-17', '1', '5', '1'], g = [11, 3, -17, 1, 5, 1])...
2022-01-11 15:38:26,507 INFO: Finished MW computation (delta = ['12', '2', '-17', '1', '5', '1'], g = [11, 3, -17, 1, 5, 1])
2022-01-11 15:38:26,509 INFO: Computing MW group (delta = ['-47', '-10', '69', '-4', '-20', '-4'], g = [11, 3, -17, 1, 5, 1])...
2022-01-11 15:39:34,496 INFO: Finished MW computation (delta = ['-47', '-10', '69', '-4', '-20', '-4'], g = [11, 3, -17, 1, 5, 1])
2022-01-11 15:39:34,499 INFO: Computing MW group (delta = ['1'], g = [11, 3, -17, 1, 5, 1])...
2022-01-11 15:41:39,345 INFO: Finished MW computation (delta = ['1'], g = [11, 3, -17, 1, 5, 1])
2022-01-11 15:41:39,347 INFO: Computing MW group (delta = ['-179', '-43', '271', '-17', '-80', '-16'], g = [11, 3, -17, 1, 5, 1])...
2022-01-11 15:46:19,542 INFO: Finished MW computation (delta = ['-179', '-43', '271', '-17', '-80', '-16'], g = [11, 3, -17, 1, 5, 1])
2022-01-11 15:46:19,545 INFO: Reducing MW generators...
2022-01-11 15:46:21,346 INFO: Finished reducing MW generators.
2022-01-11 15:46:21,347 INFO: Tasks complete. Recording data and exiting.
2022-01-14 09:07:57,416 INFO: Loaded curve data from file.
2022-01-14 09:07:57,417 INFO: Running elliptic Chabauty (delta = ['12', '2', '-17', '1', '5', '1'], g = [11, 3, -17, 1, 5, 1])...
2022-01-14 09:08:11,793 INFO: Chabauty completed successfully (delta = ['12', '2', '-17', '1', '5', '1'], g = [11, 3, -17, 1, 5, 1]).
2022-01-14 09:08:11,796 INFO: Skipped Chabauty because MW group hasn't been provably computed. (delta = ['-47', '-10', '69', '-4', '-20', '-4'], g = [11, 3, -17, 1, 5, 1])
2022-01-14 09:08:11,796 INFO: Skipped Chabauty because MW group hasn't been provably computed. (delta = ['1'], g = [11, 3, -17, 1, 5, 1])
2022-01-14 09:08:11,796 INFO: Skipped Chabauty because MW group hasn't been provably computed. (delta = ['-179', '-43', '271', '-17', '-80', '-16'], g = [11, 3, -17, 1, 5, 1])
2022-01-14 09:08:11,839 INFO: Tasks complete. Recording data and exiting.
2022-02-12 17:09:12,195 INFO: Loaded curve data from file.
2022-02-12 17:09:12,195 INFO: Computing elliptic Chabauty map... (delta = ['12', '2', '-17', '1', '5', '1'], g = [11, 3, -17, 1, 5, 1])
2022-02-12 17:09:25,947 INFO: Elliptic Chabauty map computed. (delta = ['12', '2', '-17', '1', '5', '1'], g = [11, 3, -17, 1, 5, 1])
2022-02-12 17:09:25,950 INFO: Computing elliptic Chabauty map... (delta = ['-47', '-10', '69', '-4', '-20', '-4'], g = [11, 3, -17, 1, 5, 1])
2022-02-12 17:09:39,593 INFO: Elliptic Chabauty map computed. (delta = ['-47', '-10', '69', '-4', '-20', '-4'], g = [11, 3, -17, 1, 5, 1])
2022-02-12 17:09:39,595 INFO: Computing elliptic Chabauty map... (delta = ['1'], g = [11, 3, -17, 1, 5, 1])
2022-02-12 17:09:53,161 INFO: Elliptic Chabauty map computed. (delta = ['1'], g = [11, 3, -17, 1, 5, 1])
2022-02-12 17:09:53,163 INFO: Computing elliptic Chabauty map... (delta = ['-179', '-43', '271', '-17', '-80', '-16'], g = [11, 3, -17, 1, 5, 1])
2022-02-12 17:10:06,840 INFO: Elliptic Chabauty map computed. (delta = ['-179', '-43', '271', '-17', '-80', '-16'], g = [11, 3, -17, 1, 5, 1])
2022-02-12 17:10:06,844 INFO: Tasks complete. Recording data and exiting.
