2022-01-12 12:22:43,334 INFO: Initialized curve data.
2022-01-12 12:22:43,338 INFO: Setting up initial twist data...
2022-01-12 12:22:44,602 INFO: Twist setup complete.
2022-01-12 12:22:44,602 INFO: Searching for rational points on each twist...
2022-01-12 12:22:47,842 INFO: Finished searching for rational points on each twist.
2022-01-12 12:22:47,842 INFO: Testing local solvability of twists...
2022-01-12 12:22:47,852 INFO: Finished local solvability testing.
2022-01-12 12:22:47,853 INFO: Computing elliptic curve a-invariants...
2022-01-12 12:22:57,360 INFO: Finished computation of a-invariants.
2022-01-12 12:22:57,362 INFO: Computing MW group (delta = ['4', '-8', '3', '3', '-10', '9'], g = [4, -7, 2, 3, -10, 9])...
2022-01-12 12:23:37,843 INFO: Finished MW computation (delta = ['4', '-8', '3', '3', '-10', '9'], g = [4, -7, 2, 3, -10, 9])
2022-01-12 12:23:37,845 INFO: Computing MW group (delta = ['1', '-1'], g = [4, -7, 2, 3, -10, 9])...
2022-01-12 12:24:45,315 INFO: Finished MW computation (delta = ['1', '-1'], g = [4, -7, 2, 3, -10, 9])
2022-01-12 12:24:45,318 INFO: Computing MW group (delta = ['1'], g = [4, -7, 2, 3, -10, 9])...
2022-01-12 12:26:21,840 INFO: Finished MW computation (delta = ['1'], g = [4, -7, 2, 3, -10, 9])
2022-01-12 12:26:21,842 INFO: Computing MW group (delta = ['4', '-8', '4', '2', '-10', '9'], g = [4, -7, 2, 3, -10, 9])...
2022-01-12 12:29:23,977 INFO: Finished MW computation (delta = ['4', '-8', '4', '2', '-10', '9'], g = [4, -7, 2, 3, -10, 9])
2022-01-12 12:29:23,981 INFO: Reducing MW generators...
2022-01-12 12:29:26,538 INFO: Finished reducing MW generators.
2022-01-12 12:29:26,540 INFO: Tasks complete. Recording data and exiting.
2022-01-14 11:32:28,376 INFO: Loaded curve data from file.
2022-01-14 11:32:28,377 INFO: Running elliptic Chabauty (delta = ['4', '-8', '3', '3', '-10', '9'], g = [4, -7, 2, 3, -10, 9])...
2022-01-14 11:32:41,708 INFO: Chabauty completed successfully (delta = ['4', '-8', '3', '3', '-10', '9'], g = [4, -7, 2, 3, -10, 9]).
2022-01-14 11:32:41,710 INFO: Running elliptic Chabauty (delta = ['1', '-1'], g = [4, -7, 2, 3, -10, 9])...
2022-01-14 11:32:55,268 INFO: Chabauty completed successfully (delta = ['1', '-1'], g = [4, -7, 2, 3, -10, 9]).
2022-01-14 11:32:55,270 INFO: Running elliptic Chabauty (delta = ['1'], g = [4, -7, 2, 3, -10, 9])...
2022-01-14 11:33:26,559 INFO: Chabauty completed successfully (delta = ['1'], g = [4, -7, 2, 3, -10, 9]).
2022-01-14 11:33:26,561 INFO: Skipped Chabauty because MW group hasn't been provably computed. (delta = ['4', '-8', '4', '2', '-10', '9'], g = [4, -7, 2, 3, -10, 9])
2022-01-14 11:33:26,664 INFO: Tasks complete. Recording data and exiting.
2022-02-12 16:48:27,048 INFO: Loaded curve data from file.
2022-02-12 16:48:27,048 INFO: Computing elliptic Chabauty map... (delta = ['4', '-8', '3', '3', '-10', '9'], g = [4, -7, 2, 3, -10, 9])
2022-02-12 16:48:41,178 INFO: Elliptic Chabauty map computed. (delta = ['4', '-8', '3', '3', '-10', '9'], g = [4, -7, 2, 3, -10, 9])
2022-02-12 16:48:41,180 INFO: Computing elliptic Chabauty map... (delta = ['1', '-1'], g = [4, -7, 2, 3, -10, 9])
2022-02-12 16:48:55,221 INFO: Elliptic Chabauty map computed. (delta = ['1', '-1'], g = [4, -7, 2, 3, -10, 9])
2022-02-12 16:48:55,223 INFO: Computing elliptic Chabauty map... (delta = ['1'], g = [4, -7, 2, 3, -10, 9])
2022-02-12 16:49:09,495 INFO: Elliptic Chabauty map computed. (delta = ['1'], g = [4, -7, 2, 3, -10, 9])
2022-02-12 16:49:09,498 INFO: Computing elliptic Chabauty map... (delta = ['4', '-8', '4', '2', '-10', '9'], g = [4, -7, 2, 3, -10, 9])
2022-02-12 16:49:23,657 INFO: Elliptic Chabauty map computed. (delta = ['4', '-8', '4', '2', '-10', '9'], g = [4, -7, 2, 3, -10, 9])
2022-02-12 16:49:23,660 INFO: Tasks complete. Recording data and exiting.
