2022-01-01 12:50:51,366 INFO: Initialized curve data.
2022-01-01 12:50:51,368 INFO: Setting up initial twist data...
2022-01-01 12:50:52,537 INFO: Twist setup complete.
2022-01-01 12:50:52,537 INFO: Searching for rational points on each twist...
2022-01-01 12:50:53,467 INFO: Finished searching for rational points on each twist.
2022-01-01 12:50:53,467 INFO: Testing local solvability of twists...
2022-01-01 12:50:53,473 INFO: Finished local solvability testing.
2022-01-01 12:50:53,475 INFO: Computing elliptic curve a-invariants...
2022-01-01 12:51:01,283 INFO: Finished computation of a-invariants.
2022-01-01 12:51:01,284 INFO: Computing MW group (delta = ['0', '2', '1'], g = [-16, 0, 4, 0, 3, 3])...
2022-01-01 12:52:53,870 INFO: Finished MW computation (delta = ['0', '2', '1'], g = [-16, 0, 4, 0, 3, 3])
2022-01-01 12:52:53,873 INFO: Computing MW group (delta = ['1'], g = [-16, 0, 4, 0, 3, 3])...
2022-01-03 13:14:57,000 INFO: Obsolete "loc_solv_error" keys removed.
2022-01-10 22:39:08,775 INFO: Loaded curve data from file.
2022-01-10 22:39:08,776 INFO: Reducing MW generators...
2022-01-10 22:39:09,162 INFO: Finished reducing MW generators.
2022-01-10 22:39:09,163 INFO: Running elliptic Chabauty (delta = ['0', '2', '1'], g = [-16, 0, 4, 0, 3, 3])...
2022-01-10 22:39:19,089 INFO: Chabauty completed successfully (delta = ['0', '2', '1'], g = [-16, 0, 4, 0, 3, 3]).
2022-01-10 22:39:19,090 INFO: Skipped Chabauty because MW generators haven't been computed. (delta = ['1'], g = [-16, 0, 4, 0, 3, 3])
2022-01-10 22:39:19,091 INFO: Skipped Chabauty because MW generators haven't been computed. (delta = ['48', '0', '-14', '1', '-8', '-9'], g = [-16, 0, 4, 0, 3, 3])
2022-01-10 22:39:19,091 INFO: Skipped Chabauty because MW generators haven't been computed. (delta = ['16', '-1', '-3', '0', '-3', '-3'], g = [-16, 0, 4, 0, 3, 3])
2022-01-10 22:39:19,130 INFO: Tasks complete. Recording data and exiting.
2022-02-12 16:43:31,675 INFO: Loaded curve data from file.
2022-02-12 16:43:31,675 INFO: Computing elliptic Chabauty map... (delta = ['0', '2', '1'], g = [-16, 0, 4, 0, 3, 3])
2022-02-12 16:43:39,808 INFO: Elliptic Chabauty map computed. (delta = ['0', '2', '1'], g = [-16, 0, 4, 0, 3, 3])
2022-02-12 16:43:39,810 INFO: Computing elliptic Chabauty map... (delta = ['1'], g = [-16, 0, 4, 0, 3, 3])
2022-02-12 16:43:47,744 INFO: Elliptic Chabauty map computed. (delta = ['1'], g = [-16, 0, 4, 0, 3, 3])
2022-02-12 16:43:47,747 INFO: Computing elliptic Chabauty map... (delta = ['48', '0', '-14', '1', '-8', '-9'], g = [-16, 0, 4, 0, 3, 3])
2022-02-12 16:43:55,629 INFO: Elliptic Chabauty map computed. (delta = ['48', '0', '-14', '1', '-8', '-9'], g = [-16, 0, 4, 0, 3, 3])
2022-02-12 16:43:55,632 INFO: Computing elliptic Chabauty map... (delta = ['16', '-1', '-3', '0', '-3', '-3'], g = [-16, 0, 4, 0, 3, 3])
2022-02-12 16:44:03,531 INFO: Elliptic Chabauty map computed. (delta = ['16', '-1', '-3', '0', '-3', '-3'], g = [-16, 0, 4, 0, 3, 3])
2022-02-12 16:44:03,534 INFO: Tasks complete. Recording data and exiting.
