2022-01-11 12:29:14,955 INFO: Initialized curve data.
2022-01-11 12:29:14,957 INFO: Setting up initial twist data...
2022-01-11 12:29:16,376 INFO: Twist setup complete.
2022-01-11 12:29:16,377 INFO: Searching for rational points on each twist...
2022-01-11 12:29:20,474 INFO: Finished searching for rational points on each twist.
2022-01-11 12:29:20,474 INFO: Testing local solvability of twists...
2022-01-11 12:29:39,432 INFO: Finished local solvability testing.
2022-01-11 12:29:39,433 INFO: Computing elliptic curve a-invariants...
2022-01-11 12:29:45,860 INFO: Finished computation of a-invariants.
2022-01-11 12:29:45,863 INFO: Computing MW group (delta = ['2', '48', '557/2', '614', '1097/2', '135'], g = [1, 1])...
2022-01-11 12:29:46,355 INFO: Finished MW computation (delta = ['2', '48', '557/2', '614', '1097/2', '135'], g = [1, 1])
2022-01-11 12:29:46,358 INFO: Computing MW group (delta = ['2', '48', '557/2', '614', '1097/2', '135'], g = [4, 29, 69, 64, 16])...
2022-01-11 12:30:11,860 INFO: Finished MW computation (delta = ['2', '48', '557/2', '614', '1097/2', '135'], g = [4, 29, 69, 64, 16])
2022-01-11 12:30:11,863 INFO: Computing MW group (delta = ['-4', '-28', '-68', '-64', '-16'], g = [1, 1])...
2022-01-11 12:30:12,334 INFO: Finished MW computation (delta = ['-4', '-28', '-68', '-64', '-16'], g = [1, 1])
2022-01-11 12:30:12,336 INFO: Computing MW group (delta = ['-4', '-28', '-68', '-64', '-16'], g = [4, 29, 69, 64, 16])...
2022-01-11 12:31:01,661 INFO: Finished MW computation (delta = ['-4', '-28', '-68', '-64', '-16'], g = [4, 29, 69, 64, 16])
2022-01-11 12:31:01,664 INFO: Computing MW group (delta = ['4', '48', '212', '408', '336', '80'], g = [1, 1])...
2022-01-11 12:31:02,140 INFO: Finished MW computation (delta = ['4', '48', '212', '408', '336', '80'], g = [1, 1])
2022-01-11 12:31:02,143 INFO: Computing MW group (delta = ['4', '48', '212', '408', '336', '80'], g = [4, 29, 69, 64, 16])...
2022-01-11 12:31:39,498 INFO: Finished MW computation (delta = ['4', '48', '212', '408', '336', '80'], g = [4, 29, 69, 64, 16])
2022-01-11 12:31:39,501 INFO: Skipped MW computation because no base point (delta = ['1/2', '7/2', '31/2', '69/2', '32', '8'])
2022-01-11 12:31:39,502 INFO: Computing MW group (delta = ['-2', '-8', '11', '74', '89', '24'], g = [1, 1])...
2022-01-11 12:31:39,977 INFO: Finished MW computation (delta = ['-2', '-8', '11', '74', '89', '24'], g = [1, 1])
2022-01-11 12:31:39,979 INFO: Computing MW group (delta = ['-2', '-8', '11', '74', '89', '24'], g = [4, 29, 69, 64, 16])...
2022-01-11 12:32:19,164 INFO: Finished MW computation (delta = ['-2', '-8', '11', '74', '89', '24'], g = [4, 29, 69, 64, 16])
2022-01-11 12:32:19,167 INFO: Computing MW group (delta = ['1'], g = [1, 1])...
2022-01-11 12:32:19,650 INFO: Finished MW computation (delta = ['1'], g = [1, 1])
2022-01-11 12:32:19,653 INFO: Computing MW group (delta = ['1'], g = [4, 29, 69, 64, 16])...
2022-01-11 12:33:43,720 INFO: Finished MW computation (delta = ['1'], g = [4, 29, 69, 64, 16])
2022-01-11 12:33:43,724 INFO: Skipped MW computation because no base point (delta = ['-1', '3', '29', '69', '64', '16'])
2022-01-11 12:33:43,724 INFO: Computing MW group (delta = ['-1/2', '6', '111/2', '137', '128', '32'], g = [1, 1])...
2022-01-11 12:33:44,190 INFO: Finished MW computation (delta = ['-1/2', '6', '111/2', '137', '128', '32'], g = [1, 1])
2022-01-11 12:33:44,193 INFO: Computing MW group (delta = ['-1/2', '6', '111/2', '137', '128', '32'], g = [4, 29, 69, 64, 16])...
2022-01-11 13:01:28,773 INFO: Finished MW computation (delta = ['-1/2', '6', '111/2', '137', '128', '32'], g = [4, 29, 69, 64, 16])
2022-01-11 13:01:28,780 INFO: Reducing MW generators...
2022-01-11 13:01:37,623 INFO: Finished reducing MW generators.
2022-01-11 13:01:37,627 INFO: Tasks complete. Recording data and exiting.
2022-01-13 17:36:37,129 INFO: Loaded curve data from file.
2022-01-13 17:36:37,130 INFO: Skipped Chabauty because rank >= degree(g). (delta = ['2', '48', '557/2', '614', '1097/2', '135'], g = [1, 1])
2022-01-13 17:36:37,130 INFO: Running elliptic Chabauty (delta = ['2', '48', '557/2', '614', '1097/2', '135'], g = [4, 29, 69, 64, 16])...
2022-01-13 17:36:50,351 INFO: Chabauty completed successfully (delta = ['2', '48', '557/2', '614', '1097/2', '135'], g = [4, 29, 69, 64, 16]).
2022-01-13 17:36:50,355 INFO: Skipped Chabauty because rank >= degree(g). (delta = ['-4', '-28', '-68', '-64', '-16'], g = [1, 1])
2022-01-13 17:36:50,355 INFO: Running elliptic Chabauty (delta = ['-4', '-28', '-68', '-64', '-16'], g = [4, 29, 69, 64, 16])...
2022-01-13 17:37:02,217 INFO: Chabauty completed successfully (delta = ['-4', '-28', '-68', '-64', '-16'], g = [4, 29, 69, 64, 16]).
2022-01-13 17:37:02,219 INFO: Skipped Chabauty because rank >= degree(g). (delta = ['4', '48', '212', '408', '336', '80'], g = [1, 1])
2022-01-13 17:37:02,219 INFO: Running elliptic Chabauty (delta = ['4', '48', '212', '408', '336', '80'], g = [4, 29, 69, 64, 16])...
2022-01-13 17:37:14,932 INFO: Chabauty completed successfully (delta = ['4', '48', '212', '408', '336', '80'], g = [4, 29, 69, 64, 16]).
2022-01-13 17:37:14,935 INFO: Skipped Chabauty because no base point (delta = ['1/2', '7/2', '31/2', '69/2', '32', '8'])
2022-01-13 17:37:14,935 INFO: Skipped Chabauty because rank >= degree(g). (delta = ['-2', '-8', '11', '74', '89', '24'], g = [1, 1])
2022-01-13 17:37:14,935 INFO: Running elliptic Chabauty (delta = ['-2', '-8', '11', '74', '89', '24'], g = [4, 29, 69, 64, 16])...
2022-01-13 17:37:27,472 INFO: Chabauty completed successfully (delta = ['-2', '-8', '11', '74', '89', '24'], g = [4, 29, 69, 64, 16]).
2022-01-13 17:37:27,476 INFO: Skipped Chabauty because rank >= degree(g). (delta = ['1'], g = [1, 1])
2022-01-13 17:37:27,476 INFO: Running elliptic Chabauty (delta = ['1'], g = [4, 29, 69, 64, 16])...
2022-01-13 17:37:43,053 INFO: Chabauty completed successfully (delta = ['1'], g = [4, 29, 69, 64, 16]).
2022-01-13 17:37:43,056 INFO: Skipped Chabauty because no base point (delta = ['-1', '3', '29', '69', '64', '16'])
2022-01-13 17:37:43,056 INFO: Skipped Chabauty because rank >= degree(g). (delta = ['-1/2', '6', '111/2', '137', '128', '32'], g = [1, 1])
2022-01-13 17:37:43,056 INFO: Running elliptic Chabauty (delta = ['-1/2', '6', '111/2', '137', '128', '32'], g = [4, 29, 69, 64, 16])...
2022-01-13 17:37:55,815 INFO: Chabauty completed successfully (delta = ['-1/2', '6', '111/2', '137', '128', '32'], g = [4, 29, 69, 64, 16]).
2022-01-13 17:37:56,243 INFO: Rational points successfully computed.
2022-01-13 17:37:56,245 INFO: Tasks complete. Recording data and exiting.
2022-02-12 16:55:46,354 INFO: Loaded curve data from file.
2022-02-12 16:55:46,354 INFO: Computing elliptic Chabauty map... (delta = ['2', '48', '557/2', '614', '1097/2', '135'], g = [1, 1])
2022-02-12 16:55:56,643 INFO: Elliptic Chabauty map computed. (delta = ['2', '48', '557/2', '614', '1097/2', '135'], g = [1, 1])
2022-02-12 16:55:56,647 INFO: Computing elliptic Chabauty map... (delta = ['2', '48', '557/2', '614', '1097/2', '135'], g = [4, 29, 69, 64, 16])
2022-02-12 16:56:09,260 INFO: Elliptic Chabauty map computed. (delta = ['2', '48', '557/2', '614', '1097/2', '135'], g = [4, 29, 69, 64, 16])
2022-02-12 16:56:09,264 INFO: Computing elliptic Chabauty map... (delta = ['-4', '-28', '-68', '-64', '-16'], g = [1, 1])
2022-02-12 16:56:19,431 INFO: Elliptic Chabauty map computed. (delta = ['-4', '-28', '-68', '-64', '-16'], g = [1, 1])
2022-02-12 16:56:19,435 INFO: Computing elliptic Chabauty map... (delta = ['-4', '-28', '-68', '-64', '-16'], g = [4, 29, 69, 64, 16])
2022-02-12 16:56:31,871 INFO: Elliptic Chabauty map computed. (delta = ['-4', '-28', '-68', '-64', '-16'], g = [4, 29, 69, 64, 16])
2022-02-12 16:56:31,876 INFO: Computing elliptic Chabauty map... (delta = ['4', '48', '212', '408', '336', '80'], g = [1, 1])
2022-02-12 16:56:42,105 INFO: Elliptic Chabauty map computed. (delta = ['4', '48', '212', '408', '336', '80'], g = [1, 1])
2022-02-12 16:56:42,110 INFO: Computing elliptic Chabauty map... (delta = ['4', '48', '212', '408', '336', '80'], g = [4, 29, 69, 64, 16])
2022-02-12 16:56:54,604 INFO: Elliptic Chabauty map computed. (delta = ['4', '48', '212', '408', '336', '80'], g = [4, 29, 69, 64, 16])
2022-02-12 16:56:54,609 INFO: Computing elliptic Chabauty map... (delta = ['-2', '-8', '11', '74', '89', '24'], g = [1, 1])
2022-02-12 16:57:05,300 INFO: Elliptic Chabauty map computed. (delta = ['-2', '-8', '11', '74', '89', '24'], g = [1, 1])
2022-02-12 16:57:05,305 INFO: Computing elliptic Chabauty map... (delta = ['-2', '-8', '11', '74', '89', '24'], g = [4, 29, 69, 64, 16])
2022-02-12 16:57:17,931 INFO: Elliptic Chabauty map computed. (delta = ['-2', '-8', '11', '74', '89', '24'], g = [4, 29, 69, 64, 16])
2022-02-12 16:57:17,936 INFO: Computing elliptic Chabauty map... (delta = ['1'], g = [1, 1])
2022-02-12 16:57:28,111 INFO: Elliptic Chabauty map computed. (delta = ['1'], g = [1, 1])
2022-02-12 16:57:28,117 INFO: Computing elliptic Chabauty map... (delta = ['1'], g = [4, 29, 69, 64, 16])
2022-02-12 16:57:40,600 INFO: Elliptic Chabauty map computed. (delta = ['1'], g = [4, 29, 69, 64, 16])
2022-02-12 16:57:40,606 INFO: Computing elliptic Chabauty map... (delta = ['-1/2', '6', '111/2', '137', '128', '32'], g = [1, 1])
2022-02-12 16:57:50,819 INFO: Elliptic Chabauty map computed. (delta = ['-1/2', '6', '111/2', '137', '128', '32'], g = [1, 1])
2022-02-12 16:57:50,826 INFO: Computing elliptic Chabauty map... (delta = ['-1/2', '6', '111/2', '137', '128', '32'], g = [4, 29, 69, 64, 16])
2022-02-12 16:58:03,347 INFO: Elliptic Chabauty map computed. (delta = ['-1/2', '6', '111/2', '137', '128', '32'], g = [4, 29, 69, 64, 16])
2022-02-12 16:58:03,354 INFO: Tasks complete. Recording data and exiting.
