2022-01-11 12:29:24,937 INFO: Initialized curve data.
2022-01-11 12:29:24,940 INFO: Setting up initial twist data...
2022-01-11 12:29:25,957 INFO: Twist setup complete.
2022-01-11 12:29:25,957 INFO: Searching for rational points on each twist...
2022-01-11 12:29:27,939 INFO: Finished searching for rational points on each twist.
2022-01-11 12:29:27,939 INFO: Testing local solvability of twists...
2022-01-11 12:29:27,945 INFO: Finished local solvability testing.
2022-01-11 12:29:27,946 INFO: Computing elliptic curve a-invariants...
2022-01-11 12:29:41,202 INFO: Finished computation of a-invariants.
2022-01-11 12:29:41,203 INFO: Computing MW group (delta = ['1'], g = [-1, -3, 4, 0, 0, 4])...
2022-01-11 12:32:16,078 INFO: Finished MW computation (delta = ['1'], g = [-1, -3, 4, 0, 0, 4])
2022-01-11 12:32:16,081 INFO: Computing MW group (delta = ['0', '-4', '4', '0', '0', '4'], g = [-1, -3, 4, 0, 0, 4])...
2022-01-11 12:32:52,721 INFO: Finished MW computation (delta = ['0', '-4', '4', '0', '0', '4'], g = [-1, -3, 4, 0, 0, 4])
2022-01-11 12:32:52,724 INFO: Computing MW group (delta = ['4', '11', '-14', '-1', '0', '-16'], g = [-1, -3, 4, 0, 0, 4])...
2022-01-11 12:34:01,463 INFO: Finished MW computation (delta = ['4', '11', '-14', '-1', '0', '-16'], g = [-1, -3, 4, 0, 0, 4])
2022-01-11 12:34:01,465 INFO: Computing MW group (delta = ['1', '2', '-3', '0', '0', '-4'], g = [-1, -3, 4, 0, 0, 4])...
2022-01-11 12:35:24,453 INFO: Finished MW computation (delta = ['1', '2', '-3', '0', '0', '-4'], g = [-1, -3, 4, 0, 0, 4])
2022-01-11 12:35:24,457 INFO: Reducing MW generators...
2022-01-11 12:35:29,524 INFO: Finished reducing MW generators.
2022-01-11 12:35:29,527 INFO: Tasks complete. Recording data and exiting.
2022-01-13 17:36:47,664 INFO: Loaded curve data from file.
2022-01-13 17:36:47,665 INFO: Running elliptic Chabauty (delta = ['1'], g = [-1, -3, 4, 0, 0, 4])...
2022-01-13 17:44:55,445 INFO: Chabauty completed successfully (delta = ['1'], g = [-1, -3, 4, 0, 0, 4]).
2022-01-13 17:44:55,449 INFO: Running elliptic Chabauty (delta = ['0', '-4', '4', '0', '0', '4'], g = [-1, -3, 4, 0, 0, 4])...
2022-01-13 17:45:06,916 INFO: Chabauty completed successfully (delta = ['0', '-4', '4', '0', '0', '4'], g = [-1, -3, 4, 0, 0, 4]).
2022-01-13 17:45:06,918 INFO: Running elliptic Chabauty (delta = ['4', '11', '-14', '-1', '0', '-16'], g = [-1, -3, 4, 0, 0, 4])...
2022-01-13 17:45:23,462 INFO: Chabauty completed successfully (delta = ['4', '11', '-14', '-1', '0', '-16'], g = [-1, -3, 4, 0, 0, 4]).
2022-01-13 17:45:23,465 INFO: Running elliptic Chabauty (delta = ['1', '2', '-3', '0', '0', '-4'], g = [-1, -3, 4, 0, 0, 4])...
2022-01-13 17:46:31,550 INFO: Chabauty completed successfully (delta = ['1', '2', '-3', '0', '0', '-4'], g = [-1, -3, 4, 0, 0, 4]).
2022-01-13 17:46:31,767 INFO: Rational points successfully computed.
2022-01-13 17:46:31,770 INFO: Tasks complete. Recording data and exiting.
2022-02-12 17:47:58,853 INFO: Loaded curve data from file.
2022-02-12 17:47:58,854 INFO: Computing elliptic Chabauty map... (delta = ['1'], g = [-1, -3, 4, 0, 0, 4])
2022-02-12 17:48:11,060 INFO: Elliptic Chabauty map computed. (delta = ['1'], g = [-1, -3, 4, 0, 0, 4])
2022-02-12 17:48:11,063 INFO: Computing elliptic Chabauty map... (delta = ['0', '-4', '4', '0', '0', '4'], g = [-1, -3, 4, 0, 0, 4])
2022-02-12 17:48:23,236 INFO: Elliptic Chabauty map computed. (delta = ['0', '-4', '4', '0', '0', '4'], g = [-1, -3, 4, 0, 0, 4])
2022-02-12 17:48:23,238 INFO: Computing elliptic Chabauty map... (delta = ['4', '11', '-14', '-1', '0', '-16'], g = [-1, -3, 4, 0, 0, 4])
2022-02-12 17:48:35,460 INFO: Elliptic Chabauty map computed. (delta = ['4', '11', '-14', '-1', '0', '-16'], g = [-1, -3, 4, 0, 0, 4])
2022-02-12 17:48:35,463 INFO: Computing elliptic Chabauty map... (delta = ['1', '2', '-3', '0', '0', '-4'], g = [-1, -3, 4, 0, 0, 4])
2022-02-12 17:48:47,628 INFO: Elliptic Chabauty map computed. (delta = ['1', '2', '-3', '0', '0', '-4'], g = [-1, -3, 4, 0, 0, 4])
2022-02-12 17:48:47,632 INFO: Tasks complete. Recording data and exiting.
