2022-01-11 12:29:17,100 INFO: Initialized curve data.
2022-01-11 12:29:17,103 INFO: Setting up initial twist data...
2022-01-11 12:29:18,818 INFO: Twist setup complete.
2022-01-11 12:29:18,818 INFO: Searching for rational points on each twist...
2022-01-11 12:29:23,526 INFO: Finished searching for rational points on each twist.
2022-01-11 12:29:23,527 INFO: Testing local solvability of twists...
2022-01-11 12:29:52,451 INFO: Finished local solvability testing.
2022-01-11 12:29:52,452 INFO: Computing elliptic curve a-invariants...
2022-01-11 12:29:57,275 INFO: Finished computation of a-invariants.
2022-01-11 12:29:57,278 INFO: Skipped MW computation because no base point (delta = ['5', '0', '-14/3', '0', '1'])
2022-01-11 12:29:57,278 INFO: Computing MW group (delta = ['-37', '27', '130/3', '-34', '-13', '11'], g = [1, 1])...
2022-01-11 12:29:57,575 INFO: Finished MW computation (delta = ['-37', '27', '130/3', '-34', '-13', '11'], g = [1, 1])
2022-01-11 12:29:57,578 INFO: Computing MW group (delta = ['-37', '27', '130/3', '-34', '-13', '11'], g = [24, 0, -29, 0, 9])...
2022-01-11 12:30:20,057 INFO: Finished MW computation (delta = ['-37', '27', '130/3', '-34', '-13', '11'], g = [24, 0, -29, 0, 9])
2022-01-11 12:30:20,062 INFO: Computing MW group (delta = ['-25', '23', '29', '-29', '-9', '9'], g = [1, 1])...
2022-01-11 12:30:20,417 INFO: Finished MW computation (delta = ['-25', '23', '29', '-29', '-9', '9'], g = [1, 1])
2022-01-11 12:30:20,420 INFO: Computing MW group (delta = ['-25', '23', '29', '-29', '-9', '9'], g = [24, 0, -29, 0, 9])...
2022-01-13 17:36:38,030 INFO: Loaded curve data from file.
2022-01-13 17:36:38,031 INFO: Reducing MW generators...
2022-01-13 17:36:38,246 INFO: Finished reducing MW generators.
2022-01-13 17:36:38,255 INFO: Skipped Chabauty because no base point (delta = ['5', '0', '-14/3', '0', '1'])
2022-01-13 17:36:38,255 INFO: Skipped Chabauty because rank >= degree(g). (delta = ['-37', '27', '130/3', '-34', '-13', '11'], g = [1, 1])
2022-01-13 17:36:38,255 INFO: Skipped Chabauty because MW group hasn't been provably computed. (delta = ['-37', '27', '130/3', '-34', '-13', '11'], g = [24, 0, -29, 0, 9])
2022-01-13 17:36:38,255 INFO: Skipped Chabauty because rank >= degree(g). (delta = ['-25', '23', '29', '-29', '-9', '9'], g = [1, 1])
2022-01-13 17:36:38,255 INFO: Skipped Chabauty because MW generators haven't been computed. (delta = ['-25', '23', '29', '-29', '-9', '9'], g = [24, 0, -29, 0, 9])
2022-01-13 17:36:38,255 INFO: Skipped Chabauty because no base point (delta = ['53/3', '-43/3', '-61/3', '55/3', '6', '-6'])
2022-01-13 17:36:38,255 INFO: Skipped Chabauty because MW generators haven't been computed. (delta = ['1'], g = [1, 1])
2022-01-13 17:36:38,255 INFO: Skipped Chabauty because MW generators haven't been computed. (delta = ['1'], g = [24, 0, -29, 0, 9])
2022-01-13 17:36:38,255 INFO: Skipped Chabauty because MW generators haven't been computed. (delta = ['51', '-45', '-59', '57', '18', '-18'], g = [1, 1])
2022-01-13 17:36:38,255 INFO: Skipped Chabauty because MW generators haven't been computed. (delta = ['51', '-45', '-59', '57', '18', '-18'], g = [24, 0, -29, 0, 9])
2022-01-13 17:36:38,255 INFO: Skipped Chabauty because MW generators haven't been computed. (delta = ['-3', '0', '1'], g = [1, 1])
2022-01-13 17:36:38,255 INFO: Skipped Chabauty because MW generators haven't been computed. (delta = ['-3', '0', '1'], g = [24, 0, -29, 0, 9])
2022-01-13 17:36:38,255 INFO: Skipped Chabauty because MW generators haven't been computed. (delta = ['-5/3', '0', '1'], g = [1, 1])
2022-01-13 17:36:38,255 INFO: Skipped Chabauty because MW generators haven't been computed. (delta = ['-5/3', '0', '1'], g = [24, 0, -29, 0, 9])
2022-01-13 17:36:38,337 INFO: Tasks complete. Recording data and exiting.
2022-02-12 16:43:49,931 INFO: Loaded curve data from file.
2022-02-12 16:43:49,931 INFO: Computing elliptic Chabauty map... (delta = ['-37', '27', '130/3', '-34', '-13', '11'], g = [1, 1])
2022-02-12 16:43:51,505 INFO: Elliptic Chabauty map computed. (delta = ['-37', '27', '130/3', '-34', '-13', '11'], g = [1, 1])
2022-02-12 16:43:51,508 INFO: Computing elliptic Chabauty map... (delta = ['-37', '27', '130/3', '-34', '-13', '11'], g = [24, 0, -29, 0, 9])
2022-02-12 16:43:54,373 INFO: Elliptic Chabauty map computed. (delta = ['-37', '27', '130/3', '-34', '-13', '11'], g = [24, 0, -29, 0, 9])
2022-02-12 16:43:54,375 INFO: Computing elliptic Chabauty map... (delta = ['-25', '23', '29', '-29', '-9', '9'], g = [1, 1])
2022-02-12 16:43:55,834 INFO: Elliptic Chabauty map computed. (delta = ['-25', '23', '29', '-29', '-9', '9'], g = [1, 1])
2022-02-12 16:43:55,836 INFO: Computing elliptic Chabauty map... (delta = ['-25', '23', '29', '-29', '-9', '9'], g = [24, 0, -29, 0, 9])
2022-02-12 16:43:58,558 INFO: Elliptic Chabauty map computed. (delta = ['-25', '23', '29', '-29', '-9', '9'], g = [24, 0, -29, 0, 9])
2022-02-12 16:43:58,561 INFO: Computing elliptic Chabauty map... (delta = ['1'], g = [1, 1])
2022-02-12 16:44:00,019 INFO: Elliptic Chabauty map computed. (delta = ['1'], g = [1, 1])
2022-02-12 16:44:00,022 INFO: Computing elliptic Chabauty map... (delta = ['1'], g = [24, 0, -29, 0, 9])
2022-02-12 16:44:02,690 INFO: Elliptic Chabauty map computed. (delta = ['1'], g = [24, 0, -29, 0, 9])
2022-02-12 16:44:02,693 INFO: Computing elliptic Chabauty map... (delta = ['51', '-45', '-59', '57', '18', '-18'], g = [1, 1])
2022-02-12 16:44:04,203 INFO: Elliptic Chabauty map computed. (delta = ['51', '-45', '-59', '57', '18', '-18'], g = [1, 1])
2022-02-12 16:44:04,207 INFO: Computing elliptic Chabauty map... (delta = ['51', '-45', '-59', '57', '18', '-18'], g = [24, 0, -29, 0, 9])
2022-02-12 16:44:06,921 INFO: Elliptic Chabauty map computed. (delta = ['51', '-45', '-59', '57', '18', '-18'], g = [24, 0, -29, 0, 9])
2022-02-12 16:44:06,925 INFO: Computing elliptic Chabauty map... (delta = ['-3', '0', '1'], g = [1, 1])
2022-02-12 16:44:08,392 INFO: Elliptic Chabauty map computed. (delta = ['-3', '0', '1'], g = [1, 1])
2022-02-12 16:44:08,396 INFO: Computing elliptic Chabauty map... (delta = ['-3', '0', '1'], g = [24, 0, -29, 0, 9])
2022-02-12 16:44:11,050 INFO: Elliptic Chabauty map computed. (delta = ['-3', '0', '1'], g = [24, 0, -29, 0, 9])
2022-02-12 16:44:11,055 INFO: Computing elliptic Chabauty map... (delta = ['-5/3', '0', '1'], g = [1, 1])
2022-02-12 16:44:12,524 INFO: Elliptic Chabauty map computed. (delta = ['-5/3', '0', '1'], g = [1, 1])
2022-02-12 16:44:12,529 INFO: Computing elliptic Chabauty map... (delta = ['-5/3', '0', '1'], g = [24, 0, -29, 0, 9])
2022-02-12 16:44:15,212 INFO: Elliptic Chabauty map computed. (delta = ['-5/3', '0', '1'], g = [24, 0, -29, 0, 9])
2022-02-12 16:44:15,218 INFO: Tasks complete. Recording data and exiting.
