2022-01-14 12:17:21,961 INFO: Initialized curve data.
2022-01-14 12:17:21,966 INFO: Setting up initial twist data...
2022-01-14 12:17:23,260 INFO: Twist setup complete.
2022-01-14 12:17:23,260 INFO: Searching for rational points on each twist...
2022-01-14 12:17:26,396 INFO: Finished searching for rational points on each twist.
2022-01-14 12:17:26,396 INFO: Testing local solvability of twists...
2022-01-14 12:17:41,732 INFO: Finished local solvability testing.
2022-01-14 12:17:41,734 INFO: Computing elliptic curve a-invariants...
2022-01-14 12:17:59,428 INFO: Finished computation of a-invariants.
2022-01-14 12:17:59,431 INFO: Skipped MW computation because no base point (delta = ['16', '20', '-63', '63', '-48', '16'])
2022-01-14 12:17:59,431 INFO: Skipped MW computation because no base point (delta = ['-1', '-1', '1'])
2022-01-14 12:17:59,431 INFO: Computing MW group (delta = ['-4', '-4', '17', '-17', '12', '-4'], g = [4, 5, -16, 16, -12, 4])...
2022-01-14 12:23:17,631 INFO: Finished MW computation (delta = ['-4', '-4', '17', '-17', '12', '-4'], g = [4, 5, -16, 16, -12, 4])
2022-01-14 12:23:17,634 INFO: Computing MW group (delta = ['4', '4', '-15', '16', '-12', '4'], g = [4, 5, -16, 16, -12, 4])...
2022-01-14 12:26:45,025 INFO: Finished MW computation (delta = ['4', '4', '-15', '16', '-12', '4'], g = [4, 5, -16, 16, -12, 4])
2022-01-14 12:26:45,028 INFO: Computing MW group (delta = ['4', '4', '-16', '16', '-12', '4'], g = [4, 5, -16, 16, -12, 4])...
2022-01-14 12:28:05,013 INFO: Finished MW computation (delta = ['4', '4', '-16', '16', '-12', '4'], g = [4, 5, -16, 16, -12, 4])
2022-01-14 12:28:05,016 INFO: Computing MW group (delta = ['1'], g = [4, 5, -16, 16, -12, 4])...
2022-01-14 12:30:30,031 INFO: Finished MW computation (delta = ['1'], g = [4, 5, -16, 16, -12, 4])
2022-01-14 12:30:30,035 INFO: Skipped MW computation because no base point (delta = ['-4', '-4', '16', '-18', '13', '-4'])
2022-01-14 12:30:30,035 INFO: Computing MW group (delta = ['-16', '-20', '63', '-64', '50', '-17'], g = [4, 5, -16, 16, -12, 4])...
2022-01-14 12:32:49,179 INFO: Finished MW computation (delta = ['-16', '-20', '63', '-64', '50', '-17'], g = [4, 5, -16, 16, -12, 4])
2022-01-14 12:32:49,185 INFO: Reducing MW generators...
2022-01-14 12:32:51,961 INFO: Finished reducing MW generators.
2022-01-14 12:32:51,964 INFO: Tasks complete. Recording data and exiting.
2022-01-14 15:52:28,377 INFO: Loaded curve data from file.
2022-01-14 15:52:28,378 INFO: Skipped Chabauty because no base point (delta = ['16', '20', '-63', '63', '-48', '16'])
2022-01-14 15:52:28,378 INFO: Skipped Chabauty because no base point (delta = ['-1', '-1', '1'])
2022-01-14 15:52:28,378 INFO: Running elliptic Chabauty (delta = ['-4', '-4', '17', '-17', '12', '-4'], g = [4, 5, -16, 16, -12, 4])...
2022-01-14 15:52:47,468 INFO: Chabauty completed successfully (delta = ['-4', '-4', '17', '-17', '12', '-4'], g = [4, 5, -16, 16, -12, 4]).
2022-01-14 15:52:47,472 INFO: Running elliptic Chabauty (delta = ['4', '4', '-15', '16', '-12', '4'], g = [4, 5, -16, 16, -12, 4])...
2022-01-14 15:53:03,633 INFO: Chabauty completed successfully (delta = ['4', '4', '-15', '16', '-12', '4'], g = [4, 5, -16, 16, -12, 4]).
2022-01-14 15:53:03,765 INFO: Skipped Chabauty because MW group hasn't been provably computed. (delta = ['4', '4', '-16', '16', '-12', '4'], g = [4, 5, -16, 16, -12, 4])
2022-01-14 15:53:03,765 INFO: Skipped Chabauty because MW group hasn't been provably computed. (delta = ['1'], g = [4, 5, -16, 16, -12, 4])
2022-01-14 15:53:03,765 INFO: Skipped Chabauty because no base point (delta = ['-4', '-4', '16', '-18', '13', '-4'])
2022-01-14 15:53:03,765 INFO: Running elliptic Chabauty (delta = ['-16', '-20', '63', '-64', '50', '-17'], g = [4, 5, -16, 16, -12, 4])...
2022-01-14 15:53:19,580 INFO: Chabauty completed successfully (delta = ['-16', '-20', '63', '-64', '50', '-17'], g = [4, 5, -16, 16, -12, 4]).
2022-01-14 15:53:19,826 INFO: Tasks complete. Recording data and exiting.
2022-02-12 17:24:24,842 INFO: Loaded curve data from file.
2022-02-12 17:24:24,843 INFO: Computing elliptic Chabauty map... (delta = ['-4', '-4', '17', '-17', '12', '-4'], g = [4, 5, -16, 16, -12, 4])
2022-02-12 17:24:41,131 INFO: Elliptic Chabauty map computed. (delta = ['-4', '-4', '17', '-17', '12', '-4'], g = [4, 5, -16, 16, -12, 4])
2022-02-12 17:24:41,135 INFO: Computing elliptic Chabauty map... (delta = ['4', '4', '-15', '16', '-12', '4'], g = [4, 5, -16, 16, -12, 4])
2022-02-12 17:24:57,319 INFO: Elliptic Chabauty map computed. (delta = ['4', '4', '-15', '16', '-12', '4'], g = [4, 5, -16, 16, -12, 4])
2022-02-12 17:24:57,322 INFO: Computing elliptic Chabauty map... (delta = ['4', '4', '-16', '16', '-12', '4'], g = [4, 5, -16, 16, -12, 4])
2022-02-12 17:25:13,512 INFO: Elliptic Chabauty map computed. (delta = ['4', '4', '-16', '16', '-12', '4'], g = [4, 5, -16, 16, -12, 4])
2022-02-12 17:25:13,515 INFO: Computing elliptic Chabauty map... (delta = ['1'], g = [4, 5, -16, 16, -12, 4])
2022-02-12 17:25:29,473 INFO: Elliptic Chabauty map computed. (delta = ['1'], g = [4, 5, -16, 16, -12, 4])
2022-02-12 17:25:29,477 INFO: Computing elliptic Chabauty map... (delta = ['-16', '-20', '63', '-64', '50', '-17'], g = [4, 5, -16, 16, -12, 4])
2022-02-12 17:25:45,253 INFO: Elliptic Chabauty map computed. (delta = ['-16', '-20', '63', '-64', '50', '-17'], g = [4, 5, -16, 16, -12, 4])
2022-02-12 17:25:45,257 INFO: Tasks complete. Recording data and exiting.
