2022-01-11 12:31:50,492 INFO: Initialized curve data.
2022-01-11 12:31:50,494 INFO: Setting up initial twist data...
2022-01-11 12:31:51,482 INFO: Twist setup complete.
2022-01-11 12:31:51,482 INFO: Searching for rational points on each twist...
2022-01-11 12:31:52,723 INFO: Finished searching for rational points on each twist.
2022-01-11 12:31:52,723 INFO: Testing local solvability of twists...
2022-01-11 12:31:57,109 INFO: Finished local solvability testing.
2022-01-11 12:31:57,110 INFO: Computing elliptic curve a-invariants...
2022-01-11 12:32:01,984 INFO: Finished computation of a-invariants.
2022-01-11 12:32:01,986 INFO: Computing MW group (delta = ['1'], g = [4, 4, 16, 9, 12, 4])...
2022-01-11 12:49:45,533 INFO: Finished MW computation (delta = ['1'], g = [4, 4, 16, 9, 12, 4])
2022-01-11 12:49:45,537 INFO: Computing MW group (delta = ['2', '3/2', '8', '7/2', '6', '2'], g = [4, 4, 16, 9, 12, 4])...
2022-01-13 17:36:51,946 INFO: Loaded curve data from file.
2022-01-13 17:36:51,947 INFO: Reducing MW generators...
2022-01-13 17:36:52,685 INFO: Finished reducing MW generators.
2022-01-13 17:36:52,686 INFO: Running elliptic Chabauty (delta = ['1'], g = [4, 4, 16, 9, 12, 4])...
2022-01-13 17:37:10,456 INFO: Chabauty completed successfully (delta = ['1'], g = [4, 4, 16, 9, 12, 4]).
2022-01-13 17:37:10,458 INFO: Skipped Chabauty because MW generators haven't been computed. (delta = ['2', '3/2', '8', '7/2', '6', '2'], g = [4, 4, 16, 9, 12, 4])
2022-01-13 17:37:10,458 INFO: Skipped Chabauty because no base point (delta = ['1/2', '0', '1'])
2022-01-13 17:37:10,458 INFO: Skipped Chabauty because MW generators haven't been computed. (delta = ['4', '3', '16', '9', '12', '4'], g = [4, 4, 16, 9, 12, 4])
2022-01-13 17:37:10,543 INFO: Tasks complete. Recording data and exiting.
2022-02-12 17:00:44,658 INFO: Loaded curve data from file.
2022-02-12 17:00:44,659 INFO: Computing elliptic Chabauty map... (delta = ['1'], g = [4, 4, 16, 9, 12, 4])
2022-02-12 17:00:59,060 INFO: Elliptic Chabauty map computed. (delta = ['1'], g = [4, 4, 16, 9, 12, 4])
2022-02-12 17:00:59,062 INFO: Computing elliptic Chabauty map... (delta = ['2', '3/2', '8', '7/2', '6', '2'], g = [4, 4, 16, 9, 12, 4])
2022-02-12 17:01:13,283 INFO: Elliptic Chabauty map computed. (delta = ['2', '3/2', '8', '7/2', '6', '2'], g = [4, 4, 16, 9, 12, 4])
2022-02-12 17:01:13,286 INFO: Computing elliptic Chabauty map... (delta = ['4', '3', '16', '9', '12', '4'], g = [4, 4, 16, 9, 12, 4])
2022-02-12 17:01:27,350 INFO: Elliptic Chabauty map computed. (delta = ['4', '3', '16', '9', '12', '4'], g = [4, 4, 16, 9, 12, 4])
2022-02-12 17:01:27,353 INFO: Tasks complete. Recording data and exiting.
