2022-02-01 12:30:33,572 INFO: Initialized curve data.
2022-02-01 12:30:33,576 INFO: Setting up initial twist data...
2022-02-01 12:30:34,885 INFO: Twist setup complete.
2022-02-01 12:30:34,885 INFO: Searching for rational points on each twist...
2022-02-01 12:30:36,869 INFO: Finished searching for rational points on each twist.
2022-02-01 12:30:36,870 INFO: Testing local solvability of twists...
2022-02-01 12:30:39,902 INFO: Finished local solvability testing.
2022-02-01 12:30:39,903 INFO: Computing elliptic curve a-invariants...
2022-02-01 12:30:46,575 INFO: Finished computation of a-invariants.
2022-02-01 12:30:46,577 INFO: Skipped MW computation because no base point (delta = ['1/4', '-1'])
2022-02-01 12:30:46,577 INFO: Computing MW group (delta = ['4', '-32', '62', '-9', '6', '1'], g = [4, -31, 62, -9, 6, 1])...
2022-02-02 04:43:58,762 INFO: Loaded curve data from file.
2022-02-02 04:43:58,763 INFO: Reducing MW generators...
2022-02-02 04:43:58,763 INFO: Finished reducing MW generators.
2022-02-02 04:43:58,765 INFO: Skipped Chabauty because no base point (delta = ['1/4', '-1'])
2022-02-02 04:43:58,765 INFO: Skipped Chabauty because MW generators haven't been computed. (delta = ['4', '-32', '62', '-9', '6', '1'], g = [4, -31, 62, -9, 6, 1])
2022-02-02 04:43:58,765 INFO: Skipped Chabauty because MW generators haven't been computed. (delta = ['1'], g = [4, -31, 62, -9, 6, 1])
2022-02-02 04:43:58,765 INFO: Skipped Chabauty because MW generators haven't been computed. (delta = ['1', '-8', '33/2', '-9/4', '3/2', '1/4'], g = [4, -31, 62, -9, 6, 1])
2022-02-02 04:43:58,813 INFO: Tasks complete. Recording data and exiting.
2022-02-12 17:11:31,678 INFO: Loaded curve data from file.
2022-02-12 17:11:31,678 INFO: Computing elliptic Chabauty map... (delta = ['4', '-32', '62', '-9', '6', '1'], g = [4, -31, 62, -9, 6, 1])
2022-02-12 17:11:45,519 INFO: Elliptic Chabauty map computed. (delta = ['4', '-32', '62', '-9', '6', '1'], g = [4, -31, 62, -9, 6, 1])
2022-02-12 17:11:45,522 INFO: Computing elliptic Chabauty map... (delta = ['1'], g = [4, -31, 62, -9, 6, 1])
2022-02-12 17:11:59,303 INFO: Elliptic Chabauty map computed. (delta = ['1'], g = [4, -31, 62, -9, 6, 1])
2022-02-12 17:11:59,305 INFO: Computing elliptic Chabauty map... (delta = ['1', '-8', '33/2', '-9/4', '3/2', '1/4'], g = [4, -31, 62, -9, 6, 1])
2022-02-12 17:12:13,113 INFO: Elliptic Chabauty map computed. (delta = ['1', '-8', '33/2', '-9/4', '3/2', '1/4'], g = [4, -31, 62, -9, 6, 1])
2022-02-12 17:12:13,116 INFO: Tasks complete. Recording data and exiting.
