2022-01-12 12:18:08,227 INFO: Initialized curve data.
2022-01-12 12:18:08,232 INFO: Setting up initial twist data...
2022-01-12 12:18:09,511 INFO: Twist setup complete.
2022-01-12 12:18:09,511 INFO: Searching for rational points on each twist...
2022-01-12 12:18:11,446 INFO: Finished searching for rational points on each twist.
2022-01-12 12:18:11,446 INFO: Testing local solvability of twists...
2022-01-12 12:18:14,885 INFO: Finished local solvability testing.
2022-01-12 12:18:14,886 INFO: Computing elliptic curve a-invariants...
2022-01-12 12:18:23,035 INFO: Finished computation of a-invariants.
2022-01-12 12:18:23,037 INFO: Computing MW group (delta = ['4', '-12', '19', '-11', '0', '4'], g = [4, -11, 18, -11, 0, 4])...
2022-01-14 11:32:16,426 INFO: Loaded curve data from file.
2022-01-14 11:32:16,427 INFO: Reducing MW generators...
2022-01-14 11:32:16,427 INFO: Finished reducing MW generators.
2022-01-14 11:32:16,433 INFO: Skipped Chabauty because MW generators haven't been computed. (delta = ['4', '-12', '19', '-11', '0', '4'], g = [4, -11, 18, -11, 0, 4])
2022-01-14 11:32:16,433 INFO: Skipped Chabauty because no base point (delta = ['16', '-44', '73', '-45', '0', '16'])
2022-01-14 11:32:16,433 INFO: Skipped Chabauty because MW generators haven't been computed. (delta = ['1'], g = [4, -11, 18, -11, 0, 4])
2022-01-14 11:32:16,433 INFO: Skipped Chabauty because MW generators haven't been computed. (delta = ['4', '-12', '18', '-11', '0', '4'], g = [4, -11, 18, -11, 0, 4])
2022-01-14 11:32:16,485 INFO: Tasks complete. Recording data and exiting.
2022-02-12 17:06:29,614 INFO: Loaded curve data from file.
2022-02-12 17:06:29,614 INFO: Computing elliptic Chabauty map... (delta = ['4', '-12', '19', '-11', '0', '4'], g = [4, -11, 18, -11, 0, 4])
2022-02-12 17:06:38,235 INFO: Elliptic Chabauty map computed. (delta = ['4', '-12', '19', '-11', '0', '4'], g = [4, -11, 18, -11, 0, 4])
2022-02-12 17:06:38,237 INFO: Computing elliptic Chabauty map... (delta = ['1'], g = [4, -11, 18, -11, 0, 4])
2022-02-12 17:06:46,946 INFO: Elliptic Chabauty map computed. (delta = ['1'], g = [4, -11, 18, -11, 0, 4])
2022-02-12 17:06:46,949 INFO: Computing elliptic Chabauty map... (delta = ['4', '-12', '18', '-11', '0', '4'], g = [4, -11, 18, -11, 0, 4])
2022-02-12 17:06:55,374 INFO: Elliptic Chabauty map computed. (delta = ['4', '-12', '18', '-11', '0', '4'], g = [4, -11, 18, -11, 0, 4])
2022-02-12 17:06:55,376 INFO: Tasks complete. Recording data and exiting.
