2022-01-12 12:21:08,720 INFO: Initialized curve data.
2022-01-12 12:21:08,724 INFO: Setting up initial twist data...
2022-01-12 12:21:09,981 INFO: Twist setup complete.
2022-01-12 12:21:09,982 INFO: Searching for rational points on each twist...
2022-01-12 12:21:14,450 INFO: Finished searching for rational points on each twist.
2022-01-12 12:21:14,450 INFO: Testing local solvability of twists...
2022-01-12 12:21:23,513 INFO: Finished local solvability testing.
2022-01-12 12:21:23,515 INFO: Computing elliptic curve a-invariants...
2022-01-12 12:21:35,247 INFO: Finished computation of a-invariants.
2022-01-12 12:21:35,249 INFO: Skipped MW computation because no base point (delta = ['1', '0', '-3', '-1', '-1', '2'])
2022-01-12 12:21:35,250 INFO: Computing MW group (delta = ['-1', '0', '3', '0', '1', '-1'], g = [-1, 1])...
2022-01-12 12:21:35,571 INFO: Finished MW computation (delta = ['-1', '0', '3', '0', '1', '-1'], g = [-1, 1])
2022-01-12 12:21:35,574 INFO: Computing MW group (delta = ['-1', '0', '3', '0', '1', '-1'], g = [-1, -2, 0, 0, 1])...
2022-01-12 12:21:53,490 INFO: Finished MW computation (delta = ['-1', '0', '3', '0', '1', '-1'], g = [-1, -2, 0, 0, 1])
2022-01-12 12:21:53,493 INFO: Computing MW group (delta = ['1', '1', '1', '0', '-1'], g = [-1, 1])...
2022-01-12 12:21:53,739 INFO: Finished MW computation (delta = ['1', '1', '1', '0', '-1'], g = [-1, 1])
2022-01-12 12:21:53,742 INFO: Computing MW group (delta = ['1', '1', '1', '0', '-1'], g = [-1, -2, 0, 0, 1])...
2022-01-12 12:21:58,366 INFO: Finished MW computation (delta = ['1', '1', '1', '0', '-1'], g = [-1, -2, 0, 0, 1])
2022-01-12 12:21:58,369 INFO: Computing MW group (delta = ['1', '0', '-2', '0', '-1', '1'], g = [-1, 1])...
2022-01-12 12:21:58,622 INFO: Finished MW computation (delta = ['1', '0', '-2', '0', '-1', '1'], g = [-1, 1])
2022-01-12 12:21:58,625 INFO: Computing MW group (delta = ['1', '0', '-2', '0', '-1', '1'], g = [-1, -2, 0, 0, 1])...
2022-01-12 12:22:08,178 INFO: Finished MW computation (delta = ['1', '0', '-2', '0', '-1', '1'], g = [-1, -2, 0, 0, 1])
2022-01-12 12:22:08,182 INFO: Skipped MW computation because no base point (delta = ['-1', '-3', '-2', '1', '1'])
2022-01-12 12:22:08,182 INFO: Skipped MW computation because no base point (delta = ['-1', '1', '5', '0', '2', '-3'])
2022-01-12 12:22:08,182 INFO: Computing MW group (delta = ['1'], g = [-1, 1])...
2022-01-12 12:22:08,427 INFO: Finished MW computation (delta = ['1'], g = [-1, 1])
2022-01-12 12:22:08,430 INFO: Computing MW group (delta = ['1'], g = [-1, -2, 0, 0, 1])...
2022-01-12 12:22:17,535 INFO: Finished MW computation (delta = ['1'], g = [-1, -2, 0, 0, 1])
2022-01-12 12:22:17,538 INFO: Computing MW group (delta = ['-1', '-1', '1', '-1', '1', '-1'], g = [-1, 1])...
2022-01-12 12:22:17,792 INFO: Finished MW computation (delta = ['-1', '-1', '1', '-1', '1', '-1'], g = [-1, 1])
2022-01-12 12:22:17,795 INFO: Computing MW group (delta = ['-1', '-1', '1', '-1', '1', '-1'], g = [-1, -2, 0, 0, 1])...
2022-01-12 12:22:22,093 INFO: Finished MW computation (delta = ['-1', '-1', '1', '-1', '1', '-1'], g = [-1, -2, 0, 0, 1])
2022-01-12 12:22:22,099 INFO: Reducing MW generators...
2022-01-12 12:22:26,204 INFO: Finished reducing MW generators.
2022-01-12 12:22:26,208 INFO: Tasks complete. Recording data and exiting.
2022-01-14 11:32:24,542 INFO: Loaded curve data from file.
2022-01-14 11:32:24,543 INFO: Skipped Chabauty because no base point (delta = ['1', '0', '-3', '-1', '-1', '2'])
2022-01-14 11:32:24,543 INFO: Skipped Chabauty because rank >= degree(g). (delta = ['-1', '0', '3', '0', '1', '-1'], g = [-1, 1])
2022-01-14 11:32:24,544 INFO: Running elliptic Chabauty (delta = ['-1', '0', '3', '0', '1', '-1'], g = [-1, -2, 0, 0, 1])...
2022-01-14 11:32:35,880 INFO: Chabauty completed successfully (delta = ['-1', '0', '3', '0', '1', '-1'], g = [-1, -2, 0, 0, 1]).
2022-01-14 11:32:35,885 INFO: Skipped Chabauty because rank >= degree(g). (delta = ['1', '1', '1', '0', '-1'], g = [-1, 1])
2022-01-14 11:32:35,885 INFO: Running elliptic Chabauty (delta = ['1', '1', '1', '0', '-1'], g = [-1, -2, 0, 0, 1])...
2022-01-14 11:32:44,851 INFO: Chabauty completed successfully (delta = ['1', '1', '1', '0', '-1'], g = [-1, -2, 0, 0, 1]).
2022-01-14 11:32:44,855 INFO: Skipped Chabauty because rank >= degree(g). (delta = ['1', '0', '-2', '0', '-1', '1'], g = [-1, 1])
2022-01-14 11:32:44,855 INFO: Running elliptic Chabauty (delta = ['1', '0', '-2', '0', '-1', '1'], g = [-1, -2, 0, 0, 1])...
2022-01-14 11:32:57,294 INFO: Chabauty completed successfully (delta = ['1', '0', '-2', '0', '-1', '1'], g = [-1, -2, 0, 0, 1]).
2022-01-14 11:32:57,298 INFO: Skipped Chabauty because no base point (delta = ['-1', '-3', '-2', '1', '1'])
2022-01-14 11:32:57,298 INFO: Skipped Chabauty because no base point (delta = ['-1', '1', '5', '0', '2', '-3'])
2022-01-14 11:32:57,298 INFO: Skipped Chabauty because rank >= degree(g). (delta = ['1'], g = [-1, 1])
2022-01-14 11:32:57,298 INFO: Running elliptic Chabauty (delta = ['1'], g = [-1, -2, 0, 0, 1])...
2022-01-14 11:33:07,259 INFO: Chabauty completed successfully (delta = ['1'], g = [-1, -2, 0, 0, 1]).
2022-01-14 11:33:07,264 INFO: Skipped Chabauty because rank >= degree(g). (delta = ['-1', '-1', '1', '-1', '1', '-1'], g = [-1, 1])
2022-01-14 11:33:07,264 INFO: Running elliptic Chabauty (delta = ['-1', '-1', '1', '-1', '1', '-1'], g = [-1, -2, 0, 0, 1])...
2022-01-14 11:33:15,350 INFO: Chabauty completed successfully (delta = ['-1', '-1', '1', '-1', '1', '-1'], g = [-1, -2, 0, 0, 1]).
2022-01-14 11:33:15,779 INFO: Rational points successfully computed.
2022-01-14 11:33:15,782 INFO: Tasks complete. Recording data and exiting.
2022-02-12 17:09:28,421 INFO: Loaded curve data from file.
2022-02-12 17:09:28,421 INFO: Computing elliptic Chabauty map... (delta = ['-1', '0', '3', '0', '1', '-1'], g = [-1, 1])
2022-02-12 17:09:35,213 INFO: Elliptic Chabauty map computed. (delta = ['-1', '0', '3', '0', '1', '-1'], g = [-1, 1])
2022-02-12 17:09:35,217 INFO: Computing elliptic Chabauty map... (delta = ['-1', '0', '3', '0', '1', '-1'], g = [-1, -2, 0, 0, 1])
2022-02-12 17:09:44,991 INFO: Elliptic Chabauty map computed. (delta = ['-1', '0', '3', '0', '1', '-1'], g = [-1, -2, 0, 0, 1])
2022-02-12 17:09:44,994 INFO: Computing elliptic Chabauty map... (delta = ['1', '1', '1', '0', '-1'], g = [-1, 1])
2022-02-12 17:09:51,693 INFO: Elliptic Chabauty map computed. (delta = ['1', '1', '1', '0', '-1'], g = [-1, 1])
2022-02-12 17:09:51,696 INFO: Computing elliptic Chabauty map... (delta = ['1', '1', '1', '0', '-1'], g = [-1, -2, 0, 0, 1])
2022-02-12 17:10:01,209 INFO: Elliptic Chabauty map computed. (delta = ['1', '1', '1', '0', '-1'], g = [-1, -2, 0, 0, 1])
2022-02-12 17:10:01,213 INFO: Computing elliptic Chabauty map... (delta = ['1', '0', '-2', '0', '-1', '1'], g = [-1, 1])
2022-02-12 17:10:07,862 INFO: Elliptic Chabauty map computed. (delta = ['1', '0', '-2', '0', '-1', '1'], g = [-1, 1])
2022-02-12 17:10:07,866 INFO: Computing elliptic Chabauty map... (delta = ['1', '0', '-2', '0', '-1', '1'], g = [-1, -2, 0, 0, 1])
2022-02-12 17:10:17,348 INFO: Elliptic Chabauty map computed. (delta = ['1', '0', '-2', '0', '-1', '1'], g = [-1, -2, 0, 0, 1])
2022-02-12 17:10:17,352 INFO: Computing elliptic Chabauty map... (delta = ['1'], g = [-1, 1])
2022-02-12 17:10:24,031 INFO: Elliptic Chabauty map computed. (delta = ['1'], g = [-1, 1])
2022-02-12 17:10:24,035 INFO: Computing elliptic Chabauty map... (delta = ['1'], g = [-1, -2, 0, 0, 1])
2022-02-12 17:10:33,552 INFO: Elliptic Chabauty map computed. (delta = ['1'], g = [-1, -2, 0, 0, 1])
2022-02-12 17:10:33,557 INFO: Computing elliptic Chabauty map... (delta = ['-1', '-1', '1', '-1', '1', '-1'], g = [-1, 1])
2022-02-12 17:10:40,225 INFO: Elliptic Chabauty map computed. (delta = ['-1', '-1', '1', '-1', '1', '-1'], g = [-1, 1])
2022-02-12 17:10:40,231 INFO: Computing elliptic Chabauty map... (delta = ['-1', '-1', '1', '-1', '1', '-1'], g = [-1, -2, 0, 0, 1])
2022-02-12 17:10:49,718 INFO: Elliptic Chabauty map computed. (delta = ['-1', '-1', '1', '-1', '1', '-1'], g = [-1, -2, 0, 0, 1])
2022-02-12 17:10:49,723 INFO: Tasks complete. Recording data and exiting.
