2022-01-12 09:25:18,284 INFO: Initialized curve data.
2022-01-12 09:25:18,288 INFO: Setting up initial twist data...
2022-01-12 09:25:19,387 INFO: Twist setup complete.
2022-01-12 09:25:19,387 INFO: Searching for rational points on each twist...
2022-01-12 09:25:21,071 INFO: Finished searching for rational points on each twist.
2022-01-12 09:25:21,072 INFO: Testing local solvability of twists...
2022-01-12 09:25:43,639 INFO: Finished local solvability testing.
2022-01-12 09:25:43,641 INFO: Computing elliptic curve a-invariants...
2022-01-12 09:25:49,013 INFO: Finished computation of a-invariants.
2022-01-12 09:25:49,015 INFO: Computing MW group (delta = ['4', '0', '-7', '-8', '15', '-5'], g = [-4, 1, 6, 7, -14, 5])...
2022-01-14 09:10:37,651 INFO: Loaded curve data from file.
2022-01-14 09:10:37,651 INFO: Reducing MW generators...
2022-01-14 09:10:37,651 INFO: Finished reducing MW generators.
2022-01-14 09:10:37,653 INFO: Skipped Chabauty because MW generators haven't been computed. (delta = ['4', '0', '-7', '-8', '15', '-5'], g = [-4, 1, 6, 7, -14, 5])
2022-01-14 09:10:37,654 INFO: Skipped Chabauty because no base point (delta = ['-1', '0', '1'])
2022-01-14 09:10:37,654 INFO: Skipped Chabauty because MW generators haven't been computed. (delta = ['1'], g = [-4, 1, 6, 7, -14, 5])
2022-01-14 09:10:37,654 INFO: Skipped Chabauty because MW generators haven't been computed. (delta = ['-4', '0', '7', '7', '-14', '5'], g = [-4, 1, 6, 7, -14, 5])
2022-01-14 09:10:37,709 INFO: Tasks complete. Recording data and exiting.
2022-02-12 17:09:57,618 INFO: Loaded curve data from file.
2022-02-12 17:09:57,618 INFO: Computing elliptic Chabauty map... (delta = ['4', '0', '-7', '-8', '15', '-5'], g = [-4, 1, 6, 7, -14, 5])
2022-02-12 17:10:12,189 INFO: Elliptic Chabauty map computed. (delta = ['4', '0', '-7', '-8', '15', '-5'], g = [-4, 1, 6, 7, -14, 5])
2022-02-12 17:10:12,191 INFO: Computing elliptic Chabauty map... (delta = ['1'], g = [-4, 1, 6, 7, -14, 5])
2022-02-12 17:10:26,523 INFO: Elliptic Chabauty map computed. (delta = ['1'], g = [-4, 1, 6, 7, -14, 5])
2022-02-12 17:10:26,525 INFO: Computing elliptic Chabauty map... (delta = ['-4', '0', '7', '7', '-14', '5'], g = [-4, 1, 6, 7, -14, 5])
2022-02-12 17:10:40,721 INFO: Elliptic Chabauty map computed. (delta = ['-4', '0', '7', '7', '-14', '5'], g = [-4, 1, 6, 7, -14, 5])
2022-02-12 17:10:40,723 INFO: Tasks complete. Recording data and exiting.
