2022-01-12 09:25:10,121 INFO: Initialized curve data.
2022-01-12 09:25:10,126 INFO: Setting up initial twist data...
2022-01-12 09:25:11,597 INFO: Twist setup complete.
2022-01-12 09:25:11,597 INFO: Searching for rational points on each twist...
2022-01-12 09:25:13,454 INFO: Finished searching for rational points on each twist.
2022-01-12 09:25:13,454 INFO: Testing local solvability of twists...
2022-01-12 09:25:20,214 INFO: Finished local solvability testing.
2022-01-12 09:25:20,216 INFO: Computing elliptic curve a-invariants...
2022-01-12 09:25:32,974 INFO: Finished computation of a-invariants.
2022-01-12 09:25:32,975 INFO: Skipped MW computation because no base point (delta = ['-1', '-1'])
2022-01-12 09:25:32,975 INFO: Computing MW group (delta = ['1'], g = [4, 9, -14, -15, 4, 4])...
2022-01-12 09:27:28,416 INFO: Finished MW computation (delta = ['1'], g = [4, 9, -14, -15, 4, 4])
2022-01-12 09:27:28,418 INFO: Computing MW group (delta = ['4', '8', '-14', '-15', '4', '4'], g = [4, 9, -14, -15, 4, 4])...
2022-01-12 10:51:55,127 INFO: Finished MW computation (delta = ['4', '8', '-14', '-15', '4', '4'], g = [4, 9, -14, -15, 4, 4])
2022-01-12 10:51:55,136 INFO: Unable to use elliptic Chabauty on twist (delta = ['4', '8', '-14', '-15', '4', '4'])
2022-01-12 10:51:55,137 INFO: Obstruction found to provably computing rational points. Exiting.
2022-01-14 09:10:28,910 INFO: Loaded curve data from file.
2022-01-14 09:10:28,911 INFO: Obstruction already found. Exiting.
2022-02-12 16:54:13,895 INFO: Loaded curve data from file.
2022-02-12 16:54:13,896 INFO: Computing elliptic Chabauty map... (delta = ['1'], g = [4, 9, -14, -15, 4, 4])
2022-02-12 16:54:31,252 INFO: Elliptic Chabauty map computed. (delta = ['1'], g = [4, 9, -14, -15, 4, 4])
2022-02-12 16:54:31,255 INFO: Computing elliptic Chabauty map... (delta = ['4', '8', '-14', '-15', '4', '4'], g = [4, 9, -14, -15, 4, 4])
2022-02-12 16:54:48,338 INFO: Elliptic Chabauty map computed. (delta = ['4', '8', '-14', '-15', '4', '4'], g = [4, 9, -14, -15, 4, 4])
2022-02-12 16:54:48,340 INFO: Computing elliptic Chabauty map... (delta = ['-4', '-8', '15', '15', '-4', '-4'], g = [4, 9, -14, -15, 4, 4])
2022-02-12 16:55:05,420 INFO: Elliptic Chabauty map computed. (delta = ['-4', '-8', '15', '15', '-4', '-4'], g = [4, 9, -14, -15, 4, 4])
2022-02-12 16:55:05,422 INFO: Tasks complete. Recording data and exiting.
