2022-01-12 12:13:52,444 INFO: Initialized curve data.
2022-01-12 12:13:52,446 INFO: Setting up initial twist data...
2022-01-12 12:13:53,806 INFO: Twist setup complete.
2022-01-12 12:13:53,806 INFO: Searching for rational points on each twist...
2022-01-12 12:13:55,973 INFO: Finished searching for rational points on each twist.
2022-01-12 12:13:55,973 INFO: Testing local solvability of twists...
2022-01-12 12:14:01,069 INFO: Finished local solvability testing.
2022-01-12 12:14:01,071 INFO: Computing elliptic curve a-invariants...
2022-01-12 12:14:30,034 INFO: Finished computation of a-invariants.
2022-01-12 12:14:30,036 INFO: Skipped MW computation because no base point (delta = ['-1', '-1'])
2022-01-12 12:14:30,036 INFO: Computing MW group (delta = ['-8', '-16', '5', '10', '0', '-1'], g = [8, 17, -4, -10, 0, 1])...
2022-01-12 12:25:49,412 INFO: Finished MW computation (delta = ['-8', '-16', '5', '10', '0', '-1'], g = [8, 17, -4, -10, 0, 1])
2022-01-12 12:25:49,415 INFO: Computing MW group (delta = ['1'], g = [8, 17, -4, -10, 0, 1])...
2022-01-12 12:40:09,419 INFO: Finished MW computation (delta = ['1'], g = [8, 17, -4, -10, 0, 1])
2022-01-12 12:40:09,422 INFO: Computing MW group (delta = ['8', '16', '-4', '-10', '0', '1'], g = [8, 17, -4, -10, 0, 1])...
2022-01-12 13:52:43,748 INFO: Finished MW computation (delta = ['8', '16', '-4', '-10', '0', '1'], g = [8, 17, -4, -10, 0, 1])
2022-01-12 13:52:43,753 INFO: Reducing MW generators...
2022-01-12 13:52:47,412 INFO: Finished reducing MW generators.
2022-01-12 13:52:47,414 INFO: Tasks complete. Recording data and exiting.
2022-01-14 11:32:43,242 INFO: Loaded curve data from file.
2022-01-14 11:32:43,243 INFO: Skipped Chabauty because no base point (delta = ['-1', '-1'])
2022-01-14 11:32:43,243 INFO: Running elliptic Chabauty (delta = ['-8', '-16', '5', '10', '0', '-1'], g = [8, 17, -4, -10, 0, 1])...
2022-01-14 11:33:01,031 INFO: Chabauty completed successfully (delta = ['-8', '-16', '5', '10', '0', '-1'], g = [8, 17, -4, -10, 0, 1]).
2022-01-14 11:33:01,038 INFO: Running elliptic Chabauty (delta = ['1'], g = [8, 17, -4, -10, 0, 1])...
2022-01-14 11:33:48,448 INFO: Chabauty completed successfully (delta = ['1'], g = [8, 17, -4, -10, 0, 1]).
2022-01-14 11:33:48,451 INFO: Running elliptic Chabauty (delta = ['8', '16', '-4', '-10', '0', '1'], g = [8, 17, -4, -10, 0, 1])...
2022-01-14 11:34:01,819 INFO: Chabauty completed successfully (delta = ['8', '16', '-4', '-10', '0', '1'], g = [8, 17, -4, -10, 0, 1]).
2022-01-14 11:34:02,014 INFO: Rational points successfully computed.
2022-01-14 11:34:02,016 INFO: Tasks complete. Recording data and exiting.
2022-02-12 17:08:38,690 INFO: Loaded curve data from file.
2022-02-12 17:08:38,690 INFO: Computing elliptic Chabauty map... (delta = ['-8', '-16', '5', '10', '0', '-1'], g = [8, 17, -4, -10, 0, 1])
2022-02-12 17:08:54,554 INFO: Elliptic Chabauty map computed. (delta = ['-8', '-16', '5', '10', '0', '-1'], g = [8, 17, -4, -10, 0, 1])
2022-02-12 17:08:54,557 INFO: Computing elliptic Chabauty map... (delta = ['1'], g = [8, 17, -4, -10, 0, 1])
2022-02-12 17:09:10,058 INFO: Elliptic Chabauty map computed. (delta = ['1'], g = [8, 17, -4, -10, 0, 1])
2022-02-12 17:09:10,061 INFO: Computing elliptic Chabauty map... (delta = ['8', '16', '-4', '-10', '0', '1'], g = [8, 17, -4, -10, 0, 1])
2022-02-12 17:09:25,575 INFO: Elliptic Chabauty map computed. (delta = ['8', '16', '-4', '-10', '0', '1'], g = [8, 17, -4, -10, 0, 1])
2022-02-12 17:09:25,578 INFO: Tasks complete. Recording data and exiting.
