2022-02-01 12:33:52,267 INFO: Initialized curve data.
2022-02-01 12:33:52,272 INFO: Setting up initial twist data...
2022-02-01 12:33:53,149 INFO: Twist setup complete.
2022-02-01 12:33:53,149 INFO: Searching for rational points on each twist...
2022-02-01 12:33:54,974 INFO: Finished searching for rational points on each twist.
2022-02-01 12:33:54,974 INFO: Testing local solvability of twists...
2022-02-01 12:34:13,319 INFO: Finished local solvability testing.
2022-02-01 12:34:13,320 INFO: Computing elliptic curve a-invariants...
2022-02-01 12:34:21,704 INFO: Finished computation of a-invariants.
2022-02-01 12:34:21,705 INFO: Computing MW group (delta = ['4', '4', '4', '-12', '-4', '4'], g = [2, 5, 4, -12, -4, 4])...
2022-02-01 12:39:51,051 INFO: Finished MW computation (delta = ['4', '4', '4', '-12', '-4', '4'], g = [2, 5, 4, -12, -4, 4])
2022-02-01 12:39:51,053 INFO: Computing MW group (delta = ['1'], g = [2, 5, 4, -12, -4, 4])...
2022-02-01 12:44:14,536 INFO: Finished MW computation (delta = ['1'], g = [2, 5, 4, -12, -4, 4])
2022-02-01 12:44:14,538 INFO: Skipped MW computation because no base point (delta = ['12', '12', '21', '-49', '-16', '16'])
2022-02-01 12:44:14,539 INFO: Computing MW group (delta = ['0', '-8', '-3', '12', '4', '-4'], g = [2, 5, 4, -12, -4, 4])...
2022-02-02 04:48:17,887 INFO: Loaded curve data from file.
2022-02-02 04:48:17,888 INFO: Reducing MW generators...
2022-02-02 04:48:18,057 INFO: Finished reducing MW generators.
2022-02-02 04:48:18,059 INFO: Skipped Chabauty because MW group hasn't been provably computed. (delta = ['4', '4', '4', '-12', '-4', '4'], g = [2, 5, 4, -12, -4, 4])
2022-02-02 04:48:18,060 INFO: Skipped Chabauty because MW group hasn't been provably computed. (delta = ['1'], g = [2, 5, 4, -12, -4, 4])
2022-02-02 04:48:18,060 INFO: Skipped Chabauty because no base point (delta = ['12', '12', '21', '-49', '-16', '16'])
2022-02-02 04:48:18,060 INFO: Skipped Chabauty because MW generators haven't been computed. (delta = ['0', '-8', '-3', '12', '4', '-4'], g = [2, 5, 4, -12, -4, 4])
2022-02-02 04:48:18,112 INFO: Tasks complete. Recording data and exiting.
2022-02-12 16:41:14,224 INFO: Loaded curve data from file.
2022-02-12 16:41:14,224 INFO: Computing elliptic Chabauty map... (delta = ['4', '4', '4', '-12', '-4', '4'], g = [2, 5, 4, -12, -4, 4])
2022-02-12 16:41:30,184 INFO: Elliptic Chabauty map computed. (delta = ['4', '4', '4', '-12', '-4', '4'], g = [2, 5, 4, -12, -4, 4])
2022-02-12 16:41:30,187 INFO: Computing elliptic Chabauty map... (delta = ['1'], g = [2, 5, 4, -12, -4, 4])
2022-02-12 16:41:45,975 INFO: Elliptic Chabauty map computed. (delta = ['1'], g = [2, 5, 4, -12, -4, 4])
2022-02-12 16:41:45,977 INFO: Computing elliptic Chabauty map... (delta = ['0', '-8', '-3', '12', '4', '-4'], g = [2, 5, 4, -12, -4, 4])
2022-02-12 16:42:01,739 INFO: Elliptic Chabauty map computed. (delta = ['0', '-8', '-3', '12', '4', '-4'], g = [2, 5, 4, -12, -4, 4])
2022-02-12 16:42:01,741 INFO: Tasks complete. Recording data and exiting.
