2022-01-13 21:55:03,185 INFO: Initialized curve data.
2022-01-13 21:55:03,188 INFO: Setting up initial twist data...
2022-01-13 21:55:04,393 INFO: Twist setup complete.
2022-01-13 21:55:04,393 INFO: Searching for rational points on each twist...
2022-01-13 21:55:06,331 INFO: Finished searching for rational points on each twist.
2022-01-13 21:55:06,331 INFO: Testing local solvability of twists...
2022-01-13 21:55:08,914 INFO: Finished local solvability testing.
2022-01-13 21:55:08,915 INFO: Computing elliptic curve a-invariants...
2022-01-13 21:55:15,799 INFO: Finished computation of a-invariants.
2022-01-13 21:55:15,800 INFO: Skipped MW computation because no base point (delta = ['1', '0', '1'])
2022-01-13 21:55:15,801 INFO: Computing MW group (delta = ['4', '-1', '5', '-1', '-3', '-3'], g = [-4, 0, -4, 0, 4, 3])...
2022-01-14 11:38:17,500 INFO: Loaded curve data from file.
2022-01-14 11:38:17,500 INFO: Reducing MW generators...
2022-01-14 11:38:17,500 INFO: Finished reducing MW generators.
2022-01-14 11:38:17,502 INFO: Skipped Chabauty because no base point (delta = ['1', '0', '1'])
2022-01-14 11:38:17,502 INFO: Skipped Chabauty because MW generators haven't been computed. (delta = ['4', '-1', '5', '-1', '-3', '-3'], g = [-4, 0, -4, 0, 4, 3])
2022-01-14 11:38:17,502 INFO: Skipped Chabauty because MW generators haven't been computed. (delta = ['4', '-1', '5', '0', '-4', '-3'], g = [-4, 0, -4, 0, 4, 3])
2022-01-14 11:38:17,502 INFO: Skipped Chabauty because MW generators haven't been computed. (delta = ['1'], g = [-4, 0, -4, 0, 4, 3])
2022-01-14 11:38:17,545 INFO: Tasks complete. Recording data and exiting.
2022-02-12 17:03:19,681 INFO: Loaded curve data from file.
2022-02-12 17:03:19,681 INFO: Computing elliptic Chabauty map... (delta = ['4', '-1', '5', '-1', '-3', '-3'], g = [-4, 0, -4, 0, 4, 3])
2022-02-12 17:03:29,115 INFO: Elliptic Chabauty map computed. (delta = ['4', '-1', '5', '-1', '-3', '-3'], g = [-4, 0, -4, 0, 4, 3])
2022-02-12 17:03:29,118 INFO: Computing elliptic Chabauty map... (delta = ['4', '-1', '5', '0', '-4', '-3'], g = [-4, 0, -4, 0, 4, 3])
2022-02-12 17:03:38,075 INFO: Elliptic Chabauty map computed. (delta = ['4', '-1', '5', '0', '-4', '-3'], g = [-4, 0, -4, 0, 4, 3])
2022-02-12 17:03:38,077 INFO: Computing elliptic Chabauty map... (delta = ['1'], g = [-4, 0, -4, 0, 4, 3])
2022-02-12 17:03:47,045 INFO: Elliptic Chabauty map computed. (delta = ['1'], g = [-4, 0, -4, 0, 4, 3])
2022-02-12 17:03:47,048 INFO: Tasks complete. Recording data and exiting.
