2022-01-13 21:54:34,403 INFO: Initialized curve data.
2022-01-13 21:54:34,406 INFO: Setting up initial twist data...
2022-01-13 21:54:35,685 INFO: Twist setup complete.
2022-01-13 21:54:35,685 INFO: Searching for rational points on each twist...
2022-01-13 21:54:39,303 INFO: Finished searching for rational points on each twist.
2022-01-13 21:54:39,303 INFO: Testing local solvability of twists...
2022-01-13 21:55:51,913 INFO: Finished local solvability testing.
2022-01-13 21:55:51,915 INFO: Computing elliptic curve a-invariants...
2022-01-13 21:55:57,351 INFO: Finished computation of a-invariants.
2022-01-13 21:55:57,354 INFO: Skipped MW computation because no base point (delta = ['2/3', '4', '-6', '0', '4/3', '1/6'])
2022-01-13 21:55:57,354 INFO: Computing MW group (delta = ['4', '24', '-44', '6', '8', '1'], g = [-1, 1])...
2022-01-13 21:55:57,841 INFO: Finished MW computation (delta = ['4', '24', '-44', '6', '8', '1'], g = [-1, 1])
2022-01-13 21:55:57,843 INFO: Computing MW group (delta = ['4', '24', '-44', '6', '8', '1'], g = [-4, -29, 15, 9, 1])...
2022-01-13 21:56:37,765 INFO: Finished MW computation (delta = ['4', '24', '-44', '6', '8', '1'], g = [-4, -29, 15, 9, 1])
2022-01-13 21:56:37,768 INFO: Computing MW group (delta = ['4', '28', '-14', '-9', '-1'], g = [-1, 1])...
2022-01-13 21:56:38,001 INFO: Finished MW computation (delta = ['4', '28', '-14', '-9', '-1'], g = [-1, 1])
2022-01-13 21:56:38,004 INFO: Computing MW group (delta = ['4', '28', '-14', '-9', '-1'], g = [-4, -29, 15, 9, 1])...
2022-01-13 21:56:46,682 INFO: Finished MW computation (delta = ['4', '28', '-14', '-9', '-1'], g = [-4, -29, 15, 9, 1])
2022-01-13 21:56:46,685 INFO: Computing MW group (delta = ['16', '96', '-204', '38', '41', '5'], g = [-1, 1])...
2022-01-13 21:56:47,020 INFO: Finished MW computation (delta = ['16', '96', '-204', '38', '41', '5'], g = [-1, 1])
2022-01-13 21:56:47,023 INFO: Computing MW group (delta = ['16', '96', '-204', '38', '41', '5'], g = [-4, -29, 15, 9, 1])...
2022-01-13 21:59:42,343 INFO: Finished MW computation (delta = ['16', '96', '-204', '38', '41', '5'], g = [-4, -29, 15, 9, 1])
2022-01-13 21:59:42,346 INFO: Computing MW group (delta = ['1/6', '-4/3', '1'], g = [-1, 1])...
2022-01-13 21:59:42,811 INFO: Finished MW computation (delta = ['1/6', '-4/3', '1'], g = [-1, 1])
2022-01-13 21:59:42,814 INFO: Computing MW group (delta = ['1/6', '-4/3', '1'], g = [-4, -29, 15, 9, 1])...
2022-01-13 22:00:16,886 INFO: Finished MW computation (delta = ['1/6', '-4/3', '1'], g = [-4, -29, 15, 9, 1])
2022-01-13 22:00:16,889 INFO: Unable to use elliptic Chabauty on twist (delta = ['1/6', '-4/3', '1'])
2022-01-13 22:00:16,891 INFO: Obstruction found to provably computing rational points. Exiting.
2022-01-14 11:35:09,684 INFO: Loaded curve data from file.
2022-01-14 11:35:09,684 INFO: Obstruction already found. Exiting.
2022-02-12 17:01:17,093 INFO: Loaded curve data from file.
2022-02-12 17:01:17,093 INFO: Computing elliptic Chabauty map... (delta = ['4', '24', '-44', '6', '8', '1'], g = [-1, 1])
2022-02-12 17:01:27,611 INFO: Elliptic Chabauty map computed. (delta = ['4', '24', '-44', '6', '8', '1'], g = [-1, 1])
2022-02-12 17:01:27,615 INFO: Computing elliptic Chabauty map... (delta = ['4', '24', '-44', '6', '8', '1'], g = [-4, -29, 15, 9, 1])
2022-02-12 17:01:40,216 INFO: Elliptic Chabauty map computed. (delta = ['4', '24', '-44', '6', '8', '1'], g = [-4, -29, 15, 9, 1])
2022-02-12 17:01:40,219 INFO: Computing elliptic Chabauty map... (delta = ['4', '28', '-14', '-9', '-1'], g = [-1, 1])
2022-02-12 17:01:50,496 INFO: Elliptic Chabauty map computed. (delta = ['4', '28', '-14', '-9', '-1'], g = [-1, 1])
2022-02-12 17:01:50,500 INFO: Computing elliptic Chabauty map... (delta = ['4', '28', '-14', '-9', '-1'], g = [-4, -29, 15, 9, 1])
2022-02-12 17:02:03,033 INFO: Elliptic Chabauty map computed. (delta = ['4', '28', '-14', '-9', '-1'], g = [-4, -29, 15, 9, 1])
2022-02-12 17:02:03,037 INFO: Computing elliptic Chabauty map... (delta = ['16', '96', '-204', '38', '41', '5'], g = [-1, 1])
2022-02-12 17:02:13,490 INFO: Elliptic Chabauty map computed. (delta = ['16', '96', '-204', '38', '41', '5'], g = [-1, 1])
2022-02-12 17:02:13,493 INFO: Computing elliptic Chabauty map... (delta = ['16', '96', '-204', '38', '41', '5'], g = [-4, -29, 15, 9, 1])
2022-02-12 17:02:26,115 INFO: Elliptic Chabauty map computed. (delta = ['16', '96', '-204', '38', '41', '5'], g = [-4, -29, 15, 9, 1])
2022-02-12 17:02:26,119 INFO: Computing elliptic Chabauty map... (delta = ['1/6', '-4/3', '1'], g = [-1, 1])
2022-02-12 17:02:36,709 INFO: Elliptic Chabauty map computed. (delta = ['1/6', '-4/3', '1'], g = [-1, 1])
2022-02-12 17:02:36,712 INFO: Computing elliptic Chabauty map... (delta = ['1/6', '-4/3', '1'], g = [-4, -29, 15, 9, 1])
2022-02-12 17:02:49,580 INFO: Elliptic Chabauty map computed. (delta = ['1/6', '-4/3', '1'], g = [-4, -29, 15, 9, 1])
2022-02-12 17:02:49,585 INFO: Computing elliptic Chabauty map... (delta = ['1'], g = [-1, 1])
2022-02-12 17:02:59,962 INFO: Elliptic Chabauty map computed. (delta = ['1'], g = [-1, 1])
2022-02-12 17:02:59,967 INFO: Computing elliptic Chabauty map... (delta = ['1'], g = [-4, -29, 15, 9, 1])
2022-02-12 17:03:12,645 INFO: Elliptic Chabauty map computed. (delta = ['1'], g = [-4, -29, 15, 9, 1])
2022-02-12 17:03:12,649 INFO: Tasks complete. Recording data and exiting.
