2022-01-12 09:25:32,233 INFO: Initialized curve data.
2022-01-12 09:25:32,238 INFO: Setting up initial twist data...
2022-01-12 09:25:33,439 INFO: Twist setup complete.
2022-01-12 09:25:33,439 INFO: Searching for rational points on each twist...
2022-01-12 09:25:36,320 INFO: Finished searching for rational points on each twist.
2022-01-12 09:25:36,320 INFO: Testing local solvability of twists...
2022-01-12 09:26:07,948 INFO: Finished local solvability testing.
2022-01-12 09:26:07,951 INFO: Computing elliptic curve a-invariants...
2022-01-12 09:26:12,449 INFO: Finished computation of a-invariants.
2022-01-12 09:26:12,451 INFO: Computing MW group (delta = ['-4', '-23', '-35', '-5', '15'], g = [1, 1])...
2022-01-12 09:26:12,897 INFO: Finished MW computation (delta = ['-4', '-23', '-35', '-5', '15'], g = [1, 1])
2022-01-12 09:26:12,900 INFO: Computing MW group (delta = ['-4', '-23', '-35', '-5', '15'], g = [-4, -24, -36, -5, 15])...
2022-01-12 09:26:23,768 INFO: Finished MW computation (delta = ['-4', '-23', '-35', '-5', '15'], g = [-4, -24, -36, -5, 15])
2022-01-12 09:26:23,775 INFO: Skipped MW computation because no base point (delta = ['-1/4', '1/4', '6', '21/2', '9/4', '-15/4'])
2022-01-12 09:26:23,775 INFO: Computing MW group (delta = ['-2', '-11/2', '20', '54', '16', '-45/2'], g = [1, 1])...
2022-01-12 09:26:24,215 INFO: Finished MW computation (delta = ['-2', '-11/2', '20', '54', '16', '-45/2'], g = [1, 1])
2022-01-12 09:26:24,218 INFO: Computing MW group (delta = ['-2', '-11/2', '20', '54', '16', '-45/2'], g = [-4, -24, -36, -5, 15])...
2022-01-12 09:27:23,478 INFO: Finished MW computation (delta = ['-2', '-11/2', '20', '54', '16', '-45/2'], g = [-4, -24, -36, -5, 15])
2022-01-12 09:27:23,483 INFO: Unable to use elliptic Chabauty on twist (delta = ['-2', '-11/2', '20', '54', '16', '-45/2'])
2022-01-12 09:27:23,486 INFO: Obstruction found to provably computing rational points. Exiting.
2022-01-14 09:13:19,715 INFO: Loaded curve data from file.
2022-01-14 09:13:19,716 INFO: Obstruction already found. Exiting.
2022-02-12 17:20:23,469 INFO: Loaded curve data from file.
2022-02-12 17:20:23,470 INFO: Computing elliptic Chabauty map... (delta = ['-4', '-23', '-35', '-5', '15'], g = [1, 1])
2022-02-12 17:20:34,832 INFO: Elliptic Chabauty map computed. (delta = ['-4', '-23', '-35', '-5', '15'], g = [1, 1])
2022-02-12 17:20:34,835 INFO: Computing elliptic Chabauty map... (delta = ['-4', '-23', '-35', '-5', '15'], g = [-4, -24, -36, -5, 15])
2022-02-12 17:20:47,996 INFO: Elliptic Chabauty map computed. (delta = ['-4', '-23', '-35', '-5', '15'], g = [-4, -24, -36, -5, 15])
2022-02-12 17:20:48,000 INFO: Computing elliptic Chabauty map... (delta = ['-2', '-11/2', '20', '54', '16', '-45/2'], g = [1, 1])
2022-02-12 17:20:58,612 INFO: Elliptic Chabauty map computed. (delta = ['-2', '-11/2', '20', '54', '16', '-45/2'], g = [1, 1])
2022-02-12 17:20:58,616 INFO: Computing elliptic Chabauty map... (delta = ['-2', '-11/2', '20', '54', '16', '-45/2'], g = [-4, -24, -36, -5, 15])
2022-02-12 17:21:11,829 INFO: Elliptic Chabauty map computed. (delta = ['-2', '-11/2', '20', '54', '16', '-45/2'], g = [-4, -24, -36, -5, 15])
2022-02-12 17:21:11,833 INFO: Computing elliptic Chabauty map... (delta = ['-1/2', '0', '1'], g = [1, 1])
2022-02-12 17:21:22,438 INFO: Elliptic Chabauty map computed. (delta = ['-1/2', '0', '1'], g = [1, 1])
2022-02-12 17:21:22,443 INFO: Computing elliptic Chabauty map... (delta = ['-1/2', '0', '1'], g = [-4, -24, -36, -5, 15])
2022-02-12 17:21:35,500 INFO: Elliptic Chabauty map computed. (delta = ['-1/2', '0', '1'], g = [-4, -24, -36, -5, 15])
2022-02-12 17:21:35,504 INFO: Computing elliptic Chabauty map... (delta = ['1'], g = [1, 1])
2022-02-12 17:21:46,160 INFO: Elliptic Chabauty map computed. (delta = ['1'], g = [1, 1])
2022-02-12 17:21:46,165 INFO: Computing elliptic Chabauty map... (delta = ['1'], g = [-4, -24, -36, -5, 15])
2022-02-12 17:21:59,375 INFO: Elliptic Chabauty map computed. (delta = ['1'], g = [-4, -24, -36, -5, 15])
2022-02-12 17:21:59,379 INFO: Computing elliptic Chabauty map... (delta = ['2', '31/2', '83/2', '79/2', '-3/2', '-15'], g = [1, 1])
2022-02-12 17:22:09,988 INFO: Elliptic Chabauty map computed. (delta = ['2', '31/2', '83/2', '79/2', '-3/2', '-15'], g = [1, 1])
2022-02-12 17:22:09,993 INFO: Computing elliptic Chabauty map... (delta = ['2', '31/2', '83/2', '79/2', '-3/2', '-15'], g = [-4, -24, -36, -5, 15])
2022-02-12 17:22:23,159 INFO: Elliptic Chabauty map computed. (delta = ['2', '31/2', '83/2', '79/2', '-3/2', '-15'], g = [-4, -24, -36, -5, 15])
2022-02-12 17:22:23,164 INFO: Tasks complete. Recording data and exiting.
