2022-01-11 15:16:03,219 INFO: Initialized curve data.
2022-01-11 15:16:03,231 INFO: Setting up initial twist data...
2022-01-11 15:16:04,755 INFO: Twist setup complete.
2022-01-11 15:16:04,756 INFO: Searching for rational points on each twist...
2022-01-11 15:16:06,382 INFO: Finished searching for rational points on each twist.
2022-01-11 15:16:06,382 INFO: Testing local solvability of twists...
2022-01-11 15:16:40,536 INFO: Finished local solvability testing.
2022-01-11 15:16:40,538 INFO: Computing elliptic curve a-invariants...
2022-01-11 15:16:57,137 INFO: Finished computation of a-invariants.
2022-01-11 15:16:57,139 INFO: Skipped MW computation because no base point (delta = ['5/3', '-3', '1'])
2022-01-11 15:16:57,139 INFO: Computing MW group (delta = ['-5', '14', '-31/3', '0', '1'], g = [11, -17, -17, 17, 9, 1])...
2022-01-11 15:17:48,870 INFO: Finished MW computation (delta = ['-5', '14', '-31/3', '0', '1'], g = [11, -17, -17, 17, 9, 1])
2022-01-11 15:17:48,873 INFO: Skipped MW computation because no base point (delta = ['-3', '3', '1'])
2022-01-11 15:17:48,873 INFO: Computing MW group (delta = ['1'], g = [11, -17, -17, 17, 9, 1])...
2022-01-11 15:21:02,417 INFO: Finished MW computation (delta = ['1'], g = [11, -17, -17, 17, 9, 1])
2022-01-11 15:21:02,421 INFO: Reducing MW generators...
2022-01-11 15:21:05,007 INFO: Finished reducing MW generators.
2022-01-11 15:21:05,009 INFO: Tasks complete. Recording data and exiting.
2022-01-14 09:07:42,323 INFO: Loaded curve data from file.
2022-01-14 09:07:42,324 INFO: Skipped Chabauty because no base point (delta = ['5/3', '-3', '1'])
2022-01-14 09:07:42,324 INFO: Running elliptic Chabauty (delta = ['-5', '14', '-31/3', '0', '1'], g = [11, -17, -17, 17, 9, 1])...
2022-01-14 09:08:09,658 INFO: Chabauty completed successfully (delta = ['-5', '14', '-31/3', '0', '1'], g = [11, -17, -17, 17, 9, 1]).
2022-01-14 09:08:09,706 INFO: Skipped Chabauty because no base point (delta = ['-3', '3', '1'])
2022-01-14 09:08:09,706 INFO: Running elliptic Chabauty (delta = ['1'], g = [11, -17, -17, 17, 9, 1])...
2022-02-12 17:15:10,142 INFO: Loaded curve data from file.
2022-02-12 17:15:10,142 INFO: Computing elliptic Chabauty map... (delta = ['-5', '14', '-31/3', '0', '1'], g = [11, -17, -17, 17, 9, 1])
2022-02-12 17:15:32,731 INFO: Elliptic Chabauty map computed. (delta = ['-5', '14', '-31/3', '0', '1'], g = [11, -17, -17, 17, 9, 1])
2022-02-12 17:15:32,735 INFO: Computing elliptic Chabauty map... (delta = ['1'], g = [11, -17, -17, 17, 9, 1])
2022-02-12 17:15:54,677 INFO: Elliptic Chabauty map computed. (delta = ['1'], g = [11, -17, -17, 17, 9, 1])
2022-02-12 17:15:54,679 INFO: Tasks complete. Recording data and exiting.
