2022-01-11 15:23:22,365 INFO: Initialized curve data.
2022-01-11 15:23:22,368 INFO: Setting up initial twist data...
2022-01-11 15:23:23,446 INFO: Twist setup complete.
2022-01-11 15:23:23,446 INFO: Searching for rational points on each twist...
2022-01-11 15:23:26,493 INFO: Finished searching for rational points on each twist.
2022-01-11 15:23:26,493 INFO: Testing local solvability of twists...
2022-01-11 15:23:45,989 INFO: Finished local solvability testing.
2022-01-11 15:23:45,991 INFO: Computing elliptic curve a-invariants...
2022-01-11 15:23:51,137 INFO: Finished computation of a-invariants.
2022-01-11 15:23:51,140 INFO: Skipped MW computation because no base point (delta = ['-1', '-5', '12', '8', '1', '1'])
2022-01-11 15:23:51,140 INFO: Skipped MW computation because no base point (delta = ['4', '-15', '4', '6', '0', '1'])
2022-01-11 15:23:51,140 INFO: Computing MW group (delta = ['-4', '-57', '211', '138', '19', '17'], g = [1, 1])...
2022-01-11 15:23:51,541 INFO: Finished MW computation (delta = ['-4', '-57', '211', '138', '19', '17'], g = [1, 1])
2022-01-11 15:23:51,544 INFO: Computing MW group (delta = ['-4', '-57', '211', '138', '19', '17'], g = [-4, 12, 8, 1, 1])...
2022-01-11 15:24:10,833 INFO: Finished MW computation (delta = ['-4', '-57', '211', '138', '19', '17'], g = [-4, 12, 8, 1, 1])
2022-01-11 15:24:10,838 INFO: Computing MW group (delta = ['1', '-1'], g = [1, 1])...
2022-01-11 15:24:11,179 INFO: Finished MW computation (delta = ['1', '-1'], g = [1, 1])
2022-01-11 15:24:11,182 INFO: Computing MW group (delta = ['1', '-1'], g = [-4, 12, 8, 1, 1])...
2022-01-11 15:24:45,534 INFO: Finished MW computation (delta = ['1', '-1'], g = [-4, 12, 8, 1, 1])
2022-01-11 15:24:45,538 INFO: Computing MW group (delta = ['-4', '-25', '114', '72', '10', '9'], g = [1, 1])...
2022-01-11 15:24:45,896 INFO: Finished MW computation (delta = ['-4', '-25', '114', '72', '10', '9'], g = [1, 1])
2022-01-11 15:24:45,899 INFO: Computing MW group (delta = ['-4', '-25', '114', '72', '10', '9'], g = [-4, 12, 8, 1, 1])...
2022-01-11 15:40:41,989 INFO: Finished MW computation (delta = ['-4', '-25', '114', '72', '10', '9'], g = [-4, 12, 8, 1, 1])
2022-01-11 15:40:41,994 INFO: Computing MW group (delta = ['1'], g = [1, 1])...
2022-01-11 15:40:42,332 INFO: Finished MW computation (delta = ['1'], g = [1, 1])
2022-01-11 15:40:42,338 INFO: Computing MW group (delta = ['1'], g = [-4, 12, 8, 1, 1])...
2022-01-14 09:07:50,544 INFO: Loaded curve data from file.
2022-01-14 09:07:50,545 INFO: Reducing MW generators...
2022-01-14 09:07:51,331 INFO: Finished reducing MW generators.
2022-01-14 09:07:51,335 INFO: Skipped Chabauty because no base point (delta = ['-1', '-5', '12', '8', '1', '1'])
2022-01-14 09:07:51,335 INFO: Skipped Chabauty because no base point (delta = ['4', '-15', '4', '6', '0', '1'])
2022-01-14 09:07:51,335 INFO: Skipped Chabauty because rank >= degree(g). (delta = ['-4', '-57', '211', '138', '19', '17'], g = [1, 1])
2022-01-14 09:07:51,335 INFO: Skipped Chabauty because MW group hasn't been provably computed. (delta = ['-4', '-57', '211', '138', '19', '17'], g = [-4, 12, 8, 1, 1])
2022-01-14 09:07:51,335 INFO: Skipped Chabauty because rank >= degree(g). (delta = ['1', '-1'], g = [1, 1])
2022-01-14 09:07:51,335 INFO: Skipped Chabauty because MW group hasn't been provably computed. (delta = ['1', '-1'], g = [-4, 12, 8, 1, 1])
2022-01-14 09:07:51,335 INFO: Skipped Chabauty because rank >= degree(g). (delta = ['-4', '-25', '114', '72', '10', '9'], g = [1, 1])
2022-01-14 09:07:51,335 INFO: Running elliptic Chabauty (delta = ['-4', '-25', '114', '72', '10', '9'], g = [-4, 12, 8, 1, 1])...
2022-01-14 09:08:02,378 INFO: Chabauty completed successfully (delta = ['-4', '-25', '114', '72', '10', '9'], g = [-4, 12, 8, 1, 1]).
2022-01-14 09:08:02,383 INFO: Skipped Chabauty because rank >= degree(g). (delta = ['1'], g = [1, 1])
2022-01-14 09:08:02,383 INFO: Skipped Chabauty because MW generators haven't been computed. (delta = ['1'], g = [-4, 12, 8, 1, 1])
2022-01-14 09:08:02,383 INFO: Skipped Chabauty because MW generators haven't been computed. (delta = ['4', '-11', '-7', '-1', '-1'], g = [1, 1])
2022-01-14 09:08:02,383 INFO: Skipped Chabauty because MW generators haven't been computed. (delta = ['4', '-11', '-7', '-1', '-1'], g = [-4, 12, 8, 1, 1])
2022-01-14 09:08:02,383 INFO: Skipped Chabauty because no base point (delta = ['-1', '-8', '25', '16', '2', '2'])
2022-01-14 09:08:02,578 INFO: Tasks complete. Recording data and exiting.
2022-02-12 17:19:04,312 INFO: Loaded curve data from file.
2022-02-12 17:19:04,312 INFO: Computing elliptic Chabauty map... (delta = ['-4', '-57', '211', '138', '19', '17'], g = [1, 1])
2022-02-12 17:19:14,876 INFO: Elliptic Chabauty map computed. (delta = ['-4', '-57', '211', '138', '19', '17'], g = [1, 1])
2022-02-12 17:19:14,880 INFO: Computing elliptic Chabauty map... (delta = ['-4', '-57', '211', '138', '19', '17'], g = [-4, 12, 8, 1, 1])
2022-02-12 17:19:27,607 INFO: Elliptic Chabauty map computed. (delta = ['-4', '-57', '211', '138', '19', '17'], g = [-4, 12, 8, 1, 1])
2022-02-12 17:19:27,611 INFO: Computing elliptic Chabauty map... (delta = ['1', '-1'], g = [1, 1])
2022-02-12 17:19:38,109 INFO: Elliptic Chabauty map computed. (delta = ['1', '-1'], g = [1, 1])
2022-02-12 17:19:38,112 INFO: Computing elliptic Chabauty map... (delta = ['1', '-1'], g = [-4, 12, 8, 1, 1])
2022-02-12 17:19:50,603 INFO: Elliptic Chabauty map computed. (delta = ['1', '-1'], g = [-4, 12, 8, 1, 1])
2022-02-12 17:19:50,607 INFO: Computing elliptic Chabauty map... (delta = ['-4', '-25', '114', '72', '10', '9'], g = [1, 1])
2022-02-12 17:20:01,077 INFO: Elliptic Chabauty map computed. (delta = ['-4', '-25', '114', '72', '10', '9'], g = [1, 1])
2022-02-12 17:20:01,081 INFO: Computing elliptic Chabauty map... (delta = ['-4', '-25', '114', '72', '10', '9'], g = [-4, 12, 8, 1, 1])
2022-02-12 17:20:13,679 INFO: Elliptic Chabauty map computed. (delta = ['-4', '-25', '114', '72', '10', '9'], g = [-4, 12, 8, 1, 1])
2022-02-12 17:20:13,683 INFO: Computing elliptic Chabauty map... (delta = ['1'], g = [1, 1])
2022-02-12 17:20:24,147 INFO: Elliptic Chabauty map computed. (delta = ['1'], g = [1, 1])
2022-02-12 17:20:24,151 INFO: Computing elliptic Chabauty map... (delta = ['1'], g = [-4, 12, 8, 1, 1])
2022-02-12 17:20:36,619 INFO: Elliptic Chabauty map computed. (delta = ['1'], g = [-4, 12, 8, 1, 1])
2022-02-12 17:20:36,624 INFO: Computing elliptic Chabauty map... (delta = ['4', '-11', '-7', '-1', '-1'], g = [1, 1])
2022-02-12 17:20:47,183 INFO: Elliptic Chabauty map computed. (delta = ['4', '-11', '-7', '-1', '-1'], g = [1, 1])
2022-02-12 17:20:47,188 INFO: Computing elliptic Chabauty map... (delta = ['4', '-11', '-7', '-1', '-1'], g = [-4, 12, 8, 1, 1])
2022-02-12 17:20:59,720 INFO: Elliptic Chabauty map computed. (delta = ['4', '-11', '-7', '-1', '-1'], g = [-4, 12, 8, 1, 1])
2022-02-12 17:20:59,726 INFO: Tasks complete. Recording data and exiting.
