2022-01-11 12:29:14,616 INFO: Initialized curve data.
2022-01-11 12:29:14,618 INFO: Setting up initial twist data...
2022-01-11 12:29:15,499 INFO: Twist setup complete.
2022-01-11 12:29:15,499 INFO: Searching for rational points on each twist...
2022-01-11 12:29:16,945 INFO: Finished searching for rational points on each twist.
2022-01-11 12:29:16,945 INFO: Testing local solvability of twists...
2022-01-11 12:29:16,950 INFO: Finished local solvability testing.
2022-01-11 12:29:16,951 INFO: Computing elliptic curve a-invariants...
2022-01-11 12:29:29,757 INFO: Finished computation of a-invariants.
2022-01-11 12:29:29,759 INFO: Computing MW group (delta = ['-1/2', '0', '1'], g = [-4, 12, 4, -31, 6, 17])...
2022-01-11 12:47:56,923 INFO: Finished MW computation (delta = ['-1/2', '0', '1'], g = [-4, 12, 4, -31, 6, 17])
2022-01-11 12:47:56,928 INFO: Computing MW group (delta = ['1'], g = [-4, 12, 4, -31, 6, 17])...
2022-01-11 12:49:48,512 INFO: Finished MW computation (delta = ['1'], g = [-4, 12, 4, -31, 6, 17])
2022-01-11 12:49:48,516 INFO: Computing MW group (delta = ['-1', '1', '1'], g = [-4, 12, 4, -31, 6, 17])...
2022-01-11 12:51:44,712 INFO: Finished MW computation (delta = ['-1', '1', '1'], g = [-4, 12, 4, -31, 6, 17])
2022-01-11 12:51:44,715 INFO: Computing MW group (delta = ['1/2', '-1/2', '-3/2', '1', '1'], g = [-4, 12, 4, -31, 6, 17])...
2022-01-11 12:53:08,710 INFO: Finished MW computation (delta = ['1/2', '-1/2', '-3/2', '1', '1'], g = [-4, 12, 4, -31, 6, 17])
2022-01-11 12:53:08,716 INFO: Reducing MW generators...
2022-01-11 12:53:11,818 INFO: Finished reducing MW generators.
2022-01-11 12:53:11,821 INFO: Tasks complete. Recording data and exiting.
2022-01-13 17:36:33,938 INFO: Loaded curve data from file.
2022-01-13 17:36:33,939 INFO: Running elliptic Chabauty (delta = ['-1/2', '0', '1'], g = [-4, 12, 4, -31, 6, 17])...
2022-01-13 17:36:54,916 INFO: Chabauty completed successfully (delta = ['-1/2', '0', '1'], g = [-4, 12, 4, -31, 6, 17]).
2022-01-13 17:36:54,918 INFO: Running elliptic Chabauty (delta = ['1'], g = [-4, 12, 4, -31, 6, 17])...
2022-01-13 17:37:12,889 INFO: Chabauty completed successfully (delta = ['1'], g = [-4, 12, 4, -31, 6, 17]).
2022-01-13 17:37:12,891 INFO: Skipped Chabauty because MW group hasn't been provably computed. (delta = ['-1', '1', '1'], g = [-4, 12, 4, -31, 6, 17])
2022-01-13 17:37:12,891 INFO: Skipped Chabauty because MW group hasn't been provably computed. (delta = ['1/2', '-1/2', '-3/2', '1', '1'], g = [-4, 12, 4, -31, 6, 17])
2022-01-13 17:37:12,980 INFO: Tasks complete. Recording data and exiting.
2022-02-12 17:18:41,472 INFO: Loaded curve data from file.
2022-02-12 17:18:41,473 INFO: Computing elliptic Chabauty map... (delta = ['-1/2', '0', '1'], g = [-4, 12, 4, -31, 6, 17])
2022-02-12 17:18:57,008 INFO: Elliptic Chabauty map computed. (delta = ['-1/2', '0', '1'], g = [-4, 12, 4, -31, 6, 17])
2022-02-12 17:18:57,011 INFO: Computing elliptic Chabauty map... (delta = ['1'], g = [-4, 12, 4, -31, 6, 17])
2022-02-12 17:19:12,730 INFO: Elliptic Chabauty map computed. (delta = ['1'], g = [-4, 12, 4, -31, 6, 17])
2022-02-12 17:19:12,733 INFO: Computing elliptic Chabauty map... (delta = ['-1', '1', '1'], g = [-4, 12, 4, -31, 6, 17])
2022-02-12 17:19:28,174 INFO: Elliptic Chabauty map computed. (delta = ['-1', '1', '1'], g = [-4, 12, 4, -31, 6, 17])
2022-02-12 17:19:28,177 INFO: Computing elliptic Chabauty map... (delta = ['1/2', '-1/2', '-3/2', '1', '1'], g = [-4, 12, 4, -31, 6, 17])
2022-02-12 17:19:43,751 INFO: Elliptic Chabauty map computed. (delta = ['1/2', '-1/2', '-3/2', '1', '1'], g = [-4, 12, 4, -31, 6, 17])
2022-02-12 17:19:43,755 INFO: Tasks complete. Recording data and exiting.
