2022-01-11 12:34:54,441 INFO: Initialized curve data.
2022-01-11 12:34:54,445 INFO: Setting up initial twist data...
2022-01-11 12:34:55,518 INFO: Twist setup complete.
2022-01-11 12:34:55,518 INFO: Searching for rational points on each twist...
2022-01-11 12:34:57,014 INFO: Finished searching for rational points on each twist.
2022-01-11 12:34:57,014 INFO: Testing local solvability of twists...
2022-01-11 12:35:02,608 INFO: Finished local solvability testing.
2022-01-11 12:35:02,609 INFO: Computing elliptic curve a-invariants...
2022-01-11 12:35:11,641 INFO: Finished computation of a-invariants.
2022-01-11 12:35:11,643 INFO: Computing MW group (delta = ['6', '-5', '-4', '2', '1'], g = [24, -8, -44, 4, 20, 5])...
2022-01-11 12:37:02,872 INFO: Finished MW computation (delta = ['6', '-5', '-4', '2', '1'], g = [24, -8, -44, 4, 20, 5])
2022-01-11 12:37:02,875 INFO: Computing MW group (delta = ['1'], g = [24, -8, -44, 4, 20, 5])...
2022-01-13 17:36:59,016 INFO: Loaded curve data from file.
2022-01-13 17:36:59,016 INFO: Reducing MW generators...
2022-01-13 17:36:59,647 INFO: Finished reducing MW generators.
2022-01-13 17:36:59,649 INFO: Running elliptic Chabauty (delta = ['6', '-5', '-4', '2', '1'], g = [24, -8, -44, 4, 20, 5])...
2022-01-13 17:37:21,927 INFO: Chabauty completed successfully (delta = ['6', '-5', '-4', '2', '1'], g = [24, -8, -44, 4, 20, 5]).
2022-01-13 17:37:21,929 INFO: Skipped Chabauty because MW generators haven't been computed. (delta = ['1'], g = [24, -8, -44, 4, 20, 5])
2022-01-13 17:37:21,929 INFO: Skipped Chabauty because no base point (delta = ['-2', '1', '1'])
2022-01-13 17:37:21,929 INFO: Skipped Chabauty because MW generators haven't been computed. (delta = ['-3', '1', '1'], g = [24, -8, -44, 4, 20, 5])
2022-01-13 17:37:22,020 INFO: Tasks complete. Recording data and exiting.
2022-02-12 17:30:59,766 INFO: Loaded curve data from file.
2022-02-12 17:30:59,766 INFO: Computing elliptic Chabauty map... (delta = ['6', '-5', '-4', '2', '1'], g = [24, -8, -44, 4, 20, 5])
2022-02-12 17:31:15,877 INFO: Elliptic Chabauty map computed. (delta = ['6', '-5', '-4', '2', '1'], g = [24, -8, -44, 4, 20, 5])
2022-02-12 17:31:15,879 INFO: Computing elliptic Chabauty map... (delta = ['1'], g = [24, -8, -44, 4, 20, 5])
2022-02-12 17:31:31,411 INFO: Elliptic Chabauty map computed. (delta = ['1'], g = [24, -8, -44, 4, 20, 5])
2022-02-12 17:31:31,414 INFO: Computing elliptic Chabauty map... (delta = ['-3', '1', '1'], g = [24, -8, -44, 4, 20, 5])
2022-02-12 17:31:47,910 INFO: Elliptic Chabauty map computed. (delta = ['-3', '1', '1'], g = [24, -8, -44, 4, 20, 5])
2022-02-12 17:31:47,913 INFO: Tasks complete. Recording data and exiting.
