2022-01-13 21:54:59,562 INFO: Initialized curve data.
2022-01-13 21:54:59,565 INFO: Setting up initial twist data...
2022-01-13 21:55:00,927 INFO: Twist setup complete.
2022-01-13 21:55:00,927 INFO: Searching for rational points on each twist...
2022-01-13 21:55:04,651 INFO: Finished searching for rational points on each twist.
2022-01-13 21:55:04,651 INFO: Testing local solvability of twists...
2022-01-13 21:57:18,850 INFO: Finished local solvability testing.
2022-01-13 21:57:18,852 INFO: Computing elliptic curve a-invariants...
2022-01-13 21:57:30,348 INFO: Finished computation of a-invariants.
2022-01-13 21:57:30,350 INFO: Skipped MW computation because no base point (delta = ['-16', '-68', '-9', '3', '-8', '-4'])
2022-01-13 21:57:30,350 INFO: Skipped MW computation because no base point (delta = ['16', '68', '9', '-3', '7', '3'])
2022-01-13 21:57:30,351 INFO: Skipped MW computation because no base point (delta = ['-4', '-16', '-2', '0', '-2', '-1'])
2022-01-13 21:57:30,351 INFO: Computing MW group (delta = ['-1', '0', '1'], g = [4, 17, 2, -1, 2, 1])...
2022-01-13 21:58:04,958 INFO: Finished MW computation (delta = ['-1', '0', '1'], g = [4, 17, 2, -1, 2, 1])
2022-01-13 21:58:04,961 INFO: Computing MW group (delta = ['1'], g = [4, 17, 2, -1, 2, 1])...
2022-01-13 21:58:51,542 INFO: Finished MW computation (delta = ['1'], g = [4, 17, 2, -1, 2, 1])
2022-01-13 21:58:51,545 INFO: Computing MW group (delta = ['-4', '-16', '-1', '1', '-2', '-1'], g = [4, 17, 2, -1, 2, 1])...
2022-01-13 22:00:09,557 INFO: Finished MW computation (delta = ['-4', '-16', '-1', '1', '-2', '-1'], g = [4, 17, 2, -1, 2, 1])
2022-01-13 22:00:09,560 INFO: Computing MW group (delta = ['4', '16', '2', '-1', '2', '1'], g = [4, 17, 2, -1, 2, 1])...
2022-01-13 22:01:33,677 INFO: Finished MW computation (delta = ['4', '16', '2', '-1', '2', '1'], g = [4, 17, 2, -1, 2, 1])
2022-01-13 22:01:33,680 INFO: Computing MW group (delta = ['4', '16', '1', '0', '3', '1'], g = [4, 17, 2, -1, 2, 1])...
2022-01-13 22:06:09,865 INFO: Finished MW computation (delta = ['4', '16', '1', '0', '3', '1'], g = [4, 17, 2, -1, 2, 1])
2022-01-13 22:06:09,872 INFO: Reducing MW generators...
2022-01-13 22:06:13,125 INFO: Finished reducing MW generators.
2022-01-13 22:06:13,128 INFO: Tasks complete. Recording data and exiting.
2022-01-14 11:35:38,186 INFO: Loaded curve data from file.
2022-01-14 11:35:38,186 INFO: Skipped Chabauty because no base point (delta = ['-16', '-68', '-9', '3', '-8', '-4'])
2022-01-14 11:35:38,186 INFO: Skipped Chabauty because no base point (delta = ['16', '68', '9', '-3', '7', '3'])
2022-01-14 11:35:38,187 INFO: Skipped Chabauty because no base point (delta = ['-4', '-16', '-2', '0', '-2', '-1'])
2022-01-14 11:35:38,187 INFO: Skipped Chabauty because MW group hasn't been provably computed. (delta = ['-1', '0', '1'], g = [4, 17, 2, -1, 2, 1])
2022-01-14 11:35:38,187 INFO: Running elliptic Chabauty (delta = ['1'], g = [4, 17, 2, -1, 2, 1])...
2022-01-14 11:35:53,086 INFO: Chabauty completed successfully (delta = ['1'], g = [4, 17, 2, -1, 2, 1]).
2022-01-14 11:35:53,090 INFO: Running elliptic Chabauty (delta = ['-4', '-16', '-1', '1', '-2', '-1'], g = [4, 17, 2, -1, 2, 1])...
2022-01-14 11:54:10,321 INFO: Chabauty completed successfully (delta = ['-4', '-16', '-1', '1', '-2', '-1'], g = [4, 17, 2, -1, 2, 1]).
2022-01-14 11:54:10,324 INFO: Running elliptic Chabauty (delta = ['4', '16', '2', '-1', '2', '1'], g = [4, 17, 2, -1, 2, 1])...
2022-01-14 11:54:30,999 INFO: Chabauty completed successfully (delta = ['4', '16', '2', '-1', '2', '1'], g = [4, 17, 2, -1, 2, 1]).
2022-01-14 11:54:31,002 INFO: Running elliptic Chabauty (delta = ['4', '16', '1', '0', '3', '1'], g = [4, 17, 2, -1, 2, 1])...
2022-01-14 11:54:45,146 INFO: Chabauty completed successfully (delta = ['4', '16', '1', '0', '3', '1'], g = [4, 17, 2, -1, 2, 1]).
2022-01-14 11:54:45,415 INFO: Tasks complete. Recording data and exiting.
2022-02-12 16:52:19,519 INFO: Loaded curve data from file.
2022-02-12 16:52:19,519 INFO: Computing elliptic Chabauty map... (delta = ['-1', '0', '1'], g = [4, 17, 2, -1, 2, 1])
2022-02-12 16:52:32,865 INFO: Elliptic Chabauty map computed. (delta = ['-1', '0', '1'], g = [4, 17, 2, -1, 2, 1])
2022-02-12 16:52:32,869 INFO: Computing elliptic Chabauty map... (delta = ['1'], g = [4, 17, 2, -1, 2, 1])
2022-02-12 16:52:46,132 INFO: Elliptic Chabauty map computed. (delta = ['1'], g = [4, 17, 2, -1, 2, 1])
2022-02-12 16:52:46,135 INFO: Computing elliptic Chabauty map... (delta = ['-4', '-16', '-1', '1', '-2', '-1'], g = [4, 17, 2, -1, 2, 1])
2022-02-12 16:52:59,677 INFO: Elliptic Chabauty map computed. (delta = ['-4', '-16', '-1', '1', '-2', '-1'], g = [4, 17, 2, -1, 2, 1])
2022-02-12 16:52:59,680 INFO: Computing elliptic Chabauty map... (delta = ['4', '16', '2', '-1', '2', '1'], g = [4, 17, 2, -1, 2, 1])
2022-02-12 16:53:13,042 INFO: Elliptic Chabauty map computed. (delta = ['4', '16', '2', '-1', '2', '1'], g = [4, 17, 2, -1, 2, 1])
2022-02-12 16:53:13,046 INFO: Computing elliptic Chabauty map... (delta = ['4', '16', '1', '0', '3', '1'], g = [4, 17, 2, -1, 2, 1])
2022-02-12 16:53:26,444 INFO: Elliptic Chabauty map computed. (delta = ['4', '16', '1', '0', '3', '1'], g = [4, 17, 2, -1, 2, 1])
2022-02-12 16:53:26,449 INFO: Tasks complete. Recording data and exiting.
