2022-01-11 15:10:13,541 INFO: Initialized curve data.
2022-01-11 15:10:13,545 INFO: Setting up initial twist data...
2022-01-11 15:10:14,588 INFO: Twist setup complete.
2022-01-11 15:10:14,588 INFO: Searching for rational points on each twist...
2022-01-11 15:10:15,817 INFO: Finished searching for rational points on each twist.
2022-01-11 15:10:15,817 INFO: Testing local solvability of twists...
2022-01-11 15:10:50,508 INFO: Finished local solvability testing.
2022-01-11 15:10:50,510 INFO: Computing elliptic curve a-invariants...
2022-01-11 15:10:57,337 INFO: Finished computation of a-invariants.
2022-01-11 15:10:57,339 INFO: Skipped MW computation because no base point (delta = ['-1/24', '5/24', '17/12', '-5/2', '1'])
2022-01-11 15:10:57,339 INFO: Computing MW group (delta = ['1'], g = [-4, -28, 0, 124, -132, 39])...
2022-01-11 15:12:18,556 INFO: Finished MW computation (delta = ['1'], g = [-4, -28, 0, 124, -132, 39])
2022-01-11 15:12:18,559 INFO: Skipped MW computation because no base point (delta = ['1/6', '-3/2', '1'])
2022-01-11 15:12:18,560 INFO: Skipped MW computation because no base point (delta = ['-1/4', '-1', '1'])
2022-01-11 15:12:18,561 INFO: Reducing MW generators...
2022-01-11 15:12:19,310 INFO: Finished reducing MW generators.
2022-01-11 15:12:19,312 INFO: Tasks complete. Recording data and exiting.
2022-01-14 09:07:24,573 INFO: Loaded curve data from file.
2022-01-14 09:07:24,573 INFO: Skipped Chabauty because no base point (delta = ['-1/24', '5/24', '17/12', '-5/2', '1'])
2022-01-14 09:07:24,573 INFO: Running elliptic Chabauty (delta = ['1'], g = [-4, -28, 0, 124, -132, 39])...
2022-01-14 09:07:42,859 INFO: Chabauty completed successfully (delta = ['1'], g = [-4, -28, 0, 124, -132, 39]).
2022-01-14 09:07:42,863 INFO: Skipped Chabauty because no base point (delta = ['1/6', '-3/2', '1'])
2022-01-14 09:07:42,863 INFO: Skipped Chabauty because no base point (delta = ['-1/4', '-1', '1'])
2022-01-14 09:07:43,092 INFO: Rational points successfully computed.
2022-01-14 09:07:43,094 INFO: Tasks complete. Recording data and exiting.
2022-02-12 16:43:47,849 INFO: Loaded curve data from file.
2022-02-12 16:43:47,850 INFO: Computing elliptic Chabauty map... (delta = ['1'], g = [-4, -28, 0, 124, -132, 39])
2022-02-12 16:44:07,743 INFO: Elliptic Chabauty map computed. (delta = ['1'], g = [-4, -28, 0, 124, -132, 39])
2022-02-12 16:44:07,746 INFO: Tasks complete. Recording data and exiting.
