2022-01-12 09:25:29,772 INFO: Initialized curve data.
2022-01-12 09:25:29,775 INFO: Setting up initial twist data...
2022-01-12 09:25:30,654 INFO: Twist setup complete.
2022-01-12 09:25:30,654 INFO: Searching for rational points on each twist...
2022-01-12 09:25:32,059 INFO: Finished searching for rational points on each twist.
2022-01-12 09:25:32,060 INFO: Testing local solvability of twists...
2022-01-12 09:25:32,064 INFO: Finished local solvability testing.
2022-01-12 09:25:32,065 INFO: Computing elliptic curve a-invariants...
2022-01-12 09:25:43,994 INFO: Finished computation of a-invariants.
2022-01-12 09:25:43,996 INFO: Computing MW group (delta = ['2', '-24', '1', '25/2', '5', '1/2'], g = [4, -47, 2, 27, 10, 1])...
2022-01-12 09:29:12,130 INFO: Finished MW computation (delta = ['2', '-24', '1', '25/2', '5', '1/2'], g = [4, -47, 2, 27, 10, 1])
2022-01-12 09:29:12,133 INFO: Computing MW group (delta = ['4', '-48', '2', '27', '10', '1'], g = [4, -47, 2, 27, 10, 1])...
2022-01-12 10:14:59,269 INFO: Finished MW computation (delta = ['4', '-48', '2', '27', '10', '1'], g = [4, -47, 2, 27, 10, 1])
2022-01-12 10:14:59,273 INFO: Computing MW group (delta = ['1'], g = [4, -47, 2, 27, 10, 1])...
2022-01-14 09:10:58,752 INFO: Loaded curve data from file.
2022-01-14 09:10:58,752 INFO: Reducing MW generators...
2022-01-14 09:10:59,204 INFO: Finished reducing MW generators.
2022-01-14 09:10:59,206 INFO: Skipped Chabauty because MW group hasn't been provably computed. (delta = ['2', '-24', '1', '25/2', '5', '1/2'], g = [4, -47, 2, 27, 10, 1])
2022-01-14 09:10:59,207 INFO: Running elliptic Chabauty (delta = ['4', '-48', '2', '27', '10', '1'], g = [4, -47, 2, 27, 10, 1])...
2022-01-14 09:11:10,792 INFO: Chabauty completed successfully (delta = ['4', '-48', '2', '27', '10', '1'], g = [4, -47, 2, 27, 10, 1]).
2022-01-14 09:11:10,794 INFO: Skipped Chabauty because MW generators haven't been computed. (delta = ['1'], g = [4, -47, 2, 27, 10, 1])
2022-01-14 09:11:10,794 INFO: Skipped Chabauty because MW generators haven't been computed. (delta = ['1/2', '0', '1'], g = [4, -47, 2, 27, 10, 1])
2022-01-14 09:11:10,841 INFO: Tasks complete. Recording data and exiting.
2022-02-12 17:37:17,607 INFO: Loaded curve data from file.
2022-02-12 17:37:17,607 INFO: Computing elliptic Chabauty map... (delta = ['2', '-24', '1', '25/2', '5', '1/2'], g = [4, -47, 2, 27, 10, 1])
2022-02-12 17:37:33,430 INFO: Elliptic Chabauty map computed. (delta = ['2', '-24', '1', '25/2', '5', '1/2'], g = [4, -47, 2, 27, 10, 1])
2022-02-12 17:37:33,433 INFO: Computing elliptic Chabauty map... (delta = ['4', '-48', '2', '27', '10', '1'], g = [4, -47, 2, 27, 10, 1])
2022-02-12 17:37:49,044 INFO: Elliptic Chabauty map computed. (delta = ['4', '-48', '2', '27', '10', '1'], g = [4, -47, 2, 27, 10, 1])
2022-02-12 17:37:49,047 INFO: Computing elliptic Chabauty map... (delta = ['1'], g = [4, -47, 2, 27, 10, 1])
2022-02-12 17:38:04,689 INFO: Elliptic Chabauty map computed. (delta = ['1'], g = [4, -47, 2, 27, 10, 1])
2022-02-12 17:38:04,691 INFO: Computing elliptic Chabauty map... (delta = ['1/2', '0', '1'], g = [4, -47, 2, 27, 10, 1])
2022-02-12 17:38:20,432 INFO: Elliptic Chabauty map computed. (delta = ['1/2', '0', '1'], g = [4, -47, 2, 27, 10, 1])
2022-02-12 17:38:20,434 INFO: Tasks complete. Recording data and exiting.
