2022-02-01 12:30:22,338 INFO: Initialized curve data.
2022-02-01 12:30:22,342 INFO: Setting up initial twist data...
2022-02-01 12:30:23,453 INFO: Twist setup complete.
2022-02-01 12:30:23,453 INFO: Searching for rational points on each twist...
2022-02-01 12:30:25,064 INFO: Finished searching for rational points on each twist.
2022-02-01 12:30:25,064 INFO: Testing local solvability of twists...
2022-02-01 12:30:32,861 INFO: Finished local solvability testing.
2022-02-01 12:30:32,863 INFO: Computing elliptic curve a-invariants...
2022-02-01 12:30:43,593 INFO: Finished computation of a-invariants.
2022-02-01 12:30:43,594 INFO: Computing MW group (delta = ['2', '-6', '9/2', '-3', '5', '-2'], g = [-4, 11, -4, 0, -8, 4])...
2022-02-01 12:31:59,522 INFO: Finished MW computation (delta = ['2', '-6', '9/2', '-3', '5', '-2'], g = [-4, 11, -4, 0, -8, 4])
2022-02-01 12:31:59,526 INFO: Skipped MW computation because no base point (delta = ['1/2', '-2', '1'])
2022-02-01 12:31:59,526 INFO: Computing MW group (delta = ['1'], g = [-4, 11, -4, 0, -8, 4])...
2022-02-01 12:35:03,729 INFO: Finished MW computation (delta = ['1'], g = [-4, 11, -4, 0, -8, 4])
2022-02-01 12:35:03,734 INFO: Computing MW group (delta = ['4', '-12', '5', '0', '8', '-4'], g = [-4, 11, -4, 0, -8, 4])...
2022-02-01 12:36:48,302 INFO: Finished MW computation (delta = ['4', '-12', '5', '0', '8', '-4'], g = [-4, 11, -4, 0, -8, 4])
2022-02-01 12:36:48,307 INFO: Reducing MW generators...
2022-02-01 12:36:50,081 INFO: Finished reducing MW generators.
2022-02-01 12:36:50,083 INFO: Tasks complete. Recording data and exiting.
2022-02-02 04:42:46,925 INFO: Loaded curve data from file.
2022-02-02 04:42:46,925 INFO: Skipped Chabauty because MW group hasn't been provably computed. (delta = ['2', '-6', '9/2', '-3', '5', '-2'], g = [-4, 11, -4, 0, -8, 4])
2022-02-02 04:42:46,925 INFO: Skipped Chabauty because no base point (delta = ['1/2', '-2', '1'])
2022-02-02 04:42:46,925 INFO: Running elliptic Chabauty (delta = ['1'], g = [-4, 11, -4, 0, -8, 4])...
2022-02-02 04:43:03,384 INFO: Chabauty completed successfully (delta = ['1'], g = [-4, 11, -4, 0, -8, 4]).
2022-02-02 04:43:03,387 INFO: Running elliptic Chabauty (delta = ['4', '-12', '5', '0', '8', '-4'], g = [-4, 11, -4, 0, -8, 4])...
2022-02-02 04:43:15,265 INFO: Chabauty completed successfully (delta = ['4', '-12', '5', '0', '8', '-4'], g = [-4, 11, -4, 0, -8, 4]).
2022-02-02 04:43:15,415 INFO: Tasks complete. Recording data and exiting.
2022-02-12 16:50:10,370 INFO: Loaded curve data from file.
2022-02-12 16:50:10,370 INFO: Computing elliptic Chabauty map... (delta = ['2', '-6', '9/2', '-3', '5', '-2'], g = [-4, 11, -4, 0, -8, 4])
2022-02-12 16:50:23,715 INFO: Elliptic Chabauty map computed. (delta = ['2', '-6', '9/2', '-3', '5', '-2'], g = [-4, 11, -4, 0, -8, 4])
2022-02-12 16:50:23,717 INFO: Computing elliptic Chabauty map... (delta = ['1'], g = [-4, 11, -4, 0, -8, 4])
2022-02-12 16:50:36,909 INFO: Elliptic Chabauty map computed. (delta = ['1'], g = [-4, 11, -4, 0, -8, 4])
2022-02-12 16:50:36,912 INFO: Computing elliptic Chabauty map... (delta = ['4', '-12', '5', '0', '8', '-4'], g = [-4, 11, -4, 0, -8, 4])
2022-02-12 16:50:50,172 INFO: Elliptic Chabauty map computed. (delta = ['4', '-12', '5', '0', '8', '-4'], g = [-4, 11, -4, 0, -8, 4])
2022-02-12 16:50:50,174 INFO: Tasks complete. Recording data and exiting.
