2022-01-01 12:51:02,097 INFO: Initialized curve data.
2022-01-01 12:51:02,100 INFO: Setting up initial twist data...
2022-01-01 12:51:03,094 INFO: Twist setup complete.
2022-01-01 12:51:03,095 INFO: Searching for rational points on each twist...
2022-01-01 12:51:04,030 INFO: Finished searching for rational points on each twist.
2022-01-01 12:51:04,030 INFO: Testing local solvability of twists...
2022-01-01 12:51:04,035 INFO: Finished local solvability testing.
2022-01-01 12:51:04,036 INFO: Computing elliptic curve a-invariants...
2022-01-01 12:51:20,948 INFO: Finished computation of a-invariants.
2022-01-01 12:51:20,950 INFO: Computing MW group (delta = ['16', '-31', '-19', '24', '-7', '1'], g = [16, -32, -20, 24, -7, 1])...
2022-01-01 12:52:37,000 INFO: Finished MW computation (delta = ['16', '-31', '-19', '24', '-7', '1'], g = [16, -32, -20, 24, -7, 1])
2022-01-01 12:52:37,005 INFO: Computing MW group (delta = ['16', '-32', '-21', '23', '-7', '1'], g = [16, -32, -20, 24, -7, 1])...
2022-01-01 12:53:48,659 INFO: Finished MW computation (delta = ['16', '-32', '-21', '23', '-7', '1'], g = [16, -32, -20, 24, -7, 1])
2022-01-01 12:53:48,661 INFO: Computing MW group (delta = ['1'], g = [16, -32, -20, 24, -7, 1])...
2022-01-01 12:54:57,072 INFO: Finished MW computation (delta = ['1'], g = [16, -32, -20, 24, -7, 1])
2022-01-01 12:54:57,076 INFO: Computing MW group (delta = ['0', '-1'], g = [16, -32, -20, 24, -7, 1])...
2022-01-01 12:55:42,726 INFO: Finished MW computation (delta = ['0', '-1'], g = [16, -32, -20, 24, -7, 1])
2022-01-01 12:55:42,730 INFO: Obstruction found to provably computing rational points. Exiting.
2022-01-03 13:14:58,000 INFO: Obsolete "loc_solv_error" keys removed.
2022-01-10 22:41:59,971 INFO: Loaded curve data from file.
2022-01-10 22:41:59,971 INFO: Obstruction already found. Exiting.
2022-02-12 17:26:18,593 INFO: Loaded curve data from file.
2022-02-12 17:26:18,593 INFO: Computing elliptic Chabauty map... (delta = ['16', '-31', '-19', '24', '-7', '1'], g = [16, -32, -20, 24, -7, 1])
2022-02-12 17:26:35,530 INFO: Elliptic Chabauty map computed. (delta = ['16', '-31', '-19', '24', '-7', '1'], g = [16, -32, -20, 24, -7, 1])
2022-02-12 17:26:35,533 INFO: Computing elliptic Chabauty map... (delta = ['16', '-32', '-21', '23', '-7', '1'], g = [16, -32, -20, 24, -7, 1])
2022-02-12 17:26:52,363 INFO: Elliptic Chabauty map computed. (delta = ['16', '-32', '-21', '23', '-7', '1'], g = [16, -32, -20, 24, -7, 1])
2022-02-12 17:26:52,366 INFO: Computing elliptic Chabauty map... (delta = ['1'], g = [16, -32, -20, 24, -7, 1])
2022-02-12 17:27:09,258 INFO: Elliptic Chabauty map computed. (delta = ['1'], g = [16, -32, -20, 24, -7, 1])
2022-02-12 17:27:09,262 INFO: Computing elliptic Chabauty map... (delta = ['0', '-1'], g = [16, -32, -20, 24, -7, 1])
2022-02-12 17:27:26,209 INFO: Elliptic Chabauty map computed. (delta = ['0', '-1'], g = [16, -32, -20, 24, -7, 1])
2022-02-12 17:27:26,213 INFO: Tasks complete. Recording data and exiting.
