2022-01-12 09:25:22,444 INFO: Initialized curve data.
2022-01-12 09:25:22,466 INFO: Setting up initial twist data...
2022-01-12 09:25:23,518 INFO: Twist setup complete.
2022-01-12 09:25:23,518 INFO: Searching for rational points on each twist...
2022-01-12 09:25:25,349 INFO: Finished searching for rational points on each twist.
2022-01-12 09:25:25,350 INFO: Testing local solvability of twists...
2022-01-12 09:25:29,517 INFO: Finished local solvability testing.
2022-01-12 09:25:29,518 INFO: Computing elliptic curve a-invariants...
2022-01-12 09:25:35,320 INFO: Finished computation of a-invariants.
2022-01-12 09:25:35,322 INFO: Computing MW group (delta = ['-4', '-7', '1', '3', '-8', '-8'], g = [4, 8, 0, -3, 8, 8])...
2022-01-12 09:28:48,294 INFO: Finished MW computation (delta = ['-4', '-7', '1', '3', '-8', '-8'], g = [4, 8, 0, -3, 8, 8])
2022-01-12 09:28:48,298 INFO: Computing MW group (delta = ['-1/2', '0', '1'], g = [4, 8, 0, -3, 8, 8])...
2022-01-12 09:31:17,958 INFO: Finished MW computation (delta = ['-1/2', '0', '1'], g = [4, 8, 0, -3, 8, 8])
2022-01-12 09:31:17,961 INFO: Computing MW group (delta = ['1'], g = [4, 8, 0, -3, 8, 8])...
2022-01-14 09:10:23,579 INFO: Loaded curve data from file.
2022-01-14 09:10:23,580 INFO: Reducing MW generators...
2022-01-14 09:10:24,787 INFO: Finished reducing MW generators.
2022-01-14 09:10:24,788 INFO: Running elliptic Chabauty (delta = ['-4', '-7', '1', '3', '-8', '-8'], g = [4, 8, 0, -3, 8, 8])...
2022-01-14 09:11:02,664 INFO: Chabauty completed successfully (delta = ['-4', '-7', '1', '3', '-8', '-8'], g = [4, 8, 0, -3, 8, 8]).
2022-01-14 09:11:02,666 INFO: Running elliptic Chabauty (delta = ['-1/2', '0', '1'], g = [4, 8, 0, -3, 8, 8])...
2022-01-14 09:11:20,691 INFO: Chabauty completed successfully (delta = ['-1/2', '0', '1'], g = [4, 8, 0, -3, 8, 8]).
2022-01-14 09:11:20,693 INFO: Skipped Chabauty because MW generators haven't been computed. (delta = ['1'], g = [4, 8, 0, -3, 8, 8])
2022-01-14 09:11:20,693 INFO: Skipped Chabauty because no base point (delta = ['2', '7/2', '-1/2', '-1/2', '5', '4'])
2022-01-14 09:11:20,820 INFO: Tasks complete. Recording data and exiting.
2022-02-12 16:47:02,296 INFO: Loaded curve data from file.
2022-02-12 16:47:02,296 INFO: Computing elliptic Chabauty map... (delta = ['-4', '-7', '1', '3', '-8', '-8'], g = [4, 8, 0, -3, 8, 8])
2022-02-12 16:47:13,783 INFO: Elliptic Chabauty map computed. (delta = ['-4', '-7', '1', '3', '-8', '-8'], g = [4, 8, 0, -3, 8, 8])
2022-02-12 16:47:13,786 INFO: Computing elliptic Chabauty map... (delta = ['-1/2', '0', '1'], g = [4, 8, 0, -3, 8, 8])
2022-02-12 16:47:25,021 INFO: Elliptic Chabauty map computed. (delta = ['-1/2', '0', '1'], g = [4, 8, 0, -3, 8, 8])
2022-02-12 16:47:25,023 INFO: Computing elliptic Chabauty map... (delta = ['1'], g = [4, 8, 0, -3, 8, 8])
2022-02-12 16:47:36,180 INFO: Elliptic Chabauty map computed. (delta = ['1'], g = [4, 8, 0, -3, 8, 8])
2022-02-12 16:47:36,183 INFO: Tasks complete. Recording data and exiting.
