2022-01-11 12:29:14,798 INFO: Initialized curve data.
2022-01-11 12:29:14,802 INFO: Setting up initial twist data...
2022-01-11 12:29:16,100 INFO: Twist setup complete.
2022-01-11 12:29:16,100 INFO: Searching for rational points on each twist...
2022-01-11 12:29:18,030 INFO: Finished searching for rational points on each twist.
2022-01-11 12:29:18,030 INFO: Testing local solvability of twists...
2022-01-11 12:29:19,371 INFO: Finished local solvability testing.
2022-01-11 12:29:19,372 INFO: Computing elliptic curve a-invariants...
2022-01-11 12:29:26,698 INFO: Finished computation of a-invariants.
2022-01-11 12:29:26,699 INFO: Skipped MW computation because no base point (delta = ['-1', '-1'])
2022-01-11 12:29:26,700 INFO: Computing MW group (delta = ['1/2', '-1', '1'], g = [4, -4, 0, 12, -12, 9])...
2022-01-11 12:31:11,490 INFO: Finished MW computation (delta = ['1/2', '-1', '1'], g = [4, -4, 0, 12, -12, 9])
2022-01-11 12:31:11,492 INFO: Computing MW group (delta = ['1'], g = [4, -4, 0, 12, -12, 9])...
2022-01-11 13:02:50,114 INFO: Finished MW computation (delta = ['1'], g = [4, -4, 0, 12, -12, 9])
2022-01-11 13:02:50,118 INFO: Computing MW group (delta = ['-1/2', '1/2', '0', '-1'], g = [4, -4, 0, 12, -12, 9])...
2022-01-11 13:05:23,017 INFO: Finished MW computation (delta = ['-1/2', '1/2', '0', '-1'], g = [4, -4, 0, 12, -12, 9])
2022-01-11 13:05:23,021 INFO: Reducing MW generators...
2022-01-11 13:05:25,975 INFO: Finished reducing MW generators.
2022-01-11 13:05:25,978 INFO: Tasks complete. Recording data and exiting.
2022-01-13 17:36:32,929 INFO: Loaded curve data from file.
2022-01-13 17:36:32,930 INFO: Skipped Chabauty because no base point (delta = ['-1', '-1'])
2022-01-13 17:36:32,930 INFO: Running elliptic Chabauty (delta = ['1/2', '-1', '1'], g = [4, -4, 0, 12, -12, 9])...
2022-01-13 17:36:47,036 INFO: Chabauty completed successfully (delta = ['1/2', '-1', '1'], g = [4, -4, 0, 12, -12, 9]).
2022-01-13 17:36:47,038 INFO: Running elliptic Chabauty (delta = ['1'], g = [4, -4, 0, 12, -12, 9])...
2022-01-13 17:39:16,265 INFO: Chabauty completed successfully (delta = ['1'], g = [4, -4, 0, 12, -12, 9]).
2022-01-13 17:39:16,267 INFO: Running elliptic Chabauty (delta = ['-1/2', '1/2', '0', '-1'], g = [4, -4, 0, 12, -12, 9])...
2022-01-13 17:39:34,280 INFO: Chabauty completed successfully (delta = ['-1/2', '1/2', '0', '-1'], g = [4, -4, 0, 12, -12, 9]).
2022-01-13 17:39:34,528 INFO: Rational points successfully computed.
2022-01-13 17:39:34,530 INFO: Tasks complete. Recording data and exiting.
2022-02-12 16:50:07,638 INFO: Loaded curve data from file.
2022-02-12 16:50:07,638 INFO: Computing elliptic Chabauty map... (delta = ['1/2', '-1', '1'], g = [4, -4, 0, 12, -12, 9])
2022-02-12 16:50:19,099 INFO: Elliptic Chabauty map computed. (delta = ['1/2', '-1', '1'], g = [4, -4, 0, 12, -12, 9])
2022-02-12 16:50:19,102 INFO: Computing elliptic Chabauty map... (delta = ['1'], g = [4, -4, 0, 12, -12, 9])
2022-02-12 16:50:30,521 INFO: Elliptic Chabauty map computed. (delta = ['1'], g = [4, -4, 0, 12, -12, 9])
2022-02-12 16:50:30,523 INFO: Computing elliptic Chabauty map... (delta = ['-1/2', '1/2', '0', '-1'], g = [4, -4, 0, 12, -12, 9])
2022-02-12 16:50:42,581 INFO: Elliptic Chabauty map computed. (delta = ['-1/2', '1/2', '0', '-1'], g = [4, -4, 0, 12, -12, 9])
2022-02-12 16:50:42,584 INFO: Tasks complete. Recording data and exiting.
