2022-01-01 12:51:05,053 INFO: Initialized curve data.
2022-01-01 12:51:05,057 INFO: Setting up initial twist data...
2022-01-01 12:51:06,097 INFO: Twist setup complete.
2022-01-01 12:51:06,098 INFO: Searching for rational points on each twist...
2022-01-01 12:51:06,930 INFO: Finished searching for rational points on each twist.
2022-01-01 12:51:06,931 INFO: Testing local solvability of twists...
2022-01-01 12:51:06,936 INFO: Finished local solvability testing.
2022-01-01 12:51:06,937 INFO: Computing elliptic curve a-invariants...
2022-01-01 12:51:21,923 INFO: Finished computation of a-invariants.
2022-01-01 12:51:21,925 INFO: Computing MW group (delta = ['0', '-8', '6', '2', '1', '1'], g = [1, -7, 6, 2, 1, 1])...
2022-01-01 12:53:17,336 INFO: Finished MW computation (delta = ['0', '-8', '6', '2', '1', '1'], g = [1, -7, 6, 2, 1, 1])
2022-01-01 12:53:17,343 INFO: Computing MW group (delta = ['12', '-85', '70', '23', '12', '12'], g = [1, -7, 6, 2, 1, 1])...
2022-01-03 13:14:57,000 INFO: Obsolete "loc_solv_error" keys removed.
2022-01-10 22:42:02,916 INFO: Loaded curve data from file.
2022-01-10 22:42:02,916 INFO: Reducing MW generators...
2022-01-10 22:42:03,904 INFO: Finished reducing MW generators.
2022-01-10 22:42:03,907 INFO: Running elliptic Chabauty (delta = ['0', '-8', '6', '2', '1', '1'], g = [1, -7, 6, 2, 1, 1])...
2022-01-10 22:42:34,018 INFO: Chabauty completed successfully (delta = ['0', '-8', '6', '2', '1', '1'], g = [1, -7, 6, 2, 1, 1]).
2022-01-10 22:42:34,020 INFO: Skipped Chabauty because MW generators haven't been computed. (delta = ['12', '-85', '70', '23', '12', '12'], g = [1, -7, 6, 2, 1, 1])
2022-01-10 22:42:34,020 INFO: Skipped Chabauty because MW generators haven't been computed. (delta = ['1', '-6', '7', '2', '1', '1'], g = [1, -7, 6, 2, 1, 1])
2022-01-10 22:42:34,020 INFO: Skipped Chabauty because MW generators haven't been computed. (delta = ['1'], g = [1, -7, 6, 2, 1, 1])
2022-01-10 22:42:34,071 INFO: Tasks complete. Recording data and exiting.
2022-02-12 17:18:21,497 INFO: Loaded curve data from file.
2022-02-12 17:18:21,498 INFO: Computing elliptic Chabauty map... (delta = ['0', '-8', '6', '2', '1', '1'], g = [1, -7, 6, 2, 1, 1])
2022-02-12 17:18:38,575 INFO: Elliptic Chabauty map computed. (delta = ['0', '-8', '6', '2', '1', '1'], g = [1, -7, 6, 2, 1, 1])
2022-02-12 17:18:38,577 INFO: Computing elliptic Chabauty map... (delta = ['12', '-85', '70', '23', '12', '12'], g = [1, -7, 6, 2, 1, 1])
2022-02-12 17:18:55,133 INFO: Elliptic Chabauty map computed. (delta = ['12', '-85', '70', '23', '12', '12'], g = [1, -7, 6, 2, 1, 1])
2022-02-12 17:18:55,135 INFO: Computing elliptic Chabauty map... (delta = ['1', '-6', '7', '2', '1', '1'], g = [1, -7, 6, 2, 1, 1])
2022-02-12 17:19:11,661 INFO: Elliptic Chabauty map computed. (delta = ['1', '-6', '7', '2', '1', '1'], g = [1, -7, 6, 2, 1, 1])
2022-02-12 17:19:11,664 INFO: Computing elliptic Chabauty map... (delta = ['1'], g = [1, -7, 6, 2, 1, 1])
2022-02-12 17:19:28,418 INFO: Elliptic Chabauty map computed. (delta = ['1'], g = [1, -7, 6, 2, 1, 1])
2022-02-12 17:19:28,421 INFO: Tasks complete. Recording data and exiting.
