2022-01-14 12:17:16,865 INFO: Initialized curve data.
2022-01-14 12:17:16,868 INFO: Setting up initial twist data...
2022-01-14 12:17:17,958 INFO: Twist setup complete.
2022-01-14 12:17:17,958 INFO: Searching for rational points on each twist...
2022-01-14 12:17:19,799 INFO: Finished searching for rational points on each twist.
2022-01-14 12:17:19,799 INFO: Testing local solvability of twists...
2022-01-14 12:18:21,735 INFO: Finished local solvability testing.
2022-01-14 12:18:21,737 INFO: Computing elliptic curve a-invariants...
2022-01-14 12:18:34,802 INFO: Finished computation of a-invariants.
2022-01-14 12:18:34,805 INFO: Skipped MW computation because no base point (delta = ['-1/2', '-1/2', '1'])
2022-01-14 12:18:34,805 INFO: Computing MW group (delta = ['1'], g = [4, 17, 2, -49, -14, 41])...
2022-01-14 12:31:19,730 INFO: Finished MW computation (delta = ['1'], g = [4, 17, 2, -49, -14, 41])
2022-01-14 12:31:19,735 INFO: Computing MW group (delta = ['-2', '-8', '-1', '23', '8', '-41/2'], g = [4, 17, 2, -49, -14, 41])...
2022-01-14 12:32:49,425 INFO: Finished MW computation (delta = ['-2', '-8', '-1', '23', '8', '-41/2'], g = [4, 17, 2, -49, -14, 41])
2022-01-14 12:32:49,507 INFO: Computing MW group (delta = ['4', '16', '3', '-49', '-14', '41'], g = [4, 17, 2, -49, -14, 41])...
2022-01-14 12:34:13,830 INFO: Finished MW computation (delta = ['4', '16', '3', '-49', '-14', '41'], g = [4, 17, 2, -49, -14, 41])
2022-01-14 12:34:13,835 INFO: Reducing MW generators...
2022-01-14 12:34:14,756 INFO: Finished reducing MW generators.
2022-01-14 12:34:14,778 INFO: Tasks complete. Recording data and exiting.
2022-01-14 15:52:18,425 INFO: Loaded curve data from file.
2022-01-14 15:52:18,426 INFO: Skipped Chabauty because no base point (delta = ['-1/2', '-1/2', '1'])
2022-01-14 15:52:18,426 INFO: Skipped Chabauty because MW group hasn't been provably computed. (delta = ['1'], g = [4, 17, 2, -49, -14, 41])
2022-01-14 15:52:18,426 INFO: Skipped Chabauty because MW group hasn't been provably computed. (delta = ['-2', '-8', '-1', '23', '8', '-41/2'], g = [4, 17, 2, -49, -14, 41])
2022-01-14 15:52:18,426 INFO: Skipped Chabauty because MW group hasn't been provably computed. (delta = ['4', '16', '3', '-49', '-14', '41'], g = [4, 17, 2, -49, -14, 41])
2022-01-14 15:52:18,490 INFO: Tasks complete. Recording data and exiting.
2022-02-12 16:47:23,946 INFO: Loaded curve data from file.
2022-02-12 16:47:23,947 INFO: Computing elliptic Chabauty map... (delta = ['1'], g = [4, 17, 2, -49, -14, 41])
2022-02-12 16:47:40,198 INFO: Elliptic Chabauty map computed. (delta = ['1'], g = [4, 17, 2, -49, -14, 41])
2022-02-12 16:47:40,200 INFO: Computing elliptic Chabauty map... (delta = ['-2', '-8', '-1', '23', '8', '-41/2'], g = [4, 17, 2, -49, -14, 41])
2022-02-12 16:47:56,322 INFO: Elliptic Chabauty map computed. (delta = ['-2', '-8', '-1', '23', '8', '-41/2'], g = [4, 17, 2, -49, -14, 41])
2022-02-12 16:47:56,324 INFO: Computing elliptic Chabauty map... (delta = ['4', '16', '3', '-49', '-14', '41'], g = [4, 17, 2, -49, -14, 41])
2022-02-12 16:48:12,716 INFO: Elliptic Chabauty map computed. (delta = ['4', '16', '3', '-49', '-14', '41'], g = [4, 17, 2, -49, -14, 41])
2022-02-12 16:48:12,718 INFO: Tasks complete. Recording data and exiting.
