2022-01-11 15:27:21,586 INFO: Initialized curve data.
2022-01-11 15:27:21,588 INFO: Setting up initial twist data...
2022-01-11 15:27:22,476 INFO: Twist setup complete.
2022-01-11 15:27:22,477 INFO: Searching for rational points on each twist...
2022-01-11 15:27:23,891 INFO: Finished searching for rational points on each twist.
2022-01-11 15:27:23,891 INFO: Testing local solvability of twists...
2022-01-11 15:27:23,895 INFO: Finished local solvability testing.
2022-01-11 15:27:23,896 INFO: Computing elliptic curve a-invariants...
2022-01-11 15:27:30,067 INFO: Finished computation of a-invariants.
2022-01-11 15:27:30,069 INFO: Computing MW group (delta = ['1', '-1'], g = [4, 8, 4, 13, 6, 1])...
2022-01-11 15:29:13,156 INFO: Finished MW computation (delta = ['1', '-1'], g = [4, 8, 4, 13, 6, 1])
2022-01-11 15:29:13,160 INFO: Computing MW group (delta = ['4', '7', '4', '13', '6', '1'], g = [4, 8, 4, 13, 6, 1])...
2022-01-11 15:30:49,068 INFO: Finished MW computation (delta = ['4', '7', '4', '13', '6', '1'], g = [4, 8, 4, 13, 6, 1])
2022-01-11 15:30:49,071 INFO: Computing MW group (delta = ['1'], g = [4, 8, 4, 13, 6, 1])...
2022-01-11 15:32:38,792 INFO: Finished MW computation (delta = ['1'], g = [4, 8, 4, 13, 6, 1])
2022-01-11 15:32:38,795 INFO: Computing MW group (delta = ['4', '7', '5', '13', '6', '1'], g = [4, 8, 4, 13, 6, 1])...
2022-01-11 15:34:06,095 INFO: Finished MW computation (delta = ['4', '7', '5', '13', '6', '1'], g = [4, 8, 4, 13, 6, 1])
2022-01-11 15:34:06,102 INFO: Reducing MW generators...
2022-01-11 15:34:08,818 INFO: Finished reducing MW generators.
2022-01-11 15:34:08,820 INFO: Tasks complete. Recording data and exiting.
2022-01-14 09:07:53,239 INFO: Loaded curve data from file.
2022-01-14 09:07:53,239 INFO: Skipped Chabauty because MW group hasn't been provably computed. (delta = ['1', '-1'], g = [4, 8, 4, 13, 6, 1])
2022-01-14 09:07:53,239 INFO: Running elliptic Chabauty (delta = ['4', '7', '4', '13', '6', '1'], g = [4, 8, 4, 13, 6, 1])...
2022-01-14 09:08:04,997 INFO: Chabauty completed successfully (delta = ['4', '7', '4', '13', '6', '1'], g = [4, 8, 4, 13, 6, 1]).
2022-01-14 09:08:05,095 INFO: Running elliptic Chabauty (delta = ['1'], g = [4, 8, 4, 13, 6, 1])...
2022-01-14 09:08:18,227 INFO: Chabauty completed successfully (delta = ['1'], g = [4, 8, 4, 13, 6, 1]).
2022-01-14 09:08:18,229 INFO: Skipped Chabauty because MW group hasn't been provably computed. (delta = ['4', '7', '5', '13', '6', '1'], g = [4, 8, 4, 13, 6, 1])
2022-01-14 09:08:18,321 INFO: Tasks complete. Recording data and exiting.
2022-02-12 16:41:06,538 INFO: Loaded curve data from file.
2022-02-12 16:41:06,538 INFO: Computing elliptic Chabauty map... (delta = ['1', '-1'], g = [4, 8, 4, 13, 6, 1])
2022-02-12 16:41:20,347 INFO: Elliptic Chabauty map computed. (delta = ['1', '-1'], g = [4, 8, 4, 13, 6, 1])
2022-02-12 16:41:20,350 INFO: Computing elliptic Chabauty map... (delta = ['4', '7', '4', '13', '6', '1'], g = [4, 8, 4, 13, 6, 1])
2022-02-12 16:41:33,920 INFO: Elliptic Chabauty map computed. (delta = ['4', '7', '4', '13', '6', '1'], g = [4, 8, 4, 13, 6, 1])
2022-02-12 16:41:33,923 INFO: Computing elliptic Chabauty map... (delta = ['1'], g = [4, 8, 4, 13, 6, 1])
2022-02-12 16:41:47,345 INFO: Elliptic Chabauty map computed. (delta = ['1'], g = [4, 8, 4, 13, 6, 1])
2022-02-12 16:41:47,348 INFO: Computing elliptic Chabauty map... (delta = ['4', '7', '5', '13', '6', '1'], g = [4, 8, 4, 13, 6, 1])
2022-02-12 16:42:00,950 INFO: Elliptic Chabauty map computed. (delta = ['4', '7', '5', '13', '6', '1'], g = [4, 8, 4, 13, 6, 1])
2022-02-12 16:42:00,953 INFO: Tasks complete. Recording data and exiting.
