2022-01-11 15:10:20,120 INFO: Initialized curve data.
2022-01-11 15:10:20,123 INFO: Setting up initial twist data...
2022-01-11 15:10:21,131 INFO: Twist setup complete.
2022-01-11 15:10:21,131 INFO: Searching for rational points on each twist...
2022-01-11 15:10:22,883 INFO: Finished searching for rational points on each twist.
2022-01-11 15:10:22,883 INFO: Testing local solvability of twists...
2022-01-11 15:10:22,887 INFO: Finished local solvability testing.
2022-01-11 15:10:22,888 INFO: Computing elliptic curve a-invariants...
2022-01-11 15:10:30,775 INFO: Finished computation of a-invariants.
2022-01-11 15:10:30,777 INFO: Computing MW group (delta = ['4', '-1', '-11', '8', '0', '1'], g = [4, 0, -12, 8, 0, 1])...
2022-01-11 15:24:13,338 INFO: Finished MW computation (delta = ['4', '-1', '-11', '8', '0', '1'], g = [4, 0, -12, 8, 0, 1])
2022-01-11 15:24:13,342 INFO: Computing MW group (delta = ['16', '0', '-47', '31', '0', '4'], g = [4, 0, -12, 8, 0, 1])...
2022-01-11 16:02:43,736 INFO: Finished MW computation (delta = ['16', '0', '-47', '31', '0', '4'], g = [4, 0, -12, 8, 0, 1])
2022-01-11 16:02:43,742 INFO: Unable to use elliptic Chabauty on twist (delta = ['16', '0', '-47', '31', '0', '4'])
2022-01-11 16:02:43,743 INFO: Obstruction found to provably computing rational points. Exiting.
2022-01-14 09:07:35,694 INFO: Loaded curve data from file.
2022-01-14 09:07:35,694 INFO: Obstruction already found. Exiting.
2022-02-12 17:29:59,557 INFO: Loaded curve data from file.
2022-02-12 17:29:59,557 INFO: Computing elliptic Chabauty map... (delta = ['4', '-1', '-11', '8', '0', '1'], g = [4, 0, -12, 8, 0, 1])
2022-02-12 17:30:06,246 INFO: Elliptic Chabauty map computed. (delta = ['4', '-1', '-11', '8', '0', '1'], g = [4, 0, -12, 8, 0, 1])
2022-02-12 17:30:06,248 INFO: Computing elliptic Chabauty map... (delta = ['16', '0', '-47', '31', '0', '4'], g = [4, 0, -12, 8, 0, 1])
2022-02-12 17:30:12,722 INFO: Elliptic Chabauty map computed. (delta = ['16', '0', '-47', '31', '0', '4'], g = [4, 0, -12, 8, 0, 1])
2022-02-12 17:30:12,724 INFO: Computing elliptic Chabauty map... (delta = ['4', '-1', '-12', '8', '0', '1'], g = [4, 0, -12, 8, 0, 1])
2022-02-12 17:30:19,169 INFO: Elliptic Chabauty map computed. (delta = ['4', '-1', '-12', '8', '0', '1'], g = [4, 0, -12, 8, 0, 1])
2022-02-12 17:30:19,173 INFO: Computing elliptic Chabauty map... (delta = ['1'], g = [4, 0, -12, 8, 0, 1])
2022-02-12 17:30:25,749 INFO: Elliptic Chabauty map computed. (delta = ['1'], g = [4, 0, -12, 8, 0, 1])
2022-02-12 17:30:25,753 INFO: Tasks complete. Recording data and exiting.
