2022-02-01 12:33:54,178 INFO: Initialized curve data.
2022-02-01 12:33:54,183 INFO: Setting up initial twist data...
2022-02-01 12:33:55,561 INFO: Twist setup complete.
2022-02-01 12:33:55,561 INFO: Searching for rational points on each twist...
2022-02-01 12:33:57,847 INFO: Finished searching for rational points on each twist.
2022-02-01 12:33:57,847 INFO: Testing local solvability of twists...
2022-02-01 12:34:27,111 INFO: Finished local solvability testing.
2022-02-01 12:34:27,112 INFO: Computing elliptic curve a-invariants...
2022-02-01 12:34:32,265 INFO: Finished computation of a-invariants.
2022-02-01 12:34:32,267 INFO: Computing MW group (delta = ['4', '-4', '-11', '0', '28', '-16'], g = [-4, 3, 12, 0, -28, 16])...
2022-02-02 04:48:19,544 INFO: Loaded curve data from file.
2022-02-02 04:48:19,545 INFO: Reducing MW generators...
2022-02-02 04:48:19,545 INFO: Finished reducing MW generators.
2022-02-02 04:48:19,547 INFO: Skipped Chabauty because MW generators haven't been computed. (delta = ['4', '-4', '-11', '0', '28', '-16'], g = [-4, 3, 12, 0, -28, 16])
2022-02-02 04:48:19,547 INFO: Skipped Chabauty because MW generators haven't been computed. (delta = ['1'], g = [-4, 3, 12, 0, -28, 16])
2022-02-02 04:48:19,547 INFO: Skipped Chabauty because no base point (delta = ['4/5', '-4/5', '-6/5', '-2', '33/5', '-16/5'])
2022-02-02 04:48:19,547 INFO: Skipped Chabauty because no base point (delta = ['1/5', '-1', '1'])
2022-02-02 04:48:19,631 INFO: Tasks complete. Recording data and exiting.
2022-02-12 17:01:37,752 INFO: Loaded curve data from file.
2022-02-12 17:01:37,752 INFO: Computing elliptic Chabauty map... (delta = ['4', '-4', '-11', '0', '28', '-16'], g = [-4, 3, 12, 0, -28, 16])
2022-02-12 17:01:49,201 INFO: Elliptic Chabauty map computed. (delta = ['4', '-4', '-11', '0', '28', '-16'], g = [-4, 3, 12, 0, -28, 16])
2022-02-12 17:01:49,204 INFO: Computing elliptic Chabauty map... (delta = ['1'], g = [-4, 3, 12, 0, -28, 16])
2022-02-12 17:02:00,420 INFO: Elliptic Chabauty map computed. (delta = ['1'], g = [-4, 3, 12, 0, -28, 16])
2022-02-12 17:02:00,422 INFO: Tasks complete. Recording data and exiting.
