2022-01-13 21:54:42,903 INFO: Initialized curve data.
2022-01-13 21:54:42,907 INFO: Setting up initial twist data...
2022-01-13 21:54:43,826 INFO: Twist setup complete.
2022-01-13 21:54:43,826 INFO: Searching for rational points on each twist...
2022-01-13 21:54:45,159 INFO: Finished searching for rational points on each twist.
2022-01-13 21:54:45,159 INFO: Testing local solvability of twists...
2022-01-13 21:54:45,163 INFO: Finished local solvability testing.
2022-01-13 21:54:45,164 INFO: Computing elliptic curve a-invariants...
2022-01-13 21:54:50,948 INFO: Finished computation of a-invariants.
2022-01-13 21:54:50,950 INFO: Computing MW group (delta = ['2', '-5/2', '1', '1/2', '3', '1/2'], g = [4, -4, 0, 1, 6, 1])...
2022-01-13 21:56:32,949 INFO: Finished MW computation (delta = ['2', '-5/2', '1', '1/2', '3', '1/2'], g = [4, -4, 0, 1, 6, 1])
2022-01-13 21:56:32,952 INFO: Computing MW group (delta = ['1'], g = [4, -4, 0, 1, 6, 1])...
2022-01-14 11:35:19,515 INFO: Loaded curve data from file.
2022-01-14 11:35:19,515 INFO: Reducing MW generators...
2022-01-14 11:35:20,191 INFO: Finished reducing MW generators.
2022-01-14 11:35:20,194 INFO: Running elliptic Chabauty (delta = ['2', '-5/2', '1', '1/2', '3', '1/2'], g = [4, -4, 0, 1, 6, 1])...
2022-01-14 11:35:37,116 INFO: Chabauty completed successfully (delta = ['2', '-5/2', '1', '1/2', '3', '1/2'], g = [4, -4, 0, 1, 6, 1]).
2022-01-14 11:35:37,118 INFO: Skipped Chabauty because MW generators haven't been computed. (delta = ['1'], g = [4, -4, 0, 1, 6, 1])
2022-01-14 11:35:37,118 INFO: Skipped Chabauty because MW generators haven't been computed. (delta = ['1/2', '-1'], g = [4, -4, 0, 1, 6, 1])
2022-01-14 11:35:37,118 INFO: Skipped Chabauty because MW generators haven't been computed. (delta = ['4', '-5', '0', '1', '6', '1'], g = [4, -4, 0, 1, 6, 1])
2022-01-14 11:35:37,164 INFO: Tasks complete. Recording data and exiting.
2022-02-12 16:44:17,554 INFO: Loaded curve data from file.
2022-02-12 16:44:17,554 INFO: Computing elliptic Chabauty map... (delta = ['2', '-5/2', '1', '1/2', '3', '1/2'], g = [4, -4, 0, 1, 6, 1])
2022-02-12 16:44:29,054 INFO: Elliptic Chabauty map computed. (delta = ['2', '-5/2', '1', '1/2', '3', '1/2'], g = [4, -4, 0, 1, 6, 1])
2022-02-12 16:44:29,056 INFO: Computing elliptic Chabauty map... (delta = ['1'], g = [4, -4, 0, 1, 6, 1])
2022-02-12 16:44:40,419 INFO: Elliptic Chabauty map computed. (delta = ['1'], g = [4, -4, 0, 1, 6, 1])
2022-02-12 16:44:40,421 INFO: Computing elliptic Chabauty map... (delta = ['1/2', '-1'], g = [4, -4, 0, 1, 6, 1])
2022-02-12 16:44:51,775 INFO: Elliptic Chabauty map computed. (delta = ['1/2', '-1'], g = [4, -4, 0, 1, 6, 1])
2022-02-12 16:44:51,777 INFO: Computing elliptic Chabauty map... (delta = ['4', '-5', '0', '1', '6', '1'], g = [4, -4, 0, 1, 6, 1])
2022-02-12 16:45:03,021 INFO: Elliptic Chabauty map computed. (delta = ['4', '-5', '0', '1', '6', '1'], g = [4, -4, 0, 1, 6, 1])
2022-02-12 16:45:03,024 INFO: Tasks complete. Recording data and exiting.
