2022-02-01 12:33:50,640 INFO: Initialized curve data.
2022-02-01 12:33:50,645 INFO: Setting up initial twist data...
2022-02-01 12:33:51,754 INFO: Twist setup complete.
2022-02-01 12:33:51,754 INFO: Searching for rational points on each twist...
2022-02-01 12:33:53,792 INFO: Finished searching for rational points on each twist.
2022-02-01 12:33:53,792 INFO: Testing local solvability of twists...
2022-02-01 12:33:59,411 INFO: Finished local solvability testing.
2022-02-01 12:33:59,413 INFO: Computing elliptic curve a-invariants...
2022-02-01 12:34:11,028 INFO: Finished computation of a-invariants.
2022-02-01 12:34:11,030 INFO: Skipped MW computation because no base point (delta = ['-1/2', '1/2', '1'])
2022-02-01 12:34:11,030 INFO: Computing MW group (delta = ['1'], g = [-4, -4, -4, -9, 0, 4])...
2022-02-01 12:44:34,903 INFO: Finished MW computation (delta = ['1'], g = [-4, -4, -4, -9, 0, 4])
2022-02-01 12:44:34,907 INFO: Computing MW group (delta = ['-4', '-3', '-3', '-9', '0', '4'], g = [-4, -4, -4, -9, 0, 4])...
2022-02-01 12:49:12,575 INFO: Finished MW computation (delta = ['-4', '-3', '-3', '-9', '0', '4'], g = [-4, -4, -4, -9, 0, 4])
2022-02-01 12:49:12,579 INFO: Computing MW group (delta = ['2', '3/2', '2', '6', '1', '-2'], g = [-4, -4, -4, -9, 0, 4])...
2022-02-01 13:10:39,135 INFO: Finished MW computation (delta = ['2', '3/2', '2', '6', '1', '-2'], g = [-4, -4, -4, -9, 0, 4])
2022-02-01 13:10:39,139 INFO: Reducing MW generators...
2022-02-01 13:10:42,587 INFO: Finished reducing MW generators.
2022-02-01 13:10:42,589 INFO: Tasks complete. Recording data and exiting.
2022-02-02 04:48:16,018 INFO: Loaded curve data from file.
2022-02-02 04:48:16,019 INFO: Skipped Chabauty because no base point (delta = ['-1/2', '1/2', '1'])
2022-02-02 04:48:16,019 INFO: Running elliptic Chabauty (delta = ['1'], g = [-4, -4, -4, -9, 0, 4])...
2022-02-02 04:48:24,854 INFO: Chabauty completed successfully (delta = ['1'], g = [-4, -4, -4, -9, 0, 4]).
2022-02-02 04:48:24,857 INFO: Skipped Chabauty because MW group hasn't been provably computed. (delta = ['-4', '-3', '-3', '-9', '0', '4'], g = [-4, -4, -4, -9, 0, 4])
2022-02-02 04:48:24,857 INFO: Running elliptic Chabauty (delta = ['2', '3/2', '2', '6', '1', '-2'], g = [-4, -4, -4, -9, 0, 4])...
2022-02-02 04:51:06,807 INFO: Chabauty completed successfully (delta = ['2', '3/2', '2', '6', '1', '-2'], g = [-4, -4, -4, -9, 0, 4]).
2022-02-02 04:51:06,930 INFO: Tasks complete. Recording data and exiting.
2022-02-12 16:54:18,190 INFO: Loaded curve data from file.
2022-02-12 16:54:18,190 INFO: Computing elliptic Chabauty map... (delta = ['1'], g = [-4, -4, -4, -9, 0, 4])
2022-02-12 16:54:29,121 INFO: Elliptic Chabauty map computed. (delta = ['1'], g = [-4, -4, -4, -9, 0, 4])
2022-02-12 16:54:29,124 INFO: Computing elliptic Chabauty map... (delta = ['-4', '-3', '-3', '-9', '0', '4'], g = [-4, -4, -4, -9, 0, 4])
2022-02-12 16:54:39,669 INFO: Elliptic Chabauty map computed. (delta = ['-4', '-3', '-3', '-9', '0', '4'], g = [-4, -4, -4, -9, 0, 4])
2022-02-12 16:54:39,671 INFO: Computing elliptic Chabauty map... (delta = ['2', '3/2', '2', '6', '1', '-2'], g = [-4, -4, -4, -9, 0, 4])
2022-02-12 16:54:50,204 INFO: Elliptic Chabauty map computed. (delta = ['2', '3/2', '2', '6', '1', '-2'], g = [-4, -4, -4, -9, 0, 4])
2022-02-12 16:54:50,206 INFO: Tasks complete. Recording data and exiting.
