2022-01-13 21:54:41,691 INFO: Initialized curve data.
2022-01-13 21:54:41,695 INFO: Setting up initial twist data...
2022-01-13 21:54:42,465 INFO: Twist setup complete.
2022-01-13 21:54:42,465 INFO: Searching for rational points on each twist...
2022-01-13 21:54:43,709 INFO: Finished searching for rational points on each twist.
2022-01-13 21:54:43,709 INFO: Testing local solvability of twists...
2022-01-13 21:55:13,616 INFO: Finished local solvability testing.
2022-01-13 21:55:13,618 INFO: Computing elliptic curve a-invariants...
2022-01-13 21:55:22,659 INFO: Finished computation of a-invariants.
2022-01-13 21:55:22,661 INFO: Computing MW group (delta = ['4', '3', '0', '-12', '4', '1'], g = [4, 4, 0, -12, 4, 1])...
2022-01-13 21:57:24,724 INFO: Finished MW computation (delta = ['4', '3', '0', '-12', '4', '1'], g = [4, 4, 0, -12, 4, 1])
2022-01-13 21:57:24,727 INFO: Skipped MW computation because no base point (delta = ['16', '16', '1', '-49', '16', '4'])
2022-01-13 21:57:24,727 INFO: Computing MW group (delta = ['1'], g = [4, 4, 0, -12, 4, 1])...
2022-01-13 21:58:01,031 INFO: Finished MW computation (delta = ['1'], g = [4, 4, 0, -12, 4, 1])
2022-01-13 21:58:01,033 INFO: Computing MW group (delta = ['4', '3', '1', '-12', '4', '1'], g = [4, 4, 0, -12, 4, 1])...
2022-01-13 21:59:19,595 INFO: Finished MW computation (delta = ['4', '3', '1', '-12', '4', '1'], g = [4, 4, 0, -12, 4, 1])
2022-01-13 21:59:19,599 INFO: Reducing MW generators...
2022-01-13 21:59:20,811 INFO: Finished reducing MW generators.
2022-01-13 21:59:20,813 INFO: Tasks complete. Recording data and exiting.
2022-01-14 11:35:18,035 INFO: Loaded curve data from file.
2022-01-14 11:35:18,036 INFO: Running elliptic Chabauty (delta = ['4', '3', '0', '-12', '4', '1'], g = [4, 4, 0, -12, 4, 1])...
2022-01-14 11:35:33,572 INFO: Chabauty completed successfully (delta = ['4', '3', '0', '-12', '4', '1'], g = [4, 4, 0, -12, 4, 1]).
2022-01-14 11:35:33,576 INFO: Skipped Chabauty because no base point (delta = ['16', '16', '1', '-49', '16', '4'])
2022-01-14 11:35:33,576 INFO: Running elliptic Chabauty (delta = ['1'], g = [4, 4, 0, -12, 4, 1])...
2022-01-14 11:35:55,999 INFO: Chabauty completed successfully (delta = ['1'], g = [4, 4, 0, -12, 4, 1]).
2022-01-14 11:35:56,001 INFO: Skipped Chabauty because MW group hasn't been provably computed. (delta = ['4', '3', '1', '-12', '4', '1'], g = [4, 4, 0, -12, 4, 1])
2022-01-14 11:35:56,099 INFO: Tasks complete. Recording data and exiting.
2022-02-12 17:29:39,633 INFO: Loaded curve data from file.
2022-02-12 17:29:39,634 INFO: Computing elliptic Chabauty map... (delta = ['4', '3', '0', '-12', '4', '1'], g = [4, 4, 0, -12, 4, 1])
2022-02-12 17:29:54,054 INFO: Elliptic Chabauty map computed. (delta = ['4', '3', '0', '-12', '4', '1'], g = [4, 4, 0, -12, 4, 1])
2022-02-12 17:29:54,057 INFO: Computing elliptic Chabauty map... (delta = ['1'], g = [4, 4, 0, -12, 4, 1])
2022-02-12 17:30:08,447 INFO: Elliptic Chabauty map computed. (delta = ['1'], g = [4, 4, 0, -12, 4, 1])
2022-02-12 17:30:08,449 INFO: Computing elliptic Chabauty map... (delta = ['4', '3', '1', '-12', '4', '1'], g = [4, 4, 0, -12, 4, 1])
2022-02-12 17:30:22,820 INFO: Elliptic Chabauty map computed. (delta = ['4', '3', '1', '-12', '4', '1'], g = [4, 4, 0, -12, 4, 1])
2022-02-12 17:30:22,822 INFO: Tasks complete. Recording data and exiting.
