2022-01-01 12:51:06,596 INFO: Initialized curve data.
2022-01-01 12:51:06,598 INFO: Setting up initial twist data...
2022-01-01 12:51:07,517 INFO: Twist setup complete.
2022-01-01 12:51:07,517 INFO: Searching for rational points on each twist...
2022-01-01 12:51:08,391 INFO: Finished searching for rational points on each twist.
2022-01-01 12:51:08,391 INFO: Testing local solvability of twists...
2022-01-01 12:51:08,396 INFO: Finished local solvability testing.
2022-01-01 12:51:08,397 INFO: Computing elliptic curve a-invariants...
2022-01-01 12:51:15,984 INFO: Finished computation of a-invariants.
2022-01-01 12:51:15,985 INFO: Computing MW group (delta = ['-1', '-1'], g = [-4, 1, 12, 0, -4, 4])...
2022-01-01 12:51:33,831 INFO: Finished MW computation (delta = ['-1', '-1'], g = [-4, 1, 12, 0, -4, 4])
2022-01-01 12:51:33,833 INFO: Obstruction found to provably computing rational points. Exiting.
2022-01-03 13:14:57,000 INFO: Obsolete "loc_solv_error" keys removed.
2022-01-10 22:42:03,556 INFO: Loaded curve data from file.
2022-01-10 22:42:03,557 INFO: Obstruction already found. Exiting.
2022-02-12 17:53:42,017 INFO: Loaded curve data from file.
2022-02-12 17:53:42,017 INFO: Computing elliptic Chabauty map... (delta = ['-1', '-1'], g = [-4, 1, 12, 0, -4, 4])
2022-02-12 17:53:52,877 INFO: Elliptic Chabauty map computed. (delta = ['-1', '-1'], g = [-4, 1, 12, 0, -4, 4])
2022-02-12 17:53:52,880 INFO: Computing elliptic Chabauty map... (delta = ['4', '0', '-11', '0', '4', '-4'], g = [-4, 1, 12, 0, -4, 4])
2022-02-12 17:54:03,563 INFO: Elliptic Chabauty map computed. (delta = ['4', '0', '-11', '0', '4', '-4'], g = [-4, 1, 12, 0, -4, 4])
2022-02-12 17:54:03,565 INFO: Computing elliptic Chabauty map... (delta = ['1'], g = [-4, 1, 12, 0, -4, 4])
2022-02-12 17:54:14,319 INFO: Elliptic Chabauty map computed. (delta = ['1'], g = [-4, 1, 12, 0, -4, 4])
2022-02-12 17:54:14,321 INFO: Computing elliptic Chabauty map... (delta = ['-4', '0', '10', '-1', '-4', '4'], g = [-4, 1, 12, 0, -4, 4])
2022-02-12 17:54:25,059 INFO: Elliptic Chabauty map computed. (delta = ['-4', '0', '10', '-1', '-4', '4'], g = [-4, 1, 12, 0, -4, 4])
2022-02-12 17:54:25,062 INFO: Tasks complete. Recording data and exiting.
