2022-01-01 12:50:45,944 INFO: Initialized curve data.
2022-01-01 12:50:45,949 INFO: Setting up initial twist data...
2022-01-01 12:50:47,077 INFO: Twist setup complete.
2022-01-01 12:50:47,077 INFO: Searching for rational points on each twist...
2022-01-01 12:50:48,451 INFO: Finished searching for rational points on each twist.
2022-01-01 12:50:48,451 INFO: Testing local solvability of twists...
2022-01-01 12:50:48,457 INFO: Finished local solvability testing.
2022-01-01 12:50:48,458 INFO: Computing elliptic curve a-invariants...
2022-01-01 12:50:57,559 INFO: Finished computation of a-invariants.
2022-01-01 12:50:57,561 INFO: Computing MW group (delta = ['-1', '-1'], g = [4, 8, 0, -7, 0, 4])...
2022-01-01 12:54:31,567 INFO: Finished MW computation (delta = ['-1', '-1'], g = [4, 8, 0, -7, 0, 4])
2022-01-01 12:54:31,570 INFO: Computing MW group (delta = ['1'], g = [4, 8, 0, -7, 0, 4])...
2022-01-03 13:14:57,000 INFO: Obsolete "loc_solv_error" keys removed.
2022-01-10 22:39:05,184 INFO: Loaded curve data from file.
2022-01-10 22:39:05,185 INFO: Reducing MW generators...
2022-01-10 22:39:05,661 INFO: Finished reducing MW generators.
2022-01-10 22:39:05,662 INFO: Running elliptic Chabauty (delta = ['-1', '-1'], g = [4, 8, 0, -7, 0, 4])...
2022-01-10 22:39:14,473 INFO: Chabauty completed successfully (delta = ['-1', '-1'], g = [4, 8, 0, -7, 0, 4]).
2022-01-10 22:39:14,475 INFO: Skipped Chabauty because MW generators haven't been computed. (delta = ['1'], g = [4, 8, 0, -7, 0, 4])
2022-01-10 22:39:14,475 INFO: Skipped Chabauty because MW generators haven't been computed. (delta = ['-4', '-7', '1', '7', '0', '-4'], g = [4, 8, 0, -7, 0, 4])
2022-01-10 22:39:14,475 INFO: Skipped Chabauty because MW generators haven't been computed. (delta = ['4', '7', '-2', '-8', '0', '4'], g = [4, 8, 0, -7, 0, 4])
2022-01-10 22:39:14,514 INFO: Tasks complete. Recording data and exiting.
2022-02-12 17:35:18,290 INFO: Loaded curve data from file.
2022-02-12 17:35:18,290 INFO: Computing elliptic Chabauty map... (delta = ['-1', '-1'], g = [4, 8, 0, -7, 0, 4])
2022-02-12 17:35:24,238 INFO: Elliptic Chabauty map computed. (delta = ['-1', '-1'], g = [4, 8, 0, -7, 0, 4])
2022-02-12 17:35:24,240 INFO: Computing elliptic Chabauty map... (delta = ['1'], g = [4, 8, 0, -7, 0, 4])
2022-02-12 17:35:30,003 INFO: Elliptic Chabauty map computed. (delta = ['1'], g = [4, 8, 0, -7, 0, 4])
2022-02-12 17:35:30,006 INFO: Computing elliptic Chabauty map... (delta = ['-4', '-7', '1', '7', '0', '-4'], g = [4, 8, 0, -7, 0, 4])
2022-02-12 17:35:35,735 INFO: Elliptic Chabauty map computed. (delta = ['-4', '-7', '1', '7', '0', '-4'], g = [4, 8, 0, -7, 0, 4])
2022-02-12 17:35:35,737 INFO: Computing elliptic Chabauty map... (delta = ['4', '7', '-2', '-8', '0', '4'], g = [4, 8, 0, -7, 0, 4])
2022-02-12 17:35:41,491 INFO: Elliptic Chabauty map computed. (delta = ['4', '7', '-2', '-8', '0', '4'], g = [4, 8, 0, -7, 0, 4])
2022-02-12 17:35:41,494 INFO: Tasks complete. Recording data and exiting.
