2022-01-12 12:13:51,811 INFO: Initialized curve data.
2022-01-12 12:13:51,816 INFO: Setting up initial twist data...
2022-01-12 12:13:56,162 INFO: Twist setup complete.
2022-01-12 12:13:56,162 INFO: Searching for rational points on each twist...
2022-01-12 12:14:00,590 INFO: Finished searching for rational points on each twist.
2022-01-12 12:14:00,590 INFO: Testing local solvability of twists...
2022-01-12 12:14:34,400 INFO: Finished local solvability testing.
2022-01-12 12:14:34,401 INFO: Computing elliptic curve a-invariants...
2022-01-12 12:14:41,241 INFO: Finished computation of a-invariants.
2022-01-12 12:14:41,243 INFO: Skipped MW computation because no base point (delta = ['64/3', '3712/9', '-4852/9', '339', '-2551/9', '1024/9'])
2022-01-12 12:14:41,244 INFO: Computing MW group (delta = ['16/3', '316/3', '-63', '128/3', '-128/3'], g = [-4, 3])...
2022-01-12 12:14:41,627 INFO: Finished MW computation (delta = ['16/3', '316/3', '-63', '128/3', '-128/3'], g = [-4, 3])
2022-01-12 12:14:41,629 INFO: Computing MW group (delta = ['16/3', '316/3', '-63', '128/3', '-128/3'], g = [-1, -20, 12, -8, 8])...
2022-01-12 12:15:01,915 INFO: Finished MW computation (delta = ['16/3', '316/3', '-63', '128/3', '-128/3'], g = [-1, -20, 12, -8, 8])
2022-01-12 12:15:01,919 INFO: Computing MW group (delta = ['4/3', '76/3', '-103/3', '61/3', '-53/3', '8'], g = [-4, 3])...
2022-01-12 12:15:02,307 INFO: Finished MW computation (delta = ['4/3', '76/3', '-103/3', '61/3', '-53/3', '8'], g = [-4, 3])
2022-01-12 12:15:02,309 INFO: Computing MW group (delta = ['4/3', '76/3', '-103/3', '61/3', '-53/3', '8'], g = [-1, -20, 12, -8, 8])...
2022-01-14 11:32:11,396 INFO: Loaded curve data from file.
2022-01-14 11:32:11,396 INFO: Reducing MW generators...
2022-01-14 11:32:11,508 INFO: Finished reducing MW generators.
2022-01-14 11:32:11,511 INFO: Skipped Chabauty because no base point (delta = ['64/3', '3712/9', '-4852/9', '339', '-2551/9', '1024/9'])
2022-01-14 11:32:11,511 INFO: Skipped Chabauty because rank >= degree(g). (delta = ['16/3', '316/3', '-63', '128/3', '-128/3'], g = [-4, 3])
2022-01-14 11:32:11,511 INFO: Running elliptic Chabauty (delta = ['16/3', '316/3', '-63', '128/3', '-128/3'], g = [-1, -20, 12, -8, 8])...
2022-01-14 11:32:20,737 ERROR: An exception occurred. Recording data and exiting.
Traceback (most recent call last):
  File "/project/arithgeo/drhast/twocover-descent/./twocover-processor.sage.py", line 575, in <module>
    raise PointCountError("Twist point count less than known point count! (delta = {})".format(twist["coeffs"]))
PointCountError: Twist point count less than known point count! (delta = ['16/3', '316/3', '-63', '128/3', '-128/3'])
2022-01-14 22:10:01,781 INFO: Loaded curve data from file.
2022-01-14 22:10:01,781 INFO: Skipped Chabauty because no base point (delta = ['64/3', '3712/9', '-4852/9', '339', '-2551/9', '1024/9'])
2022-01-14 22:10:01,781 INFO: Running elliptic Chabauty (delta = ['16/3', '316/3', '-63', '128/3', '-128/3'], g = [-1, -20, 12, -8, 8])...
2022-01-14 22:10:09,791 INFO: Chabauty completed successfully (delta = ['16/3', '316/3', '-63', '128/3', '-128/3'], g = [-1, -20, 12, -8, 8]).
2022-01-14 22:10:09,792 INFO: Skipped Chabauty because twist points already verified. (delta = ['16/3', '316/3', '-63', '128/3', '-128/3'])
2022-01-14 22:10:09,792 INFO: Skipped Chabauty because rank >= degree(g). (delta = ['4/3', '76/3', '-103/3', '61/3', '-53/3', '8'], g = [-4, 3])
2022-01-14 22:10:09,792 INFO: Skipped Chabauty because MW generators haven't been computed. (delta = ['4/3', '76/3', '-103/3', '61/3', '-53/3', '8'], g = [-1, -20, 12, -8, 8])
2022-01-14 22:10:09,792 INFO: Skipped Chabauty because MW generators haven't been computed. (delta = ['4', '76', '-107', '68', '-56', '24'], g = [-4, 3])
2022-01-14 22:10:09,792 INFO: Skipped Chabauty because MW generators haven't been computed. (delta = ['4', '76', '-107', '68', '-56', '24'], g = [-1, -20, 12, -8, 8])
2022-01-14 22:10:09,792 INFO: Skipped Chabauty because MW generators haven't been computed. (delta = ['64/9', '7415/54', '-39509/216', '2083/18', '-5015/54', '988/27'], g = [-4, 3])
2022-01-14 22:10:09,792 INFO: Skipped Chabauty because MW generators haven't been computed. (delta = ['64/9', '7415/54', '-39509/216', '2083/18', '-5015/54', '988/27'], g = [-1, -20, 12, -8, 8])
2022-01-14 22:10:09,792 INFO: Skipped Chabauty because no base point (delta = ['16/9', '316/9', '-173/9', '104/9', '-119/9'])
2022-01-14 22:10:09,792 INFO: Skipped Chabauty because MW generators haven't been computed. (delta = ['1'], g = [-4, 3])
2022-01-14 22:10:09,792 INFO: Skipped Chabauty because MW generators haven't been computed. (delta = ['1'], g = [-1, -20, 12, -8, 8])
2022-01-14 22:10:09,792 INFO: Skipped Chabauty because MW generators haven't been computed. (delta = ['1/3', '-4/3', '1'], g = [-4, 3])
2022-01-14 22:10:09,792 INFO: Skipped Chabauty because MW generators haven't been computed. (delta = ['1/3', '-4/3', '1'], g = [-1, -20, 12, -8, 8])
2022-01-14 22:10:09,885 INFO: Tasks complete. Recording data and exiting.
2022-02-12 17:05:40,061 INFO: Loaded curve data from file.
2022-02-12 17:05:40,061 INFO: Computing elliptic Chabauty map... (delta = ['16/3', '316/3', '-63', '128/3', '-128/3'], g = [-4, 3])
2022-02-12 17:05:50,762 INFO: Elliptic Chabauty map computed. (delta = ['16/3', '316/3', '-63', '128/3', '-128/3'], g = [-4, 3])
2022-02-12 17:05:50,765 INFO: Computing elliptic Chabauty map... (delta = ['16/3', '316/3', '-63', '128/3', '-128/3'], g = [-1, -20, 12, -8, 8])
2022-02-12 17:06:04,315 INFO: Elliptic Chabauty map computed. (delta = ['16/3', '316/3', '-63', '128/3', '-128/3'], g = [-1, -20, 12, -8, 8])
2022-02-12 17:06:04,318 INFO: Computing elliptic Chabauty map... (delta = ['4/3', '76/3', '-103/3', '61/3', '-53/3', '8'], g = [-4, 3])
2022-02-12 17:06:14,906 INFO: Elliptic Chabauty map computed. (delta = ['4/3', '76/3', '-103/3', '61/3', '-53/3', '8'], g = [-4, 3])
2022-02-12 17:06:14,909 INFO: Computing elliptic Chabauty map... (delta = ['4/3', '76/3', '-103/3', '61/3', '-53/3', '8'], g = [-1, -20, 12, -8, 8])
2022-02-12 17:06:28,207 INFO: Elliptic Chabauty map computed. (delta = ['4/3', '76/3', '-103/3', '61/3', '-53/3', '8'], g = [-1, -20, 12, -8, 8])
2022-02-12 17:06:28,210 INFO: Computing elliptic Chabauty map... (delta = ['4', '76', '-107', '68', '-56', '24'], g = [-4, 3])
2022-02-12 17:06:38,774 INFO: Elliptic Chabauty map computed. (delta = ['4', '76', '-107', '68', '-56', '24'], g = [-4, 3])
2022-02-12 17:06:38,777 INFO: Computing elliptic Chabauty map... (delta = ['4', '76', '-107', '68', '-56', '24'], g = [-1, -20, 12, -8, 8])
2022-02-12 17:06:51,986 INFO: Elliptic Chabauty map computed. (delta = ['4', '76', '-107', '68', '-56', '24'], g = [-1, -20, 12, -8, 8])
2022-02-12 17:06:51,990 INFO: Computing elliptic Chabauty map... (delta = ['64/9', '7415/54', '-39509/216', '2083/18', '-5015/54', '988/27'], g = [-4, 3])
2022-02-12 17:07:02,563 INFO: Elliptic Chabauty map computed. (delta = ['64/9', '7415/54', '-39509/216', '2083/18', '-5015/54', '988/27'], g = [-4, 3])
2022-02-12 17:07:02,567 INFO: Computing elliptic Chabauty map... (delta = ['64/9', '7415/54', '-39509/216', '2083/18', '-5015/54', '988/27'], g = [-1, -20, 12, -8, 8])
2022-02-12 17:07:16,035 INFO: Elliptic Chabauty map computed. (delta = ['64/9', '7415/54', '-39509/216', '2083/18', '-5015/54', '988/27'], g = [-1, -20, 12, -8, 8])
2022-02-12 17:07:16,040 INFO: Computing elliptic Chabauty map... (delta = ['1'], g = [-4, 3])
2022-02-12 17:07:26,608 INFO: Elliptic Chabauty map computed. (delta = ['1'], g = [-4, 3])
2022-02-12 17:07:26,613 INFO: Computing elliptic Chabauty map... (delta = ['1'], g = [-1, -20, 12, -8, 8])
2022-02-12 17:07:39,824 INFO: Elliptic Chabauty map computed. (delta = ['1'], g = [-1, -20, 12, -8, 8])
2022-02-12 17:07:39,830 INFO: Computing elliptic Chabauty map... (delta = ['1/3', '-4/3', '1'], g = [-4, 3])
2022-02-12 17:07:50,401 INFO: Elliptic Chabauty map computed. (delta = ['1/3', '-4/3', '1'], g = [-4, 3])
2022-02-12 17:07:50,408 INFO: Computing elliptic Chabauty map... (delta = ['1/3', '-4/3', '1'], g = [-1, -20, 12, -8, 8])
2022-02-12 17:08:03,756 INFO: Elliptic Chabauty map computed. (delta = ['1/3', '-4/3', '1'], g = [-1, -20, 12, -8, 8])
2022-02-12 17:08:03,763 INFO: Tasks complete. Recording data and exiting.
