2022-01-11 15:10:21,744 INFO: Initialized curve data.
2022-01-11 15:10:21,747 INFO: Setting up initial twist data...
2022-01-11 15:10:23,124 INFO: Twist setup complete.
2022-01-11 15:10:23,124 INFO: Searching for rational points on each twist...
2022-01-11 15:10:25,041 INFO: Finished searching for rational points on each twist.
2022-01-11 15:10:25,042 INFO: Testing local solvability of twists...
2022-01-11 15:10:26,135 INFO: Finished local solvability testing.
2022-01-11 15:10:26,137 INFO: Computing elliptic curve a-invariants...
2022-01-11 15:10:32,859 INFO: Finished computation of a-invariants.
2022-01-11 15:10:32,860 INFO: Computing MW group (delta = ['-4', '-8', '-14', '-1', '2', '1'], g = [-4, -7, -14, -1, 2, 1])...
2022-01-11 15:12:21,024 INFO: Finished MW computation (delta = ['-4', '-8', '-14', '-1', '2', '1'], g = [-4, -7, -14, -1, 2, 1])
2022-01-11 15:12:21,027 INFO: Skipped MW computation because no base point (delta = ['-16', '-28', '-57', '-5', '8', '4'])
2022-01-11 15:12:21,027 INFO: Computing MW group (delta = ['4', '8', '15', '1', '-2', '-1'], g = [-4, -7, -14, -1, 2, 1])...
2022-01-11 15:13:36,568 INFO: Finished MW computation (delta = ['4', '8', '15', '1', '-2', '-1'], g = [-4, -7, -14, -1, 2, 1])
2022-01-11 15:13:36,570 INFO: Computing MW group (delta = ['1'], g = [-4, -7, -14, -1, 2, 1])...
2022-01-14 09:07:35,705 INFO: Loaded curve data from file.
2022-01-14 09:07:35,706 INFO: Reducing MW generators...
2022-01-14 09:07:36,356 INFO: Finished reducing MW generators.
2022-01-14 09:07:36,358 INFO: Running elliptic Chabauty (delta = ['-4', '-8', '-14', '-1', '2', '1'], g = [-4, -7, -14, -1, 2, 1])...
2022-01-14 09:07:48,376 INFO: Chabauty completed successfully (delta = ['-4', '-8', '-14', '-1', '2', '1'], g = [-4, -7, -14, -1, 2, 1]).
2022-01-14 09:07:48,378 INFO: Skipped Chabauty because no base point (delta = ['-16', '-28', '-57', '-5', '8', '4'])
2022-01-14 09:07:48,378 INFO: Running elliptic Chabauty (delta = ['4', '8', '15', '1', '-2', '-1'], g = [-4, -7, -14, -1, 2, 1])...
2022-01-14 09:08:16,012 INFO: Chabauty completed successfully (delta = ['4', '8', '15', '1', '-2', '-1'], g = [-4, -7, -14, -1, 2, 1]).
2022-01-14 09:08:16,014 INFO: Skipped Chabauty because MW generators haven't been computed. (delta = ['1'], g = [-4, -7, -14, -1, 2, 1])
2022-01-14 09:08:16,143 INFO: Tasks complete. Recording data and exiting.
2022-02-12 17:47:41,608 INFO: Loaded curve data from file.
2022-02-12 17:47:41,608 INFO: Computing elliptic Chabauty map... (delta = ['-4', '-8', '-14', '-1', '2', '1'], g = [-4, -7, -14, -1, 2, 1])
2022-02-12 17:47:54,926 INFO: Elliptic Chabauty map computed. (delta = ['-4', '-8', '-14', '-1', '2', '1'], g = [-4, -7, -14, -1, 2, 1])
2022-02-12 17:47:54,929 INFO: Computing elliptic Chabauty map... (delta = ['4', '8', '15', '1', '-2', '-1'], g = [-4, -7, -14, -1, 2, 1])
2022-02-12 17:48:08,191 INFO: Elliptic Chabauty map computed. (delta = ['4', '8', '15', '1', '-2', '-1'], g = [-4, -7, -14, -1, 2, 1])
2022-02-12 17:48:08,193 INFO: Computing elliptic Chabauty map... (delta = ['1'], g = [-4, -7, -14, -1, 2, 1])
2022-02-12 17:48:21,242 INFO: Elliptic Chabauty map computed. (delta = ['1'], g = [-4, -7, -14, -1, 2, 1])
2022-02-12 17:48:21,245 INFO: Tasks complete. Recording data and exiting.
