2022-01-01 10:40:30,999 INFO: Initialized curve data.
2022-01-01 10:40:31,004 INFO: Setting up initial twist data...
2022-01-01 10:40:32,440 INFO: Twist setup complete.
2022-01-01 10:40:32,440 INFO: Searching for rational points on each twist...
2022-01-01 10:40:33,422 INFO: Finished searching for rational points on each twist.
2022-01-01 10:40:33,422 INFO: Testing local solvability of twists...
2022-01-01 10:40:33,428 INFO: Finished local solvability testing.
2022-01-01 10:40:33,429 INFO: Computing elliptic curve a-invariants...
2022-01-01 10:40:55,720 INFO: Finished computation of a-invariants.
2022-01-01 10:40:55,721 INFO: Computing MW group (delta = ['0', '-4', '-4', '-1'], g = [-1, 3, 15, 13, 5, 1])...
2022-01-01 10:41:29,804 INFO: Finished MW computation (delta = ['0', '-4', '-4', '-1'], g = [-1, 3, 15, 13, 5, 1])
2022-01-01 10:41:29,808 INFO: Computing MW group (delta = ['0', '2', '1'], g = [-1, 3, 15, 13, 5, 1])...
2022-01-01 10:42:56,484 INFO: Finished MW computation (delta = ['0', '2', '1'], g = [-1, 3, 15, 13, 5, 1])
2022-01-01 10:42:56,487 INFO: Computing MW group (delta = ['1'], g = [-1, 3, 15, 13, 5, 1])...
2022-01-01 10:44:45,420 INFO: Finished MW computation (delta = ['1'], g = [-1, 3, 15, 13, 5, 1])
2022-01-01 10:44:45,423 INFO: Computing MW group (delta = ['-2', '-1'], g = [-1, 3, 15, 13, 5, 1])...
2022-01-01 10:45:34,057 INFO: Finished MW computation (delta = ['-2', '-1'], g = [-1, 3, 15, 13, 5, 1])
2022-01-01 10:45:34,063 INFO: Reducing MW generators...
2022-01-01 10:45:38,450 INFO: Finished reducing MW generators.
2022-01-01 10:45:38,453 INFO: Running elliptic Chabauty (delta = ['0', '-4', '-4', '-1'], g = [-1, 3, 15, 13, 5, 1])...
2022-01-01 10:45:58,807 INFO: Chabauty completed successfully (delta = ['0', '-4', '-4', '-1'], g = [-1, 3, 15, 13, 5, 1]).
2022-01-01 10:45:58,810 INFO: Running elliptic Chabauty (delta = ['0', '2', '1'], g = [-1, 3, 15, 13, 5, 1])...
2022-01-01 10:46:22,068 INFO: Chabauty completed successfully (delta = ['0', '2', '1'], g = [-1, 3, 15, 13, 5, 1]).
2022-01-01 10:46:22,083 INFO: Running elliptic Chabauty (delta = ['1'], g = [-1, 3, 15, 13, 5, 1])...
2022-01-01 10:46:57,567 INFO: Chabauty completed successfully (delta = ['1'], g = [-1, 3, 15, 13, 5, 1]).
2022-01-01 10:46:57,570 INFO: Running elliptic Chabauty (delta = ['-2', '-1'], g = [-1, 3, 15, 13, 5, 1])...
2022-01-01 10:47:15,771 INFO: Chabauty completed successfully (delta = ['-2', '-1'], g = [-1, 3, 15, 13, 5, 1]).
2022-01-01 10:47:16,017 INFO: Rational points successfully computed.
2022-01-01 10:47:16,019 INFO: Tasks complete. Recording data and exiting.
2022-01-03 13:14:57,000 INFO: Obsolete "loc_solv_error" keys removed.
2022-01-03 13:14:57,000 INFO: Deleted results of Chabauty computation.
2022-01-10 22:39:04,968 INFO: Loaded curve data from file.
2022-01-10 22:39:04,970 INFO: Running elliptic Chabauty (delta = ['0', '-4', '-4', '-1'], g = [-1, 3, 15, 13, 5, 1])...
2022-01-10 22:39:21,936 INFO: Chabauty completed successfully (delta = ['0', '-4', '-4', '-1'], g = [-1, 3, 15, 13, 5, 1]).
2022-01-10 22:39:21,938 INFO: Running elliptic Chabauty (delta = ['0', '2', '1'], g = [-1, 3, 15, 13, 5, 1])...
2022-01-10 22:39:40,779 INFO: Chabauty completed successfully (delta = ['0', '2', '1'], g = [-1, 3, 15, 13, 5, 1]).
2022-01-10 22:39:40,780 INFO: Running elliptic Chabauty (delta = ['1'], g = [-1, 3, 15, 13, 5, 1])...
2022-01-10 22:40:08,975 INFO: Chabauty completed successfully (delta = ['1'], g = [-1, 3, 15, 13, 5, 1]).
2022-01-10 22:40:08,976 INFO: Running elliptic Chabauty (delta = ['-2', '-1'], g = [-1, 3, 15, 13, 5, 1])...
2022-01-10 22:40:23,879 INFO: Chabauty completed successfully (delta = ['-2', '-1'], g = [-1, 3, 15, 13, 5, 1]).
2022-01-10 22:40:24,098 INFO: Rational points successfully computed.
2022-01-10 22:40:24,099 INFO: Tasks complete. Recording data and exiting.
2022-02-12 17:48:47,629 INFO: Loaded curve data from file.
2022-02-12 17:48:47,629 INFO: Computing elliptic Chabauty map... (delta = ['0', '-4', '-4', '-1'], g = [-1, 3, 15, 13, 5, 1])
2022-02-12 17:49:05,205 INFO: Elliptic Chabauty map computed. (delta = ['0', '-4', '-4', '-1'], g = [-1, 3, 15, 13, 5, 1])
2022-02-12 17:49:05,209 INFO: Computing elliptic Chabauty map... (delta = ['0', '2', '1'], g = [-1, 3, 15, 13, 5, 1])
2022-02-12 17:49:23,359 INFO: Elliptic Chabauty map computed. (delta = ['0', '2', '1'], g = [-1, 3, 15, 13, 5, 1])
2022-02-12 17:49:23,362 INFO: Computing elliptic Chabauty map... (delta = ['1'], g = [-1, 3, 15, 13, 5, 1])
2022-02-12 17:49:40,894 INFO: Elliptic Chabauty map computed. (delta = ['1'], g = [-1, 3, 15, 13, 5, 1])
2022-02-12 17:49:40,898 INFO: Computing elliptic Chabauty map... (delta = ['-2', '-1'], g = [-1, 3, 15, 13, 5, 1])
2022-02-12 17:49:58,587 INFO: Elliptic Chabauty map computed. (delta = ['-2', '-1'], g = [-1, 3, 15, 13, 5, 1])
2022-02-12 17:49:58,590 INFO: Tasks complete. Recording data and exiting.
