2022-02-01 12:30:06,588 INFO: Initialized curve data.
2022-02-01 12:30:06,591 INFO: Setting up initial twist data...
2022-02-01 12:30:07,522 INFO: Twist setup complete.
2022-02-01 12:30:07,522 INFO: Searching for rational points on each twist...
2022-02-01 12:30:13,543 INFO: Finished searching for rational points on each twist.
2022-02-01 12:30:13,543 INFO: Testing local solvability of twists...
2022-02-01 12:30:32,391 INFO: Finished local solvability testing.
2022-02-01 12:30:32,394 INFO: Computing elliptic curve a-invariants...
2022-02-01 12:30:38,609 INFO: Finished computation of a-invariants.
2022-02-01 12:30:38,612 INFO: Skipped MW computation because no base point (delta = ['1/2', '0', '-1', '-3', '4'])
2022-02-01 12:30:38,613 INFO: Computing MW group (delta = ['4/5', '-8/5', '-7/5', '0', '36/5', '-24/5'], g = [-1, 1])...
2022-02-01 12:30:38,976 INFO: Finished MW computation (delta = ['4/5', '-8/5', '-7/5', '0', '36/5', '-24/5'], g = [-1, 1])
2022-02-01 12:30:38,979 INFO: Computing MW group (delta = ['4/5', '-8/5', '-7/5', '0', '36/5', '-24/5'], g = [1, 0, -3, -3, 6])...
2022-02-01 12:30:44,631 INFO: Finished MW computation (delta = ['4/5', '-8/5', '-7/5', '0', '36/5', '-24/5'], g = [1, 0, -3, -3, 6])
2022-02-01 12:30:44,638 INFO: Computing MW group (delta = ['1'], g = [-1, 1])...
2022-02-01 12:30:44,940 INFO: Finished MW computation (delta = ['1'], g = [-1, 1])
2022-02-01 12:30:44,943 INFO: Computing MW group (delta = ['1'], g = [1, 0, -3, -3, 6])...
2022-02-01 12:30:50,551 INFO: Finished MW computation (delta = ['1'], g = [1, 0, -3, -3, 6])
2022-02-01 12:30:50,557 INFO: Computing MW group (delta = ['1/2', '-1', '-1/2', '0', '9/2', '-3'], g = [-1, 1])...
2022-02-01 12:30:50,891 INFO: Finished MW computation (delta = ['1/2', '-1', '-1/2', '0', '9/2', '-3'], g = [-1, 1])
2022-02-01 12:30:50,896 INFO: Computing MW group (delta = ['1/2', '-1', '-1/2', '0', '9/2', '-3'], g = [1, 0, -3, -3, 6])...
2022-02-01 12:30:56,553 INFO: Finished MW computation (delta = ['1/2', '-1', '-1/2', '0', '9/2', '-3'], g = [1, 0, -3, -3, 6])
2022-02-01 12:30:56,559 INFO: Computing MW group (delta = ['4/5', '-3/5', '-8/5', '-12/5', '38/5', '-18/5'], g = [-1, 1])...
2022-02-01 12:30:56,895 INFO: Finished MW computation (delta = ['4/5', '-3/5', '-8/5', '-12/5', '38/5', '-18/5'], g = [-1, 1])
2022-02-01 12:30:56,899 INFO: Computing MW group (delta = ['4/5', '-3/5', '-8/5', '-12/5', '38/5', '-18/5'], g = [1, 0, -3, -3, 6])...
2022-02-01 12:31:02,565 INFO: Finished MW computation (delta = ['4/5', '-3/5', '-8/5', '-12/5', '38/5', '-18/5'], g = [1, 0, -3, -3, 6])
2022-02-01 12:31:02,572 INFO: Computing MW group (delta = ['2/5', '-2/5', '-4/5', '-13/10', '23/5', '-12/5'], g = [-1, 1])...
2022-02-01 12:31:02,878 INFO: Finished MW computation (delta = ['2/5', '-2/5', '-4/5', '-13/10', '23/5', '-12/5'], g = [-1, 1])
2022-02-01 12:31:02,883 INFO: Computing MW group (delta = ['2/5', '-2/5', '-4/5', '-13/10', '23/5', '-12/5'], g = [1, 0, -3, -3, 6])...
2022-02-01 12:31:06,497 INFO: Finished MW computation (delta = ['2/5', '-2/5', '-4/5', '-13/10', '23/5', '-12/5'], g = [1, 0, -3, -3, 6])
2022-02-01 12:31:06,504 INFO: Computing MW group (delta = ['1', '-1', '-2', '-3', '6'], g = [-1, 1])...
2022-02-01 12:31:06,826 INFO: Finished MW computation (delta = ['1', '-1', '-2', '-3', '6'], g = [-1, 1])
2022-02-01 12:31:06,830 INFO: Computing MW group (delta = ['1', '-1', '-2', '-3', '6'], g = [1, 0, -3, -3, 6])...
2022-02-01 12:31:12,860 INFO: Finished MW computation (delta = ['1', '-1', '-2', '-3', '6'], g = [1, 0, -3, -3, 6])
2022-02-01 12:31:12,867 INFO: Skipped MW computation because no base point (delta = ['2/5', '-2/15', '-41/30', '-6/5', '5', '-13/5'])
2022-02-01 12:31:12,872 INFO: Reducing MW generators...
2022-02-01 12:31:18,759 INFO: Finished reducing MW generators.
2022-02-01 12:31:18,764 INFO: Tasks complete. Recording data and exiting.
2022-02-02 04:42:33,792 INFO: Loaded curve data from file.
2022-02-02 04:42:33,792 INFO: Skipped Chabauty because no base point (delta = ['1/2', '0', '-1', '-3', '4'])
2022-02-02 04:42:33,792 INFO: Skipped Chabauty because rank >= degree(g). (delta = ['4/5', '-8/5', '-7/5', '0', '36/5', '-24/5'], g = [-1, 1])
2022-02-02 04:42:33,792 INFO: Running elliptic Chabauty (delta = ['4/5', '-8/5', '-7/5', '0', '36/5', '-24/5'], g = [1, 0, -3, -3, 6])...
2022-02-02 04:42:42,996 INFO: Chabauty completed successfully (delta = ['4/5', '-8/5', '-7/5', '0', '36/5', '-24/5'], g = [1, 0, -3, -3, 6]).
2022-02-02 04:42:43,000 INFO: Skipped Chabauty because rank >= degree(g). (delta = ['1'], g = [-1, 1])
2022-02-02 04:42:43,000 INFO: Running elliptic Chabauty (delta = ['1'], g = [1, 0, -3, -3, 6])...
2022-02-02 04:42:52,350 INFO: Chabauty completed successfully (delta = ['1'], g = [1, 0, -3, -3, 6]).
2022-02-02 04:42:52,352 INFO: Skipped Chabauty because rank >= degree(g). (delta = ['1/2', '-1', '-1/2', '0', '9/2', '-3'], g = [-1, 1])
2022-02-02 04:42:52,353 INFO: Running elliptic Chabauty (delta = ['1/2', '-1', '-1/2', '0', '9/2', '-3'], g = [1, 0, -3, -3, 6])...
2022-02-02 04:43:02,078 INFO: Chabauty completed successfully (delta = ['1/2', '-1', '-1/2', '0', '9/2', '-3'], g = [1, 0, -3, -3, 6]).
2022-02-02 04:43:02,081 INFO: Skipped Chabauty because rank >= degree(g). (delta = ['4/5', '-3/5', '-8/5', '-12/5', '38/5', '-18/5'], g = [-1, 1])
2022-02-02 04:43:02,081 INFO: Running elliptic Chabauty (delta = ['4/5', '-3/5', '-8/5', '-12/5', '38/5', '-18/5'], g = [1, 0, -3, -3, 6])...
2022-02-02 04:43:11,739 INFO: Chabauty completed successfully (delta = ['4/5', '-3/5', '-8/5', '-12/5', '38/5', '-18/5'], g = [1, 0, -3, -3, 6]).
2022-02-02 04:43:11,742 INFO: Running elliptic Chabauty (delta = ['2/5', '-2/5', '-4/5', '-13/10', '23/5', '-12/5'], g = [1, 0, -3, -3, 6])...
2022-02-02 04:43:19,745 INFO: Chabauty completed successfully (delta = ['2/5', '-2/5', '-4/5', '-13/10', '23/5', '-12/5'], g = [1, 0, -3, -3, 6]).
2022-02-02 04:43:19,749 INFO: Skipped Chabauty because twist points already verified. (delta = ['2/5', '-2/5', '-4/5', '-13/10', '23/5', '-12/5'])
2022-02-02 04:43:19,750 INFO: Skipped Chabauty because rank >= degree(g). (delta = ['1', '-1', '-2', '-3', '6'], g = [-1, 1])
2022-02-02 04:43:19,750 INFO: Running elliptic Chabauty (delta = ['1', '-1', '-2', '-3', '6'], g = [1, 0, -3, -3, 6])...
2022-02-02 04:43:27,935 INFO: Chabauty completed successfully (delta = ['1', '-1', '-2', '-3', '6'], g = [1, 0, -3, -3, 6]).
2022-02-02 04:43:27,939 INFO: Skipped Chabauty because no base point (delta = ['2/5', '-2/15', '-41/30', '-6/5', '5', '-13/5'])
2022-02-02 04:43:28,378 INFO: Rational points successfully computed.
2022-02-02 04:43:28,381 INFO: Tasks complete. Recording data and exiting.
2022-02-12 17:19:00,726 INFO: Loaded curve data from file.
2022-02-12 17:19:00,727 INFO: Computing elliptic Chabauty map... (delta = ['4/5', '-8/5', '-7/5', '0', '36/5', '-24/5'], g = [-1, 1])
2022-02-12 17:19:07,993 INFO: Elliptic Chabauty map computed. (delta = ['4/5', '-8/5', '-7/5', '0', '36/5', '-24/5'], g = [-1, 1])
2022-02-12 17:19:07,996 INFO: Computing elliptic Chabauty map... (delta = ['4/5', '-8/5', '-7/5', '0', '36/5', '-24/5'], g = [1, 0, -3, -3, 6])
2022-02-12 17:19:17,568 INFO: Elliptic Chabauty map computed. (delta = ['4/5', '-8/5', '-7/5', '0', '36/5', '-24/5'], g = [1, 0, -3, -3, 6])
2022-02-12 17:19:17,571 INFO: Computing elliptic Chabauty map... (delta = ['1'], g = [-1, 1])
2022-02-12 17:19:24,757 INFO: Elliptic Chabauty map computed. (delta = ['1'], g = [-1, 1])
2022-02-12 17:19:24,760 INFO: Computing elliptic Chabauty map... (delta = ['1'], g = [1, 0, -3, -3, 6])
2022-02-12 17:19:34,170 INFO: Elliptic Chabauty map computed. (delta = ['1'], g = [1, 0, -3, -3, 6])
2022-02-12 17:19:34,173 INFO: Computing elliptic Chabauty map... (delta = ['1/2', '-1', '-1/2', '0', '9/2', '-3'], g = [-1, 1])
2022-02-12 17:19:41,358 INFO: Elliptic Chabauty map computed. (delta = ['1/2', '-1', '-1/2', '0', '9/2', '-3'], g = [-1, 1])
2022-02-12 17:19:41,361 INFO: Computing elliptic Chabauty map... (delta = ['1/2', '-1', '-1/2', '0', '9/2', '-3'], g = [1, 0, -3, -3, 6])
2022-02-12 17:19:50,976 INFO: Elliptic Chabauty map computed. (delta = ['1/2', '-1', '-1/2', '0', '9/2', '-3'], g = [1, 0, -3, -3, 6])
2022-02-12 17:19:50,980 INFO: Computing elliptic Chabauty map... (delta = ['4/5', '-3/5', '-8/5', '-12/5', '38/5', '-18/5'], g = [-1, 1])
2022-02-12 17:19:58,207 INFO: Elliptic Chabauty map computed. (delta = ['4/5', '-3/5', '-8/5', '-12/5', '38/5', '-18/5'], g = [-1, 1])
2022-02-12 17:19:58,211 INFO: Computing elliptic Chabauty map... (delta = ['4/5', '-3/5', '-8/5', '-12/5', '38/5', '-18/5'], g = [1, 0, -3, -3, 6])
2022-02-12 17:20:07,885 INFO: Elliptic Chabauty map computed. (delta = ['4/5', '-3/5', '-8/5', '-12/5', '38/5', '-18/5'], g = [1, 0, -3, -3, 6])
2022-02-12 17:20:07,889 INFO: Computing elliptic Chabauty map... (delta = ['2/5', '-2/5', '-4/5', '-13/10', '23/5', '-12/5'], g = [-1, 1])
2022-02-12 17:20:15,087 INFO: Elliptic Chabauty map computed. (delta = ['2/5', '-2/5', '-4/5', '-13/10', '23/5', '-12/5'], g = [-1, 1])
2022-02-12 17:20:15,092 INFO: Computing elliptic Chabauty map... (delta = ['2/5', '-2/5', '-4/5', '-13/10', '23/5', '-12/5'], g = [1, 0, -3, -3, 6])
2022-02-12 17:20:24,498 INFO: Elliptic Chabauty map computed. (delta = ['2/5', '-2/5', '-4/5', '-13/10', '23/5', '-12/5'], g = [1, 0, -3, -3, 6])
2022-02-12 17:20:24,504 INFO: Computing elliptic Chabauty map... (delta = ['1', '-1', '-2', '-3', '6'], g = [-1, 1])
2022-02-12 17:20:31,695 INFO: Elliptic Chabauty map computed. (delta = ['1', '-1', '-2', '-3', '6'], g = [-1, 1])
2022-02-12 17:20:31,700 INFO: Computing elliptic Chabauty map... (delta = ['1', '-1', '-2', '-3', '6'], g = [1, 0, -3, -3, 6])
2022-02-12 17:20:41,327 INFO: Elliptic Chabauty map computed. (delta = ['1', '-1', '-2', '-3', '6'], g = [1, 0, -3, -3, 6])
2022-02-12 17:20:41,332 INFO: Tasks complete. Recording data and exiting.
