2022-01-12 09:25:22,394 INFO: Initialized curve data.
2022-01-12 09:25:22,398 INFO: Setting up initial twist data...
2022-01-12 09:25:23,615 INFO: Twist setup complete.
2022-01-12 09:25:23,615 INFO: Searching for rational points on each twist...
2022-01-12 09:25:25,422 INFO: Finished searching for rational points on each twist.
2022-01-12 09:25:25,423 INFO: Testing local solvability of twists...
2022-01-12 09:25:25,429 INFO: Finished local solvability testing.
2022-01-12 09:25:25,430 INFO: Computing elliptic curve a-invariants...
2022-01-12 09:25:40,161 INFO: Finished computation of a-invariants.
2022-01-12 09:25:40,163 INFO: Computing MW group (delta = ['4', '-17', '13', '1', '2', '1'], g = [4, -16, 12, 1, 2, 1])...
2022-01-12 09:31:33,629 INFO: Finished MW computation (delta = ['4', '-17', '13', '1', '2', '1'], g = [4, -16, 12, 1, 2, 1])
2022-01-12 09:31:33,632 INFO: Computing MW group (delta = ['1', '-1'], g = [4, -16, 12, 1, 2, 1])...
2022-01-12 09:33:54,138 INFO: Finished MW computation (delta = ['1', '-1'], g = [4, -16, 12, 1, 2, 1])
2022-01-12 09:33:54,140 INFO: Computing MW group (delta = ['1'], g = [4, -16, 12, 1, 2, 1])...
2022-01-12 09:34:53,651 INFO: Finished MW computation (delta = ['1'], g = [4, -16, 12, 1, 2, 1])
2022-01-12 09:34:53,653 INFO: Computing MW group (delta = ['4', '-17', '12', '1', '2', '1'], g = [4, -16, 12, 1, 2, 1])...
2022-01-12 09:36:19,807 INFO: Finished MW computation (delta = ['4', '-17', '12', '1', '2', '1'], g = [4, -16, 12, 1, 2, 1])
2022-01-12 09:36:19,811 INFO: Reducing MW generators...
2022-01-12 09:36:21,655 INFO: Finished reducing MW generators.
2022-01-12 09:36:21,657 INFO: Tasks complete. Recording data and exiting.
2022-01-14 09:10:23,595 INFO: Loaded curve data from file.
2022-01-14 09:10:23,596 INFO: Running elliptic Chabauty (delta = ['4', '-17', '13', '1', '2', '1'], g = [4, -16, 12, 1, 2, 1])...
2022-01-14 09:10:39,869 INFO: Chabauty completed successfully (delta = ['4', '-17', '13', '1', '2', '1'], g = [4, -16, 12, 1, 2, 1]).
2022-01-14 09:10:39,872 INFO: Skipped Chabauty because MW group hasn't been provably computed. (delta = ['1', '-1'], g = [4, -16, 12, 1, 2, 1])
2022-01-14 09:10:39,872 INFO: Skipped Chabauty because MW group hasn't been provably computed. (delta = ['1'], g = [4, -16, 12, 1, 2, 1])
2022-01-14 09:10:39,872 INFO: Skipped Chabauty because MW group hasn't been provably computed. (delta = ['4', '-17', '12', '1', '2', '1'], g = [4, -16, 12, 1, 2, 1])
2022-01-14 09:10:39,914 INFO: Tasks complete. Recording data and exiting.
2022-02-12 16:44:27,417 INFO: Loaded curve data from file.
2022-02-12 16:44:27,418 INFO: Computing elliptic Chabauty map... (delta = ['4', '-17', '13', '1', '2', '1'], g = [4, -16, 12, 1, 2, 1])
2022-02-12 16:44:42,517 INFO: Elliptic Chabauty map computed. (delta = ['4', '-17', '13', '1', '2', '1'], g = [4, -16, 12, 1, 2, 1])
2022-02-12 16:44:42,519 INFO: Computing elliptic Chabauty map... (delta = ['1', '-1'], g = [4, -16, 12, 1, 2, 1])
2022-02-12 16:44:57,330 INFO: Elliptic Chabauty map computed. (delta = ['1', '-1'], g = [4, -16, 12, 1, 2, 1])
2022-02-12 16:44:57,332 INFO: Computing elliptic Chabauty map... (delta = ['1'], g = [4, -16, 12, 1, 2, 1])
2022-02-12 16:45:12,144 INFO: Elliptic Chabauty map computed. (delta = ['1'], g = [4, -16, 12, 1, 2, 1])
2022-02-12 16:45:12,147 INFO: Computing elliptic Chabauty map... (delta = ['4', '-17', '12', '1', '2', '1'], g = [4, -16, 12, 1, 2, 1])
2022-02-12 16:45:26,847 INFO: Elliptic Chabauty map computed. (delta = ['4', '-17', '12', '1', '2', '1'], g = [4, -16, 12, 1, 2, 1])
2022-02-12 16:45:26,851 INFO: Tasks complete. Recording data and exiting.
