2022-01-13 21:54:51,230 INFO: Initialized curve data.
2022-01-13 21:54:51,233 INFO: Setting up initial twist data...
2022-01-13 21:54:52,320 INFO: Twist setup complete.
2022-01-13 21:54:52,320 INFO: Searching for rational points on each twist...
2022-01-13 21:54:54,704 INFO: Finished searching for rational points on each twist.
2022-01-13 21:54:54,705 INFO: Testing local solvability of twists...
2022-01-13 21:54:54,710 INFO: Finished local solvability testing.
2022-01-13 21:54:54,711 INFO: Computing elliptic curve a-invariants...
2022-01-13 21:55:03,162 INFO: Finished computation of a-invariants.
2022-01-13 21:55:03,164 INFO: Computing MW group (delta = ['1'], g = [-36, 28, 3, 3, 5, 1])...
2022-01-13 22:05:54,468 INFO: Finished MW computation (delta = ['1'], g = [-36, 28, 3, 3, 5, 1])
2022-01-13 22:05:54,471 INFO: Computing MW group (delta = ['-35', '27', '3', '3', '5', '1'], g = [-36, 28, 3, 3, 5, 1])...
2022-01-13 22:26:26,105 INFO: Finished MW computation (delta = ['-35', '27', '3', '3', '5', '1'], g = [-36, 28, 3, 3, 5, 1])
2022-01-13 22:26:26,117 INFO: Computing MW group (delta = ['0', '-1'], g = [-36, 28, 3, 3, 5, 1])...
2022-01-14 11:35:30,152 INFO: Loaded curve data from file.
2022-01-14 11:35:30,152 INFO: Reducing MW generators...
2022-01-14 11:35:31,230 INFO: Finished reducing MW generators.
2022-01-14 11:35:31,233 INFO: Skipped Chabauty because MW group hasn't been provably computed. (delta = ['1'], g = [-36, 28, 3, 3, 5, 1])
2022-01-14 11:35:31,233 INFO: Running elliptic Chabauty (delta = ['-35', '27', '3', '3', '5', '1'], g = [-36, 28, 3, 3, 5, 1])...
2022-01-14 11:35:53,857 INFO: Chabauty completed successfully (delta = ['-35', '27', '3', '3', '5', '1'], g = [-36, 28, 3, 3, 5, 1]).
2022-01-14 11:35:53,859 INFO: Skipped Chabauty because MW generators haven't been computed. (delta = ['0', '-1'], g = [-36, 28, 3, 3, 5, 1])
2022-01-14 11:35:53,860 INFO: Skipped Chabauty because MW generators haven't been computed. (delta = ['36', '-29', '-2', '-3', '-5', '-1'], g = [-36, 28, 3, 3, 5, 1])
2022-01-14 11:35:53,962 INFO: Tasks complete. Recording data and exiting.
2022-02-12 17:20:06,161 INFO: Loaded curve data from file.
2022-02-12 17:20:06,161 INFO: Computing elliptic Chabauty map... (delta = ['1'], g = [-36, 28, 3, 3, 5, 1])
2022-02-12 17:20:18,192 INFO: Elliptic Chabauty map computed. (delta = ['1'], g = [-36, 28, 3, 3, 5, 1])
2022-02-12 17:20:18,194 INFO: Computing elliptic Chabauty map... (delta = ['-35', '27', '3', '3', '5', '1'], g = [-36, 28, 3, 3, 5, 1])
2022-02-12 17:20:29,990 INFO: Elliptic Chabauty map computed. (delta = ['-35', '27', '3', '3', '5', '1'], g = [-36, 28, 3, 3, 5, 1])
2022-02-12 17:20:29,992 INFO: Computing elliptic Chabauty map... (delta = ['0', '-1'], g = [-36, 28, 3, 3, 5, 1])
2022-02-12 17:20:41,772 INFO: Elliptic Chabauty map computed. (delta = ['0', '-1'], g = [-36, 28, 3, 3, 5, 1])
2022-02-12 17:20:41,775 INFO: Computing elliptic Chabauty map... (delta = ['36', '-29', '-2', '-3', '-5', '-1'], g = [-36, 28, 3, 3, 5, 1])
2022-02-12 17:20:53,707 INFO: Elliptic Chabauty map computed. (delta = ['36', '-29', '-2', '-3', '-5', '-1'], g = [-36, 28, 3, 3, 5, 1])
2022-02-12 17:20:53,710 INFO: Tasks complete. Recording data and exiting.
