2022-01-01 03:06:47,593 INFO: Initialized curve data.
2022-01-01 03:06:47,595 INFO: Setting up initial twist data...
2022-01-01 03:06:48,896 INFO: Twist setup complete.
2022-01-01 03:06:48,896 INFO: Searching for rational points on each twist...
2022-01-01 03:06:49,853 INFO: Finished searching for rational points on each twist.
2022-01-01 03:06:49,853 INFO: Testing local solvability of twists...
2022-01-01 03:06:49,858 INFO: Finished local solvability testing.
2022-01-01 03:06:49,860 INFO: Computing elliptic curve a-invariants...
2022-01-01 03:07:11,582 INFO: Finished computation of a-invariants.
2022-01-01 03:07:11,584 INFO: Computing MW group (delta = ['-1', '-1'], g = [-4, 1, 2, -1, 2, 1])...
2022-01-01 03:08:26,253 INFO: Finished MW computation (delta = ['-1', '-1'], g = [-4, 1, 2, -1, 2, 1])
2022-01-01 03:08:26,255 INFO: Computing MW group (delta = ['1'], g = [-4, 1, 2, -1, 2, 1])...
2022-01-01 03:10:48,255 INFO: Finished MW computation (delta = ['1'], g = [-4, 1, 2, -1, 2, 1])
2022-01-01 03:10:48,259 INFO: Computing MW group (delta = ['4', '0', '-1', '1', '-2', '-1'], g = [-4, 1, 2, -1, 2, 1])...
2022-01-01 03:11:21,257 INFO: Finished MW computation (delta = ['4', '0', '-1', '1', '-2', '-1'], g = [-4, 1, 2, -1, 2, 1])
2022-01-01 03:11:21,259 INFO: Computing MW group (delta = ['-4', '0', '2', '-1', '2', '1'], g = [-4, 1, 2, -1, 2, 1])...
2022-01-01 03:12:00,521 INFO: Finished MW computation (delta = ['-4', '0', '2', '-1', '2', '1'], g = [-4, 1, 2, -1, 2, 1])
2022-01-01 03:12:00,525 INFO: Reducing MW generators...
2022-01-01 03:12:04,794 INFO: Finished reducing MW generators.
2022-01-01 03:12:04,796 INFO: Running elliptic Chabauty (delta = ['-1', '-1'], g = [-4, 1, 2, -1, 2, 1])...
2022-01-01 03:19:16,812 INFO: Chabauty completed successfully (delta = ['-1', '-1'], g = [-4, 1, 2, -1, 2, 1]).
2022-01-01 03:19:16,815 INFO: Running elliptic Chabauty (delta = ['1'], g = [-4, 1, 2, -1, 2, 1])...
2022-01-01 05:03:28,863 INFO: Chabauty completed successfully (delta = ['1'], g = [-4, 1, 2, -1, 2, 1]).
2022-01-01 05:03:28,871 INFO: Running elliptic Chabauty (delta = ['4', '0', '-1', '1', '-2', '-1'], g = [-4, 1, 2, -1, 2, 1])...
2022-01-01 05:03:46,299 INFO: Chabauty completed successfully (delta = ['4', '0', '-1', '1', '-2', '-1'], g = [-4, 1, 2, -1, 2, 1]).
2022-01-01 05:03:46,302 INFO: Running elliptic Chabauty (delta = ['-4', '0', '2', '-1', '2', '1'], g = [-4, 1, 2, -1, 2, 1])...
2022-01-01 05:04:06,712 INFO: Chabauty completed successfully (delta = ['-4', '0', '2', '-1', '2', '1'], g = [-4, 1, 2, -1, 2, 1]).
2022-01-01 05:04:07,053 INFO: Rational points successfully computed.
2022-01-01 05:04:07,055 INFO: Tasks complete. Recording data and exiting.
2022-01-03 13:14:57,000 INFO: Obsolete "loc_solv_error" keys removed.
2022-01-03 13:14:57,000 INFO: Deleted results of Chabauty computation.
2022-01-10 21:33:43,444 INFO: Loaded curve data from file.
2022-01-10 21:33:43,445 INFO: Running elliptic Chabauty (delta = ['-1', '-1'], g = [-4, 1, 2, -1, 2, 1])...
2022-01-10 21:39:31,615 INFO: Chabauty completed successfully (delta = ['-1', '-1'], g = [-4, 1, 2, -1, 2, 1]).
2022-01-10 21:39:31,619 INFO: Running elliptic Chabauty (delta = ['1'], g = [-4, 1, 2, -1, 2, 1])...
2022-02-12 16:45:22,576 INFO: Loaded curve data from file.
2022-02-12 16:45:22,576 INFO: Computing elliptic Chabauty map... (delta = ['-1', '-1'], g = [-4, 1, 2, -1, 2, 1])
2022-02-12 16:45:38,940 INFO: Elliptic Chabauty map computed. (delta = ['-1', '-1'], g = [-4, 1, 2, -1, 2, 1])
2022-02-12 16:45:38,944 INFO: Computing elliptic Chabauty map... (delta = ['1'], g = [-4, 1, 2, -1, 2, 1])
2022-02-12 16:45:55,250 INFO: Elliptic Chabauty map computed. (delta = ['1'], g = [-4, 1, 2, -1, 2, 1])
2022-02-12 16:45:55,253 INFO: Computing elliptic Chabauty map... (delta = ['4', '0', '-1', '1', '-2', '-1'], g = [-4, 1, 2, -1, 2, 1])
2022-02-12 16:46:11,658 INFO: Elliptic Chabauty map computed. (delta = ['4', '0', '-1', '1', '-2', '-1'], g = [-4, 1, 2, -1, 2, 1])
2022-02-12 16:46:11,661 INFO: Computing elliptic Chabauty map... (delta = ['-4', '0', '2', '-1', '2', '1'], g = [-4, 1, 2, -1, 2, 1])
2022-02-12 16:46:28,117 INFO: Elliptic Chabauty map computed. (delta = ['-4', '0', '2', '-1', '2', '1'], g = [-4, 1, 2, -1, 2, 1])
2022-02-12 16:46:28,121 INFO: Tasks complete. Recording data and exiting.
