2022-01-01 12:51:04,185 INFO: Initialized curve data.
2022-01-01 12:51:04,188 INFO: Setting up initial twist data...
2022-01-01 12:51:05,117 INFO: Twist setup complete.
2022-01-01 12:51:05,117 INFO: Searching for rational points on each twist...
2022-01-01 12:51:05,954 INFO: Finished searching for rational points on each twist.
2022-01-01 12:51:05,954 INFO: Testing local solvability of twists...
2022-01-01 12:51:05,959 INFO: Finished local solvability testing.
2022-01-01 12:51:05,960 INFO: Computing elliptic curve a-invariants...
2022-01-01 12:51:16,979 INFO: Finished computation of a-invariants.
2022-01-01 12:51:16,981 INFO: Computing MW group (delta = ['1'], g = [-7, 7, 5, -3, -1, 1])...
2022-01-01 12:52:50,081 INFO: Finished MW computation (delta = ['1'], g = [-7, 7, 5, -3, -1, 1])
2022-01-01 12:52:50,085 INFO: Obstruction found to provably computing rational points. Exiting.
2022-01-03 13:14:57,000 INFO: Obsolete "loc_solv_error" keys removed.
2022-01-10 22:42:01,943 INFO: Loaded curve data from file.
2022-01-10 22:42:01,943 INFO: Obstruction already found. Exiting.
2022-02-12 16:51:15,838 INFO: Loaded curve data from file.
2022-02-12 16:51:15,839 INFO: Computing elliptic Chabauty map... (delta = ['1'], g = [-7, 7, 5, -3, -1, 1])
2022-02-12 16:51:24,246 INFO: Elliptic Chabauty map computed. (delta = ['1'], g = [-7, 7, 5, -3, -1, 1])
2022-02-12 16:51:24,248 INFO: Computing elliptic Chabauty map... (delta = ['113', '-111', '-81', '47', '16', '-16'], g = [-7, 7, 5, -3, -1, 1])
2022-02-12 16:51:32,269 INFO: Elliptic Chabauty map computed. (delta = ['113', '-111', '-81', '47', '16', '-16'], g = [-7, 7, 5, -3, -1, 1])
2022-02-12 16:51:32,272 INFO: Computing elliptic Chabauty map... (delta = ['-15', '14', '11', '-6', '-2', '2'], g = [-7, 7, 5, -3, -1, 1])
2022-02-12 16:51:40,516 INFO: Elliptic Chabauty map computed. (delta = ['-15', '14', '11', '-6', '-2', '2'], g = [-7, 7, 5, -3, -1, 1])
2022-02-12 16:51:40,519 INFO: Computing elliptic Chabauty map... (delta = ['-8', '6', '5', '-3', '-1', '1'], g = [-7, 7, 5, -3, -1, 1])
2022-02-12 16:51:48,742 INFO: Elliptic Chabauty map computed. (delta = ['-8', '6', '5', '-3', '-1', '1'], g = [-7, 7, 5, -3, -1, 1])
2022-02-12 16:51:48,744 INFO: Tasks complete. Recording data and exiting.
