2022-02-01 12:33:51,581 INFO: Initialized curve data.
2022-02-01 12:33:51,583 INFO: Setting up initial twist data...
2022-02-01 12:33:52,983 INFO: Twist setup complete.
2022-02-01 12:33:52,983 INFO: Searching for rational points on each twist...
2022-02-01 12:33:56,794 INFO: Finished searching for rational points on each twist.
2022-02-01 12:33:56,794 INFO: Testing local solvability of twists...
2022-02-01 12:34:14,009 INFO: Finished local solvability testing.
2022-02-01 12:34:14,011 INFO: Computing elliptic curve a-invariants...
2022-02-01 12:34:19,986 INFO: Finished computation of a-invariants.
2022-02-01 12:34:19,990 INFO: Computing MW group (delta = ['4', '51', '210', '296', '194', '45'], g = [1, 1])...
2022-02-01 12:34:20,265 INFO: Finished MW computation (delta = ['4', '51', '210', '296', '194', '45'], g = [1, 1])
2022-02-01 12:34:20,269 INFO: Computing MW group (delta = ['4', '51', '210', '296', '194', '45'], g = [4, 32, 52, 37, 9])...
2022-02-02 04:48:17,281 INFO: Loaded curve data from file.
2022-02-02 04:48:17,281 INFO: Reducing MW generators...
2022-02-02 04:48:17,332 INFO: Finished reducing MW generators.
2022-02-02 04:48:17,336 INFO: Skipped Chabauty because rank >= degree(g). (delta = ['4', '51', '210', '296', '194', '45'], g = [1, 1])
2022-02-02 04:48:17,336 INFO: Skipped Chabauty because MW generators haven't been computed. (delta = ['4', '51', '210', '296', '194', '45'], g = [4, 32, 52, 37, 9])
2022-02-02 04:48:17,336 INFO: Skipped Chabauty because MW generators haven't been computed. (delta = ['-1', '3', '32', '52', '37', '9'], g = [1, 1])
2022-02-02 04:48:17,336 INFO: Skipped Chabauty because MW generators haven't been computed. (delta = ['-1', '3', '32', '52', '37', '9'], g = [4, 32, 52, 37, 9])
2022-02-02 04:48:17,336 INFO: Skipped Chabauty because no base point (delta = ['1/2', '7/2', '17', '26', '37/2', '9/2'])
2022-02-02 04:48:17,336 INFO: Skipped Chabauty because MW generators haven't been computed. (delta = ['-2', '-19/2', '24', '62', '52', '27/2'], g = [1, 1])
2022-02-02 04:48:17,336 INFO: Skipped Chabauty because MW generators haven't been computed. (delta = ['-2', '-19/2', '24', '62', '52', '27/2'], g = [4, 32, 52, 37, 9])
2022-02-02 04:48:17,336 INFO: Skipped Chabauty because MW generators haven't been computed. (delta = ['-1/2', '6', '123/2', '103', '74', '18'], g = [1, 1])
2022-02-02 04:48:17,337 INFO: Skipped Chabauty because MW generators haven't been computed. (delta = ['-1/2', '6', '123/2', '103', '74', '18'], g = [4, 32, 52, 37, 9])
2022-02-02 04:48:17,337 INFO: Skipped Chabauty because MW generators haven't been computed. (delta = ['1'], g = [1, 1])
2022-02-02 04:48:17,337 INFO: Skipped Chabauty because MW generators haven't been computed. (delta = ['1'], g = [4, 32, 52, 37, 9])
2022-02-02 04:48:17,337 INFO: Skipped Chabauty because no base point (delta = ['2', '99/2', '591/2', '456', '631/2', '151/2'])
2022-02-02 04:48:17,337 INFO: Skipped Chabauty because MW generators haven't been computed. (delta = ['-4', '-31', '-51', '-37', '-9'], g = [1, 1])
2022-02-02 04:48:17,337 INFO: Skipped Chabauty because MW generators haven't been computed. (delta = ['-4', '-31', '-51', '-37', '-9'], g = [4, 32, 52, 37, 9])
2022-02-02 04:48:17,407 INFO: Tasks complete. Recording data and exiting.
2022-02-12 17:14:43,899 INFO: Loaded curve data from file.
2022-02-12 17:14:43,899 INFO: Computing elliptic Chabauty map... (delta = ['4', '51', '210', '296', '194', '45'], g = [1, 1])
2022-02-12 17:14:54,353 INFO: Elliptic Chabauty map computed. (delta = ['4', '51', '210', '296', '194', '45'], g = [1, 1])
2022-02-12 17:14:54,356 INFO: Computing elliptic Chabauty map... (delta = ['4', '51', '210', '296', '194', '45'], g = [4, 32, 52, 37, 9])
2022-02-12 17:15:07,537 INFO: Elliptic Chabauty map computed. (delta = ['4', '51', '210', '296', '194', '45'], g = [4, 32, 52, 37, 9])
2022-02-12 17:15:07,540 INFO: Computing elliptic Chabauty map... (delta = ['-1', '3', '32', '52', '37', '9'], g = [1, 1])
2022-02-12 17:15:18,019 INFO: Elliptic Chabauty map computed. (delta = ['-1', '3', '32', '52', '37', '9'], g = [1, 1])
2022-02-12 17:15:18,022 INFO: Computing elliptic Chabauty map... (delta = ['-1', '3', '32', '52', '37', '9'], g = [4, 32, 52, 37, 9])
2022-02-12 17:15:31,304 INFO: Elliptic Chabauty map computed. (delta = ['-1', '3', '32', '52', '37', '9'], g = [4, 32, 52, 37, 9])
2022-02-12 17:15:31,307 INFO: Computing elliptic Chabauty map... (delta = ['-2', '-19/2', '24', '62', '52', '27/2'], g = [1, 1])
2022-02-12 17:15:41,989 INFO: Elliptic Chabauty map computed. (delta = ['-2', '-19/2', '24', '62', '52', '27/2'], g = [1, 1])
2022-02-12 17:15:41,992 INFO: Computing elliptic Chabauty map... (delta = ['-2', '-19/2', '24', '62', '52', '27/2'], g = [4, 32, 52, 37, 9])
2022-02-12 17:15:55,324 INFO: Elliptic Chabauty map computed. (delta = ['-2', '-19/2', '24', '62', '52', '27/2'], g = [4, 32, 52, 37, 9])
2022-02-12 17:15:55,328 INFO: Computing elliptic Chabauty map... (delta = ['-1/2', '6', '123/2', '103', '74', '18'], g = [1, 1])
2022-02-12 17:16:05,822 INFO: Elliptic Chabauty map computed. (delta = ['-1/2', '6', '123/2', '103', '74', '18'], g = [1, 1])
2022-02-12 17:16:05,826 INFO: Computing elliptic Chabauty map... (delta = ['-1/2', '6', '123/2', '103', '74', '18'], g = [4, 32, 52, 37, 9])
2022-02-12 17:16:18,813 INFO: Elliptic Chabauty map computed. (delta = ['-1/2', '6', '123/2', '103', '74', '18'], g = [4, 32, 52, 37, 9])
2022-02-12 17:16:18,817 INFO: Computing elliptic Chabauty map... (delta = ['1'], g = [1, 1])
2022-02-12 17:16:29,125 INFO: Elliptic Chabauty map computed. (delta = ['1'], g = [1, 1])
2022-02-12 17:16:29,129 INFO: Computing elliptic Chabauty map... (delta = ['1'], g = [4, 32, 52, 37, 9])
2022-02-12 17:16:42,154 INFO: Elliptic Chabauty map computed. (delta = ['1'], g = [4, 32, 52, 37, 9])
2022-02-12 17:16:42,158 INFO: Computing elliptic Chabauty map... (delta = ['-4', '-31', '-51', '-37', '-9'], g = [1, 1])
2022-02-12 17:16:52,462 INFO: Elliptic Chabauty map computed. (delta = ['-4', '-31', '-51', '-37', '-9'], g = [1, 1])
2022-02-12 17:16:52,961 INFO: Computing elliptic Chabauty map... (delta = ['-4', '-31', '-51', '-37', '-9'], g = [4, 32, 52, 37, 9])
2022-02-12 17:17:06,054 INFO: Elliptic Chabauty map computed. (delta = ['-4', '-31', '-51', '-37', '-9'], g = [4, 32, 52, 37, 9])
2022-02-12 17:17:06,060 INFO: Tasks complete. Recording data and exiting.
