2022-01-13 21:54:39,149 INFO: Initialized curve data.
2022-01-13 21:54:39,154 INFO: Setting up initial twist data...
2022-01-13 21:54:40,061 INFO: Twist setup complete.
2022-01-13 21:54:40,062 INFO: Searching for rational points on each twist...
2022-01-13 21:54:41,529 INFO: Finished searching for rational points on each twist.
2022-01-13 21:54:41,530 INFO: Testing local solvability of twists...
2022-01-13 21:54:43,060 INFO: Finished local solvability testing.
2022-01-13 21:54:43,062 INFO: Computing elliptic curve a-invariants...
2022-01-13 21:55:10,259 INFO: Finished computation of a-invariants.
2022-01-13 21:55:10,261 INFO: Computing MW group (delta = ['8', '-17', '-3', '16', '0', '-3'], g = [-8, 16, 4, -16, 0, 3])...
2022-01-13 21:56:30,745 INFO: Finished MW computation (delta = ['8', '-17', '-3', '16', '0', '-3'], g = [-8, 16, 4, -16, 0, 3])
2022-01-13 21:56:30,751 INFO: Computing MW group (delta = ['1'], g = [-8, 16, 4, -16, 0, 3])...
2022-01-13 21:59:17,485 INFO: Finished MW computation (delta = ['1'], g = [-8, 16, 4, -16, 0, 3])
2022-01-13 21:59:17,490 INFO: Computing MW group (delta = ['-1', '1', '1'], g = [-8, 16, 4, -16, 0, 3])...
2022-01-13 22:00:01,159 INFO: Finished MW computation (delta = ['-1', '1', '1'], g = [-8, 16, 4, -16, 0, 3])
2022-01-13 22:00:01,163 INFO: Skipped MW computation because no base point (delta = ['-8', '17', '2', '-16', '1', '3'])
2022-01-13 22:00:01,167 INFO: Reducing MW generators...
2022-01-13 22:00:04,374 INFO: Finished reducing MW generators.
2022-01-13 22:00:04,376 INFO: Tasks complete. Recording data and exiting.
2022-01-14 11:35:14,379 INFO: Loaded curve data from file.
2022-01-14 11:35:14,379 INFO: Running elliptic Chabauty (delta = ['8', '-17', '-3', '16', '0', '-3'], g = [-8, 16, 4, -16, 0, 3])...
2022-01-14 11:35:52,530 INFO: Chabauty completed successfully (delta = ['8', '-17', '-3', '16', '0', '-3'], g = [-8, 16, 4, -16, 0, 3]).
2022-01-14 11:35:52,534 INFO: Running elliptic Chabauty (delta = ['1'], g = [-8, 16, 4, -16, 0, 3])...
2022-01-14 11:46:45,411 INFO: Chabauty completed successfully (delta = ['1'], g = [-8, 16, 4, -16, 0, 3]).
2022-01-14 11:46:45,415 INFO: Running elliptic Chabauty (delta = ['-1', '1', '1'], g = [-8, 16, 4, -16, 0, 3])...
2022-01-14 11:47:10,357 INFO: Chabauty completed successfully (delta = ['-1', '1', '1'], g = [-8, 16, 4, -16, 0, 3]).
2022-01-14 11:47:10,359 INFO: Skipped Chabauty because no base point (delta = ['-8', '17', '2', '-16', '1', '3'])
2022-01-14 11:47:10,544 INFO: Rational points successfully computed.
2022-01-14 11:47:10,547 INFO: Tasks complete. Recording data and exiting.
2022-02-12 17:29:12,761 INFO: Loaded curve data from file.
2022-02-12 17:29:12,761 INFO: Computing elliptic Chabauty map... (delta = ['8', '-17', '-3', '16', '0', '-3'], g = [-8, 16, 4, -16, 0, 3])
2022-02-12 17:29:32,091 INFO: Elliptic Chabauty map computed. (delta = ['8', '-17', '-3', '16', '0', '-3'], g = [-8, 16, 4, -16, 0, 3])
2022-02-12 17:29:32,094 INFO: Computing elliptic Chabauty map... (delta = ['1'], g = [-8, 16, 4, -16, 0, 3])
2022-02-12 17:29:51,003 INFO: Elliptic Chabauty map computed. (delta = ['1'], g = [-8, 16, 4, -16, 0, 3])
2022-02-12 17:29:51,005 INFO: Computing elliptic Chabauty map... (delta = ['-1', '1', '1'], g = [-8, 16, 4, -16, 0, 3])
2022-02-12 17:30:09,979 INFO: Elliptic Chabauty map computed. (delta = ['-1', '1', '1'], g = [-8, 16, 4, -16, 0, 3])
2022-02-12 17:30:09,982 INFO: Tasks complete. Recording data and exiting.
