2022-01-13 21:54:57,030 INFO: Initialized curve data.
2022-01-13 21:54:57,032 INFO: Setting up initial twist data...
2022-01-13 21:54:57,814 INFO: Twist setup complete.
2022-01-13 21:54:57,815 INFO: Searching for rational points on each twist...
2022-01-13 21:54:59,459 INFO: Finished searching for rational points on each twist.
2022-01-13 21:54:59,459 INFO: Testing local solvability of twists...
2022-01-13 21:55:07,101 INFO: Finished local solvability testing.
2022-01-13 21:55:07,103 INFO: Computing elliptic curve a-invariants...
2022-01-13 21:55:11,946 INFO: Finished computation of a-invariants.
2022-01-13 21:55:11,948 INFO: Computing MW group (delta = ['-7/2', '2', '1'], g = [12, -8, -8, 4, 3, 1])...
2022-01-14 11:35:36,260 INFO: Loaded curve data from file.
2022-01-14 11:35:36,260 INFO: Reducing MW generators...
2022-01-14 11:35:36,260 INFO: Finished reducing MW generators.
2022-01-14 11:35:36,266 INFO: Skipped Chabauty because MW generators haven't been computed. (delta = ['-7/2', '2', '1'], g = [12, -8, -8, 4, 3, 1])
2022-01-14 11:35:36,266 INFO: Skipped Chabauty because no base point (delta = ['-19/2', '19/2', '3', '-3', '-3/2', '-1/2'])
2022-01-14 11:35:36,266 INFO: Skipped Chabauty because MW generators haven't been computed. (delta = ['1'], g = [12, -8, -8, 4, 3, 1])
2022-01-14 11:35:36,266 INFO: Skipped Chabauty because MW generators haven't been computed. (delta = ['13', '-9', '-8', '4', '3', '1'], g = [12, -8, -8, 4, 3, 1])
2022-01-14 11:35:36,358 INFO: Tasks complete. Recording data and exiting.
2022-02-12 17:09:49,795 INFO: Loaded curve data from file.
2022-02-12 17:09:49,796 INFO: Computing elliptic Chabauty map... (delta = ['-7/2', '2', '1'], g = [12, -8, -8, 4, 3, 1])
2022-02-12 17:10:03,074 INFO: Elliptic Chabauty map computed. (delta = ['-7/2', '2', '1'], g = [12, -8, -8, 4, 3, 1])
2022-02-12 17:10:03,076 INFO: Computing elliptic Chabauty map... (delta = ['1'], g = [12, -8, -8, 4, 3, 1])
2022-02-12 17:10:15,881 INFO: Elliptic Chabauty map computed. (delta = ['1'], g = [12, -8, -8, 4, 3, 1])
2022-02-12 17:10:15,883 INFO: Computing elliptic Chabauty map... (delta = ['13', '-9', '-8', '4', '3', '1'], g = [12, -8, -8, 4, 3, 1])
2022-02-12 17:10:28,657 INFO: Elliptic Chabauty map computed. (delta = ['13', '-9', '-8', '4', '3', '1'], g = [12, -8, -8, 4, 3, 1])
2022-02-12 17:10:28,659 INFO: Tasks complete. Recording data and exiting.
