2022-01-11 15:18:01,034 INFO: Initialized curve data.
2022-01-11 15:18:01,037 INFO: Setting up initial twist data...
2022-01-11 15:18:01,950 INFO: Twist setup complete.
2022-01-11 15:18:01,950 INFO: Searching for rational points on each twist...
2022-01-11 15:18:03,963 INFO: Finished searching for rational points on each twist.
2022-01-11 15:18:03,964 INFO: Testing local solvability of twists...
2022-01-11 15:18:03,968 INFO: Finished local solvability testing.
2022-01-11 15:18:03,969 INFO: Computing elliptic curve a-invariants...
2022-01-11 15:18:17,086 INFO: Finished computation of a-invariants.
2022-01-11 15:18:17,087 INFO: Computing MW group (delta = ['1'], g = [35, -13, -25, 1, 5, 1])...
2022-01-11 15:19:13,427 INFO: Finished MW computation (delta = ['1'], g = [35, -13, -25, 1, 5, 1])
2022-01-11 15:19:13,430 INFO: Computing MW group (delta = ['-143', '54', '101', '-4', '-20', '-4'], g = [35, -13, -25, 1, 5, 1])...
2022-01-11 15:20:47,916 INFO: Finished MW computation (delta = ['-143', '54', '101', '-4', '-20', '-4'], g = [35, -13, -25, 1, 5, 1])
2022-01-11 15:20:47,919 INFO: Computing MW group (delta = ['-3', '-1'], g = [35, -13, -25, 1, 5, 1])...
2022-01-11 15:22:51,883 INFO: Finished MW computation (delta = ['-3', '-1'], g = [35, -13, -25, 1, 5, 1])
2022-01-11 15:22:51,886 INFO: Computing MW group (delta = ['36', '-14', '-25', '1', '5', '1'], g = [35, -13, -25, 1, 5, 1])...
2022-01-11 15:26:48,036 INFO: Finished MW computation (delta = ['36', '-14', '-25', '1', '5', '1'], g = [35, -13, -25, 1, 5, 1])
2022-01-11 15:26:48,040 INFO: Reducing MW generators...
2022-01-11 15:26:50,980 INFO: Finished reducing MW generators.
2022-01-11 15:26:50,981 INFO: Tasks complete. Recording data and exiting.
2022-01-14 09:07:45,550 INFO: Loaded curve data from file.
2022-01-14 09:07:45,551 INFO: Skipped Chabauty because MW group hasn't been provably computed. (delta = ['1'], g = [35, -13, -25, 1, 5, 1])
2022-01-14 09:07:45,551 INFO: Skipped Chabauty because MW group hasn't been provably computed. (delta = ['-143', '54', '101', '-4', '-20', '-4'], g = [35, -13, -25, 1, 5, 1])
2022-01-14 09:07:45,551 INFO: Skipped Chabauty because MW group hasn't been provably computed. (delta = ['-3', '-1'], g = [35, -13, -25, 1, 5, 1])
2022-01-14 09:07:45,551 INFO: Skipped Chabauty because MW group hasn't been provably computed. (delta = ['36', '-14', '-25', '1', '5', '1'], g = [35, -13, -25, 1, 5, 1])
2022-01-14 09:07:45,565 INFO: Tasks complete. Recording data and exiting.
2022-02-12 16:54:15,880 INFO: Loaded curve data from file.
2022-02-12 16:54:15,881 INFO: Computing elliptic Chabauty map... (delta = ['1'], g = [35, -13, -25, 1, 5, 1])
2022-02-12 16:54:32,223 INFO: Elliptic Chabauty map computed. (delta = ['1'], g = [35, -13, -25, 1, 5, 1])
2022-02-12 16:54:32,225 INFO: Computing elliptic Chabauty map... (delta = ['-143', '54', '101', '-4', '-20', '-4'], g = [35, -13, -25, 1, 5, 1])
2022-02-12 16:54:48,084 INFO: Elliptic Chabauty map computed. (delta = ['-143', '54', '101', '-4', '-20', '-4'], g = [35, -13, -25, 1, 5, 1])
2022-02-12 16:54:48,087 INFO: Computing elliptic Chabauty map... (delta = ['-3', '-1'], g = [35, -13, -25, 1, 5, 1])
2022-02-12 16:55:04,040 INFO: Elliptic Chabauty map computed. (delta = ['-3', '-1'], g = [35, -13, -25, 1, 5, 1])
2022-02-12 16:55:04,044 INFO: Computing elliptic Chabauty map... (delta = ['36', '-14', '-25', '1', '5', '1'], g = [35, -13, -25, 1, 5, 1])
2022-02-12 16:55:19,910 INFO: Elliptic Chabauty map computed. (delta = ['36', '-14', '-25', '1', '5', '1'], g = [35, -13, -25, 1, 5, 1])
2022-02-12 16:55:19,914 INFO: Tasks complete. Recording data and exiting.
