2022-02-01 12:33:54,968 INFO: Initialized curve data.
2022-02-01 12:33:54,971 INFO: Setting up initial twist data...
2022-02-01 12:33:56,268 INFO: Twist setup complete.
2022-02-01 12:33:56,268 INFO: Searching for rational points on each twist...
2022-02-01 12:33:58,015 INFO: Finished searching for rational points on each twist.
2022-02-01 12:33:58,016 INFO: Testing local solvability of twists...
2022-02-01 12:35:23,982 INFO: Finished local solvability testing.
2022-02-01 12:35:23,983 INFO: Computing elliptic curve a-invariants...
2022-02-01 12:35:35,806 INFO: Finished computation of a-invariants.
2022-02-01 12:35:35,808 INFO: Skipped MW computation because no base point (delta = ['-1/3', '-1', '1'])
2022-02-01 12:35:35,808 INFO: Computing MW group (delta = ['-1', '-1', '1'], g = [4, 17, 4, -16, -20, 16])...
2022-02-02 04:48:19,742 INFO: Loaded curve data from file.
2022-02-02 04:48:19,742 INFO: Reducing MW generators...
2022-02-02 04:48:19,742 INFO: Finished reducing MW generators.
2022-02-02 04:48:19,744 INFO: Skipped Chabauty because no base point (delta = ['-1/3', '-1', '1'])
2022-02-02 04:48:19,745 INFO: Skipped Chabauty because MW generators haven't been computed. (delta = ['-1', '-1', '1'], g = [4, 17, 4, -16, -20, 16])
2022-02-02 04:48:19,745 INFO: Skipped Chabauty because MW generators haven't been computed. (delta = ['1'], g = [4, 17, 4, -16, -20, 16])
2022-02-02 04:48:19,745 INFO: Skipped Chabauty because MW generators haven't been computed. (delta = ['1/3', '4/3', '-1/3', '-2', '1'], g = [4, 17, 4, -16, -20, 16])
2022-02-02 04:48:19,787 INFO: Tasks complete. Recording data and exiting.
2022-02-12 17:15:01,117 INFO: Loaded curve data from file.
2022-02-12 17:15:01,117 INFO: Computing elliptic Chabauty map... (delta = ['-1', '-1', '1'], g = [4, 17, 4, -16, -20, 16])
2022-02-12 17:15:18,250 INFO: Elliptic Chabauty map computed. (delta = ['-1', '-1', '1'], g = [4, 17, 4, -16, -20, 16])
2022-02-12 17:15:18,253 INFO: Computing elliptic Chabauty map... (delta = ['1'], g = [4, 17, 4, -16, -20, 16])
2022-02-12 17:15:34,883 INFO: Elliptic Chabauty map computed. (delta = ['1'], g = [4, 17, 4, -16, -20, 16])
2022-02-12 17:15:34,885 INFO: Computing elliptic Chabauty map... (delta = ['1/3', '4/3', '-1/3', '-2', '1'], g = [4, 17, 4, -16, -20, 16])
2022-02-12 17:15:51,698 INFO: Elliptic Chabauty map computed. (delta = ['1/3', '4/3', '-1/3', '-2', '1'], g = [4, 17, 4, -16, -20, 16])
2022-02-12 17:15:51,700 INFO: Tasks complete. Recording data and exiting.
