2022-01-13 21:54:45,848 INFO: Initialized curve data.
2022-01-13 21:54:45,851 INFO: Setting up initial twist data...
2022-01-13 21:54:46,729 INFO: Twist setup complete.
2022-01-13 21:54:46,729 INFO: Searching for rational points on each twist...
2022-01-13 21:54:50,375 INFO: Finished searching for rational points on each twist.
2022-01-13 21:54:50,375 INFO: Testing local solvability of twists...
2022-01-13 21:55:18,446 INFO: Finished local solvability testing.
2022-01-13 21:55:18,449 INFO: Computing elliptic curve a-invariants...
2022-01-13 21:55:22,065 INFO: Finished computation of a-invariants.
2022-01-13 21:55:22,068 INFO: Skipped MW computation because no base point (delta = ['4', '79/2', '305/2', '567/2', '499/2', '81'])
2022-01-13 21:55:22,068 INFO: Computing MW group (delta = ['2', '103/4', '247/2', '274', '557/2', '401/4'], g = [1, 1])...
2022-01-13 21:55:22,299 INFO: Finished MW computation (delta = ['2', '103/4', '247/2', '274', '557/2', '401/4'], g = [1, 1])
2022-01-13 21:55:22,301 INFO: Computing MW group (delta = ['2', '103/4', '247/2', '274', '557/2', '401/4'], g = [8, 64, 180, 209, 81])...
2022-01-13 21:55:27,599 INFO: Finished MW computation (delta = ['2', '103/4', '247/2', '274', '557/2', '401/4'], g = [8, 64, 180, 209, 81])
2022-01-13 21:55:27,602 INFO: Computing MW group (delta = ['-4', '-39/2', '8', '168', '274', '243/2'], g = [1, 1])...
2022-01-13 21:55:27,958 INFO: Finished MW computation (delta = ['-4', '-39/2', '8', '168', '274', '243/2'], g = [1, 1])
2022-01-13 21:55:27,961 INFO: Computing MW group (delta = ['-4', '-39/2', '8', '168', '274', '243/2'], g = [8, 64, 180, 209, 81])...
2022-01-13 21:55:39,655 INFO: Finished MW computation (delta = ['-4', '-39/2', '8', '168', '274', '243/2'], g = [8, 64, 180, 209, 81])
2022-01-13 21:55:39,662 INFO: Computing MW group (delta = ['-8', '-63', '-179', '-209', '-81'], g = [1, 1])...
2022-01-13 21:55:40,023 INFO: Finished MW computation (delta = ['-8', '-63', '-179', '-209', '-81'], g = [1, 1])
2022-01-13 21:55:40,026 INFO: Computing MW group (delta = ['-8', '-63', '-179', '-209', '-81'], g = [8, 64, 180, 209, 81])...
2022-01-13 21:55:46,792 INFO: Finished MW computation (delta = ['-8', '-63', '-179', '-209', '-81'], g = [8, 64, 180, 209, 81])
2022-01-13 21:55:46,796 INFO: Skipped MW computation because no base point (delta = ['1/2', '11/2', '33', '90', '209/2', '81/2'])
2022-01-13 21:55:46,796 INFO: Computing MW group (delta = ['1'], g = [1, 1])...
2022-01-13 21:55:46,986 INFO: Finished MW computation (delta = ['1'], g = [1, 1])
2022-01-13 21:55:46,989 INFO: Computing MW group (delta = ['1'], g = [8, 64, 180, 209, 81])...
2022-01-14 11:35:23,922 INFO: Loaded curve data from file.
2022-01-14 11:35:23,922 INFO: Reducing MW generators...
2022-01-14 11:35:24,617 INFO: Finished reducing MW generators.
2022-01-14 11:35:24,620 INFO: Skipped Chabauty because no base point (delta = ['4', '79/2', '305/2', '567/2', '499/2', '81'])
2022-01-14 11:35:24,620 INFO: Skipped Chabauty because rank >= degree(g). (delta = ['2', '103/4', '247/2', '274', '557/2', '401/4'], g = [1, 1])
2022-01-14 11:35:24,620 INFO: Running elliptic Chabauty (delta = ['2', '103/4', '247/2', '274', '557/2', '401/4'], g = [8, 64, 180, 209, 81])...
2022-01-14 11:35:35,485 INFO: Chabauty completed successfully (delta = ['2', '103/4', '247/2', '274', '557/2', '401/4'], g = [8, 64, 180, 209, 81]).
2022-01-14 11:35:35,487 INFO: Skipped Chabauty because rank >= degree(g). (delta = ['-4', '-39/2', '8', '168', '274', '243/2'], g = [1, 1])
2022-01-14 11:35:35,487 INFO: Running elliptic Chabauty (delta = ['-4', '-39/2', '8', '168', '274', '243/2'], g = [8, 64, 180, 209, 81])...
2022-01-14 11:35:59,653 INFO: Chabauty completed successfully (delta = ['-4', '-39/2', '8', '168', '274', '243/2'], g = [8, 64, 180, 209, 81]).
2022-01-14 11:35:59,658 INFO: Skipped Chabauty because rank >= degree(g). (delta = ['-8', '-63', '-179', '-209', '-81'], g = [1, 1])
2022-01-14 11:35:59,658 INFO: Running elliptic Chabauty (delta = ['-8', '-63', '-179', '-209', '-81'], g = [8, 64, 180, 209, 81])...
2022-01-14 11:36:08,930 INFO: Chabauty completed successfully (delta = ['-8', '-63', '-179', '-209', '-81'], g = [8, 64, 180, 209, 81]).
2022-01-14 11:36:08,940 INFO: Skipped Chabauty because no base point (delta = ['1/2', '11/2', '33', '90', '209/2', '81/2'])
2022-01-14 11:36:08,940 INFO: Skipped Chabauty because rank >= degree(g). (delta = ['1'], g = [1, 1])
2022-01-14 11:36:08,940 INFO: Skipped Chabauty because MW generators haven't been computed. (delta = ['1'], g = [8, 64, 180, 209, 81])
2022-01-14 11:36:08,940 INFO: Skipped Chabauty because no base point (delta = ['-1/4', '3/4', '14', '44', '209/4', '81/4'])
2022-01-14 11:36:08,940 INFO: Skipped Chabauty because no base point (delta = ['-1/2', '-1'])
2022-01-14 11:36:09,178 INFO: Tasks complete. Recording data and exiting.
2022-02-12 16:44:36,109 INFO: Loaded curve data from file.
2022-02-12 16:44:36,109 INFO: Computing elliptic Chabauty map... (delta = ['2', '103/4', '247/2', '274', '557/2', '401/4'], g = [1, 1])
2022-02-12 16:44:46,793 INFO: Elliptic Chabauty map computed. (delta = ['2', '103/4', '247/2', '274', '557/2', '401/4'], g = [1, 1])
2022-02-12 16:44:46,796 INFO: Computing elliptic Chabauty map... (delta = ['2', '103/4', '247/2', '274', '557/2', '401/4'], g = [8, 64, 180, 209, 81])
2022-02-12 16:45:00,073 INFO: Elliptic Chabauty map computed. (delta = ['2', '103/4', '247/2', '274', '557/2', '401/4'], g = [8, 64, 180, 209, 81])
2022-02-12 16:45:00,076 INFO: Computing elliptic Chabauty map... (delta = ['-4', '-39/2', '8', '168', '274', '243/2'], g = [1, 1])
2022-02-12 16:45:10,520 INFO: Elliptic Chabauty map computed. (delta = ['-4', '-39/2', '8', '168', '274', '243/2'], g = [1, 1])
2022-02-12 16:45:10,522 INFO: Computing elliptic Chabauty map... (delta = ['-4', '-39/2', '8', '168', '274', '243/2'], g = [8, 64, 180, 209, 81])
2022-02-12 16:45:23,615 INFO: Elliptic Chabauty map computed. (delta = ['-4', '-39/2', '8', '168', '274', '243/2'], g = [8, 64, 180, 209, 81])
2022-02-12 16:45:23,618 INFO: Computing elliptic Chabauty map... (delta = ['-8', '-63', '-179', '-209', '-81'], g = [1, 1])
2022-02-12 16:45:34,031 INFO: Elliptic Chabauty map computed. (delta = ['-8', '-63', '-179', '-209', '-81'], g = [1, 1])
2022-02-12 16:45:34,034 INFO: Computing elliptic Chabauty map... (delta = ['-8', '-63', '-179', '-209', '-81'], g = [8, 64, 180, 209, 81])
2022-02-12 16:45:47,043 INFO: Elliptic Chabauty map computed. (delta = ['-8', '-63', '-179', '-209', '-81'], g = [8, 64, 180, 209, 81])
2022-02-12 16:45:47,047 INFO: Computing elliptic Chabauty map... (delta = ['1'], g = [1, 1])
2022-02-12 16:45:57,449 INFO: Elliptic Chabauty map computed. (delta = ['1'], g = [1, 1])
2022-02-12 16:45:57,453 INFO: Computing elliptic Chabauty map... (delta = ['1'], g = [8, 64, 180, 209, 81])
2022-02-12 16:46:10,551 INFO: Elliptic Chabauty map computed. (delta = ['1'], g = [8, 64, 180, 209, 81])
2022-02-12 16:46:10,555 INFO: Tasks complete. Recording data and exiting.
