2022-01-12 12:22:05,663 INFO: Initialized curve data.
2022-01-12 12:22:05,667 INFO: Setting up initial twist data...
2022-01-12 12:22:06,593 INFO: Twist setup complete.
2022-01-12 12:22:06,593 INFO: Searching for rational points on each twist...
2022-01-12 12:22:08,004 INFO: Finished searching for rational points on each twist.
2022-01-12 12:22:08,004 INFO: Testing local solvability of twists...
2022-01-12 12:22:08,010 INFO: Finished local solvability testing.
2022-01-12 12:22:08,011 INFO: Computing elliptic curve a-invariants...
2022-01-12 12:22:15,663 INFO: Finished computation of a-invariants.
2022-01-12 12:22:15,665 INFO: Computing MW group (delta = ['1'], g = [4, 12, 12, 1, 0, 4])...
2022-01-12 12:24:36,431 INFO: Finished MW computation (delta = ['1'], g = [4, 12, 12, 1, 0, 4])
2022-01-12 12:24:36,434 INFO: Computing MW group (delta = ['4', '11', '12', '1', '0', '4'], g = [4, 12, 12, 1, 0, 4])...
2022-01-12 12:31:03,670 INFO: Finished MW computation (delta = ['4', '11', '12', '1', '0', '4'], g = [4, 12, 12, 1, 0, 4])
2022-01-12 12:31:03,673 INFO: Computing MW group (delta = ['-4', '-11', '-11', '-1', '0', '-4'], g = [4, 12, 12, 1, 0, 4])...
2022-01-12 12:32:01,599 INFO: Finished MW computation (delta = ['-4', '-11', '-11', '-1', '0', '-4'], g = [4, 12, 12, 1, 0, 4])
2022-01-12 12:32:01,604 INFO: Computing MW group (delta = ['-16', '-48', '-49', '-5', '0', '-16'], g = [4, 12, 12, 1, 0, 4])...
2022-01-14 11:32:30,916 INFO: Loaded curve data from file.
2022-01-14 11:32:30,917 INFO: Reducing MW generators...
2022-01-14 11:32:31,904 INFO: Finished reducing MW generators.
2022-01-14 11:32:31,910 INFO: Skipped Chabauty because MW group hasn't been provably computed. (delta = ['1'], g = [4, 12, 12, 1, 0, 4])
2022-01-14 11:32:31,910 INFO: Running elliptic Chabauty (delta = ['4', '11', '12', '1', '0', '4'], g = [4, 12, 12, 1, 0, 4])...
2022-01-14 11:32:41,736 INFO: Chabauty completed successfully (delta = ['4', '11', '12', '1', '0', '4'], g = [4, 12, 12, 1, 0, 4]).
2022-01-14 11:32:41,739 INFO: Skipped Chabauty because MW group hasn't been provably computed. (delta = ['-4', '-11', '-11', '-1', '0', '-4'], g = [4, 12, 12, 1, 0, 4])
2022-01-14 11:32:41,739 INFO: Skipped Chabauty because MW generators haven't been computed. (delta = ['-16', '-48', '-49', '-5', '0', '-16'], g = [4, 12, 12, 1, 0, 4])
2022-01-14 11:32:41,872 INFO: Tasks complete. Recording data and exiting.
2022-02-12 17:26:56,041 INFO: Loaded curve data from file.
2022-02-12 17:26:56,041 INFO: Computing elliptic Chabauty map... (delta = ['1'], g = [4, 12, 12, 1, 0, 4])
2022-02-12 17:27:04,611 INFO: Elliptic Chabauty map computed. (delta = ['1'], g = [4, 12, 12, 1, 0, 4])
2022-02-12 17:27:04,613 INFO: Computing elliptic Chabauty map... (delta = ['4', '11', '12', '1', '0', '4'], g = [4, 12, 12, 1, 0, 4])
2022-02-12 17:27:12,989 INFO: Elliptic Chabauty map computed. (delta = ['4', '11', '12', '1', '0', '4'], g = [4, 12, 12, 1, 0, 4])
2022-02-12 17:27:12,991 INFO: Computing elliptic Chabauty map... (delta = ['-4', '-11', '-11', '-1', '0', '-4'], g = [4, 12, 12, 1, 0, 4])
2022-02-12 17:27:21,411 INFO: Elliptic Chabauty map computed. (delta = ['-4', '-11', '-11', '-1', '0', '-4'], g = [4, 12, 12, 1, 0, 4])
2022-02-12 17:27:21,414 INFO: Computing elliptic Chabauty map... (delta = ['-16', '-48', '-49', '-5', '0', '-16'], g = [4, 12, 12, 1, 0, 4])
2022-02-12 17:27:29,937 INFO: Elliptic Chabauty map computed. (delta = ['-16', '-48', '-49', '-5', '0', '-16'], g = [4, 12, 12, 1, 0, 4])
2022-02-12 17:27:29,941 INFO: Tasks complete. Recording data and exiting.
