2022-01-01 12:50:58,998 INFO: Initialized curve data.
2022-01-01 12:50:59,002 INFO: Setting up initial twist data...
2022-01-01 12:51:00,137 INFO: Twist setup complete.
2022-01-01 12:51:00,137 INFO: Searching for rational points on each twist...
2022-01-01 12:51:01,069 INFO: Finished searching for rational points on each twist.
2022-01-01 12:51:01,069 INFO: Testing local solvability of twists...
2022-01-01 12:51:04,206 INFO: Finished local solvability testing.
2022-01-01 12:51:04,207 INFO: Computing elliptic curve a-invariants...
2022-01-01 12:51:19,092 INFO: Finished computation of a-invariants.
2022-01-01 12:51:19,094 INFO: Computing MW group (delta = ['-4', '0', '4', '-2', '2', '1'], g = [-2, 1, 4, -2, 2, 1])...
2022-01-01 12:51:51,427 INFO: Finished MW computation (delta = ['-4', '0', '4', '-2', '2', '1'], g = [-2, 1, 4, -2, 2, 1])
2022-01-01 12:51:51,430 INFO: Skipped MW computation because no base point (delta = ['-1', '-1'])
2022-01-01 12:51:51,431 INFO: Computing MW group (delta = ['1'], g = [-2, 1, 4, -2, 2, 1])...
2022-01-03 13:14:57,000 INFO: Obsolete "loc_solv_error" keys removed.
2022-01-10 22:39:15,331 INFO: Loaded curve data from file.
2022-01-10 22:39:15,331 INFO: Reducing MW generators...
2022-01-10 22:39:15,736 INFO: Finished reducing MW generators.
2022-01-10 22:39:15,738 INFO: Running elliptic Chabauty (delta = ['-4', '0', '4', '-2', '2', '1'], g = [-2, 1, 4, -2, 2, 1])...
2022-01-10 22:39:32,794 INFO: Chabauty completed successfully (delta = ['-4', '0', '4', '-2', '2', '1'], g = [-2, 1, 4, -2, 2, 1]).
2022-01-10 22:39:32,945 INFO: Skipped Chabauty because no base point (delta = ['-1', '-1'])
2022-01-10 22:39:32,945 INFO: Skipped Chabauty because MW generators haven't been computed. (delta = ['1'], g = [-2, 1, 4, -2, 2, 1])
2022-01-10 22:39:32,945 INFO: Skipped Chabauty because MW generators haven't been computed. (delta = ['0', '4', '5', '-2', '2', '1'], g = [-2, 1, 4, -2, 2, 1])
2022-01-10 22:39:33,175 INFO: Tasks complete. Recording data and exiting.
2022-02-12 17:43:51,710 INFO: Loaded curve data from file.
2022-02-12 17:43:51,711 INFO: Computing elliptic Chabauty map... (delta = ['-4', '0', '4', '-2', '2', '1'], g = [-2, 1, 4, -2, 2, 1])
2022-02-12 17:44:06,507 INFO: Elliptic Chabauty map computed. (delta = ['-4', '0', '4', '-2', '2', '1'], g = [-2, 1, 4, -2, 2, 1])
2022-02-12 17:44:06,510 INFO: Computing elliptic Chabauty map... (delta = ['1'], g = [-2, 1, 4, -2, 2, 1])
2022-02-12 17:44:20,853 INFO: Elliptic Chabauty map computed. (delta = ['1'], g = [-2, 1, 4, -2, 2, 1])
2022-02-12 17:44:20,856 INFO: Computing elliptic Chabauty map... (delta = ['0', '4', '5', '-2', '2', '1'], g = [-2, 1, 4, -2, 2, 1])
2022-02-12 17:44:35,526 INFO: Elliptic Chabauty map computed. (delta = ['0', '4', '5', '-2', '2', '1'], g = [-2, 1, 4, -2, 2, 1])
2022-02-12 17:44:35,528 INFO: Tasks complete. Recording data and exiting.
