2022-01-13 21:54:49,248 INFO: Initialized curve data.
2022-01-13 21:54:49,252 INFO: Setting up initial twist data...
2022-01-13 21:54:50,416 INFO: Twist setup complete.
2022-01-13 21:54:50,417 INFO: Searching for rational points on each twist...
2022-01-13 21:54:52,182 INFO: Finished searching for rational points on each twist.
2022-01-13 21:54:52,183 INFO: Testing local solvability of twists...
2022-01-13 21:54:52,188 INFO: Finished local solvability testing.
2022-01-13 21:54:52,189 INFO: Computing elliptic curve a-invariants...
2022-01-13 21:55:00,053 INFO: Finished computation of a-invariants.
2022-01-13 21:55:00,056 INFO: Computing MW group (delta = ['1', '-1', '1'], g = [4, 4, 4, 1, 6, 1])...
2022-01-14 11:35:08,610 INFO: Loaded curve data from file.
2022-01-14 11:35:08,610 INFO: Reducing MW generators...
2022-01-14 11:35:08,610 INFO: Finished reducing MW generators.
2022-01-14 11:35:08,612 INFO: Skipped Chabauty because MW generators haven't been computed. (delta = ['1', '-1', '1'], g = [4, 4, 4, 1, 6, 1])
2022-01-14 11:35:08,612 INFO: Skipped Chabauty because MW generators haven't been computed. (delta = ['4', '3', '4', '1', '6', '1'], g = [4, 4, 4, 1, 6, 1])
2022-01-14 11:35:08,612 INFO: Skipped Chabauty because MW generators haven't been computed. (delta = ['1'], g = [4, 4, 4, 1, 6, 1])
2022-01-14 11:35:08,612 INFO: Skipped Chabauty because MW generators haven't been computed. (delta = ['4', '3', '5', '0', '6', '1'], g = [4, 4, 4, 1, 6, 1])
2022-01-14 11:35:08,614 INFO: Tasks complete. Recording data and exiting.
2022-02-12 16:49:37,663 INFO: Loaded curve data from file.
2022-02-12 16:49:37,663 INFO: Computing elliptic Chabauty map... (delta = ['1', '-1', '1'], g = [4, 4, 4, 1, 6, 1])
2022-02-12 16:49:51,438 INFO: Elliptic Chabauty map computed. (delta = ['1', '-1', '1'], g = [4, 4, 4, 1, 6, 1])
2022-02-12 16:49:51,441 INFO: Computing elliptic Chabauty map... (delta = ['4', '3', '4', '1', '6', '1'], g = [4, 4, 4, 1, 6, 1])
2022-02-12 16:50:05,015 INFO: Elliptic Chabauty map computed. (delta = ['4', '3', '4', '1', '6', '1'], g = [4, 4, 4, 1, 6, 1])
2022-02-12 16:50:05,017 INFO: Computing elliptic Chabauty map... (delta = ['1'], g = [4, 4, 4, 1, 6, 1])
2022-02-12 16:50:18,638 INFO: Elliptic Chabauty map computed. (delta = ['1'], g = [4, 4, 4, 1, 6, 1])
2022-02-12 16:50:18,640 INFO: Computing elliptic Chabauty map... (delta = ['4', '3', '5', '0', '6', '1'], g = [4, 4, 4, 1, 6, 1])
2022-02-12 16:50:32,189 INFO: Elliptic Chabauty map computed. (delta = ['4', '3', '5', '0', '6', '1'], g = [4, 4, 4, 1, 6, 1])
2022-02-12 16:50:32,192 INFO: Tasks complete. Recording data and exiting.
