2022-01-12 12:19:46,144 INFO: Initialized curve data.
2022-01-12 12:19:46,147 INFO: Setting up initial twist data...
2022-01-12 12:19:47,189 INFO: Twist setup complete.
2022-01-12 12:19:47,189 INFO: Searching for rational points on each twist...
2022-01-12 12:19:48,716 INFO: Finished searching for rational points on each twist.
2022-01-12 12:19:48,716 INFO: Testing local solvability of twists...
2022-01-12 12:19:51,165 INFO: Finished local solvability testing.
2022-01-12 12:19:51,166 INFO: Computing elliptic curve a-invariants...
2022-01-12 12:20:04,179 INFO: Finished computation of a-invariants.
2022-01-12 12:20:04,181 INFO: Computing MW group (delta = ['-4', '0', '17', '16', '0', '-4'], g = [4, 1, -16, -16, 0, 4])...
2022-01-12 12:21:10,804 INFO: Finished MW computation (delta = ['-4', '0', '17', '16', '0', '-4'], g = [4, 1, -16, -16, 0, 4])
2022-01-12 12:21:10,808 INFO: Skipped MW computation because no base point (delta = ['-16', '-4', '63', '63', '0', '-16'])
2022-01-12 12:21:10,808 INFO: Computing MW group (delta = ['1'], g = [4, 1, -16, -16, 0, 4])...
2022-01-12 12:21:51,041 INFO: Finished MW computation (delta = ['1'], g = [4, 1, -16, -16, 0, 4])
2022-01-12 12:21:51,043 INFO: Computing MW group (delta = ['4', '0', '-16', '-16', '0', '4'], g = [4, 1, -16, -16, 0, 4])...
2022-01-12 12:23:27,157 INFO: Finished MW computation (delta = ['4', '0', '-16', '-16', '0', '4'], g = [4, 1, -16, -16, 0, 4])
2022-01-12 12:23:27,161 INFO: Reducing MW generators...
2022-01-12 12:23:30,655 INFO: Finished reducing MW generators.
2022-01-12 12:23:30,657 INFO: Tasks complete. Recording data and exiting.
2022-01-14 11:32:23,610 INFO: Loaded curve data from file.
2022-01-14 11:32:23,611 INFO: Running elliptic Chabauty (delta = ['-4', '0', '17', '16', '0', '-4'], g = [4, 1, -16, -16, 0, 4])...
2022-01-14 11:32:49,728 INFO: Chabauty completed successfully (delta = ['-4', '0', '17', '16', '0', '-4'], g = [4, 1, -16, -16, 0, 4]).
2022-01-14 11:32:49,731 INFO: Skipped Chabauty because no base point (delta = ['-16', '-4', '63', '63', '0', '-16'])
2022-01-14 11:32:49,731 INFO: Running elliptic Chabauty (delta = ['1'], g = [4, 1, -16, -16, 0, 4])...
2022-01-14 11:33:01,837 INFO: Chabauty completed successfully (delta = ['1'], g = [4, 1, -16, -16, 0, 4]).
2022-01-14 11:33:01,839 INFO: Running elliptic Chabauty (delta = ['4', '0', '-16', '-16', '0', '4'], g = [4, 1, -16, -16, 0, 4])...
2022-01-14 11:33:23,567 INFO: Chabauty completed successfully (delta = ['4', '0', '-16', '-16', '0', '4'], g = [4, 1, -16, -16, 0, 4]).
2022-01-14 11:33:23,838 INFO: Rational points successfully computed.
2022-01-14 11:33:23,841 INFO: Tasks complete. Recording data and exiting.
2022-02-12 17:44:03,674 INFO: Loaded curve data from file.
2022-02-12 17:44:03,675 INFO: Computing elliptic Chabauty map... (delta = ['-4', '0', '17', '16', '0', '-4'], g = [4, 1, -16, -16, 0, 4])
2022-02-12 17:44:15,644 INFO: Elliptic Chabauty map computed. (delta = ['-4', '0', '17', '16', '0', '-4'], g = [4, 1, -16, -16, 0, 4])
2022-02-12 17:44:15,647 INFO: Computing elliptic Chabauty map... (delta = ['1'], g = [4, 1, -16, -16, 0, 4])
2022-02-12 17:44:27,101 INFO: Elliptic Chabauty map computed. (delta = ['1'], g = [4, 1, -16, -16, 0, 4])
2022-02-12 17:44:27,104 INFO: Computing elliptic Chabauty map... (delta = ['4', '0', '-16', '-16', '0', '4'], g = [4, 1, -16, -16, 0, 4])
2022-02-12 17:44:38,657 INFO: Elliptic Chabauty map computed. (delta = ['4', '0', '-16', '-16', '0', '4'], g = [4, 1, -16, -16, 0, 4])
2022-02-12 17:44:38,659 INFO: Tasks complete. Recording data and exiting.
