2022-01-01 10:40:31,509 INFO: Initialized curve data.
2022-01-01 10:40:31,512 INFO: Setting up initial twist data...
2022-01-01 10:40:32,940 INFO: Twist setup complete.
2022-01-01 10:40:32,940 INFO: Searching for rational points on each twist...
2022-01-01 10:40:33,918 INFO: Finished searching for rational points on each twist.
2022-01-01 10:40:33,918 INFO: Testing local solvability of twists...
2022-01-01 10:40:33,924 INFO: Finished local solvability testing.
2022-01-01 10:40:33,926 INFO: Computing elliptic curve a-invariants...
2022-01-01 10:40:41,771 INFO: Finished computation of a-invariants.
2022-01-01 10:40:41,772 INFO: Computing MW group (delta = ['4', '4', '-9', '-1', '2', '1'], g = [4, 5, -10, -1, 2, 1])...
2022-01-01 10:42:18,698 INFO: Finished MW computation (delta = ['4', '4', '-9', '-1', '2', '1'], g = [4, 5, -10, -1, 2, 1])
2022-01-01 10:42:18,700 INFO: Computing MW group (delta = ['1', '-1'], g = [4, 5, -10, -1, 2, 1])...
2022-01-01 10:43:27,740 INFO: Finished MW computation (delta = ['1', '-1'], g = [4, 5, -10, -1, 2, 1])
2022-01-01 10:43:27,742 INFO: Obstruction found to provably computing rational points. Exiting.
2022-01-03 13:14:57,000 INFO: Obsolete "loc_solv_error" keys removed.
2022-01-10 22:39:05,024 INFO: Loaded curve data from file.
2022-01-10 22:39:05,024 INFO: Obstruction already found. Exiting.
2022-02-12 17:45:43,332 INFO: Loaded curve data from file.
2022-02-12 17:45:43,332 INFO: Computing elliptic Chabauty map... (delta = ['4', '4', '-9', '-1', '2', '1'], g = [4, 5, -10, -1, 2, 1])
2022-02-12 17:45:57,783 INFO: Elliptic Chabauty map computed. (delta = ['4', '4', '-9', '-1', '2', '1'], g = [4, 5, -10, -1, 2, 1])
2022-02-12 17:45:57,786 INFO: Computing elliptic Chabauty map... (delta = ['1', '-1'], g = [4, 5, -10, -1, 2, 1])
2022-02-12 17:46:11,959 INFO: Elliptic Chabauty map computed. (delta = ['1', '-1'], g = [4, 5, -10, -1, 2, 1])
2022-02-12 17:46:11,961 INFO: Computing elliptic Chabauty map... (delta = ['1'], g = [4, 5, -10, -1, 2, 1])
2022-02-12 17:46:26,168 INFO: Elliptic Chabauty map computed. (delta = ['1'], g = [4, 5, -10, -1, 2, 1])
2022-02-12 17:46:26,170 INFO: Computing elliptic Chabauty map... (delta = ['4', '4', '-10', '-1', '2', '1'], g = [4, 5, -10, -1, 2, 1])
2022-02-12 17:46:40,363 INFO: Elliptic Chabauty map computed. (delta = ['4', '4', '-10', '-1', '2', '1'], g = [4, 5, -10, -1, 2, 1])
2022-02-12 17:46:40,365 INFO: Tasks complete. Recording data and exiting.
