2022-01-13 21:54:46,969 INFO: Initialized curve data.
2022-01-13 21:54:46,972 INFO: Setting up initial twist data...
2022-01-13 21:54:47,832 INFO: Twist setup complete.
2022-01-13 21:54:47,832 INFO: Searching for rational points on each twist...
2022-01-13 21:54:50,477 INFO: Finished searching for rational points on each twist.
2022-01-13 21:54:50,477 INFO: Testing local solvability of twists...
2022-01-13 21:55:10,624 INFO: Finished local solvability testing.
2022-01-13 21:55:10,627 INFO: Computing elliptic curve a-invariants...
2022-01-13 21:55:14,037 INFO: Finished computation of a-invariants.
2022-01-13 21:55:14,039 INFO: Skipped MW computation because no base point (delta = ['1/2', '11/2', '25', '54', '105/2', '33/2'])
2022-01-13 21:55:14,039 INFO: Skipped MW computation because no base point (delta = ['1', '5/2', '1'])
2022-01-13 21:55:14,039 INFO: Skipped MW computation because no base point (delta = ['1/2', '3/4', '-27/4', '-23', '-101/4', '-33/4'])
2022-01-13 21:55:14,039 INFO: Skipped MW computation because no base point (delta = ['-8', '-59', '-353/2', '-527/2', '-379/2', '-99/2'])
2022-01-13 21:55:14,039 INFO: Computing MW group (delta = ['-4', '-2359/66', '-16427/132', '-4647/22', '-7533/44', '-1071/22'], g = [1, 1])...
2022-01-13 21:55:14,523 INFO: Finished MW computation (delta = ['-4', '-2359/66', '-16427/132', '-4647/22', '-7533/44', '-1071/22'], g = [1, 1])
2022-01-13 21:55:14,525 INFO: Computing MW group (delta = ['-4', '-2359/66', '-16427/132', '-4647/22', '-7533/44', '-1071/22'], g = [8, 48, 108, 105, 33])...
2022-01-13 21:55:34,251 INFO: Finished MW computation (delta = ['-4', '-2359/66', '-16427/132', '-4647/22', '-7533/44', '-1071/22'], g = [8, 48, 108, 105, 33])
2022-01-13 21:55:34,255 INFO: Computing MW group (delta = ['1'], g = [1, 1])...
2022-01-13 21:55:34,530 INFO: Finished MW computation (delta = ['1'], g = [1, 1])
2022-01-13 21:55:34,533 INFO: Computing MW group (delta = ['1'], g = [8, 48, 108, 105, 33])...
2022-01-13 21:55:43,246 INFO: Finished MW computation (delta = ['1'], g = [8, 48, 108, 105, 33])
2022-01-13 21:55:43,250 INFO: Computing MW group (delta = ['-4', '-23/2', '20', '112', '142', '99/2'], g = [1, 1])...
2022-01-13 21:55:43,528 INFO: Finished MW computation (delta = ['-4', '-23/2', '20', '112', '142', '99/2'], g = [1, 1])
2022-01-13 21:55:43,531 INFO: Computing MW group (delta = ['-4', '-23/2', '20', '112', '142', '99/2'], g = [8, 48, 108, 105, 33])...
2022-01-13 21:55:54,996 INFO: Finished MW computation (delta = ['-4', '-23/2', '20', '112', '142', '99/2'], g = [8, 48, 108, 105, 33])
2022-01-13 21:55:55,001 INFO: Computing MW group (delta = ['-8', '-47', '-107', '-105', '-33'], g = [1, 1])...
2022-01-13 21:55:55,276 INFO: Finished MW computation (delta = ['-8', '-47', '-107', '-105', '-33'], g = [1, 1])
2022-01-13 21:55:55,279 INFO: Computing MW group (delta = ['-8', '-47', '-107', '-105', '-33'], g = [8, 48, 108, 105, 33])...
2022-01-13 21:56:01,212 INFO: Finished MW computation (delta = ['-8', '-47', '-107', '-105', '-33'], g = [8, 48, 108, 105, 33])
2022-01-13 21:56:01,219 INFO: Reducing MW generators...
2022-01-13 21:56:04,406 INFO: Finished reducing MW generators.
2022-01-13 21:56:04,409 INFO: Tasks complete. Recording data and exiting.
2022-01-14 11:35:20,069 INFO: Loaded curve data from file.
2022-01-14 11:35:20,070 INFO: Skipped Chabauty because no base point (delta = ['1/2', '11/2', '25', '54', '105/2', '33/2'])
2022-01-14 11:35:20,070 INFO: Skipped Chabauty because no base point (delta = ['1', '5/2', '1'])
2022-01-14 11:35:20,070 INFO: Skipped Chabauty because no base point (delta = ['1/2', '3/4', '-27/4', '-23', '-101/4', '-33/4'])
2022-01-14 11:35:20,071 INFO: Skipped Chabauty because no base point (delta = ['-8', '-59', '-353/2', '-527/2', '-379/2', '-99/2'])
2022-01-14 11:35:20,071 INFO: Skipped Chabauty because rank >= degree(g). (delta = ['-4', '-2359/66', '-16427/132', '-4647/22', '-7533/44', '-1071/22'], g = [1, 1])
2022-01-14 11:35:20,071 INFO: Running elliptic Chabauty (delta = ['-4', '-2359/66', '-16427/132', '-4647/22', '-7533/44', '-1071/22'], g = [8, 48, 108, 105, 33])...
2022-01-14 11:35:39,724 INFO: Chabauty completed successfully (delta = ['-4', '-2359/66', '-16427/132', '-4647/22', '-7533/44', '-1071/22'], g = [8, 48, 108, 105, 33]).
2022-01-14 11:35:39,746 INFO: Skipped Chabauty because rank >= degree(g). (delta = ['1'], g = [1, 1])
2022-01-14 11:35:39,746 INFO: Running elliptic Chabauty (delta = ['1'], g = [8, 48, 108, 105, 33])...
2022-01-14 11:35:59,134 INFO: Chabauty completed successfully (delta = ['1'], g = [8, 48, 108, 105, 33]).
2022-01-14 11:35:59,138 INFO: Skipped Chabauty because rank >= degree(g). (delta = ['-4', '-23/2', '20', '112', '142', '99/2'], g = [1, 1])
2022-01-14 11:35:59,138 INFO: Running elliptic Chabauty (delta = ['-4', '-23/2', '20', '112', '142', '99/2'], g = [8, 48, 108, 105, 33])...
2022-01-14 11:36:18,597 INFO: Chabauty completed successfully (delta = ['-4', '-23/2', '20', '112', '142', '99/2'], g = [8, 48, 108, 105, 33]).
2022-01-14 11:36:18,602 INFO: Skipped Chabauty because rank >= degree(g). (delta = ['-8', '-47', '-107', '-105', '-33'], g = [1, 1])
2022-01-14 11:36:18,602 INFO: Running elliptic Chabauty (delta = ['-8', '-47', '-107', '-105', '-33'], g = [8, 48, 108, 105, 33])...
2022-01-14 11:36:31,580 INFO: Chabauty completed successfully (delta = ['-8', '-47', '-107', '-105', '-33'], g = [8, 48, 108, 105, 33]).
2022-01-14 11:36:32,093 INFO: Rational points successfully computed.
2022-01-14 11:36:32,110 INFO: Tasks complete. Recording data and exiting.
2022-02-12 17:41:18,647 INFO: Loaded curve data from file.
2022-02-12 17:41:18,648 INFO: Computing elliptic Chabauty map... (delta = ['-4', '-2359/66', '-16427/132', '-4647/22', '-7533/44', '-1071/22'], g = [1, 1])
2022-02-12 17:41:29,127 INFO: Elliptic Chabauty map computed. (delta = ['-4', '-2359/66', '-16427/132', '-4647/22', '-7533/44', '-1071/22'], g = [1, 1])
2022-02-12 17:41:29,131 INFO: Computing elliptic Chabauty map... (delta = ['-4', '-2359/66', '-16427/132', '-4647/22', '-7533/44', '-1071/22'], g = [8, 48, 108, 105, 33])
2022-02-12 17:41:42,735 INFO: Elliptic Chabauty map computed. (delta = ['-4', '-2359/66', '-16427/132', '-4647/22', '-7533/44', '-1071/22'], g = [8, 48, 108, 105, 33])
2022-02-12 17:41:42,738 INFO: Computing elliptic Chabauty map... (delta = ['1'], g = [1, 1])
2022-02-12 17:41:53,147 INFO: Elliptic Chabauty map computed. (delta = ['1'], g = [1, 1])
2022-02-12 17:41:53,151 INFO: Computing elliptic Chabauty map... (delta = ['1'], g = [8, 48, 108, 105, 33])
2022-02-12 17:42:06,460 INFO: Elliptic Chabauty map computed. (delta = ['1'], g = [8, 48, 108, 105, 33])
2022-02-12 17:42:06,464 INFO: Computing elliptic Chabauty map... (delta = ['-4', '-23/2', '20', '112', '142', '99/2'], g = [1, 1])
2022-02-12 17:42:16,894 INFO: Elliptic Chabauty map computed. (delta = ['-4', '-23/2', '20', '112', '142', '99/2'], g = [1, 1])
2022-02-12 17:42:16,898 INFO: Computing elliptic Chabauty map... (delta = ['-4', '-23/2', '20', '112', '142', '99/2'], g = [8, 48, 108, 105, 33])
2022-02-12 17:42:29,898 INFO: Elliptic Chabauty map computed. (delta = ['-4', '-23/2', '20', '112', '142', '99/2'], g = [8, 48, 108, 105, 33])
2022-02-12 17:42:29,903 INFO: Computing elliptic Chabauty map... (delta = ['-8', '-47', '-107', '-105', '-33'], g = [1, 1])
2022-02-12 17:42:40,314 INFO: Elliptic Chabauty map computed. (delta = ['-8', '-47', '-107', '-105', '-33'], g = [1, 1])
2022-02-12 17:42:40,320 INFO: Computing elliptic Chabauty map... (delta = ['-8', '-47', '-107', '-105', '-33'], g = [8, 48, 108, 105, 33])
2022-02-12 17:42:53,285 INFO: Elliptic Chabauty map computed. (delta = ['-8', '-47', '-107', '-105', '-33'], g = [8, 48, 108, 105, 33])
2022-02-12 17:42:53,290 INFO: Tasks complete. Recording data and exiting.
