2022-01-13 21:54:34,849 INFO: Initialized curve data.
2022-01-13 21:54:34,852 INFO: Setting up initial twist data...
2022-01-13 21:54:36,175 INFO: Twist setup complete.
2022-01-13 21:54:36,175 INFO: Searching for rational points on each twist...
2022-01-13 21:54:39,597 INFO: Finished searching for rational points on each twist.
2022-01-13 21:54:39,597 INFO: Testing local solvability of twists...
2022-01-13 21:54:46,175 INFO: Finished local solvability testing.
2022-01-13 21:54:46,179 INFO: Computing elliptic curve a-invariants...
2022-01-13 21:55:10,106 INFO: Finished computation of a-invariants.
2022-01-13 21:55:10,109 INFO: Computing MW group (delta = ['4', '23', '24', '4', '0', '1'], g = [4, 24, 24, 4, 0, 1])...
2022-01-13 21:57:35,465 INFO: Finished MW computation (delta = ['4', '23', '24', '4', '0', '1'], g = [4, 24, 24, 4, 0, 1])
2022-01-13 21:57:35,469 INFO: Computing MW group (delta = ['-4', '-23', '-25', '-5', '0', '-1'], g = [4, 24, 24, 4, 0, 1])...
2022-01-14 11:35:09,568 INFO: Loaded curve data from file.
2022-01-14 11:35:09,568 INFO: Reducing MW generators...
2022-01-14 11:35:09,701 INFO: Finished reducing MW generators.
2022-01-14 11:35:09,703 INFO: Running elliptic Chabauty (delta = ['4', '23', '24', '4', '0', '1'], g = [4, 24, 24, 4, 0, 1])...
2022-01-14 11:35:18,098 INFO: Chabauty completed successfully (delta = ['4', '23', '24', '4', '0', '1'], g = [4, 24, 24, 4, 0, 1]).
2022-01-14 11:35:18,101 INFO: Skipped Chabauty because MW generators haven't been computed. (delta = ['-4', '-23', '-25', '-5', '0', '-1'], g = [4, 24, 24, 4, 0, 1])
2022-01-14 11:35:18,101 INFO: Skipped Chabauty because MW generators haven't been computed. (delta = ['4', '23', '24', '6', '1', '1'], g = [4, 24, 24, 4, 0, 1])
2022-01-14 11:35:18,101 INFO: Skipped Chabauty because MW generators haven't been computed. (delta = ['1'], g = [4, 24, 24, 4, 0, 1])
2022-01-14 11:35:18,101 INFO: Skipped Chabauty because no base point (delta = ['-16', '-96', '-97', '-17', '0', '-4'])
2022-01-14 11:35:18,101 INFO: Skipped Chabauty because no base point (delta = ['-1', '1', '1'])
2022-01-14 11:35:18,101 INFO: Skipped Chabauty because MW generators haven't been computed. (delta = ['16', '96', '97', '16', '-2', '3'], g = [4, 24, 24, 4, 0, 1])
2022-01-14 11:35:18,101 INFO: Skipped Chabauty because MW generators haven't been computed. (delta = ['-4', '-23', '-23', '-4', '0', '-1'], g = [4, 24, 24, 4, 0, 1])
2022-01-14 11:35:18,191 INFO: Tasks complete. Recording data and exiting.
2022-02-12 17:13:10,028 INFO: Loaded curve data from file.
2022-02-12 17:13:10,028 INFO: Computing elliptic Chabauty map... (delta = ['4', '23', '24', '4', '0', '1'], g = [4, 24, 24, 4, 0, 1])
2022-02-12 17:13:20,691 INFO: Elliptic Chabauty map computed. (delta = ['4', '23', '24', '4', '0', '1'], g = [4, 24, 24, 4, 0, 1])
2022-02-12 17:13:20,694 INFO: Computing elliptic Chabauty map... (delta = ['-4', '-23', '-25', '-5', '0', '-1'], g = [4, 24, 24, 4, 0, 1])
2022-02-12 17:13:31,512 INFO: Elliptic Chabauty map computed. (delta = ['-4', '-23', '-25', '-5', '0', '-1'], g = [4, 24, 24, 4, 0, 1])
2022-02-12 17:13:31,515 INFO: Computing elliptic Chabauty map... (delta = ['4', '23', '24', '6', '1', '1'], g = [4, 24, 24, 4, 0, 1])
2022-02-12 17:13:42,230 INFO: Elliptic Chabauty map computed. (delta = ['4', '23', '24', '6', '1', '1'], g = [4, 24, 24, 4, 0, 1])
2022-02-12 17:13:42,233 INFO: Computing elliptic Chabauty map... (delta = ['1'], g = [4, 24, 24, 4, 0, 1])
2022-02-12 17:13:52,940 INFO: Elliptic Chabauty map computed. (delta = ['1'], g = [4, 24, 24, 4, 0, 1])
2022-02-12 17:13:52,943 INFO: Computing elliptic Chabauty map... (delta = ['16', '96', '97', '16', '-2', '3'], g = [4, 24, 24, 4, 0, 1])
2022-02-12 17:14:03,605 INFO: Elliptic Chabauty map computed. (delta = ['16', '96', '97', '16', '-2', '3'], g = [4, 24, 24, 4, 0, 1])
2022-02-12 17:14:03,609 INFO: Computing elliptic Chabauty map... (delta = ['-4', '-23', '-23', '-4', '0', '-1'], g = [4, 24, 24, 4, 0, 1])
2022-02-12 17:14:14,173 INFO: Elliptic Chabauty map computed. (delta = ['-4', '-23', '-23', '-4', '0', '-1'], g = [4, 24, 24, 4, 0, 1])
2022-02-12 17:14:14,176 INFO: Tasks complete. Recording data and exiting.
