2022-01-12 09:25:55,584 INFO: Initialized curve data.
2022-01-12 09:25:55,587 INFO: Setting up initial twist data...
2022-01-12 09:25:56,555 INFO: Twist setup complete.
2022-01-12 09:25:56,555 INFO: Searching for rational points on each twist...
2022-01-12 09:25:57,868 INFO: Finished searching for rational points on each twist.
2022-01-12 09:25:57,868 INFO: Testing local solvability of twists...
2022-01-12 09:25:59,759 INFO: Finished local solvability testing.
2022-01-12 09:25:59,760 INFO: Computing elliptic curve a-invariants...
2022-01-12 09:26:04,887 INFO: Finished computation of a-invariants.
2022-01-12 09:26:04,888 INFO: Computing MW group (delta = ['-4', '-11', '1', '27', '8', '-20'], g = [4, 12, 0, -27, -8, 20])...
2022-01-12 09:27:34,791 INFO: Finished MW computation (delta = ['-4', '-11', '1', '27', '8', '-20'], g = [4, 12, 0, -27, -8, 20])
2022-01-12 09:27:34,795 INFO: Skipped MW computation because no base point (delta = ['-1', '0', '1'])
2022-01-12 09:27:34,795 INFO: Computing MW group (delta = ['1'], g = [4, 12, 0, -27, -8, 20])...
2022-01-14 09:10:44,350 INFO: Loaded curve data from file.
2022-01-14 09:10:44,351 INFO: Reducing MW generators...
2022-01-14 09:10:44,531 INFO: Finished reducing MW generators.
2022-01-14 09:10:44,533 INFO: Skipped Chabauty because MW group hasn't been provably computed. (delta = ['-4', '-11', '1', '27', '8', '-20'], g = [4, 12, 0, -27, -8, 20])
2022-01-14 09:10:44,533 INFO: Skipped Chabauty because no base point (delta = ['-1', '0', '1'])
2022-01-14 09:10:44,533 INFO: Skipped Chabauty because MW generators haven't been computed. (delta = ['1'], g = [4, 12, 0, -27, -8, 20])
2022-01-14 09:10:44,533 INFO: Skipped Chabauty because MW generators haven't been computed. (delta = ['4', '11', '-1', '-26', '-7', '20'], g = [4, 12, 0, -27, -8, 20])
2022-01-14 09:10:44,576 INFO: Tasks complete. Recording data and exiting.
2022-02-12 16:46:22,709 INFO: Loaded curve data from file.
2022-02-12 16:46:22,710 INFO: Computing elliptic Chabauty map... (delta = ['-4', '-11', '1', '27', '8', '-20'], g = [4, 12, 0, -27, -8, 20])
2022-02-12 16:46:35,336 INFO: Elliptic Chabauty map computed. (delta = ['-4', '-11', '1', '27', '8', '-20'], g = [4, 12, 0, -27, -8, 20])
2022-02-12 16:46:35,339 INFO: Computing elliptic Chabauty map... (delta = ['1'], g = [4, 12, 0, -27, -8, 20])
2022-02-12 16:46:47,750 INFO: Elliptic Chabauty map computed. (delta = ['1'], g = [4, 12, 0, -27, -8, 20])
2022-02-12 16:46:47,752 INFO: Computing elliptic Chabauty map... (delta = ['4', '11', '-1', '-26', '-7', '20'], g = [4, 12, 0, -27, -8, 20])
2022-02-12 16:47:00,241 INFO: Elliptic Chabauty map computed. (delta = ['4', '11', '-1', '-26', '-7', '20'], g = [4, 12, 0, -27, -8, 20])
2022-02-12 16:47:00,243 INFO: Tasks complete. Recording data and exiting.
