2022-01-01 12:50:59,668 INFO: Initialized curve data.
2022-01-01 12:50:59,671 INFO: Setting up initial twist data...
2022-01-01 12:51:00,657 INFO: Twist setup complete.
2022-01-01 12:51:00,657 INFO: Searching for rational points on each twist...
2022-01-01 12:51:01,608 INFO: Finished searching for rational points on each twist.
2022-01-01 12:51:01,608 INFO: Testing local solvability of twists...
2022-01-01 12:51:09,137 INFO: Finished local solvability testing.
2022-01-01 12:51:09,139 INFO: Computing elliptic curve a-invariants...
2022-01-01 12:51:14,590 INFO: Finished computation of a-invariants.
2022-01-01 12:51:14,592 INFO: Computing MW group (delta = ['8', '0', '-2', '6', '-3', '1'], g = [9, 1, -2, 6, -3, 1])...
2022-01-01 12:52:22,757 INFO: Finished MW computation (delta = ['8', '0', '-2', '6', '-3', '1'], g = [9, 1, -2, 6, -3, 1])
2022-01-01 12:52:22,761 INFO: Obstruction found to provably computing rational points. Exiting.
2022-01-03 13:14:57,000 INFO: Obsolete "loc_solv_error" keys removed.
2022-01-10 22:41:59,008 INFO: Loaded curve data from file.
2022-01-10 22:41:59,008 INFO: Obstruction already found. Exiting.
2022-02-12 16:42:16,443 INFO: Loaded curve data from file.
2022-02-12 16:42:16,444 INFO: Computing elliptic Chabauty map... (delta = ['8', '0', '-2', '6', '-3', '1'], g = [9, 1, -2, 6, -3, 1])
2022-02-12 16:42:30,093 INFO: Elliptic Chabauty map computed. (delta = ['8', '0', '-2', '6', '-3', '1'], g = [9, 1, -2, 6, -3, 1])
2022-02-12 16:42:30,096 INFO: Computing elliptic Chabauty map... (delta = ['1'], g = [9, 1, -2, 6, -3, 1])
2022-02-12 16:42:43,673 INFO: Elliptic Chabauty map computed. (delta = ['1'], g = [9, 1, -2, 6, -3, 1])
2022-02-12 16:42:43,675 INFO: Computing elliptic Chabauty map... (delta = ['0', '1/2', '1'], g = [9, 1, -2, 6, -3, 1])
2022-02-12 16:42:57,268 INFO: Elliptic Chabauty map computed. (delta = ['0', '1/2', '1'], g = [9, 1, -2, 6, -3, 1])
2022-02-12 16:42:57,271 INFO: Tasks complete. Recording data and exiting.
