2022-01-12 09:25:14,927 INFO: Initialized curve data.
2022-01-12 09:25:14,929 INFO: Setting up initial twist data...
2022-01-12 09:25:16,689 INFO: Twist setup complete.
2022-01-12 09:25:16,690 INFO: Searching for rational points on each twist...
2022-01-12 09:25:18,201 INFO: Finished searching for rational points on each twist.
2022-01-12 09:25:18,201 INFO: Testing local solvability of twists...
2022-01-12 09:25:34,547 INFO: Finished local solvability testing.
2022-01-12 09:25:34,549 INFO: Computing elliptic curve a-invariants...
2022-01-12 09:25:41,802 INFO: Finished computation of a-invariants.
2022-01-12 09:25:41,804 INFO: Computing MW group (delta = ['-4', '4', '27', '-3', '-42', '-21'], g = [4, -3, -26, 3, 42, 21])...
2022-01-12 09:48:33,981 INFO: Finished MW computation (delta = ['-4', '4', '27', '-3', '-42', '-21'], g = [4, -3, -26, 3, 42, 21])
2022-01-12 09:48:33,989 INFO: Computing MW group (delta = ['1'], g = [4, -3, -26, 3, 42, 21])...
2022-01-12 10:21:34,940 INFO: Finished MW computation (delta = ['1'], g = [4, -3, -26, 3, 42, 21])
2022-01-12 10:21:34,946 INFO: Skipped MW computation because no base point (delta = ['4/3', '-4/3', '-8', '3', '15', '7'])
2022-01-12 10:21:34,947 INFO: Skipped MW computation because no base point (delta = ['-1/3', '1', '1'])
2022-01-12 10:21:34,950 INFO: Reducing MW generators...
2022-01-12 10:21:37,841 INFO: Finished reducing MW generators.
2022-01-12 10:21:37,844 INFO: Tasks complete. Recording data and exiting.
2022-01-14 09:10:33,679 INFO: Loaded curve data from file.
2022-01-14 09:10:33,680 INFO: Running elliptic Chabauty (delta = ['-4', '4', '27', '-3', '-42', '-21'], g = [4, -3, -26, 3, 42, 21])...
2022-01-14 09:10:58,157 INFO: Chabauty completed successfully (delta = ['-4', '4', '27', '-3', '-42', '-21'], g = [4, -3, -26, 3, 42, 21]).
2022-01-14 09:10:58,160 INFO: Running elliptic Chabauty (delta = ['1'], g = [4, -3, -26, 3, 42, 21])...
2022-01-14 09:11:20,419 INFO: Chabauty completed successfully (delta = ['1'], g = [4, -3, -26, 3, 42, 21]).
2022-01-14 09:11:20,421 INFO: Skipped Chabauty because no base point (delta = ['4/3', '-4/3', '-8', '3', '15', '7'])
2022-01-14 09:11:20,421 INFO: Skipped Chabauty because no base point (delta = ['-1/3', '1', '1'])
2022-01-14 09:11:20,609 INFO: Rational points successfully computed.
2022-01-14 09:11:20,611 INFO: Tasks complete. Recording data and exiting.
2022-02-12 17:14:18,255 INFO: Loaded curve data from file.
2022-02-12 17:14:18,255 INFO: Computing elliptic Chabauty map... (delta = ['-4', '4', '27', '-3', '-42', '-21'], g = [4, -3, -26, 3, 42, 21])
2022-02-12 17:14:35,640 INFO: Elliptic Chabauty map computed. (delta = ['-4', '4', '27', '-3', '-42', '-21'], g = [4, -3, -26, 3, 42, 21])
2022-02-12 17:14:35,643 INFO: Computing elliptic Chabauty map... (delta = ['1'], g = [4, -3, -26, 3, 42, 21])
2022-02-12 17:14:52,799 INFO: Elliptic Chabauty map computed. (delta = ['1'], g = [4, -3, -26, 3, 42, 21])
2022-02-12 17:14:52,801 INFO: Tasks complete. Recording data and exiting.
