2022-01-11 15:10:12,772 INFO: Initialized curve data.
2022-01-11 15:10:12,789 INFO: Setting up initial twist data...
2022-01-11 15:10:14,461 INFO: Twist setup complete.
2022-01-11 15:10:14,461 INFO: Searching for rational points on each twist...
2022-01-11 15:10:17,336 INFO: Finished searching for rational points on each twist.
2022-01-11 15:10:17,336 INFO: Testing local solvability of twists...
2022-01-14 09:07:23,203 INFO: Loaded curve data from file.
2022-01-14 09:07:23,203 INFO: Reducing MW generators...
2022-01-14 09:07:23,203 INFO: Finished reducing MW generators.
2022-01-14 09:07:23,206 INFO: Skipped Chabauty because no base point (delta = ['-4/3', '-40/3', '-133/3', '-62', '-31'])
2022-01-14 09:07:23,206 INFO: Skipped Chabauty because MW generators haven't been computed. (delta = ['-2/3', '-241/24', '-5405/96', '-2315/16', '-5587/32', '-159/2'], g = [1, 1])
2022-01-14 09:07:23,206 INFO: Skipped Chabauty because MW generators haven't been computed. (delta = ['-2/3', '-241/24', '-5405/96', '-2315/16', '-5587/32', '-159/2'], g = [4, 41, 137, 192, 96])
2022-01-14 09:07:23,206 INFO: Skipped Chabauty because MW generators haven't been computed. (delta = ['1'], g = [1, 1])
2022-01-14 09:07:23,206 INFO: Skipped Chabauty because MW generators haven't been computed. (delta = ['1'], g = [4, 41, 137, 192, 96])
2022-01-14 09:07:23,206 INFO: Skipped Chabauty because MW generators haven't been computed. (delta = ['-2', '-30', '-169', '-436', '-527', '-240'], g = [1, 1])
2022-01-14 09:07:23,206 INFO: Skipped Chabauty because MW generators haven't been computed. (delta = ['-2', '-30', '-169', '-436', '-527', '-240'], g = [4, 41, 137, 192, 96])
2022-01-14 09:07:23,206 INFO: Skipped Chabauty because no base point (delta = ['1/2', '7/2', '43/2', '137/2', '96', '48'])
2022-01-14 09:07:23,206 INFO: Skipped Chabauty because no base point (delta = ['1/6', '5/3', '55/6', '76/3', '33', '16'])
2022-01-14 09:07:23,206 INFO: Skipped Chabauty because MW generators haven't been computed. (delta = ['1/3', '1', '1'], g = [1, 1])
2022-01-14 09:07:23,206 INFO: Skipped Chabauty because MW generators haven't been computed. (delta = ['1/3', '1', '1'], g = [4, 41, 137, 192, 96])
2022-01-14 09:07:23,206 INFO: Skipped Chabauty because MW generators haven't been computed. (delta = ['-4', '-40', '-136', '-192', '-96'], g = [1, 1])
2022-01-14 09:07:23,206 INFO: Skipped Chabauty because MW generators haven't been computed. (delta = ['-4', '-40', '-136', '-192', '-96'], g = [4, 41, 137, 192, 96])
2022-01-14 09:07:23,208 INFO: Tasks complete. Recording data and exiting.
2022-02-12 17:09:34,051 INFO: Loaded curve data from file.
2022-02-12 17:09:34,052 INFO: Tasks complete. Recording data and exiting.
