2022-01-14 12:17:25,414 INFO: Initialized curve data.
2022-01-14 12:17:25,418 INFO: Setting up initial twist data...
2022-01-14 12:17:26,958 INFO: Twist setup complete.
2022-01-14 12:17:26,958 INFO: Searching for rational points on each twist...
2022-01-14 12:17:29,106 INFO: Finished searching for rational points on each twist.
2022-01-14 12:17:29,106 INFO: Testing local solvability of twists...
2022-01-14 12:17:34,842 INFO: Finished local solvability testing.
2022-01-14 12:17:34,844 INFO: Computing elliptic curve a-invariants...
2022-01-14 12:17:42,657 INFO: Finished computation of a-invariants.
2022-01-14 12:17:42,659 INFO: Skipped MW computation because no base point (delta = ['4', '-9', '-3', '-1', '-4', '1'])
2022-01-14 12:17:42,659 INFO: Skipped MW computation because no base point (delta = ['1', '-1', '1'])
2022-01-14 12:17:42,659 INFO: Computing MW group (delta = ['4', '-9', '-4', '0', '-4', '1'], g = [4, -8, -4, 0, -4, 1])...
2022-01-14 12:23:23,616 INFO: Finished MW computation (delta = ['4', '-9', '-4', '0', '-4', '1'], g = [4, -8, -4, 0, -4, 1])
2022-01-14 12:23:23,621 INFO: Unable to use elliptic Chabauty on twist (delta = ['4', '-9', '-4', '0', '-4', '1'])
2022-01-14 12:23:23,623 INFO: Obstruction found to provably computing rational points. Exiting.
2022-01-14 15:52:30,827 INFO: Loaded curve data from file.
2022-01-14 15:52:30,828 INFO: Obstruction already found. Exiting.
2022-02-12 17:19:56,604 INFO: Loaded curve data from file.
2022-02-12 17:19:56,605 INFO: Computing elliptic Chabauty map... (delta = ['4', '-9', '-4', '0', '-4', '1'], g = [4, -8, -4, 0, -4, 1])
2022-02-12 17:20:08,940 INFO: Elliptic Chabauty map computed. (delta = ['4', '-9', '-4', '0', '-4', '1'], g = [4, -8, -4, 0, -4, 1])
2022-02-12 17:20:08,942 INFO: Computing elliptic Chabauty map... (delta = ['1'], g = [4, -8, -4, 0, -4, 1])
2022-02-12 17:20:20,974 INFO: Elliptic Chabauty map computed. (delta = ['1'], g = [4, -8, -4, 0, -4, 1])
2022-02-12 17:20:20,975 INFO: Tasks complete. Recording data and exiting.
