2022-01-11 15:10:21,321 INFO: Initialized curve data.
2022-01-11 15:10:21,333 INFO: Setting up initial twist data...
2022-01-11 15:10:22,909 INFO: Twist setup complete.
2022-01-11 15:10:22,909 INFO: Searching for rational points on each twist...
2022-01-11 15:10:24,878 INFO: Finished searching for rational points on each twist.
2022-01-11 15:10:24,878 INFO: Testing local solvability of twists...
2022-01-11 15:10:24,883 INFO: Finished local solvability testing.
2022-01-11 15:10:24,885 INFO: Computing elliptic curve a-invariants...
2022-01-11 15:10:38,460 INFO: Finished computation of a-invariants.
2022-01-11 15:10:38,461 INFO: Computing MW group (delta = ['0', '-2', '11', '-3', '1', '1'], g = [-1, -1, 11, -3, 1, 1])...
2022-01-11 15:12:17,630 INFO: Finished MW computation (delta = ['0', '-2', '11', '-3', '1', '1'], g = [-1, -1, 11, -3, 1, 1])
2022-01-11 15:12:17,633 INFO: Computing MW group (delta = ['8', '7', '-86', '23', '-8', '-8'], g = [-1, -1, 11, -3, 1, 1])...
2022-01-11 15:16:18,945 INFO: Finished MW computation (delta = ['8', '7', '-86', '23', '-8', '-8'], g = [-1, -1, 11, -3, 1, 1])
2022-01-11 15:16:18,947 INFO: Computing MW group (delta = ['1', '0', '-10', '3', '-1', '-1'], g = [-1, -1, 11, -3, 1, 1])...
2022-01-11 15:17:51,002 INFO: Finished MW computation (delta = ['1', '0', '-10', '3', '-1', '-1'], g = [-1, -1, 11, -3, 1, 1])
2022-01-11 15:17:51,004 INFO: Computing MW group (delta = ['1'], g = [-1, -1, 11, -3, 1, 1])...
2022-01-11 15:20:44,121 INFO: Finished MW computation (delta = ['1'], g = [-1, -1, 11, -3, 1, 1])
2022-01-11 15:20:44,128 INFO: Reducing MW generators...
2022-01-11 15:20:48,148 INFO: Finished reducing MW generators.
2022-01-11 15:20:48,150 INFO: Tasks complete. Recording data and exiting.
2022-01-14 09:07:33,944 INFO: Loaded curve data from file.
2022-01-14 09:07:33,945 INFO: Running elliptic Chabauty (delta = ['0', '-2', '11', '-3', '1', '1'], g = [-1, -1, 11, -3, 1, 1])...
2022-01-14 09:07:46,429 INFO: Chabauty completed successfully (delta = ['0', '-2', '11', '-3', '1', '1'], g = [-1, -1, 11, -3, 1, 1]).
2022-01-14 09:07:46,432 INFO: Skipped Chabauty because MW group hasn't been provably computed. (delta = ['8', '7', '-86', '23', '-8', '-8'], g = [-1, -1, 11, -3, 1, 1])
2022-01-14 09:07:46,432 INFO: Skipped Chabauty because MW group hasn't been provably computed. (delta = ['1', '0', '-10', '3', '-1', '-1'], g = [-1, -1, 11, -3, 1, 1])
2022-01-14 09:07:46,432 INFO: Running elliptic Chabauty (delta = ['1'], g = [-1, -1, 11, -3, 1, 1])...
2022-01-14 09:08:23,972 INFO: Chabauty completed successfully (delta = ['1'], g = [-1, -1, 11, -3, 1, 1]).
2022-01-14 09:08:24,055 INFO: Tasks complete. Recording data and exiting.
2022-02-12 17:11:41,233 INFO: Loaded curve data from file.
2022-02-12 17:11:41,233 INFO: Computing elliptic Chabauty map... (delta = ['0', '-2', '11', '-3', '1', '1'], g = [-1, -1, 11, -3, 1, 1])
2022-02-12 17:11:50,701 INFO: Elliptic Chabauty map computed. (delta = ['0', '-2', '11', '-3', '1', '1'], g = [-1, -1, 11, -3, 1, 1])
2022-02-12 17:11:50,704 INFO: Computing elliptic Chabauty map... (delta = ['8', '7', '-86', '23', '-8', '-8'], g = [-1, -1, 11, -3, 1, 1])
2022-02-12 17:12:00,004 INFO: Elliptic Chabauty map computed. (delta = ['8', '7', '-86', '23', '-8', '-8'], g = [-1, -1, 11, -3, 1, 1])
2022-02-12 17:12:00,006 INFO: Computing elliptic Chabauty map... (delta = ['1', '0', '-10', '3', '-1', '-1'], g = [-1, -1, 11, -3, 1, 1])
2022-02-12 17:12:09,060 INFO: Elliptic Chabauty map computed. (delta = ['1', '0', '-10', '3', '-1', '-1'], g = [-1, -1, 11, -3, 1, 1])
2022-02-12 17:12:09,063 INFO: Computing elliptic Chabauty map... (delta = ['1'], g = [-1, -1, 11, -3, 1, 1])
2022-02-12 17:12:18,354 INFO: Elliptic Chabauty map computed. (delta = ['1'], g = [-1, -1, 11, -3, 1, 1])
2022-02-12 17:12:18,358 INFO: Tasks complete. Recording data and exiting.
