2022-01-01 12:50:35,697 INFO: Initialized curve data.
2022-01-01 12:50:35,700 INFO: Setting up initial twist data...
2022-01-01 12:50:37,075 INFO: Twist setup complete.
2022-01-01 12:50:37,075 INFO: Searching for rational points on each twist...
2022-01-01 12:50:38,122 INFO: Finished searching for rational points on each twist.
2022-01-01 12:50:38,122 INFO: Testing local solvability of twists...
2022-01-01 12:50:38,128 INFO: Finished local solvability testing.
2022-01-01 12:50:38,130 INFO: Computing elliptic curve a-invariants...
2022-01-01 12:50:58,602 INFO: Finished computation of a-invariants.
2022-01-01 12:50:58,604 INFO: Computing MW group (delta = ['-1/2', '-1/2', '1'], g = [4, 12, 0, -15, -4, 4])...
2022-01-01 12:52:00,073 INFO: Finished MW computation (delta = ['-1/2', '-1/2', '1'], g = [4, 12, 0, -15, -4, 4])
2022-01-01 12:52:00,078 INFO: Computing MW group (delta = ['4', '11', '0', '-15', '-4', '4'], g = [4, 12, 0, -15, -4, 4])...
2022-01-01 12:53:47,815 INFO: Finished MW computation (delta = ['4', '11', '0', '-15', '-4', '4'], g = [4, 12, 0, -15, -4, 4])
2022-01-01 12:53:47,818 INFO: Computing MW group (delta = ['1'], g = [4, 12, 0, -15, -4, 4])...
2022-01-01 12:54:58,126 INFO: Finished MW computation (delta = ['1'], g = [4, 12, 0, -15, -4, 4])
2022-01-01 12:54:58,129 INFO: Computing MW group (delta = ['-2', '-11/2', '1/2', '13/2', '2', '-2'], g = [4, 12, 0, -15, -4, 4])...
2022-01-01 12:55:51,490 INFO: Finished MW computation (delta = ['-2', '-11/2', '1/2', '13/2', '2', '-2'], g = [4, 12, 0, -15, -4, 4])
2022-01-01 12:55:51,494 INFO: Reducing MW generators...
2022-01-01 12:55:56,448 INFO: Finished reducing MW generators.
2022-01-01 12:55:56,450 INFO: Running elliptic Chabauty (delta = ['-1/2', '-1/2', '1'], g = [4, 12, 0, -15, -4, 4])...
2022-01-01 12:56:23,567 INFO: Chabauty completed successfully (delta = ['-1/2', '-1/2', '1'], g = [4, 12, 0, -15, -4, 4]).
2022-01-01 12:56:23,570 INFO: Running elliptic Chabauty (delta = ['4', '11', '0', '-15', '-4', '4'], g = [4, 12, 0, -15, -4, 4])...
2022-01-01 12:56:40,054 INFO: Chabauty completed successfully (delta = ['4', '11', '0', '-15', '-4', '4'], g = [4, 12, 0, -15, -4, 4]).
2022-01-01 12:56:40,057 INFO: Running elliptic Chabauty (delta = ['1'], g = [4, 12, 0, -15, -4, 4])...
2022-01-01 12:57:00,507 INFO: Chabauty completed successfully (delta = ['1'], g = [4, 12, 0, -15, -4, 4]).
2022-01-01 12:57:00,509 INFO: Running elliptic Chabauty (delta = ['-2', '-11/2', '1/2', '13/2', '2', '-2'], g = [4, 12, 0, -15, -4, 4])...
2022-01-01 12:57:16,189 INFO: Chabauty completed successfully (delta = ['-2', '-11/2', '1/2', '13/2', '2', '-2'], g = [4, 12, 0, -15, -4, 4]).
2022-01-01 12:57:16,501 INFO: Rational points successfully computed.
2022-01-01 12:57:16,504 INFO: Tasks complete. Recording data and exiting.
2022-01-03 13:14:57,000 INFO: Obsolete "loc_solv_error" keys removed.
2022-01-03 13:14:57,000 INFO: Deleted results of Chabauty computation.
2022-01-10 22:38:57,292 INFO: Loaded curve data from file.
2022-01-10 22:38:57,293 INFO: Running elliptic Chabauty (delta = ['-1/2', '-1/2', '1'], g = [4, 12, 0, -15, -4, 4])...
2022-01-10 22:39:21,949 INFO: Chabauty completed successfully (delta = ['-1/2', '-1/2', '1'], g = [4, 12, 0, -15, -4, 4]).
2022-01-10 22:39:21,951 INFO: Running elliptic Chabauty (delta = ['4', '11', '0', '-15', '-4', '4'], g = [4, 12, 0, -15, -4, 4])...
2022-01-10 22:39:37,443 INFO: Chabauty completed successfully (delta = ['4', '11', '0', '-15', '-4', '4'], g = [4, 12, 0, -15, -4, 4]).
2022-01-10 22:39:37,445 INFO: Running elliptic Chabauty (delta = ['1'], g = [4, 12, 0, -15, -4, 4])...
2022-01-10 22:39:56,892 INFO: Chabauty completed successfully (delta = ['1'], g = [4, 12, 0, -15, -4, 4]).
2022-01-10 22:39:56,894 INFO: Running elliptic Chabauty (delta = ['-2', '-11/2', '1/2', '13/2', '2', '-2'], g = [4, 12, 0, -15, -4, 4])...
2022-01-10 22:40:11,673 INFO: Chabauty completed successfully (delta = ['-2', '-11/2', '1/2', '13/2', '2', '-2'], g = [4, 12, 0, -15, -4, 4]).
2022-01-10 22:40:11,900 INFO: Rational points successfully computed.
2022-01-10 22:40:11,901 INFO: Tasks complete. Recording data and exiting.
2022-02-12 17:01:18,351 INFO: Loaded curve data from file.
2022-02-12 17:01:18,351 INFO: Computing elliptic Chabauty map... (delta = ['-1/2', '-1/2', '1'], g = [4, 12, 0, -15, -4, 4])
2022-02-12 17:01:34,842 INFO: Elliptic Chabauty map computed. (delta = ['-1/2', '-1/2', '1'], g = [4, 12, 0, -15, -4, 4])
2022-02-12 17:01:34,846 INFO: Computing elliptic Chabauty map... (delta = ['4', '11', '0', '-15', '-4', '4'], g = [4, 12, 0, -15, -4, 4])
2022-02-12 17:01:51,153 INFO: Elliptic Chabauty map computed. (delta = ['4', '11', '0', '-15', '-4', '4'], g = [4, 12, 0, -15, -4, 4])
2022-02-12 17:01:51,156 INFO: Computing elliptic Chabauty map... (delta = ['1'], g = [4, 12, 0, -15, -4, 4])
2022-02-12 17:02:07,618 INFO: Elliptic Chabauty map computed. (delta = ['1'], g = [4, 12, 0, -15, -4, 4])
2022-02-12 17:02:07,622 INFO: Computing elliptic Chabauty map... (delta = ['-2', '-11/2', '1/2', '13/2', '2', '-2'], g = [4, 12, 0, -15, -4, 4])
2022-02-12 17:02:23,575 INFO: Elliptic Chabauty map computed. (delta = ['-2', '-11/2', '1/2', '13/2', '2', '-2'], g = [4, 12, 0, -15, -4, 4])
2022-02-12 17:02:23,580 INFO: Tasks complete. Recording data and exiting.
