2022-01-12 09:25:18,470 INFO: Initialized curve data.
2022-01-12 09:25:18,473 INFO: Setting up initial twist data...
2022-01-12 09:25:20,058 INFO: Twist setup complete.
2022-01-12 09:25:20,058 INFO: Searching for rational points on each twist...
2022-01-12 09:25:23,923 INFO: Finished searching for rational points on each twist.
2022-01-12 09:25:23,924 INFO: Testing local solvability of twists...
2022-01-12 09:26:13,013 INFO: Finished local solvability testing.
2022-01-12 09:26:13,016 INFO: Computing elliptic curve a-invariants...
2022-01-12 09:26:18,702 INFO: Finished computation of a-invariants.
2022-01-12 09:26:18,705 INFO: Computing MW group (delta = ['12', '-12', '-4', '-2', '4', '1'], g = [-1, 1])...
2022-01-12 09:26:19,021 INFO: Finished MW computation (delta = ['12', '-12', '-4', '-2', '4', '1'], g = [-1, 1])
2022-01-12 09:26:19,024 INFO: Computing MW group (delta = ['12', '-12', '-4', '-2', '4', '1'], g = [-12, -1, 3, 5, 1])...
2022-01-14 09:10:38,754 INFO: Loaded curve data from file.
2022-01-14 09:10:38,755 INFO: Reducing MW generators...
2022-01-14 09:10:38,803 INFO: Finished reducing MW generators.
2022-01-14 09:10:38,806 INFO: Skipped Chabauty because rank >= degree(g). (delta = ['12', '-12', '-4', '-2', '4', '1'], g = [-1, 1])
2022-01-14 09:10:38,806 INFO: Skipped Chabauty because MW generators haven't been computed. (delta = ['12', '-12', '-4', '-2', '4', '1'], g = [-12, -1, 3, 5, 1])
2022-01-14 09:10:38,806 INFO: Skipped Chabauty because MW generators haven't been computed. (delta = ['2', '-2', '2/3', '-4/3', '2/3', '1/6'], g = [-1, 1])
2022-01-14 09:10:38,806 INFO: Skipped Chabauty because MW generators haven't been computed. (delta = ['2', '-2', '2/3', '-4/3', '2/3', '1/6'], g = [-12, -1, 3, 5, 1])
2022-01-14 09:10:38,806 INFO: Skipped Chabauty because no base point (delta = ['24', '-20', '-23/3', '-6', '19/2', '5/6'])
2022-01-14 09:10:38,806 INFO: Skipped Chabauty because no base point (delta = ['1/6', '-4/3', '1'])
2022-01-14 09:10:38,806 INFO: Skipped Chabauty because MW generators haven't been computed. (delta = ['144', '-144', '-48', '-22', '53', '13'], g = [-1, 1])
2022-01-14 09:10:38,806 INFO: Skipped Chabauty because MW generators haven't been computed. (delta = ['144', '-144', '-48', '-22', '53', '13'], g = [-12, -1, 3, 5, 1])
2022-01-14 09:10:38,806 INFO: Skipped Chabauty because MW generators haven't been computed. (delta = ['12', '0', '-2', '-5', '-1'], g = [-1, 1])
2022-01-14 09:10:38,806 INFO: Skipped Chabauty because MW generators haven't been computed. (delta = ['12', '0', '-2', '-5', '-1'], g = [-12, -1, 3, 5, 1])
2022-01-14 09:10:38,806 INFO: Skipped Chabauty because MW generators haven't been computed. (delta = ['1'], g = [-1, 1])
2022-01-14 09:10:38,806 INFO: Skipped Chabauty because MW generators haven't been computed. (delta = ['1'], g = [-12, -1, 3, 5, 1])
2022-01-14 09:10:38,806 INFO: Skipped Chabauty because no base point (delta = ['2', '-4', '2/3', '-13/6', '5/2', '1/3'])
2022-01-14 09:10:38,926 INFO: Tasks complete. Recording data and exiting.
2022-02-12 17:24:17,958 INFO: Loaded curve data from file.
2022-02-12 17:24:17,958 INFO: Computing elliptic Chabauty map... (delta = ['12', '-12', '-4', '-2', '4', '1'], g = [-1, 1])
2022-02-12 17:24:28,530 INFO: Elliptic Chabauty map computed. (delta = ['12', '-12', '-4', '-2', '4', '1'], g = [-1, 1])
2022-02-12 17:24:28,534 INFO: Computing elliptic Chabauty map... (delta = ['12', '-12', '-4', '-2', '4', '1'], g = [-12, -1, 3, 5, 1])
2022-02-12 17:24:41,304 INFO: Elliptic Chabauty map computed. (delta = ['12', '-12', '-4', '-2', '4', '1'], g = [-12, -1, 3, 5, 1])
2022-02-12 17:24:41,307 INFO: Computing elliptic Chabauty map... (delta = ['2', '-2', '2/3', '-4/3', '2/3', '1/6'], g = [-1, 1])
2022-02-12 17:24:51,976 INFO: Elliptic Chabauty map computed. (delta = ['2', '-2', '2/3', '-4/3', '2/3', '1/6'], g = [-1, 1])
2022-02-12 17:24:51,979 INFO: Computing elliptic Chabauty map... (delta = ['2', '-2', '2/3', '-4/3', '2/3', '1/6'], g = [-12, -1, 3, 5, 1])
2022-02-12 17:25:04,791 INFO: Elliptic Chabauty map computed. (delta = ['2', '-2', '2/3', '-4/3', '2/3', '1/6'], g = [-12, -1, 3, 5, 1])
2022-02-12 17:25:04,794 INFO: Computing elliptic Chabauty map... (delta = ['144', '-144', '-48', '-22', '53', '13'], g = [-1, 1])
2022-02-12 17:25:15,256 INFO: Elliptic Chabauty map computed. (delta = ['144', '-144', '-48', '-22', '53', '13'], g = [-1, 1])
2022-02-12 17:25:15,260 INFO: Computing elliptic Chabauty map... (delta = ['144', '-144', '-48', '-22', '53', '13'], g = [-12, -1, 3, 5, 1])
2022-02-12 17:25:28,087 INFO: Elliptic Chabauty map computed. (delta = ['144', '-144', '-48', '-22', '53', '13'], g = [-12, -1, 3, 5, 1])
2022-02-12 17:25:28,091 INFO: Computing elliptic Chabauty map... (delta = ['12', '0', '-2', '-5', '-1'], g = [-1, 1])
2022-02-12 17:25:38,647 INFO: Elliptic Chabauty map computed. (delta = ['12', '0', '-2', '-5', '-1'], g = [-1, 1])
2022-02-12 17:25:38,652 INFO: Computing elliptic Chabauty map... (delta = ['12', '0', '-2', '-5', '-1'], g = [-12, -1, 3, 5, 1])
2022-02-12 17:25:51,404 INFO: Elliptic Chabauty map computed. (delta = ['12', '0', '-2', '-5', '-1'], g = [-12, -1, 3, 5, 1])
2022-02-12 17:25:51,409 INFO: Computing elliptic Chabauty map... (delta = ['1'], g = [-1, 1])
2022-02-12 17:26:01,987 INFO: Elliptic Chabauty map computed. (delta = ['1'], g = [-1, 1])
2022-02-12 17:26:01,991 INFO: Computing elliptic Chabauty map... (delta = ['1'], g = [-12, -1, 3, 5, 1])
2022-02-12 17:26:14,870 INFO: Elliptic Chabauty map computed. (delta = ['1'], g = [-12, -1, 3, 5, 1])
2022-02-12 17:26:14,875 INFO: Tasks complete. Recording data and exiting.
