2022-01-11 15:19:07,568 INFO: Initialized curve data.
2022-01-11 15:19:07,572 INFO: Setting up initial twist data...
2022-01-11 15:19:08,910 INFO: Twist setup complete.
2022-01-11 15:19:08,910 INFO: Searching for rational points on each twist...
2022-01-11 15:19:10,903 INFO: Finished searching for rational points on each twist.
2022-01-11 15:19:10,903 INFO: Testing local solvability of twists...
2022-01-11 15:19:17,715 INFO: Finished local solvability testing.
2022-01-11 15:19:17,716 INFO: Computing elliptic curve a-invariants...
2022-01-11 15:19:25,038 INFO: Finished computation of a-invariants.
2022-01-11 15:19:25,040 INFO: Computing MW group (delta = ['4', '0', '4', '6', '-4', '1'], g = [4, 1, 4, 6, -4, 1])...
2022-01-14 09:07:45,651 INFO: Loaded curve data from file.
2022-01-14 09:07:45,651 INFO: Reducing MW generators...
2022-01-14 09:07:45,651 INFO: Finished reducing MW generators.
2022-01-14 09:07:45,654 INFO: Skipped Chabauty because MW generators haven't been computed. (delta = ['4', '0', '4', '6', '-4', '1'], g = [4, 1, 4, 6, -4, 1])
2022-01-14 09:07:45,654 INFO: Skipped Chabauty because no base point (delta = ['-1', '-1'])
2022-01-14 09:07:45,654 INFO: Skipped Chabauty because MW generators haven't been computed. (delta = ['-4', '0', '-3', '-6', '4', '-1'], g = [4, 1, 4, 6, -4, 1])
2022-01-14 09:07:45,654 INFO: Skipped Chabauty because MW generators haven't been computed. (delta = ['1'], g = [4, 1, 4, 6, -4, 1])
2022-01-14 09:07:45,707 INFO: Tasks complete. Recording data and exiting.
2022-02-12 17:12:49,268 INFO: Loaded curve data from file.
2022-02-12 17:12:49,268 INFO: Computing elliptic Chabauty map... (delta = ['4', '0', '4', '6', '-4', '1'], g = [4, 1, 4, 6, -4, 1])
2022-02-12 17:13:03,198 INFO: Elliptic Chabauty map computed. (delta = ['4', '0', '4', '6', '-4', '1'], g = [4, 1, 4, 6, -4, 1])
2022-02-12 17:13:03,201 INFO: Computing elliptic Chabauty map... (delta = ['-4', '0', '-3', '-6', '4', '-1'], g = [4, 1, 4, 6, -4, 1])
2022-02-12 17:13:16,929 INFO: Elliptic Chabauty map computed. (delta = ['-4', '0', '-3', '-6', '4', '-1'], g = [4, 1, 4, 6, -4, 1])
2022-02-12 17:13:16,931 INFO: Computing elliptic Chabauty map... (delta = ['1'], g = [4, 1, 4, 6, -4, 1])
2022-02-12 17:13:30,617 INFO: Elliptic Chabauty map computed. (delta = ['1'], g = [4, 1, 4, 6, -4, 1])
2022-02-12 17:13:30,619 INFO: Tasks complete. Recording data and exiting.
