2022-01-13 21:54:58,074 INFO: Initialized curve data.
2022-01-13 21:54:58,077 INFO: Setting up initial twist data...
2022-01-13 21:54:59,495 INFO: Twist setup complete.
2022-01-13 21:54:59,495 INFO: Searching for rational points on each twist...
2022-01-13 21:55:01,374 INFO: Finished searching for rational points on each twist.
2022-01-13 21:55:01,374 INFO: Testing local solvability of twists...
2022-01-13 21:55:03,268 INFO: Finished local solvability testing.
2022-01-13 21:55:03,269 INFO: Computing elliptic curve a-invariants...
2022-01-13 21:55:10,920 INFO: Finished computation of a-invariants.
2022-01-13 21:55:10,921 INFO: Skipped MW computation because no base point (delta = ['1/2', '1', '1'])
2022-01-13 21:55:10,921 INFO: Computing MW group (delta = ['1/4', '3/4', '3/2', '3/2', '1'], g = [-4, -12, -24, -17, -4, 12])...
2022-01-14 11:35:22,812 INFO: Loaded curve data from file.
2022-01-14 11:35:22,812 INFO: Reducing MW generators...
2022-01-14 11:35:22,812 INFO: Finished reducing MW generators.
2022-01-14 11:35:22,814 INFO: Skipped Chabauty because no base point (delta = ['1/2', '1', '1'])
2022-01-14 11:35:22,815 INFO: Skipped Chabauty because MW generators haven't been computed. (delta = ['1/4', '3/4', '3/2', '3/2', '1'], g = [-4, -12, -24, -17, -4, 12])
2022-01-14 11:35:22,815 INFO: Skipped Chabauty because MW generators haven't been computed. (delta = ['1'], g = [-4, -12, -24, -17, -4, 12])
2022-01-14 11:35:22,815 INFO: Skipped Chabauty because MW generators haven't been computed. (delta = ['1/2', '1/2', '1'], g = [-4, -12, -24, -17, -4, 12])
2022-01-14 11:35:22,864 INFO: Tasks complete. Recording data and exiting.
2022-02-12 16:41:35,895 INFO: Loaded curve data from file.
2022-02-12 16:41:35,896 INFO: Computing elliptic Chabauty map... (delta = ['1/4', '3/4', '3/2', '3/2', '1'], g = [-4, -12, -24, -17, -4, 12])
2022-02-12 16:41:50,271 INFO: Elliptic Chabauty map computed. (delta = ['1/4', '3/4', '3/2', '3/2', '1'], g = [-4, -12, -24, -17, -4, 12])
2022-02-12 16:41:50,273 INFO: Computing elliptic Chabauty map... (delta = ['1'], g = [-4, -12, -24, -17, -4, 12])
2022-02-12 16:42:04,189 INFO: Elliptic Chabauty map computed. (delta = ['1'], g = [-4, -12, -24, -17, -4, 12])
2022-02-12 16:42:04,191 INFO: Computing elliptic Chabauty map... (delta = ['1/2', '1/2', '1'], g = [-4, -12, -24, -17, -4, 12])
2022-02-12 16:42:18,566 INFO: Elliptic Chabauty map computed. (delta = ['1/2', '1/2', '1'], g = [-4, -12, -24, -17, -4, 12])
2022-02-12 16:42:18,569 INFO: Tasks complete. Recording data and exiting.
