2022-01-12 09:25:02,825 INFO: Initialized curve data.
2022-01-12 09:25:02,858 INFO: Setting up initial twist data...
2022-01-12 09:25:04,729 INFO: Twist setup complete.
2022-01-12 09:25:04,729 INFO: Searching for rational points on each twist...
2022-01-12 09:25:06,540 INFO: Finished searching for rational points on each twist.
2022-01-12 09:25:06,540 INFO: Testing local solvability of twists...
2022-01-12 09:25:13,005 INFO: Finished local solvability testing.
2022-01-12 09:25:13,006 INFO: Computing elliptic curve a-invariants...
2022-01-12 09:25:19,552 INFO: Finished computation of a-invariants.
2022-01-12 09:25:19,553 INFO: Computing MW group (delta = ['2/7', '15/14', '1'], g = [4, 0, -52, -7, 270, 281])...
2022-01-14 09:10:21,816 INFO: Loaded curve data from file.
2022-01-14 09:10:21,816 INFO: Reducing MW generators...
2022-01-14 09:10:21,816 INFO: Finished reducing MW generators.
2022-01-14 09:10:21,817 INFO: Skipped Chabauty because MW generators haven't been computed. (delta = ['2/7', '15/14', '1'], g = [4, 0, -52, -7, 270, 281])
2022-01-14 09:10:21,817 INFO: Skipped Chabauty because no base point (delta = ['-1/5', '1/5', '1'])
2022-01-14 09:10:21,818 INFO: Skipped Chabauty because MW generators haven't been computed. (delta = ['-2/35', '-11/70', '3/10', '89/70', '1'], g = [4, 0, -52, -7, 270, 281])
2022-01-14 09:10:21,818 INFO: Skipped Chabauty because MW generators haven't been computed. (delta = ['1'], g = [4, 0, -52, -7, 270, 281])
2022-01-14 09:10:21,867 INFO: Tasks complete. Recording data and exiting.
2022-02-12 17:24:13,824 INFO: Loaded curve data from file.
2022-02-12 17:24:13,824 INFO: Computing elliptic Chabauty map... (delta = ['2/7', '15/14', '1'], g = [4, 0, -52, -7, 270, 281])
2022-02-12 17:24:27,609 INFO: Elliptic Chabauty map computed. (delta = ['2/7', '15/14', '1'], g = [4, 0, -52, -7, 270, 281])
2022-02-12 17:24:27,611 INFO: Computing elliptic Chabauty map... (delta = ['-2/35', '-11/70', '3/10', '89/70', '1'], g = [4, 0, -52, -7, 270, 281])
2022-02-12 17:24:41,174 INFO: Elliptic Chabauty map computed. (delta = ['-2/35', '-11/70', '3/10', '89/70', '1'], g = [4, 0, -52, -7, 270, 281])
2022-02-12 17:24:41,176 INFO: Computing elliptic Chabauty map... (delta = ['1'], g = [4, 0, -52, -7, 270, 281])
2022-02-12 17:24:54,527 INFO: Elliptic Chabauty map computed. (delta = ['1'], g = [4, 0, -52, -7, 270, 281])
2022-02-12 17:24:54,529 INFO: Tasks complete. Recording data and exiting.
