2022-01-11 12:29:27,805 INFO: Initialized curve data.
2022-01-11 12:29:27,811 INFO: Setting up initial twist data...
2022-01-11 12:29:29,009 INFO: Twist setup complete.
2022-01-11 12:29:29,009 INFO: Searching for rational points on each twist...
2022-01-11 12:29:31,510 INFO: Finished searching for rational points on each twist.
2022-01-11 12:29:31,511 INFO: Testing local solvability of twists...
2022-01-11 12:30:17,144 INFO: Finished local solvability testing.
2022-01-11 12:30:17,145 INFO: Computing elliptic curve a-invariants...
2022-01-11 12:30:29,139 INFO: Finished computation of a-invariants.
2022-01-11 12:30:29,140 INFO: Computing MW group (delta = ['-115', '35', '39', '-13', '-3', '1'], g = [-112, 36, 39, -13, -3, 1])...
2022-01-13 17:36:50,817 INFO: Loaded curve data from file.
2022-01-13 17:36:50,817 INFO: Reducing MW generators...
2022-01-13 17:36:50,818 INFO: Finished reducing MW generators.
2022-01-13 17:36:50,835 INFO: Skipped Chabauty because MW generators haven't been computed. (delta = ['-115', '35', '39', '-13', '-3', '1'], g = [-112, 36, 39, -13, -3, 1])
2022-01-13 17:36:50,836 INFO: Skipped Chabauty because no base point (delta = ['-10', '-1/2', '1'])
2022-01-13 17:36:50,836 INFO: Skipped Chabauty because MW generators haven't been computed. (delta = ['-26', '59/2', '17', '-15/2', '-3/2', '1/2'], g = [-112, 36, 39, -13, -3, 1])
2022-01-13 17:36:50,836 INFO: Skipped Chabauty because MW generators haven't been computed. (delta = ['1'], g = [-112, 36, 39, -13, -3, 1])
2022-01-13 17:36:50,893 INFO: Tasks complete. Recording data and exiting.
2022-02-12 17:55:33,516 INFO: Loaded curve data from file.
2022-02-12 17:55:33,516 INFO: Computing elliptic Chabauty map... (delta = ['-115', '35', '39', '-13', '-3', '1'], g = [-112, 36, 39, -13, -3, 1])
2022-02-12 17:55:41,789 INFO: Elliptic Chabauty map computed. (delta = ['-115', '35', '39', '-13', '-3', '1'], g = [-112, 36, 39, -13, -3, 1])
2022-02-12 17:55:41,792 INFO: Computing elliptic Chabauty map... (delta = ['-26', '59/2', '17', '-15/2', '-3/2', '1/2'], g = [-112, 36, 39, -13, -3, 1])
2022-02-12 17:55:50,483 INFO: Elliptic Chabauty map computed. (delta = ['-26', '59/2', '17', '-15/2', '-3/2', '1/2'], g = [-112, 36, 39, -13, -3, 1])
2022-02-12 17:55:50,485 INFO: Computing elliptic Chabauty map... (delta = ['1'], g = [-112, 36, 39, -13, -3, 1])
2022-02-12 17:55:58,485 INFO: Elliptic Chabauty map computed. (delta = ['1'], g = [-112, 36, 39, -13, -3, 1])
2022-02-12 17:55:58,487 INFO: Tasks complete. Recording data and exiting.
