2022-01-13 21:54:35,287 INFO: Initialized curve data.
2022-01-13 21:54:35,289 INFO: Setting up initial twist data...
2022-01-13 21:54:36,223 INFO: Twist setup complete.
2022-01-13 21:54:36,223 INFO: Searching for rational points on each twist...
2022-01-13 21:54:37,741 INFO: Finished searching for rational points on each twist.
2022-01-13 21:54:37,741 INFO: Testing local solvability of twists...
2022-01-13 21:54:41,574 INFO: Finished local solvability testing.
2022-01-13 21:54:41,576 INFO: Computing elliptic curve a-invariants...
2022-01-13 21:54:51,287 INFO: Finished computation of a-invariants.
2022-01-13 21:54:51,291 INFO: Computing MW group (delta = ['-4', '-3', '1', '3', '8', '4'], g = [-4, -4, 0, 3, 8, 4])...
2022-01-13 21:56:24,886 INFO: Finished MW computation (delta = ['-4', '-3', '1', '3', '8', '4'], g = [-4, -4, 0, 3, 8, 4])
2022-01-13 21:56:24,892 INFO: Computing MW group (delta = ['4', '3', '0', '-1', '-7', '-4'], g = [-4, -4, 0, 3, 8, 4])...
2022-01-13 22:00:15,722 INFO: Finished MW computation (delta = ['4', '3', '0', '-1', '-7', '-4'], g = [-4, -4, 0, 3, 8, 4])
2022-01-13 22:00:15,727 INFO: Computing MW group (delta = ['1'], g = [-4, -4, 0, 3, 8, 4])...
2022-01-13 22:02:04,503 INFO: Finished MW computation (delta = ['1'], g = [-4, -4, 0, 3, 8, 4])
2022-01-13 22:02:04,508 INFO: Skipped MW computation because no base point (delta = ['-1', '1', '1'])
2022-01-13 22:02:04,511 INFO: Reducing MW generators...
2022-01-13 22:02:07,252 INFO: Finished reducing MW generators.
2022-01-13 22:02:07,255 INFO: Tasks complete. Recording data and exiting.
2022-01-14 11:35:09,949 INFO: Loaded curve data from file.
2022-01-14 11:35:09,950 INFO: Running elliptic Chabauty (delta = ['-4', '-3', '1', '3', '8', '4'], g = [-4, -4, 0, 3, 8, 4])...
2022-01-14 11:35:40,266 INFO: Chabauty completed successfully (delta = ['-4', '-3', '1', '3', '8', '4'], g = [-4, -4, 0, 3, 8, 4]).
2022-01-14 11:35:40,281 INFO: Running elliptic Chabauty (delta = ['4', '3', '0', '-1', '-7', '-4'], g = [-4, -4, 0, 3, 8, 4])...
2022-01-14 11:36:01,299 INFO: Chabauty completed successfully (delta = ['4', '3', '0', '-1', '-7', '-4'], g = [-4, -4, 0, 3, 8, 4]).
2022-01-14 11:36:01,302 INFO: Skipped Chabauty because MW group hasn't been provably computed. (delta = ['1'], g = [-4, -4, 0, 3, 8, 4])
2022-01-14 11:36:01,302 INFO: Skipped Chabauty because no base point (delta = ['-1', '1', '1'])
2022-01-14 11:36:01,416 INFO: Tasks complete. Recording data and exiting.
2022-02-12 17:15:32,007 INFO: Loaded curve data from file.
2022-02-12 17:15:32,007 INFO: Computing elliptic Chabauty map... (delta = ['-4', '-3', '1', '3', '8', '4'], g = [-4, -4, 0, 3, 8, 4])
2022-02-12 17:15:46,148 INFO: Elliptic Chabauty map computed. (delta = ['-4', '-3', '1', '3', '8', '4'], g = [-4, -4, 0, 3, 8, 4])
2022-02-12 17:15:46,151 INFO: Computing elliptic Chabauty map... (delta = ['4', '3', '0', '-1', '-7', '-4'], g = [-4, -4, 0, 3, 8, 4])
2022-02-12 17:16:00,200 INFO: Elliptic Chabauty map computed. (delta = ['4', '3', '0', '-1', '-7', '-4'], g = [-4, -4, 0, 3, 8, 4])
2022-02-12 17:16:00,203 INFO: Computing elliptic Chabauty map... (delta = ['1'], g = [-4, -4, 0, 3, 8, 4])
2022-02-12 17:16:14,242 INFO: Elliptic Chabauty map computed. (delta = ['1'], g = [-4, -4, 0, 3, 8, 4])
2022-02-12 17:16:14,244 INFO: Tasks complete. Recording data and exiting.
