2022-01-01 10:40:30,567 INFO: Initialized curve data.
2022-01-01 10:40:30,571 INFO: Setting up initial twist data...
2022-01-01 10:40:31,794 INFO: Twist setup complete.
2022-01-01 10:40:31,794 INFO: Searching for rational points on each twist...
2022-01-01 10:40:32,919 INFO: Finished searching for rational points on each twist.
2022-01-01 10:40:32,919 INFO: Testing local solvability of twists...
2022-01-01 10:40:32,925 INFO: Finished local solvability testing.
2022-01-01 10:40:32,926 INFO: Computing elliptic curve a-invariants...
2022-01-01 10:40:46,605 INFO: Finished computation of a-invariants.
2022-01-01 10:40:46,606 INFO: Computing MW group (delta = ['-2', '-1', '1'], g = [8, 12, 4, -4, -2, 1])...
2022-01-01 10:40:57,317 INFO: Finished MW computation (delta = ['-2', '-1', '1'], g = [8, 12, 4, -4, -2, 1])
2022-01-01 10:40:57,319 INFO: Computing MW group (delta = ['6', '11', '4', '-4', '-2', '1'], g = [8, 12, 4, -4, -2, 1])...
2022-01-01 10:42:07,706 INFO: Finished MW computation (delta = ['6', '11', '4', '-4', '-2', '1'], g = [8, 12, 4, -4, -2, 1])
2022-01-01 10:42:07,709 INFO: Computing MW group (delta = ['1'], g = [8, 12, 4, -4, -2, 1])...
2022-01-01 10:42:53,562 INFO: Finished MW computation (delta = ['1'], g = [8, 12, 4, -4, -2, 1])
2022-01-01 10:42:53,564 INFO: Computing MW group (delta = ['36', '52', '15', '-17', '-8', '4'], g = [8, 12, 4, -4, -2, 1])...
2022-01-01 10:43:14,772 INFO: Finished MW computation (delta = ['36', '52', '15', '-17', '-8', '4'], g = [8, 12, 4, -4, -2, 1])
2022-01-01 10:43:14,775 INFO: Reducing MW generators...
2022-01-01 10:43:18,615 INFO: Finished reducing MW generators.
2022-01-01 10:43:18,617 INFO: Running elliptic Chabauty (delta = ['-2', '-1', '1'], g = [8, 12, 4, -4, -2, 1])...
2022-01-01 10:43:28,906 INFO: Chabauty completed successfully (delta = ['-2', '-1', '1'], g = [8, 12, 4, -4, -2, 1]).
2022-01-01 10:43:28,908 INFO: Running elliptic Chabauty (delta = ['6', '11', '4', '-4', '-2', '1'], g = [8, 12, 4, -4, -2, 1])...
2022-01-01 10:45:00,509 INFO: Chabauty completed successfully (delta = ['6', '11', '4', '-4', '-2', '1'], g = [8, 12, 4, -4, -2, 1]).
2022-01-01 10:45:00,511 INFO: Running elliptic Chabauty (delta = ['1'], g = [8, 12, 4, -4, -2, 1])...
2022-01-01 10:46:43,500 INFO: Chabauty completed successfully (delta = ['1'], g = [8, 12, 4, -4, -2, 1]).
2022-01-01 10:46:43,504 INFO: Running elliptic Chabauty (delta = ['36', '52', '15', '-17', '-8', '4'], g = [8, 12, 4, -4, -2, 1])...
2022-01-01 10:46:56,296 INFO: Chabauty completed successfully (delta = ['36', '52', '15', '-17', '-8', '4'], g = [8, 12, 4, -4, -2, 1]).
2022-01-01 10:46:56,516 INFO: Rational points successfully computed.
2022-01-01 10:46:56,518 INFO: Tasks complete. Recording data and exiting.
2022-01-03 13:14:58,000 INFO: Obsolete "loc_solv_error" keys removed.
2022-01-03 13:14:58,000 INFO: Deleted results of Chabauty computation.
2022-01-10 22:39:04,160 INFO: Loaded curve data from file.
2022-01-10 22:39:04,161 INFO: Running elliptic Chabauty (delta = ['-2', '-1', '1'], g = [8, 12, 4, -4, -2, 1])...
2022-01-10 22:39:12,312 INFO: Chabauty completed successfully (delta = ['-2', '-1', '1'], g = [8, 12, 4, -4, -2, 1]).
2022-01-10 22:39:12,315 INFO: Running elliptic Chabauty (delta = ['6', '11', '4', '-4', '-2', '1'], g = [8, 12, 4, -4, -2, 1])...
2022-01-10 22:40:21,194 INFO: Chabauty completed successfully (delta = ['6', '11', '4', '-4', '-2', '1'], g = [8, 12, 4, -4, -2, 1]).
2022-01-10 22:40:21,196 INFO: Running elliptic Chabauty (delta = ['1'], g = [8, 12, 4, -4, -2, 1])...
2022-01-10 22:41:43,317 INFO: Chabauty completed successfully (delta = ['1'], g = [8, 12, 4, -4, -2, 1]).
2022-01-10 22:41:43,320 INFO: Running elliptic Chabauty (delta = ['36', '52', '15', '-17', '-8', '4'], g = [8, 12, 4, -4, -2, 1])...
2022-01-10 22:41:53,137 INFO: Chabauty completed successfully (delta = ['36', '52', '15', '-17', '-8', '4'], g = [8, 12, 4, -4, -2, 1]).
2022-01-10 22:41:53,341 INFO: Rational points successfully computed.
2022-01-10 22:41:53,344 INFO: Tasks complete. Recording data and exiting.
2022-02-12 17:37:58,316 INFO: Loaded curve data from file.
2022-02-12 17:37:58,316 INFO: Computing elliptic Chabauty map... (delta = ['-2', '-1', '1'], g = [8, 12, 4, -4, -2, 1])
2022-02-12 17:38:08,246 INFO: Elliptic Chabauty map computed. (delta = ['-2', '-1', '1'], g = [8, 12, 4, -4, -2, 1])
2022-02-12 17:38:08,250 INFO: Computing elliptic Chabauty map... (delta = ['6', '11', '4', '-4', '-2', '1'], g = [8, 12, 4, -4, -2, 1])
2022-02-12 17:38:18,156 INFO: Elliptic Chabauty map computed. (delta = ['6', '11', '4', '-4', '-2', '1'], g = [8, 12, 4, -4, -2, 1])
2022-02-12 17:38:18,160 INFO: Computing elliptic Chabauty map... (delta = ['1'], g = [8, 12, 4, -4, -2, 1])
2022-02-12 17:38:28,568 INFO: Elliptic Chabauty map computed. (delta = ['1'], g = [8, 12, 4, -4, -2, 1])
2022-02-12 17:38:28,572 INFO: Computing elliptic Chabauty map... (delta = ['36', '52', '15', '-17', '-8', '4'], g = [8, 12, 4, -4, -2, 1])
2022-02-12 17:38:38,427 INFO: Elliptic Chabauty map computed. (delta = ['36', '52', '15', '-17', '-8', '4'], g = [8, 12, 4, -4, -2, 1])
2022-02-12 17:38:38,432 INFO: Tasks complete. Recording data and exiting.
