2022-01-11 15:10:12,618 INFO: Initialized curve data.
2022-01-11 15:10:12,623 INFO: Setting up initial twist data...
2022-01-11 15:10:13,723 INFO: Twist setup complete.
2022-01-11 15:10:13,723 INFO: Searching for rational points on each twist...
2022-01-11 15:10:15,516 INFO: Finished searching for rational points on each twist.
2022-01-11 15:10:15,516 INFO: Testing local solvability of twists...
2022-01-11 15:10:15,527 INFO: Finished local solvability testing.
2022-01-11 15:10:15,528 INFO: Computing elliptic curve a-invariants...
2022-01-11 15:10:22,001 INFO: Finished computation of a-invariants.
2022-01-11 15:10:22,003 INFO: Computing MW group (delta = ['-8', '14', '-7', '-3', '3', '1'], g = [-7, 15, -7, -3, 3, 1])...
2022-01-11 15:12:29,468 INFO: Finished MW computation (delta = ['-8', '14', '-7', '-3', '3', '1'], g = [-7, 15, -7, -3, 3, 1])
2022-01-11 15:12:29,471 INFO: Unable to use elliptic Chabauty on twist (delta = ['-8', '14', '-7', '-3', '3', '1'])
2022-01-11 15:12:29,474 INFO: Obstruction found to provably computing rational points. Exiting.
2022-01-14 09:07:22,624 INFO: Loaded curve data from file.
2022-01-14 09:07:22,624 INFO: Obstruction already found. Exiting.
2022-02-12 17:28:00,904 INFO: Loaded curve data from file.
2022-02-12 17:28:00,904 INFO: Computing elliptic Chabauty map... (delta = ['-8', '14', '-7', '-3', '3', '1'], g = [-7, 15, -7, -3, 3, 1])
2022-02-12 17:28:11,222 INFO: Elliptic Chabauty map computed. (delta = ['-8', '14', '-7', '-3', '3', '1'], g = [-7, 15, -7, -3, 3, 1])
2022-02-12 17:28:11,225 INFO: Computing elliptic Chabauty map... (delta = ['1', '-1'], g = [-7, 15, -7, -3, 3, 1])
2022-02-12 17:28:21,330 INFO: Elliptic Chabauty map computed. (delta = ['1', '-1'], g = [-7, 15, -7, -3, 3, 1])
2022-02-12 17:28:21,333 INFO: Computing elliptic Chabauty map... (delta = ['1'], g = [-7, 15, -7, -3, 3, 1])
2022-02-12 17:28:31,363 INFO: Elliptic Chabauty map computed. (delta = ['1'], g = [-7, 15, -7, -3, 3, 1])
2022-02-12 17:28:31,366 INFO: Computing elliptic Chabauty map... (delta = ['-15', '30', '-13', '-6', '6', '2'], g = [-7, 15, -7, -3, 3, 1])
2022-02-12 17:28:41,424 INFO: Elliptic Chabauty map computed. (delta = ['-15', '30', '-13', '-6', '6', '2'], g = [-7, 15, -7, -3, 3, 1])
2022-02-12 17:28:41,427 INFO: Tasks complete. Recording data and exiting.
