2022-01-14 12:17:27,431 INFO: Initialized curve data.
2022-01-14 12:17:27,436 INFO: Setting up initial twist data...
2022-01-14 12:17:29,373 INFO: Twist setup complete.
2022-01-14 12:17:29,373 INFO: Searching for rational points on each twist...
2022-01-14 12:17:31,371 INFO: Finished searching for rational points on each twist.
2022-01-14 12:17:31,372 INFO: Testing local solvability of twists...
2022-01-14 12:17:51,936 INFO: Finished local solvability testing.
2022-01-14 12:17:51,939 INFO: Computing elliptic curve a-invariants...
2022-01-14 12:17:59,793 INFO: Finished computation of a-invariants.
2022-01-14 12:17:59,796 INFO: Skipped MW computation because no base point (delta = ['-2', '0', '55/2', '-48', '7', '20'])
2022-01-14 12:17:59,796 INFO: Computing MW group (delta = ['2', '0', '-28', '97/2', '-6', '-20'], g = [-4, -1, 58, -97, 12, 40])...
2022-01-14 12:43:07,229 INFO: Finished MW computation (delta = ['2', '0', '-28', '97/2', '-6', '-20'], g = [-4, -1, 58, -97, 12, 40])
2022-01-14 12:43:07,236 INFO: Computing MW group (delta = ['1'], g = [-4, -1, 58, -97, 12, 40])...
2022-01-14 14:46:49,095 INFO: Finished MW computation (delta = ['1'], g = [-4, -1, 58, -97, 12, 40])
2022-01-14 14:46:49,106 INFO: Skipped MW computation because no base point (delta = ['-1', '1', '1'])
2022-01-14 14:46:49,108 INFO: Reducing MW generators...
2022-01-14 14:46:50,580 INFO: Finished reducing MW generators.
2022-01-14 14:46:50,583 INFO: Tasks complete. Recording data and exiting.
2022-01-14 15:52:30,915 INFO: Loaded curve data from file.
2022-01-14 15:52:30,915 INFO: Skipped Chabauty because no base point (delta = ['-2', '0', '55/2', '-48', '7', '20'])
2022-01-14 15:52:30,915 INFO: Running elliptic Chabauty (delta = ['2', '0', '-28', '97/2', '-6', '-20'], g = [-4, -1, 58, -97, 12, 40])...
2022-01-14 15:52:47,931 INFO: Chabauty completed successfully (delta = ['2', '0', '-28', '97/2', '-6', '-20'], g = [-4, -1, 58, -97, 12, 40]).
2022-01-14 15:52:47,934 INFO: Skipped Chabauty because MW group hasn't been provably computed. (delta = ['1'], g = [-4, -1, 58, -97, 12, 40])
2022-01-14 15:52:47,934 INFO: Skipped Chabauty because no base point (delta = ['-1', '1', '1'])
2022-01-14 15:52:48,053 INFO: Tasks complete. Recording data and exiting.
2022-02-12 17:14:29,804 INFO: Loaded curve data from file.
2022-02-12 17:14:29,804 INFO: Computing elliptic Chabauty map... (delta = ['2', '0', '-28', '97/2', '-6', '-20'], g = [-4, -1, 58, -97, 12, 40])
2022-02-12 17:14:46,551 INFO: Elliptic Chabauty map computed. (delta = ['2', '0', '-28', '97/2', '-6', '-20'], g = [-4, -1, 58, -97, 12, 40])
2022-02-12 17:14:46,554 INFO: Computing elliptic Chabauty map... (delta = ['1'], g = [-4, -1, 58, -97, 12, 40])
2022-02-12 17:15:03,055 INFO: Elliptic Chabauty map computed. (delta = ['1'], g = [-4, -1, 58, -97, 12, 40])
2022-02-12 17:15:03,058 INFO: Tasks complete. Recording data and exiting.
