2022-01-13 21:54:55,520 INFO: Initialized curve data.
2022-01-13 21:54:55,523 INFO: Setting up initial twist data...
2022-01-13 21:54:56,307 INFO: Twist setup complete.
2022-01-13 21:54:56,307 INFO: Searching for rational points on each twist...
2022-01-13 21:54:57,589 INFO: Finished searching for rational points on each twist.
2022-01-13 21:54:57,589 INFO: Testing local solvability of twists...
2022-01-13 21:55:00,254 INFO: Finished local solvability testing.
2022-01-13 21:55:00,255 INFO: Computing elliptic curve a-invariants...
2022-01-13 21:55:04,774 INFO: Finished computation of a-invariants.
2022-01-13 21:55:04,776 INFO: Skipped MW computation because no base point (delta = ['-1', '0', '1'])
2022-01-13 21:55:04,776 INFO: Computing MW group (delta = ['4', '3', '-1', '5', '9', '5'], g = [4, 4, 0, 4, 8, 5])...
2022-01-13 22:05:10,712 INFO: Finished MW computation (delta = ['4', '3', '-1', '5', '9', '5'], g = [4, 4, 0, 4, 8, 5])
2022-01-13 22:05:10,714 INFO: Computing MW group (delta = ['-4', '-3', '1', '-4', '-8', '-5'], g = [4, 4, 0, 4, 8, 5])...
2022-01-13 22:14:24,641 INFO: Finished MW computation (delta = ['-4', '-3', '1', '-4', '-8', '-5'], g = [4, 4, 0, 4, 8, 5])
2022-01-13 22:14:24,643 INFO: Computing MW group (delta = ['1'], g = [4, 4, 0, 4, 8, 5])...
2022-01-13 22:29:25,265 INFO: Finished MW computation (delta = ['1'], g = [4, 4, 0, 4, 8, 5])
2022-01-13 22:29:25,269 INFO: Reducing MW generators...
2022-01-13 22:29:27,226 INFO: Finished reducing MW generators.
2022-01-13 22:29:27,228 INFO: Tasks complete. Recording data and exiting.
2022-01-14 11:35:34,221 INFO: Loaded curve data from file.
2022-01-14 11:35:34,222 INFO: Skipped Chabauty because no base point (delta = ['-1', '0', '1'])
2022-01-14 11:35:34,222 INFO: Running elliptic Chabauty (delta = ['4', '3', '-1', '5', '9', '5'], g = [4, 4, 0, 4, 8, 5])...
2022-01-14 11:35:48,009 INFO: Chabauty completed successfully (delta = ['4', '3', '-1', '5', '9', '5'], g = [4, 4, 0, 4, 8, 5]).
2022-01-14 11:35:48,011 INFO: Running elliptic Chabauty (delta = ['-4', '-3', '1', '-4', '-8', '-5'], g = [4, 4, 0, 4, 8, 5])...
2022-01-14 11:35:56,818 INFO: Chabauty completed successfully (delta = ['-4', '-3', '1', '-4', '-8', '-5'], g = [4, 4, 0, 4, 8, 5]).
2022-01-14 11:35:56,819 INFO: Running elliptic Chabauty (delta = ['1'], g = [4, 4, 0, 4, 8, 5])...
2022-01-14 11:36:06,799 INFO: Chabauty completed successfully (delta = ['1'], g = [4, 4, 0, 4, 8, 5]).
2022-01-14 11:36:06,936 INFO: Rational points successfully computed.
2022-01-14 11:36:06,938 INFO: Tasks complete. Recording data and exiting.
2022-02-12 16:51:02,988 INFO: Loaded curve data from file.
2022-02-12 16:51:02,988 INFO: Computing elliptic Chabauty map... (delta = ['4', '3', '-1', '5', '9', '5'], g = [4, 4, 0, 4, 8, 5])
2022-02-12 16:51:15,099 INFO: Elliptic Chabauty map computed. (delta = ['4', '3', '-1', '5', '9', '5'], g = [4, 4, 0, 4, 8, 5])
2022-02-12 16:51:15,102 INFO: Computing elliptic Chabauty map... (delta = ['-4', '-3', '1', '-4', '-8', '-5'], g = [4, 4, 0, 4, 8, 5])
2022-02-12 16:51:26,777 INFO: Elliptic Chabauty map computed. (delta = ['-4', '-3', '1', '-4', '-8', '-5'], g = [4, 4, 0, 4, 8, 5])
2022-02-12 16:51:26,779 INFO: Computing elliptic Chabauty map... (delta = ['1'], g = [4, 4, 0, 4, 8, 5])
2022-02-12 16:51:38,491 INFO: Elliptic Chabauty map computed. (delta = ['1'], g = [4, 4, 0, 4, 8, 5])
2022-02-12 16:51:38,494 INFO: Tasks complete. Recording data and exiting.
