2022-01-11 12:29:19,263 INFO: Initialized curve data.
2022-01-11 12:29:19,267 INFO: Setting up initial twist data...
2022-01-11 12:29:20,089 INFO: Twist setup complete.
2022-01-11 12:29:20,089 INFO: Searching for rational points on each twist...
2022-01-11 12:29:21,403 INFO: Finished searching for rational points on each twist.
2022-01-11 12:29:21,403 INFO: Testing local solvability of twists...
2022-01-11 12:29:21,408 INFO: Finished local solvability testing.
2022-01-11 12:29:21,409 INFO: Computing elliptic curve a-invariants...
2022-01-11 12:29:32,933 INFO: Finished computation of a-invariants.
2022-01-11 12:29:32,934 INFO: Computing MW group (delta = ['4', '8', '-3', '6', '0', '1'], g = [4, 9, -4, 6, 0, 1])...
2022-01-11 12:30:15,480 INFO: Finished MW computation (delta = ['4', '8', '-3', '6', '0', '1'], g = [4, 9, -4, 6, 0, 1])
2022-01-11 12:30:15,481 INFO: Computing MW group (delta = ['1', '-1'], g = [4, 9, -4, 6, 0, 1])...
2022-01-11 12:31:07,177 INFO: Finished MW computation (delta = ['1', '-1'], g = [4, 9, -4, 6, 0, 1])
2022-01-11 12:31:07,180 INFO: Computing MW group (delta = ['1'], g = [4, 9, -4, 6, 0, 1])...
2022-01-11 12:32:02,534 INFO: Finished MW computation (delta = ['1'], g = [4, 9, -4, 6, 0, 1])
2022-01-11 12:32:02,538 INFO: Computing MW group (delta = ['4', '8', '-4', '6', '0', '1'], g = [4, 9, -4, 6, 0, 1])...
2022-01-11 12:32:55,464 INFO: Finished MW computation (delta = ['4', '8', '-4', '6', '0', '1'], g = [4, 9, -4, 6, 0, 1])
2022-01-11 12:32:55,467 INFO: Reducing MW generators...
2022-01-11 12:32:59,833 INFO: Finished reducing MW generators.
2022-01-11 12:32:59,836 INFO: Tasks complete. Recording data and exiting.
2022-01-13 17:36:41,259 INFO: Loaded curve data from file.
2022-01-13 17:36:41,260 INFO: Running elliptic Chabauty (delta = ['4', '8', '-3', '6', '0', '1'], g = [4, 9, -4, 6, 0, 1])...
2022-01-13 17:36:50,266 INFO: Chabauty completed successfully (delta = ['4', '8', '-3', '6', '0', '1'], g = [4, 9, -4, 6, 0, 1]).
2022-01-13 17:36:50,268 INFO: Running elliptic Chabauty (delta = ['1', '-1'], g = [4, 9, -4, 6, 0, 1])...
2022-01-13 17:37:06,046 INFO: Chabauty completed successfully (delta = ['1', '-1'], g = [4, 9, -4, 6, 0, 1]).
2022-01-13 17:37:06,048 INFO: Running elliptic Chabauty (delta = ['1'], g = [4, 9, -4, 6, 0, 1])...
2022-01-13 17:40:00,898 INFO: Chabauty completed successfully (delta = ['1'], g = [4, 9, -4, 6, 0, 1]).
2022-01-13 17:40:00,901 INFO: Running elliptic Chabauty (delta = ['4', '8', '-4', '6', '0', '1'], g = [4, 9, -4, 6, 0, 1])...
2022-01-13 17:40:26,727 INFO: Chabauty completed successfully (delta = ['4', '8', '-4', '6', '0', '1'], g = [4, 9, -4, 6, 0, 1]).
2022-01-13 17:40:26,938 INFO: Rational points successfully computed.
2022-01-13 17:40:26,942 INFO: Tasks complete. Recording data and exiting.
2022-02-12 17:54:45,631 INFO: Loaded curve data from file.
2022-02-12 17:54:45,632 INFO: Computing elliptic Chabauty map... (delta = ['4', '8', '-3', '6', '0', '1'], g = [4, 9, -4, 6, 0, 1])
2022-02-12 17:54:55,273 INFO: Elliptic Chabauty map computed. (delta = ['4', '8', '-3', '6', '0', '1'], g = [4, 9, -4, 6, 0, 1])
2022-02-12 17:54:55,276 INFO: Computing elliptic Chabauty map... (delta = ['1', '-1'], g = [4, 9, -4, 6, 0, 1])
2022-02-12 17:55:04,261 INFO: Elliptic Chabauty map computed. (delta = ['1', '-1'], g = [4, 9, -4, 6, 0, 1])
2022-02-12 17:55:04,264 INFO: Computing elliptic Chabauty map... (delta = ['1'], g = [4, 9, -4, 6, 0, 1])
2022-02-12 17:55:13,356 INFO: Elliptic Chabauty map computed. (delta = ['1'], g = [4, 9, -4, 6, 0, 1])
2022-02-12 17:55:13,359 INFO: Computing elliptic Chabauty map... (delta = ['4', '8', '-4', '6', '0', '1'], g = [4, 9, -4, 6, 0, 1])
2022-02-12 17:55:22,661 INFO: Elliptic Chabauty map computed. (delta = ['4', '8', '-4', '6', '0', '1'], g = [4, 9, -4, 6, 0, 1])
2022-02-12 17:55:22,665 INFO: Tasks complete. Recording data and exiting.
