2022-01-12 09:25:06,048 INFO: Initialized curve data.
2022-01-12 09:25:06,051 INFO: Setting up initial twist data...
2022-01-12 09:25:07,308 INFO: Twist setup complete.
2022-01-12 09:25:07,308 INFO: Searching for rational points on each twist...
2022-01-12 09:25:09,144 INFO: Finished searching for rational points on each twist.
2022-01-12 09:25:09,145 INFO: Testing local solvability of twists...
2022-01-12 09:25:09,150 INFO: Finished local solvability testing.
2022-01-12 09:25:09,152 INFO: Computing elliptic curve a-invariants...
2022-01-12 09:25:25,715 INFO: Finished computation of a-invariants.
2022-01-12 09:25:25,716 INFO: Computing MW group (delta = ['2', '-13/2', '5/2', '-1/2', '1', '1/2'], g = [4, -12, 0, 1, 2, 1])...
2022-01-12 10:14:01,568 INFO: Finished MW computation (delta = ['2', '-13/2', '5/2', '-1/2', '1', '1/2'], g = [4, -12, 0, 1, 2, 1])
2022-01-12 10:14:01,573 INFO: Unable to use elliptic Chabauty on twist (delta = ['2', '-13/2', '5/2', '-1/2', '1', '1/2'])
2022-01-12 10:14:01,574 INFO: Obstruction found to provably computing rational points. Exiting.
2022-01-14 09:10:26,243 INFO: Loaded curve data from file.
2022-01-14 09:10:26,243 INFO: Obstruction already found. Exiting.
2022-02-12 17:07:55,224 INFO: Loaded curve data from file.
2022-02-12 17:07:55,224 INFO: Computing elliptic Chabauty map... (delta = ['2', '-13/2', '5/2', '-1/2', '1', '1/2'], g = [4, -12, 0, 1, 2, 1])
2022-02-12 17:08:09,434 INFO: Elliptic Chabauty map computed. (delta = ['2', '-13/2', '5/2', '-1/2', '1', '1/2'], g = [4, -12, 0, 1, 2, 1])
2022-02-12 17:08:09,436 INFO: Computing elliptic Chabauty map... (delta = ['1'], g = [4, -12, 0, 1, 2, 1])
2022-02-12 17:08:23,484 INFO: Elliptic Chabauty map computed. (delta = ['1'], g = [4, -12, 0, 1, 2, 1])
2022-02-12 17:08:23,486 INFO: Computing elliptic Chabauty map... (delta = ['1/2', '-5/2', '1'], g = [4, -12, 0, 1, 2, 1])
2022-02-12 17:08:37,519 INFO: Elliptic Chabauty map computed. (delta = ['1/2', '-5/2', '1'], g = [4, -12, 0, 1, 2, 1])
2022-02-12 17:08:37,522 INFO: Computing elliptic Chabauty map... (delta = ['4', '-13', '0', '1', '2', '1'], g = [4, -12, 0, 1, 2, 1])
2022-02-12 17:08:51,717 INFO: Elliptic Chabauty map computed. (delta = ['4', '-13', '0', '1', '2', '1'], g = [4, -12, 0, 1, 2, 1])
2022-02-12 17:08:51,720 INFO: Tasks complete. Recording data and exiting.
