2022-01-11 12:34:55,270 INFO: Initialized curve data.
2022-01-11 12:34:55,272 INFO: Setting up initial twist data...
2022-01-11 12:34:56,830 INFO: Twist setup complete.
2022-01-11 12:34:56,830 INFO: Searching for rational points on each twist...
2022-01-11 12:35:01,239 INFO: Finished searching for rational points on each twist.
2022-01-11 12:35:01,240 INFO: Testing local solvability of twists...
2022-01-11 12:35:01,245 INFO: Finished local solvability testing.
2022-01-11 12:35:01,247 INFO: Computing elliptic curve a-invariants...
2022-01-11 12:35:21,560 INFO: Finished computation of a-invariants.
2022-01-11 12:35:21,563 INFO: Computing MW group (delta = ['27', '-2', '-5', '-6', '1', '1'], g = [12, -4, -1, -5, 1, 1])...
2022-01-11 12:44:36,193 INFO: Finished MW computation (delta = ['27', '-2', '-5', '-6', '1', '1'], g = [12, -4, -1, -5, 1, 1])
2022-01-11 12:44:36,196 INFO: Computing MW group (delta = ['9', '-5', '-1', '-5', '1', '1'], g = [12, -4, -1, -5, 1, 1])...
2022-01-11 12:46:52,982 INFO: Finished MW computation (delta = ['9', '-5', '-1', '-5', '1', '1'], g = [12, -4, -1, -5, 1, 1])
2022-01-11 12:46:52,985 INFO: Computing MW group (delta = ['-5', '1', '1'], g = [12, -4, -1, -5, 1, 1])...
2022-01-11 12:56:18,746 INFO: Finished MW computation (delta = ['-5', '1', '1'], g = [12, -4, -1, -5, 1, 1])
2022-01-11 12:56:18,749 INFO: Computing MW group (delta = ['1'], g = [12, -4, -1, -5, 1, 1])...
2022-01-11 13:01:06,662 INFO: Finished MW computation (delta = ['1'], g = [12, -4, -1, -5, 1, 1])
2022-01-11 13:01:06,666 INFO: Reducing MW generators...
2022-01-11 13:01:09,625 INFO: Finished reducing MW generators.
2022-01-11 13:01:09,627 INFO: Tasks complete. Recording data and exiting.
2022-01-13 17:36:59,564 INFO: Loaded curve data from file.
2022-01-13 17:36:59,565 INFO: Running elliptic Chabauty (delta = ['27', '-2', '-5', '-6', '1', '1'], g = [12, -4, -1, -5, 1, 1])...
2022-01-13 17:37:39,475 INFO: Chabauty completed successfully (delta = ['27', '-2', '-5', '-6', '1', '1'], g = [12, -4, -1, -5, 1, 1]).
2022-01-13 17:37:39,477 INFO: Running elliptic Chabauty (delta = ['9', '-5', '-1', '-5', '1', '1'], g = [12, -4, -1, -5, 1, 1])...
2022-01-13 17:37:56,364 INFO: Chabauty completed successfully (delta = ['9', '-5', '-1', '-5', '1', '1'], g = [12, -4, -1, -5, 1, 1]).
2022-01-13 17:37:56,366 INFO: Running elliptic Chabauty (delta = ['-5', '1', '1'], g = [12, -4, -1, -5, 1, 1])...
2022-01-13 17:38:14,697 INFO: Chabauty completed successfully (delta = ['-5', '1', '1'], g = [12, -4, -1, -5, 1, 1]).
2022-01-13 17:38:14,699 INFO: Running elliptic Chabauty (delta = ['1'], g = [12, -4, -1, -5, 1, 1])...
2022-01-13 17:38:31,639 INFO: Chabauty completed successfully (delta = ['1'], g = [12, -4, -1, -5, 1, 1]).
2022-01-13 17:38:31,905 INFO: Rational points successfully computed.
2022-01-13 17:38:31,908 INFO: Tasks complete. Recording data and exiting.
2022-02-12 17:41:36,263 INFO: Loaded curve data from file.
2022-02-12 17:41:36,264 INFO: Computing elliptic Chabauty map... (delta = ['27', '-2', '-5', '-6', '1', '1'], g = [12, -4, -1, -5, 1, 1])
2022-02-12 17:41:51,871 INFO: Elliptic Chabauty map computed. (delta = ['27', '-2', '-5', '-6', '1', '1'], g = [12, -4, -1, -5, 1, 1])
2022-02-12 17:41:51,874 INFO: Computing elliptic Chabauty map... (delta = ['9', '-5', '-1', '-5', '1', '1'], g = [12, -4, -1, -5, 1, 1])
2022-02-12 17:42:07,177 INFO: Elliptic Chabauty map computed. (delta = ['9', '-5', '-1', '-5', '1', '1'], g = [12, -4, -1, -5, 1, 1])
2022-02-12 17:42:07,179 INFO: Computing elliptic Chabauty map... (delta = ['-5', '1', '1'], g = [12, -4, -1, -5, 1, 1])
2022-02-12 17:42:22,762 INFO: Elliptic Chabauty map computed. (delta = ['-5', '1', '1'], g = [12, -4, -1, -5, 1, 1])
2022-02-12 17:42:22,765 INFO: Computing elliptic Chabauty map... (delta = ['1'], g = [12, -4, -1, -5, 1, 1])
2022-02-12 17:42:38,194 INFO: Elliptic Chabauty map computed. (delta = ['1'], g = [12, -4, -1, -5, 1, 1])
2022-02-12 17:42:38,197 INFO: Tasks complete. Recording data and exiting.
