2022-01-14 12:17:24,974 INFO: Initialized curve data.
2022-01-14 12:17:24,979 INFO: Setting up initial twist data...
2022-01-14 12:17:26,609 INFO: Twist setup complete.
2022-01-14 12:17:26,609 INFO: Searching for rational points on each twist...
2022-01-14 12:17:28,561 INFO: Finished searching for rational points on each twist.
2022-01-14 12:17:28,561 INFO: Testing local solvability of twists...
2022-01-14 12:17:48,237 INFO: Finished local solvability testing.
2022-01-14 12:17:48,239 INFO: Computing elliptic curve a-invariants...
2022-01-14 12:17:54,787 INFO: Finished computation of a-invariants.
2022-01-14 12:17:54,790 INFO: Computing MW group (delta = ['4', '-16', '26', '-13', '2', '1'], g = [4, -15, 26, -13, 2, 1])...
2022-01-14 12:19:43,790 INFO: Finished MW computation (delta = ['4', '-16', '26', '-13', '2', '1'], g = [4, -15, 26, -13, 2, 1])
2022-01-14 12:19:43,795 INFO: Computing MW group (delta = ['1'], g = [4, -15, 26, -13, 2, 1])...
2022-01-14 15:52:26,401 INFO: Loaded curve data from file.
2022-01-14 15:52:26,402 INFO: Reducing MW generators...
2022-01-14 15:52:26,777 INFO: Finished reducing MW generators.
2022-01-14 15:52:26,779 INFO: Skipped Chabauty because MW group hasn't been provably computed. (delta = ['4', '-16', '26', '-13', '2', '1'], g = [4, -15, 26, -13, 2, 1])
2022-01-14 15:52:26,779 INFO: Skipped Chabauty because MW generators haven't been computed. (delta = ['1'], g = [4, -15, 26, -13, 2, 1])
2022-01-14 15:52:26,779 INFO: Skipped Chabauty because no base point (delta = ['1/2', '-1'])
2022-01-14 15:52:26,779 INFO: Skipped Chabauty because MW generators haven't been computed. (delta = ['2', '-8', '14', '-13/2', '1', '1/2'], g = [4, -15, 26, -13, 2, 1])
2022-01-14 15:52:26,815 INFO: Tasks complete. Recording data and exiting.
2022-02-12 16:44:21,567 INFO: Loaded curve data from file.
2022-02-12 16:44:21,567 INFO: Computing elliptic Chabauty map... (delta = ['4', '-16', '26', '-13', '2', '1'], g = [4, -15, 26, -13, 2, 1])
2022-02-12 16:44:34,750 INFO: Elliptic Chabauty map computed. (delta = ['4', '-16', '26', '-13', '2', '1'], g = [4, -15, 26, -13, 2, 1])
2022-02-12 16:44:34,753 INFO: Computing elliptic Chabauty map... (delta = ['1'], g = [4, -15, 26, -13, 2, 1])
2022-02-12 16:44:47,787 INFO: Elliptic Chabauty map computed. (delta = ['1'], g = [4, -15, 26, -13, 2, 1])
2022-02-12 16:44:47,789 INFO: Computing elliptic Chabauty map... (delta = ['2', '-8', '14', '-13/2', '1', '1/2'], g = [4, -15, 26, -13, 2, 1])
2022-02-12 16:45:00,845 INFO: Elliptic Chabauty map computed. (delta = ['2', '-8', '14', '-13/2', '1', '1/2'], g = [4, -15, 26, -13, 2, 1])
2022-02-12 16:45:00,847 INFO: Tasks complete. Recording data and exiting.
