2022-01-11 12:29:14,279 INFO: Initialized curve data.
2022-01-11 12:29:14,282 INFO: Setting up initial twist data...
2022-01-11 12:29:15,154 INFO: Twist setup complete.
2022-01-11 12:29:15,154 INFO: Searching for rational points on each twist...
2022-01-11 12:29:16,515 INFO: Finished searching for rational points on each twist.
2022-01-11 12:29:16,516 INFO: Testing local solvability of twists...
2022-01-11 12:29:19,691 INFO: Finished local solvability testing.
2022-01-11 12:29:19,693 INFO: Computing elliptic curve a-invariants...
2022-01-11 12:29:25,472 INFO: Finished computation of a-invariants.
2022-01-11 12:29:25,474 INFO: Computing MW group (delta = ['1', '0', '1'], g = [-4, 5, -4, 8, 0, 4])...
2022-01-11 12:31:36,886 INFO: Finished MW computation (delta = ['1', '0', '1'], g = [-4, 5, -4, 8, 0, 4])
2022-01-11 12:31:36,889 INFO: Skipped MW computation because no base point (delta = ['-4', '4', '-4', '7', '0', '4'])
2022-01-11 12:31:36,889 INFO: Computing MW group (delta = ['1'], g = [-4, 5, -4, 8, 0, 4])...
2022-01-11 12:34:38,750 INFO: Finished MW computation (delta = ['1'], g = [-4, 5, -4, 8, 0, 4])
2022-01-11 12:34:38,759 INFO: Computing MW group (delta = ['-4', '4', '-4', '8', '0', '4'], g = [-4, 5, -4, 8, 0, 4])...
2022-01-11 12:36:39,707 INFO: Finished MW computation (delta = ['-4', '4', '-4', '8', '0', '4'], g = [-4, 5, -4, 8, 0, 4])
2022-01-11 12:36:39,712 INFO: Reducing MW generators...
2022-01-11 12:36:42,383 INFO: Finished reducing MW generators.
2022-01-11 12:36:42,385 INFO: Tasks complete. Recording data and exiting.
2022-01-13 17:36:34,136 INFO: Loaded curve data from file.
2022-01-13 17:36:34,136 INFO: Running elliptic Chabauty (delta = ['1', '0', '1'], g = [-4, 5, -4, 8, 0, 4])...
2022-01-13 17:36:44,777 INFO: Chabauty completed successfully (delta = ['1', '0', '1'], g = [-4, 5, -4, 8, 0, 4]).
2022-01-13 17:36:44,779 INFO: Skipped Chabauty because no base point (delta = ['-4', '4', '-4', '7', '0', '4'])
2022-01-13 17:36:44,779 INFO: Running elliptic Chabauty (delta = ['1'], g = [-4, 5, -4, 8, 0, 4])...
2022-01-13 17:36:59,901 INFO: Chabauty completed successfully (delta = ['1'], g = [-4, 5, -4, 8, 0, 4]).
2022-01-13 17:36:59,902 INFO: Running elliptic Chabauty (delta = ['-4', '4', '-4', '8', '0', '4'], g = [-4, 5, -4, 8, 0, 4])...
2022-01-13 17:37:08,353 INFO: Chabauty completed successfully (delta = ['-4', '4', '-4', '8', '0', '4'], g = [-4, 5, -4, 8, 0, 4]).
2022-01-13 17:37:08,582 INFO: Rational points successfully computed.
2022-01-13 17:37:08,584 INFO: Tasks complete. Recording data and exiting.
2022-02-12 17:53:07,240 INFO: Loaded curve data from file.
2022-02-12 17:53:07,241 INFO: Computing elliptic Chabauty map... (delta = ['1', '0', '1'], g = [-4, 5, -4, 8, 0, 4])
2022-02-12 17:53:15,843 INFO: Elliptic Chabauty map computed. (delta = ['1', '0', '1'], g = [-4, 5, -4, 8, 0, 4])
2022-02-12 17:53:15,846 INFO: Computing elliptic Chabauty map... (delta = ['1'], g = [-4, 5, -4, 8, 0, 4])
2022-02-12 17:53:24,057 INFO: Elliptic Chabauty map computed. (delta = ['1'], g = [-4, 5, -4, 8, 0, 4])
2022-02-12 17:53:24,060 INFO: Computing elliptic Chabauty map... (delta = ['-4', '4', '-4', '8', '0', '4'], g = [-4, 5, -4, 8, 0, 4])
2022-02-12 17:53:32,278 INFO: Elliptic Chabauty map computed. (delta = ['-4', '4', '-4', '8', '0', '4'], g = [-4, 5, -4, 8, 0, 4])
2022-02-12 17:53:32,281 INFO: Tasks complete. Recording data and exiting.
