2022-01-11 15:18:00,648 INFO: Initialized curve data.
2022-01-11 15:18:00,653 INFO: Setting up initial twist data...
2022-01-11 15:18:01,672 INFO: Twist setup complete.
2022-01-11 15:18:01,672 INFO: Searching for rational points on each twist...
2022-01-11 15:18:03,317 INFO: Finished searching for rational points on each twist.
2022-01-11 15:18:03,317 INFO: Testing local solvability of twists...
2022-01-11 15:18:03,323 INFO: Finished local solvability testing.
2022-01-11 15:18:03,324 INFO: Computing elliptic curve a-invariants...
2022-01-11 15:18:12,518 INFO: Finished computation of a-invariants.
2022-01-11 15:18:12,520 INFO: Computing MW group (delta = ['-8', '-9', '0', '5', '2', '1'], g = [-8, -8, 0, 5, 2, 1])...
2022-01-11 15:19:06,972 INFO: Finished MW computation (delta = ['-8', '-9', '0', '5', '2', '1'], g = [-8, -8, 0, 5, 2, 1])
2022-01-11 15:19:06,976 INFO: Computing MW group (delta = ['-1', '-1'], g = [-8, -8, 0, 5, 2, 1])...
2022-01-11 15:19:34,199 INFO: Finished MW computation (delta = ['-1', '-1'], g = [-8, -8, 0, 5, 2, 1])
2022-01-11 15:19:34,201 INFO: Computing MW group (delta = ['1'], g = [-8, -8, 0, 5, 2, 1])...
2022-01-11 15:19:58,397 INFO: Finished MW computation (delta = ['1'], g = [-8, -8, 0, 5, 2, 1])
2022-01-11 15:19:58,400 INFO: Computing MW group (delta = ['8', '9', '1', '-5', '-2', '-1'], g = [-8, -8, 0, 5, 2, 1])...
2022-01-11 15:20:37,337 INFO: Finished MW computation (delta = ['8', '9', '1', '-5', '-2', '-1'], g = [-8, -8, 0, 5, 2, 1])
2022-01-11 15:20:37,341 INFO: Reducing MW generators...
2022-01-11 15:20:39,693 INFO: Finished reducing MW generators.
2022-01-11 15:20:39,695 INFO: Tasks complete. Recording data and exiting.
2022-01-14 09:07:44,125 INFO: Loaded curve data from file.
2022-01-14 09:07:44,126 INFO: Skipped Chabauty because MW group hasn't been provably computed. (delta = ['-8', '-9', '0', '5', '2', '1'], g = [-8, -8, 0, 5, 2, 1])
2022-01-14 09:07:44,126 INFO: Running elliptic Chabauty (delta = ['-1', '-1'], g = [-8, -8, 0, 5, 2, 1])...
2022-01-14 09:07:54,690 INFO: Chabauty completed successfully (delta = ['-1', '-1'], g = [-8, -8, 0, 5, 2, 1]).
2022-01-14 09:07:54,701 INFO: Running elliptic Chabauty (delta = ['1'], g = [-8, -8, 0, 5, 2, 1])...
2022-01-14 09:08:06,130 INFO: Chabauty completed successfully (delta = ['1'], g = [-8, -8, 0, 5, 2, 1]).
2022-01-14 09:08:06,169 INFO: Running elliptic Chabauty (delta = ['8', '9', '1', '-5', '-2', '-1'], g = [-8, -8, 0, 5, 2, 1])...
2022-01-14 09:08:16,439 INFO: Chabauty completed successfully (delta = ['8', '9', '1', '-5', '-2', '-1'], g = [-8, -8, 0, 5, 2, 1]).
2022-01-14 09:08:16,542 INFO: Tasks complete. Recording data and exiting.
2022-02-12 16:39:28,154 INFO: Loaded curve data from file.
2022-02-12 16:39:28,154 INFO: Computing elliptic Chabauty map... (delta = ['-8', '-9', '0', '5', '2', '1'], g = [-8, -8, 0, 5, 2, 1])
2022-02-12 16:39:40,530 INFO: Elliptic Chabauty map computed. (delta = ['-8', '-9', '0', '5', '2', '1'], g = [-8, -8, 0, 5, 2, 1])
2022-02-12 16:39:40,533 INFO: Computing elliptic Chabauty map... (delta = ['-1', '-1'], g = [-8, -8, 0, 5, 2, 1])
2022-02-12 16:39:52,721 INFO: Elliptic Chabauty map computed. (delta = ['-1', '-1'], g = [-8, -8, 0, 5, 2, 1])
2022-02-12 16:39:52,724 INFO: Computing elliptic Chabauty map... (delta = ['1'], g = [-8, -8, 0, 5, 2, 1])
2022-02-12 16:40:04,867 INFO: Elliptic Chabauty map computed. (delta = ['1'], g = [-8, -8, 0, 5, 2, 1])
2022-02-12 16:40:04,869 INFO: Computing elliptic Chabauty map... (delta = ['8', '9', '1', '-5', '-2', '-1'], g = [-8, -8, 0, 5, 2, 1])
2022-02-12 16:40:17,162 INFO: Elliptic Chabauty map computed. (delta = ['8', '9', '1', '-5', '-2', '-1'], g = [-8, -8, 0, 5, 2, 1])
2022-02-12 16:40:17,165 INFO: Tasks complete. Recording data and exiting.
