2022-01-01 12:50:47,589 INFO: Initialized curve data.
2022-01-01 12:50:47,592 INFO: Setting up initial twist data...
2022-01-01 12:50:48,691 INFO: Twist setup complete.
2022-01-01 12:50:48,691 INFO: Searching for rational points on each twist...
2022-01-01 12:50:49,546 INFO: Finished searching for rational points on each twist.
2022-01-01 12:50:49,546 INFO: Testing local solvability of twists...
2022-01-01 12:50:52,588 INFO: Finished local solvability testing.
2022-01-01 12:50:52,590 INFO: Computing elliptic curve a-invariants...
2022-01-01 12:51:02,853 INFO: Finished computation of a-invariants.
2022-01-01 12:51:02,854 INFO: Skipped MW computation because no base point (delta = ['-1', '-1'])
2022-01-01 12:51:02,854 INFO: Computing MW group (delta = ['1'], g = [4, 0, -12, 1, 12, 4])...
2022-01-03 13:14:57,000 INFO: Obsolete "loc_solv_error" keys removed.
2022-01-10 22:39:11,424 INFO: Loaded curve data from file.
2022-01-10 22:39:11,424 INFO: Reducing MW generators...
2022-01-10 22:39:11,424 INFO: Finished reducing MW generators.
2022-01-10 22:39:11,427 INFO: Skipped Chabauty because no base point (delta = ['-1', '-1'])
2022-01-10 22:39:11,427 INFO: Skipped Chabauty because MW generators haven't been computed. (delta = ['1'], g = [4, 0, -12, 1, 12, 4])
2022-01-10 22:39:11,427 INFO: Skipped Chabauty because MW generators haven't been computed. (delta = ['-4', '1', '13', '-1', '-12', '-4'], g = [4, 0, -12, 1, 12, 4])
2022-01-10 22:39:11,427 INFO: Skipped Chabauty because MW generators haven't been computed. (delta = ['4', '-1', '-12', '1', '12', '4'], g = [4, 0, -12, 1, 12, 4])
2022-01-10 22:39:11,945 INFO: Tasks complete. Recording data and exiting.
2022-02-12 16:53:06,320 INFO: Loaded curve data from file.
2022-02-12 16:53:06,320 INFO: Computing elliptic Chabauty map... (delta = ['1'], g = [4, 0, -12, 1, 12, 4])
2022-02-12 16:53:21,145 INFO: Elliptic Chabauty map computed. (delta = ['1'], g = [4, 0, -12, 1, 12, 4])
2022-02-12 16:53:21,148 INFO: Computing elliptic Chabauty map... (delta = ['-4', '1', '13', '-1', '-12', '-4'], g = [4, 0, -12, 1, 12, 4])
2022-02-12 16:53:35,432 INFO: Elliptic Chabauty map computed. (delta = ['-4', '1', '13', '-1', '-12', '-4'], g = [4, 0, -12, 1, 12, 4])
2022-02-12 16:53:35,433 INFO: Computing elliptic Chabauty map... (delta = ['4', '-1', '-12', '1', '12', '4'], g = [4, 0, -12, 1, 12, 4])
2022-02-12 16:53:49,814 INFO: Elliptic Chabauty map computed. (delta = ['4', '-1', '-12', '1', '12', '4'], g = [4, 0, -12, 1, 12, 4])
2022-02-12 16:53:49,817 INFO: Tasks complete. Recording data and exiting.
