2022-01-14 12:17:25,824 INFO: Initialized curve data.
2022-01-14 12:17:25,835 INFO: Setting up initial twist data...
2022-01-14 12:17:27,001 INFO: Twist setup complete.
2022-01-14 12:17:27,002 INFO: Searching for rational points on each twist...
2022-01-14 12:17:29,009 INFO: Finished searching for rational points on each twist.
2022-01-14 12:17:29,009 INFO: Testing local solvability of twists...
2022-01-14 12:17:29,016 INFO: Finished local solvability testing.
2022-01-14 12:17:29,017 INFO: Computing elliptic curve a-invariants...
2022-01-14 12:17:37,794 INFO: Finished computation of a-invariants.
2022-01-14 12:17:37,796 INFO: Computing MW group (delta = ['4', '4', '32', '42', '16', '1'], g = [4, 5, 32, 42, 16, 1])...
2022-01-14 15:52:30,130 INFO: Loaded curve data from file.
2022-01-14 15:52:30,130 INFO: Reducing MW generators...
2022-01-14 15:52:30,130 INFO: Finished reducing MW generators.
2022-01-14 15:52:30,132 INFO: Skipped Chabauty because MW generators haven't been computed. (delta = ['4', '4', '32', '42', '16', '1'], g = [4, 5, 32, 42, 16, 1])
2022-01-14 15:52:30,132 INFO: Skipped Chabauty because MW generators haven't been computed. (delta = ['16', '20', '129', '167', '64', '4'], g = [4, 5, 32, 42, 16, 1])
2022-01-14 15:52:30,132 INFO: Skipped Chabauty because MW generators haven't been computed. (delta = ['1'], g = [4, 5, 32, 42, 16, 1])
2022-01-14 15:52:30,132 INFO: Skipped Chabauty because MW generators haven't been computed. (delta = ['4', '4', '33', '42', '16', '1'], g = [4, 5, 32, 42, 16, 1])
2022-01-14 15:52:30,134 INFO: Tasks complete. Recording data and exiting.
2022-02-12 17:28:07,996 INFO: Loaded curve data from file.
2022-02-12 17:28:07,996 INFO: Computing elliptic Chabauty map... (delta = ['4', '4', '32', '42', '16', '1'], g = [4, 5, 32, 42, 16, 1])
2022-02-12 17:28:21,998 INFO: Elliptic Chabauty map computed. (delta = ['4', '4', '32', '42', '16', '1'], g = [4, 5, 32, 42, 16, 1])
2022-02-12 17:28:22,001 INFO: Computing elliptic Chabauty map... (delta = ['16', '20', '129', '167', '64', '4'], g = [4, 5, 32, 42, 16, 1])
2022-02-12 17:28:35,845 INFO: Elliptic Chabauty map computed. (delta = ['16', '20', '129', '167', '64', '4'], g = [4, 5, 32, 42, 16, 1])
2022-02-12 17:28:35,847 INFO: Computing elliptic Chabauty map... (delta = ['1'], g = [4, 5, 32, 42, 16, 1])
2022-02-12 17:28:49,650 INFO: Elliptic Chabauty map computed. (delta = ['1'], g = [4, 5, 32, 42, 16, 1])
2022-02-12 17:28:49,652 INFO: Computing elliptic Chabauty map... (delta = ['4', '4', '33', '42', '16', '1'], g = [4, 5, 32, 42, 16, 1])
2022-02-12 17:29:03,497 INFO: Elliptic Chabauty map computed. (delta = ['4', '4', '33', '42', '16', '1'], g = [4, 5, 32, 42, 16, 1])
2022-02-12 17:29:03,500 INFO: Tasks complete. Recording data and exiting.
