2022-01-01 12:51:07,066 INFO: Initialized curve data.
2022-01-01 12:51:07,069 INFO: Setting up initial twist data...
2022-01-01 12:51:08,350 INFO: Twist setup complete.
2022-01-01 12:51:08,350 INFO: Searching for rational points on each twist...
2022-01-01 12:51:09,278 INFO: Finished searching for rational points on each twist.
2022-01-01 12:51:09,278 INFO: Testing local solvability of twists...
2022-01-01 12:51:09,284 INFO: Finished local solvability testing.
2022-01-01 12:51:09,285 INFO: Computing elliptic curve a-invariants...
2022-01-01 12:51:16,587 INFO: Finished computation of a-invariants.
2022-01-01 12:51:16,590 INFO: Computing MW group (delta = ['4', '-7', '6', '3', '-1', '1'], g = [4, -8, 5, 3, -1, 1])...
2022-01-01 12:58:26,796 INFO: Finished MW computation (delta = ['4', '-7', '6', '3', '-1', '1'], g = [4, -8, 5, 3, -1, 1])
2022-01-01 12:58:26,800 INFO: Computing MW group (delta = ['1'], g = [4, -8, 5, 3, -1, 1])...
2022-01-03 13:14:57,000 INFO: Obsolete "loc_solv_error" keys removed.
2022-01-10 22:42:03,531 INFO: Loaded curve data from file.
2022-01-10 22:42:03,532 INFO: Reducing MW generators...
2022-01-10 22:42:04,053 INFO: Finished reducing MW generators.
2022-01-10 22:42:04,055 INFO: Running elliptic Chabauty (delta = ['4', '-7', '6', '3', '-1', '1'], g = [4, -8, 5, 3, -1, 1])...
2022-01-10 22:42:16,652 INFO: Chabauty completed successfully (delta = ['4', '-7', '6', '3', '-1', '1'], g = [4, -8, 5, 3, -1, 1]).
2022-01-10 22:42:16,653 INFO: Skipped Chabauty because MW generators haven't been computed. (delta = ['1'], g = [4, -8, 5, 3, -1, 1])
2022-01-10 22:42:16,654 INFO: Skipped Chabauty because MW generators haven't been computed. (delta = ['0', '-1'], g = [4, -8, 5, 3, -1, 1])
2022-01-10 22:42:16,654 INFO: Skipped Chabauty because MW generators haven't been computed. (delta = ['3', '-9', '5', '3', '-1', '1'], g = [4, -8, 5, 3, -1, 1])
2022-01-10 22:42:16,698 INFO: Tasks complete. Recording data and exiting.
2022-02-12 17:51:44,710 INFO: Loaded curve data from file.
2022-02-12 17:51:44,710 INFO: Computing elliptic Chabauty map... (delta = ['4', '-7', '6', '3', '-1', '1'], g = [4, -8, 5, 3, -1, 1])
2022-02-12 17:51:52,673 INFO: Elliptic Chabauty map computed. (delta = ['4', '-7', '6', '3', '-1', '1'], g = [4, -8, 5, 3, -1, 1])
2022-02-12 17:51:52,675 INFO: Computing elliptic Chabauty map... (delta = ['1'], g = [4, -8, 5, 3, -1, 1])
2022-02-12 17:52:00,509 INFO: Elliptic Chabauty map computed. (delta = ['1'], g = [4, -8, 5, 3, -1, 1])
2022-02-12 17:52:00,511 INFO: Computing elliptic Chabauty map... (delta = ['0', '-1'], g = [4, -8, 5, 3, -1, 1])
2022-02-12 17:52:08,119 INFO: Elliptic Chabauty map computed. (delta = ['0', '-1'], g = [4, -8, 5, 3, -1, 1])
2022-02-12 17:52:08,121 INFO: Computing elliptic Chabauty map... (delta = ['3', '-9', '5', '3', '-1', '1'], g = [4, -8, 5, 3, -1, 1])
2022-02-12 17:52:15,842 INFO: Elliptic Chabauty map computed. (delta = ['3', '-9', '5', '3', '-1', '1'], g = [4, -8, 5, 3, -1, 1])
2022-02-12 17:52:15,845 INFO: Tasks complete. Recording data and exiting.
