2022-01-12 12:22:05,109 INFO: Initialized curve data.
2022-01-12 12:22:05,111 INFO: Setting up initial twist data...
2022-01-12 12:22:06,337 INFO: Twist setup complete.
2022-01-12 12:22:06,337 INFO: Searching for rational points on each twist...
2022-01-12 12:22:07,940 INFO: Finished searching for rational points on each twist.
2022-01-12 12:22:07,941 INFO: Testing local solvability of twists...
2022-01-12 12:22:10,774 INFO: Finished local solvability testing.
2022-01-12 12:22:10,775 INFO: Computing elliptic curve a-invariants...
2022-01-12 12:22:16,133 INFO: Finished computation of a-invariants.
2022-01-12 12:22:16,134 INFO: Computing MW group (delta = ['1'], g = [4, 12, 0, 4, -4, 1])...
2022-01-14 11:32:27,182 INFO: Loaded curve data from file.
2022-01-14 11:32:27,182 INFO: Reducing MW generators...
2022-01-14 11:32:27,182 INFO: Finished reducing MW generators.
2022-01-14 11:32:27,184 INFO: Skipped Chabauty because MW generators haven't been computed. (delta = ['1'], g = [4, 12, 0, 4, -4, 1])
2022-01-14 11:32:27,184 INFO: Skipped Chabauty because MW generators haven't been computed. (delta = ['4', '11', '0', '4', '-4', '1'], g = [4, 12, 0, 4, -4, 1])
2022-01-14 11:32:27,184 INFO: Skipped Chabauty because no base point (delta = ['-4', '-11', '2', '-5', '4', '-1'])
2022-01-14 11:32:27,184 INFO: Skipped Chabauty because MW generators haven't been computed. (delta = ['-1', '-2', '1'], g = [4, 12, 0, 4, -4, 1])
2022-01-14 11:32:27,227 INFO: Tasks complete. Recording data and exiting.
2022-02-12 17:09:39,274 INFO: Loaded curve data from file.
2022-02-12 17:09:39,274 INFO: Computing elliptic Chabauty map... (delta = ['1'], g = [4, 12, 0, 4, -4, 1])
2022-02-12 17:09:51,292 INFO: Elliptic Chabauty map computed. (delta = ['1'], g = [4, 12, 0, 4, -4, 1])
2022-02-12 17:09:51,294 INFO: Computing elliptic Chabauty map... (delta = ['4', '11', '0', '4', '-4', '1'], g = [4, 12, 0, 4, -4, 1])
2022-02-12 17:10:03,144 INFO: Elliptic Chabauty map computed. (delta = ['4', '11', '0', '4', '-4', '1'], g = [4, 12, 0, 4, -4, 1])
2022-02-12 17:10:03,146 INFO: Computing elliptic Chabauty map... (delta = ['-1', '-2', '1'], g = [4, 12, 0, 4, -4, 1])
2022-02-12 17:10:14,969 INFO: Elliptic Chabauty map computed. (delta = ['-1', '-2', '1'], g = [4, 12, 0, 4, -4, 1])
2022-02-12 17:10:14,971 INFO: Tasks complete. Recording data and exiting.
