2022-01-12 09:25:53,750 INFO: Initialized curve data.
2022-01-12 09:25:53,752 INFO: Setting up initial twist data...
2022-01-12 09:25:54,599 INFO: Twist setup complete.
2022-01-12 09:25:54,599 INFO: Searching for rational points on each twist...
2022-01-12 09:25:56,097 INFO: Finished searching for rational points on each twist.
2022-01-12 09:25:56,097 INFO: Testing local solvability of twists...
2022-01-12 09:25:56,102 INFO: Finished local solvability testing.
2022-01-12 09:25:56,103 INFO: Computing elliptic curve a-invariants...
2022-01-12 09:26:03,227 INFO: Finished computation of a-invariants.
2022-01-12 09:26:03,229 INFO: Computing MW group (delta = ['4', '4', '-8', '-6', '8', '1'], g = [4, 5, -8, -6, 8, 1])...
2022-01-12 09:28:16,700 INFO: Finished MW computation (delta = ['4', '4', '-8', '-6', '8', '1'], g = [4, 5, -8, -6, 8, 1])
2022-01-12 09:28:16,703 INFO: Computing MW group (delta = ['16', '20', '-31', '-25', '32', '4'], g = [4, 5, -8, -6, 8, 1])...
2022-01-12 09:31:41,639 INFO: Finished MW computation (delta = ['16', '20', '-31', '-25', '32', '4'], g = [4, 5, -8, -6, 8, 1])
2022-01-12 09:31:41,642 INFO: Computing MW group (delta = ['1'], g = [4, 5, -8, -6, 8, 1])...
2022-01-12 09:32:46,308 INFO: Finished MW computation (delta = ['1'], g = [4, 5, -8, -6, 8, 1])
2022-01-12 09:32:46,312 INFO: Computing MW group (delta = ['4', '4', '-7', '-6', '8', '1'], g = [4, 5, -8, -6, 8, 1])...
2022-01-12 09:35:05,263 INFO: Finished MW computation (delta = ['4', '4', '-7', '-6', '8', '1'], g = [4, 5, -8, -6, 8, 1])
2022-01-12 09:35:05,269 INFO: Reducing MW generators...
2022-01-12 09:35:07,528 INFO: Finished reducing MW generators.
2022-01-12 09:35:07,530 INFO: Tasks complete. Recording data and exiting.
2022-01-14 09:10:45,718 INFO: Loaded curve data from file.
2022-01-14 09:10:45,718 INFO: Running elliptic Chabauty (delta = ['4', '4', '-8', '-6', '8', '1'], g = [4, 5, -8, -6, 8, 1])...
2022-01-14 09:10:57,404 INFO: Chabauty completed successfully (delta = ['4', '4', '-8', '-6', '8', '1'], g = [4, 5, -8, -6, 8, 1]).
2022-01-14 09:10:57,406 INFO: Skipped Chabauty because MW group hasn't been provably computed. (delta = ['16', '20', '-31', '-25', '32', '4'], g = [4, 5, -8, -6, 8, 1])
2022-01-14 09:10:57,406 INFO: Skipped Chabauty because MW group hasn't been provably computed. (delta = ['1'], g = [4, 5, -8, -6, 8, 1])
2022-01-14 09:10:57,407 INFO: Running elliptic Chabauty (delta = ['4', '4', '-7', '-6', '8', '1'], g = [4, 5, -8, -6, 8, 1])...
2022-01-14 09:11:08,768 INFO: Chabauty completed successfully (delta = ['4', '4', '-7', '-6', '8', '1'], g = [4, 5, -8, -6, 8, 1]).
2022-01-14 09:11:08,848 INFO: Tasks complete. Recording data and exiting.
2022-02-12 17:03:55,927 INFO: Loaded curve data from file.
2022-02-12 17:03:55,927 INFO: Computing elliptic Chabauty map... (delta = ['4', '4', '-8', '-6', '8', '1'], g = [4, 5, -8, -6, 8, 1])
2022-02-12 17:04:10,231 INFO: Elliptic Chabauty map computed. (delta = ['4', '4', '-8', '-6', '8', '1'], g = [4, 5, -8, -6, 8, 1])
2022-02-12 17:04:10,235 INFO: Computing elliptic Chabauty map... (delta = ['16', '20', '-31', '-25', '32', '4'], g = [4, 5, -8, -6, 8, 1])
2022-02-12 17:04:24,402 INFO: Elliptic Chabauty map computed. (delta = ['16', '20', '-31', '-25', '32', '4'], g = [4, 5, -8, -6, 8, 1])
2022-02-12 17:04:24,405 INFO: Computing elliptic Chabauty map... (delta = ['1'], g = [4, 5, -8, -6, 8, 1])
2022-02-12 17:04:38,597 INFO: Elliptic Chabauty map computed. (delta = ['1'], g = [4, 5, -8, -6, 8, 1])
2022-02-12 17:04:38,600 INFO: Computing elliptic Chabauty map... (delta = ['4', '4', '-7', '-6', '8', '1'], g = [4, 5, -8, -6, 8, 1])
2022-02-12 17:04:53,023 INFO: Elliptic Chabauty map computed. (delta = ['4', '4', '-7', '-6', '8', '1'], g = [4, 5, -8, -6, 8, 1])
2022-02-12 17:04:53,026 INFO: Tasks complete. Recording data and exiting.
