2022-01-01 12:50:53,336 INFO: Initialized curve data.
2022-01-01 12:50:53,339 INFO: Setting up initial twist data...
2022-01-01 12:50:54,350 INFO: Twist setup complete.
2022-01-01 12:50:54,351 INFO: Searching for rational points on each twist...
2022-01-01 12:50:55,082 INFO: Finished searching for rational points on each twist.
2022-01-01 12:50:55,083 INFO: Testing local solvability of twists...
2022-01-01 12:50:59,340 INFO: Finished local solvability testing.
2022-01-01 12:50:59,342 INFO: Computing elliptic curve a-invariants...
2022-01-01 12:51:10,536 INFO: Finished computation of a-invariants.
2022-01-01 12:51:10,537 INFO: Computing MW group (delta = ['1', '0', '1'], g = [-4, 5, 6, 3, 6, 1])...
2022-01-01 12:54:10,683 INFO: Finished MW computation (delta = ['1', '0', '1'], g = [-4, 5, 6, 3, 6, 1])
2022-01-01 12:54:10,689 INFO: Skipped MW computation because no base point (delta = ['-4', '4', '6', '2', '6', '1'])
2022-01-01 12:54:10,690 INFO: Computing MW group (delta = ['1'], g = [-4, 5, 6, 3, 6, 1])...
2022-01-01 12:57:31,713 INFO: Finished MW computation (delta = ['1'], g = [-4, 5, 6, 3, 6, 1])
2022-01-01 12:57:31,717 INFO: Computing MW group (delta = ['-4', '4', '6', '3', '6', '1'], g = [-4, 5, 6, 3, 6, 1])...
2022-01-01 13:01:16,730 INFO: Finished MW computation (delta = ['-4', '4', '6', '3', '6', '1'], g = [-4, 5, 6, 3, 6, 1])
2022-01-01 13:01:16,738 INFO: Reducing MW generators...
2022-01-01 13:01:19,915 INFO: Finished reducing MW generators.
2022-01-01 13:01:19,918 INFO: Running elliptic Chabauty (delta = ['1', '0', '1'], g = [-4, 5, 6, 3, 6, 1])...
2022-01-03 13:14:58,000 INFO: Obsolete "loc_solv_error" keys removed.
2022-01-10 22:39:15,155 INFO: Loaded curve data from file.
2022-01-10 22:39:15,155 INFO: Running elliptic Chabauty (delta = ['1', '0', '1'], g = [-4, 5, 6, 3, 6, 1])...
2022-02-12 17:17:03,244 INFO: Loaded curve data from file.
2022-02-12 17:17:03,244 INFO: Computing elliptic Chabauty map... (delta = ['1', '0', '1'], g = [-4, 5, 6, 3, 6, 1])
2022-02-12 17:17:19,539 INFO: Elliptic Chabauty map computed. (delta = ['1', '0', '1'], g = [-4, 5, 6, 3, 6, 1])
2022-02-12 17:17:19,541 INFO: Computing elliptic Chabauty map... (delta = ['1'], g = [-4, 5, 6, 3, 6, 1])
2022-02-12 17:17:35,650 INFO: Elliptic Chabauty map computed. (delta = ['1'], g = [-4, 5, 6, 3, 6, 1])
2022-02-12 17:17:35,652 INFO: Computing elliptic Chabauty map... (delta = ['-4', '4', '6', '3', '6', '1'], g = [-4, 5, 6, 3, 6, 1])
2022-02-12 17:17:51,761 INFO: Elliptic Chabauty map computed. (delta = ['-4', '4', '6', '3', '6', '1'], g = [-4, 5, 6, 3, 6, 1])
2022-02-12 17:17:51,763 INFO: Tasks complete. Recording data and exiting.
