2022-02-01 12:30:32,598 INFO: Initialized curve data.
2022-02-01 12:30:32,601 INFO: Setting up initial twist data...
2022-02-01 12:30:33,858 INFO: Twist setup complete.
2022-02-01 12:30:33,858 INFO: Searching for rational points on each twist...
2022-02-01 12:30:35,939 INFO: Finished searching for rational points on each twist.
2022-02-01 12:30:35,939 INFO: Testing local solvability of twists...
2022-02-01 12:32:23,151 INFO: Finished local solvability testing.
2022-02-01 12:32:23,152 INFO: Computing elliptic curve a-invariants...
2022-02-01 12:32:36,093 INFO: Finished computation of a-invariants.
2022-02-01 12:32:36,095 INFO: Skipped MW computation because no base point (delta = ['8', '32', '1', '-15', '-2', '1'])
2022-02-01 12:32:36,095 INFO: Computing MW group (delta = ['-12', '16', '0', '-14', '-2', '1'], g = [-10, 17, 0, -14, -2, 1])...
2022-02-02 04:48:15,666 INFO: Loaded curve data from file.
2022-02-02 04:48:15,666 INFO: Reducing MW generators...
2022-02-02 04:48:15,666 INFO: Finished reducing MW generators.
2022-02-02 04:48:15,668 INFO: Skipped Chabauty because no base point (delta = ['8', '32', '1', '-15', '-2', '1'])
2022-02-02 04:48:15,668 INFO: Skipped Chabauty because MW generators haven't been computed. (delta = ['-12', '16', '0', '-14', '-2', '1'], g = [-10, 17, 0, -14, -2, 1])
2022-02-02 04:48:15,668 INFO: Skipped Chabauty because MW generators haven't been computed. (delta = ['-9', '-3', '1'], g = [-10, 17, 0, -14, -2, 1])
2022-02-02 04:48:15,668 INFO: Skipped Chabauty because MW generators haven't been computed. (delta = ['1'], g = [-10, 17, 0, -14, -2, 1])
2022-02-02 04:48:15,728 INFO: Tasks complete. Recording data and exiting.
2022-02-12 16:48:17,541 INFO: Loaded curve data from file.
2022-02-12 16:48:17,542 INFO: Computing elliptic Chabauty map... (delta = ['-12', '16', '0', '-14', '-2', '1'], g = [-10, 17, 0, -14, -2, 1])
2022-02-12 16:48:28,238 INFO: Elliptic Chabauty map computed. (delta = ['-12', '16', '0', '-14', '-2', '1'], g = [-10, 17, 0, -14, -2, 1])
2022-02-12 16:48:28,243 INFO: Computing elliptic Chabauty map... (delta = ['-9', '-3', '1'], g = [-10, 17, 0, -14, -2, 1])
2022-02-12 16:48:38,916 INFO: Elliptic Chabauty map computed. (delta = ['-9', '-3', '1'], g = [-10, 17, 0, -14, -2, 1])
2022-02-12 16:48:38,918 INFO: Computing elliptic Chabauty map... (delta = ['1'], g = [-10, 17, 0, -14, -2, 1])
2022-02-12 16:48:49,601 INFO: Elliptic Chabauty map computed. (delta = ['1'], g = [-10, 17, 0, -14, -2, 1])
2022-02-12 16:48:49,603 INFO: Tasks complete. Recording data and exiting.
