2022-01-11 15:25:28,512 INFO: Initialized curve data.
2022-01-11 15:25:28,514 INFO: Setting up initial twist data...
2022-01-11 15:25:29,615 INFO: Twist setup complete.
2022-01-11 15:25:29,615 INFO: Searching for rational points on each twist...
2022-01-11 15:25:31,483 INFO: Finished searching for rational points on each twist.
2022-01-11 15:25:31,483 INFO: Testing local solvability of twists...
2022-01-11 15:25:31,488 INFO: Finished local solvability testing.
2022-01-11 15:25:31,489 INFO: Computing elliptic curve a-invariants...
2022-01-11 15:25:39,898 INFO: Finished computation of a-invariants.
2022-01-11 15:25:39,899 INFO: Computing MW group (delta = ['-16', '-48', '-65', '-17', '16', '-4'], g = [4, 12, 16, 4, -4, 1])...
2022-01-11 15:36:09,530 INFO: Finished MW computation (delta = ['-16', '-48', '-65', '-17', '16', '-4'], g = [4, 12, 16, 4, -4, 1])
2022-01-11 15:36:09,539 INFO: Computing MW group (delta = ['1'], g = [4, 12, 16, 4, -4, 1])...
2022-01-11 15:39:51,909 INFO: Finished MW computation (delta = ['1'], g = [4, 12, 16, 4, -4, 1])
2022-01-11 15:39:51,912 INFO: Computing MW group (delta = ['-4', '-11', '-15', '-4', '4', '-1'], g = [4, 12, 16, 4, -4, 1])...
2022-01-14 09:07:52,181 INFO: Loaded curve data from file.
2022-01-14 09:07:52,182 INFO: Reducing MW generators...
2022-01-14 09:07:52,764 INFO: Finished reducing MW generators.
2022-01-14 09:07:52,766 INFO: Skipped Chabauty because MW group hasn't been provably computed. (delta = ['-16', '-48', '-65', '-17', '16', '-4'], g = [4, 12, 16, 4, -4, 1])
2022-01-14 09:07:52,766 INFO: Running elliptic Chabauty (delta = ['1'], g = [4, 12, 16, 4, -4, 1])...
2022-01-14 09:08:12,088 INFO: Chabauty completed successfully (delta = ['1'], g = [4, 12, 16, 4, -4, 1]).
2022-01-14 09:08:12,198 INFO: Skipped Chabauty because MW generators haven't been computed. (delta = ['-4', '-11', '-15', '-4', '4', '-1'], g = [4, 12, 16, 4, -4, 1])
2022-01-14 09:08:12,198 INFO: Skipped Chabauty because MW generators haven't been computed. (delta = ['4', '11', '16', '4', '-4', '1'], g = [4, 12, 16, 4, -4, 1])
2022-01-14 09:08:12,333 INFO: Tasks complete. Recording data and exiting.
2022-02-12 17:37:02,572 INFO: Loaded curve data from file.
2022-02-12 17:37:02,572 INFO: Computing elliptic Chabauty map... (delta = ['-16', '-48', '-65', '-17', '16', '-4'], g = [4, 12, 16, 4, -4, 1])
2022-02-12 17:37:15,748 INFO: Elliptic Chabauty map computed. (delta = ['-16', '-48', '-65', '-17', '16', '-4'], g = [4, 12, 16, 4, -4, 1])
2022-02-12 17:37:15,750 INFO: Computing elliptic Chabauty map... (delta = ['1'], g = [4, 12, 16, 4, -4, 1])
2022-02-12 17:37:28,719 INFO: Elliptic Chabauty map computed. (delta = ['1'], g = [4, 12, 16, 4, -4, 1])
2022-02-12 17:37:28,722 INFO: Computing elliptic Chabauty map... (delta = ['-4', '-11', '-15', '-4', '4', '-1'], g = [4, 12, 16, 4, -4, 1])
2022-02-12 17:37:41,736 INFO: Elliptic Chabauty map computed. (delta = ['-4', '-11', '-15', '-4', '4', '-1'], g = [4, 12, 16, 4, -4, 1])
2022-02-12 17:37:41,738 INFO: Computing elliptic Chabauty map... (delta = ['4', '11', '16', '4', '-4', '1'], g = [4, 12, 16, 4, -4, 1])
2022-02-12 17:37:54,610 INFO: Elliptic Chabauty map computed. (delta = ['4', '11', '16', '4', '-4', '1'], g = [4, 12, 16, 4, -4, 1])
2022-02-12 17:37:54,613 INFO: Tasks complete. Recording data and exiting.
