2022-01-12 09:25:56,245 INFO: Initialized curve data.
2022-01-12 09:25:56,247 INFO: Setting up initial twist data...
2022-01-12 09:25:57,566 INFO: Twist setup complete.
2022-01-12 09:25:57,566 INFO: Searching for rational points on each twist...
2022-01-12 09:25:59,028 INFO: Finished searching for rational points on each twist.
2022-01-12 09:25:59,028 INFO: Testing local solvability of twists...
2022-01-12 09:26:02,553 INFO: Finished local solvability testing.
2022-01-12 09:26:02,554 INFO: Computing elliptic curve a-invariants...
2022-01-12 09:26:12,350 INFO: Finished computation of a-invariants.
2022-01-12 09:26:12,351 INFO: Skipped MW computation because no base point (delta = ['1', '4', '1'])
2022-01-12 09:26:12,352 INFO: Computing MW group (delta = ['-4', '-29', '-52', '4', '6', '1'], g = [-4, -28, -48, 5, 6, 1])...
2022-01-12 09:40:26,898 INFO: Finished MW computation (delta = ['-4', '-29', '-52', '4', '6', '1'], g = [-4, -28, -48, 5, 6, 1])
2022-01-12 09:40:26,901 INFO: Computing MW group (delta = ['1'], g = [-4, -28, -48, 5, 6, 1])...
2022-01-14 09:10:46,147 INFO: Loaded curve data from file.
2022-01-14 09:10:46,147 INFO: Reducing MW generators...
2022-01-14 09:10:46,187 INFO: Finished reducing MW generators.
2022-01-14 09:10:46,189 INFO: Skipped Chabauty because no base point (delta = ['1', '4', '1'])
2022-01-14 09:10:46,189 INFO: Skipped Chabauty because MW group hasn't been provably computed. (delta = ['-4', '-29', '-52', '4', '6', '1'], g = [-4, -28, -48, 5, 6, 1])
2022-01-14 09:10:46,189 INFO: Skipped Chabauty because MW generators haven't been computed. (delta = ['1'], g = [-4, -28, -48, 5, 6, 1])
2022-01-14 09:10:46,189 INFO: Skipped Chabauty because MW generators haven't been computed. (delta = ['-4', '-29', '-48', '5', '6', '1'], g = [-4, -28, -48, 5, 6, 1])
2022-01-14 09:10:46,253 INFO: Tasks complete. Recording data and exiting.
2022-02-12 17:06:32,472 INFO: Loaded curve data from file.
2022-02-12 17:06:32,472 INFO: Computing elliptic Chabauty map... (delta = ['-4', '-29', '-52', '4', '6', '1'], g = [-4, -28, -48, 5, 6, 1])
2022-02-12 17:06:48,988 INFO: Elliptic Chabauty map computed. (delta = ['-4', '-29', '-52', '4', '6', '1'], g = [-4, -28, -48, 5, 6, 1])
2022-02-12 17:06:48,990 INFO: Computing elliptic Chabauty map... (delta = ['1'], g = [-4, -28, -48, 5, 6, 1])
2022-02-12 17:07:05,242 INFO: Elliptic Chabauty map computed. (delta = ['1'], g = [-4, -28, -48, 5, 6, 1])
2022-02-12 17:07:05,245 INFO: Computing elliptic Chabauty map... (delta = ['-4', '-29', '-48', '5', '6', '1'], g = [-4, -28, -48, 5, 6, 1])
2022-02-12 17:07:21,359 INFO: Elliptic Chabauty map computed. (delta = ['-4', '-29', '-48', '5', '6', '1'], g = [-4, -28, -48, 5, 6, 1])
2022-02-12 17:07:21,361 INFO: Tasks complete. Recording data and exiting.
