2022-01-11 15:21:22,133 INFO: Initialized curve data.
2022-01-11 15:21:22,136 INFO: Setting up initial twist data...
2022-01-11 15:21:23,613 INFO: Twist setup complete.
2022-01-11 15:21:23,613 INFO: Searching for rational points on each twist...
2022-01-11 15:21:25,396 INFO: Finished searching for rational points on each twist.
2022-01-11 15:21:25,396 INFO: Testing local solvability of twists...
2022-01-11 15:21:48,451 INFO: Finished local solvability testing.
2022-01-11 15:21:48,452 INFO: Computing elliptic curve a-invariants...
2022-01-11 15:21:55,535 INFO: Finished computation of a-invariants.
2022-01-11 15:21:55,536 INFO: Skipped MW computation because no base point (delta = ['-2', '-11', '1', '4', '-1', '1'])
2022-01-11 15:21:55,536 INFO: Skipped MW computation because no base point (delta = ['-1', '-1', '1'])
2022-01-11 15:21:55,536 INFO: Computing MW group (delta = ['1'], g = [-3, -13, 1, 5, -1, 1])...
2022-01-11 15:22:38,574 INFO: Finished MW computation (delta = ['1'], g = [-3, -13, 1, 5, -1, 1])
2022-01-11 15:22:38,576 INFO: Computing MW group (delta = ['-4', '-14', '1', '5', '-1', '1'], g = [-3, -13, 1, 5, -1, 1])...
2022-01-11 15:26:09,448 INFO: Finished MW computation (delta = ['-4', '-14', '1', '5', '-1', '1'], g = [-3, -13, 1, 5, -1, 1])
2022-01-11 15:26:09,451 INFO: Reducing MW generators...
2022-01-11 15:26:11,071 INFO: Finished reducing MW generators.
2022-01-11 15:26:11,073 INFO: Tasks complete. Recording data and exiting.
2022-01-14 09:07:49,246 INFO: Loaded curve data from file.
2022-01-14 09:07:49,247 INFO: Skipped Chabauty because no base point (delta = ['-2', '-11', '1', '4', '-1', '1'])
2022-01-14 09:07:49,247 INFO: Skipped Chabauty because no base point (delta = ['-1', '-1', '1'])
2022-01-14 09:07:49,247 INFO: Running elliptic Chabauty (delta = ['1'], g = [-3, -13, 1, 5, -1, 1])...
2022-01-14 09:08:01,818 INFO: Chabauty completed successfully (delta = ['1'], g = [-3, -13, 1, 5, -1, 1]).
2022-01-14 09:08:01,822 INFO: Running elliptic Chabauty (delta = ['-4', '-14', '1', '5', '-1', '1'], g = [-3, -13, 1, 5, -1, 1])...
2022-01-14 09:08:12,055 INFO: Chabauty completed successfully (delta = ['-4', '-14', '1', '5', '-1', '1'], g = [-3, -13, 1, 5, -1, 1]).
2022-01-14 09:08:12,260 INFO: Rational points successfully computed.
2022-01-14 09:08:12,261 INFO: Tasks complete. Recording data and exiting.
2022-02-12 17:46:10,725 INFO: Loaded curve data from file.
2022-02-12 17:46:10,725 INFO: Computing elliptic Chabauty map... (delta = ['1'], g = [-3, -13, 1, 5, -1, 1])
2022-02-12 17:46:21,007 INFO: Elliptic Chabauty map computed. (delta = ['1'], g = [-3, -13, 1, 5, -1, 1])
2022-02-12 17:46:21,010 INFO: Computing elliptic Chabauty map... (delta = ['-4', '-14', '1', '5', '-1', '1'], g = [-3, -13, 1, 5, -1, 1])
2022-02-12 17:46:31,549 INFO: Elliptic Chabauty map computed. (delta = ['-4', '-14', '1', '5', '-1', '1'], g = [-3, -13, 1, 5, -1, 1])
2022-02-12 17:46:31,552 INFO: Tasks complete. Recording data and exiting.
