2022-01-11 12:33:49,065 INFO: Initialized curve data.
2022-01-11 12:33:49,069 INFO: Setting up initial twist data...
2022-01-11 12:33:50,490 INFO: Twist setup complete.
2022-01-11 12:33:50,490 INFO: Searching for rational points on each twist...
2022-01-11 12:33:52,569 INFO: Finished searching for rational points on each twist.
2022-01-11 12:33:52,569 INFO: Testing local solvability of twists...
2022-01-11 12:33:52,575 INFO: Finished local solvability testing.
2022-01-11 12:33:52,576 INFO: Computing elliptic curve a-invariants...
2022-01-11 12:34:09,035 INFO: Finished computation of a-invariants.
2022-01-11 12:34:09,037 INFO: Computing MW group (delta = ['1', '8', '10', '-1', '-5', '-1'], g = [-1, -9, -9, 1, 5, 1])...
2022-01-11 12:34:28,265 INFO: Finished MW computation (delta = ['1', '8', '10', '-1', '-5', '-1'], g = [-1, -9, -9, 1, 5, 1])
2022-01-11 12:34:28,267 INFO: Computing MW group (delta = ['0', '-10', '-9', '1', '5', '1'], g = [-1, -9, -9, 1, 5, 1])...
2022-01-11 12:35:29,984 INFO: Finished MW computation (delta = ['0', '-10', '-9', '1', '5', '1'], g = [-1, -9, -9, 1, 5, 1])
2022-01-11 12:35:29,986 INFO: Computing MW group (delta = ['1'], g = [-1, -9, -9, 1, 5, 1])...
2022-01-11 12:42:24,992 INFO: Finished MW computation (delta = ['1'], g = [-1, -9, -9, 1, 5, 1])
2022-01-11 12:42:24,995 INFO: Computing MW group (delta = ['-12', '-109', '-106', '11', '60', '12'], g = [-1, -9, -9, 1, 5, 1])...
2022-01-11 12:45:46,824 INFO: Finished MW computation (delta = ['-12', '-109', '-106', '11', '60', '12'], g = [-1, -9, -9, 1, 5, 1])
2022-01-11 12:45:46,828 INFO: Reducing MW generators...
2022-01-11 12:45:50,276 INFO: Finished reducing MW generators.
2022-01-11 12:45:50,278 INFO: Tasks complete. Recording data and exiting.
2022-01-13 17:36:57,066 INFO: Loaded curve data from file.
2022-01-13 17:36:57,067 INFO: Running elliptic Chabauty (delta = ['1', '8', '10', '-1', '-5', '-1'], g = [-1, -9, -9, 1, 5, 1])...
2022-01-13 17:37:14,444 INFO: Chabauty completed successfully (delta = ['1', '8', '10', '-1', '-5', '-1'], g = [-1, -9, -9, 1, 5, 1]).
2022-01-13 17:37:14,445 INFO: Running elliptic Chabauty (delta = ['0', '-10', '-9', '1', '5', '1'], g = [-1, -9, -9, 1, 5, 1])...
2022-01-13 17:37:34,268 INFO: Chabauty completed successfully (delta = ['0', '-10', '-9', '1', '5', '1'], g = [-1, -9, -9, 1, 5, 1]).
2022-01-13 17:37:34,269 INFO: Running elliptic Chabauty (delta = ['1'], g = [-1, -9, -9, 1, 5, 1])...
2022-01-13 17:37:54,941 INFO: Chabauty completed successfully (delta = ['1'], g = [-1, -9, -9, 1, 5, 1]).
2022-01-13 17:37:54,943 INFO: Running elliptic Chabauty (delta = ['-12', '-109', '-106', '11', '60', '12'], g = [-1, -9, -9, 1, 5, 1])...
2022-01-13 17:38:12,888 INFO: Chabauty completed successfully (delta = ['-12', '-109', '-106', '11', '60', '12'], g = [-1, -9, -9, 1, 5, 1]).
2022-01-13 17:38:13,146 INFO: Rational points successfully computed.
2022-01-13 17:38:13,148 INFO: Tasks complete. Recording data and exiting.
2022-02-12 16:50:03,288 INFO: Loaded curve data from file.
2022-02-12 16:50:03,288 INFO: Computing elliptic Chabauty map... (delta = ['1', '8', '10', '-1', '-5', '-1'], g = [-1, -9, -9, 1, 5, 1])
2022-02-12 16:50:18,550 INFO: Elliptic Chabauty map computed. (delta = ['1', '8', '10', '-1', '-5', '-1'], g = [-1, -9, -9, 1, 5, 1])
2022-02-12 16:50:18,553 INFO: Computing elliptic Chabauty map... (delta = ['0', '-10', '-9', '1', '5', '1'], g = [-1, -9, -9, 1, 5, 1])
2022-02-12 16:50:33,628 INFO: Elliptic Chabauty map computed. (delta = ['0', '-10', '-9', '1', '5', '1'], g = [-1, -9, -9, 1, 5, 1])
2022-02-12 16:50:33,631 INFO: Computing elliptic Chabauty map... (delta = ['1'], g = [-1, -9, -9, 1, 5, 1])
2022-02-12 16:50:48,699 INFO: Elliptic Chabauty map computed. (delta = ['1'], g = [-1, -9, -9, 1, 5, 1])
2022-02-12 16:50:48,704 INFO: Computing elliptic Chabauty map... (delta = ['-12', '-109', '-106', '11', '60', '12'], g = [-1, -9, -9, 1, 5, 1])
2022-02-12 16:51:03,837 INFO: Elliptic Chabauty map computed. (delta = ['-12', '-109', '-106', '11', '60', '12'], g = [-1, -9, -9, 1, 5, 1])
2022-02-12 16:51:03,841 INFO: Tasks complete. Recording data and exiting.
