2022-01-12 09:25:15,813 INFO: Initialized curve data.
2022-01-12 09:25:15,816 INFO: Setting up initial twist data...
2022-01-12 09:25:17,149 INFO: Twist setup complete.
2022-01-12 09:25:17,149 INFO: Searching for rational points on each twist...
2022-01-12 09:25:20,722 INFO: Finished searching for rational points on each twist.
2022-01-12 09:25:20,722 INFO: Testing local solvability of twists...
2022-01-12 09:25:28,741 INFO: Finished local solvability testing.
2022-01-12 09:25:28,745 INFO: Computing elliptic curve a-invariants...
2022-01-12 09:25:33,991 INFO: Finished computation of a-invariants.
2022-01-12 09:25:33,995 INFO: Skipped MW computation because no base point (delta = ['-1', '3', '4', '-8', '5', '1'])
2022-01-12 09:25:33,996 INFO: Computing MW group (delta = ['-4', '-3', '9', '-5', '-1'], g = [1, 1])...
2022-01-12 09:25:34,367 INFO: Finished MW computation (delta = ['-4', '-3', '9', '-5', '-1'], g = [1, 1])
2022-01-12 09:25:34,371 INFO: Computing MW group (delta = ['-4', '-3', '9', '-5', '-1'], g = [4, 4, -8, 5, 1])...
2022-01-12 09:25:37,265 INFO: Finished MW computation (delta = ['-4', '-3', '9', '-5', '-1'], g = [4, 4, -8, 5, 1])
2022-01-12 09:25:37,272 INFO: Computing MW group (delta = ['1'], g = [1, 1])...
2022-01-12 09:25:37,896 INFO: Finished MW computation (delta = ['1'], g = [1, 1])
2022-01-12 09:25:37,901 INFO: Computing MW group (delta = ['1'], g = [4, 4, -8, 5, 1])...
2022-01-14 09:10:34,682 INFO: Loaded curve data from file.
2022-01-14 09:10:34,683 INFO: Reducing MW generators...
2022-01-14 09:10:34,845 INFO: Finished reducing MW generators.
2022-01-14 09:10:34,865 INFO: Skipped Chabauty because no base point (delta = ['-1', '3', '4', '-8', '5', '1'])
2022-01-14 09:10:34,865 INFO: Skipped Chabauty because rank >= degree(g). (delta = ['-4', '-3', '9', '-5', '-1'], g = [1, 1])
2022-01-14 09:10:34,865 INFO: Running elliptic Chabauty (delta = ['-4', '-3', '9', '-5', '-1'], g = [4, 4, -8, 5, 1])...
2022-01-14 09:10:44,394 INFO: Chabauty completed successfully (delta = ['-4', '-3', '9', '-5', '-1'], g = [4, 4, -8, 5, 1]).
2022-01-14 09:10:44,397 INFO: Skipped Chabauty because rank >= degree(g). (delta = ['1'], g = [1, 1])
2022-01-14 09:10:44,397 INFO: Skipped Chabauty because MW generators haven't been computed. (delta = ['1'], g = [4, 4, -8, 5, 1])
2022-01-14 09:10:44,397 INFO: Skipped Chabauty because MW generators haven't been computed. (delta = ['-2', '41/2', '28', '-44', '28', '11/2'], g = [1, 1])
2022-01-14 09:10:44,397 INFO: Skipped Chabauty because MW generators haven't been computed. (delta = ['-2', '41/2', '28', '-44', '28', '11/2'], g = [4, 4, -8, 5, 1])
2022-01-14 09:10:44,397 INFO: Skipped Chabauty because MW generators haven't been computed. (delta = ['1/2', '7/2', '3', '-4', '5/2', '1/2'], g = [1, 1])
2022-01-14 09:10:44,397 INFO: Skipped Chabauty because MW generators haven't been computed. (delta = ['1/2', '7/2', '3', '-4', '5/2', '1/2'], g = [4, 4, -8, 5, 1])
2022-01-14 09:10:44,397 INFO: Skipped Chabauty because no base point (delta = ['2', '11/2', '-3/2', '-13/2', '11/2', '1'])
2022-01-14 09:10:44,397 INFO: Skipped Chabauty because MW generators haven't been computed. (delta = ['4', '55', '42', '-100', '66', '13'], g = [1, 1])
2022-01-14 09:10:44,397 INFO: Skipped Chabauty because MW generators haven't been computed. (delta = ['4', '55', '42', '-100', '66', '13'], g = [4, 4, -8, 5, 1])
2022-01-14 09:10:44,397 INFO: Skipped Chabauty because no base point (delta = ['-1/2', '-1'])
2022-01-14 09:10:44,527 INFO: Tasks complete. Recording data and exiting.
2022-02-12 17:30:48,745 INFO: Loaded curve data from file.
2022-02-12 17:30:48,745 INFO: Computing elliptic Chabauty map... (delta = ['-4', '-3', '9', '-5', '-1'], g = [1, 1])
2022-02-12 17:30:59,352 INFO: Elliptic Chabauty map computed. (delta = ['-4', '-3', '9', '-5', '-1'], g = [1, 1])
2022-02-12 17:30:59,355 INFO: Computing elliptic Chabauty map... (delta = ['-4', '-3', '9', '-5', '-1'], g = [4, 4, -8, 5, 1])
2022-02-12 17:31:11,981 INFO: Elliptic Chabauty map computed. (delta = ['-4', '-3', '9', '-5', '-1'], g = [4, 4, -8, 5, 1])
2022-02-12 17:31:11,984 INFO: Computing elliptic Chabauty map... (delta = ['1'], g = [1, 1])
2022-02-12 17:31:22,344 INFO: Elliptic Chabauty map computed. (delta = ['1'], g = [1, 1])
2022-02-12 17:31:22,347 INFO: Computing elliptic Chabauty map... (delta = ['1'], g = [4, 4, -8, 5, 1])
2022-02-12 17:31:34,878 INFO: Elliptic Chabauty map computed. (delta = ['1'], g = [4, 4, -8, 5, 1])
2022-02-12 17:31:34,881 INFO: Computing elliptic Chabauty map... (delta = ['-2', '41/2', '28', '-44', '28', '11/2'], g = [1, 1])
2022-02-12 17:31:45,368 INFO: Elliptic Chabauty map computed. (delta = ['-2', '41/2', '28', '-44', '28', '11/2'], g = [1, 1])
2022-02-12 17:31:45,371 INFO: Computing elliptic Chabauty map... (delta = ['-2', '41/2', '28', '-44', '28', '11/2'], g = [4, 4, -8, 5, 1])
2022-02-12 17:31:58,044 INFO: Elliptic Chabauty map computed. (delta = ['-2', '41/2', '28', '-44', '28', '11/2'], g = [4, 4, -8, 5, 1])
2022-02-12 17:31:58,048 INFO: Computing elliptic Chabauty map... (delta = ['1/2', '7/2', '3', '-4', '5/2', '1/2'], g = [1, 1])
2022-02-12 17:32:08,503 INFO: Elliptic Chabauty map computed. (delta = ['1/2', '7/2', '3', '-4', '5/2', '1/2'], g = [1, 1])
2022-02-12 17:32:08,508 INFO: Computing elliptic Chabauty map... (delta = ['1/2', '7/2', '3', '-4', '5/2', '1/2'], g = [4, 4, -8, 5, 1])
2022-02-12 17:32:21,094 INFO: Elliptic Chabauty map computed. (delta = ['1/2', '7/2', '3', '-4', '5/2', '1/2'], g = [4, 4, -8, 5, 1])
2022-02-12 17:32:21,098 INFO: Computing elliptic Chabauty map... (delta = ['4', '55', '42', '-100', '66', '13'], g = [1, 1])
2022-02-12 17:32:31,652 INFO: Elliptic Chabauty map computed. (delta = ['4', '55', '42', '-100', '66', '13'], g = [1, 1])
2022-02-12 17:32:31,657 INFO: Computing elliptic Chabauty map... (delta = ['4', '55', '42', '-100', '66', '13'], g = [4, 4, -8, 5, 1])
2022-02-12 17:32:44,236 INFO: Elliptic Chabauty map computed. (delta = ['4', '55', '42', '-100', '66', '13'], g = [4, 4, -8, 5, 1])
2022-02-12 17:32:44,242 INFO: Tasks complete. Recording data and exiting.
