2022-01-11 12:29:20,313 INFO: Initialized curve data.
2022-01-11 12:29:20,316 INFO: Setting up initial twist data...
2022-01-11 12:29:21,322 INFO: Twist setup complete.
2022-01-11 12:29:21,323 INFO: Searching for rational points on each twist...
2022-01-11 12:29:22,607 INFO: Finished searching for rational points on each twist.
2022-01-11 12:29:22,608 INFO: Testing local solvability of twists...
2022-01-11 12:29:24,325 INFO: Finished local solvability testing.
2022-01-11 12:29:24,326 INFO: Computing elliptic curve a-invariants...
2022-01-11 12:29:33,736 INFO: Finished computation of a-invariants.
2022-01-11 12:29:33,738 INFO: Computing MW group (delta = ['12', '-1', '-16', '20', '-8', '1'], g = [12, 0, -16, 20, -8, 1])...
2022-01-13 17:36:42,507 INFO: Loaded curve data from file.
2022-01-13 17:36:42,508 INFO: Reducing MW generators...
2022-01-13 17:36:42,508 INFO: Finished reducing MW generators.
2022-01-13 17:36:42,510 INFO: Skipped Chabauty because MW generators haven't been computed. (delta = ['12', '-1', '-16', '20', '-8', '1'], g = [12, 0, -16, 20, -8, 1])
2022-01-13 17:36:42,510 INFO: Skipped Chabauty because no base point (delta = ['1', '-1'])
2022-01-13 17:36:42,510 INFO: Skipped Chabauty because MW generators haven't been computed. (delta = ['1'], g = [12, 0, -16, 20, -8, 1])
2022-01-13 17:36:42,510 INFO: Skipped Chabauty because MW generators haven't been computed. (delta = ['12', '-1', '-15', '20', '-8', '1'], g = [12, 0, -16, 20, -8, 1])
2022-01-13 17:36:42,575 INFO: Tasks complete. Recording data and exiting.
2022-02-12 17:06:59,165 INFO: Loaded curve data from file.
2022-02-12 17:06:59,166 INFO: Computing elliptic Chabauty map... (delta = ['12', '-1', '-16', '20', '-8', '1'], g = [12, 0, -16, 20, -8, 1])
2022-02-12 17:07:13,750 INFO: Elliptic Chabauty map computed. (delta = ['12', '-1', '-16', '20', '-8', '1'], g = [12, 0, -16, 20, -8, 1])
2022-02-12 17:07:13,752 INFO: Computing elliptic Chabauty map... (delta = ['1'], g = [12, 0, -16, 20, -8, 1])
2022-02-12 17:07:27,911 INFO: Elliptic Chabauty map computed. (delta = ['1'], g = [12, 0, -16, 20, -8, 1])
2022-02-12 17:07:27,913 INFO: Computing elliptic Chabauty map... (delta = ['12', '-1', '-15', '20', '-8', '1'], g = [12, 0, -16, 20, -8, 1])
2022-02-12 17:07:42,599 INFO: Elliptic Chabauty map computed. (delta = ['12', '-1', '-15', '20', '-8', '1'], g = [12, 0, -16, 20, -8, 1])
2022-02-12 17:07:42,601 INFO: Tasks complete. Recording data and exiting.
