2022-01-11 15:16:02,992 INFO: Initialized curve data.
2022-01-11 15:16:02,993 INFO: Setting up initial twist data...
2022-01-11 15:16:03,994 INFO: Twist setup complete.
2022-01-11 15:16:03,995 INFO: Searching for rational points on each twist...
2022-01-11 15:16:05,761 INFO: Finished searching for rational points on each twist.
2022-01-11 15:16:05,761 INFO: Testing local solvability of twists...
2022-01-11 15:16:05,766 INFO: Finished local solvability testing.
2022-01-11 15:16:05,767 INFO: Computing elliptic curve a-invariants...
2022-01-11 15:16:12,191 INFO: Finished computation of a-invariants.
2022-01-11 15:16:12,192 INFO: Computing MW group (delta = ['4', '17', '14', '3', '-1', '1'], g = [4, 16, 13, 3, -1, 1])...
2022-01-11 15:17:33,743 INFO: Finished MW computation (delta = ['4', '17', '14', '3', '-1', '1'], g = [4, 16, 13, 3, -1, 1])
2022-01-11 15:17:33,746 INFO: Computing MW group (delta = ['1'], g = [4, 16, 13, 3, -1, 1])...
2022-01-11 15:30:14,020 INFO: Finished MW computation (delta = ['1'], g = [4, 16, 13, 3, -1, 1])
2022-01-11 15:30:14,028 INFO: Computing MW group (delta = ['-16', '-65', '-54', '-13', '4', '-4'], g = [4, 16, 13, 3, -1, 1])...
2022-01-11 15:35:55,647 INFO: Finished MW computation (delta = ['-16', '-65', '-54', '-13', '4', '-4'], g = [4, 16, 13, 3, -1, 1])
2022-01-11 15:35:55,651 INFO: Computing MW group (delta = ['3', '15', '13', '3', '-1', '1'], g = [4, 16, 13, 3, -1, 1])...
2022-01-11 15:36:39,161 INFO: Finished MW computation (delta = ['3', '15', '13', '3', '-1', '1'], g = [4, 16, 13, 3, -1, 1])
2022-01-11 15:36:39,165 INFO: Reducing MW generators...
2022-01-11 15:36:43,213 INFO: Finished reducing MW generators.
2022-01-11 15:36:43,216 INFO: Tasks complete. Recording data and exiting.
2022-01-14 09:07:41,628 INFO: Loaded curve data from file.
2022-01-14 09:07:41,629 INFO: Skipped Chabauty because MW group hasn't been provably computed. (delta = ['4', '17', '14', '3', '-1', '1'], g = [4, 16, 13, 3, -1, 1])
2022-01-14 09:07:41,629 INFO: Running elliptic Chabauty (delta = ['1'], g = [4, 16, 13, 3, -1, 1])...
2022-01-14 09:08:05,288 INFO: Chabauty completed successfully (delta = ['1'], g = [4, 16, 13, 3, -1, 1]).
2022-01-14 09:08:05,293 INFO: Running elliptic Chabauty (delta = ['-16', '-65', '-54', '-13', '4', '-4'], g = [4, 16, 13, 3, -1, 1])...
2022-01-14 09:08:18,025 INFO: Chabauty completed successfully (delta = ['-16', '-65', '-54', '-13', '4', '-4'], g = [4, 16, 13, 3, -1, 1]).
2022-01-14 09:08:18,028 INFO: Running elliptic Chabauty (delta = ['3', '15', '13', '3', '-1', '1'], g = [4, 16, 13, 3, -1, 1])...
2022-01-14 09:08:45,931 INFO: Chabauty completed successfully (delta = ['3', '15', '13', '3', '-1', '1'], g = [4, 16, 13, 3, -1, 1]).
2022-01-14 09:08:46,043 INFO: Tasks complete. Recording data and exiting.
2022-02-12 17:04:39,606 INFO: Loaded curve data from file.
2022-02-12 17:04:39,606 INFO: Computing elliptic Chabauty map... (delta = ['4', '17', '14', '3', '-1', '1'], g = [4, 16, 13, 3, -1, 1])
2022-02-12 17:04:47,739 INFO: Elliptic Chabauty map computed. (delta = ['4', '17', '14', '3', '-1', '1'], g = [4, 16, 13, 3, -1, 1])
2022-02-12 17:04:47,742 INFO: Computing elliptic Chabauty map... (delta = ['1'], g = [4, 16, 13, 3, -1, 1])
2022-02-12 17:04:55,610 INFO: Elliptic Chabauty map computed. (delta = ['1'], g = [4, 16, 13, 3, -1, 1])
2022-02-12 17:04:55,613 INFO: Computing elliptic Chabauty map... (delta = ['-16', '-65', '-54', '-13', '4', '-4'], g = [4, 16, 13, 3, -1, 1])
2022-02-12 17:05:03,528 INFO: Elliptic Chabauty map computed. (delta = ['-16', '-65', '-54', '-13', '4', '-4'], g = [4, 16, 13, 3, -1, 1])
2022-02-12 17:05:03,531 INFO: Computing elliptic Chabauty map... (delta = ['3', '15', '13', '3', '-1', '1'], g = [4, 16, 13, 3, -1, 1])
2022-02-12 17:05:11,383 INFO: Elliptic Chabauty map computed. (delta = ['3', '15', '13', '3', '-1', '1'], g = [4, 16, 13, 3, -1, 1])
2022-02-12 17:05:11,387 INFO: Tasks complete. Recording data and exiting.
