2022-01-01 12:50:59,835 INFO: Initialized curve data.
2022-01-01 12:50:59,838 INFO: Setting up initial twist data...
2022-01-01 12:51:00,864 INFO: Twist setup complete.
2022-01-01 12:51:00,865 INFO: Searching for rational points on each twist...
2022-01-01 12:51:01,675 INFO: Finished searching for rational points on each twist.
2022-01-01 12:51:01,675 INFO: Testing local solvability of twists...
2022-01-01 12:51:09,282 INFO: Finished local solvability testing.
2022-01-01 12:51:09,285 INFO: Computing elliptic curve a-invariants...
2022-01-01 12:51:28,852 INFO: Finished computation of a-invariants.
2022-01-01 12:51:28,854 INFO: Skipped MW computation because no base point (delta = ['-1', '-1'])
2022-01-01 12:51:28,854 INFO: Computing MW group (delta = ['-4', '-8', '9', '10', '0', '-1'], g = [4, 9, -8, -10, 0, 1])...
2022-01-01 12:52:15,193 INFO: Finished MW computation (delta = ['-4', '-8', '9', '10', '0', '-1'], g = [4, 9, -8, -10, 0, 1])
2022-01-01 12:52:15,200 INFO: Computing MW group (delta = ['1'], g = [4, 9, -8, -10, 0, 1])...
2022-01-01 13:01:33,376 INFO: Finished MW computation (delta = ['1'], g = [4, 9, -8, -10, 0, 1])
2022-01-01 13:01:33,380 INFO: Computing MW group (delta = ['4', '8', '-8', '-10', '0', '1'], g = [4, 9, -8, -10, 0, 1])...
2022-01-03 13:14:57,000 INFO: Obsolete "loc_solv_error" keys removed.
2022-01-10 22:39:16,184 INFO: Loaded curve data from file.
2022-01-10 22:39:16,185 INFO: Reducing MW generators...
2022-01-10 22:39:17,276 INFO: Finished reducing MW generators.
2022-01-10 22:39:17,280 INFO: Skipped Chabauty because no base point (delta = ['-1', '-1'])
2022-01-10 22:39:17,280 INFO: Running elliptic Chabauty (delta = ['-4', '-8', '9', '10', '0', '-1'], g = [4, 9, -8, -10, 0, 1])...
2022-01-10 22:39:33,388 INFO: Chabauty completed successfully (delta = ['-4', '-8', '9', '10', '0', '-1'], g = [4, 9, -8, -10, 0, 1]).
2022-01-10 22:39:33,504 INFO: Running elliptic Chabauty (delta = ['1'], g = [4, 9, -8, -10, 0, 1])...
2022-01-10 22:39:54,358 INFO: Chabauty completed successfully (delta = ['1'], g = [4, 9, -8, -10, 0, 1]).
2022-01-10 22:39:54,359 INFO: Skipped Chabauty because MW generators haven't been computed. (delta = ['4', '8', '-8', '-10', '0', '1'], g = [4, 9, -8, -10, 0, 1])
2022-01-10 22:39:54,468 INFO: Tasks complete. Recording data and exiting.
2022-02-12 17:39:31,465 INFO: Loaded curve data from file.
2022-02-12 17:39:31,465 INFO: Computing elliptic Chabauty map... (delta = ['-4', '-8', '9', '10', '0', '-1'], g = [4, 9, -8, -10, 0, 1])
2022-02-12 17:39:46,167 INFO: Elliptic Chabauty map computed. (delta = ['-4', '-8', '9', '10', '0', '-1'], g = [4, 9, -8, -10, 0, 1])
2022-02-12 17:39:46,170 INFO: Computing elliptic Chabauty map... (delta = ['1'], g = [4, 9, -8, -10, 0, 1])
2022-02-12 17:40:00,469 INFO: Elliptic Chabauty map computed. (delta = ['1'], g = [4, 9, -8, -10, 0, 1])
2022-02-12 17:40:00,472 INFO: Computing elliptic Chabauty map... (delta = ['4', '8', '-8', '-10', '0', '1'], g = [4, 9, -8, -10, 0, 1])
2022-02-12 17:40:15,044 INFO: Elliptic Chabauty map computed. (delta = ['4', '8', '-8', '-10', '0', '1'], g = [4, 9, -8, -10, 0, 1])
2022-02-12 17:40:15,046 INFO: Tasks complete. Recording data and exiting.
