2022-01-13 21:54:40,671 INFO: Initialized curve data.
2022-01-13 21:54:40,675 INFO: Setting up initial twist data...
2022-01-13 21:54:41,970 INFO: Twist setup complete.
2022-01-13 21:54:41,970 INFO: Searching for rational points on each twist...
2022-01-13 21:54:43,549 INFO: Finished searching for rational points on each twist.
2022-01-13 21:54:43,549 INFO: Testing local solvability of twists...
2022-01-13 21:54:51,412 INFO: Finished local solvability testing.
2022-01-13 21:54:51,413 INFO: Computing elliptic curve a-invariants...
2022-01-13 21:54:56,243 INFO: Finished computation of a-invariants.
2022-01-13 21:54:56,246 INFO: Computing MW group (delta = ['4', '20', '18', '7', '2', '1'], g = [4, 21, 18, 7, 2, 1])...
2022-01-13 21:56:30,671 INFO: Finished MW computation (delta = ['4', '20', '18', '7', '2', '1'], g = [4, 21, 18, 7, 2, 1])
2022-01-13 21:56:30,677 INFO: Computing MW group (delta = ['1'], g = [4, 21, 18, 7, 2, 1])...
2022-01-13 21:57:17,104 INFO: Finished MW computation (delta = ['1'], g = [4, 21, 18, 7, 2, 1])
2022-01-13 21:57:17,106 INFO: Computing MW group (delta = ['-1', '1', '1'], g = [4, 21, 18, 7, 2, 1])...
2022-01-13 21:58:16,208 INFO: Finished MW computation (delta = ['-1', '1', '1'], g = [4, 21, 18, 7, 2, 1])
2022-01-13 21:58:16,213 INFO: Skipped MW computation because no base point (delta = ['-4', '-20', '-19', '-8', '-2', '-1'])
2022-01-13 21:58:16,216 INFO: Reducing MW generators...
2022-01-13 21:58:18,543 INFO: Finished reducing MW generators.
2022-01-13 21:58:18,545 INFO: Tasks complete. Recording data and exiting.
2022-01-14 11:35:15,579 INFO: Loaded curve data from file.
2022-01-14 11:35:15,579 INFO: Running elliptic Chabauty (delta = ['4', '20', '18', '7', '2', '1'], g = [4, 21, 18, 7, 2, 1])...
2022-01-14 11:36:24,469 INFO: Chabauty completed successfully (delta = ['4', '20', '18', '7', '2', '1'], g = [4, 21, 18, 7, 2, 1]).
2022-01-14 11:36:24,471 INFO: Skipped Chabauty because MW group hasn't been provably computed. (delta = ['1'], g = [4, 21, 18, 7, 2, 1])
2022-01-14 11:36:24,471 INFO: Skipped Chabauty because MW group hasn't been provably computed. (delta = ['-1', '1', '1'], g = [4, 21, 18, 7, 2, 1])
2022-01-14 11:36:24,471 INFO: Skipped Chabauty because no base point (delta = ['-4', '-20', '-19', '-8', '-2', '-1'])
2022-01-14 11:36:24,544 INFO: Tasks complete. Recording data and exiting.
2022-02-12 16:52:33,013 INFO: Loaded curve data from file.
2022-02-12 16:52:33,013 INFO: Computing elliptic Chabauty map... (delta = ['4', '20', '18', '7', '2', '1'], g = [4, 21, 18, 7, 2, 1])
2022-02-12 16:52:46,668 INFO: Elliptic Chabauty map computed. (delta = ['4', '20', '18', '7', '2', '1'], g = [4, 21, 18, 7, 2, 1])
2022-02-12 16:52:46,670 INFO: Computing elliptic Chabauty map... (delta = ['1'], g = [4, 21, 18, 7, 2, 1])
2022-02-12 16:53:00,100 INFO: Elliptic Chabauty map computed. (delta = ['1'], g = [4, 21, 18, 7, 2, 1])
2022-02-12 16:53:00,103 INFO: Computing elliptic Chabauty map... (delta = ['-1', '1', '1'], g = [4, 21, 18, 7, 2, 1])
2022-02-12 16:53:13,536 INFO: Elliptic Chabauty map computed. (delta = ['-1', '1', '1'], g = [4, 21, 18, 7, 2, 1])
2022-02-12 16:53:13,539 INFO: Tasks complete. Recording data and exiting.
