2022-01-01 12:50:39,214 INFO: Initialized curve data.
2022-01-01 12:50:39,218 INFO: Setting up initial twist data...
2022-01-01 12:50:40,572 INFO: Twist setup complete.
2022-01-01 12:50:40,572 INFO: Searching for rational points on each twist...
2022-01-01 12:50:41,869 INFO: Finished searching for rational points on each twist.
2022-01-01 12:50:41,869 INFO: Testing local solvability of twists...
2022-01-01 12:50:46,328 INFO: Finished local solvability testing.
2022-01-01 12:50:46,331 INFO: Computing elliptic curve a-invariants...
2022-01-01 12:51:03,614 INFO: Finished computation of a-invariants.
2022-01-01 12:51:03,616 INFO: Skipped MW computation because no base point (delta = ['-1', '0', '1'])
2022-01-01 12:51:03,616 INFO: Computing MW group (delta = ['1'], g = [4, 4, 0, -4, -2, 1])...
2022-01-01 12:52:10,603 INFO: Finished MW computation (delta = ['1'], g = [4, 4, 0, -4, -2, 1])
2022-01-01 12:52:10,607 INFO: Computing MW group (delta = ['6', '7', '1', '-4', '-2', '1'], g = [4, 4, 0, -4, -2, 1])...
2022-01-01 12:52:46,873 INFO: Finished MW computation (delta = ['6', '7', '1', '-4', '-2', '1'], g = [4, 4, 0, -4, -2, 1])
2022-01-01 12:52:46,875 INFO: Computing MW group (delta = ['10', '9', '1', '-9', '-5', '3'], g = [4, 4, 0, -4, -2, 1])...
2022-01-03 13:14:57,000 INFO: Obsolete "loc_solv_error" keys removed.
2022-01-10 22:39:00,639 INFO: Loaded curve data from file.
2022-01-10 22:39:00,639 INFO: Reducing MW generators...
2022-01-10 22:39:01,559 INFO: Finished reducing MW generators.
2022-01-10 22:39:01,561 INFO: Skipped Chabauty because no base point (delta = ['-1', '0', '1'])
2022-01-10 22:39:01,561 INFO: Running elliptic Chabauty (delta = ['1'], g = [4, 4, 0, -4, -2, 1])...
2022-01-10 22:39:46,296 INFO: Chabauty completed successfully (delta = ['1'], g = [4, 4, 0, -4, -2, 1]).
2022-01-10 22:39:46,298 INFO: Running elliptic Chabauty (delta = ['6', '7', '1', '-4', '-2', '1'], g = [4, 4, 0, -4, -2, 1])...
2022-01-10 22:40:01,017 INFO: Chabauty completed successfully (delta = ['6', '7', '1', '-4', '-2', '1'], g = [4, 4, 0, -4, -2, 1]).
2022-01-10 22:40:01,019 INFO: Skipped Chabauty because MW generators haven't been computed. (delta = ['10', '9', '1', '-9', '-5', '3'], g = [4, 4, 0, -4, -2, 1])
2022-01-10 22:40:01,130 INFO: Tasks complete. Recording data and exiting.
2022-02-12 16:54:23,445 INFO: Loaded curve data from file.
2022-02-12 16:54:23,445 INFO: Computing elliptic Chabauty map... (delta = ['1'], g = [4, 4, 0, -4, -2, 1])
2022-02-12 16:54:35,642 INFO: Elliptic Chabauty map computed. (delta = ['1'], g = [4, 4, 0, -4, -2, 1])
2022-02-12 16:54:35,644 INFO: Computing elliptic Chabauty map... (delta = ['6', '7', '1', '-4', '-2', '1'], g = [4, 4, 0, -4, -2, 1])
2022-02-12 16:54:47,577 INFO: Elliptic Chabauty map computed. (delta = ['6', '7', '1', '-4', '-2', '1'], g = [4, 4, 0, -4, -2, 1])
2022-02-12 16:54:47,579 INFO: Computing elliptic Chabauty map... (delta = ['10', '9', '1', '-9', '-5', '3'], g = [4, 4, 0, -4, -2, 1])
2022-02-12 16:54:59,696 INFO: Elliptic Chabauty map computed. (delta = ['10', '9', '1', '-9', '-5', '3'], g = [4, 4, 0, -4, -2, 1])
2022-02-12 16:54:59,699 INFO: Tasks complete. Recording data and exiting.
