2022-01-12 09:25:18,924 INFO: Initialized curve data.
2022-01-12 09:25:18,932 INFO: Setting up initial twist data...
2022-01-12 09:25:20,510 INFO: Twist setup complete.
2022-01-12 09:25:20,510 INFO: Searching for rational points on each twist...
2022-01-12 09:25:23,110 INFO: Finished searching for rational points on each twist.
2022-01-12 09:25:23,110 INFO: Testing local solvability of twists...
2022-01-12 09:25:23,129 INFO: Finished local solvability testing.
2022-01-12 09:25:23,130 INFO: Computing elliptic curve a-invariants...
2022-01-12 09:25:31,029 INFO: Finished computation of a-invariants.
2022-01-12 09:25:31,031 INFO: Computing MW group (delta = ['4', '-12', '24', '-18', '4', '1'], g = [4, -11, 24, -18, 4, 1])...
2022-01-12 09:27:32,576 INFO: Finished MW computation (delta = ['4', '-12', '24', '-18', '4', '1'], g = [4, -11, 24, -18, 4, 1])
2022-01-12 09:27:32,578 INFO: Computing MW group (delta = ['16', '-44', '97', '-73', '16', '4'], g = [4, -11, 24, -18, 4, 1])...
2022-01-14 09:10:39,324 INFO: Loaded curve data from file.
2022-01-14 09:10:39,325 INFO: Reducing MW generators...
2022-01-14 09:10:39,684 INFO: Finished reducing MW generators.
2022-01-14 09:10:39,686 INFO: Running elliptic Chabauty (delta = ['4', '-12', '24', '-18', '4', '1'], g = [4, -11, 24, -18, 4, 1])...
2022-01-14 09:10:51,964 INFO: Chabauty completed successfully (delta = ['4', '-12', '24', '-18', '4', '1'], g = [4, -11, 24, -18, 4, 1]).
2022-01-14 09:10:51,966 INFO: Skipped Chabauty because MW generators haven't been computed. (delta = ['16', '-44', '97', '-73', '16', '4'], g = [4, -11, 24, -18, 4, 1])
2022-01-14 09:10:51,966 INFO: Skipped Chabauty because MW generators haven't been computed. (delta = ['4', '-12', '25', '-18', '4', '1'], g = [4, -11, 24, -18, 4, 1])
2022-01-14 09:10:51,966 INFO: Skipped Chabauty because MW generators haven't been computed. (delta = ['1'], g = [4, -11, 24, -18, 4, 1])
2022-01-14 09:10:52,009 INFO: Tasks complete. Recording data and exiting.
2022-02-12 17:36:09,349 INFO: Loaded curve data from file.
2022-02-12 17:36:09,350 INFO: Computing elliptic Chabauty map... (delta = ['4', '-12', '24', '-18', '4', '1'], g = [4, -11, 24, -18, 4, 1])
2022-02-12 17:36:23,473 INFO: Elliptic Chabauty map computed. (delta = ['4', '-12', '24', '-18', '4', '1'], g = [4, -11, 24, -18, 4, 1])
2022-02-12 17:36:23,476 INFO: Computing elliptic Chabauty map... (delta = ['16', '-44', '97', '-73', '16', '4'], g = [4, -11, 24, -18, 4, 1])
2022-02-12 17:36:37,397 INFO: Elliptic Chabauty map computed. (delta = ['16', '-44', '97', '-73', '16', '4'], g = [4, -11, 24, -18, 4, 1])
2022-02-12 17:36:37,400 INFO: Computing elliptic Chabauty map... (delta = ['4', '-12', '25', '-18', '4', '1'], g = [4, -11, 24, -18, 4, 1])
2022-02-12 17:36:51,345 INFO: Elliptic Chabauty map computed. (delta = ['4', '-12', '25', '-18', '4', '1'], g = [4, -11, 24, -18, 4, 1])
2022-02-12 17:36:51,348 INFO: Computing elliptic Chabauty map... (delta = ['1'], g = [4, -11, 24, -18, 4, 1])
2022-02-12 17:37:05,220 INFO: Elliptic Chabauty map computed. (delta = ['1'], g = [4, -11, 24, -18, 4, 1])
2022-02-12 17:37:05,223 INFO: Tasks complete. Recording data and exiting.
