2022-01-12 09:25:32,810 INFO: Initialized curve data.
2022-01-12 09:25:32,816 INFO: Setting up initial twist data...
2022-01-12 09:25:33,640 INFO: Twist setup complete.
2022-01-12 09:25:33,640 INFO: Searching for rational points on each twist...
2022-01-12 09:25:35,518 INFO: Finished searching for rational points on each twist.
2022-01-12 09:25:35,518 INFO: Testing local solvability of twists...
2022-01-12 09:25:35,525 INFO: Finished local solvability testing.
2022-01-12 09:25:35,526 INFO: Computing elliptic curve a-invariants...
2022-01-12 09:25:42,441 INFO: Finished computation of a-invariants.
2022-01-12 09:25:42,442 INFO: Computing MW group (delta = ['-8', '6', '3', '-3', '-3', '1'], g = [-9, 7, 3, -3, -3, 1])...
2022-01-12 09:30:47,306 INFO: Finished MW computation (delta = ['-8', '6', '3', '-3', '-3', '1'], g = [-9, 7, 3, -3, -3, 1])
2022-01-12 09:30:47,310 INFO: Computing MW group (delta = ['1'], g = [-9, 7, 3, -3, -3, 1])...
2022-01-12 09:31:56,452 INFO: Finished MW computation (delta = ['1'], g = [-9, 7, 3, -3, -3, 1])
2022-01-12 09:31:56,455 INFO: Computing MW group (delta = ['-36', '27', '14', '-13', '-12', '4'], g = [-9, 7, 3, -3, -3, 1])...
2022-01-12 09:33:07,167 INFO: Finished MW computation (delta = ['-36', '27', '14', '-13', '-12', '4'], g = [-9, 7, 3, -3, -3, 1])
2022-01-12 09:33:07,172 INFO: Computing MW group (delta = ['9', '-8', '-2', '3', '3', '-1'], g = [-9, 7, 3, -3, -3, 1])...
2022-01-12 09:34:35,560 INFO: Finished MW computation (delta = ['9', '-8', '-2', '3', '3', '-1'], g = [-9, 7, 3, -3, -3, 1])
2022-01-12 09:34:35,565 INFO: Reducing MW generators...
2022-01-12 09:34:38,778 INFO: Finished reducing MW generators.
2022-01-12 09:34:38,780 INFO: Tasks complete. Recording data and exiting.
2022-01-14 09:13:20,041 INFO: Loaded curve data from file.
2022-01-14 09:13:20,041 INFO: Running elliptic Chabauty (delta = ['-8', '6', '3', '-3', '-3', '1'], g = [-9, 7, 3, -3, -3, 1])...
2022-01-14 09:13:38,767 INFO: Chabauty completed successfully (delta = ['-8', '6', '3', '-3', '-3', '1'], g = [-9, 7, 3, -3, -3, 1]).
2022-01-14 09:13:38,770 INFO: Skipped Chabauty because MW group hasn't been provably computed. (delta = ['1'], g = [-9, 7, 3, -3, -3, 1])
2022-01-14 09:13:38,770 INFO: Running elliptic Chabauty (delta = ['-36', '27', '14', '-13', '-12', '4'], g = [-9, 7, 3, -3, -3, 1])...
2022-01-14 09:14:07,761 INFO: Chabauty completed successfully (delta = ['-36', '27', '14', '-13', '-12', '4'], g = [-9, 7, 3, -3, -3, 1]).
2022-01-14 09:14:07,763 INFO: Running elliptic Chabauty (delta = ['9', '-8', '-2', '3', '3', '-1'], g = [-9, 7, 3, -3, -3, 1])...
2022-01-14 09:14:18,639 INFO: Chabauty completed successfully (delta = ['9', '-8', '-2', '3', '3', '-1'], g = [-9, 7, 3, -3, -3, 1]).
2022-01-14 09:14:18,766 INFO: Tasks complete. Recording data and exiting.
2022-02-12 17:34:28,147 INFO: Loaded curve data from file.
2022-02-12 17:34:28,147 INFO: Computing elliptic Chabauty map... (delta = ['-8', '6', '3', '-3', '-3', '1'], g = [-9, 7, 3, -3, -3, 1])
2022-02-12 17:34:39,302 INFO: Elliptic Chabauty map computed. (delta = ['-8', '6', '3', '-3', '-3', '1'], g = [-9, 7, 3, -3, -3, 1])
2022-02-12 17:34:39,305 INFO: Computing elliptic Chabauty map... (delta = ['1'], g = [-9, 7, 3, -3, -3, 1])
2022-02-12 17:34:50,091 INFO: Elliptic Chabauty map computed. (delta = ['1'], g = [-9, 7, 3, -3, -3, 1])
2022-02-12 17:34:50,093 INFO: Computing elliptic Chabauty map... (delta = ['-36', '27', '14', '-13', '-12', '4'], g = [-9, 7, 3, -3, -3, 1])
2022-02-12 17:35:01,157 INFO: Elliptic Chabauty map computed. (delta = ['-36', '27', '14', '-13', '-12', '4'], g = [-9, 7, 3, -3, -3, 1])
2022-02-12 17:35:01,159 INFO: Computing elliptic Chabauty map... (delta = ['9', '-8', '-2', '3', '3', '-1'], g = [-9, 7, 3, -3, -3, 1])
2022-02-12 17:35:11,855 INFO: Elliptic Chabauty map computed. (delta = ['9', '-8', '-2', '3', '3', '-1'], g = [-9, 7, 3, -3, -3, 1])
2022-02-12 17:35:11,860 INFO: Tasks complete. Recording data and exiting.
