2022-01-01 12:51:02,937 INFO: Initialized curve data.
2022-01-01 12:51:02,940 INFO: Setting up initial twist data...
2022-01-01 12:51:04,305 INFO: Twist setup complete.
2022-01-01 12:51:04,306 INFO: Searching for rational points on each twist...
2022-01-01 12:51:05,333 INFO: Finished searching for rational points on each twist.
2022-01-01 12:51:05,334 INFO: Testing local solvability of twists...
2022-01-01 12:51:05,339 INFO: Finished local solvability testing.
2022-01-01 12:51:05,340 INFO: Computing elliptic curve a-invariants...
2022-01-01 12:51:12,698 INFO: Finished computation of a-invariants.
2022-01-01 12:51:12,701 INFO: Computing MW group (delta = ['1', '-4', '-10', '-9', '-1', '-1'], g = [-1, 3, 11, 9, 1, 1])...
2022-01-01 12:52:25,190 INFO: Finished MW computation (delta = ['1', '-4', '-10', '-9', '-1', '-1'], g = [-1, 3, 11, 9, 1, 1])
2022-01-01 12:52:25,194 INFO: Computing MW group (delta = ['0', '2', '11', '9', '1', '1'], g = [-1, 3, 11, 9, 1, 1])...
2022-01-01 12:52:51,386 INFO: Finished MW computation (delta = ['0', '2', '11', '9', '1', '1'], g = [-1, 3, 11, 9, 1, 1])
2022-01-01 12:52:51,390 INFO: Computing MW group (delta = ['1'], g = [-1, 3, 11, 9, 1, 1])...
2022-01-03 13:14:58,000 INFO: Obsolete "loc_solv_error" keys removed.
2022-01-10 22:42:00,811 INFO: Loaded curve data from file.
2022-01-10 22:42:00,811 INFO: Reducing MW generators...
2022-01-10 22:42:02,070 INFO: Finished reducing MW generators.
2022-01-10 22:42:02,072 INFO: Running elliptic Chabauty (delta = ['1', '-4', '-10', '-9', '-1', '-1'], g = [-1, 3, 11, 9, 1, 1])...
2022-01-10 22:42:24,454 INFO: Chabauty completed successfully (delta = ['1', '-4', '-10', '-9', '-1', '-1'], g = [-1, 3, 11, 9, 1, 1]).
2022-01-10 22:42:24,456 INFO: Running elliptic Chabauty (delta = ['0', '2', '11', '9', '1', '1'], g = [-1, 3, 11, 9, 1, 1])...
2022-01-10 22:42:34,451 INFO: Chabauty completed successfully (delta = ['0', '2', '11', '9', '1', '1'], g = [-1, 3, 11, 9, 1, 1]).
2022-01-10 22:42:34,454 INFO: Skipped Chabauty because MW generators haven't been computed. (delta = ['1'], g = [-1, 3, 11, 9, 1, 1])
2022-01-10 22:42:34,454 INFO: Skipped Chabauty because MW generators haven't been computed. (delta = ['0', '-1'], g = [-1, 3, 11, 9, 1, 1])
2022-01-10 22:42:34,547 INFO: Tasks complete. Recording data and exiting.
2022-02-12 17:40:07,814 INFO: Loaded curve data from file.
2022-02-12 17:40:07,814 INFO: Computing elliptic Chabauty map... (delta = ['1', '-4', '-10', '-9', '-1', '-1'], g = [-1, 3, 11, 9, 1, 1])
2022-02-12 17:40:15,779 INFO: Elliptic Chabauty map computed. (delta = ['1', '-4', '-10', '-9', '-1', '-1'], g = [-1, 3, 11, 9, 1, 1])
2022-02-12 17:40:15,782 INFO: Computing elliptic Chabauty map... (delta = ['0', '2', '11', '9', '1', '1'], g = [-1, 3, 11, 9, 1, 1])
2022-02-12 17:40:23,637 INFO: Elliptic Chabauty map computed. (delta = ['0', '2', '11', '9', '1', '1'], g = [-1, 3, 11, 9, 1, 1])
2022-02-12 17:40:23,640 INFO: Computing elliptic Chabauty map... (delta = ['1'], g = [-1, 3, 11, 9, 1, 1])
2022-02-12 17:40:31,474 INFO: Elliptic Chabauty map computed. (delta = ['1'], g = [-1, 3, 11, 9, 1, 1])
2022-02-12 17:40:31,477 INFO: Computing elliptic Chabauty map... (delta = ['0', '-1'], g = [-1, 3, 11, 9, 1, 1])
2022-02-12 17:40:39,368 INFO: Elliptic Chabauty map computed. (delta = ['0', '-1'], g = [-1, 3, 11, 9, 1, 1])
2022-02-12 17:40:39,371 INFO: Tasks complete. Recording data and exiting.
