2022-01-01 12:51:04,688 INFO: Initialized curve data.
2022-01-01 12:51:04,691 INFO: Setting up initial twist data...
2022-01-01 12:51:05,708 INFO: Twist setup complete.
2022-01-01 12:51:05,708 INFO: Searching for rational points on each twist...
2022-01-01 12:51:06,611 INFO: Finished searching for rational points on each twist.
2022-01-01 12:51:06,611 INFO: Testing local solvability of twists...
2022-01-01 12:51:06,617 INFO: Finished local solvability testing.
2022-01-01 12:51:06,619 INFO: Computing elliptic curve a-invariants...
2022-01-01 12:51:12,922 INFO: Finished computation of a-invariants.
2022-01-01 12:51:12,924 INFO: Computing MW group (delta = ['-25', '19', '9', '-9', '-1', '1'], g = [-24, 20, 9, -9, -1, 1])...
2022-01-01 12:53:35,237 INFO: Finished MW computation (delta = ['-25', '19', '9', '-9', '-1', '1'], g = [-24, 20, 9, -9, -1, 1])
2022-01-01 12:53:35,243 INFO: Computing MW group (delta = ['1'], g = [-24, 20, 9, -9, -1, 1])...
2022-01-03 13:14:58,000 INFO: Obsolete "loc_solv_error" keys removed.
2022-01-10 22:42:02,098 INFO: Loaded curve data from file.
2022-01-10 22:42:02,098 INFO: Reducing MW generators...
2022-01-10 22:42:02,455 INFO: Finished reducing MW generators.
2022-01-10 22:42:02,457 INFO: Running elliptic Chabauty (delta = ['-25', '19', '9', '-9', '-1', '1'], g = [-24, 20, 9, -9, -1, 1])...
2022-01-10 22:42:09,839 INFO: Chabauty completed successfully (delta = ['-25', '19', '9', '-9', '-1', '1'], g = [-24, 20, 9, -9, -1, 1]).
2022-01-10 22:42:09,843 INFO: Skipped Chabauty because MW generators haven't been computed. (delta = ['1'], g = [-24, 20, 9, -9, -1, 1])
2022-01-10 22:42:09,843 INFO: Skipped Chabauty because MW generators haven't been computed. (delta = ['26', '-17', '-8', '9', '1', '-1'], g = [-24, 20, 9, -9, -1, 1])
2022-01-10 22:42:09,843 INFO: Skipped Chabauty because MW generators haven't been computed. (delta = ['-674', '555', '248', '-253', '-28', '28'], g = [-24, 20, 9, -9, -1, 1])
2022-01-10 22:42:09,890 INFO: Tasks complete. Recording data and exiting.
2022-02-12 17:08:42,630 INFO: Loaded curve data from file.
2022-02-12 17:08:42,630 INFO: Computing elliptic Chabauty map... (delta = ['-25', '19', '9', '-9', '-1', '1'], g = [-24, 20, 9, -9, -1, 1])
2022-02-12 17:08:48,046 INFO: Elliptic Chabauty map computed. (delta = ['-25', '19', '9', '-9', '-1', '1'], g = [-24, 20, 9, -9, -1, 1])
2022-02-12 17:08:48,049 INFO: Computing elliptic Chabauty map... (delta = ['1'], g = [-24, 20, 9, -9, -1, 1])
2022-02-12 17:08:53,195 INFO: Elliptic Chabauty map computed. (delta = ['1'], g = [-24, 20, 9, -9, -1, 1])
2022-02-12 17:08:53,197 INFO: Computing elliptic Chabauty map... (delta = ['26', '-17', '-8', '9', '1', '-1'], g = [-24, 20, 9, -9, -1, 1])
2022-02-12 17:08:58,406 INFO: Elliptic Chabauty map computed. (delta = ['26', '-17', '-8', '9', '1', '-1'], g = [-24, 20, 9, -9, -1, 1])
2022-02-12 17:08:58,409 INFO: Computing elliptic Chabauty map... (delta = ['-674', '555', '248', '-253', '-28', '28'], g = [-24, 20, 9, -9, -1, 1])
2022-02-12 17:09:03,784 INFO: Elliptic Chabauty map computed. (delta = ['-674', '555', '248', '-253', '-28', '28'], g = [-24, 20, 9, -9, -1, 1])
2022-02-12 17:09:03,787 INFO: Tasks complete. Recording data and exiting.
