2022-01-13 21:54:49,188 INFO: Initialized curve data.
2022-01-13 21:54:49,295 INFO: Setting up initial twist data...
2022-01-13 21:54:50,405 INFO: Twist setup complete.
2022-01-13 21:54:50,405 INFO: Searching for rational points on each twist...
2022-01-13 21:54:52,658 INFO: Finished searching for rational points on each twist.
2022-01-13 21:54:52,659 INFO: Testing local solvability of twists...
2022-01-13 21:55:44,156 INFO: Finished local solvability testing.
2022-01-13 21:55:44,158 INFO: Computing elliptic curve a-invariants...
2022-01-13 21:56:16,703 INFO: Finished computation of a-invariants.
2022-01-13 21:56:16,705 INFO: Computing MW group (delta = ['4', '31', '-48', '4', '8', '1'], g = [4, 32, -48, 4, 8, 1])...
2022-01-13 21:57:05,427 INFO: Finished MW computation (delta = ['4', '31', '-48', '4', '8', '1'], g = [4, 32, -48, 4, 8, 1])
2022-01-13 21:57:05,429 INFO: Computing MW group (delta = ['1'], g = [4, 32, -48, 4, 8, 1])...
2022-01-13 22:04:01,473 INFO: Finished MW computation (delta = ['1'], g = [4, 32, -48, 4, 8, 1])
2022-01-13 22:04:01,476 INFO: Computing MW group (delta = ['1/2', '9/2', '1'], g = [4, 32, -48, 4, 8, 1])...
2022-01-13 22:16:03,613 INFO: Finished MW computation (delta = ['1/2', '9/2', '1'], g = [4, 32, -48, 4, 8, 1])
2022-01-13 22:16:03,616 INFO: Skipped MW computation because no base point (delta = ['2', '31/2', '-57/2', '1', '4', '1/2'])
2022-01-13 22:16:03,617 INFO: Reducing MW generators...
2022-01-13 22:16:05,576 INFO: Finished reducing MW generators.
2022-01-13 22:16:05,578 INFO: Tasks complete. Recording data and exiting.
2022-01-14 11:35:26,256 INFO: Loaded curve data from file.
2022-01-14 11:35:26,257 INFO: Running elliptic Chabauty (delta = ['4', '31', '-48', '4', '8', '1'], g = [4, 32, -48, 4, 8, 1])...
2022-01-14 11:35:48,445 INFO: Chabauty completed successfully (delta = ['4', '31', '-48', '4', '8', '1'], g = [4, 32, -48, 4, 8, 1]).
2022-01-14 11:35:48,448 INFO: Running elliptic Chabauty (delta = ['1'], g = [4, 32, -48, 4, 8, 1])...
2022-01-14 11:36:15,760 INFO: Chabauty completed successfully (delta = ['1'], g = [4, 32, -48, 4, 8, 1]).
2022-01-14 11:36:15,761 INFO: Skipped Chabauty because MW group hasn't been provably computed. (delta = ['1/2', '9/2', '1'], g = [4, 32, -48, 4, 8, 1])
2022-01-14 11:36:15,761 INFO: Skipped Chabauty because no base point (delta = ['2', '31/2', '-57/2', '1', '4', '1/2'])
2022-01-14 11:36:15,871 INFO: Tasks complete. Recording data and exiting.
2022-02-12 16:39:10,090 INFO: Loaded curve data from file.
2022-02-12 16:39:10,090 INFO: Computing elliptic Chabauty map... (delta = ['4', '31', '-48', '4', '8', '1'], g = [4, 32, -48, 4, 8, 1])
2022-02-12 16:39:31,849 INFO: Elliptic Chabauty map computed. (delta = ['4', '31', '-48', '4', '8', '1'], g = [4, 32, -48, 4, 8, 1])
2022-02-12 16:39:31,853 INFO: Computing elliptic Chabauty map... (delta = ['1'], g = [4, 32, -48, 4, 8, 1])
2022-02-12 16:39:54,143 INFO: Elliptic Chabauty map computed. (delta = ['1'], g = [4, 32, -48, 4, 8, 1])
2022-02-12 16:39:54,145 INFO: Computing elliptic Chabauty map... (delta = ['1/2', '9/2', '1'], g = [4, 32, -48, 4, 8, 1])
2022-02-12 16:40:15,562 INFO: Elliptic Chabauty map computed. (delta = ['1/2', '9/2', '1'], g = [4, 32, -48, 4, 8, 1])
2022-02-12 16:40:15,565 INFO: Tasks complete. Recording data and exiting.
