2022-01-13 21:54:46,688 INFO: Initialized curve data.
2022-01-13 21:54:46,692 INFO: Setting up initial twist data...
2022-01-13 21:54:48,169 INFO: Twist setup complete.
2022-01-13 21:54:48,169 INFO: Searching for rational points on each twist...
2022-01-13 21:54:49,983 INFO: Finished searching for rational points on each twist.
2022-01-13 21:54:49,983 INFO: Testing local solvability of twists...
2022-01-13 21:54:53,920 INFO: Finished local solvability testing.
2022-01-13 21:54:53,921 INFO: Computing elliptic curve a-invariants...
2022-01-13 21:55:08,158 INFO: Finished computation of a-invariants.
2022-01-13 21:55:08,160 INFO: Computing MW group (delta = ['4', '4', '-8', '-8', '0', '4'], g = [4, 5, -8, -8, 0, 4])...
2022-01-13 21:56:23,899 INFO: Finished MW computation (delta = ['4', '4', '-8', '-8', '0', '4'], g = [4, 5, -8, -8, 0, 4])
2022-01-13 21:56:23,902 INFO: Computing MW group (delta = ['-2', '-2', '4', '3', '0', '-2'], g = [4, 5, -8, -8, 0, 4])...
2022-01-13 21:56:48,531 INFO: Finished MW computation (delta = ['-2', '-2', '4', '3', '0', '-2'], g = [4, 5, -8, -8, 0, 4])
2022-01-13 21:56:48,533 INFO: Skipped MW computation because no base point (delta = ['-1/2', '0', '1'])
2022-01-13 21:56:48,533 INFO: Computing MW group (delta = ['1'], g = [4, 5, -8, -8, 0, 4])...
2022-01-13 21:58:10,676 INFO: Finished MW computation (delta = ['1'], g = [4, 5, -8, -8, 0, 4])
2022-01-13 21:58:10,680 INFO: Reducing MW generators...
2022-01-13 21:58:12,794 INFO: Finished reducing MW generators.
2022-01-13 21:58:12,796 INFO: Tasks complete. Recording data and exiting.
2022-01-14 11:35:25,426 INFO: Loaded curve data from file.
2022-01-14 11:35:25,426 INFO: Running elliptic Chabauty (delta = ['4', '4', '-8', '-8', '0', '4'], g = [4, 5, -8, -8, 0, 4])...
2022-01-14 11:35:38,858 INFO: Chabauty completed successfully (delta = ['4', '4', '-8', '-8', '0', '4'], g = [4, 5, -8, -8, 0, 4]).
2022-01-14 11:35:38,861 INFO: Running elliptic Chabauty (delta = ['-2', '-2', '4', '3', '0', '-2'], g = [4, 5, -8, -8, 0, 4])...
2022-01-14 11:35:49,592 INFO: Chabauty completed successfully (delta = ['-2', '-2', '4', '3', '0', '-2'], g = [4, 5, -8, -8, 0, 4]).
2022-01-14 11:35:49,594 INFO: Skipped Chabauty because no base point (delta = ['-1/2', '0', '1'])
2022-01-14 11:35:49,595 INFO: Skipped Chabauty because MW group hasn't been provably computed. (delta = ['1'], g = [4, 5, -8, -8, 0, 4])
2022-01-14 11:35:49,742 INFO: Tasks complete. Recording data and exiting.
2022-02-12 16:53:32,947 INFO: Loaded curve data from file.
2022-02-12 16:53:32,947 INFO: Computing elliptic Chabauty map... (delta = ['4', '4', '-8', '-8', '0', '4'], g = [4, 5, -8, -8, 0, 4])
2022-02-12 16:53:43,969 INFO: Elliptic Chabauty map computed. (delta = ['4', '4', '-8', '-8', '0', '4'], g = [4, 5, -8, -8, 0, 4])
2022-02-12 16:53:43,971 INFO: Computing elliptic Chabauty map... (delta = ['-2', '-2', '4', '3', '0', '-2'], g = [4, 5, -8, -8, 0, 4])
2022-02-12 16:53:55,000 INFO: Elliptic Chabauty map computed. (delta = ['-2', '-2', '4', '3', '0', '-2'], g = [4, 5, -8, -8, 0, 4])
2022-02-12 16:53:55,002 INFO: Computing elliptic Chabauty map... (delta = ['1'], g = [4, 5, -8, -8, 0, 4])
2022-02-12 16:54:05,788 INFO: Elliptic Chabauty map computed. (delta = ['1'], g = [4, 5, -8, -8, 0, 4])
2022-02-12 16:54:05,791 INFO: Tasks complete. Recording data and exiting.
