2022-01-11 12:29:12,623 INFO: Initialized curve data.
2022-01-11 12:29:12,636 INFO: Setting up initial twist data...
2022-01-11 12:29:14,243 INFO: Twist setup complete.
2022-01-11 12:29:14,243 INFO: Searching for rational points on each twist...
2022-01-11 12:29:17,897 INFO: Finished searching for rational points on each twist.
2022-01-11 12:29:17,897 INFO: Testing local solvability of twists...
2022-01-11 12:29:28,967 INFO: Finished local solvability testing.
2022-01-11 12:29:28,969 INFO: Computing elliptic curve a-invariants...
2022-01-11 12:29:38,038 INFO: Finished computation of a-invariants.
2022-01-11 12:29:38,041 INFO: Computing MW group (delta = ['-4', '-31', '-67', '-45', '-9'], g = [1, 1])...
2022-01-11 12:29:38,638 INFO: Finished MW computation (delta = ['-4', '-31', '-67', '-45', '-9'], g = [1, 1])
2022-01-11 12:29:38,640 INFO: Computing MW group (delta = ['-4', '-31', '-67', '-45', '-9'], g = [4, 32, 68, 45, 9])...
2022-01-11 12:30:03,528 INFO: Finished MW computation (delta = ['-4', '-31', '-67', '-45', '-9'], g = [4, 32, 68, 45, 9])
2022-01-11 12:30:03,532 INFO: Skipped MW computation because no base point (delta = ['-1/2', '-1'])
2022-01-11 12:30:03,532 INFO: Skipped MW computation because no base point (delta = ['1/2', '7/2', '17', '34', '45/2', '9/2'])
2022-01-11 12:30:03,532 INFO: Computing MW group (delta = ['4', '19', '-30', '-160', '-126', '-27'], g = [1, 1])...
2022-01-11 12:30:04,059 INFO: Finished MW computation (delta = ['4', '19', '-30', '-160', '-126', '-27'], g = [1, 1])
2022-01-11 12:30:04,061 INFO: Computing MW group (delta = ['4', '19', '-30', '-160', '-126', '-27'], g = [4, 32, 68, 45, 9])...
2022-01-11 12:30:27,549 INFO: Finished MW computation (delta = ['4', '19', '-30', '-160', '-126', '-27'], g = [4, 32, 68, 45, 9])
2022-01-11 12:30:27,551 INFO: Computing MW group (delta = ['1'], g = [1, 1])...
2022-01-11 12:30:28,087 INFO: Finished MW computation (delta = ['1'], g = [1, 1])
2022-01-11 12:30:28,090 INFO: Computing MW group (delta = ['1'], g = [4, 32, 68, 45, 9])...
2022-01-11 12:31:14,466 INFO: Finished MW computation (delta = ['1'], g = [4, 32, 68, 45, 9])
2022-01-11 12:31:14,470 INFO: Unable to use elliptic Chabauty on twist (delta = ['1'])
2022-01-11 12:31:14,472 INFO: Obstruction found to provably computing rational points. Exiting.
2022-01-13 17:36:32,897 INFO: Loaded curve data from file.
2022-01-13 17:36:32,897 INFO: Obstruction already found. Exiting.
2022-02-12 16:55:26,813 INFO: Loaded curve data from file.
2022-02-12 16:55:26,813 INFO: Computing elliptic Chabauty map... (delta = ['-4', '-31', '-67', '-45', '-9'], g = [1, 1])
2022-02-12 16:55:36,861 INFO: Elliptic Chabauty map computed. (delta = ['-4', '-31', '-67', '-45', '-9'], g = [1, 1])
2022-02-12 16:55:36,864 INFO: Computing elliptic Chabauty map... (delta = ['-4', '-31', '-67', '-45', '-9'], g = [4, 32, 68, 45, 9])
2022-02-12 16:55:50,077 INFO: Elliptic Chabauty map computed. (delta = ['-4', '-31', '-67', '-45', '-9'], g = [4, 32, 68, 45, 9])
2022-02-12 16:55:50,081 INFO: Computing elliptic Chabauty map... (delta = ['4', '19', '-30', '-160', '-126', '-27'], g = [1, 1])
2022-02-12 16:55:59,965 INFO: Elliptic Chabauty map computed. (delta = ['4', '19', '-30', '-160', '-126', '-27'], g = [1, 1])
2022-02-12 16:55:59,968 INFO: Computing elliptic Chabauty map... (delta = ['4', '19', '-30', '-160', '-126', '-27'], g = [4, 32, 68, 45, 9])
2022-02-12 16:56:12,844 INFO: Elliptic Chabauty map computed. (delta = ['4', '19', '-30', '-160', '-126', '-27'], g = [4, 32, 68, 45, 9])
2022-02-12 16:56:12,847 INFO: Computing elliptic Chabauty map... (delta = ['1'], g = [1, 1])
2022-02-12 16:56:22,691 INFO: Elliptic Chabauty map computed. (delta = ['1'], g = [1, 1])
2022-02-12 16:56:22,695 INFO: Computing elliptic Chabauty map... (delta = ['1'], g = [4, 32, 68, 45, 9])
2022-02-12 16:56:35,585 INFO: Elliptic Chabauty map computed. (delta = ['1'], g = [4, 32, 68, 45, 9])
2022-02-12 16:56:35,589 INFO: Computing elliptic Chabauty map... (delta = ['-2', '-51/2', '-112', '-190', '-116', '-45/2'], g = [1, 1])
2022-02-12 16:56:45,561 INFO: Elliptic Chabauty map computed. (delta = ['-2', '-51/2', '-112', '-190', '-116', '-45/2'], g = [1, 1])
2022-02-12 16:56:45,565 INFO: Computing elliptic Chabauty map... (delta = ['-2', '-51/2', '-112', '-190', '-116', '-45/2'], g = [4, 32, 68, 45, 9])
2022-02-12 16:56:58,567 INFO: Elliptic Chabauty map computed. (delta = ['-2', '-51/2', '-112', '-190', '-116', '-45/2'], g = [4, 32, 68, 45, 9])
2022-02-12 16:56:58,572 INFO: Computing elliptic Chabauty map... (delta = ['-1', '3', '32', '68', '45', '9'], g = [1, 1])
2022-02-12 16:57:08,429 INFO: Elliptic Chabauty map computed. (delta = ['-1', '3', '32', '68', '45', '9'], g = [1, 1])
2022-02-12 16:57:08,434 INFO: Computing elliptic Chabauty map... (delta = ['-1', '3', '32', '68', '45', '9'], g = [4, 32, 68, 45, 9])
2022-02-12 16:57:21,245 INFO: Elliptic Chabauty map computed. (delta = ['-1', '3', '32', '68', '45', '9'], g = [4, 32, 68, 45, 9])
2022-02-12 16:57:21,251 INFO: Tasks complete. Recording data and exiting.
