2022-01-12 12:25:08,156 INFO: Initialized curve data.
2022-01-12 12:25:08,158 INFO: Setting up initial twist data...
2022-01-12 12:25:09,352 INFO: Twist setup complete.
2022-01-12 12:25:09,352 INFO: Searching for rational points on each twist...
2022-01-12 12:25:11,073 INFO: Finished searching for rational points on each twist.
2022-01-12 12:25:11,073 INFO: Testing local solvability of twists...
2022-01-12 12:25:26,762 INFO: Finished local solvability testing.
2022-01-12 12:25:26,764 INFO: Computing elliptic curve a-invariants...
2022-01-12 12:25:39,247 INFO: Finished computation of a-invariants.
2022-01-12 12:25:39,248 INFO: Skipped MW computation because no base point (delta = ['2', '-1'])
2022-01-12 12:25:39,248 INFO: Computing MW group (delta = ['9', '-5', '-8', '-4', '3', '1'], g = [8, -4, -8, -4, 3, 1])...
2022-01-12 12:31:07,936 INFO: Finished MW computation (delta = ['9', '-5', '-8', '-4', '3', '1'], g = [8, -4, -8, -4, 3, 1])
2022-01-12 12:31:07,938 INFO: Computing MW group (delta = ['1'], g = [8, -4, -8, -4, 3, 1])...
2022-01-14 11:32:51,424 INFO: Loaded curve data from file.
2022-01-14 11:32:51,424 INFO: Reducing MW generators...
2022-01-14 11:32:51,750 INFO: Finished reducing MW generators.
2022-01-14 11:32:51,752 INFO: Skipped Chabauty because no base point (delta = ['2', '-1'])
2022-01-14 11:32:51,752 INFO: Skipped Chabauty because MW group hasn't been provably computed. (delta = ['9', '-5', '-8', '-4', '3', '1'], g = [8, -4, -8, -4, 3, 1])
2022-01-14 11:32:51,752 INFO: Skipped Chabauty because MW generators haven't been computed. (delta = ['1'], g = [8, -4, -8, -4, 3, 1])
2022-01-14 11:32:51,752 INFO: Skipped Chabauty because MW generators haven't been computed. (delta = ['10', '-7', '-7', '-4', '3', '1'], g = [8, -4, -8, -4, 3, 1])
2022-01-14 11:32:51,800 INFO: Tasks complete. Recording data and exiting.
2022-02-12 17:45:36,433 INFO: Loaded curve data from file.
2022-02-12 17:45:36,433 INFO: Computing elliptic Chabauty map... (delta = ['9', '-5', '-8', '-4', '3', '1'], g = [8, -4, -8, -4, 3, 1])
2022-02-12 17:45:53,140 INFO: Elliptic Chabauty map computed. (delta = ['9', '-5', '-8', '-4', '3', '1'], g = [8, -4, -8, -4, 3, 1])
2022-02-12 17:45:53,142 INFO: Computing elliptic Chabauty map... (delta = ['1'], g = [8, -4, -8, -4, 3, 1])
2022-02-12 17:46:09,567 INFO: Elliptic Chabauty map computed. (delta = ['1'], g = [8, -4, -8, -4, 3, 1])
2022-02-12 17:46:09,569 INFO: Computing elliptic Chabauty map... (delta = ['10', '-7', '-7', '-4', '3', '1'], g = [8, -4, -8, -4, 3, 1])
2022-02-12 17:46:25,886 INFO: Elliptic Chabauty map computed. (delta = ['10', '-7', '-7', '-4', '3', '1'], g = [8, -4, -8, -4, 3, 1])
2022-02-12 17:46:25,889 INFO: Tasks complete. Recording data and exiting.
