2022-01-11 12:29:22,214 INFO: Initialized curve data.
2022-01-11 12:29:22,217 INFO: Setting up initial twist data...
2022-01-11 12:29:23,286 INFO: Twist setup complete.
2022-01-11 12:29:23,286 INFO: Searching for rational points on each twist...
2022-01-11 12:29:26,984 INFO: Finished searching for rational points on each twist.
2022-01-11 12:29:26,984 INFO: Testing local solvability of twists...
2022-01-11 12:29:37,736 INFO: Finished local solvability testing.
2022-01-11 12:29:37,737 INFO: Computing elliptic curve a-invariants...
2022-01-11 12:29:40,997 INFO: Finished computation of a-invariants.
2022-01-11 12:29:40,999 INFO: Skipped MW computation because no base point (delta = ['-64', '108', '-240', '23', '62', '11'])
2022-01-11 12:29:40,999 INFO: Skipped MW computation because no base point (delta = ['-4', '-1'])
2022-01-11 12:29:41,000 INFO: Computing MW group (delta = ['1'], g = [-1, 1])...
2022-01-11 12:29:41,384 INFO: Finished MW computation (delta = ['1'], g = [-1, 1])
2022-01-11 12:29:41,386 INFO: Computing MW group (delta = ['1'], g = [4, -4, 12, 7, 1])...
2022-01-11 12:31:57,752 INFO: Finished MW computation (delta = ['1'], g = [4, -4, 12, 7, 1])
2022-01-11 12:31:57,757 INFO: Computing MW group (delta = ['16', '-8', '41', '39', '11', '1'], g = [-1, 1])...
2022-01-11 12:31:58,148 INFO: Finished MW computation (delta = ['16', '-8', '41', '39', '11', '1'], g = [-1, 1])
2022-01-11 12:31:58,151 INFO: Computing MW group (delta = ['16', '-8', '41', '39', '11', '1'], g = [4, -4, 12, 7, 1])...
2022-01-13 17:36:44,849 INFO: Loaded curve data from file.
2022-01-13 17:36:44,849 INFO: Reducing MW generators...
2022-01-13 17:36:45,332 INFO: Finished reducing MW generators.
2022-01-13 17:36:45,335 INFO: Skipped Chabauty because no base point (delta = ['-64', '108', '-240', '23', '62', '11'])
2022-01-13 17:36:45,335 INFO: Skipped Chabauty because no base point (delta = ['-4', '-1'])
2022-01-13 17:36:45,335 INFO: Skipped Chabauty because rank >= degree(g). (delta = ['1'], g = [-1, 1])
2022-01-13 17:36:45,335 INFO: Running elliptic Chabauty (delta = ['1'], g = [4, -4, 12, 7, 1])...
2022-01-13 17:36:56,233 INFO: Chabauty completed successfully (delta = ['1'], g = [4, -4, 12, 7, 1]).
2022-01-13 17:36:56,235 INFO: Skipped Chabauty because rank >= degree(g). (delta = ['16', '-8', '41', '39', '11', '1'], g = [-1, 1])
2022-01-13 17:36:56,236 INFO: Skipped Chabauty because MW generators haven't been computed. (delta = ['16', '-8', '41', '39', '11', '1'], g = [4, -4, 12, 7, 1])
2022-01-13 17:36:56,236 INFO: Skipped Chabauty because no base point (delta = ['16', '-28', '61', '-9', '-17', '-3'])
2022-01-13 17:36:56,236 INFO: Skipped Chabauty because MW generators haven't been computed. (delta = ['-4', '7', '-16', '5', '6', '1'], g = [-1, 1])
2022-01-13 17:36:56,236 INFO: Skipped Chabauty because MW generators haven't been computed. (delta = ['-4', '7', '-16', '5', '6', '1'], g = [4, -4, 12, 7, 1])
2022-01-13 17:36:56,236 INFO: Skipped Chabauty because MW generators haven't been computed. (delta = ['16', '-28', '65', '-20', '-24', '-4'], g = [-1, 1])
2022-01-13 17:36:56,236 INFO: Skipped Chabauty because MW generators haven't been computed. (delta = ['16', '-28', '65', '-20', '-24', '-4'], g = [4, -4, 12, 7, 1])
2022-01-13 17:36:56,236 INFO: Skipped Chabauty because MW generators haven't been computed. (delta = ['-4', '3', '-11', '-7', '-1'], g = [-1, 1])
2022-01-13 17:36:56,236 INFO: Skipped Chabauty because MW generators haven't been computed. (delta = ['-4', '3', '-11', '-7', '-1'], g = [4, -4, 12, 7, 1])
2022-01-13 17:36:56,391 INFO: Tasks complete. Recording data and exiting.
2022-02-12 17:48:48,087 INFO: Loaded curve data from file.
2022-02-12 17:48:48,087 INFO: Computing elliptic Chabauty map... (delta = ['1'], g = [-1, 1])
2022-02-12 17:48:58,097 INFO: Elliptic Chabauty map computed. (delta = ['1'], g = [-1, 1])
2022-02-12 17:48:58,101 INFO: Computing elliptic Chabauty map... (delta = ['1'], g = [4, -4, 12, 7, 1])
2022-02-12 17:49:09,631 INFO: Elliptic Chabauty map computed. (delta = ['1'], g = [4, -4, 12, 7, 1])
2022-02-12 17:49:09,633 INFO: Computing elliptic Chabauty map... (delta = ['16', '-8', '41', '39', '11', '1'], g = [-1, 1])
2022-02-12 17:49:19,581 INFO: Elliptic Chabauty map computed. (delta = ['16', '-8', '41', '39', '11', '1'], g = [-1, 1])
2022-02-12 17:49:19,584 INFO: Computing elliptic Chabauty map... (delta = ['16', '-8', '41', '39', '11', '1'], g = [4, -4, 12, 7, 1])
2022-02-12 17:49:31,039 INFO: Elliptic Chabauty map computed. (delta = ['16', '-8', '41', '39', '11', '1'], g = [4, -4, 12, 7, 1])
2022-02-12 17:49:31,043 INFO: Computing elliptic Chabauty map... (delta = ['-4', '7', '-16', '5', '6', '1'], g = [-1, 1])
2022-02-12 17:49:41,053 INFO: Elliptic Chabauty map computed. (delta = ['-4', '7', '-16', '5', '6', '1'], g = [-1, 1])
2022-02-12 17:49:41,056 INFO: Computing elliptic Chabauty map... (delta = ['-4', '7', '-16', '5', '6', '1'], g = [4, -4, 12, 7, 1])
2022-02-12 17:49:52,401 INFO: Elliptic Chabauty map computed. (delta = ['-4', '7', '-16', '5', '6', '1'], g = [4, -4, 12, 7, 1])
2022-02-12 17:49:52,404 INFO: Computing elliptic Chabauty map... (delta = ['16', '-28', '65', '-20', '-24', '-4'], g = [-1, 1])
2022-02-12 17:50:02,430 INFO: Elliptic Chabauty map computed. (delta = ['16', '-28', '65', '-20', '-24', '-4'], g = [-1, 1])
2022-02-12 17:50:02,435 INFO: Computing elliptic Chabauty map... (delta = ['16', '-28', '65', '-20', '-24', '-4'], g = [4, -4, 12, 7, 1])
2022-02-12 17:50:13,707 INFO: Elliptic Chabauty map computed. (delta = ['16', '-28', '65', '-20', '-24', '-4'], g = [4, -4, 12, 7, 1])
2022-02-12 17:50:13,711 INFO: Computing elliptic Chabauty map... (delta = ['-4', '3', '-11', '-7', '-1'], g = [-1, 1])
2022-02-12 17:50:23,667 INFO: Elliptic Chabauty map computed. (delta = ['-4', '3', '-11', '-7', '-1'], g = [-1, 1])
2022-02-12 17:50:23,671 INFO: Computing elliptic Chabauty map... (delta = ['-4', '3', '-11', '-7', '-1'], g = [4, -4, 12, 7, 1])
2022-02-12 17:50:34,960 INFO: Elliptic Chabauty map computed. (delta = ['-4', '3', '-11', '-7', '-1'], g = [4, -4, 12, 7, 1])
2022-02-12 17:50:34,965 INFO: Tasks complete. Recording data and exiting.
