2022-01-11 12:29:13,118 INFO: Initialized curve data.
2022-01-11 12:29:13,122 INFO: Setting up initial twist data...
2022-01-11 12:29:14,365 INFO: Twist setup complete.
2022-01-11 12:29:14,365 INFO: Searching for rational points on each twist...
2022-01-11 12:29:16,817 INFO: Finished searching for rational points on each twist.
2022-01-11 12:29:16,817 INFO: Testing local solvability of twists...
2022-01-11 12:29:23,750 INFO: Finished local solvability testing.
2022-01-11 12:29:23,752 INFO: Computing elliptic curve a-invariants...
2022-01-11 12:29:30,979 INFO: Finished computation of a-invariants.
2022-01-11 12:29:30,981 INFO: Computing MW group (delta = ['-84', '-16', '49', '16', '-8', '-4'], g = [20, 4, -12, -4, 2, 1])...
2022-01-11 12:33:00,290 INFO: Finished MW computation (delta = ['-84', '-16', '49', '16', '-8', '-4'], g = [20, 4, -12, -4, 2, 1])
2022-01-11 12:33:00,294 INFO: Computing MW group (delta = ['1'], g = [20, 4, -12, -4, 2, 1])...
2022-01-13 17:36:33,670 INFO: Loaded curve data from file.
2022-01-13 17:36:33,670 INFO: Reducing MW generators...
2022-01-13 17:36:34,426 INFO: Finished reducing MW generators.
2022-01-13 17:36:34,428 INFO: Running elliptic Chabauty (delta = ['-84', '-16', '49', '16', '-8', '-4'], g = [20, 4, -12, -4, 2, 1])...
2022-01-13 17:36:45,481 INFO: Chabauty completed successfully (delta = ['-84', '-16', '49', '16', '-8', '-4'], g = [20, 4, -12, -4, 2, 1]).
2022-01-13 17:36:45,482 INFO: Skipped Chabauty because MW generators haven't been computed. (delta = ['1'], g = [20, 4, -12, -4, 2, 1])
2022-01-13 17:36:45,483 INFO: Skipped Chabauty because MW generators haven't been computed. (delta = ['22', '3', '-12', '-4', '2', '1'], g = [20, 4, -12, -4, 2, 1])
2022-01-13 17:36:45,483 INFO: Skipped Chabauty because no base point (delta = ['-2', '-1'])
2022-01-13 17:36:45,576 INFO: Tasks complete. Recording data and exiting.
2022-02-12 17:17:34,755 INFO: Loaded curve data from file.
2022-02-12 17:17:34,756 INFO: Computing elliptic Chabauty map... (delta = ['-84', '-16', '49', '16', '-8', '-4'], g = [20, 4, -12, -4, 2, 1])
2022-02-12 17:17:42,487 INFO: Elliptic Chabauty map computed. (delta = ['-84', '-16', '49', '16', '-8', '-4'], g = [20, 4, -12, -4, 2, 1])
2022-02-12 17:17:42,584 INFO: Computing elliptic Chabauty map... (delta = ['1'], g = [20, 4, -12, -4, 2, 1])
2022-02-12 17:17:50,006 INFO: Elliptic Chabauty map computed. (delta = ['1'], g = [20, 4, -12, -4, 2, 1])
2022-02-12 17:17:50,009 INFO: Computing elliptic Chabauty map... (delta = ['22', '3', '-12', '-4', '2', '1'], g = [20, 4, -12, -4, 2, 1])
2022-02-12 17:17:57,599 INFO: Elliptic Chabauty map computed. (delta = ['22', '3', '-12', '-4', '2', '1'], g = [20, 4, -12, -4, 2, 1])
2022-02-12 17:17:57,601 INFO: Tasks complete. Recording data and exiting.
