2022-01-11 15:10:16,484 INFO: Initialized curve data.
2022-01-11 15:10:16,490 INFO: Setting up initial twist data...
2022-01-11 15:10:17,388 INFO: Twist setup complete.
2022-01-11 15:10:17,388 INFO: Searching for rational points on each twist...
2022-01-11 15:10:18,722 INFO: Finished searching for rational points on each twist.
2022-01-11 15:10:18,722 INFO: Testing local solvability of twists...
2022-01-11 15:10:19,301 INFO: Finished local solvability testing.
2022-01-11 15:10:19,302 INFO: Computing elliptic curve a-invariants...
2022-01-11 15:10:24,111 INFO: Finished computation of a-invariants.
2022-01-11 15:10:24,113 INFO: Skipped MW computation because no base point (delta = ['16', '48', '-47', '31', '-16', '4'])
2022-01-11 15:10:24,113 INFO: Computing MW group (delta = ['4', '11', '-11', '8', '-4', '1'], g = [4, 12, -12, 8, -4, 1])...
2022-01-11 15:16:12,050 INFO: Finished MW computation (delta = ['4', '11', '-11', '8', '-4', '1'], g = [4, 12, -12, 8, -4, 1])
2022-01-11 15:16:12,054 INFO: Computing MW group (delta = ['1'], g = [4, 12, -12, 8, -4, 1])...
2022-01-11 15:22:25,151 INFO: Finished MW computation (delta = ['1'], g = [4, 12, -12, 8, -4, 1])
2022-01-11 15:22:25,155 INFO: Computing MW group (delta = ['4', '11', '-12', '8', '-4', '1'], g = [4, 12, -12, 8, -4, 1])...
2022-01-11 15:46:20,595 INFO: Finished MW computation (delta = ['4', '11', '-12', '8', '-4', '1'], g = [4, 12, -12, 8, -4, 1])
2022-01-11 15:46:20,600 INFO: Reducing MW generators...
2022-01-11 15:46:24,082 INFO: Finished reducing MW generators.
2022-01-11 15:46:24,084 INFO: Tasks complete. Recording data and exiting.
2022-01-14 09:07:29,690 INFO: Loaded curve data from file.
2022-01-14 09:07:29,691 INFO: Skipped Chabauty because no base point (delta = ['16', '48', '-47', '31', '-16', '4'])
2022-01-14 09:07:29,691 INFO: Running elliptic Chabauty (delta = ['4', '11', '-11', '8', '-4', '1'], g = [4, 12, -12, 8, -4, 1])...
2022-01-14 09:07:45,828 INFO: Chabauty completed successfully (delta = ['4', '11', '-11', '8', '-4', '1'], g = [4, 12, -12, 8, -4, 1]).
2022-01-14 09:07:45,831 INFO: Running elliptic Chabauty (delta = ['1'], g = [4, 12, -12, 8, -4, 1])...
2022-01-14 09:08:15,331 INFO: Chabauty completed successfully (delta = ['1'], g = [4, 12, -12, 8, -4, 1]).
2022-01-14 09:08:15,333 INFO: Running elliptic Chabauty (delta = ['4', '11', '-12', '8', '-4', '1'], g = [4, 12, -12, 8, -4, 1])...
2022-01-14 09:08:54,584 INFO: Chabauty completed successfully (delta = ['4', '11', '-12', '8', '-4', '1'], g = [4, 12, -12, 8, -4, 1]).
2022-01-14 09:08:54,825 INFO: Rational points successfully computed.
2022-01-14 09:08:54,828 INFO: Tasks complete. Recording data and exiting.
2022-02-12 16:55:16,144 INFO: Loaded curve data from file.
2022-02-12 16:55:16,144 INFO: Computing elliptic Chabauty map... (delta = ['4', '11', '-11', '8', '-4', '1'], g = [4, 12, -12, 8, -4, 1])
2022-02-12 16:55:29,276 INFO: Elliptic Chabauty map computed. (delta = ['4', '11', '-11', '8', '-4', '1'], g = [4, 12, -12, 8, -4, 1])
2022-02-12 16:55:29,280 INFO: Computing elliptic Chabauty map... (delta = ['1'], g = [4, 12, -12, 8, -4, 1])
2022-02-12 16:55:42,147 INFO: Elliptic Chabauty map computed. (delta = ['1'], g = [4, 12, -12, 8, -4, 1])
2022-02-12 16:55:42,149 INFO: Computing elliptic Chabauty map... (delta = ['4', '11', '-12', '8', '-4', '1'], g = [4, 12, -12, 8, -4, 1])
2022-02-12 16:55:55,067 INFO: Elliptic Chabauty map computed. (delta = ['4', '11', '-12', '8', '-4', '1'], g = [4, 12, -12, 8, -4, 1])
2022-02-12 16:55:55,069 INFO: Tasks complete. Recording data and exiting.
