2022-01-01 12:50:42,454 INFO: Initialized curve data.
2022-01-01 12:50:42,457 INFO: Setting up initial twist data...
2022-01-01 12:50:43,639 INFO: Twist setup complete.
2022-01-01 12:50:43,640 INFO: Searching for rational points on each twist...
2022-01-01 12:50:44,735 INFO: Finished searching for rational points on each twist.
2022-01-01 12:50:44,735 INFO: Testing local solvability of twists...
2022-01-01 12:50:44,740 INFO: Finished local solvability testing.
2022-01-01 12:50:44,741 INFO: Computing elliptic curve a-invariants...
2022-01-01 12:50:52,342 INFO: Finished computation of a-invariants.
2022-01-01 12:50:52,344 INFO: Computing MW group (delta = ['0', '6', '1', '5', '-1', '1'], g = [1, 7, 1, 5, -1, 1])...
2022-01-01 12:51:25,053 INFO: Finished MW computation (delta = ['0', '6', '1', '5', '-1', '1'], g = [1, 7, 1, 5, -1, 1])
2022-01-01 12:51:25,055 INFO: Computing MW group (delta = ['1'], g = [1, 7, 1, 5, -1, 1])...
2022-01-01 12:58:14,379 INFO: Finished MW computation (delta = ['1'], g = [1, 7, 1, 5, -1, 1])
2022-01-01 12:58:14,383 INFO: Computing MW group (delta = ['1', '8', '2', '5', '-1', '1'], g = [1, 7, 1, 5, -1, 1])...
2022-01-01 12:58:51,112 INFO: Finished MW computation (delta = ['1', '8', '2', '5', '-1', '1'], g = [1, 7, 1, 5, -1, 1])
2022-01-01 12:58:51,114 INFO: Computing MW group (delta = ['0', '-1'], g = [1, 7, 1, 5, -1, 1])...
2022-01-01 13:00:52,334 INFO: Finished MW computation (delta = ['0', '-1'], g = [1, 7, 1, 5, -1, 1])
2022-01-01 13:00:52,336 INFO: Obstruction found to provably computing rational points. Exiting.
2022-01-03 13:14:58,000 INFO: Obsolete "loc_solv_error" keys removed.
2022-01-10 22:39:02,277 INFO: Loaded curve data from file.
2022-01-10 22:39:02,277 INFO: Obstruction already found. Exiting.
2022-02-12 17:59:53,634 INFO: Loaded curve data from file.
2022-02-12 17:59:53,634 INFO: Computing elliptic Chabauty map... (delta = ['0', '6', '1', '5', '-1', '1'], g = [1, 7, 1, 5, -1, 1])
2022-02-12 18:00:01,338 INFO: Elliptic Chabauty map computed. (delta = ['0', '6', '1', '5', '-1', '1'], g = [1, 7, 1, 5, -1, 1])
2022-02-12 18:00:01,341 INFO: Computing elliptic Chabauty map... (delta = ['1'], g = [1, 7, 1, 5, -1, 1])
2022-02-12 18:00:09,043 INFO: Elliptic Chabauty map computed. (delta = ['1'], g = [1, 7, 1, 5, -1, 1])
2022-02-12 18:00:09,045 INFO: Computing elliptic Chabauty map... (delta = ['1', '8', '2', '5', '-1', '1'], g = [1, 7, 1, 5, -1, 1])
2022-02-12 18:00:16,533 INFO: Elliptic Chabauty map computed. (delta = ['1', '8', '2', '5', '-1', '1'], g = [1, 7, 1, 5, -1, 1])
2022-02-12 18:00:16,536 INFO: Computing elliptic Chabauty map... (delta = ['0', '-1'], g = [1, 7, 1, 5, -1, 1])
2022-02-12 18:00:23,962 INFO: Elliptic Chabauty map computed. (delta = ['0', '-1'], g = [1, 7, 1, 5, -1, 1])
2022-02-12 18:00:23,967 INFO: Tasks complete. Recording data and exiting.
