2022-01-01 12:50:50,880 INFO: Initialized curve data.
2022-01-01 12:50:50,883 INFO: Setting up initial twist data...
2022-01-01 12:50:51,869 INFO: Twist setup complete.
2022-01-01 12:50:51,870 INFO: Searching for rational points on each twist...
2022-01-01 12:50:52,638 INFO: Finished searching for rational points on each twist.
2022-01-01 12:50:52,638 INFO: Testing local solvability of twists...
2022-01-01 12:50:56,309 INFO: Finished local solvability testing.
2022-01-01 12:50:56,311 INFO: Computing elliptic curve a-invariants...
2022-01-01 12:51:17,979 INFO: Finished computation of a-invariants.
2022-01-01 12:51:17,981 INFO: Skipped MW computation because no base point (delta = ['-1', '-1'])
2022-01-01 12:51:17,982 INFO: Computing MW group (delta = ['4', '0', '-12', '-2', '4', '1'], g = [4, 1, -12, -2, 4, 1])...
2022-01-01 12:54:07,455 INFO: Finished MW computation (delta = ['4', '0', '-12', '-2', '4', '1'], g = [4, 1, -12, -2, 4, 1])
2022-01-01 12:54:07,460 INFO: Computing MW group (delta = ['1'], g = [4, 1, -12, -2, 4, 1])...
2022-01-01 13:00:08,315 INFO: Finished MW computation (delta = ['1'], g = [4, 1, -12, -2, 4, 1])
2022-01-01 13:00:08,320 INFO: Obstruction found to provably computing rational points. Exiting.
2022-01-03 13:14:58,000 INFO: Obsolete "loc_solv_error" keys removed.
2022-01-10 22:39:08,094 INFO: Loaded curve data from file.
2022-01-10 22:39:08,094 INFO: Obstruction already found. Exiting.
2022-02-12 17:41:07,154 INFO: Loaded curve data from file.
2022-02-12 17:41:07,155 INFO: Computing elliptic Chabauty map... (delta = ['4', '0', '-12', '-2', '4', '1'], g = [4, 1, -12, -2, 4, 1])
2022-02-12 17:41:28,342 INFO: Elliptic Chabauty map computed. (delta = ['4', '0', '-12', '-2', '4', '1'], g = [4, 1, -12, -2, 4, 1])
2022-02-12 17:41:28,344 INFO: Computing elliptic Chabauty map... (delta = ['1'], g = [4, 1, -12, -2, 4, 1])
2022-02-12 17:41:49,236 INFO: Elliptic Chabauty map computed. (delta = ['1'], g = [4, 1, -12, -2, 4, 1])
2022-02-12 17:41:49,238 INFO: Computing elliptic Chabauty map... (delta = ['-4', '0', '13', '2', '-4', '-1'], g = [4, 1, -12, -2, 4, 1])
2022-02-12 17:42:11,096 INFO: Elliptic Chabauty map computed. (delta = ['-4', '0', '13', '2', '-4', '-1'], g = [4, 1, -12, -2, 4, 1])
2022-02-12 17:42:11,099 INFO: Tasks complete. Recording data and exiting.
