2022-01-13 21:54:44,565 INFO: Initialized curve data.
2022-01-13 21:54:44,568 INFO: Setting up initial twist data...
2022-01-13 21:54:45,785 INFO: Twist setup complete.
2022-01-13 21:54:45,785 INFO: Searching for rational points on each twist...
2022-01-13 21:54:49,805 INFO: Finished searching for rational points on each twist.
2022-01-13 21:54:49,806 INFO: Testing local solvability of twists...
2022-01-13 21:55:02,672 INFO: Finished local solvability testing.
2022-01-13 21:55:02,674 INFO: Computing elliptic curve a-invariants...
2022-01-13 21:55:09,771 INFO: Finished computation of a-invariants.
2022-01-13 21:55:09,775 INFO: Computing MW group (delta = ['16', '-10', '-31', '18', '4', '2'], g = [-1, 1])...
2022-01-13 21:55:10,082 INFO: Finished MW computation (delta = ['16', '-10', '-31', '18', '4', '2'], g = [-1, 1])
2022-01-13 21:55:10,085 INFO: Computing MW group (delta = ['16', '-10', '-31', '18', '4', '2'], g = [-8, -4, 12, 3, 1])...
2022-01-13 21:55:38,455 INFO: Finished MW computation (delta = ['16', '-10', '-31', '18', '4', '2'], g = [-8, -4, 12, 3, 1])
2022-01-13 21:55:38,459 INFO: Computing MW group (delta = ['128', '-72', '-258', '153', '36', '17'], g = [-1, 1])...
2022-01-13 21:55:38,827 INFO: Finished MW computation (delta = ['128', '-72', '-258', '153', '36', '17'], g = [-1, 1])
2022-01-13 21:55:38,829 INFO: Computing MW group (delta = ['128', '-72', '-258', '153', '36', '17'], g = [-8, -4, 12, 3, 1])...
2022-01-13 21:56:09,571 INFO: Finished MW computation (delta = ['128', '-72', '-258', '153', '36', '17'], g = [-8, -4, 12, 3, 1])
2022-01-13 21:56:09,574 INFO: Skipped MW computation because no base point (delta = ['64', '-40', '-131', '83', '19', '9'])
2022-01-13 21:56:09,574 INFO: Computing MW group (delta = ['1'], g = [-1, 1])...
2022-01-13 21:56:09,824 INFO: Finished MW computation (delta = ['1'], g = [-1, 1])
2022-01-13 21:56:09,827 INFO: Computing MW group (delta = ['1'], g = [-8, -4, 12, 3, 1])...
2022-01-13 21:57:41,676 INFO: Finished MW computation (delta = ['1'], g = [-8, -4, 12, 3, 1])
2022-01-13 21:57:41,680 INFO: Skipped MW computation because no base point (delta = ['2', '-1'])
2022-01-13 21:57:41,680 INFO: Computing MW group (delta = ['8', '3', '-11', '-3', '-1'], g = [-1, 1])...
2022-01-13 21:57:42,052 INFO: Finished MW computation (delta = ['8', '3', '-11', '-3', '-1'], g = [-1, 1])
2022-01-13 21:57:42,055 INFO: Computing MW group (delta = ['8', '3', '-11', '-3', '-1'], g = [-8, -4, 12, 3, 1])...
2022-01-13 21:57:53,132 INFO: Finished MW computation (delta = ['8', '3', '-11', '-3', '-1'], g = [-8, -4, 12, 3, 1])
2022-01-13 21:57:53,135 INFO: Skipped MW computation because no base point (delta = ['16', '-2', '-25', '5', '1', '1'])
2022-01-13 21:57:53,135 INFO: Computing MW group (delta = ['8', '-5', '-16', '9', '2', '1'], g = [-1, 1])...
2022-01-13 21:57:53,506 INFO: Finished MW computation (delta = ['8', '-5', '-16', '9', '2', '1'], g = [-1, 1])
2022-01-13 21:57:53,508 INFO: Computing MW group (delta = ['8', '-5', '-16', '9', '2', '1'], g = [-8, -4, 12, 3, 1])...
2022-01-13 21:58:08,948 INFO: Finished MW computation (delta = ['8', '-5', '-16', '9', '2', '1'], g = [-8, -4, 12, 3, 1])
2022-01-13 21:58:08,954 INFO: Reducing MW generators...
2022-01-13 21:58:12,096 INFO: Finished reducing MW generators.
2022-01-13 21:58:12,113 INFO: Tasks complete. Recording data and exiting.
2022-01-14 11:35:20,282 INFO: Loaded curve data from file.
2022-01-14 11:35:20,282 INFO: Skipped Chabauty because rank >= degree(g). (delta = ['16', '-10', '-31', '18', '4', '2'], g = [-1, 1])
2022-01-14 11:35:20,282 INFO: Running elliptic Chabauty (delta = ['16', '-10', '-31', '18', '4', '2'], g = [-8, -4, 12, 3, 1])...
2022-01-14 11:35:32,071 INFO: Chabauty completed successfully (delta = ['16', '-10', '-31', '18', '4', '2'], g = [-8, -4, 12, 3, 1]).
2022-01-14 11:35:32,075 INFO: Skipped Chabauty because rank >= degree(g). (delta = ['128', '-72', '-258', '153', '36', '17'], g = [-1, 1])
2022-01-14 11:35:32,075 INFO: Skipped Chabauty because MW group hasn't been provably computed. (delta = ['128', '-72', '-258', '153', '36', '17'], g = [-8, -4, 12, 3, 1])
2022-01-14 11:35:32,075 INFO: Skipped Chabauty because no base point (delta = ['64', '-40', '-131', '83', '19', '9'])
2022-01-14 11:35:32,075 INFO: Skipped Chabauty because rank >= degree(g). (delta = ['1'], g = [-1, 1])
2022-01-14 11:35:32,075 INFO: Running elliptic Chabauty (delta = ['1'], g = [-8, -4, 12, 3, 1])...
2022-01-14 11:35:44,262 INFO: Chabauty completed successfully (delta = ['1'], g = [-8, -4, 12, 3, 1]).
2022-01-14 11:35:44,265 INFO: Skipped Chabauty because no base point (delta = ['2', '-1'])
2022-01-14 11:35:44,265 INFO: Skipped Chabauty because rank >= degree(g). (delta = ['8', '3', '-11', '-3', '-1'], g = [-1, 1])
2022-01-14 11:35:44,265 INFO: Skipped Chabauty because MW group hasn't been provably computed. (delta = ['8', '3', '-11', '-3', '-1'], g = [-8, -4, 12, 3, 1])
2022-01-14 11:35:44,265 INFO: Skipped Chabauty because no base point (delta = ['16', '-2', '-25', '5', '1', '1'])
2022-01-14 11:35:44,265 INFO: Skipped Chabauty because rank >= degree(g). (delta = ['8', '-5', '-16', '9', '2', '1'], g = [-1, 1])
2022-01-14 11:35:44,265 INFO: Skipped Chabauty because MW group hasn't been provably computed. (delta = ['8', '-5', '-16', '9', '2', '1'], g = [-8, -4, 12, 3, 1])
2022-01-14 11:35:44,434 INFO: Tasks complete. Recording data and exiting.
2022-02-12 17:06:24,990 INFO: Loaded curve data from file.
2022-02-12 17:06:24,991 INFO: Computing elliptic Chabauty map... (delta = ['16', '-10', '-31', '18', '4', '2'], g = [-1, 1])
2022-02-12 17:06:35,216 INFO: Elliptic Chabauty map computed. (delta = ['16', '-10', '-31', '18', '4', '2'], g = [-1, 1])
2022-02-12 17:06:35,219 INFO: Computing elliptic Chabauty map... (delta = ['16', '-10', '-31', '18', '4', '2'], g = [-8, -4, 12, 3, 1])
2022-02-12 17:06:47,661 INFO: Elliptic Chabauty map computed. (delta = ['16', '-10', '-31', '18', '4', '2'], g = [-8, -4, 12, 3, 1])
2022-02-12 17:06:47,664 INFO: Computing elliptic Chabauty map... (delta = ['128', '-72', '-258', '153', '36', '17'], g = [-1, 1])
2022-02-12 17:06:57,758 INFO: Elliptic Chabauty map computed. (delta = ['128', '-72', '-258', '153', '36', '17'], g = [-1, 1])
2022-02-12 17:06:57,761 INFO: Computing elliptic Chabauty map... (delta = ['128', '-72', '-258', '153', '36', '17'], g = [-8, -4, 12, 3, 1])
2022-02-12 17:07:10,080 INFO: Elliptic Chabauty map computed. (delta = ['128', '-72', '-258', '153', '36', '17'], g = [-8, -4, 12, 3, 1])
2022-02-12 17:07:10,084 INFO: Computing elliptic Chabauty map... (delta = ['1'], g = [-1, 1])
2022-02-12 17:07:20,169 INFO: Elliptic Chabauty map computed. (delta = ['1'], g = [-1, 1])
2022-02-12 17:07:20,173 INFO: Computing elliptic Chabauty map... (delta = ['1'], g = [-8, -4, 12, 3, 1])
2022-02-12 17:07:32,557 INFO: Elliptic Chabauty map computed. (delta = ['1'], g = [-8, -4, 12, 3, 1])
2022-02-12 17:07:32,562 INFO: Computing elliptic Chabauty map... (delta = ['8', '3', '-11', '-3', '-1'], g = [-1, 1])
2022-02-12 17:07:42,657 INFO: Elliptic Chabauty map computed. (delta = ['8', '3', '-11', '-3', '-1'], g = [-1, 1])
2022-02-12 17:07:42,662 INFO: Computing elliptic Chabauty map... (delta = ['8', '3', '-11', '-3', '-1'], g = [-8, -4, 12, 3, 1])
2022-02-12 17:07:55,091 INFO: Elliptic Chabauty map computed. (delta = ['8', '3', '-11', '-3', '-1'], g = [-8, -4, 12, 3, 1])
2022-02-12 17:07:55,096 INFO: Computing elliptic Chabauty map... (delta = ['8', '-5', '-16', '9', '2', '1'], g = [-1, 1])
2022-02-12 17:08:05,400 INFO: Elliptic Chabauty map computed. (delta = ['8', '-5', '-16', '9', '2', '1'], g = [-1, 1])
2022-02-12 17:08:05,405 INFO: Computing elliptic Chabauty map... (delta = ['8', '-5', '-16', '9', '2', '1'], g = [-8, -4, 12, 3, 1])
2022-02-12 17:08:17,765 INFO: Elliptic Chabauty map computed. (delta = ['8', '-5', '-16', '9', '2', '1'], g = [-8, -4, 12, 3, 1])
2022-02-12 17:08:17,770 INFO: Tasks complete. Recording data and exiting.
