2022-01-12 09:25:03,193 INFO: Initialized curve data.
2022-01-12 09:25:03,197 INFO: Setting up initial twist data...
2022-01-12 09:25:04,448 INFO: Twist setup complete.
2022-01-12 09:25:04,448 INFO: Searching for rational points on each twist...
2022-01-12 09:25:06,489 INFO: Finished searching for rational points on each twist.
2022-01-12 09:25:06,489 INFO: Testing local solvability of twists...
2022-01-12 09:25:06,496 INFO: Finished local solvability testing.
2022-01-12 09:25:06,497 INFO: Computing elliptic curve a-invariants...
2022-01-12 09:25:16,498 INFO: Finished computation of a-invariants.
2022-01-12 09:25:16,500 INFO: Computing MW group (delta = ['-8', '-7', '9', '3', '-2', '-1'], g = [8, 8, -8, -3, 2, 1])...
2022-01-12 09:28:39,941 INFO: Finished MW computation (delta = ['-8', '-7', '9', '3', '-2', '-1'], g = [8, 8, -8, -3, 2, 1])
2022-01-12 09:28:39,944 INFO: Unable to use elliptic Chabauty on twist (delta = ['-8', '-7', '9', '3', '-2', '-1'])
2022-01-12 09:28:39,945 INFO: Obstruction found to provably computing rational points. Exiting.
2022-01-14 09:10:20,711 INFO: Loaded curve data from file.
2022-01-14 09:10:20,711 INFO: Obstruction already found. Exiting.
2022-02-12 17:06:04,575 INFO: Loaded curve data from file.
2022-02-12 17:06:04,575 INFO: Computing elliptic Chabauty map... (delta = ['-8', '-7', '9', '3', '-2', '-1'], g = [8, 8, -8, -3, 2, 1])
2022-02-12 17:06:18,829 INFO: Elliptic Chabauty map computed. (delta = ['-8', '-7', '9', '3', '-2', '-1'], g = [8, 8, -8, -3, 2, 1])
2022-02-12 17:06:18,831 INFO: Computing elliptic Chabauty map... (delta = ['-64', '-64', '63', '23', '-16', '-8'], g = [8, 8, -8, -3, 2, 1])
2022-02-12 17:06:32,907 INFO: Elliptic Chabauty map computed. (delta = ['-64', '-64', '63', '23', '-16', '-8'], g = [8, 8, -8, -3, 2, 1])
2022-02-12 17:06:32,909 INFO: Computing elliptic Chabauty map... (delta = ['8', '7', '-8', '-3', '2', '1'], g = [8, 8, -8, -3, 2, 1])
2022-02-12 17:06:46,948 INFO: Elliptic Chabauty map computed. (delta = ['8', '7', '-8', '-3', '2', '1'], g = [8, 8, -8, -3, 2, 1])
2022-02-12 17:06:46,951 INFO: Computing elliptic Chabauty map... (delta = ['1'], g = [8, 8, -8, -3, 2, 1])
2022-02-12 17:07:00,990 INFO: Elliptic Chabauty map computed. (delta = ['1'], g = [8, 8, -8, -3, 2, 1])
2022-02-12 17:07:00,993 INFO: Tasks complete. Recording data and exiting.
