2022-01-13 21:55:00,093 INFO: Initialized curve data.
2022-01-13 21:55:00,096 INFO: Setting up initial twist data...
2022-01-13 21:55:00,939 INFO: Twist setup complete.
2022-01-13 21:55:00,939 INFO: Searching for rational points on each twist...
2022-01-13 21:55:02,179 INFO: Finished searching for rational points on each twist.
2022-01-13 21:55:02,180 INFO: Testing local solvability of twists...
2022-01-13 21:55:04,963 INFO: Finished local solvability testing.
2022-01-13 21:55:04,965 INFO: Computing elliptic curve a-invariants...
2022-01-13 21:55:22,083 INFO: Finished computation of a-invariants.
2022-01-13 21:55:22,084 INFO: Computing MW group (delta = ['1', '0', '1'], g = [-1, 0, 1, 2, 2, 1])...
2022-01-13 21:55:42,305 INFO: Finished MW computation (delta = ['1', '0', '1'], g = [-1, 0, 1, 2, 2, 1])
2022-01-13 21:55:42,308 INFO: Skipped MW computation because no base point (delta = ['1', '1', '1'])
2022-01-13 21:55:42,308 INFO: Computing MW group (delta = ['1'], g = [-1, 0, 1, 2, 2, 1])...
2022-01-13 21:56:23,271 INFO: Finished MW computation (delta = ['1'], g = [-1, 0, 1, 2, 2, 1])
2022-01-13 21:56:23,274 INFO: Computing MW group (delta = ['1', '1', '2', '1', '1'], g = [-1, 0, 1, 2, 2, 1])...
2022-01-13 21:57:50,541 INFO: Finished MW computation (delta = ['1', '1', '2', '1', '1'], g = [-1, 0, 1, 2, 2, 1])
2022-01-13 21:57:50,547 INFO: Reducing MW generators...
2022-01-13 21:57:52,873 INFO: Finished reducing MW generators.
2022-01-13 21:57:52,875 INFO: Tasks complete. Recording data and exiting.
2022-01-14 11:35:41,720 INFO: Loaded curve data from file.
2022-01-14 11:35:41,721 INFO: Running elliptic Chabauty (delta = ['1', '0', '1'], g = [-1, 0, 1, 2, 2, 1])...
2022-01-14 11:35:58,701 INFO: Chabauty completed successfully (delta = ['1', '0', '1'], g = [-1, 0, 1, 2, 2, 1]).
2022-01-14 11:35:58,703 INFO: Skipped Chabauty because no base point (delta = ['1', '1', '1'])
2022-01-14 11:35:58,704 INFO: Running elliptic Chabauty (delta = ['1'], g = [-1, 0, 1, 2, 2, 1])...
2022-01-14 11:36:15,602 INFO: Chabauty completed successfully (delta = ['1'], g = [-1, 0, 1, 2, 2, 1]).
2022-01-14 11:36:15,604 INFO: Running elliptic Chabauty (delta = ['1', '1', '2', '1', '1'], g = [-1, 0, 1, 2, 2, 1])...
2022-01-14 11:36:46,148 INFO: Chabauty completed successfully (delta = ['1', '1', '2', '1', '1'], g = [-1, 0, 1, 2, 2, 1]).
2022-01-14 11:36:46,361 INFO: Rational points successfully computed.
2022-01-14 11:36:46,364 INFO: Tasks complete. Recording data and exiting.
2022-02-12 17:20:47,697 INFO: Loaded curve data from file.
2022-02-12 17:20:47,698 INFO: Computing elliptic Chabauty map... (delta = ['1', '0', '1'], g = [-1, 0, 1, 2, 2, 1])
2022-02-12 17:21:06,929 INFO: Elliptic Chabauty map computed. (delta = ['1', '0', '1'], g = [-1, 0, 1, 2, 2, 1])
2022-02-12 17:21:06,932 INFO: Computing elliptic Chabauty map... (delta = ['1'], g = [-1, 0, 1, 2, 2, 1])
2022-02-12 17:21:26,403 INFO: Elliptic Chabauty map computed. (delta = ['1'], g = [-1, 0, 1, 2, 2, 1])
2022-02-12 17:21:26,406 INFO: Computing elliptic Chabauty map... (delta = ['1', '1', '2', '1', '1'], g = [-1, 0, 1, 2, 2, 1])
2022-02-12 17:21:46,143 INFO: Elliptic Chabauty map computed. (delta = ['1', '1', '2', '1', '1'], g = [-1, 0, 1, 2, 2, 1])
2022-02-12 17:21:46,146 INFO: Tasks complete. Recording data and exiting.
