2022-01-11 12:35:45,558 INFO: Initialized curve data.
2022-01-11 12:35:45,560 INFO: Setting up initial twist data...
2022-01-11 12:35:47,096 INFO: Twist setup complete.
2022-01-11 12:35:47,096 INFO: Searching for rational points on each twist...
2022-01-11 12:35:49,734 INFO: Finished searching for rational points on each twist.
2022-01-11 12:35:49,734 INFO: Testing local solvability of twists...
2022-01-11 12:36:59,017 INFO: Finished local solvability testing.
2022-01-11 12:36:59,020 INFO: Computing elliptic curve a-invariants...
2022-01-11 12:37:05,233 INFO: Finished computation of a-invariants.
2022-01-11 12:37:05,235 INFO: Skipped MW computation because no base point (delta = ['-207', '67', '51', '-17', '-3', '1'])
2022-01-11 12:37:05,235 INFO: Skipped MW computation because no base point (delta = ['43767', '-24579', '-10956', '6140', '645', '-361'])
2022-01-11 12:37:05,235 INFO: Computing MW group (delta = ['-22005', '12249', '5505', '-3061', '-324', '180'], g = [3, 1])...
2022-01-11 12:37:05,503 INFO: Finished MW computation (delta = ['-22005', '12249', '5505', '-3061', '-324', '180'], g = [3, 1])
2022-01-11 12:37:05,505 INFO: Computing MW group (delta = ['-22005', '12249', '5505', '-3061', '-324', '180'], g = [68, 0, -17, 0, 1])...
2022-01-11 12:37:34,469 INFO: Finished MW computation (delta = ['-22005', '12249', '5505', '-3061', '-324', '180'], g = [68, 0, -17, 0, 1])
2022-01-11 12:37:34,474 INFO: Computing MW group (delta = ['1'], g = [3, 1])...
2022-01-11 12:37:34,765 INFO: Finished MW computation (delta = ['1'], g = [3, 1])
2022-01-11 12:37:34,768 INFO: Computing MW group (delta = ['1'], g = [68, 0, -17, 0, 1])...
2022-01-11 12:37:51,728 INFO: Finished MW computation (delta = ['1'], g = [68, 0, -17, 0, 1])
2022-01-11 12:37:51,733 INFO: Computing MW group (delta = ['-2457', '0', '613', '0', '-36'], g = [3, 1])...
2022-01-11 12:37:52,024 INFO: Finished MW computation (delta = ['-2457', '0', '613', '0', '-36'], g = [3, 1])
2022-01-11 12:37:52,027 INFO: Computing MW group (delta = ['-2457', '0', '613', '0', '-36'], g = [68, 0, -17, 0, 1])...
2022-01-11 12:37:58,010 INFO: Finished MW computation (delta = ['-2457', '0', '613', '0', '-36'], g = [68, 0, -17, 0, 1])
2022-01-11 12:37:58,014 INFO: Skipped MW computation because no base point (delta = ['-11', '0', '1'])
2022-01-11 12:37:58,014 INFO: Skipped MW computation because no base point (delta = ['4995', '0', '-1244', '0', '73'])
2022-01-11 12:37:58,014 INFO: Skipped MW computation because no base point (delta = ['441', '-125', '-105', '33', '6', '-2'])
2022-01-11 12:37:58,017 INFO: Reducing MW generators...
2022-01-11 12:38:01,382 INFO: Finished reducing MW generators.
2022-01-11 12:38:01,386 INFO: Tasks complete. Recording data and exiting.
2022-01-13 17:37:01,436 INFO: Loaded curve data from file.
2022-01-13 17:37:01,437 INFO: Skipped Chabauty because no base point (delta = ['-207', '67', '51', '-17', '-3', '1'])
2022-01-13 17:37:01,438 INFO: Skipped Chabauty because no base point (delta = ['43767', '-24579', '-10956', '6140', '645', '-361'])
2022-01-13 17:37:01,438 INFO: Skipped Chabauty because rank >= degree(g). (delta = ['-22005', '12249', '5505', '-3061', '-324', '180'], g = [3, 1])
2022-01-13 17:37:01,438 INFO: Running elliptic Chabauty (delta = ['-22005', '12249', '5505', '-3061', '-324', '180'], g = [68, 0, -17, 0, 1])...
2022-01-13 17:37:15,208 INFO: Chabauty completed successfully (delta = ['-22005', '12249', '5505', '-3061', '-324', '180'], g = [68, 0, -17, 0, 1]).
2022-01-13 17:37:15,213 INFO: Skipped Chabauty because rank >= degree(g). (delta = ['1'], g = [3, 1])
2022-01-13 17:37:15,213 INFO: Running elliptic Chabauty (delta = ['1'], g = [68, 0, -17, 0, 1])...
2022-01-13 17:37:26,120 INFO: Chabauty completed successfully (delta = ['1'], g = [68, 0, -17, 0, 1]).
2022-01-13 17:37:26,123 INFO: Skipped Chabauty because rank >= degree(g). (delta = ['-2457', '0', '613', '0', '-36'], g = [3, 1])
2022-01-13 17:37:26,124 INFO: Skipped Chabauty because MW group hasn't been provably computed. (delta = ['-2457', '0', '613', '0', '-36'], g = [68, 0, -17, 0, 1])
2022-01-13 17:37:26,124 INFO: Skipped Chabauty because no base point (delta = ['-11', '0', '1'])
2022-01-13 17:37:26,124 INFO: Skipped Chabauty because no base point (delta = ['4995', '0', '-1244', '0', '73'])
2022-01-13 17:37:26,124 INFO: Skipped Chabauty because no base point (delta = ['441', '-125', '-105', '33', '6', '-2'])
2022-01-13 17:37:26,512 INFO: Tasks complete. Recording data and exiting.
2022-02-12 16:45:00,902 INFO: Loaded curve data from file.
2022-02-12 16:45:00,902 INFO: Computing elliptic Chabauty map... (delta = ['-22005', '12249', '5505', '-3061', '-324', '180'], g = [3, 1])
2022-02-12 16:45:02,381 INFO: Elliptic Chabauty map computed. (delta = ['-22005', '12249', '5505', '-3061', '-324', '180'], g = [3, 1])
2022-02-12 16:45:02,383 INFO: Computing elliptic Chabauty map... (delta = ['-22005', '12249', '5505', '-3061', '-324', '180'], g = [68, 0, -17, 0, 1])
2022-02-12 16:45:07,171 INFO: Elliptic Chabauty map computed. (delta = ['-22005', '12249', '5505', '-3061', '-324', '180'], g = [68, 0, -17, 0, 1])
2022-02-12 16:45:07,174 INFO: Computing elliptic Chabauty map... (delta = ['1'], g = [3, 1])
2022-02-12 16:45:08,555 INFO: Elliptic Chabauty map computed. (delta = ['1'], g = [3, 1])
2022-02-12 16:45:08,558 INFO: Computing elliptic Chabauty map... (delta = ['1'], g = [68, 0, -17, 0, 1])
2022-02-12 16:45:12,781 INFO: Elliptic Chabauty map computed. (delta = ['1'], g = [68, 0, -17, 0, 1])
2022-02-12 16:45:12,784 INFO: Computing elliptic Chabauty map... (delta = ['-2457', '0', '613', '0', '-36'], g = [3, 1])
2022-02-12 16:45:14,157 INFO: Elliptic Chabauty map computed. (delta = ['-2457', '0', '613', '0', '-36'], g = [3, 1])
2022-02-12 16:45:14,160 INFO: Computing elliptic Chabauty map... (delta = ['-2457', '0', '613', '0', '-36'], g = [68, 0, -17, 0, 1])
2022-02-12 16:45:18,412 INFO: Elliptic Chabauty map computed. (delta = ['-2457', '0', '613', '0', '-36'], g = [68, 0, -17, 0, 1])
2022-02-12 16:45:18,417 INFO: Tasks complete. Recording data and exiting.
