2022-01-11 15:10:12,735 INFO: Initialized curve data.
2022-01-11 15:10:12,736 INFO: Setting up initial twist data...
2022-01-11 15:10:13,641 INFO: Twist setup complete.
2022-01-11 15:10:13,641 INFO: Searching for rational points on each twist...
2022-01-11 15:10:15,329 INFO: Finished searching for rational points on each twist.
2022-01-11 15:10:15,329 INFO: Testing local solvability of twists...
2022-01-11 15:10:15,335 INFO: Finished local solvability testing.
2022-01-11 15:10:15,336 INFO: Computing elliptic curve a-invariants...
2022-01-11 15:10:22,095 INFO: Finished computation of a-invariants.
2022-01-11 15:10:22,096 INFO: Computing MW group (delta = ['1', '-1', '1'], g = [3, -5, 11, -3, 1, 1])...
2022-01-11 15:11:29,090 INFO: Finished MW computation (delta = ['1', '-1', '1'], g = [3, -5, 11, -3, 1, 1])
2022-01-11 15:11:29,093 INFO: Computing MW group (delta = ['4', '-6', '11', '-3', '1', '1'], g = [3, -5, 11, -3, 1, 1])...
2022-01-11 15:11:57,531 INFO: Finished MW computation (delta = ['4', '-6', '11', '-3', '1', '1'], g = [3, -5, 11, -3, 1, 1])
2022-01-11 15:11:57,534 INFO: Computing MW group (delta = ['1'], g = [3, -5, 11, -3, 1, 1])...
2022-01-11 15:13:08,655 INFO: Finished MW computation (delta = ['1'], g = [3, -5, 11, -3, 1, 1])
2022-01-11 15:13:08,657 INFO: Computing MW group (delta = ['4', '-7', '13', '-4', '1', '1'], g = [3, -5, 11, -3, 1, 1])...
2022-01-11 15:13:52,320 INFO: Finished MW computation (delta = ['4', '-7', '13', '-4', '1', '1'], g = [3, -5, 11, -3, 1, 1])
2022-01-11 15:13:52,322 INFO: Reducing MW generators...
2022-01-11 15:13:54,043 INFO: Finished reducing MW generators.
2022-01-11 15:13:54,045 INFO: Tasks complete. Recording data and exiting.
2022-01-14 09:07:22,453 INFO: Loaded curve data from file.
2022-01-14 09:07:22,454 INFO: Skipped Chabauty because MW group hasn't been provably computed. (delta = ['1', '-1', '1'], g = [3, -5, 11, -3, 1, 1])
2022-01-14 09:07:22,454 INFO: Running elliptic Chabauty (delta = ['4', '-6', '11', '-3', '1', '1'], g = [3, -5, 11, -3, 1, 1])...
2022-01-14 09:07:33,257 INFO: Chabauty completed successfully (delta = ['4', '-6', '11', '-3', '1', '1'], g = [3, -5, 11, -3, 1, 1]).
2022-01-14 09:07:33,259 INFO: Skipped Chabauty because MW group hasn't been provably computed. (delta = ['1'], g = [3, -5, 11, -3, 1, 1])
2022-01-14 09:07:33,259 INFO: Skipped Chabauty because MW group hasn't been provably computed. (delta = ['4', '-7', '13', '-4', '1', '1'], g = [3, -5, 11, -3, 1, 1])
2022-01-14 09:07:33,302 INFO: Tasks complete. Recording data and exiting.
2022-02-12 16:54:28,301 INFO: Loaded curve data from file.
2022-02-12 16:54:28,302 INFO: Computing elliptic Chabauty map... (delta = ['1', '-1', '1'], g = [3, -5, 11, -3, 1, 1])
2022-02-12 16:54:35,968 INFO: Elliptic Chabauty map computed. (delta = ['1', '-1', '1'], g = [3, -5, 11, -3, 1, 1])
2022-02-12 16:54:35,970 INFO: Computing elliptic Chabauty map... (delta = ['4', '-6', '11', '-3', '1', '1'], g = [3, -5, 11, -3, 1, 1])
2022-02-12 16:54:43,320 INFO: Elliptic Chabauty map computed. (delta = ['4', '-6', '11', '-3', '1', '1'], g = [3, -5, 11, -3, 1, 1])
2022-02-12 16:54:43,322 INFO: Computing elliptic Chabauty map... (delta = ['1'], g = [3, -5, 11, -3, 1, 1])
2022-02-12 16:54:50,697 INFO: Elliptic Chabauty map computed. (delta = ['1'], g = [3, -5, 11, -3, 1, 1])
2022-02-12 16:54:50,700 INFO: Computing elliptic Chabauty map... (delta = ['4', '-7', '13', '-4', '1', '1'], g = [3, -5, 11, -3, 1, 1])
2022-02-12 16:54:58,137 INFO: Elliptic Chabauty map computed. (delta = ['4', '-7', '13', '-4', '1', '1'], g = [3, -5, 11, -3, 1, 1])
2022-02-12 16:54:58,140 INFO: Tasks complete. Recording data and exiting.
