2022-01-13 21:54:42,346 INFO: Initialized curve data.
2022-01-13 21:54:42,349 INFO: Setting up initial twist data...
2022-01-13 21:54:43,120 INFO: Twist setup complete.
2022-01-13 21:54:43,120 INFO: Searching for rational points on each twist...
2022-01-13 21:54:44,417 INFO: Finished searching for rational points on each twist.
2022-01-13 21:54:44,418 INFO: Testing local solvability of twists...
2022-01-13 21:54:44,423 INFO: Finished local solvability testing.
2022-01-13 21:54:44,424 INFO: Computing elliptic curve a-invariants...
2022-01-13 21:54:49,956 INFO: Finished computation of a-invariants.
2022-01-13 21:54:49,957 INFO: Computing MW group (delta = ['1', '1', '1'], g = [4, 16, 16, 13, 2, 1])...
2022-01-14 11:35:19,311 INFO: Loaded curve data from file.
2022-01-14 11:35:19,311 INFO: Reducing MW generators...
2022-01-14 11:35:19,311 INFO: Finished reducing MW generators.
2022-01-14 11:35:19,314 INFO: Skipped Chabauty because MW generators haven't been computed. (delta = ['1', '1', '1'], g = [4, 16, 16, 13, 2, 1])
2022-01-14 11:35:19,314 INFO: Skipped Chabauty because MW generators haven't been computed. (delta = ['4', '15', '15', '12', '2', '1'], g = [4, 16, 16, 13, 2, 1])
2022-01-14 11:35:19,314 INFO: Skipped Chabauty because MW generators haven't been computed. (delta = ['4', '15', '16', '13', '2', '1'], g = [4, 16, 16, 13, 2, 1])
2022-01-14 11:35:19,314 INFO: Skipped Chabauty because MW generators haven't been computed. (delta = ['1'], g = [4, 16, 16, 13, 2, 1])
2022-01-14 11:35:19,316 INFO: Tasks complete. Recording data and exiting.
2022-02-12 17:39:36,269 INFO: Loaded curve data from file.
2022-02-12 17:39:36,269 INFO: Computing elliptic Chabauty map... (delta = ['1', '1', '1'], g = [4, 16, 16, 13, 2, 1])
2022-02-12 17:39:50,022 INFO: Elliptic Chabauty map computed. (delta = ['1', '1', '1'], g = [4, 16, 16, 13, 2, 1])
2022-02-12 17:39:50,025 INFO: Computing elliptic Chabauty map... (delta = ['4', '15', '15', '12', '2', '1'], g = [4, 16, 16, 13, 2, 1])
2022-02-12 17:40:03,405 INFO: Elliptic Chabauty map computed. (delta = ['4', '15', '15', '12', '2', '1'], g = [4, 16, 16, 13, 2, 1])
2022-02-12 17:40:03,408 INFO: Computing elliptic Chabauty map... (delta = ['4', '15', '16', '13', '2', '1'], g = [4, 16, 16, 13, 2, 1])
2022-02-12 17:40:16,882 INFO: Elliptic Chabauty map computed. (delta = ['4', '15', '16', '13', '2', '1'], g = [4, 16, 16, 13, 2, 1])
2022-02-12 17:40:16,885 INFO: Computing elliptic Chabauty map... (delta = ['1'], g = [4, 16, 16, 13, 2, 1])
2022-02-12 17:40:30,277 INFO: Elliptic Chabauty map computed. (delta = ['1'], g = [4, 16, 16, 13, 2, 1])
2022-02-12 17:40:30,281 INFO: Tasks complete. Recording data and exiting.
