2022-01-11 12:29:27,821 INFO: Initialized curve data.
2022-01-11 12:29:27,838 INFO: Setting up initial twist data...
2022-01-11 12:29:29,096 INFO: Twist setup complete.
2022-01-11 12:29:29,096 INFO: Searching for rational points on each twist...
2022-01-11 12:29:31,425 INFO: Finished searching for rational points on each twist.
2022-01-11 12:29:31,426 INFO: Testing local solvability of twists...
2022-01-11 12:29:31,431 INFO: Finished local solvability testing.
2022-01-11 12:29:31,433 INFO: Computing elliptic curve a-invariants...
2022-01-11 12:29:45,717 INFO: Finished computation of a-invariants.
2022-01-11 12:29:45,718 INFO: Computing MW group (delta = ['1', '-1'], g = [4, 0, 4, -4, -2, 1])...
2022-01-11 12:30:17,184 INFO: Finished MW computation (delta = ['1', '-1'], g = [4, 0, 4, -4, -2, 1])
2022-01-11 12:30:17,186 INFO: Computing MW group (delta = ['1'], g = [4, 0, 4, -4, -2, 1])...
2022-01-11 12:32:05,657 INFO: Finished MW computation (delta = ['1'], g = [4, 0, 4, -4, -2, 1])
2022-01-11 12:32:05,660 INFO: Computing MW group (delta = ['2', '-1', '4', '-4', '-2', '1'], g = [4, 0, 4, -4, -2, 1])...
2022-01-11 12:32:17,762 INFO: Finished MW computation (delta = ['2', '-1', '4', '-4', '-2', '1'], g = [4, 0, 4, -4, -2, 1])
2022-01-11 12:32:17,764 INFO: Computing MW group (delta = ['10', '1', '13', '-12', '-6', '3'], g = [4, 0, 4, -4, -2, 1])...
2022-01-11 12:33:29,309 INFO: Finished MW computation (delta = ['10', '1', '13', '-12', '-6', '3'], g = [4, 0, 4, -4, -2, 1])
2022-01-11 12:33:29,317 INFO: Reducing MW generators...
2022-01-11 12:33:32,283 INFO: Finished reducing MW generators.
2022-01-11 12:33:32,286 INFO: Tasks complete. Recording data and exiting.
2022-01-13 17:36:51,556 INFO: Loaded curve data from file.
2022-01-13 17:36:51,556 INFO: Running elliptic Chabauty (delta = ['1', '-1'], g = [4, 0, 4, -4, -2, 1])...
2022-01-13 17:37:04,647 INFO: Chabauty completed successfully (delta = ['1', '-1'], g = [4, 0, 4, -4, -2, 1]).
2022-01-13 17:37:04,650 INFO: Running elliptic Chabauty (delta = ['1'], g = [4, 0, 4, -4, -2, 1])...
2022-01-13 17:37:16,848 INFO: Chabauty completed successfully (delta = ['1'], g = [4, 0, 4, -4, -2, 1]).
2022-01-13 17:37:16,850 INFO: Running elliptic Chabauty (delta = ['2', '-1', '4', '-4', '-2', '1'], g = [4, 0, 4, -4, -2, 1])...
2022-01-13 17:37:28,984 INFO: Chabauty completed successfully (delta = ['2', '-1', '4', '-4', '-2', '1'], g = [4, 0, 4, -4, -2, 1]).
2022-01-13 17:37:28,985 INFO: Running elliptic Chabauty (delta = ['10', '1', '13', '-12', '-6', '3'], g = [4, 0, 4, -4, -2, 1])...
2022-01-13 17:38:05,598 INFO: Chabauty completed successfully (delta = ['10', '1', '13', '-12', '-6', '3'], g = [4, 0, 4, -4, -2, 1]).
2022-01-13 17:38:05,840 INFO: Rational points successfully computed.
2022-01-13 17:38:05,841 INFO: Tasks complete. Recording data and exiting.
2022-02-12 16:39:39,076 INFO: Loaded curve data from file.
2022-02-12 16:39:39,076 INFO: Computing elliptic Chabauty map... (delta = ['1', '-1'], g = [4, 0, 4, -4, -2, 1])
2022-02-12 16:39:49,520 INFO: Elliptic Chabauty map computed. (delta = ['1', '-1'], g = [4, 0, 4, -4, -2, 1])
2022-02-12 16:39:49,524 INFO: Computing elliptic Chabauty map... (delta = ['1'], g = [4, 0, 4, -4, -2, 1])
2022-02-12 16:40:00,065 INFO: Elliptic Chabauty map computed. (delta = ['1'], g = [4, 0, 4, -4, -2, 1])
2022-02-12 16:40:00,068 INFO: Computing elliptic Chabauty map... (delta = ['2', '-1', '4', '-4', '-2', '1'], g = [4, 0, 4, -4, -2, 1])
2022-02-12 16:40:10,269 INFO: Elliptic Chabauty map computed. (delta = ['2', '-1', '4', '-4', '-2', '1'], g = [4, 0, 4, -4, -2, 1])
2022-02-12 16:40:10,272 INFO: Computing elliptic Chabauty map... (delta = ['10', '1', '13', '-12', '-6', '3'], g = [4, 0, 4, -4, -2, 1])
2022-02-12 16:40:20,511 INFO: Elliptic Chabauty map computed. (delta = ['10', '1', '13', '-12', '-6', '3'], g = [4, 0, 4, -4, -2, 1])
2022-02-12 16:40:20,515 INFO: Tasks complete. Recording data and exiting.
