2022-01-12 12:14:56,111 INFO: Initialized curve data.
2022-01-12 12:14:56,113 INFO: Setting up initial twist data...
2022-01-12 12:14:57,437 INFO: Twist setup complete.
2022-01-12 12:14:57,437 INFO: Searching for rational points on each twist...
2022-01-12 12:14:59,506 INFO: Finished searching for rational points on each twist.
2022-01-12 12:14:59,506 INFO: Testing local solvability of twists...
2022-01-12 12:14:59,513 INFO: Finished local solvability testing.
2022-01-12 12:14:59,514 INFO: Computing elliptic curve a-invariants...
2022-01-12 12:15:20,161 INFO: Finished computation of a-invariants.
2022-01-12 12:15:20,163 INFO: Computing MW group (delta = ['16', '36', '-31', '7', '-16', '4'], g = [4, 9, -8, 2, -4, 1])...
2022-01-14 11:32:11,269 INFO: Loaded curve data from file.
2022-01-14 11:32:11,270 INFO: Reducing MW generators...
2022-01-14 11:32:11,270 INFO: Finished reducing MW generators.
2022-01-14 11:32:11,272 INFO: Skipped Chabauty because MW generators haven't been computed. (delta = ['16', '36', '-31', '7', '-16', '4'], g = [4, 9, -8, 2, -4, 1])
2022-01-14 11:32:11,272 INFO: Skipped Chabauty because MW generators haven't been computed. (delta = ['4', '8', '-7', '2', '-4', '1'], g = [4, 9, -8, 2, -4, 1])
2022-01-14 11:32:11,272 INFO: Skipped Chabauty because MW generators haven't been computed. (delta = ['1'], g = [4, 9, -8, 2, -4, 1])
2022-01-14 11:32:11,272 INFO: Skipped Chabauty because MW generators haven't been computed. (delta = ['4', '8', '-8', '2', '-4', '1'], g = [4, 9, -8, 2, -4, 1])
2022-01-14 11:32:11,275 INFO: Tasks complete. Recording data and exiting.
2022-02-12 16:44:31,186 INFO: Loaded curve data from file.
2022-02-12 16:44:31,186 INFO: Computing elliptic Chabauty map... (delta = ['16', '36', '-31', '7', '-16', '4'], g = [4, 9, -8, 2, -4, 1])
2022-02-12 16:44:48,163 INFO: Elliptic Chabauty map computed. (delta = ['16', '36', '-31', '7', '-16', '4'], g = [4, 9, -8, 2, -4, 1])
2022-02-12 16:44:48,165 INFO: Computing elliptic Chabauty map... (delta = ['4', '8', '-7', '2', '-4', '1'], g = [4, 9, -8, 2, -4, 1])
2022-02-12 16:45:04,803 INFO: Elliptic Chabauty map computed. (delta = ['4', '8', '-7', '2', '-4', '1'], g = [4, 9, -8, 2, -4, 1])
2022-02-12 16:45:04,805 INFO: Computing elliptic Chabauty map... (delta = ['1'], g = [4, 9, -8, 2, -4, 1])
2022-02-12 16:45:21,493 INFO: Elliptic Chabauty map computed. (delta = ['1'], g = [4, 9, -8, 2, -4, 1])
2022-02-12 16:45:21,495 INFO: Computing elliptic Chabauty map... (delta = ['4', '8', '-8', '2', '-4', '1'], g = [4, 9, -8, 2, -4, 1])
2022-02-12 16:45:38,005 INFO: Elliptic Chabauty map computed. (delta = ['4', '8', '-8', '2', '-4', '1'], g = [4, 9, -8, 2, -4, 1])
2022-02-12 16:45:38,007 INFO: Tasks complete. Recording data and exiting.
