2022-01-01 12:50:56,661 INFO: Initialized curve data.
2022-01-01 12:50:56,664 INFO: Setting up initial twist data...
2022-01-01 12:50:57,688 INFO: Twist setup complete.
2022-01-01 12:50:57,688 INFO: Searching for rational points on each twist...
2022-01-01 12:50:58,466 INFO: Finished searching for rational points on each twist.
2022-01-01 12:50:58,467 INFO: Testing local solvability of twists...
2022-01-01 12:51:07,269 INFO: Finished local solvability testing.
2022-01-01 12:51:07,270 INFO: Computing elliptic curve a-invariants...
2022-01-01 12:51:12,666 INFO: Finished computation of a-invariants.
2022-01-01 12:51:12,667 INFO: Computing MW group (delta = ['1'], g = [-9, -1, -1, -3, 1, 1])...
2022-01-03 13:14:58,000 INFO: Obsolete "loc_solv_error" keys removed.
2022-01-10 22:39:12,382 INFO: Loaded curve data from file.
2022-01-10 22:39:12,383 INFO: Reducing MW generators...
2022-01-10 22:39:12,383 INFO: Finished reducing MW generators.
2022-01-10 22:39:12,384 INFO: Skipped Chabauty because MW generators haven't been computed. (delta = ['1'], g = [-9, -1, -1, -3, 1, 1])
2022-01-10 22:39:12,385 INFO: Skipped Chabauty because no base point (delta = ['23', '7', '4', '8', '-3', '-3'])
2022-01-10 22:39:12,385 INFO: Skipped Chabauty because MW generators haven't been computed. (delta = ['-4', '0', '1'], g = [-9, -1, -1, -3, 1, 1])
2022-01-10 22:39:12,385 INFO: Skipped Chabauty because MW generators haven't been computed. (delta = ['-8', '-2', '-1', '-3', '1', '1'], g = [-9, -1, -1, -3, 1, 1])
2022-01-10 22:39:12,446 INFO: Tasks complete. Recording data and exiting.
2022-02-12 17:03:20,463 INFO: Loaded curve data from file.
2022-02-12 17:03:20,463 INFO: Computing elliptic Chabauty map... (delta = ['1'], g = [-9, -1, -1, -3, 1, 1])
2022-02-12 17:03:26,806 INFO: Elliptic Chabauty map computed. (delta = ['1'], g = [-9, -1, -1, -3, 1, 1])
2022-02-12 17:03:26,808 INFO: Computing elliptic Chabauty map... (delta = ['-4', '0', '1'], g = [-9, -1, -1, -3, 1, 1])
2022-02-12 17:03:32,843 INFO: Elliptic Chabauty map computed. (delta = ['-4', '0', '1'], g = [-9, -1, -1, -3, 1, 1])
2022-02-12 17:03:32,845 INFO: Computing elliptic Chabauty map... (delta = ['-8', '-2', '-1', '-3', '1', '1'], g = [-9, -1, -1, -3, 1, 1])
2022-02-12 17:03:38,918 INFO: Elliptic Chabauty map computed. (delta = ['-8', '-2', '-1', '-3', '1', '1'], g = [-9, -1, -1, -3, 1, 1])
2022-02-12 17:03:38,920 INFO: Tasks complete. Recording data and exiting.
