2022-01-11 10:11:08,737 INFO: Initialized curve data.
2022-01-11 10:11:08,750 INFO: Setting up initial twist data...
2022-01-11 10:11:10,058 INFO: Twist setup complete.
2022-01-11 10:11:10,058 INFO: Searching for rational points on each twist...
2022-01-11 10:11:11,039 INFO: Finished searching for rational points on each twist.
2022-01-11 10:11:11,039 INFO: Testing local solvability of twists...
2022-01-11 10:11:11,046 INFO: Finished local solvability testing.
2022-01-11 10:11:11,047 INFO: Computing elliptic curve a-invariants...
2022-01-11 10:11:19,768 INFO: Finished computation of a-invariants.
2022-01-11 10:11:19,770 INFO: Computing MW group (delta = ['4', '-12', '0', '18', '-8', '1'], g = [4, -11, 0, 18, -8, 1])...
2022-01-11 10:18:44,444 INFO: Finished MW computation (delta = ['4', '-12', '0', '18', '-8', '1'], g = [4, -11, 0, 18, -8, 1])
2022-01-11 10:18:44,447 INFO: Computing MW group (delta = ['1', '-1'], g = [4, -11, 0, 18, -8, 1])...
2022-01-13 17:36:32,699 INFO: Loaded curve data from file.
2022-01-13 17:36:32,699 INFO: Reducing MW generators...
2022-01-13 17:36:33,063 INFO: Finished reducing MW generators.
2022-01-13 17:36:33,065 INFO: Running elliptic Chabauty (delta = ['4', '-12', '0', '18', '-8', '1'], g = [4, -11, 0, 18, -8, 1])...
2022-01-13 17:36:48,084 INFO: Chabauty completed successfully (delta = ['4', '-12', '0', '18', '-8', '1'], g = [4, -11, 0, 18, -8, 1]).
2022-01-13 17:36:48,085 INFO: Skipped Chabauty because MW generators haven't been computed. (delta = ['1', '-1'], g = [4, -11, 0, 18, -8, 1])
2022-01-13 17:36:48,085 INFO: Skipped Chabauty because MW generators haven't been computed. (delta = ['4', '-12', '1', '18', '-8', '1'], g = [4, -11, 0, 18, -8, 1])
2022-01-13 17:36:48,085 INFO: Skipped Chabauty because MW generators haven't been computed. (delta = ['1'], g = [4, -11, 0, 18, -8, 1])
2022-01-13 17:36:48,129 INFO: Tasks complete. Recording data and exiting.
2022-02-12 16:42:59,154 INFO: Loaded curve data from file.
2022-02-12 16:42:59,154 INFO: Computing elliptic Chabauty map... (delta = ['4', '-12', '0', '18', '-8', '1'], g = [4, -11, 0, 18, -8, 1])
2022-02-12 16:43:10,671 INFO: Elliptic Chabauty map computed. (delta = ['4', '-12', '0', '18', '-8', '1'], g = [4, -11, 0, 18, -8, 1])
2022-02-12 16:43:10,673 INFO: Computing elliptic Chabauty map... (delta = ['1', '-1'], g = [4, -11, 0, 18, -8, 1])
2022-02-12 16:43:22,025 INFO: Elliptic Chabauty map computed. (delta = ['1', '-1'], g = [4, -11, 0, 18, -8, 1])
2022-02-12 16:43:22,027 INFO: Computing elliptic Chabauty map... (delta = ['4', '-12', '1', '18', '-8', '1'], g = [4, -11, 0, 18, -8, 1])
2022-02-12 16:43:33,555 INFO: Elliptic Chabauty map computed. (delta = ['4', '-12', '1', '18', '-8', '1'], g = [4, -11, 0, 18, -8, 1])
2022-02-12 16:43:33,557 INFO: Computing elliptic Chabauty map... (delta = ['1'], g = [4, -11, 0, 18, -8, 1])
2022-02-12 16:43:44,948 INFO: Elliptic Chabauty map computed. (delta = ['1'], g = [4, -11, 0, 18, -8, 1])
2022-02-12 16:43:44,951 INFO: Tasks complete. Recording data and exiting.
