2022-01-13 21:54:35,148 INFO: Initialized curve data.
2022-01-13 21:54:35,150 INFO: Setting up initial twist data...
2022-01-13 21:54:36,542 INFO: Twist setup complete.
2022-01-13 21:54:36,542 INFO: Searching for rational points on each twist...
2022-01-13 21:54:39,870 INFO: Finished searching for rational points on each twist.
2022-01-13 21:54:39,871 INFO: Testing local solvability of twists...
2022-01-13 21:54:47,915 INFO: Finished local solvability testing.
2022-01-13 21:54:47,917 INFO: Computing elliptic curve a-invariants...
2022-01-13 21:54:56,325 INFO: Finished computation of a-invariants.
2022-01-13 21:54:56,327 INFO: Skipped MW computation because no base point (delta = ['-16', '-20', '-9', '-5', '0', '-16'])
2022-01-13 21:54:56,327 INFO: Computing MW group (delta = ['-16', '-20', '-9', '-4', '1', '-16'], g = [4, 5, 2, 1, 0, 4])...
2022-01-13 21:58:58,777 INFO: Finished MW computation (delta = ['-16', '-20', '-9', '-4', '1', '-16'], g = [4, 5, 2, 1, 0, 4])
2022-01-13 21:58:58,783 INFO: Unable to use elliptic Chabauty on twist (delta = ['-16', '-20', '-9', '-4', '1', '-16'])
2022-01-13 21:58:58,788 INFO: Obstruction found to provably computing rational points. Exiting.
2022-01-14 11:35:08,879 INFO: Loaded curve data from file.
2022-01-14 11:35:08,880 INFO: Obstruction already found. Exiting.
2022-02-12 17:00:32,527 INFO: Loaded curve data from file.
2022-02-12 17:00:32,527 INFO: Computing elliptic Chabauty map... (delta = ['-16', '-20', '-9', '-4', '1', '-16'], g = [4, 5, 2, 1, 0, 4])
2022-02-12 17:00:41,032 INFO: Elliptic Chabauty map computed. (delta = ['-16', '-20', '-9', '-4', '1', '-16'], g = [4, 5, 2, 1, 0, 4])
2022-02-12 17:00:41,035 INFO: Computing elliptic Chabauty map... (delta = ['4', '4', '3', '1', '0', '4'], g = [4, 5, 2, 1, 0, 4])
2022-02-12 17:00:49,396 INFO: Elliptic Chabauty map computed. (delta = ['4', '4', '3', '1', '0', '4'], g = [4, 5, 2, 1, 0, 4])
2022-02-12 17:00:49,399 INFO: Computing elliptic Chabauty map... (delta = ['1'], g = [4, 5, 2, 1, 0, 4])
2022-02-12 17:00:57,522 INFO: Elliptic Chabauty map computed. (delta = ['1'], g = [4, 5, 2, 1, 0, 4])
2022-02-12 17:00:57,525 INFO: Computing elliptic Chabauty map... (delta = ['-4', '-4', '-1', '-1', '0', '-4'], g = [4, 5, 2, 1, 0, 4])
2022-02-12 17:01:05,586 INFO: Elliptic Chabauty map computed. (delta = ['-4', '-4', '-1', '-1', '0', '-4'], g = [4, 5, 2, 1, 0, 4])
2022-02-12 17:01:05,590 INFO: Computing elliptic Chabauty map... (delta = ['4', '4', '2', '1', '0', '4'], g = [4, 5, 2, 1, 0, 4])
2022-02-12 17:01:14,344 INFO: Elliptic Chabauty map computed. (delta = ['4', '4', '2', '1', '0', '4'], g = [4, 5, 2, 1, 0, 4])
2022-02-12 17:01:14,348 INFO: Tasks complete. Recording data and exiting.
