2022-01-14 12:17:34,488 INFO: Initialized curve data.
2022-01-14 12:17:34,680 INFO: Setting up initial twist data...
2022-01-14 12:17:35,881 INFO: Twist setup complete.
2022-01-14 12:17:35,881 INFO: Searching for rational points on each twist...
2022-01-14 12:17:37,225 INFO: Finished searching for rational points on each twist.
2022-01-14 12:17:37,226 INFO: Testing local solvability of twists...
2022-01-14 12:17:37,234 INFO: Finished local solvability testing.
2022-01-14 12:17:37,236 INFO: Computing elliptic curve a-invariants...
2022-01-14 12:17:43,412 INFO: Finished computation of a-invariants.
2022-01-14 12:17:43,414 INFO: Computing MW group (delta = ['4', '19', '-3', '0', '4', '1'], g = [4, 20, -4, 0, 4, 1])...
2022-01-14 15:52:32,467 INFO: Loaded curve data from file.
2022-01-14 15:52:32,467 INFO: Reducing MW generators...
2022-01-14 15:52:32,467 INFO: Finished reducing MW generators.
2022-01-14 15:52:32,469 INFO: Skipped Chabauty because MW generators haven't been computed. (delta = ['4', '19', '-3', '0', '4', '1'], g = [4, 20, -4, 0, 4, 1])
2022-01-14 15:52:32,469 INFO: Skipped Chabauty because MW generators haven't been computed. (delta = ['1', '-1'], g = [4, 20, -4, 0, 4, 1])
2022-01-14 15:52:32,469 INFO: Skipped Chabauty because MW generators haven't been computed. (delta = ['1'], g = [4, 20, -4, 0, 4, 1])
2022-01-14 15:52:32,469 INFO: Skipped Chabauty because MW generators haven't been computed. (delta = ['4', '19', '-4', '0', '4', '1'], g = [4, 20, -4, 0, 4, 1])
2022-01-14 15:52:32,470 INFO: Tasks complete. Recording data and exiting.
2022-02-12 17:05:36,877 INFO: Loaded curve data from file.
2022-02-12 17:05:36,878 INFO: Computing elliptic Chabauty map... (delta = ['4', '19', '-3', '0', '4', '1'], g = [4, 20, -4, 0, 4, 1])
2022-02-12 17:05:47,494 INFO: Elliptic Chabauty map computed. (delta = ['4', '19', '-3', '0', '4', '1'], g = [4, 20, -4, 0, 4, 1])
2022-02-12 17:05:47,496 INFO: Computing elliptic Chabauty map... (delta = ['1', '-1'], g = [4, 20, -4, 0, 4, 1])
2022-02-12 17:05:58,356 INFO: Elliptic Chabauty map computed. (delta = ['1', '-1'], g = [4, 20, -4, 0, 4, 1])
2022-02-12 17:05:58,359 INFO: Computing elliptic Chabauty map... (delta = ['1'], g = [4, 20, -4, 0, 4, 1])
2022-02-12 17:06:08,963 INFO: Elliptic Chabauty map computed. (delta = ['1'], g = [4, 20, -4, 0, 4, 1])
2022-02-12 17:06:08,966 INFO: Computing elliptic Chabauty map... (delta = ['4', '19', '-4', '0', '4', '1'], g = [4, 20, -4, 0, 4, 1])
2022-02-12 17:06:19,648 INFO: Elliptic Chabauty map computed. (delta = ['4', '19', '-4', '0', '4', '1'], g = [4, 20, -4, 0, 4, 1])
2022-02-12 17:06:19,651 INFO: Tasks complete. Recording data and exiting.
