2022-01-11 12:31:51,065 INFO: Initialized curve data.
2022-01-11 12:31:51,067 INFO: Setting up initial twist data...
2022-01-11 12:31:52,056 INFO: Twist setup complete.
2022-01-11 12:31:52,056 INFO: Searching for rational points on each twist...
2022-01-11 12:31:53,873 INFO: Finished searching for rational points on each twist.
2022-01-11 12:31:53,873 INFO: Testing local solvability of twists...
2022-01-11 12:31:53,877 INFO: Finished local solvability testing.
2022-01-11 12:31:53,878 INFO: Computing elliptic curve a-invariants...
2022-01-11 12:32:11,705 INFO: Finished computation of a-invariants.
2022-01-11 12:32:11,706 INFO: Computing MW group (delta = ['4', '12', '17', '10', '-8', '-2'], g = [-2, -7, -8, -5, 4, 1])...
2022-01-11 12:33:10,937 INFO: Finished MW computation (delta = ['4', '12', '17', '10', '-8', '-2'], g = [-2, -7, -8, -5, 4, 1])
2022-01-11 12:33:10,940 INFO: Computing MW group (delta = ['0', '-8', '-8', '-5', '4', '1'], g = [-2, -7, -8, -5, 4, 1])...
2022-01-11 12:36:44,014 INFO: Finished MW computation (delta = ['0', '-8', '-8', '-5', '4', '1'], g = [-2, -7, -8, -5, 4, 1])
2022-01-11 12:36:44,019 INFO: Computing MW group (delta = ['1'], g = [-2, -7, -8, -5, 4, 1])...
2022-01-11 12:37:38,001 INFO: Finished MW computation (delta = ['1'], g = [-2, -7, -8, -5, 4, 1])
2022-01-11 12:37:38,003 INFO: Computing MW group (delta = ['0', '-1'], g = [-2, -7, -8, -5, 4, 1])...
2022-01-11 12:39:33,654 INFO: Finished MW computation (delta = ['0', '-1'], g = [-2, -7, -8, -5, 4, 1])
2022-01-11 12:39:33,660 INFO: Reducing MW generators...
2022-01-11 12:39:36,357 INFO: Finished reducing MW generators.
2022-01-11 12:39:36,360 INFO: Tasks complete. Recording data and exiting.
2022-01-13 17:36:52,370 INFO: Loaded curve data from file.
2022-01-13 17:36:52,371 INFO: Skipped Chabauty because MW group hasn't been provably computed. (delta = ['4', '12', '17', '10', '-8', '-2'], g = [-2, -7, -8, -5, 4, 1])
2022-01-13 17:36:52,371 INFO: Running elliptic Chabauty (delta = ['0', '-8', '-8', '-5', '4', '1'], g = [-2, -7, -8, -5, 4, 1])...
2022-01-13 17:37:15,398 INFO: Chabauty completed successfully (delta = ['0', '-8', '-8', '-5', '4', '1'], g = [-2, -7, -8, -5, 4, 1]).
2022-01-13 17:37:15,400 INFO: Skipped Chabauty because MW group hasn't been provably computed. (delta = ['1'], g = [-2, -7, -8, -5, 4, 1])
2022-01-13 17:37:15,400 INFO: Running elliptic Chabauty (delta = ['0', '-1'], g = [-2, -7, -8, -5, 4, 1])...
2022-01-13 18:00:38,984 INFO: Chabauty completed successfully (delta = ['0', '-1'], g = [-2, -7, -8, -5, 4, 1]).
2022-01-13 18:00:39,074 INFO: Tasks complete. Recording data and exiting.
2022-02-12 17:22:58,810 INFO: Loaded curve data from file.
2022-02-12 17:22:58,810 INFO: Computing elliptic Chabauty map... (delta = ['4', '12', '17', '10', '-8', '-2'], g = [-2, -7, -8, -5, 4, 1])
2022-02-12 17:23:16,758 INFO: Elliptic Chabauty map computed. (delta = ['4', '12', '17', '10', '-8', '-2'], g = [-2, -7, -8, -5, 4, 1])
2022-02-12 17:23:16,760 INFO: Computing elliptic Chabauty map... (delta = ['0', '-8', '-8', '-5', '4', '1'], g = [-2, -7, -8, -5, 4, 1])
2022-02-12 17:23:35,004 INFO: Elliptic Chabauty map computed. (delta = ['0', '-8', '-8', '-5', '4', '1'], g = [-2, -7, -8, -5, 4, 1])
2022-02-12 17:23:35,007 INFO: Computing elliptic Chabauty map... (delta = ['1'], g = [-2, -7, -8, -5, 4, 1])
2022-02-12 17:23:53,123 INFO: Elliptic Chabauty map computed. (delta = ['1'], g = [-2, -7, -8, -5, 4, 1])
2022-02-12 17:23:53,126 INFO: Computing elliptic Chabauty map... (delta = ['0', '-1'], g = [-2, -7, -8, -5, 4, 1])
2022-02-12 17:24:11,332 INFO: Elliptic Chabauty map computed. (delta = ['0', '-1'], g = [-2, -7, -8, -5, 4, 1])
2022-02-12 17:24:11,336 INFO: Tasks complete. Recording data and exiting.
