2022-01-11 15:10:19,406 INFO: Initialized curve data.
2022-01-11 15:10:19,410 INFO: Setting up initial twist data...
2022-01-11 15:10:20,369 INFO: Twist setup complete.
2022-01-11 15:10:20,370 INFO: Searching for rational points on each twist...
2022-01-11 15:10:22,146 INFO: Finished searching for rational points on each twist.
2022-01-11 15:10:22,146 INFO: Testing local solvability of twists...
2022-01-11 15:10:25,674 INFO: Finished local solvability testing.
2022-01-11 15:10:25,675 INFO: Computing elliptic curve a-invariants...
2022-01-11 15:10:33,284 INFO: Finished computation of a-invariants.
2022-01-11 15:10:33,285 INFO: Computing MW group (delta = ['1', '-6', '5', '12', '-6', '10'], g = [1, -3, 2, 6, -3, 5])...
2022-01-11 15:11:45,400 INFO: Finished MW computation (delta = ['1', '-6', '5', '12', '-6', '10'], g = [1, -3, 2, 6, -3, 5])
2022-01-11 15:11:45,403 INFO: Skipped MW computation because no base point (delta = ['-16', '47', '-33', '-95', '49', '-80'])
2022-01-11 15:11:45,404 INFO: Computing MW group (delta = ['1', '-2', '3', '6', '-3', '5'], g = [1, -3, 2, 6, -3, 5])...
2022-01-11 15:12:18,186 INFO: Finished MW computation (delta = ['1', '-2', '3', '6', '-3', '5'], g = [1, -3, 2, 6, -3, 5])
2022-01-11 15:12:18,191 INFO: Computing MW group (delta = ['1'], g = [1, -3, 2, 6, -3, 5])...
2022-01-11 15:13:24,207 INFO: Finished MW computation (delta = ['1'], g = [1, -3, 2, 6, -3, 5])
2022-01-11 15:13:24,212 INFO: Reducing MW generators...
2022-01-11 15:13:28,283 INFO: Finished reducing MW generators.
2022-01-11 15:13:28,285 INFO: Tasks complete. Recording data and exiting.
2022-01-14 09:07:34,127 INFO: Loaded curve data from file.
2022-01-14 09:07:34,128 INFO: Running elliptic Chabauty (delta = ['1', '-6', '5', '12', '-6', '10'], g = [1, -3, 2, 6, -3, 5])...
2022-01-14 09:09:43,374 INFO: Chabauty completed successfully (delta = ['1', '-6', '5', '12', '-6', '10'], g = [1, -3, 2, 6, -3, 5]).
2022-01-14 09:09:43,382 INFO: Skipped Chabauty because no base point (delta = ['-16', '47', '-33', '-95', '49', '-80'])
2022-01-14 09:09:43,382 INFO: Running elliptic Chabauty (delta = ['1', '-2', '3', '6', '-3', '5'], g = [1, -3, 2, 6, -3, 5])...
2022-01-14 09:11:18,792 INFO: Chabauty completed successfully (delta = ['1', '-2', '3', '6', '-3', '5'], g = [1, -3, 2, 6, -3, 5]).
2022-01-14 09:11:18,795 INFO: Running elliptic Chabauty (delta = ['1'], g = [1, -3, 2, 6, -3, 5])...
2022-01-14 09:12:36,676 INFO: Chabauty completed successfully (delta = ['1'], g = [1, -3, 2, 6, -3, 5]).
2022-01-14 09:12:36,889 INFO: Rational points successfully computed.
2022-01-14 09:12:36,892 INFO: Tasks complete. Recording data and exiting.
2022-02-12 17:12:20,662 INFO: Loaded curve data from file.
2022-02-12 17:12:20,662 INFO: Computing elliptic Chabauty map... (delta = ['1', '-6', '5', '12', '-6', '10'], g = [1, -3, 2, 6, -3, 5])
2022-02-12 17:12:36,133 INFO: Elliptic Chabauty map computed. (delta = ['1', '-6', '5', '12', '-6', '10'], g = [1, -3, 2, 6, -3, 5])
2022-02-12 17:12:36,137 INFO: Computing elliptic Chabauty map... (delta = ['1', '-2', '3', '6', '-3', '5'], g = [1, -3, 2, 6, -3, 5])
2022-02-12 17:12:51,482 INFO: Elliptic Chabauty map computed. (delta = ['1', '-2', '3', '6', '-3', '5'], g = [1, -3, 2, 6, -3, 5])
2022-02-12 17:12:51,485 INFO: Computing elliptic Chabauty map... (delta = ['1'], g = [1, -3, 2, 6, -3, 5])
2022-02-12 17:13:06,505 INFO: Elliptic Chabauty map computed. (delta = ['1'], g = [1, -3, 2, 6, -3, 5])
2022-02-12 17:13:06,509 INFO: Tasks complete. Recording data and exiting.
