2022-01-12 12:23:47,056 INFO: Initialized curve data.
2022-01-12 12:23:47,058 INFO: Setting up initial twist data...
2022-01-12 12:23:48,396 INFO: Twist setup complete.
2022-01-12 12:23:48,396 INFO: Searching for rational points on each twist...
2022-01-12 12:23:52,849 INFO: Finished searching for rational points on each twist.
2022-01-12 12:23:52,850 INFO: Testing local solvability of twists...
2022-01-12 12:24:15,106 INFO: Finished local solvability testing.
2022-01-12 12:24:15,108 INFO: Computing elliptic curve a-invariants...
2022-01-12 12:24:20,608 INFO: Finished computation of a-invariants.
2022-01-12 12:24:20,610 INFO: Skipped MW computation because no base point (delta = ['-1', '7', '32', '32', '13', '1'])
2022-01-12 12:24:20,610 INFO: Computing MW group (delta = ['-8', '-31', '-31', '-13', '-1'], g = [1, 1])...
2022-01-12 12:24:21,162 INFO: Finished MW computation (delta = ['-8', '-31', '-31', '-13', '-1'], g = [1, 1])
2022-01-12 12:24:21,164 INFO: Computing MW group (delta = ['-8', '-31', '-31', '-13', '-1'], g = [8, 32, 32, 13, 1])...
2022-01-12 12:24:32,520 INFO: Finished MW computation (delta = ['-8', '-31', '-31', '-13', '-1'], g = [8, 32, 32, 13, 1])
2022-01-12 12:24:32,523 INFO: Computing MW group (delta = ['1'], g = [1, 1])...
2022-01-12 12:24:32,801 INFO: Finished MW computation (delta = ['1'], g = [1, 1])
2022-01-12 12:24:32,803 INFO: Computing MW group (delta = ['1'], g = [8, 32, 32, 13, 1])...
2022-01-12 12:24:53,683 INFO: Finished MW computation (delta = ['1'], g = [8, 32, 32, 13, 1])
2022-01-12 12:24:53,686 INFO: Skipped MW computation because no base point (delta = ['4', '47/2', '93/2', '75/2', '27/2', '1'])
2022-01-12 12:24:53,686 INFO: Skipped MW computation because no base point (delta = ['1/2', '11/2', '17', '16', '13/2', '1/2'])
2022-01-12 12:24:53,686 INFO: Computing MW group (delta = ['-4', '-7/2', '34', '44', '20', '3/2'], g = [1, 1])...
2022-01-12 12:24:54,223 INFO: Finished MW computation (delta = ['-4', '-7/2', '34', '44', '20', '3/2'], g = [1, 1])
2022-01-12 12:24:54,226 INFO: Computing MW group (delta = ['-4', '-7/2', '34', '44', '20', '3/2'], g = [8, 32, 32, 13, 1])...
2022-01-12 12:25:35,550 INFO: Finished MW computation (delta = ['-4', '-7/2', '34', '44', '20', '3/2'], g = [8, 32, 32, 13, 1])
2022-01-12 12:25:35,554 INFO: Unable to use elliptic Chabauty on twist (delta = ['-4', '-7/2', '34', '44', '20', '3/2'])
2022-01-12 12:25:35,556 INFO: Obstruction found to provably computing rational points. Exiting.
2022-01-14 11:32:30,812 INFO: Loaded curve data from file.
2022-01-14 11:32:30,813 INFO: Obstruction already found. Exiting.
2022-02-12 17:05:19,178 INFO: Loaded curve data from file.
2022-02-12 17:05:19,178 INFO: Computing elliptic Chabauty map... (delta = ['-8', '-31', '-31', '-13', '-1'], g = [1, 1])
2022-02-12 17:05:29,557 INFO: Elliptic Chabauty map computed. (delta = ['-8', '-31', '-31', '-13', '-1'], g = [1, 1])
2022-02-12 17:05:29,560 INFO: Computing elliptic Chabauty map... (delta = ['-8', '-31', '-31', '-13', '-1'], g = [8, 32, 32, 13, 1])
2022-02-12 17:05:42,054 INFO: Elliptic Chabauty map computed. (delta = ['-8', '-31', '-31', '-13', '-1'], g = [8, 32, 32, 13, 1])
2022-02-12 17:05:42,057 INFO: Computing elliptic Chabauty map... (delta = ['1'], g = [1, 1])
2022-02-12 17:05:52,348 INFO: Elliptic Chabauty map computed. (delta = ['1'], g = [1, 1])
2022-02-12 17:05:52,350 INFO: Computing elliptic Chabauty map... (delta = ['1'], g = [8, 32, 32, 13, 1])
2022-02-12 17:06:04,815 INFO: Elliptic Chabauty map computed. (delta = ['1'], g = [8, 32, 32, 13, 1])
2022-02-12 17:06:04,817 INFO: Computing elliptic Chabauty map... (delta = ['-4', '-7/2', '34', '44', '20', '3/2'], g = [1, 1])
2022-02-12 17:06:15,142 INFO: Elliptic Chabauty map computed. (delta = ['-4', '-7/2', '34', '44', '20', '3/2'], g = [1, 1])
2022-02-12 17:06:15,145 INFO: Computing elliptic Chabauty map... (delta = ['-4', '-7/2', '34', '44', '20', '3/2'], g = [8, 32, 32, 13, 1])
2022-02-12 17:06:27,604 INFO: Elliptic Chabauty map computed. (delta = ['-4', '-7/2', '34', '44', '20', '3/2'], g = [8, 32, 32, 13, 1])
2022-02-12 17:06:27,608 INFO: Computing elliptic Chabauty map... (delta = ['8', '71', '190', '172', '66', '5'], g = [1, 1])
2022-02-12 17:06:37,899 INFO: Elliptic Chabauty map computed. (delta = ['8', '71', '190', '172', '66', '5'], g = [1, 1])
2022-02-12 17:06:37,902 INFO: Computing elliptic Chabauty map... (delta = ['8', '71', '190', '172', '66', '5'], g = [8, 32, 32, 13, 1])
2022-02-12 17:06:50,359 INFO: Elliptic Chabauty map computed. (delta = ['8', '71', '190', '172', '66', '5'], g = [8, 32, 32, 13, 1])
2022-02-12 17:06:50,364 INFO: Tasks complete. Recording data and exiting.
