2022-01-11 15:16:04,125 INFO: Initialized curve data.
2022-01-11 15:16:04,129 INFO: Setting up initial twist data...
2022-01-11 15:16:05,533 INFO: Twist setup complete.
2022-01-11 15:16:05,533 INFO: Searching for rational points on each twist...
2022-01-11 15:16:07,891 INFO: Finished searching for rational points on each twist.
2022-01-11 15:16:07,891 INFO: Testing local solvability of twists...
2022-01-11 15:16:07,897 INFO: Finished local solvability testing.
2022-01-11 15:16:07,898 INFO: Computing elliptic curve a-invariants...
2022-01-11 15:16:25,456 INFO: Finished computation of a-invariants.
2022-01-11 15:16:25,458 INFO: Computing MW group (delta = ['4/3', '-7/3', '1'], g = [4, -3, 8, 14, -8, 1])...
2022-01-11 15:18:50,336 INFO: Finished MW computation (delta = ['4/3', '-7/3', '1'], g = [4, -3, 8, 14, -8, 1])
2022-01-11 15:18:50,339 INFO: Computing MW group (delta = ['4', '-4', '8', '14', '-8', '1'], g = [4, -3, 8, 14, -8, 1])...
2022-01-11 15:21:00,828 INFO: Finished MW computation (delta = ['4', '-4', '8', '14', '-8', '1'], g = [4, -3, 8, 14, -8, 1])
2022-01-11 15:21:00,831 INFO: Computing MW group (delta = ['1'], g = [4, -3, 8, 14, -8, 1])...
2022-01-14 09:07:42,510 INFO: Loaded curve data from file.
2022-01-14 09:07:42,511 INFO: Reducing MW generators...
2022-01-14 09:07:43,236 INFO: Finished reducing MW generators.
2022-01-14 09:07:43,239 INFO: Skipped Chabauty because MW group hasn't been provably computed. (delta = ['4/3', '-7/3', '1'], g = [4, -3, 8, 14, -8, 1])
2022-01-14 09:07:43,239 INFO: Skipped Chabauty because MW group hasn't been provably computed. (delta = ['4', '-4', '8', '14', '-8', '1'], g = [4, -3, 8, 14, -8, 1])
2022-01-14 09:07:43,239 INFO: Skipped Chabauty because MW generators haven't been computed. (delta = ['1'], g = [4, -3, 8, 14, -8, 1])
2022-01-14 09:07:43,239 INFO: Skipped Chabauty because MW generators haven't been computed. (delta = ['16/3', '-16/3', '13', '53/3', '-32/3', '4/3'], g = [4, -3, 8, 14, -8, 1])
2022-01-14 09:07:43,240 INFO: Tasks complete. Recording data and exiting.
2022-02-12 17:29:29,451 INFO: Loaded curve data from file.
2022-02-12 17:29:29,451 INFO: Computing elliptic Chabauty map... (delta = ['4/3', '-7/3', '1'], g = [4, -3, 8, 14, -8, 1])
2022-02-12 17:29:45,708 INFO: Elliptic Chabauty map computed. (delta = ['4/3', '-7/3', '1'], g = [4, -3, 8, 14, -8, 1])
2022-02-12 17:29:45,711 INFO: Computing elliptic Chabauty map... (delta = ['4', '-4', '8', '14', '-8', '1'], g = [4, -3, 8, 14, -8, 1])
2022-02-12 17:30:01,509 INFO: Elliptic Chabauty map computed. (delta = ['4', '-4', '8', '14', '-8', '1'], g = [4, -3, 8, 14, -8, 1])
2022-02-12 17:30:01,512 INFO: Computing elliptic Chabauty map... (delta = ['1'], g = [4, -3, 8, 14, -8, 1])
2022-02-12 17:30:17,515 INFO: Elliptic Chabauty map computed. (delta = ['1'], g = [4, -3, 8, 14, -8, 1])
2022-02-12 17:30:17,518 INFO: Computing elliptic Chabauty map... (delta = ['16/3', '-16/3', '13', '53/3', '-32/3', '4/3'], g = [4, -3, 8, 14, -8, 1])
2022-02-12 17:30:33,457 INFO: Elliptic Chabauty map computed. (delta = ['16/3', '-16/3', '13', '53/3', '-32/3', '4/3'], g = [4, -3, 8, 14, -8, 1])
2022-02-12 17:30:33,460 INFO: Tasks complete. Recording data and exiting.
