2022-01-01 10:40:40,747 INFO: Initialized curve data.
2022-01-01 10:40:40,753 INFO: Setting up initial twist data...
2022-01-01 10:40:41,909 INFO: Twist setup complete.
2022-01-01 10:40:41,909 INFO: Searching for rational points on each twist...
2022-01-01 10:40:42,866 INFO: Finished searching for rational points on each twist.
2022-01-01 10:40:42,866 INFO: Testing local solvability of twists...
2022-01-01 10:40:42,872 INFO: Finished local solvability testing.
2022-01-01 10:40:42,873 INFO: Computing elliptic curve a-invariants...
2022-01-01 10:41:05,680 INFO: Finished computation of a-invariants.
2022-01-01 10:41:05,682 INFO: Computing MW group (delta = ['-1', '0', '1'], g = [4, 1, -14, 3, 6, 1])...
2022-01-01 10:41:56,137 INFO: Finished MW computation (delta = ['-1', '0', '1'], g = [4, 1, -14, 3, 6, 1])
2022-01-01 10:41:56,140 INFO: Obstruction found to provably computing rational points. Exiting.
2022-01-03 13:14:58,000 INFO: Obsolete "loc_solv_error" keys removed.
2022-01-10 22:38:56,485 INFO: Loaded curve data from file.
2022-01-10 22:38:56,485 INFO: Obstruction already found. Exiting.
2022-02-12 17:11:04,844 INFO: Loaded curve data from file.
2022-02-12 17:11:04,844 INFO: Computing elliptic Chabauty map... (delta = ['-1', '0', '1'], g = [4, 1, -14, 3, 6, 1])
2022-02-12 17:11:23,078 INFO: Elliptic Chabauty map computed. (delta = ['-1', '0', '1'], g = [4, 1, -14, 3, 6, 1])
2022-02-12 17:11:23,081 INFO: Computing elliptic Chabauty map... (delta = ['1', '-1'], g = [4, 1, -14, 3, 6, 1])
2022-02-12 17:11:41,105 INFO: Elliptic Chabauty map computed. (delta = ['1', '-1'], g = [4, 1, -14, 3, 6, 1])
2022-02-12 17:11:41,107 INFO: Computing elliptic Chabauty map... (delta = ['1'], g = [4, 1, -14, 3, 6, 1])
2022-02-12 17:11:59,335 INFO: Elliptic Chabauty map computed. (delta = ['1'], g = [4, 1, -14, 3, 6, 1])
2022-02-12 17:11:59,337 INFO: Computing elliptic Chabauty map... (delta = ['-1', '1', '1', '-1'], g = [4, 1, -14, 3, 6, 1])
2022-02-12 17:12:17,206 INFO: Elliptic Chabauty map computed. (delta = ['-1', '1', '1', '-1'], g = [4, 1, -14, 3, 6, 1])
2022-02-12 17:12:17,209 INFO: Tasks complete. Recording data and exiting.
