2022-01-01 12:50:44,495 INFO: Initialized curve data.
2022-01-01 12:50:44,499 INFO: Setting up initial twist data...
2022-01-01 12:50:45,950 INFO: Twist setup complete.
2022-01-01 12:50:45,950 INFO: Searching for rational points on each twist...
2022-01-01 12:50:47,129 INFO: Finished searching for rational points on each twist.
2022-01-01 12:50:47,129 INFO: Testing local solvability of twists...
2022-01-01 12:50:47,135 INFO: Finished local solvability testing.
2022-01-01 12:50:47,137 INFO: Computing elliptic curve a-invariants...
2022-01-01 12:50:55,520 INFO: Finished computation of a-invariants.
2022-01-01 12:50:55,522 INFO: Computing MW group (delta = ['-1', '-1'], g = [-9, -17, -9, 5, 5, 1])...
2022-01-01 12:51:36,409 INFO: Finished MW computation (delta = ['-1', '-1'], g = [-9, -17, -9, 5, 5, 1])
2022-01-01 12:51:36,411 INFO: Computing MW group (delta = ['1'], g = [-9, -17, -9, 5, 5, 1])...
2022-01-01 12:53:48,499 INFO: Finished MW computation (delta = ['1'], g = [-9, -17, -9, 5, 5, 1])
2022-01-01 12:53:48,502 INFO: Computing MW group (delta = ['-8', '-18', '-9', '5', '5', '1'], g = [-9, -17, -9, 5, 5, 1])...
2022-01-01 12:54:12,662 INFO: Finished MW computation (delta = ['-8', '-18', '-9', '5', '5', '1'], g = [-9, -17, -9, 5, 5, 1])
2022-01-01 12:54:12,664 INFO: Computing MW group (delta = ['17', '34', '19', '-10', '-10', '-2'], g = [-9, -17, -9, 5, 5, 1])...
2022-01-01 12:54:50,297 INFO: Finished MW computation (delta = ['17', '34', '19', '-10', '-10', '-2'], g = [-9, -17, -9, 5, 5, 1])
2022-01-01 12:54:50,301 INFO: Reducing MW generators...
2022-01-01 12:54:54,407 INFO: Finished reducing MW generators.
2022-01-01 12:54:54,409 INFO: Running elliptic Chabauty (delta = ['-1', '-1'], g = [-9, -17, -9, 5, 5, 1])...
2022-01-01 12:55:10,354 INFO: Chabauty completed successfully (delta = ['-1', '-1'], g = [-9, -17, -9, 5, 5, 1]).
2022-01-01 12:55:10,356 INFO: Running elliptic Chabauty (delta = ['1'], g = [-9, -17, -9, 5, 5, 1])...
2022-01-03 13:14:58,000 INFO: Obsolete "loc_solv_error" keys removed.
2022-01-03 13:14:58,000 INFO: Deleted results of Chabauty computation.
2022-01-10 22:39:09,394 INFO: Loaded curve data from file.
2022-01-10 22:39:09,394 INFO: Running elliptic Chabauty (delta = ['-1', '-1'], g = [-9, -17, -9, 5, 5, 1])...
2022-01-10 22:39:24,687 INFO: Chabauty completed successfully (delta = ['-1', '-1'], g = [-9, -17, -9, 5, 5, 1]).
2022-01-10 22:39:24,729 INFO: Running elliptic Chabauty (delta = ['1'], g = [-9, -17, -9, 5, 5, 1])...
2022-02-12 17:17:16,885 INFO: Loaded curve data from file.
2022-02-12 17:17:16,885 INFO: Computing elliptic Chabauty map... (delta = ['-1', '-1'], g = [-9, -17, -9, 5, 5, 1])
2022-02-12 17:17:27,686 INFO: Elliptic Chabauty map computed. (delta = ['-1', '-1'], g = [-9, -17, -9, 5, 5, 1])
2022-02-12 17:17:27,689 INFO: Computing elliptic Chabauty map... (delta = ['1'], g = [-9, -17, -9, 5, 5, 1])
2022-02-12 17:17:38,126 INFO: Elliptic Chabauty map computed. (delta = ['1'], g = [-9, -17, -9, 5, 5, 1])
2022-02-12 17:17:38,131 INFO: Computing elliptic Chabauty map... (delta = ['-8', '-18', '-9', '5', '5', '1'], g = [-9, -17, -9, 5, 5, 1])
2022-02-12 17:17:48,561 INFO: Elliptic Chabauty map computed. (delta = ['-8', '-18', '-9', '5', '5', '1'], g = [-9, -17, -9, 5, 5, 1])
2022-02-12 17:17:48,563 INFO: Computing elliptic Chabauty map... (delta = ['17', '34', '19', '-10', '-10', '-2'], g = [-9, -17, -9, 5, 5, 1])
2022-02-12 17:17:59,163 INFO: Elliptic Chabauty map computed. (delta = ['17', '34', '19', '-10', '-10', '-2'], g = [-9, -17, -9, 5, 5, 1])
2022-02-12 17:17:59,167 INFO: Tasks complete. Recording data and exiting.
