2022-01-11 12:29:24,517 INFO: Initialized curve data.
2022-01-11 12:29:24,525 INFO: Setting up initial twist data...
2022-01-11 12:29:25,622 INFO: Twist setup complete.
2022-01-11 12:29:25,622 INFO: Searching for rational points on each twist...
2022-01-11 12:29:27,152 INFO: Finished searching for rational points on each twist.
2022-01-11 12:29:27,152 INFO: Testing local solvability of twists...
2022-01-11 12:29:30,889 INFO: Finished local solvability testing.
2022-01-11 12:29:30,890 INFO: Computing elliptic curve a-invariants...
2022-01-11 12:29:41,394 INFO: Finished computation of a-invariants.
2022-01-11 12:29:41,396 INFO: Computing MW group (delta = ['-12', '-3', '29', '11', '-16', '-8'], g = [12, 4, -28, -11, 16, 8])...
2022-01-11 12:36:19,495 INFO: Finished MW computation (delta = ['-12', '-3', '29', '11', '-16', '-8'], g = [12, 4, -28, -11, 16, 8])
2022-01-11 12:36:19,498 INFO: Skipped MW computation because no base point (delta = ['-1', '0', '1'])
2022-01-11 12:36:19,498 INFO: Computing MW group (delta = ['1'], g = [12, 4, -28, -11, 16, 8])...
2022-01-11 12:58:27,262 INFO: Finished MW computation (delta = ['1'], g = [12, 4, -28, -11, 16, 8])
2022-01-11 12:58:27,266 INFO: Computing MW group (delta = ['12', '3', '-29', '-10', '17', '8'], g = [12, 4, -28, -11, 16, 8])...
2022-01-13 17:36:47,384 INFO: Loaded curve data from file.
2022-01-13 17:36:47,384 INFO: Reducing MW generators...
2022-01-13 17:36:47,960 INFO: Finished reducing MW generators.
2022-01-13 17:36:47,961 INFO: Skipped Chabauty because MW group hasn't been provably computed. (delta = ['-12', '-3', '29', '11', '-16', '-8'], g = [12, 4, -28, -11, 16, 8])
2022-01-13 17:36:47,961 INFO: Skipped Chabauty because no base point (delta = ['-1', '0', '1'])
2022-01-13 17:36:47,961 INFO: Skipped Chabauty because MW group hasn't been provably computed. (delta = ['1'], g = [12, 4, -28, -11, 16, 8])
2022-01-13 17:36:47,961 INFO: Skipped Chabauty because MW generators haven't been computed. (delta = ['12', '3', '-29', '-10', '17', '8'], g = [12, 4, -28, -11, 16, 8])
2022-01-13 17:36:47,998 INFO: Tasks complete. Recording data and exiting.
2022-02-12 17:38:15,462 INFO: Loaded curve data from file.
2022-02-12 17:38:15,462 INFO: Computing elliptic Chabauty map... (delta = ['-12', '-3', '29', '11', '-16', '-8'], g = [12, 4, -28, -11, 16, 8])
2022-02-12 17:38:32,125 INFO: Elliptic Chabauty map computed. (delta = ['-12', '-3', '29', '11', '-16', '-8'], g = [12, 4, -28, -11, 16, 8])
2022-02-12 17:38:32,129 INFO: Computing elliptic Chabauty map... (delta = ['1'], g = [12, 4, -28, -11, 16, 8])
2022-02-12 17:38:48,573 INFO: Elliptic Chabauty map computed. (delta = ['1'], g = [12, 4, -28, -11, 16, 8])
2022-02-12 17:38:48,575 INFO: Computing elliptic Chabauty map... (delta = ['12', '3', '-29', '-10', '17', '8'], g = [12, 4, -28, -11, 16, 8])
2022-02-12 17:39:05,113 INFO: Elliptic Chabauty map computed. (delta = ['12', '3', '-29', '-10', '17', '8'], g = [12, 4, -28, -11, 16, 8])
2022-02-12 17:39:05,115 INFO: Tasks complete. Recording data and exiting.
