2022-01-01 12:50:37,417 INFO: Initialized curve data.
2022-01-01 12:50:37,420 INFO: Setting up initial twist data...
2022-01-01 12:50:38,646 INFO: Twist setup complete.
2022-01-01 12:50:38,646 INFO: Searching for rational points on each twist...
2022-01-01 12:50:39,681 INFO: Finished searching for rational points on each twist.
2022-01-01 12:50:39,682 INFO: Testing local solvability of twists...
2022-01-01 12:50:48,427 INFO: Finished local solvability testing.
2022-01-01 12:50:48,429 INFO: Computing elliptic curve a-invariants...
2022-01-01 12:51:01,679 INFO: Finished computation of a-invariants.
2022-01-01 12:51:01,681 INFO: Computing MW group (delta = ['1'], g = [1, -5, -3, 5, -1, 1])...
2022-01-01 12:52:17,682 INFO: Finished MW computation (delta = ['1'], g = [1, -5, -3, 5, -1, 1])
2022-01-01 12:52:17,685 INFO: Computing MW group (delta = ['1', '-4', '-2', '5', '-1', '1'], g = [1, -5, -3, 5, -1, 1])...
2022-01-01 12:53:55,932 INFO: Finished MW computation (delta = ['1', '-4', '-2', '5', '-1', '1'], g = [1, -5, -3, 5, -1, 1])
2022-01-01 12:53:55,935 INFO: Obstruction found to provably computing rational points. Exiting.
2022-01-03 13:14:57,000 INFO: Obsolete "loc_solv_error" keys removed.
2022-01-10 22:38:59,370 INFO: Loaded curve data from file.
2022-01-10 22:38:59,370 INFO: Obstruction already found. Exiting.
2022-02-12 17:59:57,567 INFO: Loaded curve data from file.
2022-02-12 17:59:57,567 INFO: Computing elliptic Chabauty map... (delta = ['1'], g = [1, -5, -3, 5, -1, 1])
2022-02-12 18:00:08,888 INFO: Elliptic Chabauty map computed. (delta = ['1'], g = [1, -5, -3, 5, -1, 1])
2022-02-12 18:00:08,891 INFO: Computing elliptic Chabauty map... (delta = ['1', '-4', '-2', '5', '-1', '1'], g = [1, -5, -3, 5, -1, 1])
2022-02-12 18:00:20,016 INFO: Elliptic Chabauty map computed. (delta = ['1', '-4', '-2', '5', '-1', '1'], g = [1, -5, -3, 5, -1, 1])
2022-02-12 18:00:20,018 INFO: Computing elliptic Chabauty map... (delta = ['0', '-6', '-3', '5', '-1', '1'], g = [1, -5, -3, 5, -1, 1])
2022-02-12 18:00:31,186 INFO: Elliptic Chabauty map computed. (delta = ['0', '-6', '-3', '5', '-1', '1'], g = [1, -5, -3, 5, -1, 1])
2022-02-12 18:00:31,189 INFO: Tasks complete. Recording data and exiting.
