2022-01-12 12:19:46,793 INFO: Initialized curve data.
2022-01-12 12:19:46,797 INFO: Setting up initial twist data...
2022-01-12 12:19:48,035 INFO: Twist setup complete.
2022-01-12 12:19:48,036 INFO: Searching for rational points on each twist...
2022-01-12 12:19:50,701 INFO: Finished searching for rational points on each twist.
2022-01-12 12:19:50,701 INFO: Testing local solvability of twists...
2022-01-12 12:19:50,709 INFO: Finished local solvability testing.
2022-01-12 12:19:50,710 INFO: Computing elliptic curve a-invariants...
2022-01-12 12:20:00,092 INFO: Finished computation of a-invariants.
2022-01-12 12:20:00,094 INFO: Computing MW group (delta = ['1'], g = [-2, 5, -12, -2, 2, 1])...
2022-01-12 12:50:35,186 INFO: Finished MW computation (delta = ['1'], g = [-2, 5, -12, -2, 2, 1])
2022-01-12 12:50:35,191 INFO: Computing MW group (delta = ['0', '4', '-12', '-2', '2', '1'], g = [-2, 5, -12, -2, 2, 1])...
2022-01-14 11:32:23,409 INFO: Loaded curve data from file.
2022-01-14 11:32:23,409 INFO: Reducing MW generators...
2022-01-14 11:32:23,880 INFO: Finished reducing MW generators.
2022-01-14 11:32:23,910 INFO: Skipped Chabauty because MW group hasn't been provably computed. (delta = ['1'], g = [-2, 5, -12, -2, 2, 1])
2022-01-14 11:32:23,910 INFO: Skipped Chabauty because MW generators haven't been computed. (delta = ['0', '4', '-12', '-2', '2', '1'], g = [-2, 5, -12, -2, 2, 1])
2022-01-14 11:32:23,910 INFO: Skipped Chabauty because MW generators haven't been computed. (delta = ['4', '-12', '25', '4', '-4', '-2'], g = [-2, 5, -12, -2, 2, 1])
2022-01-14 11:32:23,910 INFO: Skipped Chabauty because MW generators haven't been computed. (delta = ['32', '-84', '196', '31', '-32', '-16'], g = [-2, 5, -12, -2, 2, 1])
2022-01-14 11:32:23,917 INFO: Tasks complete. Recording data and exiting.
2022-02-12 16:46:21,445 INFO: Loaded curve data from file.
2022-02-12 16:46:21,445 INFO: Computing elliptic Chabauty map... (delta = ['1'], g = [-2, 5, -12, -2, 2, 1])
2022-02-12 16:46:29,609 INFO: Elliptic Chabauty map computed. (delta = ['1'], g = [-2, 5, -12, -2, 2, 1])
2022-02-12 16:46:29,612 INFO: Computing elliptic Chabauty map... (delta = ['0', '4', '-12', '-2', '2', '1'], g = [-2, 5, -12, -2, 2, 1])
2022-02-12 16:46:38,182 INFO: Elliptic Chabauty map computed. (delta = ['0', '4', '-12', '-2', '2', '1'], g = [-2, 5, -12, -2, 2, 1])
2022-02-12 16:46:38,184 INFO: Computing elliptic Chabauty map... (delta = ['4', '-12', '25', '4', '-4', '-2'], g = [-2, 5, -12, -2, 2, 1])
2022-02-12 16:46:46,120 INFO: Elliptic Chabauty map computed. (delta = ['4', '-12', '25', '4', '-4', '-2'], g = [-2, 5, -12, -2, 2, 1])
2022-02-12 16:46:46,122 INFO: Computing elliptic Chabauty map... (delta = ['32', '-84', '196', '31', '-32', '-16'], g = [-2, 5, -12, -2, 2, 1])
2022-02-12 16:46:54,764 INFO: Elliptic Chabauty map computed. (delta = ['32', '-84', '196', '31', '-32', '-16'], g = [-2, 5, -12, -2, 2, 1])
2022-02-12 16:46:54,767 INFO: Tasks complete. Recording data and exiting.
