2022-01-13 21:55:00,505 INFO: Initialized curve data.
2022-01-13 21:55:00,508 INFO: Setting up initial twist data...
2022-01-13 21:55:01,617 INFO: Twist setup complete.
2022-01-13 21:55:01,617 INFO: Searching for rational points on each twist...
2022-01-13 21:55:03,525 INFO: Finished searching for rational points on each twist.
2022-01-13 21:55:03,525 INFO: Testing local solvability of twists...
2022-01-13 21:55:03,531 INFO: Finished local solvability testing.
2022-01-13 21:55:03,532 INFO: Computing elliptic curve a-invariants...
2022-01-13 21:55:12,031 INFO: Finished computation of a-invariants.
2022-01-13 21:55:12,033 INFO: Computing MW group (delta = ['-4', '3', '-12', '1', '2', '1'], g = [-4, 4, -12, 1, 2, 1])...
2022-01-13 21:59:44,168 INFO: Finished MW computation (delta = ['-4', '3', '-12', '1', '2', '1'], g = [-4, 4, -12, 1, 2, 1])
2022-01-13 21:59:44,171 INFO: Computing MW group (delta = ['-1', '-1', '1'], g = [-4, 4, -12, 1, 2, 1])...
2022-01-14 11:35:40,462 INFO: Loaded curve data from file.
2022-01-14 11:35:40,463 INFO: Reducing MW generators...
2022-01-14 11:35:40,495 INFO: Finished reducing MW generators.
2022-01-14 11:35:40,498 INFO: Skipped Chabauty because MW group hasn't been provably computed. (delta = ['-4', '3', '-12', '1', '2', '1'], g = [-4, 4, -12, 1, 2, 1])
2022-01-14 11:35:40,498 INFO: Skipped Chabauty because MW generators haven't been computed. (delta = ['-1', '-1', '1'], g = [-4, 4, -12, 1, 2, 1])
2022-01-14 11:35:40,498 INFO: Skipped Chabauty because MW generators haven't been computed. (delta = ['1'], g = [-4, 4, -12, 1, 2, 1])
2022-01-14 11:35:40,498 INFO: Skipped Chabauty because MW generators haven't been computed. (delta = ['4', '-3', '13', '-2', '-2', '-1'], g = [-4, 4, -12, 1, 2, 1])
2022-01-14 11:35:40,501 INFO: Tasks complete. Recording data and exiting.
2022-02-12 17:12:40,592 INFO: Loaded curve data from file.
2022-02-12 17:12:40,592 INFO: Computing elliptic Chabauty map... (delta = ['-4', '3', '-12', '1', '2', '1'], g = [-4, 4, -12, 1, 2, 1])
2022-02-12 17:12:53,939 INFO: Elliptic Chabauty map computed. (delta = ['-4', '3', '-12', '1', '2', '1'], g = [-4, 4, -12, 1, 2, 1])
2022-02-12 17:12:53,941 INFO: Computing elliptic Chabauty map... (delta = ['-1', '-1', '1'], g = [-4, 4, -12, 1, 2, 1])
2022-02-12 17:13:07,242 INFO: Elliptic Chabauty map computed. (delta = ['-1', '-1', '1'], g = [-4, 4, -12, 1, 2, 1])
2022-02-12 17:13:07,244 INFO: Computing elliptic Chabauty map... (delta = ['1'], g = [-4, 4, -12, 1, 2, 1])
2022-02-12 17:13:20,499 INFO: Elliptic Chabauty map computed. (delta = ['1'], g = [-4, 4, -12, 1, 2, 1])
2022-02-12 17:13:20,501 INFO: Computing elliptic Chabauty map... (delta = ['4', '-3', '13', '-2', '-2', '-1'], g = [-4, 4, -12, 1, 2, 1])
2022-02-12 17:13:33,676 INFO: Elliptic Chabauty map computed. (delta = ['4', '-3', '13', '-2', '-2', '-1'], g = [-4, 4, -12, 1, 2, 1])
2022-02-12 17:13:33,679 INFO: Tasks complete. Recording data and exiting.
