2022-01-12 09:26:01,307 INFO: Initialized curve data.
2022-01-12 09:26:01,311 INFO: Setting up initial twist data...
2022-01-12 09:26:02,445 INFO: Twist setup complete.
2022-01-12 09:26:02,446 INFO: Searching for rational points on each twist...
2022-01-12 09:26:05,204 INFO: Finished searching for rational points on each twist.
2022-01-12 09:26:05,204 INFO: Testing local solvability of twists...
2022-01-12 09:26:20,884 INFO: Finished local solvability testing.
2022-01-12 09:26:20,886 INFO: Computing elliptic curve a-invariants...
2022-01-12 09:26:39,711 INFO: Finished computation of a-invariants.
2022-01-12 09:26:39,714 INFO: Skipped MW computation because no base point (delta = ['8', '-38', '89/2', '-7/2', '5', '2'])
2022-01-12 09:26:39,714 INFO: Computing MW group (delta = ['4', '-20', '22', '-1', '2', '1'], g = [4, -19, 22, -1, 2, 1])...
2022-01-12 09:30:00,833 INFO: Finished MW computation (delta = ['4', '-20', '22', '-1', '2', '1'], g = [4, -19, 22, -1, 2, 1])
2022-01-12 09:30:00,839 INFO: Skipped MW computation because no base point (delta = ['16', '-76', '89', '-5', '8', '4'])
2022-01-12 09:30:00,839 INFO: Skipped MW computation because no base point (delta = ['2', '-10', '25/2', '-3/2', '1', '1/2'])
2022-01-12 09:30:00,839 INFO: Computing MW group (delta = ['2', '-10', '12', '-1/2', '1', '1/2'], g = [4, -19, 22, -1, 2, 1])...
2022-01-12 09:33:45,710 INFO: Finished MW computation (delta = ['2', '-10', '12', '-1/2', '1', '1/2'], g = [4, -19, 22, -1, 2, 1])
2022-01-12 09:33:45,713 INFO: Computing MW group (delta = ['1'], g = [4, -19, 22, -1, 2, 1])...
2022-01-12 09:35:01,210 INFO: Finished MW computation (delta = ['1'], g = [4, -19, 22, -1, 2, 1])
2022-01-12 09:35:01,214 INFO: Computing MW group (delta = ['4', '-20', '23', '-1', '2', '1'], g = [4, -19, 22, -1, 2, 1])...
2022-01-12 09:38:10,969 INFO: Finished MW computation (delta = ['4', '-20', '23', '-1', '2', '1'], g = [4, -19, 22, -1, 2, 1])
2022-01-12 09:38:10,973 INFO: Computing MW group (delta = ['1/2', '-1'], g = [4, -19, 22, -1, 2, 1])...
2022-01-12 09:39:06,254 INFO: Finished MW computation (delta = ['1/2', '-1'], g = [4, -19, 22, -1, 2, 1])
2022-01-12 09:39:06,261 INFO: Reducing MW generators...
2022-01-12 09:39:09,716 INFO: Finished reducing MW generators.
2022-01-12 09:39:09,720 INFO: Tasks complete. Recording data and exiting.
2022-01-14 09:13:19,119 INFO: Loaded curve data from file.
2022-01-14 09:13:19,119 INFO: Skipped Chabauty because no base point (delta = ['8', '-38', '89/2', '-7/2', '5', '2'])
2022-01-14 09:13:19,119 INFO: Running elliptic Chabauty (delta = ['4', '-20', '22', '-1', '2', '1'], g = [4, -19, 22, -1, 2, 1])...
2022-01-14 09:13:34,938 INFO: Chabauty completed successfully (delta = ['4', '-20', '22', '-1', '2', '1'], g = [4, -19, 22, -1, 2, 1]).
2022-01-14 09:13:34,942 INFO: Skipped Chabauty because no base point (delta = ['16', '-76', '89', '-5', '8', '4'])
2022-01-14 09:13:34,942 INFO: Skipped Chabauty because no base point (delta = ['2', '-10', '25/2', '-3/2', '1', '1/2'])
2022-01-14 09:13:34,942 INFO: Running elliptic Chabauty (delta = ['2', '-10', '12', '-1/2', '1', '1/2'], g = [4, -19, 22, -1, 2, 1])...
2022-01-14 09:13:55,708 INFO: Chabauty completed successfully (delta = ['2', '-10', '12', '-1/2', '1', '1/2'], g = [4, -19, 22, -1, 2, 1]).
2022-01-14 09:13:55,710 INFO: Skipped Chabauty because MW group hasn't been provably computed. (delta = ['1'], g = [4, -19, 22, -1, 2, 1])
2022-01-14 09:13:55,711 INFO: Running elliptic Chabauty (delta = ['4', '-20', '23', '-1', '2', '1'], g = [4, -19, 22, -1, 2, 1])...
2022-02-12 17:16:11,517 INFO: Loaded curve data from file.
2022-02-12 17:16:11,517 INFO: Computing elliptic Chabauty map... (delta = ['4', '-20', '22', '-1', '2', '1'], g = [4, -19, 22, -1, 2, 1])
2022-02-12 17:16:28,556 INFO: Elliptic Chabauty map computed. (delta = ['4', '-20', '22', '-1', '2', '1'], g = [4, -19, 22, -1, 2, 1])
2022-02-12 17:16:28,560 INFO: Computing elliptic Chabauty map... (delta = ['2', '-10', '12', '-1/2', '1', '1/2'], g = [4, -19, 22, -1, 2, 1])
2022-02-12 17:16:45,704 INFO: Elliptic Chabauty map computed. (delta = ['2', '-10', '12', '-1/2', '1', '1/2'], g = [4, -19, 22, -1, 2, 1])
2022-02-12 17:16:45,707 INFO: Computing elliptic Chabauty map... (delta = ['1'], g = [4, -19, 22, -1, 2, 1])
2022-02-12 17:17:02,662 INFO: Elliptic Chabauty map computed. (delta = ['1'], g = [4, -19, 22, -1, 2, 1])
2022-02-12 17:17:02,666 INFO: Computing elliptic Chabauty map... (delta = ['4', '-20', '23', '-1', '2', '1'], g = [4, -19, 22, -1, 2, 1])
2022-02-12 17:17:19,638 INFO: Elliptic Chabauty map computed. (delta = ['4', '-20', '23', '-1', '2', '1'], g = [4, -19, 22, -1, 2, 1])
2022-02-12 17:17:19,642 INFO: Computing elliptic Chabauty map... (delta = ['1/2', '-1'], g = [4, -19, 22, -1, 2, 1])
2022-02-12 17:17:36,418 INFO: Elliptic Chabauty map computed. (delta = ['1/2', '-1'], g = [4, -19, 22, -1, 2, 1])
2022-02-12 17:17:36,423 INFO: Tasks complete. Recording data and exiting.
