2022-01-01 12:50:52,917 INFO: Initialized curve data.
2022-01-01 12:50:52,920 INFO: Setting up initial twist data...
2022-01-01 12:50:53,788 INFO: Twist setup complete.
2022-01-01 12:50:53,788 INFO: Searching for rational points on each twist...
2022-01-01 12:50:54,678 INFO: Finished searching for rational points on each twist.
2022-01-01 12:50:54,678 INFO: Testing local solvability of twists...
2022-01-01 12:51:01,564 INFO: Finished local solvability testing.
2022-01-01 12:51:01,565 INFO: Computing elliptic curve a-invariants...
2022-01-01 12:51:26,239 INFO: Finished computation of a-invariants.
2022-01-01 12:51:26,241 INFO: Computing MW group (delta = ['-2', '-1', '1'], g = [4, 16, 8, -8, -2, 1])...
2022-01-01 12:52:23,229 INFO: Finished MW computation (delta = ['-2', '-1', '1'], g = [4, 16, 8, -8, -2, 1])
2022-01-01 12:52:23,235 INFO: Skipped MW computation because no base point (delta = ['20', '68', '31', '-33', '-8', '4'])
2022-01-01 12:52:23,235 INFO: Computing MW group (delta = ['2', '15', '8', '-8', '-2', '1'], g = [4, 16, 8, -8, -2, 1])...
2022-01-01 12:55:08,818 INFO: Finished MW computation (delta = ['2', '15', '8', '-8', '-2', '1'], g = [4, 16, 8, -8, -2, 1])
2022-01-01 12:55:08,822 INFO: Computing MW group (delta = ['1'], g = [4, 16, 8, -8, -2, 1])...
2022-01-01 12:56:00,404 INFO: Finished MW computation (delta = ['1'], g = [4, 16, 8, -8, -2, 1])
2022-01-01 12:56:00,410 INFO: Reducing MW generators...
2022-01-01 12:56:03,390 INFO: Finished reducing MW generators.
2022-01-01 12:56:03,393 INFO: Running elliptic Chabauty (delta = ['-2', '-1', '1'], g = [4, 16, 8, -8, -2, 1])...
2022-01-01 12:56:18,084 INFO: Chabauty completed successfully (delta = ['-2', '-1', '1'], g = [4, 16, 8, -8, -2, 1]).
2022-01-01 12:56:18,087 INFO: Skipped Chabauty because no base point (delta = ['20', '68', '31', '-33', '-8', '4'])
2022-01-01 12:56:18,088 INFO: Running elliptic Chabauty (delta = ['2', '15', '8', '-8', '-2', '1'], g = [4, 16, 8, -8, -2, 1])...
2022-01-01 12:56:49,901 INFO: Chabauty completed successfully (delta = ['2', '15', '8', '-8', '-2', '1'], g = [4, 16, 8, -8, -2, 1]).
2022-01-01 12:56:49,904 INFO: Running elliptic Chabauty (delta = ['1'], g = [4, 16, 8, -8, -2, 1])...
2022-01-01 12:57:06,900 INFO: Chabauty completed successfully (delta = ['1'], g = [4, 16, 8, -8, -2, 1]).
2022-01-01 12:57:07,169 INFO: Rational points successfully computed.
2022-01-01 12:57:07,171 INFO: Tasks complete. Recording data and exiting.
2022-01-03 13:14:57,000 INFO: Obsolete "loc_solv_error" keys removed.
2022-01-03 13:14:57,000 INFO: Deleted results of Chabauty computation.
2022-01-10 22:39:10,103 INFO: Loaded curve data from file.
2022-01-10 22:39:10,103 INFO: Running elliptic Chabauty (delta = ['-2', '-1', '1'], g = [4, 16, 8, -8, -2, 1])...
2022-01-10 22:39:29,882 INFO: Chabauty completed successfully (delta = ['-2', '-1', '1'], g = [4, 16, 8, -8, -2, 1]).
2022-01-10 22:39:29,886 INFO: Skipped Chabauty because no base point (delta = ['20', '68', '31', '-33', '-8', '4'])
2022-01-10 22:39:29,886 INFO: Running elliptic Chabauty (delta = ['2', '15', '8', '-8', '-2', '1'], g = [4, 16, 8, -8, -2, 1])...
2022-01-10 22:40:16,198 INFO: Chabauty completed successfully (delta = ['2', '15', '8', '-8', '-2', '1'], g = [4, 16, 8, -8, -2, 1]).
2022-01-10 22:40:16,200 INFO: Running elliptic Chabauty (delta = ['1'], g = [4, 16, 8, -8, -2, 1])...
2022-01-10 22:40:38,975 INFO: Chabauty completed successfully (delta = ['1'], g = [4, 16, 8, -8, -2, 1]).
2022-01-10 22:40:39,224 INFO: Rational points successfully computed.
2022-01-10 22:40:39,226 INFO: Tasks complete. Recording data and exiting.
2022-02-12 17:11:52,240 INFO: Loaded curve data from file.
2022-02-12 17:11:52,240 INFO: Computing elliptic Chabauty map... (delta = ['-2', '-1', '1'], g = [4, 16, 8, -8, -2, 1])
2022-02-12 17:12:10,295 INFO: Elliptic Chabauty map computed. (delta = ['-2', '-1', '1'], g = [4, 16, 8, -8, -2, 1])
2022-02-12 17:12:10,298 INFO: Computing elliptic Chabauty map... (delta = ['2', '15', '8', '-8', '-2', '1'], g = [4, 16, 8, -8, -2, 1])
2022-02-12 17:12:27,033 INFO: Elliptic Chabauty map computed. (delta = ['2', '15', '8', '-8', '-2', '1'], g = [4, 16, 8, -8, -2, 1])
2022-02-12 17:12:27,035 INFO: Computing elliptic Chabauty map... (delta = ['1'], g = [4, 16, 8, -8, -2, 1])
2022-02-12 17:12:44,513 INFO: Elliptic Chabauty map computed. (delta = ['1'], g = [4, 16, 8, -8, -2, 1])
2022-02-12 17:12:44,516 INFO: Tasks complete. Recording data and exiting.
