2022-01-12 09:25:17,205 INFO: Initialized curve data.
2022-01-12 09:25:17,244 INFO: Setting up initial twist data...
2022-01-12 09:25:18,676 INFO: Twist setup complete.
2022-01-12 09:25:18,677 INFO: Searching for rational points on each twist...
2022-01-12 09:25:21,180 INFO: Finished searching for rational points on each twist.
2022-01-12 09:25:21,180 INFO: Testing local solvability of twists...
2022-01-12 09:25:28,324 INFO: Finished local solvability testing.
2022-01-12 09:25:28,326 INFO: Computing elliptic curve a-invariants...
2022-01-12 09:25:34,217 INFO: Finished computation of a-invariants.
2022-01-12 09:25:34,220 INFO: Computing MW group (delta = ['-9', '-9', '-11', '-1', '-1', '1'], g = [-8, -8, -11, -1, -1, 1])...
2022-01-12 09:31:39,954 INFO: Finished MW computation (delta = ['-9', '-9', '-11', '-1', '-1', '1'], g = [-8, -8, -11, -1, -1, 1])
2022-01-12 09:31:39,960 INFO: Skipped MW computation because no base point (delta = ['1', '1', '1'])
2022-01-12 09:31:39,960 INFO: Computing MW group (delta = ['1'], g = [-8, -8, -11, -1, -1, 1])...
2022-01-12 09:45:57,011 INFO: Finished MW computation (delta = ['1'], g = [-8, -8, -11, -1, -1, 1])
2022-01-12 09:45:57,015 INFO: Computing MW group (delta = ['-9', '-10', '-13', '-2', '-1', '1'], g = [-8, -8, -11, -1, -1, 1])...
2022-01-12 09:48:50,211 INFO: Finished MW computation (delta = ['-9', '-10', '-13', '-2', '-1', '1'], g = [-8, -8, -11, -1, -1, 1])
2022-01-12 09:48:50,218 INFO: Reducing MW generators...
2022-01-12 09:48:55,937 INFO: Finished reducing MW generators.
2022-01-12 09:48:55,941 INFO: Tasks complete. Recording data and exiting.
2022-01-14 09:10:35,860 INFO: Loaded curve data from file.
2022-01-14 09:10:35,861 INFO: Running elliptic Chabauty (delta = ['-9', '-9', '-11', '-1', '-1', '1'], g = [-8, -8, -11, -1, -1, 1])...
2022-01-14 09:10:56,306 INFO: Chabauty completed successfully (delta = ['-9', '-9', '-11', '-1', '-1', '1'], g = [-8, -8, -11, -1, -1, 1]).
2022-01-14 09:10:56,309 INFO: Skipped Chabauty because no base point (delta = ['1', '1', '1'])
2022-01-14 09:10:56,309 INFO: Running elliptic Chabauty (delta = ['1'], g = [-8, -8, -11, -1, -1, 1])...
2022-01-14 09:11:19,377 INFO: Chabauty completed successfully (delta = ['1'], g = [-8, -8, -11, -1, -1, 1]).
2022-01-14 09:11:19,380 INFO: Skipped Chabauty because MW group hasn't been provably computed. (delta = ['-9', '-10', '-13', '-2', '-1', '1'], g = [-8, -8, -11, -1, -1, 1])
2022-01-14 09:11:19,497 INFO: Tasks complete. Recording data and exiting.
2022-02-12 17:36:40,995 INFO: Loaded curve data from file.
2022-02-12 17:36:40,995 INFO: Computing elliptic Chabauty map... (delta = ['-9', '-9', '-11', '-1', '-1', '1'], g = [-8, -8, -11, -1, -1, 1])
2022-02-12 17:36:49,164 INFO: Elliptic Chabauty map computed. (delta = ['-9', '-9', '-11', '-1', '-1', '1'], g = [-8, -8, -11, -1, -1, 1])
2022-02-12 17:36:49,167 INFO: Computing elliptic Chabauty map... (delta = ['1'], g = [-8, -8, -11, -1, -1, 1])
2022-02-12 17:36:57,248 INFO: Elliptic Chabauty map computed. (delta = ['1'], g = [-8, -8, -11, -1, -1, 1])
2022-02-12 17:36:57,250 INFO: Computing elliptic Chabauty map... (delta = ['-9', '-10', '-13', '-2', '-1', '1'], g = [-8, -8, -11, -1, -1, 1])
2022-02-12 17:37:05,312 INFO: Elliptic Chabauty map computed. (delta = ['-9', '-10', '-13', '-2', '-1', '1'], g = [-8, -8, -11, -1, -1, 1])
2022-02-12 17:37:05,315 INFO: Tasks complete. Recording data and exiting.
