2022-01-13 21:54:49,785 INFO: Initialized curve data.
2022-01-13 21:54:49,793 INFO: Setting up initial twist data...
2022-01-13 21:54:50,805 INFO: Twist setup complete.
2022-01-13 21:54:50,805 INFO: Searching for rational points on each twist...
2022-01-13 21:54:52,086 INFO: Finished searching for rational points on each twist.
2022-01-13 21:54:52,086 INFO: Testing local solvability of twists...
2022-01-13 21:54:56,235 INFO: Finished local solvability testing.
2022-01-13 21:54:56,237 INFO: Computing elliptic curve a-invariants...
2022-01-13 21:55:00,811 INFO: Finished computation of a-invariants.
2022-01-13 21:55:00,812 INFO: Skipped MW computation because no base point (delta = ['1', '1', '1'])
2022-01-13 21:55:00,813 INFO: Computing MW group (delta = ['1'], g = [4, 12, 28, 29, 20, 4])...
2022-01-13 21:57:48,488 INFO: Finished MW computation (delta = ['1'], g = [4, 12, 28, 29, 20, 4])
2022-01-13 21:57:48,491 INFO: Computing MW group (delta = ['4', '11', '27', '28', '20', '4'], g = [4, 12, 28, 29, 20, 4])...
2022-01-13 21:59:53,621 INFO: Finished MW computation (delta = ['4', '11', '27', '28', '20', '4'], g = [4, 12, 28, 29, 20, 4])
2022-01-13 21:59:53,624 INFO: Computing MW group (delta = ['4', '11', '28', '29', '20', '4'], g = [4, 12, 28, 29, 20, 4])...
2022-01-13 22:01:13,941 INFO: Finished MW computation (delta = ['4', '11', '28', '29', '20', '4'], g = [4, 12, 28, 29, 20, 4])
2022-01-13 22:01:13,946 INFO: Reducing MW generators...
2022-01-13 22:01:15,612 INFO: Finished reducing MW generators.
2022-01-13 22:01:15,616 INFO: Tasks complete. Recording data and exiting.
2022-01-14 11:35:27,391 INFO: Loaded curve data from file.
2022-01-14 11:35:27,392 INFO: Skipped Chabauty because no base point (delta = ['1', '1', '1'])
2022-01-14 11:35:27,392 INFO: Running elliptic Chabauty (delta = ['1'], g = [4, 12, 28, 29, 20, 4])...
2022-01-14 11:35:46,396 INFO: Chabauty completed successfully (delta = ['1'], g = [4, 12, 28, 29, 20, 4]).
2022-01-14 11:35:46,399 INFO: Skipped Chabauty because MW group hasn't been provably computed. (delta = ['4', '11', '27', '28', '20', '4'], g = [4, 12, 28, 29, 20, 4])
2022-01-14 11:35:46,399 INFO: Skipped Chabauty because MW group hasn't been provably computed. (delta = ['4', '11', '28', '29', '20', '4'], g = [4, 12, 28, 29, 20, 4])
2022-01-14 11:35:46,476 INFO: Tasks complete. Recording data and exiting.
2022-02-12 16:54:16,462 INFO: Loaded curve data from file.
2022-02-12 16:54:16,462 INFO: Computing elliptic Chabauty map... (delta = ['1'], g = [4, 12, 28, 29, 20, 4])
2022-02-12 16:54:31,299 INFO: Elliptic Chabauty map computed. (delta = ['1'], g = [4, 12, 28, 29, 20, 4])
2022-02-12 16:54:31,302 INFO: Computing elliptic Chabauty map... (delta = ['4', '11', '27', '28', '20', '4'], g = [4, 12, 28, 29, 20, 4])
2022-02-12 16:54:45,639 INFO: Elliptic Chabauty map computed. (delta = ['4', '11', '27', '28', '20', '4'], g = [4, 12, 28, 29, 20, 4])
2022-02-12 16:54:45,642 INFO: Computing elliptic Chabauty map... (delta = ['4', '11', '28', '29', '20', '4'], g = [4, 12, 28, 29, 20, 4])
2022-02-12 16:54:59,791 INFO: Elliptic Chabauty map computed. (delta = ['4', '11', '28', '29', '20', '4'], g = [4, 12, 28, 29, 20, 4])
2022-02-12 16:54:59,793 INFO: Tasks complete. Recording data and exiting.
