2022-01-11 12:29:16,354 INFO: Initialized curve data.
2022-01-11 12:29:16,356 INFO: Setting up initial twist data...
2022-01-11 12:29:17,364 INFO: Twist setup complete.
2022-01-11 12:29:17,364 INFO: Searching for rational points on each twist...
2022-01-11 12:29:19,706 INFO: Finished searching for rational points on each twist.
2022-01-11 12:29:19,706 INFO: Testing local solvability of twists...
2022-01-11 12:29:21,288 INFO: Finished local solvability testing.
2022-01-11 12:29:21,291 INFO: Computing elliptic curve a-invariants...
2022-01-11 12:29:53,909 INFO: Finished computation of a-invariants.
2022-01-11 12:29:53,911 INFO: Computing MW group (delta = ['-2', '-11/2', '1', '8', '0', '-1/2'], g = [4, 12, 0, -16, 0, 1])...
2022-01-11 12:32:17,364 INFO: Finished MW computation (delta = ['-2', '-11/2', '1', '8', '0', '-1/2'], g = [4, 12, 0, -16, 0, 1])
2022-01-11 12:32:17,366 INFO: Computing MW group (delta = ['4', '11', '0', '-16', '0', '1'], g = [4, 12, 0, -16, 0, 1])...
2022-01-11 12:34:04,619 INFO: Finished MW computation (delta = ['4', '11', '0', '-16', '0', '1'], g = [4, 12, 0, -16, 0, 1])
2022-01-11 12:34:04,622 INFO: Computing MW group (delta = ['1'], g = [4, 12, 0, -16, 0, 1])...
2022-01-11 12:40:52,337 INFO: Finished MW computation (delta = ['1'], g = [4, 12, 0, -16, 0, 1])
2022-01-11 12:40:52,341 INFO: Unable to use elliptic Chabauty on twist (delta = ['1'])
2022-01-11 12:40:52,343 INFO: Obstruction found to provably computing rational points. Exiting.
2022-01-13 17:36:50,141 INFO: Loaded curve data from file.
2022-01-13 17:36:50,141 INFO: Obstruction already found. Exiting.
2022-02-12 17:39:39,255 INFO: Loaded curve data from file.
2022-02-12 17:39:39,255 INFO: Computing elliptic Chabauty map... (delta = ['-2', '-11/2', '1', '8', '0', '-1/2'], g = [4, 12, 0, -16, 0, 1])
2022-02-12 17:39:55,205 INFO: Elliptic Chabauty map computed. (delta = ['-2', '-11/2', '1', '8', '0', '-1/2'], g = [4, 12, 0, -16, 0, 1])
2022-02-12 17:39:55,207 INFO: Computing elliptic Chabauty map... (delta = ['4', '11', '0', '-16', '0', '1'], g = [4, 12, 0, -16, 0, 1])
2022-02-12 17:40:10,921 INFO: Elliptic Chabauty map computed. (delta = ['4', '11', '0', '-16', '0', '1'], g = [4, 12, 0, -16, 0, 1])
2022-02-12 17:40:10,924 INFO: Computing elliptic Chabauty map... (delta = ['1'], g = [4, 12, 0, -16, 0, 1])
2022-02-12 17:40:27,384 INFO: Elliptic Chabauty map computed. (delta = ['1'], g = [4, 12, 0, -16, 0, 1])
2022-02-12 17:40:27,386 INFO: Tasks complete. Recording data and exiting.
