2022-01-13 21:55:02,717 INFO: Initialized curve data.
2022-01-13 21:55:02,721 INFO: Setting up initial twist data...
2022-01-13 21:55:03,527 INFO: Twist setup complete.
2022-01-13 21:55:03,527 INFO: Searching for rational points on each twist...
2022-01-13 21:55:04,995 INFO: Finished searching for rational points on each twist.
2022-01-13 21:55:04,996 INFO: Testing local solvability of twists...
2022-01-13 21:55:06,763 INFO: Finished local solvability testing.
2022-01-13 21:55:06,764 INFO: Computing elliptic curve a-invariants...
2022-01-13 21:55:11,999 INFO: Finished computation of a-invariants.
2022-01-13 21:55:12,000 INFO: Skipped MW computation because no base point (delta = ['1/2', '-3/2', '1'])
2022-01-13 21:55:12,000 INFO: Computing MW group (delta = ['4', '-1', '-7', '0', '12', '-7'], g = [-4, 0, 8, 0, -12, 7])...
2022-01-14 11:36:11,698 INFO: Loaded curve data from file.
2022-01-14 11:36:11,699 INFO: Reducing MW generators...
2022-01-14 11:36:11,699 INFO: Finished reducing MW generators.
2022-01-14 11:36:11,701 INFO: Skipped Chabauty because no base point (delta = ['1/2', '-3/2', '1'])
2022-01-14 11:36:11,701 INFO: Skipped Chabauty because MW generators haven't been computed. (delta = ['4', '-1', '-7', '0', '12', '-7'], g = [-4, 0, 8, 0, -12, 7])
2022-01-14 11:36:11,702 INFO: Skipped Chabauty because MW generators haven't been computed. (delta = ['1'], g = [-4, 0, 8, 0, -12, 7])
2022-01-14 11:36:11,702 INFO: Skipped Chabauty because MW generators haven't been computed. (delta = ['2', '-1/2', '-2', '-5/2', '7', '-7/2'], g = [-4, 0, 8, 0, -12, 7])
2022-01-14 11:36:11,745 INFO: Tasks complete. Recording data and exiting.
2022-02-12 16:57:54,225 INFO: Loaded curve data from file.
2022-02-12 16:57:54,225 INFO: Computing elliptic Chabauty map... (delta = ['4', '-1', '-7', '0', '12', '-7'], g = [-4, 0, 8, 0, -12, 7])
2022-02-12 16:58:04,096 INFO: Elliptic Chabauty map computed. (delta = ['4', '-1', '-7', '0', '12', '-7'], g = [-4, 0, 8, 0, -12, 7])
2022-02-12 16:58:04,098 INFO: Computing elliptic Chabauty map... (delta = ['1'], g = [-4, 0, 8, 0, -12, 7])
2022-02-12 16:58:13,657 INFO: Elliptic Chabauty map computed. (delta = ['1'], g = [-4, 0, 8, 0, -12, 7])
2022-02-12 16:58:13,659 INFO: Computing elliptic Chabauty map... (delta = ['2', '-1/2', '-2', '-5/2', '7', '-7/2'], g = [-4, 0, 8, 0, -12, 7])
2022-02-12 16:58:23,216 INFO: Elliptic Chabauty map computed. (delta = ['2', '-1/2', '-2', '-5/2', '7', '-7/2'], g = [-4, 0, 8, 0, -12, 7])
2022-02-12 16:58:23,218 INFO: Tasks complete. Recording data and exiting.
