2022-01-11 12:29:17,105 INFO: Initialized curve data.
2022-01-11 12:29:17,108 INFO: Setting up initial twist data...
2022-01-11 12:29:18,118 INFO: Twist setup complete.
2022-01-11 12:29:18,119 INFO: Searching for rational points on each twist...
2022-01-11 12:29:22,169 INFO: Finished searching for rational points on each twist.
2022-01-11 12:29:22,169 INFO: Testing local solvability of twists...
2022-01-11 12:29:29,698 INFO: Finished local solvability testing.
2022-01-11 12:29:29,699 INFO: Computing elliptic curve a-invariants...
2022-01-11 12:29:33,925 INFO: Finished computation of a-invariants.
2022-01-11 12:29:33,927 INFO: Skipped MW computation because no base point (delta = ['0', '-1'])
2022-01-11 12:29:33,927 INFO: Computing MW group (delta = ['0', '2', '-9', '-9', '-1'], g = [-1, 3, 1])...
2022-01-11 12:29:36,213 INFO: Finished MW computation (delta = ['0', '2', '-9', '-9', '-1'], g = [-1, 3, 1])
2022-01-11 12:29:36,215 INFO: Computing MW group (delta = ['0', '2', '-9', '-9', '-1'], g = [-1, 2, 8, 1])...
2022-01-11 12:29:45,033 INFO: Finished MW computation (delta = ['0', '2', '-9', '-9', '-1'], g = [-1, 2, 8, 1])
2022-01-11 12:29:45,039 INFO: Skipped MW computation because no base point (delta = ['-1/2', '-1'])
2022-01-11 12:29:45,039 INFO: Computing MW group (delta = ['1'], g = [-1, 3, 1])...
2022-01-11 12:29:45,917 INFO: Finished MW computation (delta = ['1'], g = [-1, 3, 1])
2022-01-11 12:29:45,920 INFO: Computing MW group (delta = ['1'], g = [-1, 2, 8, 1])...
2022-01-11 12:29:57,516 INFO: Finished MW computation (delta = ['1'], g = [-1, 2, 8, 1])
2022-01-11 12:29:57,520 INFO: Computing MW group (delta = ['0', '-1', '5/2', '27/2', '19/2', '1'], g = [-1, 3, 1])...
2022-01-11 12:29:58,797 INFO: Finished MW computation (delta = ['0', '-1', '5/2', '27/2', '19/2', '1'], g = [-1, 3, 1])
2022-01-11 12:29:58,800 INFO: Computing MW group (delta = ['0', '-1', '5/2', '27/2', '19/2', '1'], g = [-1, 2, 8, 1])...
2022-01-11 12:30:03,877 INFO: Finished MW computation (delta = ['0', '-1', '5/2', '27/2', '19/2', '1'], g = [-1, 2, 8, 1])
2022-01-11 12:30:03,880 INFO: Computing MW group (delta = ['1', '-4', '-7', '39/2', '45/2', '5/2'], g = [-1, 3, 1])...
2022-01-11 12:30:05,916 INFO: Finished MW computation (delta = ['1', '-4', '-7', '39/2', '45/2', '5/2'], g = [-1, 3, 1])
2022-01-11 12:30:05,919 INFO: Computing MW group (delta = ['1', '-4', '-7', '39/2', '45/2', '5/2'], g = [-1, 2, 8, 1])...
2022-01-11 12:30:13,790 INFO: Finished MW computation (delta = ['1', '-4', '-7', '39/2', '45/2', '5/2'], g = [-1, 2, 8, 1])
2022-01-11 12:30:13,794 INFO: Unable to use elliptic Chabauty on twist (delta = ['1', '-4', '-7', '39/2', '45/2', '5/2'])
2022-01-11 12:30:13,797 INFO: Obstruction found to provably computing rational points. Exiting.
2022-01-13 17:36:39,159 INFO: Loaded curve data from file.
2022-01-13 17:36:39,159 INFO: Obstruction already found. Exiting.
2022-02-12 16:45:31,974 INFO: Loaded curve data from file.
2022-02-12 16:45:31,975 INFO: Computing elliptic Chabauty map... (delta = ['0', '2', '-9', '-9', '-1'], g = [-1, 3, 1])
2022-02-12 16:45:43,644 INFO: Elliptic Chabauty map computed. (delta = ['0', '2', '-9', '-9', '-1'], g = [-1, 3, 1])
2022-02-12 16:45:43,654 INFO: Computing elliptic Chabauty map... (delta = ['0', '2', '-9', '-9', '-1'], g = [-1, 2, 8, 1])
2022-02-12 16:45:55,623 INFO: Elliptic Chabauty map computed. (delta = ['0', '2', '-9', '-9', '-1'], g = [-1, 2, 8, 1])
2022-02-12 16:45:55,627 INFO: Computing elliptic Chabauty map... (delta = ['1'], g = [-1, 3, 1])
2022-02-12 16:46:07,158 INFO: Elliptic Chabauty map computed. (delta = ['1'], g = [-1, 3, 1])
2022-02-12 16:46:07,171 INFO: Computing elliptic Chabauty map... (delta = ['1'], g = [-1, 2, 8, 1])
2022-02-12 16:46:19,181 INFO: Elliptic Chabauty map computed. (delta = ['1'], g = [-1, 2, 8, 1])
2022-02-12 16:46:19,186 INFO: Computing elliptic Chabauty map... (delta = ['0', '-1', '5/2', '27/2', '19/2', '1'], g = [-1, 3, 1])
2022-02-12 16:46:30,745 INFO: Elliptic Chabauty map computed. (delta = ['0', '-1', '5/2', '27/2', '19/2', '1'], g = [-1, 3, 1])
2022-02-12 16:46:30,749 INFO: Computing elliptic Chabauty map... (delta = ['0', '-1', '5/2', '27/2', '19/2', '1'], g = [-1, 2, 8, 1])
2022-02-12 16:46:42,780 INFO: Elliptic Chabauty map computed. (delta = ['0', '-1', '5/2', '27/2', '19/2', '1'], g = [-1, 2, 8, 1])
2022-02-12 16:46:42,786 INFO: Computing elliptic Chabauty map... (delta = ['1', '-4', '-7', '39/2', '45/2', '5/2'], g = [-1, 3, 1])
2022-02-12 16:46:54,347 INFO: Elliptic Chabauty map computed. (delta = ['1', '-4', '-7', '39/2', '45/2', '5/2'], g = [-1, 3, 1])
2022-02-12 16:46:54,352 INFO: Computing elliptic Chabauty map... (delta = ['1', '-4', '-7', '39/2', '45/2', '5/2'], g = [-1, 2, 8, 1])
2022-02-12 16:47:06,333 INFO: Elliptic Chabauty map computed. (delta = ['1', '-4', '-7', '39/2', '45/2', '5/2'], g = [-1, 2, 8, 1])
2022-02-12 16:47:06,339 INFO: Computing elliptic Chabauty map... (delta = ['0', '0', '-2', '9', '9', '1'], g = [-1, 3, 1])
2022-02-12 16:47:17,937 INFO: Elliptic Chabauty map computed. (delta = ['0', '0', '-2', '9', '9', '1'], g = [-1, 3, 1])
2022-02-12 16:47:17,942 INFO: Computing elliptic Chabauty map... (delta = ['0', '0', '-2', '9', '9', '1'], g = [-1, 2, 8, 1])
2022-02-12 16:47:29,988 INFO: Elliptic Chabauty map computed. (delta = ['0', '0', '-2', '9', '9', '1'], g = [-1, 2, 8, 1])
2022-02-12 16:47:29,994 INFO: Tasks complete. Recording data and exiting.
