2022-01-01 10:40:30,954 INFO: Initialized curve data.
2022-01-01 10:40:30,956 INFO: Setting up initial twist data...
2022-01-01 10:40:32,446 INFO: Twist setup complete.
2022-01-01 10:40:32,446 INFO: Searching for rational points on each twist...
2022-01-01 10:40:33,398 INFO: Finished searching for rational points on each twist.
2022-01-01 10:40:33,398 INFO: Testing local solvability of twists...
2022-01-01 10:40:33,404 INFO: Finished local solvability testing.
2022-01-01 10:40:33,405 INFO: Computing elliptic curve a-invariants...
2022-01-01 10:40:41,740 INFO: Finished computation of a-invariants.
2022-01-01 10:40:41,742 INFO: Computing MW group (delta = ['4', '-1', '-8', '-3', '4', '4'], g = [4, 0, -8, -3, 4, 4])...
2022-01-01 10:41:42,945 INFO: Finished MW computation (delta = ['4', '-1', '-8', '-3', '4', '4'], g = [4, 0, -8, -3, 4, 4])
2022-01-01 10:41:42,948 INFO: Computing MW group (delta = ['1', '-1'], g = [4, 0, -8, -3, 4, 4])...
2022-01-01 10:42:43,206 INFO: Finished MW computation (delta = ['1', '-1'], g = [4, 0, -8, -3, 4, 4])
2022-01-01 10:42:43,208 INFO: Computing MW group (delta = ['1'], g = [4, 0, -8, -3, 4, 4])...
2022-01-01 10:44:14,801 INFO: Finished MW computation (delta = ['1'], g = [4, 0, -8, -3, 4, 4])
2022-01-01 10:44:14,804 INFO: Computing MW group (delta = ['4', '-1', '-7', '-3', '4', '4'], g = [4, 0, -8, -3, 4, 4])...
2022-01-01 10:44:57,285 INFO: Finished MW computation (delta = ['4', '-1', '-7', '-3', '4', '4'], g = [4, 0, -8, -3, 4, 4])
2022-01-01 10:44:57,289 INFO: Reducing MW generators...
2022-01-01 10:45:02,508 INFO: Finished reducing MW generators.
2022-01-01 10:45:02,510 INFO: Running elliptic Chabauty (delta = ['4', '-1', '-8', '-3', '4', '4'], g = [4, 0, -8, -3, 4, 4])...
2022-01-01 11:10:07,089 INFO: Chabauty completed successfully (delta = ['4', '-1', '-8', '-3', '4', '4'], g = [4, 0, -8, -3, 4, 4]).
2022-01-01 11:10:07,091 INFO: Running elliptic Chabauty (delta = ['1', '-1'], g = [4, 0, -8, -3, 4, 4])...
2022-01-01 11:10:23,980 INFO: Chabauty completed successfully (delta = ['1', '-1'], g = [4, 0, -8, -3, 4, 4]).
2022-01-01 11:10:23,982 INFO: Running elliptic Chabauty (delta = ['1'], g = [4, 0, -8, -3, 4, 4])...
2022-01-01 11:10:43,953 INFO: Chabauty completed successfully (delta = ['1'], g = [4, 0, -8, -3, 4, 4]).
2022-01-01 11:10:43,956 INFO: Running elliptic Chabauty (delta = ['4', '-1', '-7', '-3', '4', '4'], g = [4, 0, -8, -3, 4, 4])...
2022-01-01 11:11:03,393 INFO: Chabauty completed successfully (delta = ['4', '-1', '-7', '-3', '4', '4'], g = [4, 0, -8, -3, 4, 4]).
2022-01-01 11:11:03,624 INFO: Rational points successfully computed.
2022-01-01 11:11:03,626 INFO: Tasks complete. Recording data and exiting.
2022-01-03 13:14:57,000 INFO: Obsolete "loc_solv_error" keys removed.
2022-01-03 13:14:57,000 INFO: Deleted results of Chabauty computation.
2022-01-10 22:39:04,967 INFO: Loaded curve data from file.
2022-01-10 22:39:04,970 INFO: Running elliptic Chabauty (delta = ['4', '-1', '-8', '-3', '4', '4'], g = [4, 0, -8, -3, 4, 4])...
2022-01-10 22:58:35,337 INFO: Chabauty completed successfully (delta = ['4', '-1', '-8', '-3', '4', '4'], g = [4, 0, -8, -3, 4, 4]).
2022-01-10 22:58:35,340 INFO: Running elliptic Chabauty (delta = ['1', '-1'], g = [4, 0, -8, -3, 4, 4])...
2022-01-10 22:58:48,864 INFO: Chabauty completed successfully (delta = ['1', '-1'], g = [4, 0, -8, -3, 4, 4]).
2022-01-10 22:58:48,866 INFO: Running elliptic Chabauty (delta = ['1'], g = [4, 0, -8, -3, 4, 4])...
2022-01-10 22:59:04,734 INFO: Chabauty completed successfully (delta = ['1'], g = [4, 0, -8, -3, 4, 4]).
2022-01-10 22:59:04,736 INFO: Running elliptic Chabauty (delta = ['4', '-1', '-7', '-3', '4', '4'], g = [4, 0, -8, -3, 4, 4])...
2022-01-10 22:59:20,101 INFO: Chabauty completed successfully (delta = ['4', '-1', '-7', '-3', '4', '4'], g = [4, 0, -8, -3, 4, 4]).
2022-01-10 22:59:20,298 INFO: Rational points successfully computed.
2022-01-10 22:59:20,300 INFO: Tasks complete. Recording data and exiting.
2022-02-12 17:18:30,544 INFO: Loaded curve data from file.
2022-02-12 17:18:30,544 INFO: Computing elliptic Chabauty map... (delta = ['4', '-1', '-8', '-3', '4', '4'], g = [4, 0, -8, -3, 4, 4])
2022-02-12 17:18:43,631 INFO: Elliptic Chabauty map computed. (delta = ['4', '-1', '-8', '-3', '4', '4'], g = [4, 0, -8, -3, 4, 4])
2022-02-12 17:18:43,635 INFO: Computing elliptic Chabauty map... (delta = ['1', '-1'], g = [4, 0, -8, -3, 4, 4])
2022-02-12 17:18:56,410 INFO: Elliptic Chabauty map computed. (delta = ['1', '-1'], g = [4, 0, -8, -3, 4, 4])
2022-02-12 17:18:56,412 INFO: Computing elliptic Chabauty map... (delta = ['1'], g = [4, 0, -8, -3, 4, 4])
2022-02-12 17:19:09,384 INFO: Elliptic Chabauty map computed. (delta = ['1'], g = [4, 0, -8, -3, 4, 4])
2022-02-12 17:19:09,387 INFO: Computing elliptic Chabauty map... (delta = ['4', '-1', '-7', '-3', '4', '4'], g = [4, 0, -8, -3, 4, 4])
2022-02-12 17:19:22,131 INFO: Elliptic Chabauty map computed. (delta = ['4', '-1', '-7', '-3', '4', '4'], g = [4, 0, -8, -3, 4, 4])
2022-02-12 17:19:22,136 INFO: Tasks complete. Recording data and exiting.
