2022-01-11 15:17:01,703 INFO: Initialized curve data.
2022-01-11 15:17:01,706 INFO: Setting up initial twist data...
2022-01-11 15:17:03,067 INFO: Twist setup complete.
2022-01-11 15:17:03,067 INFO: Searching for rational points on each twist...
2022-01-11 15:17:07,671 INFO: Finished searching for rational points on each twist.
2022-01-11 15:17:07,671 INFO: Testing local solvability of twists...
2022-01-11 15:17:33,876 INFO: Finished local solvability testing.
2022-01-11 15:17:33,878 INFO: Computing elliptic curve a-invariants...
2022-01-11 15:17:41,644 INFO: Finished computation of a-invariants.
2022-01-11 15:17:41,646 INFO: Computing MW group (delta = ['4', '24', '40', '20', '8'], g = [1, 1])...
2022-01-11 15:17:42,236 INFO: Finished MW computation (delta = ['4', '24', '40', '20', '8'], g = [1, 1])
2022-01-11 15:17:42,239 INFO: Computing MW group (delta = ['4', '24', '40', '20', '8'], g = [4, 23, 39, 20, 8])...
2022-01-11 15:17:56,547 INFO: Finished MW computation (delta = ['4', '24', '40', '20', '8'], g = [4, 23, 39, 20, 8])
2022-01-11 15:17:56,550 INFO: Skipped MW computation because no base point (delta = ['1/6', '-19/2', '-117/2', '-607/6', '-157/3', '-64/3'])
2022-01-11 15:17:56,550 INFO: Computing MW group (delta = ['1'], g = [1, 1])...
2022-01-11 15:17:57,089 INFO: Finished MW computation (delta = ['1'], g = [1, 1])
2022-01-11 15:17:57,091 INFO: Computing MW group (delta = ['1'], g = [4, 23, 39, 20, 8])...
2022-01-11 15:24:06,925 INFO: Finished MW computation (delta = ['1'], g = [4, 23, 39, 20, 8])
2022-01-11 15:24:06,931 INFO: Computing MW group (delta = ['2/3', '-487/6', '-3859/8', '-9911/12', '-10169/24', '-169'], g = [1, 1])...
2022-01-11 15:24:07,470 INFO: Finished MW computation (delta = ['2/3', '-487/6', '-3859/8', '-9911/12', '-10169/24', '-169'], g = [1, 1])
2022-01-11 15:24:07,472 INFO: Computing MW group (delta = ['2/3', '-487/6', '-3859/8', '-9911/12', '-10169/24', '-169'], g = [4, 23, 39, 20, 8])...
2022-01-11 15:24:33,110 INFO: Finished MW computation (delta = ['2/3', '-487/6', '-3859/8', '-9911/12', '-10169/24', '-169'], g = [4, 23, 39, 20, 8])
2022-01-11 15:24:33,114 INFO: Computing MW group (delta = ['4/3', '-12', '-301/3', '-186', '-289/3', '-40'], g = [1, 1])...
2022-01-11 15:24:33,707 INFO: Finished MW computation (delta = ['4/3', '-12', '-301/3', '-186', '-289/3', '-40'], g = [1, 1])
2022-01-11 15:24:33,709 INFO: Computing MW group (delta = ['4/3', '-12', '-301/3', '-186', '-289/3', '-40'], g = [4, 23, 39, 20, 8])...
2022-01-11 15:25:05,925 INFO: Finished MW computation (delta = ['4/3', '-12', '-301/3', '-186', '-289/3', '-40'], g = [4, 23, 39, 20, 8])
2022-01-11 15:25:05,928 INFO: Skipped MW computation because no base point (delta = ['1/2', '-1/2', '-21/2', '-39/2', '-10', '-4'])
2022-01-11 15:25:05,928 INFO: Computing MW group (delta = ['1/3', '-4/3', '-43/3', '-26', '-40/3', '-16/3'], g = [1, 1])...
2022-01-11 15:25:06,497 INFO: Finished MW computation (delta = ['1/3', '-4/3', '-43/3', '-26', '-40/3', '-16/3'], g = [1, 1])
2022-01-11 15:25:06,499 INFO: Computing MW group (delta = ['1/3', '-4/3', '-43/3', '-26', '-40/3', '-16/3'], g = [4, 23, 39, 20, 8])...
2022-01-11 15:49:01,953 INFO: Finished MW computation (delta = ['1/3', '-4/3', '-43/3', '-26', '-40/3', '-16/3'], g = [4, 23, 39, 20, 8])
2022-01-11 15:49:01,959 INFO: Computing MW group (delta = ['2', '-2', '-59', '-124', '-65', '-28'], g = [1, 1])...
2022-01-11 15:49:02,545 INFO: Finished MW computation (delta = ['2', '-2', '-59', '-124', '-65', '-28'], g = [1, 1])
2022-01-11 15:49:02,547 INFO: Computing MW group (delta = ['2', '-2', '-59', '-124', '-65', '-28'], g = [4, 23, 39, 20, 8])...
2022-01-11 15:51:06,888 INFO: Finished MW computation (delta = ['2', '-2', '-59', '-124', '-65', '-28'], g = [4, 23, 39, 20, 8])
2022-01-11 15:51:06,893 INFO: Reducing MW generators...
2022-01-11 15:51:13,658 INFO: Finished reducing MW generators.
2022-01-11 15:51:13,661 INFO: Tasks complete. Recording data and exiting.
2022-01-14 09:07:44,490 INFO: Loaded curve data from file.
2022-01-14 09:07:44,491 INFO: Skipped Chabauty because rank >= degree(g). (delta = ['4', '24', '40', '20', '8'], g = [1, 1])
2022-01-14 09:07:44,491 INFO: Running elliptic Chabauty (delta = ['4', '24', '40', '20', '8'], g = [4, 23, 39, 20, 8])...
2022-01-14 09:07:54,636 INFO: Chabauty completed successfully (delta = ['4', '24', '40', '20', '8'], g = [4, 23, 39, 20, 8]).
2022-01-14 09:07:54,641 INFO: Skipped Chabauty because no base point (delta = ['1/6', '-19/2', '-117/2', '-607/6', '-157/3', '-64/3'])
2022-01-14 09:07:54,641 INFO: Skipped Chabauty because rank >= degree(g). (delta = ['1'], g = [1, 1])
2022-01-14 09:07:54,641 INFO: Running elliptic Chabauty (delta = ['1'], g = [4, 23, 39, 20, 8])...
2022-01-14 09:08:06,206 INFO: Chabauty completed successfully (delta = ['1'], g = [4, 23, 39, 20, 8]).
2022-01-14 09:08:06,210 INFO: Skipped Chabauty because rank >= degree(g). (delta = ['2/3', '-487/6', '-3859/8', '-9911/12', '-10169/24', '-169'], g = [1, 1])
2022-01-14 09:08:06,210 INFO: Skipped Chabauty because MW group hasn't been provably computed. (delta = ['2/3', '-487/6', '-3859/8', '-9911/12', '-10169/24', '-169'], g = [4, 23, 39, 20, 8])
2022-01-14 09:08:06,210 INFO: Skipped Chabauty because rank >= degree(g). (delta = ['4/3', '-12', '-301/3', '-186', '-289/3', '-40'], g = [1, 1])
2022-01-14 09:08:06,210 INFO: Running elliptic Chabauty (delta = ['4/3', '-12', '-301/3', '-186', '-289/3', '-40'], g = [4, 23, 39, 20, 8])...
2022-01-14 09:08:17,358 INFO: Chabauty completed successfully (delta = ['4/3', '-12', '-301/3', '-186', '-289/3', '-40'], g = [4, 23, 39, 20, 8]).
2022-01-14 09:08:17,436 INFO: Skipped Chabauty because no base point (delta = ['1/2', '-1/2', '-21/2', '-39/2', '-10', '-4'])
2022-01-14 09:08:17,436 INFO: Skipped Chabauty because rank >= degree(g). (delta = ['1/3', '-4/3', '-43/3', '-26', '-40/3', '-16/3'], g = [1, 1])
2022-01-14 09:08:17,436 INFO: Skipped Chabauty because MW group hasn't been provably computed. (delta = ['1/3', '-4/3', '-43/3', '-26', '-40/3', '-16/3'], g = [4, 23, 39, 20, 8])
2022-01-14 09:08:17,436 INFO: Skipped Chabauty because rank >= degree(g). (delta = ['2', '-2', '-59', '-124', '-65', '-28'], g = [1, 1])
2022-01-14 09:08:17,436 INFO: Running elliptic Chabauty (delta = ['2', '-2', '-59', '-124', '-65', '-28'], g = [4, 23, 39, 20, 8])...
2022-01-14 09:08:28,687 INFO: Chabauty completed successfully (delta = ['2', '-2', '-59', '-124', '-65', '-28'], g = [4, 23, 39, 20, 8]).
2022-01-14 09:08:28,950 INFO: Tasks complete. Recording data and exiting.
2022-02-12 17:51:15,483 INFO: Loaded curve data from file.
2022-02-12 17:51:15,483 INFO: Computing elliptic Chabauty map... (delta = ['4', '24', '40', '20', '8'], g = [1, 1])
2022-02-12 17:51:26,210 INFO: Elliptic Chabauty map computed. (delta = ['4', '24', '40', '20', '8'], g = [1, 1])
2022-02-12 17:51:26,214 INFO: Computing elliptic Chabauty map... (delta = ['4', '24', '40', '20', '8'], g = [4, 23, 39, 20, 8])
2022-02-12 17:51:39,599 INFO: Elliptic Chabauty map computed. (delta = ['4', '24', '40', '20', '8'], g = [4, 23, 39, 20, 8])
2022-02-12 17:51:39,603 INFO: Computing elliptic Chabauty map... (delta = ['1'], g = [1, 1])
2022-02-12 17:51:50,202 INFO: Elliptic Chabauty map computed. (delta = ['1'], g = [1, 1])
2022-02-12 17:51:50,205 INFO: Computing elliptic Chabauty map... (delta = ['1'], g = [4, 23, 39, 20, 8])
2022-02-12 17:52:03,444 INFO: Elliptic Chabauty map computed. (delta = ['1'], g = [4, 23, 39, 20, 8])
2022-02-12 17:52:03,448 INFO: Computing elliptic Chabauty map... (delta = ['2/3', '-487/6', '-3859/8', '-9911/12', '-10169/24', '-169'], g = [1, 1])
2022-02-12 17:52:14,034 INFO: Elliptic Chabauty map computed. (delta = ['2/3', '-487/6', '-3859/8', '-9911/12', '-10169/24', '-169'], g = [1, 1])
2022-02-12 17:52:14,037 INFO: Computing elliptic Chabauty map... (delta = ['2/3', '-487/6', '-3859/8', '-9911/12', '-10169/24', '-169'], g = [4, 23, 39, 20, 8])
2022-02-12 17:52:27,406 INFO: Elliptic Chabauty map computed. (delta = ['2/3', '-487/6', '-3859/8', '-9911/12', '-10169/24', '-169'], g = [4, 23, 39, 20, 8])
2022-02-12 17:52:27,410 INFO: Computing elliptic Chabauty map... (delta = ['4/3', '-12', '-301/3', '-186', '-289/3', '-40'], g = [1, 1])
2022-02-12 17:52:38,012 INFO: Elliptic Chabauty map computed. (delta = ['4/3', '-12', '-301/3', '-186', '-289/3', '-40'], g = [1, 1])
2022-02-12 17:52:38,017 INFO: Computing elliptic Chabauty map... (delta = ['4/3', '-12', '-301/3', '-186', '-289/3', '-40'], g = [4, 23, 39, 20, 8])
2022-02-12 17:52:51,369 INFO: Elliptic Chabauty map computed. (delta = ['4/3', '-12', '-301/3', '-186', '-289/3', '-40'], g = [4, 23, 39, 20, 8])
2022-02-12 17:52:51,374 INFO: Computing elliptic Chabauty map... (delta = ['1/3', '-4/3', '-43/3', '-26', '-40/3', '-16/3'], g = [1, 1])
2022-02-12 17:53:01,963 INFO: Elliptic Chabauty map computed. (delta = ['1/3', '-4/3', '-43/3', '-26', '-40/3', '-16/3'], g = [1, 1])
2022-02-12 17:53:01,968 INFO: Computing elliptic Chabauty map... (delta = ['1/3', '-4/3', '-43/3', '-26', '-40/3', '-16/3'], g = [4, 23, 39, 20, 8])
2022-02-12 17:53:15,250 INFO: Elliptic Chabauty map computed. (delta = ['1/3', '-4/3', '-43/3', '-26', '-40/3', '-16/3'], g = [4, 23, 39, 20, 8])
2022-02-12 17:53:15,256 INFO: Computing elliptic Chabauty map... (delta = ['2', '-2', '-59', '-124', '-65', '-28'], g = [1, 1])
2022-02-12 17:53:25,872 INFO: Elliptic Chabauty map computed. (delta = ['2', '-2', '-59', '-124', '-65', '-28'], g = [1, 1])
2022-02-12 17:53:25,879 INFO: Computing elliptic Chabauty map... (delta = ['2', '-2', '-59', '-124', '-65', '-28'], g = [4, 23, 39, 20, 8])
2022-02-12 17:53:39,163 INFO: Elliptic Chabauty map computed. (delta = ['2', '-2', '-59', '-124', '-65', '-28'], g = [4, 23, 39, 20, 8])
2022-02-12 17:53:39,170 INFO: Tasks complete. Recording data and exiting.
