2022-01-12 09:25:13,924 INFO: Initialized curve data.
2022-01-12 09:25:13,926 INFO: Setting up initial twist data...
2022-01-12 09:25:15,290 INFO: Twist setup complete.
2022-01-12 09:25:15,291 INFO: Searching for rational points on each twist...
2022-01-12 09:25:17,020 INFO: Finished searching for rational points on each twist.
2022-01-12 09:25:17,020 INFO: Testing local solvability of twists...
2022-01-12 09:25:29,417 INFO: Finished local solvability testing.
2022-01-12 09:25:29,418 INFO: Computing elliptic curve a-invariants...
2022-01-12 09:25:42,050 INFO: Finished computation of a-invariants.
2022-01-12 09:25:42,052 INFO: Skipped MW computation because no base point (delta = ['-1/2', '1/2', '1'])
2022-01-12 09:25:42,052 INFO: Computing MW group (delta = ['-4', '12', '5', '-28', '4', '20'], g = [-4, 11, 4, -28, 4, 20])...
2022-01-14 09:10:32,701 INFO: Loaded curve data from file.
2022-01-14 09:10:32,702 INFO: Reducing MW generators...
2022-01-14 09:10:32,702 INFO: Finished reducing MW generators.
2022-01-14 09:10:32,703 INFO: Skipped Chabauty because no base point (delta = ['-1/2', '1/2', '1'])
2022-01-14 09:10:32,703 INFO: Skipped Chabauty because MW generators haven't been computed. (delta = ['-4', '12', '5', '-28', '4', '20'], g = [-4, 11, 4, -28, 4, 20])
2022-01-14 09:10:32,703 INFO: Skipped Chabauty because MW generators haven't been computed. (delta = ['1'], g = [-4, 11, 4, -28, 4, 20])
2022-01-14 09:10:32,704 INFO: Skipped Chabauty because MW generators haven't been computed. (delta = ['2', '-6', '-2', '31/2', '-1', '-10'], g = [-4, 11, 4, -28, 4, 20])
2022-01-14 09:10:32,759 INFO: Tasks complete. Recording data and exiting.
2022-02-12 16:59:58,664 INFO: Loaded curve data from file.
2022-02-12 16:59:58,665 INFO: Computing elliptic Chabauty map... (delta = ['-4', '12', '5', '-28', '4', '20'], g = [-4, 11, 4, -28, 4, 20])
2022-02-12 17:00:16,087 INFO: Elliptic Chabauty map computed. (delta = ['-4', '12', '5', '-28', '4', '20'], g = [-4, 11, 4, -28, 4, 20])
2022-02-12 17:00:16,090 INFO: Computing elliptic Chabauty map... (delta = ['1'], g = [-4, 11, 4, -28, 4, 20])
2022-02-12 17:00:32,949 INFO: Elliptic Chabauty map computed. (delta = ['1'], g = [-4, 11, 4, -28, 4, 20])
2022-02-12 17:00:32,951 INFO: Computing elliptic Chabauty map... (delta = ['2', '-6', '-2', '31/2', '-1', '-10'], g = [-4, 11, 4, -28, 4, 20])
2022-02-12 17:00:50,238 INFO: Elliptic Chabauty map computed. (delta = ['2', '-6', '-2', '31/2', '-1', '-10'], g = [-4, 11, 4, -28, 4, 20])
2022-02-12 17:00:50,240 INFO: Tasks complete. Recording data and exiting.
