2022-01-12 09:25:16,056 INFO: Initialized curve data.
2022-01-12 09:25:16,081 INFO: Setting up initial twist data...
2022-01-12 09:25:17,308 INFO: Twist setup complete.
2022-01-12 09:25:17,308 INFO: Searching for rational points on each twist...
2022-01-12 09:25:19,518 INFO: Finished searching for rational points on each twist.
2022-01-12 09:25:19,518 INFO: Testing local solvability of twists...
2022-01-12 09:25:19,530 INFO: Finished local solvability testing.
2022-01-12 09:25:19,532 INFO: Computing elliptic curve a-invariants...
2022-01-12 09:25:27,307 INFO: Finished computation of a-invariants.
2022-01-12 09:25:27,309 INFO: Computing MW group (delta = ['-62', '-40', '71/2', '15', '-4', '-2'], g = [28, 20, -16, -8, 2, 1])...
2022-01-14 09:10:34,891 INFO: Loaded curve data from file.
2022-01-14 09:10:34,892 INFO: Reducing MW generators...
2022-01-14 09:10:34,892 INFO: Finished reducing MW generators.
2022-01-14 09:10:34,894 INFO: Skipped Chabauty because MW generators haven't been computed. (delta = ['-62', '-40', '71/2', '15', '-4', '-2'], g = [28, 20, -16, -8, 2, 1])
2022-01-14 09:10:34,894 INFO: Skipped Chabauty because MW generators haven't been computed. (delta = ['30', '19', '-16', '-8', '2', '1'], g = [28, 20, -16, -8, 2, 1])
2022-01-14 09:10:34,894 INFO: Skipped Chabauty because MW generators haven't been computed. (delta = ['-3', '-3/2', '1'], g = [28, 20, -16, -8, 2, 1])
2022-01-14 09:10:34,894 INFO: Skipped Chabauty because MW generators haven't been computed. (delta = ['1'], g = [28, 20, -16, -8, 2, 1])
2022-01-14 09:10:34,897 INFO: Tasks complete. Recording data and exiting.
2022-02-12 17:15:55,840 INFO: Loaded curve data from file.
2022-02-12 17:15:55,840 INFO: Computing elliptic Chabauty map... (delta = ['-62', '-40', '71/2', '15', '-4', '-2'], g = [28, 20, -16, -8, 2, 1])
2022-02-12 17:16:01,918 INFO: Elliptic Chabauty map computed. (delta = ['-62', '-40', '71/2', '15', '-4', '-2'], g = [28, 20, -16, -8, 2, 1])
2022-02-12 17:16:01,921 INFO: Computing elliptic Chabauty map... (delta = ['30', '19', '-16', '-8', '2', '1'], g = [28, 20, -16, -8, 2, 1])
2022-02-12 17:16:07,718 INFO: Elliptic Chabauty map computed. (delta = ['30', '19', '-16', '-8', '2', '1'], g = [28, 20, -16, -8, 2, 1])
2022-02-12 17:16:07,720 INFO: Computing elliptic Chabauty map... (delta = ['-3', '-3/2', '1'], g = [28, 20, -16, -8, 2, 1])
2022-02-12 17:16:13,618 INFO: Elliptic Chabauty map computed. (delta = ['-3', '-3/2', '1'], g = [28, 20, -16, -8, 2, 1])
2022-02-12 17:16:13,621 INFO: Computing elliptic Chabauty map... (delta = ['1'], g = [28, 20, -16, -8, 2, 1])
2022-02-12 17:16:19,376 INFO: Elliptic Chabauty map computed. (delta = ['1'], g = [28, 20, -16, -8, 2, 1])
2022-02-12 17:16:19,379 INFO: Tasks complete. Recording data and exiting.
