2022-01-13 21:54:45,542 INFO: Initialized curve data.
2022-01-13 21:54:45,544 INFO: Setting up initial twist data...
2022-01-13 21:54:46,921 INFO: Twist setup complete.
2022-01-13 21:54:46,922 INFO: Searching for rational points on each twist...
2022-01-13 21:54:48,555 INFO: Finished searching for rational points on each twist.
2022-01-13 21:54:48,556 INFO: Testing local solvability of twists...
2022-01-13 21:54:52,599 INFO: Finished local solvability testing.
2022-01-13 21:54:52,600 INFO: Computing elliptic curve a-invariants...
2022-01-13 21:55:02,025 INFO: Finished computation of a-invariants.
2022-01-13 21:55:02,027 INFO: Skipped MW computation because no base point (delta = ['8', '27', '0', '-53', '-47', '-12'])
2022-01-13 21:55:02,027 INFO: Computing MW group (delta = ['1'], g = [-8, -28, 0, 55, 48, 12])...
2022-01-13 22:01:04,725 INFO: Finished MW computation (delta = ['1'], g = [-8, -28, 0, 55, 48, 12])
2022-01-13 22:01:04,728 INFO: Skipped MW computation because no base point (delta = ['-1', '1', '1'])
2022-01-13 22:01:04,728 INFO: Computing MW group (delta = ['-8', '-27', '1', '55', '48', '12'], g = [-8, -28, 0, 55, 48, 12])...
2022-01-14 11:35:22,238 INFO: Loaded curve data from file.
2022-01-14 11:35:22,238 INFO: Reducing MW generators...
2022-01-14 11:35:22,901 INFO: Finished reducing MW generators.
2022-01-14 11:35:22,903 INFO: Skipped Chabauty because no base point (delta = ['8', '27', '0', '-53', '-47', '-12'])
2022-01-14 11:35:22,903 INFO: Running elliptic Chabauty (delta = ['1'], g = [-8, -28, 0, 55, 48, 12])...
2022-01-14 11:35:55,255 INFO: Chabauty completed successfully (delta = ['1'], g = [-8, -28, 0, 55, 48, 12]).
2022-01-14 11:35:55,300 INFO: Skipped Chabauty because no base point (delta = ['-1', '1', '1'])
2022-01-14 11:35:55,300 INFO: Skipped Chabauty because MW generators haven't been computed. (delta = ['-8', '-27', '1', '55', '48', '12'], g = [-8, -28, 0, 55, 48, 12])
2022-01-14 11:35:55,419 INFO: Tasks complete. Recording data and exiting.
2022-02-12 17:36:49,798 INFO: Loaded curve data from file.
2022-02-12 17:36:49,798 INFO: Computing elliptic Chabauty map... (delta = ['1'], g = [-8, -28, 0, 55, 48, 12])
2022-02-12 17:37:05,608 INFO: Elliptic Chabauty map computed. (delta = ['1'], g = [-8, -28, 0, 55, 48, 12])
2022-02-12 17:37:05,610 INFO: Computing elliptic Chabauty map... (delta = ['-8', '-27', '1', '55', '48', '12'], g = [-8, -28, 0, 55, 48, 12])
2022-02-12 17:37:21,266 INFO: Elliptic Chabauty map computed. (delta = ['-8', '-27', '1', '55', '48', '12'], g = [-8, -28, 0, 55, 48, 12])
2022-02-12 17:37:21,268 INFO: Tasks complete. Recording data and exiting.
