2022-01-14 12:17:30,226 INFO: Initialized curve data.
2022-01-14 12:17:30,234 INFO: Setting up initial twist data...
2022-01-14 12:17:31,561 INFO: Twist setup complete.
2022-01-14 12:17:31,561 INFO: Searching for rational points on each twist...
2022-01-14 12:17:34,807 INFO: Finished searching for rational points on each twist.
2022-01-14 12:17:34,810 INFO: Testing local solvability of twists...
2022-01-14 12:17:35,207 INFO: Finished local solvability testing.
2022-01-14 12:17:35,243 INFO: Computing elliptic curve a-invariants...
2022-01-14 12:17:43,345 INFO: Finished computation of a-invariants.
2022-01-14 12:17:43,347 INFO: Computing MW group (delta = ['8', '6', '9', '5', '-1', '1'], g = [9, 7, 9, 5, -1, 1])...
2022-01-14 12:20:15,608 INFO: Finished MW computation (delta = ['8', '6', '9', '5', '-1', '1'], g = [9, 7, 9, 5, -1, 1])
2022-01-14 12:20:15,611 INFO: Computing MW group (delta = ['1'], g = [9, 7, 9, 5, -1, 1])...
2022-01-14 12:28:22,934 INFO: Finished MW computation (delta = ['1'], g = [9, 7, 9, 5, -1, 1])
2022-01-14 12:28:22,940 INFO: Computing MW group (delta = ['9', '8', '10', '5', '-1', '1'], g = [9, 7, 9, 5, -1, 1])...
2022-01-14 15:52:28,111 INFO: Loaded curve data from file.
2022-01-14 15:52:28,112 INFO: Reducing MW generators...
2022-01-14 15:52:28,316 INFO: Finished reducing MW generators.
2022-01-14 15:52:28,317 INFO: Running elliptic Chabauty (delta = ['8', '6', '9', '5', '-1', '1'], g = [9, 7, 9, 5, -1, 1])...
2022-01-14 15:52:36,146 INFO: Chabauty completed successfully (delta = ['8', '6', '9', '5', '-1', '1'], g = [9, 7, 9, 5, -1, 1]).
2022-01-14 15:52:36,148 INFO: Skipped Chabauty because MW group hasn't been provably computed. (delta = ['1'], g = [9, 7, 9, 5, -1, 1])
2022-01-14 15:52:36,148 INFO: Skipped Chabauty because MW generators haven't been computed. (delta = ['9', '8', '10', '5', '-1', '1'], g = [9, 7, 9, 5, -1, 1])
2022-01-14 15:52:36,148 INFO: Skipped Chabauty because MW generators haven't been computed. (delta = ['36', '27', '34', '19', '-4', '4'], g = [9, 7, 9, 5, -1, 1])
2022-01-14 15:52:36,198 INFO: Tasks complete. Recording data and exiting.
2022-02-12 17:04:11,983 INFO: Loaded curve data from file.
2022-02-12 17:04:11,983 INFO: Computing elliptic Chabauty map... (delta = ['8', '6', '9', '5', '-1', '1'], g = [9, 7, 9, 5, -1, 1])
2022-02-12 17:04:20,233 INFO: Elliptic Chabauty map computed. (delta = ['8', '6', '9', '5', '-1', '1'], g = [9, 7, 9, 5, -1, 1])
2022-02-12 17:04:20,235 INFO: Computing elliptic Chabauty map... (delta = ['1'], g = [9, 7, 9, 5, -1, 1])
2022-02-12 17:04:28,213 INFO: Elliptic Chabauty map computed. (delta = ['1'], g = [9, 7, 9, 5, -1, 1])
2022-02-12 17:04:28,215 INFO: Computing elliptic Chabauty map... (delta = ['9', '8', '10', '5', '-1', '1'], g = [9, 7, 9, 5, -1, 1])
2022-02-12 17:04:36,241 INFO: Elliptic Chabauty map computed. (delta = ['9', '8', '10', '5', '-1', '1'], g = [9, 7, 9, 5, -1, 1])
2022-02-12 17:04:36,243 INFO: Computing elliptic Chabauty map... (delta = ['36', '27', '34', '19', '-4', '4'], g = [9, 7, 9, 5, -1, 1])
2022-02-12 17:04:44,269 INFO: Elliptic Chabauty map computed. (delta = ['36', '27', '34', '19', '-4', '4'], g = [9, 7, 9, 5, -1, 1])
2022-02-12 17:04:44,272 INFO: Tasks complete. Recording data and exiting.
