2022-01-12 09:25:18,877 INFO: Initialized curve data.
2022-01-12 09:25:18,881 INFO: Setting up initial twist data...
2022-01-12 09:25:19,979 INFO: Twist setup complete.
2022-01-12 09:25:19,980 INFO: Searching for rational points on each twist...
2022-01-12 09:25:23,344 INFO: Finished searching for rational points on each twist.
2022-01-12 09:25:23,344 INFO: Testing local solvability of twists...
2022-01-12 09:25:52,401 INFO: Finished local solvability testing.
2022-01-12 09:25:52,404 INFO: Computing elliptic curve a-invariants...
2022-01-12 09:25:59,931 INFO: Finished computation of a-invariants.
2022-01-12 09:25:59,958 INFO: Computing MW group (delta = ['-4', '0', '14', '-3', '-1'], g = [1, 1])...
2022-01-12 09:26:00,340 INFO: Finished MW computation (delta = ['-4', '0', '14', '-3', '-1'], g = [1, 1])
2022-01-12 09:26:00,343 INFO: Computing MW group (delta = ['-4', '0', '14', '-3', '-1'], g = [4, 1, -13, 3, 1])...
2022-01-12 09:26:20,090 INFO: Finished MW computation (delta = ['-4', '0', '14', '-3', '-1'], g = [4, 1, -13, 3, 1])
2022-01-12 09:26:20,096 INFO: Skipped MW computation because no base point (delta = ['2', '4', '-7', '-25/2', '7/2', '1'])
2022-01-12 09:26:20,096 INFO: Skipped MW computation because no base point (delta = ['-1', '3', '1', '-13', '3', '1'])
2022-01-12 09:26:20,096 INFO: Computing MW group (delta = ['1'], g = [1, 1])...
2022-01-12 09:26:20,447 INFO: Finished MW computation (delta = ['1'], g = [1, 1])
2022-01-12 09:26:20,451 INFO: Computing MW group (delta = ['1'], g = [4, 1, -13, 3, 1])...
2022-01-12 09:26:25,558 INFO: Finished MW computation (delta = ['1'], g = [4, 1, -13, 3, 1])
2022-01-12 09:26:25,563 INFO: Computing MW group (delta = ['-2', '22', '14', '-141/2', '17', '11/2'], g = [1, 1])...
2022-01-12 09:26:25,915 INFO: Finished MW computation (delta = ['-2', '22', '14', '-141/2', '17', '11/2'], g = [1, 1])
2022-01-12 09:26:25,919 INFO: Computing MW group (delta = ['-2', '22', '14', '-141/2', '17', '11/2'], g = [4, 1, -13, 3, 1])...
2022-01-12 09:27:24,401 INFO: Finished MW computation (delta = ['-2', '22', '14', '-141/2', '17', '11/2'], g = [4, 1, -13, 3, 1])
2022-01-12 09:27:24,407 INFO: Computing MW group (delta = ['4', '52', '-2', '-167', '40', '13'], g = [1, 1])...
2022-01-12 09:27:24,766 INFO: Finished MW computation (delta = ['4', '52', '-2', '-167', '40', '13'], g = [1, 1])
2022-01-12 09:27:24,770 INFO: Computing MW group (delta = ['4', '52', '-2', '-167', '40', '13'], g = [4, 1, -13, 3, 1])...
2022-01-12 09:27:30,042 INFO: Finished MW computation (delta = ['4', '52', '-2', '-167', '40', '13'], g = [4, 1, -13, 3, 1])
2022-01-12 09:27:30,047 INFO: Computing MW group (delta = ['1/2', '7/2', '3/2', '-13/2', '3/2', '1/2'], g = [1, 1])...
2022-01-12 09:27:30,309 INFO: Finished MW computation (delta = ['1/2', '7/2', '3/2', '-13/2', '3/2', '1/2'], g = [1, 1])
2022-01-12 09:27:30,313 INFO: Computing MW group (delta = ['1/2', '7/2', '3/2', '-13/2', '3/2', '1/2'], g = [4, 1, -13, 3, 1])...
2022-01-12 09:27:49,535 INFO: Finished MW computation (delta = ['1/2', '7/2', '3/2', '-13/2', '3/2', '1/2'], g = [4, 1, -13, 3, 1])
2022-01-12 09:27:49,541 INFO: Skipped MW computation because no base point (delta = ['-1/2', '-1'])
2022-01-12 09:27:49,545 INFO: Reducing MW generators...
2022-01-12 09:27:52,687 INFO: Finished reducing MW generators.
2022-01-12 09:27:52,692 INFO: Tasks complete. Recording data and exiting.
2022-01-14 09:10:39,777 INFO: Loaded curve data from file.
2022-01-14 09:10:39,778 INFO: Skipped Chabauty because rank >= degree(g). (delta = ['-4', '0', '14', '-3', '-1'], g = [1, 1])
2022-01-14 09:10:39,778 INFO: Skipped Chabauty because MW group hasn't been provably computed. (delta = ['-4', '0', '14', '-3', '-1'], g = [4, 1, -13, 3, 1])
2022-01-14 09:10:39,778 INFO: Skipped Chabauty because no base point (delta = ['2', '4', '-7', '-25/2', '7/2', '1'])
2022-01-14 09:10:39,778 INFO: Skipped Chabauty because no base point (delta = ['-1', '3', '1', '-13', '3', '1'])
2022-01-14 09:10:39,778 INFO: Skipped Chabauty because rank >= degree(g). (delta = ['1'], g = [1, 1])
2022-01-14 09:10:39,778 INFO: Running elliptic Chabauty (delta = ['1'], g = [4, 1, -13, 3, 1])...
2022-01-14 09:10:51,020 INFO: Chabauty completed successfully (delta = ['1'], g = [4, 1, -13, 3, 1]).
2022-01-14 09:10:51,025 INFO: Skipped Chabauty because rank >= degree(g). (delta = ['-2', '22', '14', '-141/2', '17', '11/2'], g = [1, 1])
2022-01-14 09:10:51,025 INFO: Skipped Chabauty because MW group hasn't been provably computed. (delta = ['-2', '22', '14', '-141/2', '17', '11/2'], g = [4, 1, -13, 3, 1])
2022-01-14 09:10:51,025 INFO: Skipped Chabauty because rank >= degree(g). (delta = ['4', '52', '-2', '-167', '40', '13'], g = [1, 1])
2022-01-14 09:10:51,025 INFO: Running elliptic Chabauty (delta = ['4', '52', '-2', '-167', '40', '13'], g = [4, 1, -13, 3, 1])...
2022-01-14 09:11:02,332 INFO: Chabauty completed successfully (delta = ['4', '52', '-2', '-167', '40', '13'], g = [4, 1, -13, 3, 1]).
2022-01-14 09:11:02,335 INFO: Skipped Chabauty because rank >= degree(g). (delta = ['1/2', '7/2', '3/2', '-13/2', '3/2', '1/2'], g = [1, 1])
2022-01-14 09:11:02,335 INFO: Running elliptic Chabauty (delta = ['1/2', '7/2', '3/2', '-13/2', '3/2', '1/2'], g = [4, 1, -13, 3, 1])...
2022-01-14 09:11:13,831 INFO: Chabauty completed successfully (delta = ['1/2', '7/2', '3/2', '-13/2', '3/2', '1/2'], g = [4, 1, -13, 3, 1]).
2022-01-14 09:11:13,835 INFO: Skipped Chabauty because no base point (delta = ['-1/2', '-1'])
2022-01-14 09:11:14,062 INFO: Tasks complete. Recording data and exiting.
2022-02-12 17:47:37,864 INFO: Loaded curve data from file.
2022-02-12 17:47:37,864 INFO: Computing elliptic Chabauty map... (delta = ['-4', '0', '14', '-3', '-1'], g = [1, 1])
2022-02-12 17:47:48,522 INFO: Elliptic Chabauty map computed. (delta = ['-4', '0', '14', '-3', '-1'], g = [1, 1])
2022-02-12 17:47:48,526 INFO: Computing elliptic Chabauty map... (delta = ['-4', '0', '14', '-3', '-1'], g = [4, 1, -13, 3, 1])
2022-02-12 17:48:01,839 INFO: Elliptic Chabauty map computed. (delta = ['-4', '0', '14', '-3', '-1'], g = [4, 1, -13, 3, 1])
2022-02-12 17:48:01,843 INFO: Computing elliptic Chabauty map... (delta = ['1'], g = [1, 1])
2022-02-12 17:48:12,121 INFO: Elliptic Chabauty map computed. (delta = ['1'], g = [1, 1])
2022-02-12 17:48:12,126 INFO: Computing elliptic Chabauty map... (delta = ['1'], g = [4, 1, -13, 3, 1])
2022-02-12 17:48:25,139 INFO: Elliptic Chabauty map computed. (delta = ['1'], g = [4, 1, -13, 3, 1])
2022-02-12 17:48:25,143 INFO: Computing elliptic Chabauty map... (delta = ['-2', '22', '14', '-141/2', '17', '11/2'], g = [1, 1])
2022-02-12 17:48:35,448 INFO: Elliptic Chabauty map computed. (delta = ['-2', '22', '14', '-141/2', '17', '11/2'], g = [1, 1])
2022-02-12 17:48:35,452 INFO: Computing elliptic Chabauty map... (delta = ['-2', '22', '14', '-141/2', '17', '11/2'], g = [4, 1, -13, 3, 1])
2022-02-12 17:48:48,640 INFO: Elliptic Chabauty map computed. (delta = ['-2', '22', '14', '-141/2', '17', '11/2'], g = [4, 1, -13, 3, 1])
2022-02-12 17:48:48,645 INFO: Computing elliptic Chabauty map... (delta = ['4', '52', '-2', '-167', '40', '13'], g = [1, 1])
2022-02-12 17:48:58,981 INFO: Elliptic Chabauty map computed. (delta = ['4', '52', '-2', '-167', '40', '13'], g = [1, 1])
2022-02-12 17:48:58,986 INFO: Computing elliptic Chabauty map... (delta = ['4', '52', '-2', '-167', '40', '13'], g = [4, 1, -13, 3, 1])
2022-02-12 17:49:12,091 INFO: Elliptic Chabauty map computed. (delta = ['4', '52', '-2', '-167', '40', '13'], g = [4, 1, -13, 3, 1])
2022-02-12 17:49:12,097 INFO: Computing elliptic Chabauty map... (delta = ['1/2', '7/2', '3/2', '-13/2', '3/2', '1/2'], g = [1, 1])
2022-02-12 17:49:22,365 INFO: Elliptic Chabauty map computed. (delta = ['1/2', '7/2', '3/2', '-13/2', '3/2', '1/2'], g = [1, 1])
2022-02-12 17:49:22,370 INFO: Computing elliptic Chabauty map... (delta = ['1/2', '7/2', '3/2', '-13/2', '3/2', '1/2'], g = [4, 1, -13, 3, 1])
2022-02-12 17:49:35,512 INFO: Elliptic Chabauty map computed. (delta = ['1/2', '7/2', '3/2', '-13/2', '3/2', '1/2'], g = [4, 1, -13, 3, 1])
2022-02-12 17:49:35,518 INFO: Tasks complete. Recording data and exiting.
