2022-01-11 15:10:17,842 INFO: Initialized curve data.
2022-01-11 15:10:17,844 INFO: Setting up initial twist data...
2022-01-11 15:10:18,988 INFO: Twist setup complete.
2022-01-11 15:10:18,988 INFO: Searching for rational points on each twist...
2022-01-11 15:10:21,019 INFO: Finished searching for rational points on each twist.
2022-01-11 15:10:21,019 INFO: Testing local solvability of twists...
2022-01-11 15:10:32,351 INFO: Finished local solvability testing.
2022-01-11 15:10:32,352 INFO: Computing elliptic curve a-invariants...
2022-01-11 15:10:38,805 INFO: Finished computation of a-invariants.
2022-01-11 15:10:38,806 INFO: Skipped MW computation because no base point (delta = ['-1', '-1'])
2022-01-11 15:10:38,806 INFO: Computing MW group (delta = ['1'], g = [18, 13, -4, -2, 2, 1])...
2022-01-11 15:12:43,631 INFO: Finished MW computation (delta = ['1'], g = [18, 13, -4, -2, 2, 1])
2022-01-11 15:12:43,635 INFO: Computing MW group (delta = ['16', '12', '-4', '-2', '2', '1'], g = [18, 13, -4, -2, 2, 1])...
2022-01-11 15:15:05,623 INFO: Finished MW computation (delta = ['16', '12', '-4', '-2', '2', '1'], g = [18, 13, -4, -2, 2, 1])
2022-01-11 15:15:05,628 INFO: Computing MW group (delta = ['20', '16', '-3', '-2', '2', '1'], g = [18, 13, -4, -2, 2, 1])...
2022-01-11 15:16:15,673 INFO: Finished MW computation (delta = ['20', '16', '-3', '-2', '2', '1'], g = [18, 13, -4, -2, 2, 1])
2022-01-11 15:16:15,678 INFO: Reducing MW generators...
2022-01-11 15:16:20,085 INFO: Finished reducing MW generators.
2022-01-11 15:16:20,087 INFO: Tasks complete. Recording data and exiting.
2022-01-14 09:07:31,318 INFO: Loaded curve data from file.
2022-01-14 09:07:31,319 INFO: Skipped Chabauty because no base point (delta = ['-1', '-1'])
2022-01-14 09:07:31,320 INFO: Running elliptic Chabauty (delta = ['1'], g = [18, 13, -4, -2, 2, 1])...
2022-01-14 09:08:39,227 INFO: Chabauty completed successfully (delta = ['1'], g = [18, 13, -4, -2, 2, 1]).
2022-01-14 09:08:39,232 INFO: Running elliptic Chabauty (delta = ['16', '12', '-4', '-2', '2', '1'], g = [18, 13, -4, -2, 2, 1])...
2022-01-14 09:09:09,721 INFO: Chabauty completed successfully (delta = ['16', '12', '-4', '-2', '2', '1'], g = [18, 13, -4, -2, 2, 1]).
2022-01-14 09:09:09,724 INFO: Running elliptic Chabauty (delta = ['20', '16', '-3', '-2', '2', '1'], g = [18, 13, -4, -2, 2, 1])...
2022-01-14 09:09:23,193 INFO: Chabauty completed successfully (delta = ['20', '16', '-3', '-2', '2', '1'], g = [18, 13, -4, -2, 2, 1]).
2022-01-14 09:09:23,420 INFO: Rational points successfully computed.
2022-01-14 09:09:23,423 INFO: Tasks complete. Recording data and exiting.
2022-02-12 17:18:30,214 INFO: Loaded curve data from file.
2022-02-12 17:18:30,214 INFO: Computing elliptic Chabauty map... (delta = ['1'], g = [18, 13, -4, -2, 2, 1])
2022-02-12 17:18:44,088 INFO: Elliptic Chabauty map computed. (delta = ['1'], g = [18, 13, -4, -2, 2, 1])
2022-02-12 17:18:44,091 INFO: Computing elliptic Chabauty map... (delta = ['16', '12', '-4', '-2', '2', '1'], g = [18, 13, -4, -2, 2, 1])
2022-02-12 17:18:57,647 INFO: Elliptic Chabauty map computed. (delta = ['16', '12', '-4', '-2', '2', '1'], g = [18, 13, -4, -2, 2, 1])
2022-02-12 17:18:57,650 INFO: Computing elliptic Chabauty map... (delta = ['20', '16', '-3', '-2', '2', '1'], g = [18, 13, -4, -2, 2, 1])
2022-02-12 17:19:11,761 INFO: Elliptic Chabauty map computed. (delta = ['20', '16', '-3', '-2', '2', '1'], g = [18, 13, -4, -2, 2, 1])
2022-02-12 17:19:11,765 INFO: Tasks complete. Recording data and exiting.
