2022-01-12 12:26:02,693 INFO: Initialized curve data.
2022-01-12 12:26:02,696 INFO: Setting up initial twist data...
2022-01-12 12:26:03,807 INFO: Twist setup complete.
2022-01-12 12:26:03,807 INFO: Searching for rational points on each twist...
2022-01-12 12:26:05,819 INFO: Finished searching for rational points on each twist.
2022-01-12 12:26:05,820 INFO: Testing local solvability of twists...
2022-01-12 12:26:05,824 INFO: Finished local solvability testing.
2022-01-12 12:26:05,825 INFO: Computing elliptic curve a-invariants...
2022-01-12 12:26:17,424 INFO: Finished computation of a-invariants.
2022-01-12 12:26:17,425 INFO: Computing MW group (delta = ['-4', '18', '-13', '-15', '9', '1'], g = [-5, 19, -13, -15, 9, 1])...
2022-01-12 12:27:11,580 INFO: Finished MW computation (delta = ['-4', '18', '-13', '-15', '9', '1'], g = [-5, 19, -13, -15, 9, 1])
2022-01-12 12:27:11,582 INFO: Computing MW group (delta = ['1'], g = [-5, 19, -13, -15, 9, 1])...
2022-01-14 11:32:36,120 INFO: Loaded curve data from file.
2022-01-14 11:32:36,120 INFO: Reducing MW generators...
2022-01-14 11:32:36,296 INFO: Finished reducing MW generators.
2022-01-14 11:32:36,298 INFO: Skipped Chabauty because MW group hasn't been provably computed. (delta = ['-4', '18', '-13', '-15', '9', '1'], g = [-5, 19, -13, -15, 9, 1])
2022-01-14 11:32:36,298 INFO: Skipped Chabauty because MW generators haven't been computed. (delta = ['1'], g = [-5, 19, -13, -15, 9, 1])
2022-01-14 11:32:36,298 INFO: Skipped Chabauty because MW generators haven't been computed. (delta = ['1/2', '-1'], g = [-5, 19, -13, -15, 9, 1])
2022-01-14 11:32:36,298 INFO: Skipped Chabauty because MW generators haven't been computed. (delta = ['3', '-11', '15/2', '15/2', '-9/2', '-1/2'], g = [-5, 19, -13, -15, 9, 1])
2022-01-14 11:32:36,299 INFO: Tasks complete. Recording data and exiting.
2022-02-12 17:42:49,495 INFO: Loaded curve data from file.
2022-02-12 17:42:49,495 INFO: Computing elliptic Chabauty map... (delta = ['-4', '18', '-13', '-15', '9', '1'], g = [-5, 19, -13, -15, 9, 1])
2022-02-12 17:43:04,970 INFO: Elliptic Chabauty map computed. (delta = ['-4', '18', '-13', '-15', '9', '1'], g = [-5, 19, -13, -15, 9, 1])
2022-02-12 17:43:04,973 INFO: Computing elliptic Chabauty map... (delta = ['1'], g = [-5, 19, -13, -15, 9, 1])
2022-02-12 17:43:20,325 INFO: Elliptic Chabauty map computed. (delta = ['1'], g = [-5, 19, -13, -15, 9, 1])
2022-02-12 17:43:20,328 INFO: Computing elliptic Chabauty map... (delta = ['1/2', '-1'], g = [-5, 19, -13, -15, 9, 1])
2022-02-12 17:43:35,690 INFO: Elliptic Chabauty map computed. (delta = ['1/2', '-1'], g = [-5, 19, -13, -15, 9, 1])
2022-02-12 17:43:35,693 INFO: Computing elliptic Chabauty map... (delta = ['3', '-11', '15/2', '15/2', '-9/2', '-1/2'], g = [-5, 19, -13, -15, 9, 1])
2022-02-12 17:43:51,094 INFO: Elliptic Chabauty map computed. (delta = ['3', '-11', '15/2', '15/2', '-9/2', '-1/2'], g = [-5, 19, -13, -15, 9, 1])
2022-02-12 17:43:51,097 INFO: Tasks complete. Recording data and exiting.
