2022-01-13 21:54:50,337 INFO: Initialized curve data.
2022-01-13 21:54:50,341 INFO: Setting up initial twist data...
2022-01-13 21:54:51,183 INFO: Twist setup complete.
2022-01-13 21:54:51,184 INFO: Searching for rational points on each twist...
2022-01-13 21:54:52,516 INFO: Finished searching for rational points on each twist.
2022-01-13 21:54:52,516 INFO: Testing local solvability of twists...
2022-01-13 21:54:55,511 INFO: Finished local solvability testing.
2022-01-13 21:54:55,512 INFO: Computing elliptic curve a-invariants...
2022-01-13 21:55:04,498 INFO: Finished computation of a-invariants.
2022-01-13 21:55:04,501 INFO: Skipped MW computation because no base point (delta = ['16', '12', '-47', '-33', '64', '-16'])
2022-01-13 21:55:04,501 INFO: Computing MW group (delta = ['-4', '-4', '12', '8', '-16', '4'], g = [-4, -3, 12, 8, -16, 4])...
2022-01-13 21:56:20,040 INFO: Finished MW computation (delta = ['-4', '-4', '12', '8', '-16', '4'], g = [-4, -3, 12, 8, -16, 4])
2022-01-13 21:56:20,043 INFO: Computing MW group (delta = ['1'], g = [-4, -3, 12, 8, -16, 4])...
2022-01-13 22:02:06,250 INFO: Finished MW computation (delta = ['1'], g = [-4, -3, 12, 8, -16, 4])
2022-01-13 22:02:06,253 INFO: Unable to use elliptic Chabauty on twist (delta = ['1'])
2022-01-13 22:02:06,255 INFO: Obstruction found to provably computing rational points. Exiting.
2022-01-14 11:35:27,722 INFO: Loaded curve data from file.
2022-01-14 11:35:27,723 INFO: Obstruction already found. Exiting.
2022-02-12 17:05:42,326 INFO: Loaded curve data from file.
2022-02-12 17:05:42,326 INFO: Computing elliptic Chabauty map... (delta = ['-4', '-4', '12', '8', '-16', '4'], g = [-4, -3, 12, 8, -16, 4])
2022-02-12 17:05:59,340 INFO: Elliptic Chabauty map computed. (delta = ['-4', '-4', '12', '8', '-16', '4'], g = [-4, -3, 12, 8, -16, 4])
2022-02-12 17:05:59,508 INFO: Computing elliptic Chabauty map... (delta = ['1'], g = [-4, -3, 12, 8, -16, 4])
2022-02-12 17:06:16,227 INFO: Elliptic Chabauty map computed. (delta = ['1'], g = [-4, -3, 12, 8, -16, 4])
2022-02-12 17:06:16,229 INFO: Computing elliptic Chabauty map... (delta = ['-4', '-4', '13', '8', '-16', '4'], g = [-4, -3, 12, 8, -16, 4])
2022-02-12 17:06:32,639 INFO: Elliptic Chabauty map computed. (delta = ['-4', '-4', '13', '8', '-16', '4'], g = [-4, -3, 12, 8, -16, 4])
2022-02-12 17:06:32,642 INFO: Tasks complete. Recording data and exiting.
