2022-01-01 12:51:09,616 INFO: Initialized curve data.
2022-01-01 12:51:09,619 INFO: Setting up initial twist data...
2022-01-01 12:51:10,624 INFO: Twist setup complete.
2022-01-01 12:51:10,624 INFO: Searching for rational points on each twist...
2022-01-01 12:51:11,436 INFO: Finished searching for rational points on each twist.
2022-01-01 12:51:11,436 INFO: Testing local solvability of twists...
2022-01-01 12:51:11,442 INFO: Finished local solvability testing.
2022-01-01 12:51:11,443 INFO: Computing elliptic curve a-invariants...
2022-01-01 12:51:32,115 INFO: Finished computation of a-invariants.
2022-01-01 12:51:32,117 INFO: Computing MW group (delta = ['4', '-4', '-9', '-3', '-2', '-1'], g = [-4, 5, 10, 3, 2, 1])...
2022-01-01 12:52:08,409 INFO: Finished MW computation (delta = ['4', '-4', '-9', '-3', '-2', '-1'], g = [-4, 5, 10, 3, 2, 1])
2022-01-01 12:52:08,414 INFO: Computing MW group (delta = ['-4', '4', '10', '3', '2', '1'], g = [-4, 5, 10, 3, 2, 1])...
2022-01-01 12:52:46,882 INFO: Finished MW computation (delta = ['-4', '4', '10', '3', '2', '1'], g = [-4, 5, 10, 3, 2, 1])
2022-01-01 12:52:46,886 INFO: Computing MW group (delta = ['-16', '20', '39', '11', '8', '4'], g = [-4, 5, 10, 3, 2, 1])...
2022-01-01 12:53:40,651 INFO: Finished MW computation (delta = ['-16', '20', '39', '11', '8', '4'], g = [-4, 5, 10, 3, 2, 1])
2022-01-01 12:53:40,656 INFO: Computing MW group (delta = ['1'], g = [-4, 5, 10, 3, 2, 1])...
2022-01-01 12:54:20,958 INFO: Finished MW computation (delta = ['1'], g = [-4, 5, 10, 3, 2, 1])
2022-01-01 12:54:20,966 INFO: Reducing MW generators...
2022-01-01 12:54:24,259 INFO: Finished reducing MW generators.
2022-01-01 12:54:24,263 INFO: Running elliptic Chabauty (delta = ['4', '-4', '-9', '-3', '-2', '-1'], g = [-4, 5, 10, 3, 2, 1])...
2022-01-01 12:54:42,838 INFO: Chabauty completed successfully (delta = ['4', '-4', '-9', '-3', '-2', '-1'], g = [-4, 5, 10, 3, 2, 1]).
2022-01-01 12:54:42,841 INFO: Running elliptic Chabauty (delta = ['-4', '4', '10', '3', '2', '1'], g = [-4, 5, 10, 3, 2, 1])...
2022-01-01 12:54:59,611 INFO: Chabauty completed successfully (delta = ['-4', '4', '10', '3', '2', '1'], g = [-4, 5, 10, 3, 2, 1]).
2022-01-01 12:54:59,614 INFO: Running elliptic Chabauty (delta = ['-16', '20', '39', '11', '8', '4'], g = [-4, 5, 10, 3, 2, 1])...
2022-01-01 12:55:16,196 INFO: Chabauty completed successfully (delta = ['-16', '20', '39', '11', '8', '4'], g = [-4, 5, 10, 3, 2, 1]).
2022-01-01 12:55:16,199 INFO: Running elliptic Chabauty (delta = ['1'], g = [-4, 5, 10, 3, 2, 1])...
2022-01-01 12:55:33,018 INFO: Chabauty completed successfully (delta = ['1'], g = [-4, 5, 10, 3, 2, 1]).
2022-01-01 12:55:33,292 INFO: Rational points successfully computed.
2022-01-01 12:55:33,294 INFO: Tasks complete. Recording data and exiting.
2022-01-03 13:14:57,000 INFO: Obsolete "loc_solv_error" keys removed.
2022-01-03 13:14:57,000 INFO: Deleted results of Chabauty computation.
2022-01-10 22:42:05,603 INFO: Loaded curve data from file.
2022-01-10 22:42:05,604 INFO: Running elliptic Chabauty (delta = ['4', '-4', '-9', '-3', '-2', '-1'], g = [-4, 5, 10, 3, 2, 1])...
2022-01-10 22:42:22,017 INFO: Chabauty completed successfully (delta = ['4', '-4', '-9', '-3', '-2', '-1'], g = [-4, 5, 10, 3, 2, 1]).
2022-01-10 22:42:22,019 INFO: Running elliptic Chabauty (delta = ['-4', '4', '10', '3', '2', '1'], g = [-4, 5, 10, 3, 2, 1])...
2022-01-10 22:42:37,286 INFO: Chabauty completed successfully (delta = ['-4', '4', '10', '3', '2', '1'], g = [-4, 5, 10, 3, 2, 1]).
2022-01-10 22:42:37,287 INFO: Running elliptic Chabauty (delta = ['-16', '20', '39', '11', '8', '4'], g = [-4, 5, 10, 3, 2, 1])...
2022-01-10 22:42:52,166 INFO: Chabauty completed successfully (delta = ['-16', '20', '39', '11', '8', '4'], g = [-4, 5, 10, 3, 2, 1]).
2022-01-10 22:42:52,168 INFO: Running elliptic Chabauty (delta = ['1'], g = [-4, 5, 10, 3, 2, 1])...
2022-01-10 22:43:07,913 INFO: Chabauty completed successfully (delta = ['1'], g = [-4, 5, 10, 3, 2, 1]).
2022-01-10 22:43:08,115 INFO: Rational points successfully computed.
2022-01-10 22:43:08,117 INFO: Tasks complete. Recording data and exiting.
2022-02-12 17:29:50,528 INFO: Loaded curve data from file.
2022-02-12 17:29:50,528 INFO: Computing elliptic Chabauty map... (delta = ['4', '-4', '-9', '-3', '-2', '-1'], g = [-4, 5, 10, 3, 2, 1])
2022-02-12 17:30:09,138 INFO: Elliptic Chabauty map computed. (delta = ['4', '-4', '-9', '-3', '-2', '-1'], g = [-4, 5, 10, 3, 2, 1])
2022-02-12 17:30:09,141 INFO: Computing elliptic Chabauty map... (delta = ['-4', '4', '10', '3', '2', '1'], g = [-4, 5, 10, 3, 2, 1])
2022-02-12 17:30:26,988 INFO: Elliptic Chabauty map computed. (delta = ['-4', '4', '10', '3', '2', '1'], g = [-4, 5, 10, 3, 2, 1])
2022-02-12 17:30:26,991 INFO: Computing elliptic Chabauty map... (delta = ['-16', '20', '39', '11', '8', '4'], g = [-4, 5, 10, 3, 2, 1])
2022-02-12 17:30:45,445 INFO: Elliptic Chabauty map computed. (delta = ['-16', '20', '39', '11', '8', '4'], g = [-4, 5, 10, 3, 2, 1])
2022-02-12 17:30:45,449 INFO: Computing elliptic Chabauty map... (delta = ['1'], g = [-4, 5, 10, 3, 2, 1])
2022-02-12 17:31:03,941 INFO: Elliptic Chabauty map computed. (delta = ['1'], g = [-4, 5, 10, 3, 2, 1])
2022-02-12 17:31:03,945 INFO: Tasks complete. Recording data and exiting.
