2022-01-11 12:29:14,380 INFO: Initialized curve data.
2022-01-11 12:29:14,406 INFO: Setting up initial twist data...
2022-01-11 12:29:15,438 INFO: Twist setup complete.
2022-01-11 12:29:15,438 INFO: Searching for rational points on each twist...
2022-01-11 12:29:16,752 INFO: Finished searching for rational points on each twist.
2022-01-11 12:29:16,752 INFO: Testing local solvability of twists...
2022-01-11 12:29:16,757 INFO: Finished local solvability testing.
2022-01-11 12:29:16,758 INFO: Computing elliptic curve a-invariants...
2022-01-11 12:29:22,972 INFO: Finished computation of a-invariants.
2022-01-11 12:29:22,974 INFO: Computing MW group (delta = ['-1', '-1'], g = [-4, -3, 2, 7, -2, 1])...
2022-01-11 12:30:14,469 INFO: Finished MW computation (delta = ['-1', '-1'], g = [-4, -3, 2, 7, -2, 1])
2022-01-11 12:30:14,473 INFO: Computing MW group (delta = ['-4', '-4', '2', '7', '-2', '1'], g = [-4, -3, 2, 7, -2, 1])...
2022-01-11 12:31:33,523 INFO: Finished MW computation (delta = ['-4', '-4', '2', '7', '-2', '1'], g = [-4, -3, 2, 7, -2, 1])
2022-01-11 12:31:33,526 INFO: Computing MW group (delta = ['4', '4', '-1', '-7', '2', '-1'], g = [-4, -3, 2, 7, -2, 1])...
2022-01-11 12:33:02,870 INFO: Finished MW computation (delta = ['4', '4', '-1', '-7', '2', '-1'], g = [-4, -3, 2, 7, -2, 1])
2022-01-11 12:33:02,873 INFO: Computing MW group (delta = ['1'], g = [-4, -3, 2, 7, -2, 1])...
2022-01-11 12:36:08,621 INFO: Finished MW computation (delta = ['1'], g = [-4, -3, 2, 7, -2, 1])
2022-01-11 12:36:08,624 INFO: Unable to use elliptic Chabauty on twist (delta = ['1'])
2022-01-11 12:36:08,627 INFO: Obstruction found to provably computing rational points. Exiting.
2022-01-13 17:36:33,130 INFO: Loaded curve data from file.
2022-01-13 17:36:33,131 INFO: Obstruction already found. Exiting.
2022-02-12 17:13:06,952 INFO: Loaded curve data from file.
2022-02-12 17:13:06,953 INFO: Computing elliptic Chabauty map... (delta = ['-1', '-1'], g = [-4, -3, 2, 7, -2, 1])
2022-02-12 17:13:19,774 INFO: Elliptic Chabauty map computed. (delta = ['-1', '-1'], g = [-4, -3, 2, 7, -2, 1])
2022-02-12 17:13:19,777 INFO: Computing elliptic Chabauty map... (delta = ['-4', '-4', '2', '7', '-2', '1'], g = [-4, -3, 2, 7, -2, 1])
2022-02-12 17:13:32,454 INFO: Elliptic Chabauty map computed. (delta = ['-4', '-4', '2', '7', '-2', '1'], g = [-4, -3, 2, 7, -2, 1])
2022-02-12 17:13:32,457 INFO: Computing elliptic Chabauty map... (delta = ['4', '4', '-1', '-7', '2', '-1'], g = [-4, -3, 2, 7, -2, 1])
2022-02-12 17:13:45,091 INFO: Elliptic Chabauty map computed. (delta = ['4', '4', '-1', '-7', '2', '-1'], g = [-4, -3, 2, 7, -2, 1])
2022-02-12 17:13:45,095 INFO: Computing elliptic Chabauty map... (delta = ['1'], g = [-4, -3, 2, 7, -2, 1])
2022-02-12 17:13:57,709 INFO: Elliptic Chabauty map computed. (delta = ['1'], g = [-4, -3, 2, 7, -2, 1])
2022-02-12 17:13:57,713 INFO: Tasks complete. Recording data and exiting.
