2022-01-12 12:22:05,694 INFO: Initialized curve data.
2022-01-12 12:22:05,698 INFO: Setting up initial twist data...
2022-01-12 12:22:06,846 INFO: Twist setup complete.
2022-01-12 12:22:06,846 INFO: Searching for rational points on each twist...
2022-01-12 12:22:09,476 INFO: Finished searching for rational points on each twist.
2022-01-12 12:22:09,476 INFO: Testing local solvability of twists...
2022-01-12 12:22:13,016 INFO: Finished local solvability testing.
2022-01-12 12:22:13,018 INFO: Computing elliptic curve a-invariants...
2022-01-12 12:22:38,760 INFO: Finished computation of a-invariants.
2022-01-12 12:22:38,763 INFO: Skipped MW computation because no base point (delta = ['1', '-1', '2', '-1', '-1', '-1'])
2022-01-12 12:22:38,763 INFO: Computing MW group (delta = ['1'], g = [-1, 0, 0, 0, 1, 1])...
2022-01-12 12:23:57,793 INFO: Finished MW computation (delta = ['1'], g = [-1, 0, 0, 0, 1, 1])
2022-01-12 12:23:57,797 INFO: Computing MW group (delta = ['0', '-1', '0', '0', '1', '1'], g = [-1, 0, 0, 0, 1, 1])...
2022-01-12 12:26:29,395 INFO: Finished MW computation (delta = ['0', '-1', '0', '0', '1', '1'], g = [-1, 0, 0, 0, 1, 1])
2022-01-12 12:26:29,397 INFO: Computing MW group (delta = ['1', '-1', '1', '0', '-1', '-1'], g = [-1, 0, 0, 0, 1, 1])...
2022-01-12 12:28:02,450 INFO: Finished MW computation (delta = ['1', '-1', '1', '0', '-1', '-1'], g = [-1, 0, 0, 0, 1, 1])
2022-01-12 12:28:02,454 INFO: Reducing MW generators...
2022-01-12 12:28:06,948 INFO: Finished reducing MW generators.
2022-01-12 12:28:06,950 INFO: Tasks complete. Recording data and exiting.
2022-01-14 11:32:26,761 INFO: Loaded curve data from file.
2022-01-14 11:32:26,762 INFO: Skipped Chabauty because no base point (delta = ['1', '-1', '2', '-1', '-1', '-1'])
2022-01-14 11:32:26,762 INFO: Running elliptic Chabauty (delta = ['1'], g = [-1, 0, 0, 0, 1, 1])...
2022-01-14 11:32:37,145 INFO: Chabauty completed successfully (delta = ['1'], g = [-1, 0, 0, 0, 1, 1]).
2022-01-14 11:32:37,157 INFO: Running elliptic Chabauty (delta = ['0', '-1', '0', '0', '1', '1'], g = [-1, 0, 0, 0, 1, 1])...
2022-01-14 11:32:57,774 INFO: Chabauty completed successfully (delta = ['0', '-1', '0', '0', '1', '1'], g = [-1, 0, 0, 0, 1, 1]).
2022-01-14 11:32:57,776 INFO: Running elliptic Chabauty (delta = ['1', '-1', '1', '0', '-1', '-1'], g = [-1, 0, 0, 0, 1, 1])...
2022-01-14 11:33:08,028 INFO: Chabauty completed successfully (delta = ['1', '-1', '1', '0', '-1', '-1'], g = [-1, 0, 0, 0, 1, 1]).
2022-01-14 11:33:08,214 INFO: Rational points successfully computed.
2022-01-14 11:33:08,216 INFO: Tasks complete. Recording data and exiting.
2022-02-12 17:14:46,249 INFO: Loaded curve data from file.
2022-02-12 17:14:46,250 INFO: Computing elliptic Chabauty map... (delta = ['1'], g = [-1, 0, 0, 0, 1, 1])
2022-02-12 17:14:56,535 INFO: Elliptic Chabauty map computed. (delta = ['1'], g = [-1, 0, 0, 0, 1, 1])
2022-02-12 17:14:56,537 INFO: Computing elliptic Chabauty map... (delta = ['0', '-1', '0', '0', '1', '1'], g = [-1, 0, 0, 0, 1, 1])
2022-02-12 17:15:07,072 INFO: Elliptic Chabauty map computed. (delta = ['0', '-1', '0', '0', '1', '1'], g = [-1, 0, 0, 0, 1, 1])
2022-02-12 17:15:07,074 INFO: Computing elliptic Chabauty map... (delta = ['1', '-1', '1', '0', '-1', '-1'], g = [-1, 0, 0, 0, 1, 1])
2022-02-12 17:15:16,980 INFO: Elliptic Chabauty map computed. (delta = ['1', '-1', '1', '0', '-1', '-1'], g = [-1, 0, 0, 0, 1, 1])
2022-02-12 17:15:16,982 INFO: Tasks complete. Recording data and exiting.
