2022-01-13 21:55:02,869 INFO: Initialized curve data.
2022-01-13 21:55:02,873 INFO: Setting up initial twist data...
2022-01-13 21:55:03,924 INFO: Twist setup complete.
2022-01-13 21:55:03,925 INFO: Searching for rational points on each twist...
2022-01-13 21:55:05,521 INFO: Finished searching for rational points on each twist.
2022-01-13 21:55:05,522 INFO: Testing local solvability of twists...
2022-01-13 21:55:15,658 INFO: Finished local solvability testing.
2022-01-13 21:55:15,659 INFO: Computing elliptic curve a-invariants...
2022-01-13 21:55:26,191 INFO: Finished computation of a-invariants.
2022-01-13 21:55:26,193 INFO: Computing MW group (delta = ['-4', '1', '-149', '-85', '-16', '-1'], g = [4, 0, 144, 84, 16, 1])...
2022-01-13 21:57:25,393 INFO: Finished MW computation (delta = ['-4', '1', '-149', '-85', '-16', '-1'], g = [4, 0, 144, 84, 16, 1])
2022-01-13 21:57:25,396 INFO: Computing MW group (delta = ['4', '-1', '144', '84', '16', '1'], g = [4, 0, 144, 84, 16, 1])...
2022-01-14 11:36:12,210 INFO: Loaded curve data from file.
2022-01-14 11:36:12,210 INFO: Reducing MW generators...
2022-01-14 11:36:12,241 INFO: Finished reducing MW generators.
2022-01-14 11:36:12,243 INFO: Skipped Chabauty because MW group hasn't been provably computed. (delta = ['-4', '1', '-149', '-85', '-16', '-1'], g = [4, 0, 144, 84, 16, 1])
2022-01-14 11:36:12,243 INFO: Skipped Chabauty because MW generators haven't been computed. (delta = ['4', '-1', '144', '84', '16', '1'], g = [4, 0, 144, 84, 16, 1])
2022-01-14 11:36:12,243 INFO: Skipped Chabauty because MW generators haven't been computed. (delta = ['1'], g = [4, 0, 144, 84, 16, 1])
2022-01-14 11:36:12,243 INFO: Skipped Chabauty because no base point (delta = ['-1', '5', '1'])
2022-01-14 11:36:12,289 INFO: Tasks complete. Recording data and exiting.
2022-02-12 16:56:12,771 INFO: Loaded curve data from file.
2022-02-12 16:56:12,772 INFO: Computing elliptic Chabauty map... (delta = ['-4', '1', '-149', '-85', '-16', '-1'], g = [4, 0, 144, 84, 16, 1])
2022-02-12 16:56:28,028 INFO: Elliptic Chabauty map computed. (delta = ['-4', '1', '-149', '-85', '-16', '-1'], g = [4, 0, 144, 84, 16, 1])
2022-02-12 16:56:28,031 INFO: Computing elliptic Chabauty map... (delta = ['4', '-1', '144', '84', '16', '1'], g = [4, 0, 144, 84, 16, 1])
2022-02-12 16:56:42,620 INFO: Elliptic Chabauty map computed. (delta = ['4', '-1', '144', '84', '16', '1'], g = [4, 0, 144, 84, 16, 1])
2022-02-12 16:56:42,623 INFO: Computing elliptic Chabauty map... (delta = ['1'], g = [4, 0, 144, 84, 16, 1])
2022-02-12 16:56:57,336 INFO: Elliptic Chabauty map computed. (delta = ['1'], g = [4, 0, 144, 84, 16, 1])
2022-02-12 16:56:57,338 INFO: Tasks complete. Recording data and exiting.
