2022-01-13 21:55:02,110 INFO: Initialized curve data.
2022-01-13 21:55:02,113 INFO: Setting up initial twist data...
2022-01-13 21:55:02,884 INFO: Twist setup complete.
2022-01-13 21:55:02,884 INFO: Searching for rational points on each twist...
2022-01-13 21:55:04,125 INFO: Finished searching for rational points on each twist.
2022-01-13 21:55:04,125 INFO: Testing local solvability of twists...
2022-01-13 21:55:20,020 INFO: Finished local solvability testing.
2022-01-13 21:55:20,022 INFO: Computing elliptic curve a-invariants...
2022-01-13 21:55:36,705 INFO: Finished computation of a-invariants.
2022-01-13 21:55:36,707 INFO: Computing MW group (delta = ['-4', '20', '2', '-13', '-2', '1'], g = [-4, 21, 2, -13, -2, 1])...
2022-01-13 21:57:10,435 INFO: Finished MW computation (delta = ['-4', '20', '2', '-13', '-2', '1'], g = [-4, 21, 2, -13, -2, 1])
2022-01-13 21:57:10,438 INFO: Computing MW group (delta = ['1'], g = [-4, 21, 2, -13, -2, 1])...
2022-01-13 21:57:42,787 INFO: Finished MW computation (delta = ['1'], g = [-4, 21, 2, -13, -2, 1])
2022-01-13 21:57:42,790 INFO: Computing MW group (delta = ['-1', '1', '1'], g = [-4, 21, 2, -13, -2, 1])...
2022-01-13 22:05:19,176 INFO: Finished MW computation (delta = ['-1', '1', '1'], g = [-4, 21, 2, -13, -2, 1])
2022-01-13 22:05:19,179 INFO: Skipped MW computation because no base point (delta = ['4', '-20', '-3', '12', '2', '-1'])
2022-01-13 22:05:19,182 INFO: Reducing MW generators...
2022-01-13 22:05:21,600 INFO: Finished reducing MW generators.
2022-01-13 22:05:21,602 INFO: Tasks complete. Recording data and exiting.
2022-01-14 11:36:12,135 INFO: Loaded curve data from file.
2022-01-14 11:36:12,136 INFO: Running elliptic Chabauty (delta = ['-4', '20', '2', '-13', '-2', '1'], g = [-4, 21, 2, -13, -2, 1])...
2022-01-14 11:36:36,040 INFO: Chabauty completed successfully (delta = ['-4', '20', '2', '-13', '-2', '1'], g = [-4, 21, 2, -13, -2, 1]).
2022-01-14 11:36:36,057 INFO: Skipped Chabauty because MW group hasn't been provably computed. (delta = ['1'], g = [-4, 21, 2, -13, -2, 1])
2022-01-14 11:36:36,057 INFO: Running elliptic Chabauty (delta = ['-1', '1', '1'], g = [-4, 21, 2, -13, -2, 1])...
2022-01-14 11:37:05,998 INFO: Chabauty completed successfully (delta = ['-1', '1', '1'], g = [-4, 21, 2, -13, -2, 1]).
2022-01-14 11:37:05,999 INFO: Skipped Chabauty because no base point (delta = ['4', '-20', '-3', '12', '2', '-1'])
2022-01-14 11:37:06,103 INFO: Tasks complete. Recording data and exiting.
2022-02-12 16:50:28,876 INFO: Loaded curve data from file.
2022-02-12 16:50:28,877 INFO: Computing elliptic Chabauty map... (delta = ['-4', '20', '2', '-13', '-2', '1'], g = [-4, 21, 2, -13, -2, 1])
2022-02-12 16:50:49,567 INFO: Elliptic Chabauty map computed. (delta = ['-4', '20', '2', '-13', '-2', '1'], g = [-4, 21, 2, -13, -2, 1])
2022-02-12 16:50:49,570 INFO: Computing elliptic Chabauty map... (delta = ['1'], g = [-4, 21, 2, -13, -2, 1])
2022-02-12 16:51:09,467 INFO: Elliptic Chabauty map computed. (delta = ['1'], g = [-4, 21, 2, -13, -2, 1])
2022-02-12 16:51:09,470 INFO: Computing elliptic Chabauty map... (delta = ['-1', '1', '1'], g = [-4, 21, 2, -13, -2, 1])
2022-02-12 16:51:30,081 INFO: Elliptic Chabauty map computed. (delta = ['-1', '1', '1'], g = [-4, 21, 2, -13, -2, 1])
2022-02-12 16:51:30,084 INFO: Tasks complete. Recording data and exiting.
