2022-01-11 12:35:45,930 INFO: Initialized curve data.
2022-01-11 12:35:45,933 INFO: Setting up initial twist data...
2022-01-11 12:35:46,886 INFO: Twist setup complete.
2022-01-11 12:35:46,886 INFO: Searching for rational points on each twist...
2022-01-11 12:35:48,276 INFO: Finished searching for rational points on each twist.
2022-01-11 12:35:48,276 INFO: Testing local solvability of twists...
2022-01-11 12:35:48,282 INFO: Finished local solvability testing.
2022-01-11 12:35:48,283 INFO: Computing elliptic curve a-invariants...
2022-01-11 12:36:02,733 INFO: Finished computation of a-invariants.
2022-01-11 12:36:02,735 INFO: Computing MW group (delta = ['-16', '-4', '47', '23', '0', '-4'], g = [4, 1, -12, -6, 0, 1])...
2022-01-11 12:36:42,271 INFO: Finished MW computation (delta = ['-16', '-4', '47', '23', '0', '-4'], g = [4, 1, -12, -6, 0, 1])
2022-01-11 12:36:42,274 INFO: Computing MW group (delta = ['-4', '0', '13', '6', '0', '-1'], g = [4, 1, -12, -6, 0, 1])...
2022-01-11 12:37:13,218 INFO: Finished MW computation (delta = ['-4', '0', '13', '6', '0', '-1'], g = [4, 1, -12, -6, 0, 1])
2022-01-11 12:37:13,221 INFO: Computing MW group (delta = ['1'], g = [4, 1, -12, -6, 0, 1])...
2022-01-11 12:38:58,649 INFO: Finished MW computation (delta = ['1'], g = [4, 1, -12, -6, 0, 1])
2022-01-11 12:38:58,653 INFO: Computing MW group (delta = ['4', '0', '-12', '-6', '0', '1'], g = [4, 1, -12, -6, 0, 1])...
2022-01-11 12:39:33,179 INFO: Finished MW computation (delta = ['4', '0', '-12', '-6', '0', '1'], g = [4, 1, -12, -6, 0, 1])
2022-01-11 12:39:33,185 INFO: Reducing MW generators...
2022-01-11 12:39:36,918 INFO: Finished reducing MW generators.
2022-01-11 12:39:36,921 INFO: Tasks complete. Recording data and exiting.
2022-01-13 17:36:59,541 INFO: Loaded curve data from file.
2022-01-13 17:36:59,541 INFO: Running elliptic Chabauty (delta = ['-16', '-4', '47', '23', '0', '-4'], g = [4, 1, -12, -6, 0, 1])...
2022-01-13 17:37:15,449 INFO: Chabauty completed successfully (delta = ['-16', '-4', '47', '23', '0', '-4'], g = [4, 1, -12, -6, 0, 1]).
2022-01-13 17:37:15,451 INFO: Running elliptic Chabauty (delta = ['-4', '0', '13', '6', '0', '-1'], g = [4, 1, -12, -6, 0, 1])...
2022-01-13 17:37:28,201 INFO: Chabauty completed successfully (delta = ['-4', '0', '13', '6', '0', '-1'], g = [4, 1, -12, -6, 0, 1]).
2022-01-13 17:37:28,202 INFO: Running elliptic Chabauty (delta = ['1'], g = [4, 1, -12, -6, 0, 1])...
2022-01-13 17:49:46,057 INFO: Chabauty completed successfully (delta = ['1'], g = [4, 1, -12, -6, 0, 1]).
2022-01-13 17:49:46,060 INFO: Running elliptic Chabauty (delta = ['4', '0', '-12', '-6', '0', '1'], g = [4, 1, -12, -6, 0, 1])...
2022-01-13 17:49:58,492 INFO: Chabauty completed successfully (delta = ['4', '0', '-12', '-6', '0', '1'], g = [4, 1, -12, -6, 0, 1]).
2022-01-13 17:49:58,716 INFO: Rational points successfully computed.
2022-01-13 17:49:58,718 INFO: Tasks complete. Recording data and exiting.
2022-02-12 16:38:47,222 INFO: Loaded curve data from file.
2022-02-12 16:38:47,223 INFO: Computing elliptic Chabauty map... (delta = ['-16', '-4', '47', '23', '0', '-4'], g = [4, 1, -12, -6, 0, 1])
2022-02-12 16:38:57,769 INFO: Elliptic Chabauty map computed. (delta = ['-16', '-4', '47', '23', '0', '-4'], g = [4, 1, -12, -6, 0, 1])
2022-02-12 16:38:57,773 INFO: Computing elliptic Chabauty map... (delta = ['-4', '0', '13', '6', '0', '-1'], g = [4, 1, -12, -6, 0, 1])
2022-02-12 16:39:08,043 INFO: Elliptic Chabauty map computed. (delta = ['-4', '0', '13', '6', '0', '-1'], g = [4, 1, -12, -6, 0, 1])
2022-02-12 16:39:08,046 INFO: Computing elliptic Chabauty map... (delta = ['1'], g = [4, 1, -12, -6, 0, 1])
2022-02-12 16:39:18,300 INFO: Elliptic Chabauty map computed. (delta = ['1'], g = [4, 1, -12, -6, 0, 1])
2022-02-12 16:39:18,304 INFO: Computing elliptic Chabauty map... (delta = ['4', '0', '-12', '-6', '0', '1'], g = [4, 1, -12, -6, 0, 1])
2022-02-12 16:39:28,715 INFO: Elliptic Chabauty map computed. (delta = ['4', '0', '-12', '-6', '0', '1'], g = [4, 1, -12, -6, 0, 1])
2022-02-12 16:39:28,718 INFO: Tasks complete. Recording data and exiting.
