2022-01-11 15:10:14,239 INFO: Initialized curve data.
2022-01-11 15:10:14,242 INFO: Setting up initial twist data...
2022-01-11 15:10:15,428 INFO: Twist setup complete.
2022-01-11 15:10:15,428 INFO: Searching for rational points on each twist...
2022-01-11 15:10:21,125 INFO: Finished searching for rational points on each twist.
2022-01-11 15:10:21,126 INFO: Testing local solvability of twists...
2022-01-11 15:10:35,936 INFO: Finished local solvability testing.
2022-01-11 15:10:35,938 INFO: Computing elliptic curve a-invariants...
2022-01-11 15:10:42,305 INFO: Finished computation of a-invariants.
2022-01-11 15:10:42,307 INFO: Computing MW group (delta = ['-1', '0', '1', '3', '2', '1'], g = [1, 1])...
2022-01-11 15:10:42,731 INFO: Finished MW computation (delta = ['-1', '0', '1', '3', '2', '1'], g = [1, 1])
2022-01-11 15:10:42,733 INFO: Computing MW group (delta = ['-1', '0', '1', '3', '2', '1'], g = [1, 1, 3, 2, 1])...
2022-01-11 15:10:55,131 INFO: Finished MW computation (delta = ['-1', '0', '1', '3', '2', '1'], g = [1, 1, 3, 2, 1])
2022-01-11 15:10:55,134 INFO: Computing MW group (delta = ['1', '-3', '-1', '-6', '-4', '-3'], g = [1, 1])...
2022-01-11 15:10:55,513 INFO: Finished MW computation (delta = ['1', '-3', '-1', '-6', '-4', '-3'], g = [1, 1])
2022-01-11 15:10:55,515 INFO: Computing MW group (delta = ['1', '-3', '-1', '-6', '-4', '-3'], g = [1, 1, 3, 2, 1])...
2022-01-11 15:11:02,983 INFO: Finished MW computation (delta = ['1', '-3', '-1', '-6', '-4', '-3'], g = [1, 1, 3, 2, 1])
2022-01-11 15:11:02,986 INFO: Skipped MW computation because no base point (delta = ['-1', '1', '-2', '0', '1', '1'])
2022-01-11 15:11:02,986 INFO: Skipped MW computation because no base point (delta = ['1', '-1'])
2022-01-11 15:11:02,986 INFO: Computing MW group (delta = ['1'], g = [1, 1])...
2022-01-11 15:11:03,247 INFO: Finished MW computation (delta = ['1'], g = [1, 1])
2022-01-11 15:11:03,250 INFO: Computing MW group (delta = ['1'], g = [1, 1, 3, 2, 1])...
2022-01-11 15:11:09,906 INFO: Finished MW computation (delta = ['1'], g = [1, 1, 3, 2, 1])
2022-01-11 15:11:09,909 INFO: Computing MW group (delta = ['1', '-1', '0', '-2', '-1', '-1'], g = [1, 1])...
2022-01-11 15:11:10,145 INFO: Finished MW computation (delta = ['1', '-1', '0', '-2', '-1', '-1'], g = [1, 1])
2022-01-11 15:11:10,148 INFO: Computing MW group (delta = ['1', '-1', '0', '-2', '-1', '-1'], g = [1, 1, 3, 2, 1])...
2022-01-11 15:11:22,691 INFO: Finished MW computation (delta = ['1', '-1', '0', '-2', '-1', '-1'], g = [1, 1, 3, 2, 1])
2022-01-11 15:11:22,694 INFO: Skipped MW computation because no base point (delta = ['-1', '2', '3', '6', '4', '2'])
2022-01-11 15:11:22,694 INFO: Computing MW group (delta = ['-1', '0', '-2', '-2', '-1'], g = [1, 1])...
2022-01-11 15:11:23,029 INFO: Finished MW computation (delta = ['-1', '0', '-2', '-2', '-1'], g = [1, 1])
2022-01-11 15:11:23,031 INFO: Computing MW group (delta = ['-1', '0', '-2', '-2', '-1'], g = [1, 1, 3, 2, 1])...
2022-01-11 15:11:28,572 INFO: Finished MW computation (delta = ['-1', '0', '-2', '-2', '-1'], g = [1, 1, 3, 2, 1])
2022-01-11 15:11:28,577 INFO: Reducing MW generators...
2022-01-11 15:11:33,971 INFO: Finished reducing MW generators.
2022-01-11 15:11:33,974 INFO: Tasks complete. Recording data and exiting.
2022-01-14 09:07:25,577 INFO: Loaded curve data from file.
2022-01-14 09:07:25,578 INFO: Skipped Chabauty because rank >= degree(g). (delta = ['-1', '0', '1', '3', '2', '1'], g = [1, 1])
2022-01-14 09:07:25,578 INFO: Running elliptic Chabauty (delta = ['-1', '0', '1', '3', '2', '1'], g = [1, 1, 3, 2, 1])...
2022-01-14 09:07:38,337 INFO: Chabauty completed successfully (delta = ['-1', '0', '1', '3', '2', '1'], g = [1, 1, 3, 2, 1]).
2022-01-14 09:07:38,342 INFO: Skipped Chabauty because rank >= degree(g). (delta = ['1', '-3', '-1', '-6', '-4', '-3'], g = [1, 1])
2022-01-14 09:07:38,342 INFO: Running elliptic Chabauty (delta = ['1', '-3', '-1', '-6', '-4', '-3'], g = [1, 1, 3, 2, 1])...
2022-01-14 09:07:48,918 INFO: Chabauty completed successfully (delta = ['1', '-3', '-1', '-6', '-4', '-3'], g = [1, 1, 3, 2, 1]).
2022-01-14 09:07:48,923 INFO: Skipped Chabauty because no base point (delta = ['-1', '1', '-2', '0', '1', '1'])
2022-01-14 09:07:48,923 INFO: Skipped Chabauty because no base point (delta = ['1', '-1'])
2022-01-14 09:07:48,923 INFO: Skipped Chabauty because rank >= degree(g). (delta = ['1'], g = [1, 1])
2022-01-14 09:07:48,923 INFO: Running elliptic Chabauty (delta = ['1'], g = [1, 1, 3, 2, 1])...
2022-01-14 09:07:59,265 INFO: Chabauty completed successfully (delta = ['1'], g = [1, 1, 3, 2, 1]).
2022-01-14 09:07:59,300 INFO: Skipped Chabauty because rank >= degree(g). (delta = ['1', '-1', '0', '-2', '-1', '-1'], g = [1, 1])
2022-01-14 09:07:59,300 INFO: Running elliptic Chabauty (delta = ['1', '-1', '0', '-2', '-1', '-1'], g = [1, 1, 3, 2, 1])...
2022-01-14 09:08:10,622 INFO: Chabauty completed successfully (delta = ['1', '-1', '0', '-2', '-1', '-1'], g = [1, 1, 3, 2, 1]).
2022-01-14 09:08:10,626 INFO: Skipped Chabauty because no base point (delta = ['-1', '2', '3', '6', '4', '2'])
2022-01-14 09:08:10,626 INFO: Skipped Chabauty because rank >= degree(g). (delta = ['-1', '0', '-2', '-2', '-1'], g = [1, 1])
2022-01-14 09:08:10,626 INFO: Running elliptic Chabauty (delta = ['-1', '0', '-2', '-2', '-1'], g = [1, 1, 3, 2, 1])...
2022-01-14 09:08:20,093 INFO: Chabauty completed successfully (delta = ['-1', '0', '-2', '-2', '-1'], g = [1, 1, 3, 2, 1]).
2022-01-14 09:08:20,448 INFO: Rational points successfully computed.
2022-01-14 09:08:20,453 INFO: Tasks complete. Recording data and exiting.
2022-02-12 17:01:26,156 INFO: Loaded curve data from file.
2022-02-12 17:01:26,156 INFO: Computing elliptic Chabauty map... (delta = ['-1', '0', '1', '3', '2', '1'], g = [1, 1])
2022-02-12 17:01:36,795 INFO: Elliptic Chabauty map computed. (delta = ['-1', '0', '1', '3', '2', '1'], g = [1, 1])
2022-02-12 17:01:36,800 INFO: Computing elliptic Chabauty map... (delta = ['-1', '0', '1', '3', '2', '1'], g = [1, 1, 3, 2, 1])
2022-02-12 17:01:49,228 INFO: Elliptic Chabauty map computed. (delta = ['-1', '0', '1', '3', '2', '1'], g = [1, 1, 3, 2, 1])
2022-02-12 17:01:49,233 INFO: Computing elliptic Chabauty map... (delta = ['1', '-3', '-1', '-6', '-4', '-3'], g = [1, 1])
2022-02-12 17:01:59,638 INFO: Elliptic Chabauty map computed. (delta = ['1', '-3', '-1', '-6', '-4', '-3'], g = [1, 1])
2022-02-12 17:01:59,642 INFO: Computing elliptic Chabauty map... (delta = ['1', '-3', '-1', '-6', '-4', '-3'], g = [1, 1, 3, 2, 1])
2022-02-12 17:02:12,485 INFO: Elliptic Chabauty map computed. (delta = ['1', '-3', '-1', '-6', '-4', '-3'], g = [1, 1, 3, 2, 1])
2022-02-12 17:02:12,490 INFO: Computing elliptic Chabauty map... (delta = ['1'], g = [1, 1])
2022-02-12 17:02:22,881 INFO: Elliptic Chabauty map computed. (delta = ['1'], g = [1, 1])
2022-02-12 17:02:22,886 INFO: Computing elliptic Chabauty map... (delta = ['1'], g = [1, 1, 3, 2, 1])
2022-02-12 17:02:35,337 INFO: Elliptic Chabauty map computed. (delta = ['1'], g = [1, 1, 3, 2, 1])
2022-02-12 17:02:35,342 INFO: Computing elliptic Chabauty map... (delta = ['1', '-1', '0', '-2', '-1', '-1'], g = [1, 1])
2022-02-12 17:02:46,000 INFO: Elliptic Chabauty map computed. (delta = ['1', '-1', '0', '-2', '-1', '-1'], g = [1, 1])
2022-02-12 17:02:46,005 INFO: Computing elliptic Chabauty map... (delta = ['1', '-1', '0', '-2', '-1', '-1'], g = [1, 1, 3, 2, 1])
2022-02-12 17:02:58,506 INFO: Elliptic Chabauty map computed. (delta = ['1', '-1', '0', '-2', '-1', '-1'], g = [1, 1, 3, 2, 1])
2022-02-12 17:02:58,512 INFO: Computing elliptic Chabauty map... (delta = ['-1', '0', '-2', '-2', '-1'], g = [1, 1])
2022-02-12 17:03:09,063 INFO: Elliptic Chabauty map computed. (delta = ['-1', '0', '-2', '-2', '-1'], g = [1, 1])
2022-02-12 17:03:09,068 INFO: Computing elliptic Chabauty map... (delta = ['-1', '0', '-2', '-2', '-1'], g = [1, 1, 3, 2, 1])
2022-02-12 17:03:21,519 INFO: Elliptic Chabauty map computed. (delta = ['-1', '0', '-2', '-2', '-1'], g = [1, 1, 3, 2, 1])
2022-02-12 17:03:21,526 INFO: Tasks complete. Recording data and exiting.
