2022-01-01 12:50:50,069 INFO: Initialized curve data.
2022-01-01 12:50:50,073 INFO: Setting up initial twist data...
2022-01-01 12:50:51,054 INFO: Twist setup complete.
2022-01-01 12:50:51,054 INFO: Searching for rational points on each twist...
2022-01-01 12:50:53,221 INFO: Finished searching for rational points on each twist.
2022-01-01 12:50:53,221 INFO: Testing local solvability of twists...
2022-01-01 12:50:56,800 INFO: Finished local solvability testing.
2022-01-01 12:50:56,802 INFO: Computing elliptic curve a-invariants...
2022-01-01 12:51:02,749 INFO: Finished computation of a-invariants.
2022-01-01 12:51:02,751 INFO: Computing MW group (delta = ['-1/4', '-1/4', '2', '4', '13/4', '9/4'], g = [1, 1])...
2022-01-01 12:51:03,252 INFO: Finished MW computation (delta = ['-1/4', '-1/4', '2', '4', '13/4', '9/4'], g = [1, 1])
2022-01-01 12:51:03,257 INFO: Computing MW group (delta = ['-1/4', '-1/4', '2', '4', '13/4', '9/4'], g = [4, 16, 20, 13, 9])...
2022-01-01 12:51:21,096 INFO: Finished MW computation (delta = ['-1/4', '-1/4', '2', '4', '13/4', '9/4'], g = [4, 16, 20, 13, 9])
2022-01-01 12:51:21,102 INFO: Computing MW group (delta = ['-4', '-15', '-19', '-13', '-9'], g = [1, 1])...
2022-01-01 12:51:21,580 INFO: Finished MW computation (delta = ['-4', '-15', '-19', '-13', '-9'], g = [1, 1])
2022-01-01 12:51:21,584 INFO: Computing MW group (delta = ['-4', '-15', '-19', '-13', '-9'], g = [4, 16, 20, 13, 9])...
2022-01-01 12:51:31,886 INFO: Finished MW computation (delta = ['-4', '-15', '-19', '-13', '-9'], g = [4, 16, 20, 13, 9])
2022-01-01 12:51:31,891 INFO: Obstruction found to provably computing rational points. Exiting.
2022-01-03 13:14:58,000 INFO: Obsolete "loc_solv_error" keys removed.
2022-01-10 22:39:07,727 INFO: Loaded curve data from file.
2022-01-10 22:39:07,727 INFO: Obstruction already found. Exiting.
2022-02-12 17:29:13,901 INFO: Loaded curve data from file.
2022-02-12 17:29:13,901 INFO: Computing elliptic Chabauty map... (delta = ['-1/4', '-1/4', '2', '4', '13/4', '9/4'], g = [1, 1])
2022-02-12 17:29:23,974 INFO: Elliptic Chabauty map computed. (delta = ['-1/4', '-1/4', '2', '4', '13/4', '9/4'], g = [1, 1])
2022-02-12 17:29:23,977 INFO: Computing elliptic Chabauty map... (delta = ['-1/4', '-1/4', '2', '4', '13/4', '9/4'], g = [4, 16, 20, 13, 9])
2022-02-12 17:29:36,307 INFO: Elliptic Chabauty map computed. (delta = ['-1/4', '-1/4', '2', '4', '13/4', '9/4'], g = [4, 16, 20, 13, 9])
2022-02-12 17:29:36,310 INFO: Computing elliptic Chabauty map... (delta = ['-4', '-15', '-19', '-13', '-9'], g = [1, 1])
2022-02-12 17:29:46,216 INFO: Elliptic Chabauty map computed. (delta = ['-4', '-15', '-19', '-13', '-9'], g = [1, 1])
2022-02-12 17:29:46,218 INFO: Computing elliptic Chabauty map... (delta = ['-4', '-15', '-19', '-13', '-9'], g = [4, 16, 20, 13, 9])
2022-02-12 17:29:58,328 INFO: Elliptic Chabauty map computed. (delta = ['-4', '-15', '-19', '-13', '-9'], g = [4, 16, 20, 13, 9])
2022-02-12 17:29:58,331 INFO: Computing elliptic Chabauty map... (delta = ['1'], g = [1, 1])
2022-02-12 17:30:08,501 INFO: Elliptic Chabauty map computed. (delta = ['1'], g = [1, 1])
2022-02-12 17:30:08,505 INFO: Computing elliptic Chabauty map... (delta = ['1'], g = [4, 16, 20, 13, 9])
2022-02-12 17:30:20,786 INFO: Elliptic Chabauty map computed. (delta = ['1'], g = [4, 16, 20, 13, 9])
2022-02-12 17:30:20,789 INFO: Computing elliptic Chabauty map... (delta = ['1', '3/4', '-17/2', '-15', '-21/2', '-31/4'], g = [1, 1])
2022-02-12 17:30:30,881 INFO: Elliptic Chabauty map computed. (delta = ['1', '3/4', '-17/2', '-15', '-21/2', '-31/4'], g = [1, 1])
2022-02-12 17:30:30,884 INFO: Computing elliptic Chabauty map... (delta = ['1', '3/4', '-17/2', '-15', '-21/2', '-31/4'], g = [4, 16, 20, 13, 9])
2022-02-12 17:30:43,173 INFO: Elliptic Chabauty map computed. (delta = ['1', '3/4', '-17/2', '-15', '-21/2', '-31/4'], g = [4, 16, 20, 13, 9])
2022-02-12 17:30:43,178 INFO: Computing elliptic Chabauty map... (delta = ['-2', '-35/2', '-48', '-54', '-36', '-45/2'], g = [1, 1])
2022-02-12 17:30:53,137 INFO: Elliptic Chabauty map computed. (delta = ['-2', '-35/2', '-48', '-54', '-36', '-45/2'], g = [1, 1])
2022-02-12 17:30:53,142 INFO: Computing elliptic Chabauty map... (delta = ['-2', '-35/2', '-48', '-54', '-36', '-45/2'], g = [4, 16, 20, 13, 9])
2022-02-12 17:31:05,340 INFO: Elliptic Chabauty map computed. (delta = ['-2', '-35/2', '-48', '-54', '-36', '-45/2'], g = [4, 16, 20, 13, 9])
2022-02-12 17:31:05,345 INFO: Computing elliptic Chabauty map... (delta = ['-1/2', '-1'], g = [1, 1])
2022-02-12 17:31:15,280 INFO: Elliptic Chabauty map computed. (delta = ['-1/2', '-1'], g = [1, 1])
2022-02-12 17:31:15,286 INFO: Computing elliptic Chabauty map... (delta = ['-1/2', '-1'], g = [4, 16, 20, 13, 9])
2022-02-12 17:31:27,438 INFO: Elliptic Chabauty map computed. (delta = ['-1/2', '-1'], g = [4, 16, 20, 13, 9])
2022-02-12 17:31:27,443 INFO: Tasks complete. Recording data and exiting.
