2022-01-12 09:25:03,023 INFO: Initialized curve data.
2022-01-12 09:25:03,026 INFO: Setting up initial twist data...
2022-01-12 09:25:04,335 INFO: Twist setup complete.
2022-01-12 09:25:04,335 INFO: Searching for rational points on each twist...
2022-01-12 09:25:06,296 INFO: Finished searching for rational points on each twist.
2022-01-12 09:25:06,297 INFO: Testing local solvability of twists...
2022-01-12 09:25:09,407 INFO: Finished local solvability testing.
2022-01-12 09:25:09,409 INFO: Computing elliptic curve a-invariants...
2022-01-12 09:25:29,144 INFO: Finished computation of a-invariants.
2022-01-12 09:25:29,146 INFO: Computing MW group (delta = ['4', '8', '-8', '-16', '0', '4'], g = [4, 9, -8, -16, 0, 4])...
2022-01-12 09:26:44,944 INFO: Finished MW computation (delta = ['4', '8', '-8', '-16', '0', '4'], g = [4, 9, -8, -16, 0, 4])
2022-01-12 09:26:44,947 INFO: Computing MW group (delta = ['-4', '-8', '9', '16', '0', '-4'], g = [4, 9, -8, -16, 0, 4])...
2022-01-12 10:19:02,637 INFO: Finished MW computation (delta = ['-4', '-8', '9', '16', '0', '-4'], g = [4, 9, -8, -16, 0, 4])
2022-01-12 10:19:02,641 INFO: Unable to use elliptic Chabauty on twist (delta = ['-4', '-8', '9', '16', '0', '-4'])
2022-01-12 10:19:02,643 INFO: Obstruction found to provably computing rational points. Exiting.
2022-01-14 09:10:19,489 INFO: Loaded curve data from file.
2022-01-14 09:10:19,489 INFO: Obstruction already found. Exiting.
2022-02-12 16:46:01,820 INFO: Loaded curve data from file.
2022-02-12 16:46:01,820 INFO: Computing elliptic Chabauty map... (delta = ['4', '8', '-8', '-16', '0', '4'], g = [4, 9, -8, -16, 0, 4])
2022-02-12 16:46:13,465 INFO: Elliptic Chabauty map computed. (delta = ['4', '8', '-8', '-16', '0', '4'], g = [4, 9, -8, -16, 0, 4])
2022-02-12 16:46:13,467 INFO: Computing elliptic Chabauty map... (delta = ['-4', '-8', '9', '16', '0', '-4'], g = [4, 9, -8, -16, 0, 4])
2022-02-12 16:46:26,118 INFO: Elliptic Chabauty map computed. (delta = ['-4', '-8', '9', '16', '0', '-4'], g = [4, 9, -8, -16, 0, 4])
2022-02-12 16:46:26,120 INFO: Computing elliptic Chabauty map... (delta = ['1'], g = [4, 9, -8, -16, 0, 4])
2022-02-12 16:46:38,958 INFO: Elliptic Chabauty map computed. (delta = ['1'], g = [4, 9, -8, -16, 0, 4])
2022-02-12 16:46:38,960 INFO: Tasks complete. Recording data and exiting.
