2022-01-14 12:17:26,422 INFO: Initialized curve data.
2022-01-14 12:17:26,425 INFO: Setting up initial twist data...
2022-01-14 12:17:27,811 INFO: Twist setup complete.
2022-01-14 12:17:27,812 INFO: Searching for rational points on each twist...
2022-01-14 12:17:30,355 INFO: Finished searching for rational points on each twist.
2022-01-14 12:17:30,356 INFO: Testing local solvability of twists...
2022-01-14 12:17:56,159 INFO: Finished local solvability testing.
2022-01-14 12:17:56,161 INFO: Computing elliptic curve a-invariants...
2022-01-14 12:18:09,694 INFO: Finished computation of a-invariants.
2022-01-14 12:18:09,696 INFO: Skipped MW computation because no base point (delta = ['2', '-7/3', '1'])
2022-01-14 12:18:09,696 INFO: Computing MW group (delta = ['52/3', '-64/3', '-19/3', '-11/3', '8/3', '4/3'], g = [10, -11, -8, -2, 2, 1])...
2022-01-14 12:21:46,133 INFO: Finished MW computation (delta = ['52/3', '-64/3', '-19/3', '-11/3', '8/3', '4/3'], g = [10, -11, -8, -2, 2, 1])
2022-01-14 12:21:46,138 INFO: Computing MW group (delta = ['1'], g = [10, -11, -8, -2, 2, 1])...
2022-01-14 15:52:30,538 INFO: Loaded curve data from file.
2022-01-14 15:52:30,539 INFO: Reducing MW generators...
2022-01-14 15:52:30,756 INFO: Finished reducing MW generators.
2022-01-14 15:52:30,758 INFO: Skipped Chabauty because no base point (delta = ['2', '-7/3', '1'])
2022-01-14 15:52:30,758 INFO: Skipped Chabauty because MW group hasn't been provably computed. (delta = ['52/3', '-64/3', '-19/3', '-11/3', '8/3', '4/3'], g = [10, -11, -8, -2, 2, 1])
2022-01-14 15:52:30,758 INFO: Skipped Chabauty because MW generators haven't been computed. (delta = ['1'], g = [10, -11, -8, -2, 2, 1])
2022-01-14 15:52:30,758 INFO: Skipped Chabauty because MW generators haven't been computed. (delta = ['12', '-12', '-8', '-2', '2', '1'], g = [10, -11, -8, -2, 2, 1])
2022-01-14 15:52:30,810 INFO: Tasks complete. Recording data and exiting.
2022-02-12 17:33:00,254 INFO: Loaded curve data from file.
2022-02-12 17:33:00,255 INFO: Computing elliptic Chabauty map... (delta = ['52/3', '-64/3', '-19/3', '-11/3', '8/3', '4/3'], g = [10, -11, -8, -2, 2, 1])
2022-02-12 17:33:11,433 INFO: Elliptic Chabauty map computed. (delta = ['52/3', '-64/3', '-19/3', '-11/3', '8/3', '4/3'], g = [10, -11, -8, -2, 2, 1])
2022-02-12 17:33:11,436 INFO: Computing elliptic Chabauty map... (delta = ['1'], g = [10, -11, -8, -2, 2, 1])
2022-02-12 17:33:22,269 INFO: Elliptic Chabauty map computed. (delta = ['1'], g = [10, -11, -8, -2, 2, 1])
2022-02-12 17:33:22,925 INFO: Computing elliptic Chabauty map... (delta = ['12', '-12', '-8', '-2', '2', '1'], g = [10, -11, -8, -2, 2, 1])
2022-02-12 17:33:33,642 INFO: Elliptic Chabauty map computed. (delta = ['12', '-12', '-8', '-2', '2', '1'], g = [10, -11, -8, -2, 2, 1])
2022-02-12 17:33:33,645 INFO: Tasks complete. Recording data and exiting.
