2022-01-13 21:54:35,423 INFO: Initialized curve data.
2022-01-13 21:54:35,426 INFO: Setting up initial twist data...
2022-01-13 21:54:36,429 INFO: Twist setup complete.
2022-01-13 21:54:36,429 INFO: Searching for rational points on each twist...
2022-01-13 21:54:38,074 INFO: Finished searching for rational points on each twist.
2022-01-13 21:54:38,074 INFO: Testing local solvability of twists...
2022-01-13 21:55:12,968 INFO: Finished local solvability testing.
2022-01-13 21:55:12,969 INFO: Computing elliptic curve a-invariants...
2022-01-13 21:55:18,952 INFO: Finished computation of a-invariants.
2022-01-13 21:55:18,953 INFO: Skipped MW computation because no base point (delta = ['-1', '0', '1'])
2022-01-13 21:55:18,954 INFO: Computing MW group (delta = ['-4', '1', '-1', '3', '5', '-5'], g = [4, 0, 0, -4, -4, 5])...
2022-01-14 11:35:12,822 INFO: Loaded curve data from file.
2022-01-14 11:35:12,823 INFO: Reducing MW generators...
2022-01-14 11:35:12,823 INFO: Finished reducing MW generators.
2022-01-14 11:35:12,826 INFO: Skipped Chabauty because no base point (delta = ['-1', '0', '1'])
2022-01-14 11:35:12,826 INFO: Skipped Chabauty because MW generators haven't been computed. (delta = ['-4', '1', '-1', '3', '5', '-5'], g = [4, 0, 0, -4, -4, 5])
2022-01-14 11:35:12,826 INFO: Skipped Chabauty because MW generators haven't been computed. (delta = ['1'], g = [4, 0, 0, -4, -4, 5])
2022-01-14 11:35:12,826 INFO: Skipped Chabauty because MW generators haven't been computed. (delta = ['4', '-1', '1', '-4', '-4', '5'], g = [4, 0, 0, -4, -4, 5])
2022-01-14 11:35:12,907 INFO: Tasks complete. Recording data and exiting.
2022-02-12 17:24:04,339 INFO: Loaded curve data from file.
2022-02-12 17:24:04,340 INFO: Computing elliptic Chabauty map... (delta = ['-4', '1', '-1', '3', '5', '-5'], g = [4, 0, 0, -4, -4, 5])
2022-02-12 17:24:14,590 INFO: Elliptic Chabauty map computed. (delta = ['-4', '1', '-1', '3', '5', '-5'], g = [4, 0, 0, -4, -4, 5])
2022-02-12 17:24:14,592 INFO: Computing elliptic Chabauty map... (delta = ['1'], g = [4, 0, 0, -4, -4, 5])
2022-02-12 17:24:24,473 INFO: Elliptic Chabauty map computed. (delta = ['1'], g = [4, 0, 0, -4, -4, 5])
2022-02-12 17:24:24,475 INFO: Computing elliptic Chabauty map... (delta = ['4', '-1', '1', '-4', '-4', '5'], g = [4, 0, 0, -4, -4, 5])
2022-02-12 17:24:34,340 INFO: Elliptic Chabauty map computed. (delta = ['4', '-1', '1', '-4', '-4', '5'], g = [4, 0, 0, -4, -4, 5])
2022-02-12 17:24:34,342 INFO: Tasks complete. Recording data and exiting.
