2022-01-13 21:54:55,473 INFO: Initialized curve data.
2022-01-13 21:54:55,477 INFO: Setting up initial twist data...
2022-01-13 21:54:56,497 INFO: Twist setup complete.
2022-01-13 21:54:56,497 INFO: Searching for rational points on each twist...
2022-01-13 21:54:58,350 INFO: Finished searching for rational points on each twist.
2022-01-13 21:54:58,350 INFO: Testing local solvability of twists...
2022-01-13 21:54:58,356 INFO: Finished local solvability testing.
2022-01-13 21:54:58,357 INFO: Computing elliptic curve a-invariants...
2022-01-13 21:55:05,930 INFO: Finished computation of a-invariants.
2022-01-13 21:55:05,932 INFO: Computing MW group (delta = ['1', '-1', '1'], g = [4, 4, 4, -4, 4, 1])...
2022-01-13 22:00:21,892 INFO: Finished MW computation (delta = ['1', '-1', '1'], g = [4, 4, 4, -4, 4, 1])
2022-01-13 22:00:21,895 INFO: Computing MW group (delta = ['4', '3', '4', '-4', '4', '1'], g = [4, 4, 4, -4, 4, 1])...
2022-01-13 22:02:41,720 INFO: Finished MW computation (delta = ['4', '3', '4', '-4', '4', '1'], g = [4, 4, 4, -4, 4, 1])
2022-01-13 22:02:41,722 INFO: Computing MW group (delta = ['4', '3', '5', '-5', '4', '1'], g = [4, 4, 4, -4, 4, 1])...
2022-01-13 22:06:01,155 INFO: Finished MW computation (delta = ['4', '3', '5', '-5', '4', '1'], g = [4, 4, 4, -4, 4, 1])
2022-01-13 22:06:01,157 INFO: Computing MW group (delta = ['1'], g = [4, 4, 4, -4, 4, 1])...
2022-01-13 22:10:45,405 INFO: Finished MW computation (delta = ['1'], g = [4, 4, 4, -4, 4, 1])
2022-01-13 22:10:45,409 INFO: Reducing MW generators...
2022-01-13 22:10:48,008 INFO: Finished reducing MW generators.
2022-01-13 22:10:48,011 INFO: Tasks complete. Recording data and exiting.
2022-01-14 11:35:33,975 INFO: Loaded curve data from file.
2022-01-14 11:35:33,976 INFO: Skipped Chabauty because MW group hasn't been provably computed. (delta = ['1', '-1', '1'], g = [4, 4, 4, -4, 4, 1])
2022-01-14 11:35:33,976 INFO: Skipped Chabauty because MW group hasn't been provably computed. (delta = ['4', '3', '4', '-4', '4', '1'], g = [4, 4, 4, -4, 4, 1])
2022-01-14 11:35:33,976 INFO: Running elliptic Chabauty (delta = ['4', '3', '5', '-5', '4', '1'], g = [4, 4, 4, -4, 4, 1])...
2022-01-14 11:35:48,238 INFO: Chabauty completed successfully (delta = ['4', '3', '5', '-5', '4', '1'], g = [4, 4, 4, -4, 4, 1]).
2022-01-14 11:35:48,241 INFO: Skipped Chabauty because MW group hasn't been provably computed. (delta = ['1'], g = [4, 4, 4, -4, 4, 1])
2022-01-14 11:35:48,284 INFO: Tasks complete. Recording data and exiting.
2022-02-12 16:44:46,128 INFO: Loaded curve data from file.
2022-02-12 16:44:46,129 INFO: Computing elliptic Chabauty map... (delta = ['1', '-1', '1'], g = [4, 4, 4, -4, 4, 1])
2022-02-12 16:44:58,701 INFO: Elliptic Chabauty map computed. (delta = ['1', '-1', '1'], g = [4, 4, 4, -4, 4, 1])
2022-02-12 16:44:58,703 INFO: Computing elliptic Chabauty map... (delta = ['4', '3', '4', '-4', '4', '1'], g = [4, 4, 4, -4, 4, 1])
2022-02-12 16:45:11,012 INFO: Elliptic Chabauty map computed. (delta = ['4', '3', '4', '-4', '4', '1'], g = [4, 4, 4, -4, 4, 1])
2022-02-12 16:45:11,014 INFO: Computing elliptic Chabauty map... (delta = ['4', '3', '5', '-5', '4', '1'], g = [4, 4, 4, -4, 4, 1])
2022-02-12 16:45:23,357 INFO: Elliptic Chabauty map computed. (delta = ['4', '3', '5', '-5', '4', '1'], g = [4, 4, 4, -4, 4, 1])
2022-02-12 16:45:23,359 INFO: Computing elliptic Chabauty map... (delta = ['1'], g = [4, 4, 4, -4, 4, 1])
2022-02-12 16:45:36,121 INFO: Elliptic Chabauty map computed. (delta = ['1'], g = [4, 4, 4, -4, 4, 1])
2022-02-12 16:45:36,124 INFO: Tasks complete. Recording data and exiting.
