2022-01-13 21:54:44,456 INFO: Initialized curve data.
2022-01-13 21:54:44,460 INFO: Setting up initial twist data...
2022-01-13 21:54:45,312 INFO: Twist setup complete.
2022-01-13 21:54:45,312 INFO: Searching for rational points on each twist...
2022-01-13 21:54:46,537 INFO: Finished searching for rational points on each twist.
2022-01-13 21:54:46,537 INFO: Testing local solvability of twists...
2022-01-13 21:54:52,270 INFO: Finished local solvability testing.
2022-01-13 21:54:52,272 INFO: Computing elliptic curve a-invariants...
2022-01-13 21:55:03,154 INFO: Finished computation of a-invariants.
2022-01-13 21:55:03,156 INFO: Computing MW group (delta = ['2', '-4', '-1', '5', '-4', '1/2'], g = [4, -7, -4, 10, -8, 1])...
2022-01-13 21:55:54,452 INFO: Finished MW computation (delta = ['2', '-4', '-1', '5', '-4', '1/2'], g = [4, -7, -4, 10, -8, 1])
2022-01-13 21:55:54,455 INFO: Computing MW group (delta = ['1'], g = [4, -7, -4, 10, -8, 1])...
2022-01-13 21:58:40,551 INFO: Finished MW computation (delta = ['1'], g = [4, -7, -4, 10, -8, 1])
2022-01-13 21:58:40,554 INFO: Skipped MW computation because no base point (delta = ['1/2', '-1'])
2022-01-13 21:58:40,554 INFO: Computing MW group (delta = ['4', '-8', '-4', '10', '-8', '1'], g = [4, -7, -4, 10, -8, 1])...
2022-01-13 21:59:23,875 INFO: Finished MW computation (delta = ['4', '-8', '-4', '10', '-8', '1'], g = [4, -7, -4, 10, -8, 1])
2022-01-13 21:59:23,881 INFO: Reducing MW generators...
2022-01-13 21:59:26,643 INFO: Finished reducing MW generators.
2022-01-13 21:59:26,647 INFO: Tasks complete. Recording data and exiting.
2022-01-14 11:35:21,271 INFO: Loaded curve data from file.
2022-01-14 11:35:21,271 INFO: Running elliptic Chabauty (delta = ['2', '-4', '-1', '5', '-4', '1/2'], g = [4, -7, -4, 10, -8, 1])...
2022-01-14 11:35:43,603 INFO: Chabauty completed successfully (delta = ['2', '-4', '-1', '5', '-4', '1/2'], g = [4, -7, -4, 10, -8, 1]).
2022-01-14 11:35:43,605 INFO: Running elliptic Chabauty (delta = ['1'], g = [4, -7, -4, 10, -8, 1])...
2022-01-14 11:36:00,516 INFO: Chabauty completed successfully (delta = ['1'], g = [4, -7, -4, 10, -8, 1]).
2022-01-14 11:36:00,518 INFO: Skipped Chabauty because no base point (delta = ['1/2', '-1'])
2022-01-14 11:36:00,518 INFO: Running elliptic Chabauty (delta = ['4', '-8', '-4', '10', '-8', '1'], g = [4, -7, -4, 10, -8, 1])...
2022-01-14 11:36:21,795 INFO: Chabauty completed successfully (delta = ['4', '-8', '-4', '10', '-8', '1'], g = [4, -7, -4, 10, -8, 1]).
2022-01-14 11:36:22,016 INFO: Rational points successfully computed.
2022-01-14 11:36:22,018 INFO: Tasks complete. Recording data and exiting.
2022-02-12 17:17:10,604 INFO: Loaded curve data from file.
2022-02-12 17:17:10,604 INFO: Computing elliptic Chabauty map... (delta = ['2', '-4', '-1', '5', '-4', '1/2'], g = [4, -7, -4, 10, -8, 1])
2022-02-12 17:17:28,168 INFO: Elliptic Chabauty map computed. (delta = ['2', '-4', '-1', '5', '-4', '1/2'], g = [4, -7, -4, 10, -8, 1])
2022-02-12 17:17:28,170 INFO: Computing elliptic Chabauty map... (delta = ['1'], g = [4, -7, -4, 10, -8, 1])
2022-02-12 17:17:45,397 INFO: Elliptic Chabauty map computed. (delta = ['1'], g = [4, -7, -4, 10, -8, 1])
2022-02-12 17:17:45,400 INFO: Computing elliptic Chabauty map... (delta = ['4', '-8', '-4', '10', '-8', '1'], g = [4, -7, -4, 10, -8, 1])
2022-02-12 17:18:03,031 INFO: Elliptic Chabauty map computed. (delta = ['4', '-8', '-4', '10', '-8', '1'], g = [4, -7, -4, 10, -8, 1])
2022-02-12 17:18:03,034 INFO: Tasks complete. Recording data and exiting.
