2022-01-14 12:17:25,114 INFO: Initialized curve data.
2022-01-14 12:17:25,264 INFO: Setting up initial twist data...
2022-01-14 12:17:29,761 INFO: Twist setup complete.
2022-01-14 12:17:29,763 INFO: Searching for rational points on each twist...
2022-01-14 12:17:31,736 INFO: Finished searching for rational points on each twist.
2022-01-14 12:17:31,736 INFO: Testing local solvability of twists...
2022-01-14 12:17:35,311 INFO: Finished local solvability testing.
2022-01-14 12:17:35,312 INFO: Computing elliptic curve a-invariants...
2022-01-14 12:17:43,042 INFO: Finished computation of a-invariants.
2022-01-14 12:17:43,044 INFO: Computing MW group (delta = ['4', '0', '13', '2', '-4', '1'], g = [4, 1, 12, 2, -4, 1])...
2022-01-14 15:52:18,541 INFO: Loaded curve data from file.
2022-01-14 15:52:18,542 INFO: Reducing MW generators...
2022-01-14 15:52:18,542 INFO: Finished reducing MW generators.
2022-01-14 15:52:18,561 INFO: Skipped Chabauty because MW generators haven't been computed. (delta = ['4', '0', '13', '2', '-4', '1'], g = [4, 1, 12, 2, -4, 1])
2022-01-14 15:52:18,562 INFO: Skipped Chabauty because no base point (delta = ['16', '4', '49', '7', '-16', '4'])
2022-01-14 15:52:18,562 INFO: Skipped Chabauty because MW generators haven't been computed. (delta = ['1'], g = [4, 1, 12, 2, -4, 1])
2022-01-14 15:52:18,562 INFO: Skipped Chabauty because MW generators haven't been computed. (delta = ['4', '0', '12', '2', '-4', '1'], g = [4, 1, 12, 2, -4, 1])
2022-01-14 15:52:18,649 INFO: Tasks complete. Recording data and exiting.
2022-02-12 16:56:38,597 INFO: Loaded curve data from file.
2022-02-12 16:56:38,598 INFO: Computing elliptic Chabauty map... (delta = ['4', '0', '13', '2', '-4', '1'], g = [4, 1, 12, 2, -4, 1])
2022-02-12 16:56:52,798 INFO: Elliptic Chabauty map computed. (delta = ['4', '0', '13', '2', '-4', '1'], g = [4, 1, 12, 2, -4, 1])
2022-02-12 16:56:52,800 INFO: Computing elliptic Chabauty map... (delta = ['1'], g = [4, 1, 12, 2, -4, 1])
2022-02-12 16:57:06,605 INFO: Elliptic Chabauty map computed. (delta = ['1'], g = [4, 1, 12, 2, -4, 1])
2022-02-12 16:57:06,607 INFO: Computing elliptic Chabauty map... (delta = ['4', '0', '12', '2', '-4', '1'], g = [4, 1, 12, 2, -4, 1])
2022-02-12 16:57:20,573 INFO: Elliptic Chabauty map computed. (delta = ['4', '0', '12', '2', '-4', '1'], g = [4, 1, 12, 2, -4, 1])
2022-02-12 16:57:20,575 INFO: Tasks complete. Recording data and exiting.
