2022-01-01 10:40:35,574 INFO: Initialized curve data.
2022-01-01 10:40:35,580 INFO: Setting up initial twist data...
2022-01-01 10:40:37,034 INFO: Twist setup complete.
2022-01-01 10:40:37,034 INFO: Searching for rational points on each twist...
2022-01-01 10:40:38,159 INFO: Finished searching for rational points on each twist.
2022-01-01 10:40:38,159 INFO: Testing local solvability of twists...
2022-01-01 10:40:38,167 INFO: Finished local solvability testing.
2022-01-01 10:40:38,168 INFO: Computing elliptic curve a-invariants...
2022-01-01 10:40:45,499 INFO: Finished computation of a-invariants.
2022-01-01 10:40:45,501 INFO: Computing MW group (delta = ['0', '10', '1', '1', '3', '1'], g = [1, 11, 1, 1, 3, 1])...
2022-01-01 10:41:32,866 INFO: Finished MW computation (delta = ['0', '10', '1', '1', '3', '1'], g = [1, 11, 1, 1, 3, 1])
2022-01-01 10:41:32,869 INFO: Computing MW group (delta = ['-1', '-13', '-4', '-2', '-3', '-1'], g = [1, 11, 1, 1, 3, 1])...
2022-01-01 10:42:24,559 INFO: Finished MW computation (delta = ['-1', '-13', '-4', '-2', '-3', '-1'], g = [1, 11, 1, 1, 3, 1])
2022-01-01 10:42:24,562 INFO: Computing MW group (delta = ['0', '2', '1'], g = [1, 11, 1, 1, 3, 1])...
2022-01-01 10:48:31,630 INFO: Finished MW computation (delta = ['0', '2', '1'], g = [1, 11, 1, 1, 3, 1])
2022-01-01 10:48:31,633 INFO: Computing MW group (delta = ['1'], g = [1, 11, 1, 1, 3, 1])...
2022-01-01 10:53:25,604 INFO: Finished MW computation (delta = ['1'], g = [1, 11, 1, 1, 3, 1])
2022-01-01 10:53:25,608 INFO: Obstruction found to provably computing rational points. Exiting.
2022-01-03 13:14:58,000 INFO: Obsolete "loc_solv_error" keys removed.
2022-01-10 22:39:02,646 INFO: Loaded curve data from file.
2022-01-10 22:39:02,646 INFO: Obstruction already found. Exiting.
2022-02-12 17:46:43,077 INFO: Loaded curve data from file.
2022-02-12 17:46:43,077 INFO: Computing elliptic Chabauty map... (delta = ['0', '10', '1', '1', '3', '1'], g = [1, 11, 1, 1, 3, 1])
2022-02-12 17:46:57,257 INFO: Elliptic Chabauty map computed. (delta = ['0', '10', '1', '1', '3', '1'], g = [1, 11, 1, 1, 3, 1])
2022-02-12 17:46:57,260 INFO: Computing elliptic Chabauty map... (delta = ['-1', '-13', '-4', '-2', '-3', '-1'], g = [1, 11, 1, 1, 3, 1])
2022-02-12 17:47:11,312 INFO: Elliptic Chabauty map computed. (delta = ['-1', '-13', '-4', '-2', '-3', '-1'], g = [1, 11, 1, 1, 3, 1])
2022-02-12 17:47:11,315 INFO: Computing elliptic Chabauty map... (delta = ['0', '2', '1'], g = [1, 11, 1, 1, 3, 1])
2022-02-12 17:47:25,296 INFO: Elliptic Chabauty map computed. (delta = ['0', '2', '1'], g = [1, 11, 1, 1, 3, 1])
2022-02-12 17:47:25,299 INFO: Computing elliptic Chabauty map... (delta = ['1'], g = [1, 11, 1, 1, 3, 1])
2022-02-12 17:47:39,273 INFO: Elliptic Chabauty map computed. (delta = ['1'], g = [1, 11, 1, 1, 3, 1])
2022-02-12 17:47:39,277 INFO: Tasks complete. Recording data and exiting.
