2022-01-01 12:50:42,620 INFO: Initialized curve data.
2022-01-01 12:50:42,625 INFO: Setting up initial twist data...
2022-01-01 12:50:43,870 INFO: Twist setup complete.
2022-01-01 12:50:43,870 INFO: Searching for rational points on each twist...
2022-01-01 12:50:44,961 INFO: Finished searching for rational points on each twist.
2022-01-01 12:50:44,961 INFO: Testing local solvability of twists...
2022-01-01 12:50:44,966 INFO: Finished local solvability testing.
2022-01-01 12:50:44,968 INFO: Computing elliptic curve a-invariants...
2022-01-01 12:50:51,548 INFO: Finished computation of a-invariants.
2022-01-01 12:50:51,549 INFO: Computing MW group (delta = ['72', '23', '6', '7', '24', '8'], g = [9, 3, 1, 1, 3, 1])...
2022-01-01 12:53:52,735 INFO: Finished MW computation (delta = ['72', '23', '6', '7', '24', '8'], g = [9, 3, 1, 1, 3, 1])
2022-01-01 12:53:52,739 INFO: Computing MW group (delta = ['8', '2', '1', '1', '3', '1'], g = [9, 3, 1, 1, 3, 1])...
2022-01-01 12:56:26,936 INFO: Finished MW computation (delta = ['8', '2', '1', '1', '3', '1'], g = [9, 3, 1, 1, 3, 1])
2022-01-01 12:56:26,938 INFO: Obstruction found to provably computing rational points. Exiting.
2022-01-03 13:14:57,000 INFO: Obsolete "loc_solv_error" keys removed.
2022-01-10 22:39:09,381 INFO: Loaded curve data from file.
2022-01-10 22:39:09,382 INFO: Obstruction already found. Exiting.
2022-02-12 16:42:59,602 INFO: Loaded curve data from file.
2022-02-12 16:42:59,602 INFO: Computing elliptic Chabauty map... (delta = ['72', '23', '6', '7', '24', '8'], g = [9, 3, 1, 1, 3, 1])
2022-02-12 16:43:13,162 INFO: Elliptic Chabauty map computed. (delta = ['72', '23', '6', '7', '24', '8'], g = [9, 3, 1, 1, 3, 1])
2022-02-12 16:43:13,166 INFO: Computing elliptic Chabauty map... (delta = ['8', '2', '1', '1', '3', '1'], g = [9, 3, 1, 1, 3, 1])
2022-02-12 16:43:26,311 INFO: Elliptic Chabauty map computed. (delta = ['8', '2', '1', '1', '3', '1'], g = [9, 3, 1, 1, 3, 1])
2022-02-12 16:43:26,314 INFO: Computing elliptic Chabauty map... (delta = ['1'], g = [9, 3, 1, 1, 3, 1])
2022-02-12 16:43:39,645 INFO: Elliptic Chabauty map computed. (delta = ['1'], g = [9, 3, 1, 1, 3, 1])
2022-02-12 16:43:39,648 INFO: Computing elliptic Chabauty map... (delta = ['9', '4', '2', '1', '3', '1'], g = [9, 3, 1, 1, 3, 1])
2022-02-12 16:43:52,897 INFO: Elliptic Chabauty map computed. (delta = ['9', '4', '2', '1', '3', '1'], g = [9, 3, 1, 1, 3, 1])
2022-02-12 16:43:52,900 INFO: Tasks complete. Recording data and exiting.
