2022-01-12 09:25:54,028 INFO: Initialized curve data.
2022-01-12 09:25:54,030 INFO: Setting up initial twist data...
2022-01-12 09:25:55,186 INFO: Twist setup complete.
2022-01-12 09:25:55,187 INFO: Searching for rational points on each twist...
2022-01-12 09:25:57,114 INFO: Finished searching for rational points on each twist.
2022-01-12 09:25:57,115 INFO: Testing local solvability of twists...
2022-01-12 09:26:02,551 INFO: Finished local solvability testing.
2022-01-12 09:26:02,553 INFO: Computing elliptic curve a-invariants...
2022-01-12 09:26:08,330 INFO: Finished computation of a-invariants.
2022-01-12 09:26:08,331 INFO: Skipped MW computation because no base point (delta = ['1', '0', '1'])
2022-01-12 09:26:08,331 INFO: Computing MW group (delta = ['4', '-5', '12', '5', '2', '1'], g = [4, -4, 12, 5, 2, 1])...
2022-01-12 09:28:11,224 INFO: Finished MW computation (delta = ['4', '-5', '12', '5', '2', '1'], g = [4, -4, 12, 5, 2, 1])
2022-01-12 09:28:11,228 INFO: Computing MW group (delta = ['1'], g = [4, -4, 12, 5, 2, 1])...
2022-01-12 09:30:35,646 INFO: Finished MW computation (delta = ['1'], g = [4, -4, 12, 5, 2, 1])
2022-01-12 09:30:35,648 INFO: Computing MW group (delta = ['4', '-5', '12', '4', '2', '1'], g = [4, -4, 12, 5, 2, 1])...
2022-01-12 09:32:07,623 INFO: Finished MW computation (delta = ['4', '-5', '12', '4', '2', '1'], g = [4, -4, 12, 5, 2, 1])
2022-01-12 09:32:07,627 INFO: Reducing MW generators...
2022-01-12 09:32:09,780 INFO: Finished reducing MW generators.
2022-01-12 09:32:09,782 INFO: Tasks complete. Recording data and exiting.
2022-01-14 09:10:46,362 INFO: Loaded curve data from file.
2022-01-14 09:10:46,363 INFO: Skipped Chabauty because no base point (delta = ['1', '0', '1'])
2022-01-14 09:10:46,363 INFO: Running elliptic Chabauty (delta = ['4', '-5', '12', '5', '2', '1'], g = [4, -4, 12, 5, 2, 1])...
2022-01-14 09:10:57,259 INFO: Chabauty completed successfully (delta = ['4', '-5', '12', '5', '2', '1'], g = [4, -4, 12, 5, 2, 1]).
2022-01-14 09:10:57,261 INFO: Running elliptic Chabauty (delta = ['1'], g = [4, -4, 12, 5, 2, 1])...
2022-01-14 09:11:08,423 INFO: Chabauty completed successfully (delta = ['1'], g = [4, -4, 12, 5, 2, 1]).
2022-01-14 09:11:08,425 INFO: Running elliptic Chabauty (delta = ['4', '-5', '12', '4', '2', '1'], g = [4, -4, 12, 5, 2, 1])...
2022-01-14 09:11:24,024 INFO: Chabauty completed successfully (delta = ['4', '-5', '12', '4', '2', '1'], g = [4, -4, 12, 5, 2, 1]).
2022-01-14 09:11:24,243 INFO: Rational points successfully computed.
2022-01-14 09:11:24,247 INFO: Tasks complete. Recording data and exiting.
2022-02-12 17:16:10,637 INFO: Loaded curve data from file.
2022-02-12 17:16:10,637 INFO: Computing elliptic Chabauty map... (delta = ['4', '-5', '12', '5', '2', '1'], g = [4, -4, 12, 5, 2, 1])
2022-02-12 17:16:24,103 INFO: Elliptic Chabauty map computed. (delta = ['4', '-5', '12', '5', '2', '1'], g = [4, -4, 12, 5, 2, 1])
2022-02-12 17:16:24,105 INFO: Computing elliptic Chabauty map... (delta = ['1'], g = [4, -4, 12, 5, 2, 1])
2022-02-12 17:16:37,506 INFO: Elliptic Chabauty map computed. (delta = ['1'], g = [4, -4, 12, 5, 2, 1])
2022-02-12 17:16:37,508 INFO: Computing elliptic Chabauty map... (delta = ['4', '-5', '12', '4', '2', '1'], g = [4, -4, 12, 5, 2, 1])
2022-02-12 17:16:50,917 INFO: Elliptic Chabauty map computed. (delta = ['4', '-5', '12', '4', '2', '1'], g = [4, -4, 12, 5, 2, 1])
2022-02-12 17:16:50,919 INFO: Tasks complete. Recording data and exiting.
