2022-01-11 15:24:23,734 INFO: Initialized curve data.
2022-01-11 15:24:23,738 INFO: Setting up initial twist data...
2022-01-11 15:24:24,973 INFO: Twist setup complete.
2022-01-11 15:24:24,973 INFO: Searching for rational points on each twist...
2022-01-11 15:24:27,722 INFO: Finished searching for rational points on each twist.
2022-01-11 15:24:27,723 INFO: Testing local solvability of twists...
2022-01-11 15:24:34,319 INFO: Finished local solvability testing.
2022-01-11 15:24:34,320 INFO: Computing elliptic curve a-invariants...
2022-01-11 15:24:40,715 INFO: Finished computation of a-invariants.
2022-01-11 15:24:40,716 INFO: Computing MW group (delta = ['-4', '4', '21', '-8', '-36', '-16'], g = [4, -3, -20, 8, 36, 16])...
2022-01-14 09:07:50,979 INFO: Loaded curve data from file.
2022-01-14 09:07:50,980 INFO: Reducing MW generators...
2022-01-14 09:07:50,980 INFO: Finished reducing MW generators.
2022-01-14 09:07:50,982 INFO: Skipped Chabauty because MW generators haven't been computed. (delta = ['-4', '4', '21', '-8', '-36', '-16'], g = [4, -3, -20, 8, 36, 16])
2022-01-14 09:07:50,982 INFO: Skipped Chabauty because no base point (delta = ['-1', '-1'])
2022-01-14 09:07:50,983 INFO: Skipped Chabauty because MW generators haven't been computed. (delta = ['1'], g = [4, -3, -20, 8, 36, 16])
2022-01-14 09:07:50,983 INFO: Skipped Chabauty because MW generators haven't been computed. (delta = ['4', '-4', '-22', '7', '36', '16'], g = [4, -3, -20, 8, 36, 16])
2022-01-14 09:07:51,057 INFO: Tasks complete. Recording data and exiting.
2022-02-12 17:30:14,429 INFO: Loaded curve data from file.
2022-02-12 17:30:14,429 INFO: Computing elliptic Chabauty map... (delta = ['-4', '4', '21', '-8', '-36', '-16'], g = [4, -3, -20, 8, 36, 16])
2022-02-12 17:30:28,848 INFO: Elliptic Chabauty map computed. (delta = ['-4', '4', '21', '-8', '-36', '-16'], g = [4, -3, -20, 8, 36, 16])
2022-02-12 17:30:28,850 INFO: Computing elliptic Chabauty map... (delta = ['1'], g = [4, -3, -20, 8, 36, 16])
2022-02-12 17:30:43,096 INFO: Elliptic Chabauty map computed. (delta = ['1'], g = [4, -3, -20, 8, 36, 16])
2022-02-12 17:30:43,098 INFO: Computing elliptic Chabauty map... (delta = ['4', '-4', '-22', '7', '36', '16'], g = [4, -3, -20, 8, 36, 16])
2022-02-12 17:30:57,432 INFO: Elliptic Chabauty map computed. (delta = ['4', '-4', '-22', '7', '36', '16'], g = [4, -3, -20, 8, 36, 16])
2022-02-12 17:30:57,434 INFO: Tasks complete. Recording data and exiting.
