2022-01-01 12:50:45,557 INFO: Initialized curve data.
2022-01-01 12:50:45,562 INFO: Setting up initial twist data...
2022-01-01 12:50:47,095 INFO: Twist setup complete.
2022-01-01 12:50:47,095 INFO: Searching for rational points on each twist...
2022-01-01 12:50:48,194 INFO: Finished searching for rational points on each twist.
2022-01-01 12:50:48,194 INFO: Testing local solvability of twists...
2022-01-01 12:50:53,703 INFO: Finished local solvability testing.
2022-01-01 12:50:53,705 INFO: Computing elliptic curve a-invariants...
2022-01-01 12:51:00,359 INFO: Finished computation of a-invariants.
2022-01-01 12:51:00,361 INFO: Skipped MW computation because no base point (delta = ['1/2', '-3/2', '1'])
2022-01-01 12:51:00,361 INFO: Computing MW group (delta = ['1/2', '-2', '5/2', '-1'], g = [4, -8, 4, 9, 6, 1])...
2022-01-01 12:52:30,732 INFO: Finished MW computation (delta = ['1/2', '-2', '5/2', '-1'], g = [4, -8, 4, 9, 6, 1])
2022-01-01 12:52:30,735 INFO: Computing MW group (delta = ['1', '-1'], g = [4, -8, 4, 9, 6, 1])...
2022-01-01 12:53:50,792 INFO: Finished MW computation (delta = ['1', '-1'], g = [4, -8, 4, 9, 6, 1])
2022-01-01 12:53:50,795 INFO: Computing MW group (delta = ['1'], g = [4, -8, 4, 9, 6, 1])...
2022-01-01 12:55:14,347 INFO: Finished MW computation (delta = ['1'], g = [4, -8, 4, 9, 6, 1])
2022-01-01 12:55:14,351 INFO: Reducing MW generators...
2022-01-01 12:55:18,624 INFO: Finished reducing MW generators.
2022-01-01 12:55:18,626 INFO: Skipped Chabauty because no base point (delta = ['1/2', '-3/2', '1'])
2022-01-01 12:55:18,627 INFO: Running elliptic Chabauty (delta = ['1/2', '-2', '5/2', '-1'], g = [4, -8, 4, 9, 6, 1])...
2022-01-01 12:55:56,221 INFO: Chabauty completed successfully (delta = ['1/2', '-2', '5/2', '-1'], g = [4, -8, 4, 9, 6, 1]).
2022-01-01 12:55:56,223 INFO: Running elliptic Chabauty (delta = ['1', '-1'], g = [4, -8, 4, 9, 6, 1])...
2022-01-01 12:56:15,331 INFO: Chabauty completed successfully (delta = ['1', '-1'], g = [4, -8, 4, 9, 6, 1]).
2022-01-01 12:56:15,335 INFO: Running elliptic Chabauty (delta = ['1'], g = [4, -8, 4, 9, 6, 1])...
2022-01-01 12:56:54,472 INFO: Chabauty completed successfully (delta = ['1'], g = [4, -8, 4, 9, 6, 1]).
2022-01-01 12:56:54,750 INFO: Rational points successfully computed.
2022-01-01 12:56:54,753 INFO: Tasks complete. Recording data and exiting.
2022-01-03 13:14:57,000 INFO: Obsolete "loc_solv_error" keys removed.
2022-01-03 13:14:57,000 INFO: Deleted results of Chabauty computation.
2022-01-10 22:39:04,207 INFO: Loaded curve data from file.
2022-01-10 22:39:04,207 INFO: Skipped Chabauty because no base point (delta = ['1/2', '-3/2', '1'])
2022-01-10 22:39:04,207 INFO: Running elliptic Chabauty (delta = ['1/2', '-2', '5/2', '-1'], g = [4, -8, 4, 9, 6, 1])...
2022-01-10 22:39:39,797 INFO: Chabauty completed successfully (delta = ['1/2', '-2', '5/2', '-1'], g = [4, -8, 4, 9, 6, 1]).
2022-01-10 22:39:39,800 INFO: Running elliptic Chabauty (delta = ['1', '-1'], g = [4, -8, 4, 9, 6, 1])...
2022-01-10 22:39:58,058 INFO: Chabauty completed successfully (delta = ['1', '-1'], g = [4, -8, 4, 9, 6, 1]).
2022-01-10 22:39:58,060 INFO: Running elliptic Chabauty (delta = ['1'], g = [4, -8, 4, 9, 6, 1])...
2022-01-10 22:40:34,680 INFO: Chabauty completed successfully (delta = ['1'], g = [4, -8, 4, 9, 6, 1]).
2022-01-10 22:40:34,914 INFO: Rational points successfully computed.
2022-01-10 22:40:34,916 INFO: Tasks complete. Recording data and exiting.
2022-02-12 17:27:11,553 INFO: Loaded curve data from file.
2022-02-12 17:27:11,554 INFO: Computing elliptic Chabauty map... (delta = ['1/2', '-2', '5/2', '-1'], g = [4, -8, 4, 9, 6, 1])
2022-02-12 17:27:25,747 INFO: Elliptic Chabauty map computed. (delta = ['1/2', '-2', '5/2', '-1'], g = [4, -8, 4, 9, 6, 1])
2022-02-12 17:27:25,750 INFO: Computing elliptic Chabauty map... (delta = ['1', '-1'], g = [4, -8, 4, 9, 6, 1])
2022-02-12 17:27:39,543 INFO: Elliptic Chabauty map computed. (delta = ['1', '-1'], g = [4, -8, 4, 9, 6, 1])
2022-02-12 17:27:39,546 INFO: Computing elliptic Chabauty map... (delta = ['1'], g = [4, -8, 4, 9, 6, 1])
2022-02-12 17:27:53,387 INFO: Elliptic Chabauty map computed. (delta = ['1'], g = [4, -8, 4, 9, 6, 1])
2022-02-12 17:27:53,390 INFO: Tasks complete. Recording data and exiting.
