2022-01-14 11:32:20,728 INFO: Initialized curve data.
2022-01-14 11:32:20,743 INFO: Setting up initial twist data...
2022-01-14 11:32:22,140 INFO: Twist setup complete.
2022-01-14 11:32:22,140 INFO: Skipped Chabauty because no base point (delta = ['4', '-16', '11', '-1', '2', '1'])
2022-01-14 11:32:22,140 INFO: Skipped Chabauty because no base point (delta = ['16', '-60', '41', '-5', '8', '4'])
2022-01-14 11:32:22,140 INFO: Skipped Chabauty because no base point (delta = ['1'])
2022-01-14 11:32:22,140 INFO: Skipped Chabauty because no base point (delta = ['4', '-16', '10', '-1', '2', '1'])
2022-01-14 11:32:22,142 INFO: Tasks complete. Recording data and exiting.
2022-02-12 17:39:19,847 INFO: Loaded curve data from file.
2022-02-12 17:39:19,847 INFO: Tasks complete. Recording data and exiting.
2022-02-18 00:16:52,098 INFO: Loaded curve data from file.
2022-02-18 00:16:52,098 INFO: Searching for rational points on each twist...
2022-02-18 00:16:53,287 INFO: Finished searching for rational points on each twist.
2022-02-18 00:16:53,288 INFO: Testing local solvability of twists...
2022-02-18 00:16:53,294 INFO: Finished local solvability testing.
2022-02-18 00:16:53,294 INFO: Computing elliptic curve a-invariants...
2022-02-18 00:17:03,445 INFO: Finished computation of a-invariants.
2022-02-18 00:17:03,445 INFO: Computing elliptic Chabauty map... (delta = ['4', '-16', '11', '-1', '2', '1'], g = [4, -15, 10, -1, 2, 1])
2022-02-18 00:17:13,193 INFO: Elliptic Chabauty map computed. (delta = ['4', '-16', '11', '-1', '2', '1'], g = [4, -15, 10, -1, 2, 1])
2022-02-18 00:17:13,193 INFO: Computing elliptic Chabauty map... (delta = ['16', '-60', '41', '-5', '8', '4'], g = [4, -15, 10, -1, 2, 1])
2022-02-18 00:17:22,730 INFO: Elliptic Chabauty map computed. (delta = ['16', '-60', '41', '-5', '8', '4'], g = [4, -15, 10, -1, 2, 1])
2022-02-18 00:17:22,730 INFO: Computing elliptic Chabauty map... (delta = ['1'], g = [4, -15, 10, -1, 2, 1])
2022-02-18 00:17:32,168 INFO: Elliptic Chabauty map computed. (delta = ['1'], g = [4, -15, 10, -1, 2, 1])
2022-02-18 00:17:32,168 INFO: Computing elliptic Chabauty map... (delta = ['4', '-16', '10', '-1', '2', '1'], g = [4, -15, 10, -1, 2, 1])
2022-02-18 00:17:41,544 INFO: Elliptic Chabauty map computed. (delta = ['4', '-16', '10', '-1', '2', '1'], g = [4, -15, 10, -1, 2, 1])
2022-02-18 00:17:41,545 INFO: Computing MW group (delta = ['4', '-16', '11', '-1', '2', '1'], g = [4, -15, 10, -1, 2, 1])...
2022-02-18 00:18:32,395 INFO: Finished MW computation (delta = ['4', '-16', '11', '-1', '2', '1'], g = [4, -15, 10, -1, 2, 1])
2022-02-18 00:18:32,396 INFO: Computing MW group (delta = ['16', '-60', '41', '-5', '8', '4'], g = [4, -15, 10, -1, 2, 1])...
2022-02-18 00:19:20,219 INFO: Finished MW computation (delta = ['16', '-60', '41', '-5', '8', '4'], g = [4, -15, 10, -1, 2, 1])
2022-02-18 00:19:20,220 INFO: Computing MW group (delta = ['1'], g = [4, -15, 10, -1, 2, 1])...
2022-02-18 00:20:22,931 INFO: Finished MW computation (delta = ['1'], g = [4, -15, 10, -1, 2, 1])
2022-02-18 00:20:22,932 INFO: Computing MW group (delta = ['4', '-16', '10', '-1', '2', '1'], g = [4, -15, 10, -1, 2, 1])...
2022-02-18 00:21:09,867 INFO: Finished MW computation (delta = ['4', '-16', '10', '-1', '2', '1'], g = [4, -15, 10, -1, 2, 1])
2022-02-18 00:21:09,868 INFO: Reducing MW generators...
2022-02-18 00:21:11,393 INFO: Finished reducing MW generators.
2022-02-18 00:21:11,394 INFO: Skipped Chabauty because MW group hasn't been provably computed. (delta = ['4', '-16', '11', '-1', '2', '1'], g = [4, -15, 10, -1, 2, 1])
2022-02-18 00:21:11,394 INFO: Running elliptic Chabauty (delta = ['16', '-60', '41', '-5', '8', '4'], g = [4, -15, 10, -1, 2, 1])...
2022-02-18 00:21:14,166 INFO: Chabauty completed successfully (delta = ['16', '-60', '41', '-5', '8', '4'], g = [4, -15, 10, -1, 2, 1]).
2022-02-18 00:21:14,167 INFO: Running elliptic Chabauty (delta = ['1'], g = [4, -15, 10, -1, 2, 1])...
2022-02-18 00:21:17,584 INFO: Chabauty completed successfully (delta = ['1'], g = [4, -15, 10, -1, 2, 1]).
2022-02-18 00:21:17,585 INFO: Skipped Chabauty because MW group hasn't been provably computed. (delta = ['4', '-16', '10', '-1', '2', '1'], g = [4, -15, 10, -1, 2, 1])
2022-02-18 00:21:17,662 INFO: Tasks complete. Recording data and exiting.
