2022-01-12 12:23:47,645 INFO: Initialized curve data.
2022-01-12 12:23:47,650 INFO: Setting up initial twist data...
2022-01-12 12:23:48,994 INFO: Twist setup complete.
2022-01-12 12:23:48,994 INFO: Searching for rational points on each twist...
2022-01-12 12:23:51,730 INFO: Finished searching for rational points on each twist.
2022-01-12 12:23:51,731 INFO: Testing local solvability of twists...
2022-01-12 12:24:23,530 INFO: Finished local solvability testing.
2022-01-12 12:24:23,531 INFO: Computing elliptic curve a-invariants...
2022-01-12 12:24:30,784 INFO: Finished computation of a-invariants.
2022-01-12 12:24:30,786 INFO: Computing MW group (delta = ['1'], g = [-2, -3, -4, -4, -4, 4])...
2022-01-14 11:32:30,856 INFO: Loaded curve data from file.
2022-01-14 11:32:30,856 INFO: Reducing MW generators...
2022-01-14 11:32:30,856 INFO: Finished reducing MW generators.
2022-01-14 11:32:30,861 INFO: Skipped Chabauty because MW generators haven't been computed. (delta = ['1'], g = [-2, -3, -4, -4, -4, 4])
2022-01-14 11:32:30,861 INFO: Skipped Chabauty because MW generators haven't been computed. (delta = ['4', '4', '9', '8', '8', '-8'], g = [-2, -3, -4, -4, -4, 4])
2022-01-14 11:32:30,861 INFO: Skipped Chabauty because MW generators haven't been computed. (delta = ['0', '-4', '-4', '-4', '-4', '4'], g = [-2, -3, -4, -4, -4, 4])
2022-01-14 11:32:30,862 INFO: Skipped Chabauty because no base point (delta = ['32', '44', '68', '63', '64', '-64'])
2022-01-14 11:32:30,912 INFO: Tasks complete. Recording data and exiting.
2022-02-12 17:27:06,275 INFO: Loaded curve data from file.
2022-02-12 17:27:06,276 INFO: Computing elliptic Chabauty map... (delta = ['1'], g = [-2, -3, -4, -4, -4, 4])
2022-02-12 17:27:20,937 INFO: Elliptic Chabauty map computed. (delta = ['1'], g = [-2, -3, -4, -4, -4, 4])
2022-02-12 17:27:20,940 INFO: Computing elliptic Chabauty map... (delta = ['4', '4', '9', '8', '8', '-8'], g = [-2, -3, -4, -4, -4, 4])
2022-02-12 17:27:35,154 INFO: Elliptic Chabauty map computed. (delta = ['4', '4', '9', '8', '8', '-8'], g = [-2, -3, -4, -4, -4, 4])
2022-02-12 17:27:35,156 INFO: Computing elliptic Chabauty map... (delta = ['0', '-4', '-4', '-4', '-4', '4'], g = [-2, -3, -4, -4, -4, 4])
2022-02-12 17:27:49,450 INFO: Elliptic Chabauty map computed. (delta = ['0', '-4', '-4', '-4', '-4', '4'], g = [-2, -3, -4, -4, -4, 4])
2022-02-12 17:27:49,453 INFO: Tasks complete. Recording data and exiting.
