2022-01-11 15:25:28,167 INFO: Initialized curve data.
2022-01-11 15:25:28,171 INFO: Setting up initial twist data...
2022-01-11 15:25:29,247 INFO: Twist setup complete.
2022-01-11 15:25:29,247 INFO: Searching for rational points on each twist...
2022-01-11 15:25:31,370 INFO: Finished searching for rational points on each twist.
2022-01-11 15:25:31,370 INFO: Testing local solvability of twists...
2022-01-11 15:25:31,375 INFO: Finished local solvability testing.
2022-01-11 15:25:31,377 INFO: Computing elliptic curve a-invariants...
2022-01-11 15:25:41,305 INFO: Finished computation of a-invariants.
2022-01-11 15:25:41,306 INFO: Computing MW group (delta = ['1', '-4', '6', '13', '-1', '1'], g = [1, -5, 5, 13, -1, 1])...
2022-01-11 15:26:12,455 INFO: Finished MW computation (delta = ['1', '-4', '6', '13', '-1', '1'], g = [1, -5, 5, 13, -1, 1])
2022-01-11 15:26:12,457 INFO: Computing MW group (delta = ['1'], g = [1, -5, 5, 13, -1, 1])...
2022-01-11 15:29:17,932 INFO: Finished MW computation (delta = ['1'], g = [1, -5, 5, 13, -1, 1])
2022-01-11 15:29:17,935 INFO: Computing MW group (delta = ['0', '-6', '5', '13', '-1', '1'], g = [1, -5, 5, 13, -1, 1])...
2022-01-11 15:29:57,235 INFO: Finished MW computation (delta = ['0', '-6', '5', '13', '-1', '1'], g = [1, -5, 5, 13, -1, 1])
2022-01-11 15:29:57,237 INFO: Computing MW group (delta = ['-4', '19', '-22', '-53', '4', '-4'], g = [1, -5, 5, 13, -1, 1])...
2022-01-11 15:31:55,638 INFO: Finished MW computation (delta = ['-4', '19', '-22', '-53', '4', '-4'], g = [1, -5, 5, 13, -1, 1])
2022-01-11 15:31:55,642 INFO: Reducing MW generators...
2022-01-11 15:31:59,322 INFO: Finished reducing MW generators.
2022-01-11 15:31:59,323 INFO: Tasks complete. Recording data and exiting.
2022-01-14 09:07:51,697 INFO: Loaded curve data from file.
2022-01-14 09:07:51,698 INFO: Running elliptic Chabauty (delta = ['1', '-4', '6', '13', '-1', '1'], g = [1, -5, 5, 13, -1, 1])...
2022-01-14 09:08:05,262 INFO: Chabauty completed successfully (delta = ['1', '-4', '6', '13', '-1', '1'], g = [1, -5, 5, 13, -1, 1]).
2022-01-14 09:08:05,269 INFO: Running elliptic Chabauty (delta = ['1'], g = [1, -5, 5, 13, -1, 1])...
2022-01-14 09:08:12,802 INFO: Chabauty completed successfully (delta = ['1'], g = [1, -5, 5, 13, -1, 1]).
2022-01-14 09:08:12,804 INFO: Skipped Chabauty because MW group hasn't been provably computed. (delta = ['0', '-6', '5', '13', '-1', '1'], g = [1, -5, 5, 13, -1, 1])
2022-01-14 09:08:12,805 INFO: Running elliptic Chabauty (delta = ['-4', '19', '-22', '-53', '4', '-4'], g = [1, -5, 5, 13, -1, 1])...
2022-01-14 09:11:15,712 INFO: Chabauty completed successfully (delta = ['-4', '19', '-22', '-53', '4', '-4'], g = [1, -5, 5, 13, -1, 1]).
2022-01-14 09:11:15,839 INFO: Tasks complete. Recording data and exiting.
2022-02-12 17:36:32,440 INFO: Loaded curve data from file.
2022-02-12 17:36:32,440 INFO: Computing elliptic Chabauty map... (delta = ['1', '-4', '6', '13', '-1', '1'], g = [1, -5, 5, 13, -1, 1])
2022-02-12 17:36:39,347 INFO: Elliptic Chabauty map computed. (delta = ['1', '-4', '6', '13', '-1', '1'], g = [1, -5, 5, 13, -1, 1])
2022-02-12 17:36:39,350 INFO: Computing elliptic Chabauty map... (delta = ['1'], g = [1, -5, 5, 13, -1, 1])
2022-02-12 17:36:46,168 INFO: Elliptic Chabauty map computed. (delta = ['1'], g = [1, -5, 5, 13, -1, 1])
2022-02-12 17:36:46,171 INFO: Computing elliptic Chabauty map... (delta = ['0', '-6', '5', '13', '-1', '1'], g = [1, -5, 5, 13, -1, 1])
2022-02-12 17:36:53,077 INFO: Elliptic Chabauty map computed. (delta = ['0', '-6', '5', '13', '-1', '1'], g = [1, -5, 5, 13, -1, 1])
2022-02-12 17:36:53,080 INFO: Computing elliptic Chabauty map... (delta = ['-4', '19', '-22', '-53', '4', '-4'], g = [1, -5, 5, 13, -1, 1])
2022-02-12 17:37:00,220 INFO: Elliptic Chabauty map computed. (delta = ['-4', '19', '-22', '-53', '4', '-4'], g = [1, -5, 5, 13, -1, 1])
2022-02-12 17:37:00,225 INFO: Tasks complete. Recording data and exiting.
