2022-01-14 12:17:24,545 INFO: Initialized curve data.
2022-01-14 12:17:24,551 INFO: Setting up initial twist data...
2022-01-14 12:17:25,353 INFO: Twist setup complete.
2022-01-14 12:17:25,353 INFO: Searching for rational points on each twist...
2022-01-14 12:17:27,000 INFO: Finished searching for rational points on each twist.
2022-01-14 12:17:27,001 INFO: Testing local solvability of twists...
2022-01-14 12:17:27,040 INFO: Finished local solvability testing.
2022-01-14 12:17:27,042 INFO: Computing elliptic curve a-invariants...
2022-01-14 12:17:38,567 INFO: Finished computation of a-invariants.
2022-01-14 12:17:38,568 INFO: Computing MW group (delta = ['22', '23', '5', '-8', '-2', '1'], g = [20, 20, 4, -8, -2, 1])...
2022-01-14 12:18:29,018 INFO: Finished MW computation (delta = ['22', '23', '5', '-8', '-2', '1'], g = [20, 20, 4, -8, -2, 1])
2022-01-14 12:18:29,021 INFO: Computing MW group (delta = ['18', '19', '4', '-8', '-2', '1'], g = [20, 20, 4, -8, -2, 1])...
2022-01-14 12:20:40,481 INFO: Finished MW computation (delta = ['18', '19', '4', '-8', '-2', '1'], g = [20, 20, 4, -8, -2, 1])
2022-01-14 12:20:40,485 INFO: Computing MW group (delta = ['1'], g = [20, 20, 4, -8, -2, 1])...
2022-01-14 12:28:03,670 INFO: Finished MW computation (delta = ['1'], g = [20, 20, 4, -8, -2, 1])
2022-01-14 12:28:03,673 INFO: Computing MW group (delta = ['-84', '-88', '-21', '31', '8', '-4'], g = [20, 20, 4, -8, -2, 1])...
2022-01-14 12:30:37,315 INFO: Finished MW computation (delta = ['-84', '-88', '-21', '31', '8', '-4'], g = [20, 20, 4, -8, -2, 1])
2022-01-14 12:30:37,321 INFO: Reducing MW generators...
2022-01-14 12:30:38,979 INFO: Finished reducing MW generators.
2022-01-14 12:30:38,982 INFO: Tasks complete. Recording data and exiting.
2022-01-14 15:52:28,679 INFO: Loaded curve data from file.
2022-01-14 15:52:28,680 INFO: Skipped Chabauty because MW group hasn't been provably computed. (delta = ['22', '23', '5', '-8', '-2', '1'], g = [20, 20, 4, -8, -2, 1])
2022-01-14 15:52:28,680 INFO: Running elliptic Chabauty (delta = ['18', '19', '4', '-8', '-2', '1'], g = [20, 20, 4, -8, -2, 1])...
2022-01-14 15:52:38,442 INFO: Chabauty completed successfully (delta = ['18', '19', '4', '-8', '-2', '1'], g = [20, 20, 4, -8, -2, 1]).
2022-01-14 15:52:38,445 INFO: Running elliptic Chabauty (delta = ['1'], g = [20, 20, 4, -8, -2, 1])...
2022-01-14 15:52:47,491 INFO: Chabauty completed successfully (delta = ['1'], g = [20, 20, 4, -8, -2, 1]).
2022-01-14 15:52:47,493 INFO: Skipped Chabauty because MW group hasn't been provably computed. (delta = ['-84', '-88', '-21', '31', '8', '-4'], g = [20, 20, 4, -8, -2, 1])
2022-01-14 15:52:47,576 INFO: Tasks complete. Recording data and exiting.
2022-02-12 17:11:32,711 INFO: Loaded curve data from file.
2022-02-12 17:11:32,712 INFO: Computing elliptic Chabauty map... (delta = ['22', '23', '5', '-8', '-2', '1'], g = [20, 20, 4, -8, -2, 1])
2022-02-12 17:11:43,048 INFO: Elliptic Chabauty map computed. (delta = ['22', '23', '5', '-8', '-2', '1'], g = [20, 20, 4, -8, -2, 1])
2022-02-12 17:11:43,051 INFO: Computing elliptic Chabauty map... (delta = ['18', '19', '4', '-8', '-2', '1'], g = [20, 20, 4, -8, -2, 1])
2022-02-12 17:11:53,243 INFO: Elliptic Chabauty map computed. (delta = ['18', '19', '4', '-8', '-2', '1'], g = [20, 20, 4, -8, -2, 1])
2022-02-12 17:11:53,245 INFO: Computing elliptic Chabauty map... (delta = ['1'], g = [20, 20, 4, -8, -2, 1])
2022-02-12 17:12:03,342 INFO: Elliptic Chabauty map computed. (delta = ['1'], g = [20, 20, 4, -8, -2, 1])
2022-02-12 17:12:03,345 INFO: Computing elliptic Chabauty map... (delta = ['-84', '-88', '-21', '31', '8', '-4'], g = [20, 20, 4, -8, -2, 1])
2022-02-12 17:12:13,648 INFO: Elliptic Chabauty map computed. (delta = ['-84', '-88', '-21', '31', '8', '-4'], g = [20, 20, 4, -8, -2, 1])
2022-02-12 17:12:13,652 INFO: Tasks complete. Recording data and exiting.
