2022-01-13 21:54:49,164 INFO: Initialized curve data.
2022-01-13 21:54:49,168 INFO: Setting up initial twist data...
2022-01-13 21:54:50,520 INFO: Twist setup complete.
2022-01-13 21:54:50,520 INFO: Searching for rational points on each twist...
2022-01-13 21:54:54,746 INFO: Finished searching for rational points on each twist.
2022-01-13 21:54:54,746 INFO: Testing local solvability of twists...
2022-01-13 21:55:36,890 INFO: Finished local solvability testing.
2022-01-13 21:55:36,892 INFO: Computing elliptic curve a-invariants...
2022-01-13 21:55:42,157 INFO: Finished computation of a-invariants.
2022-01-13 21:55:42,160 INFO: Computing MW group (delta = ['-4', '-95/2', '-208', '-424', '-414', '-325/2'], g = [1, 1])...
2022-01-13 21:55:42,473 INFO: Finished MW computation (delta = ['-4', '-95/2', '-208', '-424', '-414', '-325/2'], g = [1, 1])
2022-01-13 21:55:42,475 INFO: Computing MW group (delta = ['-4', '-95/2', '-208', '-424', '-414', '-325/2'], g = [8, 56, 140, 153, 65])...
2022-01-13 21:55:54,296 INFO: Finished MW computation (delta = ['-4', '-95/2', '-208', '-424', '-414', '-325/2'], g = [8, 56, 140, 153, 65])
2022-01-13 21:55:54,299 INFO: Skipped MW computation because no base point (delta = ['1/2', '11/2', '29', '70', '153/2', '65/2'])
2022-01-13 21:55:54,299 INFO: Skipped MW computation because no base point (delta = ['1/4', '5/8', '-27/8', '-57/4', '-145/8', '-65/8'])
2022-01-13 21:55:54,300 INFO: Skipped MW computation because no base point (delta = ['-4', '-67/2', '-439/4', '-715/4', '-585/4', '-195/4'])
2022-01-13 21:55:54,300 INFO: Computing MW group (delta = ['1'], g = [1, 1])...
2022-01-13 21:55:54,802 INFO: Finished MW computation (delta = ['1'], g = [1, 1])
2022-01-13 21:55:54,805 INFO: Computing MW group (delta = ['1'], g = [8, 56, 140, 153, 65])...
2022-01-13 21:56:21,247 INFO: Finished MW computation (delta = ['1'], g = [8, 56, 140, 153, 65])
2022-01-13 21:56:21,250 INFO: Computing MW group (delta = ['-2', '-3087/260', '-10457/520', '-66/65', '12671/520', '2229/130'], g = [1, 1])...
2022-01-13 21:56:21,741 INFO: Finished MW computation (delta = ['-2', '-3087/260', '-10457/520', '-66/65', '12671/520', '2229/130'], g = [1, 1])
2022-01-13 21:56:21,744 INFO: Computing MW group (delta = ['-2', '-3087/260', '-10457/520', '-66/65', '12671/520', '2229/130'], g = [8, 56, 140, 153, 65])...
2022-01-13 21:58:19,462 INFO: Finished MW computation (delta = ['-2', '-3087/260', '-10457/520', '-66/65', '12671/520', '2229/130'], g = [8, 56, 140, 153, 65])
2022-01-13 21:58:19,465 INFO: Computing MW group (delta = ['-8', '-55', '-139', '-153', '-65'], g = [1, 1])...
2022-01-13 21:58:19,729 INFO: Finished MW computation (delta = ['-8', '-55', '-139', '-153', '-65'], g = [1, 1])
2022-01-13 21:58:19,732 INFO: Computing MW group (delta = ['-8', '-55', '-139', '-153', '-65'], g = [8, 56, 140, 153, 65])...
2022-01-13 21:58:36,719 INFO: Finished MW computation (delta = ['-8', '-55', '-139', '-153', '-65'], g = [8, 56, 140, 153, 65])
2022-01-13 21:58:36,722 INFO: Skipped MW computation because no base point (delta = ['1/2', '7/4', '1'])
2022-01-13 21:58:36,725 INFO: Reducing MW generators...
2022-01-13 21:58:41,448 INFO: Finished reducing MW generators.
2022-01-13 21:58:41,451 INFO: Tasks complete. Recording data and exiting.
2022-01-14 11:35:26,662 INFO: Loaded curve data from file.
2022-01-14 11:35:26,662 INFO: Skipped Chabauty because rank >= degree(g). (delta = ['-4', '-95/2', '-208', '-424', '-414', '-325/2'], g = [1, 1])
2022-01-14 11:35:26,662 INFO: Running elliptic Chabauty (delta = ['-4', '-95/2', '-208', '-424', '-414', '-325/2'], g = [8, 56, 140, 153, 65])...
2022-01-14 11:35:43,296 INFO: Chabauty completed successfully (delta = ['-4', '-95/2', '-208', '-424', '-414', '-325/2'], g = [8, 56, 140, 153, 65]).
2022-01-14 11:35:43,340 INFO: Skipped Chabauty because no base point (delta = ['1/2', '11/2', '29', '70', '153/2', '65/2'])
2022-01-14 11:35:43,341 INFO: Skipped Chabauty because no base point (delta = ['1/4', '5/8', '-27/8', '-57/4', '-145/8', '-65/8'])
2022-01-14 11:35:43,341 INFO: Skipped Chabauty because no base point (delta = ['-4', '-67/2', '-439/4', '-715/4', '-585/4', '-195/4'])
2022-01-14 11:35:43,341 INFO: Skipped Chabauty because rank >= degree(g). (delta = ['1'], g = [1, 1])
2022-01-14 11:35:43,341 INFO: Running elliptic Chabauty (delta = ['1'], g = [8, 56, 140, 153, 65])...
2022-01-14 11:35:58,047 INFO: Chabauty completed successfully (delta = ['1'], g = [8, 56, 140, 153, 65]).
2022-01-14 11:35:58,050 INFO: Skipped Chabauty because rank >= degree(g). (delta = ['-2', '-3087/260', '-10457/520', '-66/65', '12671/520', '2229/130'], g = [1, 1])
2022-01-14 11:35:58,050 INFO: Running elliptic Chabauty (delta = ['-2', '-3087/260', '-10457/520', '-66/65', '12671/520', '2229/130'], g = [8, 56, 140, 153, 65])...
2022-01-14 11:36:13,987 INFO: Chabauty completed successfully (delta = ['-2', '-3087/260', '-10457/520', '-66/65', '12671/520', '2229/130'], g = [8, 56, 140, 153, 65]).
2022-01-14 11:36:13,991 INFO: Skipped Chabauty because rank >= degree(g). (delta = ['-8', '-55', '-139', '-153', '-65'], g = [1, 1])
2022-01-14 11:36:13,991 INFO: Skipped Chabauty because MW group hasn't been provably computed. (delta = ['-8', '-55', '-139', '-153', '-65'], g = [8, 56, 140, 153, 65])
2022-01-14 11:36:13,991 INFO: Skipped Chabauty because no base point (delta = ['1/2', '7/4', '1'])
2022-01-14 11:36:14,272 INFO: Tasks complete. Recording data and exiting.
2022-02-12 16:40:17,879 INFO: Loaded curve data from file.
2022-02-12 16:40:17,879 INFO: Computing elliptic Chabauty map... (delta = ['-4', '-95/2', '-208', '-424', '-414', '-325/2'], g = [1, 1])
2022-02-12 16:40:28,332 INFO: Elliptic Chabauty map computed. (delta = ['-4', '-95/2', '-208', '-424', '-414', '-325/2'], g = [1, 1])
2022-02-12 16:40:28,336 INFO: Computing elliptic Chabauty map... (delta = ['-4', '-95/2', '-208', '-424', '-414', '-325/2'], g = [8, 56, 140, 153, 65])
2022-02-12 16:40:41,261 INFO: Elliptic Chabauty map computed. (delta = ['-4', '-95/2', '-208', '-424', '-414', '-325/2'], g = [8, 56, 140, 153, 65])
2022-02-12 16:40:41,264 INFO: Computing elliptic Chabauty map... (delta = ['1'], g = [1, 1])
2022-02-12 16:40:51,618 INFO: Elliptic Chabauty map computed. (delta = ['1'], g = [1, 1])
2022-02-12 16:40:51,622 INFO: Computing elliptic Chabauty map... (delta = ['1'], g = [8, 56, 140, 153, 65])
2022-02-12 16:41:04,496 INFO: Elliptic Chabauty map computed. (delta = ['1'], g = [8, 56, 140, 153, 65])
2022-02-12 16:41:04,500 INFO: Computing elliptic Chabauty map... (delta = ['-2', '-3087/260', '-10457/520', '-66/65', '12671/520', '2229/130'], g = [1, 1])
2022-02-12 16:41:14,864 INFO: Elliptic Chabauty map computed. (delta = ['-2', '-3087/260', '-10457/520', '-66/65', '12671/520', '2229/130'], g = [1, 1])
2022-02-12 16:41:14,867 INFO: Computing elliptic Chabauty map... (delta = ['-2', '-3087/260', '-10457/520', '-66/65', '12671/520', '2229/130'], g = [8, 56, 140, 153, 65])
2022-02-12 16:41:27,902 INFO: Elliptic Chabauty map computed. (delta = ['-2', '-3087/260', '-10457/520', '-66/65', '12671/520', '2229/130'], g = [8, 56, 140, 153, 65])
2022-02-12 16:41:27,907 INFO: Computing elliptic Chabauty map... (delta = ['-8', '-55', '-139', '-153', '-65'], g = [1, 1])
2022-02-12 16:41:38,281 INFO: Elliptic Chabauty map computed. (delta = ['-8', '-55', '-139', '-153', '-65'], g = [1, 1])
2022-02-12 16:41:38,286 INFO: Computing elliptic Chabauty map... (delta = ['-8', '-55', '-139', '-153', '-65'], g = [8, 56, 140, 153, 65])
2022-02-12 16:41:51,148 INFO: Elliptic Chabauty map computed. (delta = ['-8', '-55', '-139', '-153', '-65'], g = [8, 56, 140, 153, 65])
2022-02-12 16:41:51,153 INFO: Tasks complete. Recording data and exiting.
