2022-01-01 12:51:04,829 INFO: Initialized curve data.
2022-01-01 12:51:04,832 INFO: Setting up initial twist data...
2022-01-01 12:51:05,954 INFO: Twist setup complete.
2022-01-01 12:51:05,954 INFO: Searching for rational points on each twist...
2022-01-01 12:51:06,966 INFO: Finished searching for rational points on each twist.
2022-01-01 12:51:06,966 INFO: Testing local solvability of twists...
2022-01-01 12:51:06,971 INFO: Finished local solvability testing.
2022-01-01 12:51:06,973 INFO: Computing elliptic curve a-invariants...
2022-01-01 12:51:15,042 INFO: Finished computation of a-invariants.
2022-01-01 12:51:15,045 INFO: Computing MW group (delta = ['1', '-1'], g = [4, 17, 0, -52, -4, 36])...
2022-01-01 12:52:53,913 INFO: Finished MW computation (delta = ['1', '-1'], g = [4, 17, 0, -52, -4, 36])
2022-01-01 12:52:53,917 INFO: Obstruction found to provably computing rational points. Exiting.
2022-01-03 13:14:57,000 INFO: Obsolete "loc_solv_error" keys removed.
2022-01-10 22:42:02,402 INFO: Loaded curve data from file.
2022-01-10 22:42:02,402 INFO: Obstruction already found. Exiting.
2022-02-12 17:07:49,867 INFO: Loaded curve data from file.
2022-02-12 17:07:49,867 INFO: Computing elliptic Chabauty map... (delta = ['1', '-1'], g = [4, 17, 0, -52, -4, 36])
2022-02-12 17:08:02,598 INFO: Elliptic Chabauty map computed. (delta = ['1', '-1'], g = [4, 17, 0, -52, -4, 36])
2022-02-12 17:08:02,601 INFO: Computing elliptic Chabauty map... (delta = ['1'], g = [4, 17, 0, -52, -4, 36])
2022-02-12 17:08:15,149 INFO: Elliptic Chabauty map computed. (delta = ['1'], g = [4, 17, 0, -52, -4, 36])
2022-02-12 17:08:15,151 INFO: Computing elliptic Chabauty map... (delta = ['4', '16', '2', '-53', '-4', '36'], g = [4, 17, 0, -52, -4, 36])
2022-02-12 17:08:27,803 INFO: Elliptic Chabauty map computed. (delta = ['4', '16', '2', '-53', '-4', '36'], g = [4, 17, 0, -52, -4, 36])
2022-02-12 17:08:27,806 INFO: Computing elliptic Chabauty map... (delta = ['4', '16', '1', '-52', '-4', '36'], g = [4, 17, 0, -52, -4, 36])
2022-02-12 17:08:40,355 INFO: Elliptic Chabauty map computed. (delta = ['4', '16', '1', '-52', '-4', '36'], g = [4, 17, 0, -52, -4, 36])
2022-02-12 17:08:40,357 INFO: Tasks complete. Recording data and exiting.
