2022-02-01 12:30:32,342 INFO: Initialized curve data.
2022-02-01 12:30:32,348 INFO: Setting up initial twist data...
2022-02-01 12:30:33,724 INFO: Twist setup complete.
2022-02-01 12:30:33,724 INFO: Searching for rational points on each twist...
2022-02-01 12:30:36,005 INFO: Finished searching for rational points on each twist.
2022-02-01 12:30:36,006 INFO: Testing local solvability of twists...
2022-02-01 12:30:36,012 INFO: Finished local solvability testing.
2022-02-01 12:30:36,013 INFO: Computing elliptic curve a-invariants...
2022-02-01 12:30:49,117 INFO: Finished computation of a-invariants.
2022-02-01 12:30:49,120 INFO: Computing MW group (delta = ['2', '-1'], g = [-8, -4, 11, 3, 1, 1])...
2022-02-01 12:37:19,270 INFO: Finished MW computation (delta = ['2', '-1'], g = [-8, -4, 11, 3, 1, 1])
2022-02-01 12:37:19,276 INFO: Computing MW group (delta = ['-7', '-5', '11', '3', '1', '1'], g = [-8, -4, 11, 3, 1, 1])...
2022-02-01 12:43:57,463 INFO: Finished MW computation (delta = ['-7', '-5', '11', '3', '1', '1'], g = [-8, -4, 11, 3, 1, 1])
2022-02-01 12:43:57,467 INFO: Computing MW group (delta = ['-6', '-7', '12', '3', '1', '1'], g = [-8, -4, 11, 3, 1, 1])...
2022-02-01 12:52:43,275 INFO: Finished MW computation (delta = ['-6', '-7', '12', '3', '1', '1'], g = [-8, -4, 11, 3, 1, 1])
2022-02-01 12:52:43,281 INFO: Computing MW group (delta = ['1'], g = [-8, -4, 11, 3, 1, 1])...
2022-02-01 13:08:19,034 INFO: Finished MW computation (delta = ['1'], g = [-8, -4, 11, 3, 1, 1])
2022-02-01 13:08:19,041 INFO: Reducing MW generators...
2022-02-01 13:08:24,050 INFO: Finished reducing MW generators.
2022-02-01 13:08:24,055 INFO: Tasks complete. Recording data and exiting.
2022-02-02 04:48:13,336 INFO: Loaded curve data from file.
2022-02-02 04:48:13,337 INFO: Running elliptic Chabauty (delta = ['2', '-1'], g = [-8, -4, 11, 3, 1, 1])...
2022-02-02 04:48:31,312 INFO: Chabauty completed successfully (delta = ['2', '-1'], g = [-8, -4, 11, 3, 1, 1]).
2022-02-02 04:48:31,315 INFO: Running elliptic Chabauty (delta = ['-7', '-5', '11', '3', '1', '1'], g = [-8, -4, 11, 3, 1, 1])...
2022-02-02 04:48:48,357 INFO: Chabauty completed successfully (delta = ['-7', '-5', '11', '3', '1', '1'], g = [-8, -4, 11, 3, 1, 1]).
2022-02-02 04:48:48,359 INFO: Skipped Chabauty because MW group hasn't been provably computed. (delta = ['-6', '-7', '12', '3', '1', '1'], g = [-8, -4, 11, 3, 1, 1])
2022-02-02 04:48:48,359 INFO: Running elliptic Chabauty (delta = ['1'], g = [-8, -4, 11, 3, 1, 1])...
2022-02-02 04:49:00,170 INFO: Chabauty completed successfully (delta = ['1'], g = [-8, -4, 11, 3, 1, 1]).
2022-02-02 04:49:00,304 INFO: Tasks complete. Recording data and exiting.
2022-02-12 17:09:37,853 INFO: Loaded curve data from file.
2022-02-12 17:09:37,853 INFO: Computing elliptic Chabauty map... (delta = ['2', '-1'], g = [-8, -4, 11, 3, 1, 1])
2022-02-12 17:09:47,826 INFO: Elliptic Chabauty map computed. (delta = ['2', '-1'], g = [-8, -4, 11, 3, 1, 1])
2022-02-12 17:09:47,828 INFO: Computing elliptic Chabauty map... (delta = ['-7', '-5', '11', '3', '1', '1'], g = [-8, -4, 11, 3, 1, 1])
2022-02-12 17:09:57,347 INFO: Elliptic Chabauty map computed. (delta = ['-7', '-5', '11', '3', '1', '1'], g = [-8, -4, 11, 3, 1, 1])
2022-02-12 17:09:57,350 INFO: Computing elliptic Chabauty map... (delta = ['-6', '-7', '12', '3', '1', '1'], g = [-8, -4, 11, 3, 1, 1])
2022-02-12 17:10:07,093 INFO: Elliptic Chabauty map computed. (delta = ['-6', '-7', '12', '3', '1', '1'], g = [-8, -4, 11, 3, 1, 1])
2022-02-12 17:10:07,097 INFO: Computing elliptic Chabauty map... (delta = ['1'], g = [-8, -4, 11, 3, 1, 1])
2022-02-12 17:10:16,773 INFO: Elliptic Chabauty map computed. (delta = ['1'], g = [-8, -4, 11, 3, 1, 1])
2022-02-12 17:10:16,776 INFO: Tasks complete. Recording data and exiting.
