2022-01-01 12:51:06,204 INFO: Initialized curve data.
2022-01-01 12:51:06,207 INFO: Setting up initial twist data...
2022-01-01 12:51:07,055 INFO: Twist setup complete.
2022-01-01 12:51:07,055 INFO: Searching for rational points on each twist...
2022-01-01 12:51:07,866 INFO: Finished searching for rational points on each twist.
2022-01-01 12:51:07,866 INFO: Testing local solvability of twists...
2022-01-01 12:51:07,878 INFO: Finished local solvability testing.
2022-01-01 12:51:07,879 INFO: Computing elliptic curve a-invariants...
2022-01-01 12:51:33,608 INFO: Finished computation of a-invariants.
2022-01-01 12:51:33,610 INFO: Computing MW group (delta = ['-1', '0', '1'], g = [1, -1, -2, 1, 1, 1])...
2022-01-01 12:54:41,814 INFO: Finished MW computation (delta = ['-1', '0', '1'], g = [1, -1, -2, 1, 1, 1])
2022-01-01 12:54:41,820 INFO: Obstruction found to provably computing rational points. Exiting.
2022-01-03 13:14:58,000 INFO: Obsolete "loc_solv_error" keys removed.
2022-01-10 22:42:03,153 INFO: Loaded curve data from file.
2022-01-10 22:42:03,153 INFO: Obstruction already found. Exiting.
2022-02-12 17:37:19,000 INFO: Loaded curve data from file.
2022-02-12 17:37:19,000 INFO: Computing elliptic Chabauty map... (delta = ['-1', '0', '1'], g = [1, -1, -2, 1, 1, 1])
2022-02-12 17:37:38,012 INFO: Elliptic Chabauty map computed. (delta = ['-1', '0', '1'], g = [1, -1, -2, 1, 1, 1])
2022-02-12 17:37:38,015 INFO: Computing elliptic Chabauty map... (delta = ['1'], g = [1, -1, -2, 1, 1, 1])
2022-02-12 17:37:56,554 INFO: Elliptic Chabauty map computed. (delta = ['1'], g = [1, -1, -2, 1, 1, 1])
2022-02-12 17:37:56,557 INFO: Computing elliptic Chabauty map... (delta = ['1', '-2', '-1', '1', '1', '1'], g = [1, -1, -2, 1, 1, 1])
2022-02-12 17:38:14,467 INFO: Elliptic Chabauty map computed. (delta = ['1', '-2', '-1', '1', '1', '1'], g = [1, -1, -2, 1, 1, 1])
2022-02-12 17:38:14,469 INFO: Computing elliptic Chabauty map... (delta = ['-1', '2', '1', '-2', '0', '-1'], g = [1, -1, -2, 1, 1, 1])
2022-02-12 17:38:32,216 INFO: Elliptic Chabauty map computed. (delta = ['-1', '2', '1', '-2', '0', '-1'], g = [1, -1, -2, 1, 1, 1])
2022-02-12 17:38:32,220 INFO: Tasks complete. Recording data and exiting.
