2022-01-11 15:10:19,356 INFO: Initialized curve data.
2022-01-11 15:10:19,358 INFO: Setting up initial twist data...
2022-01-11 15:10:20,380 INFO: Twist setup complete.
2022-01-11 15:10:20,380 INFO: Searching for rational points on each twist...
2022-01-11 15:10:21,943 INFO: Finished searching for rational points on each twist.
2022-01-11 15:10:21,943 INFO: Testing local solvability of twists...
2022-01-11 15:10:21,948 INFO: Finished local solvability testing.
2022-01-11 15:10:21,949 INFO: Computing elliptic curve a-invariants...
2022-01-11 15:10:35,295 INFO: Finished computation of a-invariants.
2022-01-11 15:10:35,297 INFO: Computing MW group (delta = ['2', '-17/2', '7', '5/2', '3', '1/2'], g = [4, -16, 12, 5, 6, 1])...
2022-01-11 15:12:41,689 INFO: Finished MW computation (delta = ['2', '-17/2', '7', '5/2', '3', '1/2'], g = [4, -16, 12, 5, 6, 1])
2022-01-11 15:12:41,693 INFO: Computing MW group (delta = ['4', '-17', '12', '5', '6', '1'], g = [4, -16, 12, 5, 6, 1])...
2022-01-11 15:13:28,442 INFO: Finished MW computation (delta = ['4', '-17', '12', '5', '6', '1'], g = [4, -16, 12, 5, 6, 1])
2022-01-11 15:13:28,446 INFO: Computing MW group (delta = ['1'], g = [4, -16, 12, 5, 6, 1])...
2022-01-14 09:07:33,909 INFO: Loaded curve data from file.
2022-01-14 09:07:33,910 INFO: Reducing MW generators...
2022-01-14 09:07:34,586 INFO: Finished reducing MW generators.
2022-01-14 09:07:34,589 INFO: Skipped Chabauty because MW group hasn't been provably computed. (delta = ['2', '-17/2', '7', '5/2', '3', '1/2'], g = [4, -16, 12, 5, 6, 1])
2022-01-14 09:07:34,589 INFO: Running elliptic Chabauty (delta = ['4', '-17', '12', '5', '6', '1'], g = [4, -16, 12, 5, 6, 1])...
2022-01-14 09:07:47,425 INFO: Chabauty completed successfully (delta = ['4', '-17', '12', '5', '6', '1'], g = [4, -16, 12, 5, 6, 1]).
2022-01-14 09:07:47,428 INFO: Skipped Chabauty because MW generators haven't been computed. (delta = ['1'], g = [4, -16, 12, 5, 6, 1])
2022-01-14 09:07:47,428 INFO: Skipped Chabauty because MW generators haven't been computed. (delta = ['1/2', '-1'], g = [4, -16, 12, 5, 6, 1])
2022-01-14 09:07:47,474 INFO: Tasks complete. Recording data and exiting.
2022-02-12 17:13:08,983 INFO: Loaded curve data from file.
2022-02-12 17:13:08,983 INFO: Computing elliptic Chabauty map... (delta = ['2', '-17/2', '7', '5/2', '3', '1/2'], g = [4, -16, 12, 5, 6, 1])
2022-02-12 17:13:24,927 INFO: Elliptic Chabauty map computed. (delta = ['2', '-17/2', '7', '5/2', '3', '1/2'], g = [4, -16, 12, 5, 6, 1])
2022-02-12 17:13:24,929 INFO: Computing elliptic Chabauty map... (delta = ['4', '-17', '12', '5', '6', '1'], g = [4, -16, 12, 5, 6, 1])
2022-02-12 17:13:40,805 INFO: Elliptic Chabauty map computed. (delta = ['4', '-17', '12', '5', '6', '1'], g = [4, -16, 12, 5, 6, 1])
2022-02-12 17:13:40,807 INFO: Computing elliptic Chabauty map... (delta = ['1'], g = [4, -16, 12, 5, 6, 1])
2022-02-12 17:13:56,805 INFO: Elliptic Chabauty map computed. (delta = ['1'], g = [4, -16, 12, 5, 6, 1])
2022-02-12 17:13:56,807 INFO: Computing elliptic Chabauty map... (delta = ['1/2', '-1'], g = [4, -16, 12, 5, 6, 1])
2022-02-12 17:14:12,672 INFO: Elliptic Chabauty map computed. (delta = ['1/2', '-1'], g = [4, -16, 12, 5, 6, 1])
2022-02-12 17:14:12,675 INFO: Tasks complete. Recording data and exiting.
