2022-01-11 15:10:17,898 INFO: Initialized curve data.
2022-01-11 15:10:17,902 INFO: Setting up initial twist data...
2022-01-11 15:10:18,773 INFO: Twist setup complete.
2022-01-11 15:10:18,773 INFO: Searching for rational points on each twist...
2022-01-11 15:10:20,132 INFO: Finished searching for rational points on each twist.
2022-01-11 15:10:20,132 INFO: Testing local solvability of twists...
2022-01-11 15:10:22,385 INFO: Finished local solvability testing.
2022-01-11 15:10:22,387 INFO: Computing elliptic curve a-invariants...
2022-01-11 15:10:32,340 INFO: Finished computation of a-invariants.
2022-01-11 15:10:32,341 INFO: Computing MW group (delta = ['4', '-13', '1', '4', '4', '1'], g = [4, -12, 0, 4, 4, 1])...
2022-01-11 15:12:00,512 INFO: Finished MW computation (delta = ['4', '-13', '1', '4', '4', '1'], g = [4, -12, 0, 4, 4, 1])
2022-01-11 15:12:00,515 INFO: Skipped MW computation because no base point (delta = ['1', '-1'])
2022-01-11 15:12:00,516 INFO: Computing MW group (delta = ['1'], g = [4, -12, 0, 4, 4, 1])...
2022-01-11 15:14:30,039 INFO: Finished MW computation (delta = ['1'], g = [4, -12, 0, 4, 4, 1])
2022-01-11 15:14:30,042 INFO: Computing MW group (delta = ['4', '-13', '0', '4', '4', '1'], g = [4, -12, 0, 4, 4, 1])...
2022-01-11 15:16:41,926 INFO: Finished MW computation (delta = ['4', '-13', '0', '4', '4', '1'], g = [4, -12, 0, 4, 4, 1])
2022-01-11 15:16:41,932 INFO: Reducing MW generators...
2022-01-11 15:16:45,075 INFO: Finished reducing MW generators.
2022-01-11 15:16:45,078 INFO: Tasks complete. Recording data and exiting.
2022-01-14 09:07:32,006 INFO: Loaded curve data from file.
2022-01-14 09:07:32,008 INFO: Running elliptic Chabauty (delta = ['4', '-13', '1', '4', '4', '1'], g = [4, -12, 0, 4, 4, 1])...
2022-01-14 09:07:44,900 INFO: Chabauty completed successfully (delta = ['4', '-13', '1', '4', '4', '1'], g = [4, -12, 0, 4, 4, 1]).
2022-01-14 09:07:44,981 INFO: Skipped Chabauty because no base point (delta = ['1', '-1'])
2022-01-14 09:07:44,982 INFO: Running elliptic Chabauty (delta = ['1'], g = [4, -12, 0, 4, 4, 1])...
2022-01-14 09:08:04,824 INFO: Chabauty completed successfully (delta = ['1'], g = [4, -12, 0, 4, 4, 1]).
2022-01-14 09:08:04,828 INFO: Running elliptic Chabauty (delta = ['4', '-13', '0', '4', '4', '1'], g = [4, -12, 0, 4, 4, 1])...
2022-01-14 09:08:38,983 INFO: Chabauty completed successfully (delta = ['4', '-13', '0', '4', '4', '1'], g = [4, -12, 0, 4, 4, 1]).
2022-01-14 09:08:39,340 INFO: Rational points successfully computed.
2022-01-14 09:08:39,357 INFO: Tasks complete. Recording data and exiting.
2022-02-12 17:28:23,005 INFO: Loaded curve data from file.
2022-02-12 17:28:23,005 INFO: Computing elliptic Chabauty map... (delta = ['4', '-13', '1', '4', '4', '1'], g = [4, -12, 0, 4, 4, 1])
2022-02-12 17:28:36,531 INFO: Elliptic Chabauty map computed. (delta = ['4', '-13', '1', '4', '4', '1'], g = [4, -12, 0, 4, 4, 1])
2022-02-12 17:28:36,534 INFO: Computing elliptic Chabauty map... (delta = ['1'], g = [4, -12, 0, 4, 4, 1])
2022-02-12 17:28:49,832 INFO: Elliptic Chabauty map computed. (delta = ['1'], g = [4, -12, 0, 4, 4, 1])
2022-02-12 17:28:49,835 INFO: Computing elliptic Chabauty map... (delta = ['4', '-13', '0', '4', '4', '1'], g = [4, -12, 0, 4, 4, 1])
2022-02-12 17:29:03,178 INFO: Elliptic Chabauty map computed. (delta = ['4', '-13', '0', '4', '4', '1'], g = [4, -12, 0, 4, 4, 1])
2022-02-12 17:29:03,180 INFO: Tasks complete. Recording data and exiting.
