2022-01-11 15:41:09,031 INFO: Initialized curve data.
2022-01-11 15:41:09,038 INFO: Setting up initial twist data...
2022-01-11 15:41:10,017 INFO: Twist setup complete.
2022-01-11 15:41:10,017 INFO: Searching for rational points on each twist...
2022-01-11 15:41:13,004 INFO: Finished searching for rational points on each twist.
2022-01-11 15:41:13,004 INFO: Testing local solvability of twists...
2022-01-11 15:41:56,559 INFO: Finished local solvability testing.
2022-01-11 15:41:56,560 INFO: Computing elliptic curve a-invariants...
2022-01-11 15:42:00,754 INFO: Finished computation of a-invariants.
2022-01-11 15:42:00,755 INFO: Skipped MW computation because no base point (delta = ['-4', '10', '9', '-28', '17', '-3'])
2022-01-11 15:42:00,755 INFO: Skipped MW computation because no base point (delta = ['-4', '-8', '21', '-10', '-1', '1'])
2022-01-11 15:42:00,755 INFO: Computing MW group (delta = ['2', '-3', '1'], g = [-2, 0, 1])...
2022-01-11 15:42:01,993 INFO: Finished MW computation (delta = ['2', '-3', '1'], g = [-2, 0, 1])
2022-01-11 15:42:01,995 INFO: Computing MW group (delta = ['2', '-3', '1'], g = [1, 3, -4, 1])...
2022-01-11 15:42:05,129 INFO: Finished MW computation (delta = ['2', '-3', '1'], g = [1, 3, -4, 1])
2022-01-11 15:42:05,131 INFO: Computing MW group (delta = ['4', '10', '-13', '-6', '9', '-2'], g = [-2, 0, 1])...
2022-01-11 15:42:05,795 INFO: Finished MW computation (delta = ['4', '10', '-13', '-6', '9', '-2'], g = [-2, 0, 1])
2022-01-11 15:42:05,797 INFO: Computing MW group (delta = ['4', '10', '-13', '-6', '9', '-2'], g = [1, 3, -4, 1])...
2022-01-11 15:42:07,731 INFO: Finished MW computation (delta = ['4', '10', '-13', '-6', '9', '-2'], g = [1, 3, -4, 1])
2022-01-11 15:42:07,734 INFO: Skipped MW computation because no base point (delta = ['-2', '1', '4', '-4', '1'])
2022-01-11 15:42:07,734 INFO: Skipped MW computation because no base point (delta = ['-8', '-4', '64', '-85', '40', '-6'])
2022-01-11 15:42:07,734 INFO: Computing MW group (delta = ['1'], g = [-2, 0, 1])...
2022-01-11 15:42:08,415 INFO: Finished MW computation (delta = ['1'], g = [-2, 0, 1])
2022-01-11 15:42:08,417 INFO: Computing MW group (delta = ['1'], g = [1, 3, -4, 1])...
2022-01-11 15:42:12,926 INFO: Finished MW computation (delta = ['1'], g = [1, 3, -4, 1])
2022-01-11 15:42:12,928 INFO: Computing MW group (delta = ['2', '5', '-8', '-1', '4', '-1'], g = [-2, 0, 1])...
2022-01-11 15:42:13,612 INFO: Finished MW computation (delta = ['2', '5', '-8', '-1', '4', '-1'], g = [-2, 0, 1])
2022-01-11 15:42:13,614 INFO: Computing MW group (delta = ['2', '5', '-8', '-1', '4', '-1'], g = [1, 3, -4, 1])...
2022-01-11 15:42:15,490 INFO: Finished MW computation (delta = ['2', '5', '-8', '-1', '4', '-1'], g = [1, 3, -4, 1])
2022-01-11 15:42:15,494 INFO: Reducing MW generators...
2022-01-11 15:42:19,039 INFO: Finished reducing MW generators.
2022-01-11 15:42:19,042 INFO: Tasks complete. Recording data and exiting.
2022-01-14 09:08:03,073 INFO: Loaded curve data from file.
2022-01-14 09:08:03,074 INFO: Skipped Chabauty because no base point (delta = ['-4', '10', '9', '-28', '17', '-3'])
2022-01-14 09:08:03,074 INFO: Skipped Chabauty because no base point (delta = ['-4', '-8', '21', '-10', '-1', '1'])
2022-01-14 09:08:03,074 INFO: Skipped Chabauty because rank >= degree(g). (delta = ['2', '-3', '1'], g = [-2, 0, 1])
2022-01-14 09:08:03,074 INFO: Running elliptic Chabauty (delta = ['2', '-3', '1'], g = [1, 3, -4, 1])...
2022-01-14 09:08:16,184 INFO: Chabauty completed successfully (delta = ['2', '-3', '1'], g = [1, 3, -4, 1]).
2022-01-14 09:08:16,262 INFO: Running elliptic Chabauty (delta = ['4', '10', '-13', '-6', '9', '-2'], g = [-2, 0, 1])...
2022-01-14 09:08:26,782 INFO: Chabauty completed successfully (delta = ['4', '10', '-13', '-6', '9', '-2'], g = [-2, 0, 1]).
2022-01-14 09:08:26,801 INFO: Skipped Chabauty because twist points already verified. (delta = ['4', '10', '-13', '-6', '9', '-2'])
2022-01-14 09:08:26,801 INFO: Skipped Chabauty because no base point (delta = ['-2', '1', '4', '-4', '1'])
2022-01-14 09:08:26,801 INFO: Skipped Chabauty because no base point (delta = ['-8', '-4', '64', '-85', '40', '-6'])
2022-01-14 09:08:26,801 INFO: Running elliptic Chabauty (delta = ['1'], g = [-2, 0, 1])...
2022-01-14 09:08:35,654 INFO: Chabauty completed successfully (delta = ['1'], g = [-2, 0, 1]).
2022-01-14 09:08:35,658 INFO: Skipped Chabauty because twist points already verified. (delta = ['1'])
2022-01-14 09:08:35,658 INFO: Running elliptic Chabauty (delta = ['2', '5', '-8', '-1', '4', '-1'], g = [-2, 0, 1])...
2022-01-14 09:08:45,790 INFO: Chabauty completed successfully (delta = ['2', '5', '-8', '-1', '4', '-1'], g = [-2, 0, 1]).
2022-01-14 09:08:45,794 INFO: Skipped Chabauty because twist points already verified. (delta = ['2', '5', '-8', '-1', '4', '-1'])
2022-01-14 09:08:46,382 INFO: Rational points successfully computed.
2022-01-14 09:08:46,388 INFO: Tasks complete. Recording data and exiting.
2022-02-12 17:41:00,291 INFO: Loaded curve data from file.
2022-02-12 17:41:00,291 INFO: Computing elliptic Chabauty map... (delta = ['2', '-3', '1'], g = [-2, 0, 1])
2022-02-12 17:41:11,992 INFO: Elliptic Chabauty map computed. (delta = ['2', '-3', '1'], g = [-2, 0, 1])
2022-02-12 17:41:11,995 INFO: Computing elliptic Chabauty map... (delta = ['2', '-3', '1'], g = [1, 3, -4, 1])
2022-02-12 17:41:24,517 INFO: Elliptic Chabauty map computed. (delta = ['2', '-3', '1'], g = [1, 3, -4, 1])
2022-02-12 17:41:24,525 INFO: Computing elliptic Chabauty map... (delta = ['4', '10', '-13', '-6', '9', '-2'], g = [-2, 0, 1])
2022-02-12 17:41:36,107 INFO: Elliptic Chabauty map computed. (delta = ['4', '10', '-13', '-6', '9', '-2'], g = [-2, 0, 1])
2022-02-12 17:41:36,111 INFO: Computing elliptic Chabauty map... (delta = ['4', '10', '-13', '-6', '9', '-2'], g = [1, 3, -4, 1])
2022-02-12 17:41:48,568 INFO: Elliptic Chabauty map computed. (delta = ['4', '10', '-13', '-6', '9', '-2'], g = [1, 3, -4, 1])
2022-02-12 17:41:48,573 INFO: Computing elliptic Chabauty map... (delta = ['1'], g = [-2, 0, 1])
2022-02-12 17:42:00,069 INFO: Elliptic Chabauty map computed. (delta = ['1'], g = [-2, 0, 1])
2022-02-12 17:42:00,073 INFO: Computing elliptic Chabauty map... (delta = ['1'], g = [1, 3, -4, 1])
2022-02-12 17:42:12,461 INFO: Elliptic Chabauty map computed. (delta = ['1'], g = [1, 3, -4, 1])
2022-02-12 17:42:12,466 INFO: Computing elliptic Chabauty map... (delta = ['2', '5', '-8', '-1', '4', '-1'], g = [-2, 0, 1])
2022-02-12 17:42:24,608 INFO: Elliptic Chabauty map computed. (delta = ['2', '5', '-8', '-1', '4', '-1'], g = [-2, 0, 1])
2022-02-12 17:42:24,613 INFO: Computing elliptic Chabauty map... (delta = ['2', '5', '-8', '-1', '4', '-1'], g = [1, 3, -4, 1])
2022-02-12 17:42:36,810 INFO: Elliptic Chabauty map computed. (delta = ['2', '5', '-8', '-1', '4', '-1'], g = [1, 3, -4, 1])
2022-02-12 17:42:36,815 INFO: Tasks complete. Recording data and exiting.
