2022-01-12 09:25:54,040 INFO: Initialized curve data.
2022-01-12 09:25:54,042 INFO: Setting up initial twist data...
2022-01-12 09:25:55,435 INFO: Twist setup complete.
2022-01-12 09:25:55,435 INFO: Searching for rational points on each twist...
2022-01-12 09:25:58,206 INFO: Finished searching for rational points on each twist.
2022-01-12 09:25:58,207 INFO: Testing local solvability of twists...
2022-01-12 09:26:06,050 INFO: Finished local solvability testing.
2022-01-12 09:26:06,052 INFO: Computing elliptic curve a-invariants...
2022-01-12 09:26:18,914 INFO: Finished computation of a-invariants.
2022-01-12 09:26:18,916 INFO: Computing MW group (delta = ['-38', '73', '-11', '-24', '6', '3'], g = [-12, 24, -4, -8, 2, 1])...
2022-01-14 09:10:50,975 INFO: Loaded curve data from file.
2022-01-14 09:10:50,975 INFO: Reducing MW generators...
2022-01-14 09:10:50,975 INFO: Finished reducing MW generators.
2022-01-14 09:10:50,977 INFO: Skipped Chabauty because MW generators haven't been computed. (delta = ['-38', '73', '-11', '-24', '6', '3'], g = [-12, 24, -4, -8, 2, 1])
2022-01-14 09:10:50,977 INFO: Skipped Chabauty because no base point (delta = ['436', '-864', '141', '287', '-72', '-36'])
2022-01-14 09:10:50,977 INFO: Skipped Chabauty because MW generators haven't been computed. (delta = ['1'], g = [-12, 24, -4, -8, 2, 1])
2022-01-14 09:10:50,977 INFO: Skipped Chabauty because MW generators haven't been computed. (delta = ['-14', '23', '-4', '-8', '2', '1'], g = [-12, 24, -4, -8, 2, 1])
2022-01-14 09:10:51,023 INFO: Tasks complete. Recording data and exiting.
2022-02-12 17:19:37,824 INFO: Loaded curve data from file.
2022-02-12 17:19:37,825 INFO: Computing elliptic Chabauty map... (delta = ['-38', '73', '-11', '-24', '6', '3'], g = [-12, 24, -4, -8, 2, 1])
2022-02-12 17:19:53,935 INFO: Elliptic Chabauty map computed. (delta = ['-38', '73', '-11', '-24', '6', '3'], g = [-12, 24, -4, -8, 2, 1])
2022-02-12 17:19:53,937 INFO: Computing elliptic Chabauty map... (delta = ['1'], g = [-12, 24, -4, -8, 2, 1])
2022-02-12 17:20:09,852 INFO: Elliptic Chabauty map computed. (delta = ['1'], g = [-12, 24, -4, -8, 2, 1])
2022-02-12 17:20:09,854 INFO: Computing elliptic Chabauty map... (delta = ['-14', '23', '-4', '-8', '2', '1'], g = [-12, 24, -4, -8, 2, 1])
2022-02-12 17:20:26,021 INFO: Elliptic Chabauty map computed. (delta = ['-14', '23', '-4', '-8', '2', '1'], g = [-12, 24, -4, -8, 2, 1])
2022-02-12 17:20:26,023 INFO: Tasks complete. Recording data and exiting.
