2022-01-13 21:55:00,125 INFO: Initialized curve data.
2022-01-13 21:55:00,129 INFO: Setting up initial twist data...
2022-01-13 21:55:01,486 INFO: Twist setup complete.
2022-01-13 21:55:01,486 INFO: Searching for rational points on each twist...
2022-01-13 21:55:04,427 INFO: Finished searching for rational points on each twist.
2022-01-13 21:55:04,427 INFO: Testing local solvability of twists...
2022-01-13 21:55:14,808 INFO: Finished local solvability testing.
2022-01-13 21:55:14,810 INFO: Computing elliptic curve a-invariants...
2022-01-13 21:55:21,215 INFO: Finished computation of a-invariants.
2022-01-13 21:55:21,217 INFO: Computing MW group (delta = ['2', '0', '9', '1/2', '3', '1/2'], g = [4, 1, 14, 3, 6, 1])...
2022-01-13 22:32:27,914 INFO: Finished MW computation (delta = ['2', '0', '9', '1/2', '3', '1/2'], g = [4, 1, 14, 3, 6, 1])
2022-01-13 22:32:27,919 INFO: Computing MW group (delta = ['4', '0', '14', '3', '6', '1'], g = [4, 1, 14, 3, 6, 1])...
2022-01-13 22:37:36,387 INFO: Finished MW computation (delta = ['4', '0', '14', '3', '6', '1'], g = [4, 1, 14, 3, 6, 1])
2022-01-13 22:37:36,394 INFO: Skipped MW computation because no base point (delta = ['1/2', '-2', '1'])
2022-01-13 22:37:36,394 INFO: Computing MW group (delta = ['1'], g = [4, 1, 14, 3, 6, 1])...
2022-01-14 11:35:40,654 INFO: Loaded curve data from file.
2022-01-14 11:35:40,655 INFO: Reducing MW generators...
2022-01-14 11:35:42,864 INFO: Finished reducing MW generators.
2022-01-14 11:35:42,867 INFO: Running elliptic Chabauty (delta = ['2', '0', '9', '1/2', '3', '1/2'], g = [4, 1, 14, 3, 6, 1])...
2022-01-14 11:36:09,787 INFO: Chabauty completed successfully (delta = ['2', '0', '9', '1/2', '3', '1/2'], g = [4, 1, 14, 3, 6, 1]).
2022-01-14 11:36:09,789 INFO: Running elliptic Chabauty (delta = ['4', '0', '14', '3', '6', '1'], g = [4, 1, 14, 3, 6, 1])...
2022-01-14 11:36:24,659 INFO: Chabauty completed successfully (delta = ['4', '0', '14', '3', '6', '1'], g = [4, 1, 14, 3, 6, 1]).
2022-01-14 11:36:24,661 INFO: Skipped Chabauty because no base point (delta = ['1/2', '-2', '1'])
2022-01-14 11:36:24,661 INFO: Skipped Chabauty because MW generators haven't been computed. (delta = ['1'], g = [4, 1, 14, 3, 6, 1])
2022-01-14 11:36:24,916 INFO: Tasks complete. Recording data and exiting.
2022-02-12 17:11:54,382 INFO: Loaded curve data from file.
2022-02-12 17:11:54,382 INFO: Computing elliptic Chabauty map... (delta = ['2', '0', '9', '1/2', '3', '1/2'], g = [4, 1, 14, 3, 6, 1])
2022-02-12 17:12:08,151 INFO: Elliptic Chabauty map computed. (delta = ['2', '0', '9', '1/2', '3', '1/2'], g = [4, 1, 14, 3, 6, 1])
2022-02-12 17:12:08,154 INFO: Computing elliptic Chabauty map... (delta = ['4', '0', '14', '3', '6', '1'], g = [4, 1, 14, 3, 6, 1])
2022-02-12 17:12:21,525 INFO: Elliptic Chabauty map computed. (delta = ['4', '0', '14', '3', '6', '1'], g = [4, 1, 14, 3, 6, 1])
2022-02-12 17:12:21,527 INFO: Computing elliptic Chabauty map... (delta = ['1'], g = [4, 1, 14, 3, 6, 1])
2022-02-12 17:12:34,952 INFO: Elliptic Chabauty map computed. (delta = ['1'], g = [4, 1, 14, 3, 6, 1])
2022-02-12 17:12:34,954 INFO: Tasks complete. Recording data and exiting.
