2022-01-11 12:29:23,328 INFO: Initialized curve data.
2022-01-11 12:29:23,331 INFO: Setting up initial twist data...
2022-01-11 12:29:24,559 INFO: Twist setup complete.
2022-01-11 12:29:24,560 INFO: Searching for rational points on each twist...
2022-01-11 12:29:26,069 INFO: Finished searching for rational points on each twist.
2022-01-11 12:29:26,069 INFO: Testing local solvability of twists...
2022-01-11 12:29:33,977 INFO: Finished local solvability testing.
2022-01-11 12:29:33,979 INFO: Computing elliptic curve a-invariants...
2022-01-11 12:29:39,331 INFO: Finished computation of a-invariants.
2022-01-11 12:29:39,332 INFO: Skipped MW computation because no base point (delta = ['1/2', '-1/2', '1'])
2022-01-11 12:29:39,332 INFO: Computing MW group (delta = ['1'], g = [-4, 3, -14, 9, -10, 7])...
2022-01-11 12:31:17,134 INFO: Finished MW computation (delta = ['1'], g = [-4, 3, -14, 9, -10, 7])
2022-01-11 12:31:17,138 INFO: Computing MW group (delta = ['1/4', '-1/4', '1', '-1/2', '1'], g = [-4, 3, -14, 9, -10, 7])...
2022-01-13 17:36:46,206 INFO: Loaded curve data from file.
2022-01-13 17:36:46,206 INFO: Reducing MW generators...
2022-01-13 17:36:46,566 INFO: Finished reducing MW generators.
2022-01-13 17:36:46,568 INFO: Skipped Chabauty because no base point (delta = ['1/2', '-1/2', '1'])
2022-01-13 17:36:46,568 INFO: Skipped Chabauty because MW group hasn't been provably computed. (delta = ['1'], g = [-4, 3, -14, 9, -10, 7])
2022-01-13 17:36:46,568 INFO: Skipped Chabauty because MW generators haven't been computed. (delta = ['1/4', '-1/4', '1', '-1/2', '1'], g = [-4, 3, -14, 9, -10, 7])
2022-01-13 17:36:46,568 INFO: Skipped Chabauty because MW generators haven't been computed. (delta = ['1/2', '0', '1'], g = [-4, 3, -14, 9, -10, 7])
2022-01-13 17:36:46,603 INFO: Tasks complete. Recording data and exiting.
2022-02-12 17:11:01,356 INFO: Loaded curve data from file.
2022-02-12 17:11:01,357 INFO: Computing elliptic Chabauty map... (delta = ['1'], g = [-4, 3, -14, 9, -10, 7])
2022-02-12 17:11:15,614 INFO: Elliptic Chabauty map computed. (delta = ['1'], g = [-4, 3, -14, 9, -10, 7])
2022-02-12 17:11:15,616 INFO: Computing elliptic Chabauty map... (delta = ['1/4', '-1/4', '1', '-1/2', '1'], g = [-4, 3, -14, 9, -10, 7])
2022-02-12 17:11:29,913 INFO: Elliptic Chabauty map computed. (delta = ['1/4', '-1/4', '1', '-1/2', '1'], g = [-4, 3, -14, 9, -10, 7])
2022-02-12 17:11:29,916 INFO: Computing elliptic Chabauty map... (delta = ['1/2', '0', '1'], g = [-4, 3, -14, 9, -10, 7])
2022-02-12 17:11:43,956 INFO: Elliptic Chabauty map computed. (delta = ['1/2', '0', '1'], g = [-4, 3, -14, 9, -10, 7])
2022-02-12 17:11:43,959 INFO: Tasks complete. Recording data and exiting.
