2022-01-01 12:50:47,243 INFO: Initialized curve data.
2022-01-01 12:50:47,249 INFO: Setting up initial twist data...
2022-01-01 12:50:48,595 INFO: Twist setup complete.
2022-01-01 12:50:48,595 INFO: Searching for rational points on each twist...
2022-01-01 12:50:49,821 INFO: Finished searching for rational points on each twist.
2022-01-01 12:50:49,821 INFO: Testing local solvability of twists...
2022-01-01 12:50:49,829 INFO: Finished local solvability testing.
2022-01-01 12:50:49,830 INFO: Computing elliptic curve a-invariants...
2022-01-01 12:51:09,319 INFO: Finished computation of a-invariants.
2022-01-01 12:51:09,320 INFO: Computing MW group (delta = ['1', '2', '-5', '-12', '-2', '2'], g = [1, 1, -12, -24, -4, 4])...
2022-01-01 12:52:15,741 INFO: Finished MW computation (delta = ['1', '2', '-5', '-12', '-2', '2'], g = [1, 1, -12, -24, -4, 4])
2022-01-01 12:52:15,744 INFO: Computing MW group (delta = ['1'], g = [1, 1, -12, -24, -4, 4])...
2022-01-01 12:54:04,744 INFO: Finished MW computation (delta = ['1'], g = [1, 1, -12, -24, -4, 4])
2022-01-01 12:54:04,747 INFO: Computing MW group (delta = ['0', '-1', '-5', '-7', '-1', '1'], g = [1, 1, -12, -24, -4, 4])...
2022-01-01 12:54:49,465 INFO: Finished MW computation (delta = ['0', '-1', '-5', '-7', '-1', '1'], g = [1, 1, -12, -24, -4, 4])
2022-01-01 12:54:49,467 INFO: Obstruction found to provably computing rational points. Exiting.
2022-01-03 13:14:57,000 INFO: Obsolete "loc_solv_error" keys removed.
2022-01-10 22:39:05,138 INFO: Loaded curve data from file.
2022-01-10 22:39:05,138 INFO: Obstruction already found. Exiting.
2022-02-12 17:51:59,027 INFO: Loaded curve data from file.
2022-02-12 17:51:59,028 INFO: Computing elliptic Chabauty map... (delta = ['1', '2', '-5', '-12', '-2', '2'], g = [1, 1, -12, -24, -4, 4])
2022-02-12 17:52:10,729 INFO: Elliptic Chabauty map computed. (delta = ['1', '2', '-5', '-12', '-2', '2'], g = [1, 1, -12, -24, -4, 4])
2022-02-12 17:52:10,732 INFO: Computing elliptic Chabauty map... (delta = ['1'], g = [1, 1, -12, -24, -4, 4])
2022-02-12 17:52:22,340 INFO: Elliptic Chabauty map computed. (delta = ['1'], g = [1, 1, -12, -24, -4, 4])
2022-02-12 17:52:22,343 INFO: Computing elliptic Chabauty map... (delta = ['0', '-1', '-5', '-7', '-1', '1'], g = [1, 1, -12, -24, -4, 4])
2022-02-12 17:52:33,884 INFO: Elliptic Chabauty map computed. (delta = ['0', '-1', '-5', '-7', '-1', '1'], g = [1, 1, -12, -24, -4, 4])
2022-02-12 17:52:33,887 INFO: Computing elliptic Chabauty map... (delta = ['-1/2', '-1'], g = [1, 1, -12, -24, -4, 4])
2022-02-12 17:52:45,466 INFO: Elliptic Chabauty map computed. (delta = ['-1/2', '-1'], g = [1, 1, -12, -24, -4, 4])
2022-02-12 17:52:45,469 INFO: Tasks complete. Recording data and exiting.
