2022-01-01 12:50:56,320 INFO: Initialized curve data.
2022-01-01 12:50:56,323 INFO: Setting up initial twist data...
2022-01-01 12:50:57,611 INFO: Twist setup complete.
2022-01-01 12:50:57,611 INFO: Searching for rational points on each twist...
2022-01-01 12:50:59,547 INFO: Finished searching for rational points on each twist.
2022-01-01 12:50:59,547 INFO: Testing local solvability of twists...
2022-01-01 12:51:23,032 INFO: Finished local solvability testing.
2022-01-01 12:51:23,034 INFO: Computing elliptic curve a-invariants...
2022-01-01 12:51:27,260 INFO: Finished computation of a-invariants.
2022-01-01 12:51:27,263 INFO: Computing MW group (delta = ['2', '-16', '41', '-69/2', '0', '3'], g = [1, -4, 2])...
2022-01-01 12:51:28,155 INFO: Finished MW computation (delta = ['2', '-16', '41', '-69/2', '0', '3'], g = [1, -4, 2])
2022-01-01 12:51:28,159 INFO: Computing MW group (delta = ['2', '-16', '41', '-69/2', '0', '3'], g = [4, -15, 0, 2])...
2022-01-01 12:51:38,009 INFO: Finished MW computation (delta = ['2', '-16', '41', '-69/2', '0', '3'], g = [4, -15, 0, 2])
2022-01-01 12:51:38,014 INFO: Computing MW group (delta = ['4', '-32', '69', '-28', '-8', '4'], g = [1, -4, 2])...
2022-01-01 12:51:40,369 INFO: Finished MW computation (delta = ['4', '-32', '69', '-28', '-8', '4'], g = [1, -4, 2])
2022-01-01 12:51:40,374 INFO: Computing MW group (delta = ['4', '-32', '69', '-28', '-8', '4'], g = [4, -15, 0, 2])...
2022-01-03 13:14:57,000 INFO: Obsolete "loc_solv_error" keys removed.
2022-01-10 22:39:12,433 INFO: Loaded curve data from file.
2022-01-10 22:39:12,433 INFO: Reducing MW generators...
2022-01-10 22:39:12,961 INFO: Finished reducing MW generators.
2022-01-10 22:39:12,966 INFO: Running elliptic Chabauty (delta = ['2', '-16', '41', '-69/2', '0', '3'], g = [1, -4, 2])...
2022-01-10 22:39:23,118 INFO: Chabauty completed successfully (delta = ['2', '-16', '41', '-69/2', '0', '3'], g = [1, -4, 2]).
2022-01-10 22:39:23,120 INFO: Skipped Chabauty because twist points already verified. (delta = ['2', '-16', '41', '-69/2', '0', '3'])
2022-01-10 22:39:23,121 INFO: Skipped Chabauty because rank >= degree(g). (delta = ['4', '-32', '69', '-28', '-8', '4'], g = [1, -4, 2])
2022-01-10 22:39:23,121 INFO: Skipped Chabauty because MW generators haven't been computed. (delta = ['4', '-32', '69', '-28', '-8', '4'], g = [4, -15, 0, 2])
2022-01-10 22:39:23,121 INFO: Skipped Chabauty because no base point (delta = ['1', '-1'])
2022-01-10 22:39:23,121 INFO: Skipped Chabauty because no base point (delta = ['2', '-12', '27/2', '13', '-1', '-2'])
2022-01-10 22:39:23,121 INFO: Skipped Chabauty because no base point (delta = ['1/2', '-21/2', '41', '-31', '-4', '4'])
2022-01-10 22:39:23,121 INFO: Skipped Chabauty because MW generators haven't been computed. (delta = ['1'], g = [1, -4, 2])
2022-01-10 22:39:23,121 INFO: Skipped Chabauty because MW generators haven't been computed. (delta = ['1'], g = [4, -15, 0, 2])
2022-01-10 22:39:23,121 INFO: Skipped Chabauty because MW generators haven't been computed. (delta = ['4', '-32', '70', '-29', '-8', '4'], g = [1, -4, 2])
2022-01-10 22:39:23,121 INFO: Skipped Chabauty because MW generators haven't been computed. (delta = ['4', '-32', '70', '-29', '-8', '4'], g = [4, -15, 0, 2])
2022-01-10 22:39:23,121 INFO: Skipped Chabauty because MW generators haven't been computed. (delta = ['1/2', '-10', '31', '0', '-4'], g = [1, -4, 2])
2022-01-10 22:39:23,121 INFO: Skipped Chabauty because MW generators haven't been computed. (delta = ['1/2', '-10', '31', '0', '-4'], g = [4, -15, 0, 2])
2022-01-10 22:39:23,289 INFO: Tasks complete. Recording data and exiting.
2022-02-12 16:59:21,165 INFO: Loaded curve data from file.
2022-02-12 16:59:21,165 INFO: Computing elliptic Chabauty map... (delta = ['2', '-16', '41', '-69/2', '0', '3'], g = [1, -4, 2])
2022-02-12 16:59:32,701 INFO: Elliptic Chabauty map computed. (delta = ['2', '-16', '41', '-69/2', '0', '3'], g = [1, -4, 2])
2022-02-12 16:59:32,705 INFO: Computing elliptic Chabauty map... (delta = ['2', '-16', '41', '-69/2', '0', '3'], g = [4, -15, 0, 2])
2022-02-12 16:59:44,474 INFO: Elliptic Chabauty map computed. (delta = ['2', '-16', '41', '-69/2', '0', '3'], g = [4, -15, 0, 2])
2022-02-12 16:59:44,477 INFO: Computing elliptic Chabauty map... (delta = ['4', '-32', '69', '-28', '-8', '4'], g = [1, -4, 2])
2022-02-12 16:59:55,710 INFO: Elliptic Chabauty map computed. (delta = ['4', '-32', '69', '-28', '-8', '4'], g = [1, -4, 2])
2022-02-12 16:59:55,713 INFO: Computing elliptic Chabauty map... (delta = ['4', '-32', '69', '-28', '-8', '4'], g = [4, -15, 0, 2])
2022-02-12 17:00:07,343 INFO: Elliptic Chabauty map computed. (delta = ['4', '-32', '69', '-28', '-8', '4'], g = [4, -15, 0, 2])
2022-02-12 17:00:07,347 INFO: Computing elliptic Chabauty map... (delta = ['1'], g = [1, -4, 2])
2022-02-12 17:00:18,593 INFO: Elliptic Chabauty map computed. (delta = ['1'], g = [1, -4, 2])
2022-02-12 17:00:18,597 INFO: Computing elliptic Chabauty map... (delta = ['1'], g = [4, -15, 0, 2])
2022-02-12 17:00:30,506 INFO: Elliptic Chabauty map computed. (delta = ['1'], g = [4, -15, 0, 2])
2022-02-12 17:00:30,510 INFO: Computing elliptic Chabauty map... (delta = ['4', '-32', '70', '-29', '-8', '4'], g = [1, -4, 2])
2022-02-12 17:00:43,161 INFO: Elliptic Chabauty map computed. (delta = ['4', '-32', '70', '-29', '-8', '4'], g = [1, -4, 2])
2022-02-12 17:00:43,166 INFO: Computing elliptic Chabauty map... (delta = ['4', '-32', '70', '-29', '-8', '4'], g = [4, -15, 0, 2])
2022-02-12 17:00:55,678 INFO: Elliptic Chabauty map computed. (delta = ['4', '-32', '70', '-29', '-8', '4'], g = [4, -15, 0, 2])
2022-02-12 17:00:55,683 INFO: Computing elliptic Chabauty map... (delta = ['1/2', '-10', '31', '0', '-4'], g = [1, -4, 2])
2022-02-12 17:01:07,785 INFO: Elliptic Chabauty map computed. (delta = ['1/2', '-10', '31', '0', '-4'], g = [1, -4, 2])
2022-02-12 17:01:07,792 INFO: Computing elliptic Chabauty map... (delta = ['1/2', '-10', '31', '0', '-4'], g = [4, -15, 0, 2])
2022-02-12 17:01:20,204 INFO: Elliptic Chabauty map computed. (delta = ['1/2', '-10', '31', '0', '-4'], g = [4, -15, 0, 2])
2022-02-12 17:01:20,209 INFO: Tasks complete. Recording data and exiting.
