2022-01-12 12:19:46,080 INFO: Initialized curve data.
2022-01-12 12:19:46,083 INFO: Setting up initial twist data...
2022-01-12 12:19:47,009 INFO: Twist setup complete.
2022-01-12 12:19:47,010 INFO: Searching for rational points on each twist...
2022-01-12 12:19:48,366 INFO: Finished searching for rational points on each twist.
2022-01-12 12:19:48,367 INFO: Testing local solvability of twists...
2022-01-12 12:19:52,288 INFO: Finished local solvability testing.
2022-01-12 12:19:52,289 INFO: Computing elliptic curve a-invariants...
2022-01-12 12:19:57,875 INFO: Finished computation of a-invariants.
2022-01-12 12:19:57,876 INFO: Computing MW group (delta = ['1'], g = [-8, -8, 4, 13, 6, 1])...
2022-01-12 12:21:34,846 INFO: Finished MW computation (delta = ['1'], g = [-8, -8, 4, 13, 6, 1])
2022-01-12 12:21:34,850 INFO: Skipped MW computation because no base point (delta = ['-64', '-64', '31', '103', '48', '8'])
2022-01-12 12:21:34,850 INFO: Computing MW group (delta = ['8', '9', '-3', '-13', '-6', '-1'], g = [-8, -8, 4, 13, 6, 1])...
2022-01-12 12:23:01,761 INFO: Finished MW computation (delta = ['8', '9', '-3', '-13', '-6', '-1'], g = [-8, -8, 4, 13, 6, 1])
2022-01-12 12:23:01,763 INFO: Computing MW group (delta = ['-8', '-9', '4', '13', '6', '1'], g = [-8, -8, 4, 13, 6, 1])...
2022-01-12 12:26:18,382 INFO: Finished MW computation (delta = ['-8', '-9', '4', '13', '6', '1'], g = [-8, -8, 4, 13, 6, 1])
2022-01-12 12:26:18,385 INFO: Reducing MW generators...
2022-01-12 12:26:20,866 INFO: Finished reducing MW generators.
2022-01-12 12:26:20,868 INFO: Tasks complete. Recording data and exiting.
2022-01-14 11:32:20,550 INFO: Loaded curve data from file.
2022-01-14 11:32:20,551 INFO: Running elliptic Chabauty (delta = ['1'], g = [-8, -8, 4, 13, 6, 1])...
2022-01-14 11:45:29,437 INFO: Chabauty completed successfully (delta = ['1'], g = [-8, -8, 4, 13, 6, 1]).
2022-01-14 11:45:29,440 INFO: Skipped Chabauty because no base point (delta = ['-64', '-64', '31', '103', '48', '8'])
2022-01-14 11:45:29,440 INFO: Running elliptic Chabauty (delta = ['8', '9', '-3', '-13', '-6', '-1'], g = [-8, -8, 4, 13, 6, 1])...
2022-01-14 11:45:40,120 INFO: Chabauty completed successfully (delta = ['8', '9', '-3', '-13', '-6', '-1'], g = [-8, -8, 4, 13, 6, 1]).
2022-01-14 11:45:40,122 INFO: Running elliptic Chabauty (delta = ['-8', '-9', '4', '13', '6', '1'], g = [-8, -8, 4, 13, 6, 1])...
2022-01-14 11:45:50,622 INFO: Chabauty completed successfully (delta = ['-8', '-9', '4', '13', '6', '1'], g = [-8, -8, 4, 13, 6, 1]).
2022-01-14 11:45:50,804 INFO: Rational points successfully computed.
2022-01-14 11:45:50,807 INFO: Tasks complete. Recording data and exiting.
2022-02-12 17:44:41,188 INFO: Loaded curve data from file.
2022-02-12 17:44:41,188 INFO: Computing elliptic Chabauty map... (delta = ['1'], g = [-8, -8, 4, 13, 6, 1])
2022-02-12 17:44:55,347 INFO: Elliptic Chabauty map computed. (delta = ['1'], g = [-8, -8, 4, 13, 6, 1])
2022-02-12 17:44:55,349 INFO: Computing elliptic Chabauty map... (delta = ['8', '9', '-3', '-13', '-6', '-1'], g = [-8, -8, 4, 13, 6, 1])
2022-02-12 17:45:09,385 INFO: Elliptic Chabauty map computed. (delta = ['8', '9', '-3', '-13', '-6', '-1'], g = [-8, -8, 4, 13, 6, 1])
2022-02-12 17:45:09,388 INFO: Computing elliptic Chabauty map... (delta = ['-8', '-9', '4', '13', '6', '1'], g = [-8, -8, 4, 13, 6, 1])
2022-02-12 17:45:23,293 INFO: Elliptic Chabauty map computed. (delta = ['-8', '-9', '4', '13', '6', '1'], g = [-8, -8, 4, 13, 6, 1])
2022-02-12 17:45:23,296 INFO: Tasks complete. Recording data and exiting.
