2022-01-13 21:54:48,057 INFO: Initialized curve data.
2022-01-13 21:54:48,063 INFO: Setting up initial twist data...
2022-01-13 21:54:49,034 INFO: Twist setup complete.
2022-01-13 21:54:49,034 INFO: Searching for rational points on each twist...
2022-01-13 21:54:50,699 INFO: Finished searching for rational points on each twist.
2022-01-13 21:54:50,699 INFO: Testing local solvability of twists...
2022-01-13 21:54:50,705 INFO: Finished local solvability testing.
2022-01-13 21:54:50,706 INFO: Computing elliptic curve a-invariants...
2022-01-13 21:54:59,574 INFO: Finished computation of a-invariants.
2022-01-13 21:54:59,576 INFO: Computing MW group (delta = ['1'], g = [4, -7, 12, 2, 0, 1])...
2022-01-14 11:35:27,375 INFO: Loaded curve data from file.
2022-01-14 11:35:27,376 INFO: Reducing MW generators...
2022-01-14 11:35:27,376 INFO: Finished reducing MW generators.
2022-01-14 11:35:27,379 INFO: Skipped Chabauty because MW generators haven't been computed. (delta = ['1'], g = [4, -7, 12, 2, 0, 1])
2022-01-14 11:35:27,379 INFO: Skipped Chabauty because MW generators haven't been computed. (delta = ['4', '-8', '12', '2', '0', '1'], g = [4, -7, 12, 2, 0, 1])
2022-01-14 11:35:27,379 INFO: Skipped Chabauty because MW generators haven't been computed. (delta = ['2', '-4', '7', '1', '0', '1/2'], g = [4, -7, 12, 2, 0, 1])
2022-01-14 11:35:27,379 INFO: Skipped Chabauty because MW generators haven't been computed. (delta = ['1/2', '-1'], g = [4, -7, 12, 2, 0, 1])
2022-01-14 11:35:27,382 INFO: Tasks complete. Recording data and exiting.
2022-02-12 17:24:32,717 INFO: Loaded curve data from file.
2022-02-12 17:24:32,718 INFO: Computing elliptic Chabauty map... (delta = ['1'], g = [4, -7, 12, 2, 0, 1])
2022-02-12 17:24:41,292 INFO: Elliptic Chabauty map computed. (delta = ['1'], g = [4, -7, 12, 2, 0, 1])
2022-02-12 17:24:41,294 INFO: Computing elliptic Chabauty map... (delta = ['4', '-8', '12', '2', '0', '1'], g = [4, -7, 12, 2, 0, 1])
2022-02-12 17:24:49,637 INFO: Elliptic Chabauty map computed. (delta = ['4', '-8', '12', '2', '0', '1'], g = [4, -7, 12, 2, 0, 1])
2022-02-12 17:24:49,639 INFO: Computing elliptic Chabauty map... (delta = ['2', '-4', '7', '1', '0', '1/2'], g = [4, -7, 12, 2, 0, 1])
2022-02-12 17:24:58,132 INFO: Elliptic Chabauty map computed. (delta = ['2', '-4', '7', '1', '0', '1/2'], g = [4, -7, 12, 2, 0, 1])
2022-02-12 17:24:58,134 INFO: Computing elliptic Chabauty map... (delta = ['1/2', '-1'], g = [4, -7, 12, 2, 0, 1])
2022-02-12 17:25:06,604 INFO: Elliptic Chabauty map computed. (delta = ['1/2', '-1'], g = [4, -7, 12, 2, 0, 1])
2022-02-12 17:25:06,607 INFO: Tasks complete. Recording data and exiting.
