2022-01-11 15:10:21,360 INFO: Initialized curve data.
2022-01-11 15:10:21,370 INFO: Setting up initial twist data...
2022-01-11 15:10:22,977 INFO: Twist setup complete.
2022-01-11 15:10:22,977 INFO: Searching for rational points on each twist...
2022-01-11 15:10:24,945 INFO: Finished searching for rational points on each twist.
2022-01-11 15:10:24,945 INFO: Testing local solvability of twists...
2022-01-11 15:10:24,949 INFO: Finished local solvability testing.
2022-01-11 15:10:24,950 INFO: Computing elliptic curve a-invariants...
2022-01-11 15:10:33,750 INFO: Finished computation of a-invariants.
2022-01-11 15:10:33,752 INFO: Computing MW group (delta = ['1', '-1'], g = [12, -16, -8, 8, 4, 1])...
2022-01-14 09:07:32,455 INFO: Loaded curve data from file.
2022-01-14 09:07:32,455 INFO: Reducing MW generators...
2022-01-14 09:07:32,456 INFO: Finished reducing MW generators.
2022-01-14 09:07:32,461 INFO: Skipped Chabauty because MW generators haven't been computed. (delta = ['1', '-1'], g = [12, -16, -8, 8, 4, 1])
2022-01-14 09:07:32,461 INFO: Skipped Chabauty because MW generators haven't been computed. (delta = ['12', '-17', '-8', '8', '4', '1'], g = [12, -16, -8, 8, 4, 1])
2022-01-14 09:07:32,461 INFO: Skipped Chabauty because MW generators haven't been computed. (delta = ['1'], g = [12, -16, -8, 8, 4, 1])
2022-01-14 09:07:32,461 INFO: Skipped Chabauty because MW generators haven't been computed. (delta = ['12', '-17', '-7', '8', '4', '1'], g = [12, -16, -8, 8, 4, 1])
2022-01-14 09:07:32,463 INFO: Tasks complete. Recording data and exiting.
2022-02-12 16:56:52,824 INFO: Loaded curve data from file.
2022-02-12 16:56:52,825 INFO: Computing elliptic Chabauty map... (delta = ['1', '-1'], g = [12, -16, -8, 8, 4, 1])
2022-02-12 16:57:06,245 INFO: Elliptic Chabauty map computed. (delta = ['1', '-1'], g = [12, -16, -8, 8, 4, 1])
2022-02-12 16:57:06,248 INFO: Computing elliptic Chabauty map... (delta = ['12', '-17', '-8', '8', '4', '1'], g = [12, -16, -8, 8, 4, 1])
2022-02-12 16:57:19,644 INFO: Elliptic Chabauty map computed. (delta = ['12', '-17', '-8', '8', '4', '1'], g = [12, -16, -8, 8, 4, 1])
2022-02-12 16:57:19,646 INFO: Computing elliptic Chabauty map... (delta = ['1'], g = [12, -16, -8, 8, 4, 1])
2022-02-12 16:57:33,100 INFO: Elliptic Chabauty map computed. (delta = ['1'], g = [12, -16, -8, 8, 4, 1])
2022-02-12 16:57:33,102 INFO: Computing elliptic Chabauty map... (delta = ['12', '-17', '-7', '8', '4', '1'], g = [12, -16, -8, 8, 4, 1])
2022-02-12 16:57:46,545 INFO: Elliptic Chabauty map computed. (delta = ['12', '-17', '-7', '8', '4', '1'], g = [12, -16, -8, 8, 4, 1])
2022-02-12 16:57:46,548 INFO: Tasks complete. Recording data and exiting.
