2022-01-01 10:40:30,674 INFO: Initialized curve data.
2022-01-01 10:40:30,678 INFO: Setting up initial twist data...
2022-01-01 10:40:32,088 INFO: Twist setup complete.
2022-01-01 10:40:32,089 INFO: Searching for rational points on each twist...
2022-01-01 10:40:33,062 INFO: Finished searching for rational points on each twist.
2022-01-01 10:40:33,062 INFO: Testing local solvability of twists...
2022-01-01 10:40:33,067 INFO: Finished local solvability testing.
2022-01-01 10:40:33,068 INFO: Computing elliptic curve a-invariants...
2022-01-01 10:40:51,741 INFO: Finished computation of a-invariants.
2022-01-01 10:40:51,743 INFO: Computing MW group (delta = ['1'], g = [-1, -5, 3, -3, 1, 1])...
2022-01-01 10:41:27,091 INFO: Finished MW computation (delta = ['1'], g = [-1, -5, 3, -3, 1, 1])
2022-01-01 10:41:27,095 INFO: Computing MW group (delta = ['1', '4', '-2', '3', '-1', '-1'], g = [-1, -5, 3, -3, 1, 1])...
2022-01-01 10:41:46,437 INFO: Finished MW computation (delta = ['1', '4', '-2', '3', '-1', '-1'], g = [-1, -5, 3, -3, 1, 1])
2022-01-01 10:41:46,439 INFO: Computing MW group (delta = ['-4', '-21', '14', '-13', '4', '4'], g = [-1, -5, 3, -3, 1, 1])...
2022-01-01 10:42:13,592 INFO: Finished MW computation (delta = ['-4', '-21', '14', '-13', '4', '4'], g = [-1, -5, 3, -3, 1, 1])
2022-01-01 10:42:13,594 INFO: Obstruction found to provably computing rational points. Exiting.
2022-01-03 13:14:58,000 INFO: Obsolete "loc_solv_error" keys removed.
2022-01-10 22:39:04,202 INFO: Loaded curve data from file.
2022-01-10 22:39:04,203 INFO: Obstruction already found. Exiting.
2022-02-12 17:29:53,192 INFO: Loaded curve data from file.
2022-02-12 17:29:53,193 INFO: Computing elliptic Chabauty map... (delta = ['1'], g = [-1, -5, 3, -3, 1, 1])
2022-02-12 17:30:05,107 INFO: Elliptic Chabauty map computed. (delta = ['1'], g = [-1, -5, 3, -3, 1, 1])
2022-02-12 17:30:05,109 INFO: Computing elliptic Chabauty map... (delta = ['1', '4', '-2', '3', '-1', '-1'], g = [-1, -5, 3, -3, 1, 1])
2022-02-12 17:30:16,299 INFO: Elliptic Chabauty map computed. (delta = ['1', '4', '-2', '3', '-1', '-1'], g = [-1, -5, 3, -3, 1, 1])
2022-02-12 17:30:16,301 INFO: Computing elliptic Chabauty map... (delta = ['-4', '-21', '14', '-13', '4', '4'], g = [-1, -5, 3, -3, 1, 1])
2022-02-12 17:30:27,555 INFO: Elliptic Chabauty map computed. (delta = ['-4', '-21', '14', '-13', '4', '4'], g = [-1, -5, 3, -3, 1, 1])
2022-02-12 17:30:27,558 INFO: Computing elliptic Chabauty map... (delta = ['0', '-6', '3', '-3', '1', '1'], g = [-1, -5, 3, -3, 1, 1])
2022-02-12 17:30:39,194 INFO: Elliptic Chabauty map computed. (delta = ['0', '-6', '3', '-3', '1', '1'], g = [-1, -5, 3, -3, 1, 1])
2022-02-12 17:30:39,197 INFO: Tasks complete. Recording data and exiting.
