2022-01-11 12:29:19,886 INFO: Initialized curve data.
2022-01-11 12:29:19,890 INFO: Setting up initial twist data...
2022-01-11 12:29:20,916 INFO: Twist setup complete.
2022-01-11 12:29:20,916 INFO: Searching for rational points on each twist...
2022-01-11 12:29:22,661 INFO: Finished searching for rational points on each twist.
2022-01-11 12:29:22,661 INFO: Testing local solvability of twists...
2022-01-11 12:29:22,668 INFO: Finished local solvability testing.
2022-01-11 12:29:22,669 INFO: Computing elliptic curve a-invariants...
2022-01-11 12:29:29,876 INFO: Finished computation of a-invariants.
2022-01-11 12:29:29,877 INFO: Computing MW group (delta = ['4', '-12', '2', '7', '6', '1'], g = [4, -11, 2, 7, 6, 1])...
2022-01-11 12:30:11,204 INFO: Finished MW computation (delta = ['4', '-12', '2', '7', '6', '1'], g = [4, -11, 2, 7, 6, 1])
2022-01-11 12:30:11,206 INFO: Computing MW group (delta = ['1', '-1'], g = [4, -11, 2, 7, 6, 1])...
2022-01-11 12:31:00,231 INFO: Finished MW computation (delta = ['1', '-1'], g = [4, -11, 2, 7, 6, 1])
2022-01-11 12:31:00,234 INFO: Computing MW group (delta = ['1'], g = [4, -11, 2, 7, 6, 1])...
2022-01-11 12:33:25,022 INFO: Finished MW computation (delta = ['1'], g = [4, -11, 2, 7, 6, 1])
2022-01-11 12:33:25,025 INFO: Computing MW group (delta = ['4', '-12', '3', '7', '6', '1'], g = [4, -11, 2, 7, 6, 1])...
2022-01-13 17:36:42,534 INFO: Loaded curve data from file.
2022-01-13 17:36:42,534 INFO: Reducing MW generators...
2022-01-13 17:36:43,219 INFO: Finished reducing MW generators.
2022-01-13 17:36:43,220 INFO: Running elliptic Chabauty (delta = ['4', '-12', '2', '7', '6', '1'], g = [4, -11, 2, 7, 6, 1])...
2022-01-13 17:36:59,353 INFO: Chabauty completed successfully (delta = ['4', '-12', '2', '7', '6', '1'], g = [4, -11, 2, 7, 6, 1]).
2022-01-13 17:36:59,355 INFO: Skipped Chabauty because MW group hasn't been provably computed. (delta = ['1', '-1'], g = [4, -11, 2, 7, 6, 1])
2022-01-13 17:36:59,355 INFO: Skipped Chabauty because MW group hasn't been provably computed. (delta = ['1'], g = [4, -11, 2, 7, 6, 1])
2022-01-13 17:36:59,355 INFO: Skipped Chabauty because MW generators haven't been computed. (delta = ['4', '-12', '3', '7', '6', '1'], g = [4, -11, 2, 7, 6, 1])
2022-01-13 17:36:59,398 INFO: Tasks complete. Recording data and exiting.
2022-02-12 16:45:31,531 INFO: Loaded curve data from file.
2022-02-12 16:45:31,532 INFO: Computing elliptic Chabauty map... (delta = ['4', '-12', '2', '7', '6', '1'], g = [4, -11, 2, 7, 6, 1])
2022-02-12 16:45:44,403 INFO: Elliptic Chabauty map computed. (delta = ['4', '-12', '2', '7', '6', '1'], g = [4, -11, 2, 7, 6, 1])
2022-02-12 16:45:44,406 INFO: Computing elliptic Chabauty map... (delta = ['1', '-1'], g = [4, -11, 2, 7, 6, 1])
2022-02-12 16:45:57,334 INFO: Elliptic Chabauty map computed. (delta = ['1', '-1'], g = [4, -11, 2, 7, 6, 1])
2022-02-12 16:45:57,336 INFO: Computing elliptic Chabauty map... (delta = ['1'], g = [4, -11, 2, 7, 6, 1])
2022-02-12 16:46:10,043 INFO: Elliptic Chabauty map computed. (delta = ['1'], g = [4, -11, 2, 7, 6, 1])
2022-02-12 16:46:10,045 INFO: Computing elliptic Chabauty map... (delta = ['4', '-12', '3', '7', '6', '1'], g = [4, -11, 2, 7, 6, 1])
2022-02-12 16:46:22,922 INFO: Elliptic Chabauty map computed. (delta = ['4', '-12', '3', '7', '6', '1'], g = [4, -11, 2, 7, 6, 1])
2022-02-12 16:46:22,924 INFO: Tasks complete. Recording data and exiting.
