2022-01-13 21:54:48,193 INFO: Initialized curve data.
2022-01-13 21:54:48,197 INFO: Setting up initial twist data...
2022-01-13 21:54:49,238 INFO: Twist setup complete.
2022-01-13 21:54:49,238 INFO: Searching for rational points on each twist...
2022-01-13 21:54:51,095 INFO: Finished searching for rational points on each twist.
2022-01-13 21:54:51,095 INFO: Testing local solvability of twists...
2022-01-13 21:54:59,806 INFO: Finished local solvability testing.
2022-01-13 21:54:59,808 INFO: Computing elliptic curve a-invariants...
2022-01-13 21:55:13,917 INFO: Finished computation of a-invariants.
2022-01-13 21:55:13,919 INFO: Skipped MW computation because no base point (delta = ['-1', '0', '1'])
2022-01-13 21:55:13,919 INFO: Computing MW group (delta = ['4', '8', '1', '0', '-1', '-3'], g = [-4, -9, -2, 1, 2, 3])...
2022-01-13 21:57:52,929 INFO: Finished MW computation (delta = ['4', '8', '1', '0', '-1', '-3'], g = [-4, -9, -2, 1, 2, 3])
2022-01-13 21:57:52,932 INFO: Computing MW group (delta = ['1'], g = [-4, -9, -2, 1, 2, 3])...
2022-01-13 21:58:59,802 INFO: Finished MW computation (delta = ['1'], g = [-4, -9, -2, 1, 2, 3])
2022-01-13 21:58:59,805 INFO: Computing MW group (delta = ['-4', '-8', '-1', '1', '2', '3'], g = [-4, -9, -2, 1, 2, 3])...
2022-01-13 22:03:30,867 INFO: Finished MW computation (delta = ['-4', '-8', '-1', '1', '2', '3'], g = [-4, -9, -2, 1, 2, 3])
2022-01-13 22:03:30,872 INFO: Reducing MW generators...
2022-01-13 22:03:33,826 INFO: Finished reducing MW generators.
2022-01-13 22:03:33,828 INFO: Tasks complete. Recording data and exiting.
2022-01-14 11:35:25,776 INFO: Loaded curve data from file.
2022-01-14 11:35:25,777 INFO: Skipped Chabauty because no base point (delta = ['-1', '0', '1'])
2022-01-14 11:35:25,777 INFO: Running elliptic Chabauty (delta = ['4', '8', '1', '0', '-1', '-3'], g = [-4, -9, -2, 1, 2, 3])...
2022-01-14 11:36:18,877 INFO: Chabauty completed successfully (delta = ['4', '8', '1', '0', '-1', '-3'], g = [-4, -9, -2, 1, 2, 3]).
2022-01-14 11:36:18,879 INFO: Skipped Chabauty because MW group hasn't been provably computed. (delta = ['1'], g = [-4, -9, -2, 1, 2, 3])
2022-01-14 11:36:18,879 INFO: Running elliptic Chabauty (delta = ['-4', '-8', '-1', '1', '2', '3'], g = [-4, -9, -2, 1, 2, 3])...
2022-01-14 11:36:33,671 INFO: Chabauty completed successfully (delta = ['-4', '-8', '-1', '1', '2', '3'], g = [-4, -9, -2, 1, 2, 3]).
2022-01-14 11:36:33,768 INFO: Tasks complete. Recording data and exiting.
2022-02-12 17:08:06,608 INFO: Loaded curve data from file.
2022-02-12 17:08:06,608 INFO: Computing elliptic Chabauty map... (delta = ['4', '8', '1', '0', '-1', '-3'], g = [-4, -9, -2, 1, 2, 3])
2022-02-12 17:08:23,448 INFO: Elliptic Chabauty map computed. (delta = ['4', '8', '1', '0', '-1', '-3'], g = [-4, -9, -2, 1, 2, 3])
2022-02-12 17:08:23,451 INFO: Computing elliptic Chabauty map... (delta = ['1'], g = [-4, -9, -2, 1, 2, 3])
2022-02-12 17:08:40,257 INFO: Elliptic Chabauty map computed. (delta = ['1'], g = [-4, -9, -2, 1, 2, 3])
2022-02-12 17:08:40,260 INFO: Computing elliptic Chabauty map... (delta = ['-4', '-8', '-1', '1', '2', '3'], g = [-4, -9, -2, 1, 2, 3])
2022-02-12 17:08:57,111 INFO: Elliptic Chabauty map computed. (delta = ['-4', '-8', '-1', '1', '2', '3'], g = [-4, -9, -2, 1, 2, 3])
2022-02-12 17:08:57,114 INFO: Tasks complete. Recording data and exiting.
