2022-01-01 10:40:35,541 INFO: Initialized curve data.
2022-01-01 10:40:35,544 INFO: Setting up initial twist data...
2022-01-01 10:40:36,680 INFO: Twist setup complete.
2022-01-01 10:40:36,680 INFO: Searching for rational points on each twist...
2022-01-01 10:40:37,613 INFO: Finished searching for rational points on each twist.
2022-01-01 10:40:37,613 INFO: Testing local solvability of twists...
2022-01-01 10:40:37,620 INFO: Finished local solvability testing.
2022-01-01 10:40:37,621 INFO: Computing elliptic curve a-invariants...
2022-01-01 10:40:59,465 INFO: Finished computation of a-invariants.
2022-01-01 10:40:59,466 INFO: Computing MW group (delta = ['4', '-13', '9', '0', '0', '1'], g = [4, -12, 8, 0, 0, 1])...
2022-01-01 10:42:21,578 INFO: Finished MW computation (delta = ['4', '-13', '9', '0', '0', '1'], g = [4, -12, 8, 0, 0, 1])
2022-01-01 10:42:21,581 INFO: Computing MW group (delta = ['1', '-1'], g = [4, -12, 8, 0, 0, 1])...
2022-01-01 10:42:57,078 INFO: Finished MW computation (delta = ['1', '-1'], g = [4, -12, 8, 0, 0, 1])
2022-01-01 10:42:57,080 INFO: Computing MW group (delta = ['1'], g = [4, -12, 8, 0, 0, 1])...
2022-01-01 10:43:28,093 INFO: Finished MW computation (delta = ['1'], g = [4, -12, 8, 0, 0, 1])
2022-01-01 10:43:28,096 INFO: Computing MW group (delta = ['4', '-13', '8', '0', '0', '1'], g = [4, -12, 8, 0, 0, 1])...
2022-01-01 10:47:01,601 INFO: Finished MW computation (delta = ['4', '-13', '8', '0', '0', '1'], g = [4, -12, 8, 0, 0, 1])
2022-01-01 10:47:01,607 INFO: Reducing MW generators...
2022-01-01 10:47:06,412 INFO: Finished reducing MW generators.
2022-01-01 10:47:06,415 INFO: Running elliptic Chabauty (delta = ['4', '-13', '9', '0', '0', '1'], g = [4, -12, 8, 0, 0, 1])...
2022-01-01 10:47:18,721 INFO: Chabauty completed successfully (delta = ['4', '-13', '9', '0', '0', '1'], g = [4, -12, 8, 0, 0, 1]).
2022-01-01 10:47:18,723 INFO: Running elliptic Chabauty (delta = ['1', '-1'], g = [4, -12, 8, 0, 0, 1])...
2022-01-01 10:47:28,396 INFO: Chabauty completed successfully (delta = ['1', '-1'], g = [4, -12, 8, 0, 0, 1]).
2022-01-01 10:47:28,398 INFO: Running elliptic Chabauty (delta = ['1'], g = [4, -12, 8, 0, 0, 1])...
2022-01-01 10:47:39,808 INFO: Chabauty completed successfully (delta = ['1'], g = [4, -12, 8, 0, 0, 1]).
2022-01-01 10:47:39,811 INFO: Running elliptic Chabauty (delta = ['4', '-13', '8', '0', '0', '1'], g = [4, -12, 8, 0, 0, 1])...
2022-01-01 10:47:48,730 INFO: Chabauty completed successfully (delta = ['4', '-13', '8', '0', '0', '1'], g = [4, -12, 8, 0, 0, 1]).
2022-01-01 10:47:49,013 INFO: Rational points successfully computed.
2022-01-01 10:47:49,016 INFO: Tasks complete. Recording data and exiting.
2022-01-03 13:14:57,000 INFO: Obsolete "loc_solv_error" keys removed.
2022-01-03 13:14:57,000 INFO: Deleted results of Chabauty computation.
2022-01-10 22:38:56,485 INFO: Loaded curve data from file.
2022-01-10 22:38:56,486 INFO: Running elliptic Chabauty (delta = ['4', '-13', '9', '0', '0', '1'], g = [4, -12, 8, 0, 0, 1])...
2022-01-10 22:39:07,997 INFO: Chabauty completed successfully (delta = ['4', '-13', '9', '0', '0', '1'], g = [4, -12, 8, 0, 0, 1]).
2022-01-10 22:39:08,000 INFO: Running elliptic Chabauty (delta = ['1', '-1'], g = [4, -12, 8, 0, 0, 1])...
2022-01-10 22:39:16,921 INFO: Chabauty completed successfully (delta = ['1', '-1'], g = [4, -12, 8, 0, 0, 1]).
2022-01-10 22:39:16,922 INFO: Running elliptic Chabauty (delta = ['1'], g = [4, -12, 8, 0, 0, 1])...
2022-01-10 22:39:26,947 INFO: Chabauty completed successfully (delta = ['1'], g = [4, -12, 8, 0, 0, 1]).
2022-01-10 22:39:26,948 INFO: Running elliptic Chabauty (delta = ['4', '-13', '8', '0', '0', '1'], g = [4, -12, 8, 0, 0, 1])...
2022-01-10 22:39:35,290 INFO: Chabauty completed successfully (delta = ['4', '-13', '8', '0', '0', '1'], g = [4, -12, 8, 0, 0, 1]).
2022-01-10 22:39:35,497 INFO: Rational points successfully computed.
2022-01-10 22:39:35,498 INFO: Tasks complete. Recording data and exiting.
2022-02-12 17:58:48,361 INFO: Loaded curve data from file.
2022-02-12 17:58:48,361 INFO: Computing elliptic Chabauty map... (delta = ['4', '-13', '9', '0', '0', '1'], g = [4, -12, 8, 0, 0, 1])
2022-02-12 17:58:57,435 INFO: Elliptic Chabauty map computed. (delta = ['4', '-13', '9', '0', '0', '1'], g = [4, -12, 8, 0, 0, 1])
2022-02-12 17:58:57,439 INFO: Computing elliptic Chabauty map... (delta = ['1', '-1'], g = [4, -12, 8, 0, 0, 1])
2022-02-12 17:59:06,369 INFO: Elliptic Chabauty map computed. (delta = ['1', '-1'], g = [4, -12, 8, 0, 0, 1])
2022-02-12 17:59:06,372 INFO: Computing elliptic Chabauty map... (delta = ['1'], g = [4, -12, 8, 0, 0, 1])
2022-02-12 17:59:15,407 INFO: Elliptic Chabauty map computed. (delta = ['1'], g = [4, -12, 8, 0, 0, 1])
2022-02-12 17:59:15,410 INFO: Computing elliptic Chabauty map... (delta = ['4', '-13', '8', '0', '0', '1'], g = [4, -12, 8, 0, 0, 1])
2022-02-12 17:59:24,335 INFO: Elliptic Chabauty map computed. (delta = ['4', '-13', '8', '0', '0', '1'], g = [4, -12, 8, 0, 0, 1])
2022-02-12 17:59:24,340 INFO: Tasks complete. Recording data and exiting.
