2022-01-14 12:17:28,559 INFO: Initialized curve data.
2022-01-14 12:17:28,564 INFO: Setting up initial twist data...
2022-01-14 12:17:29,825 INFO: Twist setup complete.
2022-01-14 12:17:29,825 INFO: Searching for rational points on each twist...
2022-01-14 12:17:31,496 INFO: Finished searching for rational points on each twist.
2022-01-14 12:17:31,496 INFO: Testing local solvability of twists...
2022-01-14 12:17:31,509 INFO: Finished local solvability testing.
2022-01-14 12:17:31,510 INFO: Computing elliptic curve a-invariants...
2022-01-14 12:17:38,977 INFO: Finished computation of a-invariants.
2022-01-14 12:17:38,979 INFO: Computing MW group (delta = ['1', '0', '1'], g = [4, -3, 14, -5, 6, 1])...
2022-01-14 12:20:47,921 INFO: Finished MW computation (delta = ['1', '0', '1'], g = [4, -3, 14, -5, 6, 1])
2022-01-14 12:20:47,924 INFO: Computing MW group (delta = ['4', '-4', '14', '-6', '6', '1'], g = [4, -3, 14, -5, 6, 1])...
2022-01-14 12:21:28,083 INFO: Finished MW computation (delta = ['4', '-4', '14', '-6', '6', '1'], g = [4, -3, 14, -5, 6, 1])
2022-01-14 12:21:28,085 INFO: Computing MW group (delta = ['1'], g = [4, -3, 14, -5, 6, 1])...
2022-01-14 12:23:55,737 INFO: Finished MW computation (delta = ['1'], g = [4, -3, 14, -5, 6, 1])
2022-01-14 12:23:55,740 INFO: Computing MW group (delta = ['4', '-4', '14', '-5', '6', '1'], g = [4, -3, 14, -5, 6, 1])...
2022-01-14 12:25:18,673 INFO: Finished MW computation (delta = ['4', '-4', '14', '-5', '6', '1'], g = [4, -3, 14, -5, 6, 1])
2022-01-14 12:25:18,677 INFO: Reducing MW generators...
2022-01-14 12:25:19,992 INFO: Finished reducing MW generators.
2022-01-14 12:25:19,994 INFO: Tasks complete. Recording data and exiting.
2022-01-14 15:52:33,213 INFO: Loaded curve data from file.
2022-01-14 15:52:33,214 INFO: Running elliptic Chabauty (delta = ['1', '0', '1'], g = [4, -3, 14, -5, 6, 1])...
2022-01-14 15:52:45,325 INFO: Chabauty completed successfully (delta = ['1', '0', '1'], g = [4, -3, 14, -5, 6, 1]).
2022-01-14 15:52:45,327 INFO: Skipped Chabauty because MW group hasn't been provably computed. (delta = ['4', '-4', '14', '-6', '6', '1'], g = [4, -3, 14, -5, 6, 1])
2022-01-14 15:52:45,327 INFO: Skipped Chabauty because MW group hasn't been provably computed. (delta = ['1'], g = [4, -3, 14, -5, 6, 1])
2022-01-14 15:52:45,327 INFO: Skipped Chabauty because MW group hasn't been provably computed. (delta = ['4', '-4', '14', '-5', '6', '1'], g = [4, -3, 14, -5, 6, 1])
2022-01-14 15:52:45,374 INFO: Tasks complete. Recording data and exiting.
2022-02-12 17:09:38,647 INFO: Loaded curve data from file.
2022-02-12 17:09:38,647 INFO: Computing elliptic Chabauty map... (delta = ['1', '0', '1'], g = [4, -3, 14, -5, 6, 1])
2022-02-12 17:09:53,037 INFO: Elliptic Chabauty map computed. (delta = ['1', '0', '1'], g = [4, -3, 14, -5, 6, 1])
2022-02-12 17:09:53,040 INFO: Computing elliptic Chabauty map... (delta = ['4', '-4', '14', '-6', '6', '1'], g = [4, -3, 14, -5, 6, 1])
2022-02-12 17:10:06,767 INFO: Elliptic Chabauty map computed. (delta = ['4', '-4', '14', '-6', '6', '1'], g = [4, -3, 14, -5, 6, 1])
2022-02-12 17:10:06,770 INFO: Computing elliptic Chabauty map... (delta = ['1'], g = [4, -3, 14, -5, 6, 1])
2022-02-12 17:10:20,531 INFO: Elliptic Chabauty map computed. (delta = ['1'], g = [4, -3, 14, -5, 6, 1])
2022-02-12 17:10:20,534 INFO: Computing elliptic Chabauty map... (delta = ['4', '-4', '14', '-5', '6', '1'], g = [4, -3, 14, -5, 6, 1])
2022-02-12 17:10:34,178 INFO: Elliptic Chabauty map computed. (delta = ['4', '-4', '14', '-5', '6', '1'], g = [4, -3, 14, -5, 6, 1])
2022-02-12 17:10:34,182 INFO: Tasks complete. Recording data and exiting.
