2022-01-01 12:50:47,334 INFO: Initialized curve data.
2022-01-01 12:50:47,337 INFO: Setting up initial twist data...
2022-01-01 12:50:49,449 INFO: Twist setup complete.
2022-01-01 12:50:49,449 INFO: Searching for rational points on each twist...
2022-01-01 12:50:51,483 INFO: Finished searching for rational points on each twist.
2022-01-01 12:50:51,483 INFO: Testing local solvability of twists...
2022-01-01 12:51:21,870 INFO: Finished local solvability testing.
2022-01-01 12:51:21,872 INFO: Computing elliptic curve a-invariants...
2022-01-01 12:51:25,932 INFO: Finished computation of a-invariants.
2022-01-01 12:51:25,934 INFO: Skipped MW computation because no base point (delta = ['-1', '6', '11', '16', '8', '4'])
2022-01-01 12:51:25,934 INFO: Skipped MW computation because no base point (delta = ['8', '-44', '-77', '-115', '-55', '-29'])
2022-01-01 12:51:25,934 INFO: Computing MW group (delta = ['-8', '-12', '-16', '-8', '-4'], g = [1, 1])...
2022-01-01 12:51:26,317 INFO: Finished MW computation (delta = ['-8', '-12', '-16', '-8', '-4'], g = [1, 1])
2022-01-01 12:51:26,319 INFO: Computing MW group (delta = ['-8', '-12', '-16', '-8', '-4'], g = [8, 13, 17, 8, 4])...
2022-01-01 12:51:30,041 INFO: Finished MW computation (delta = ['-8', '-12', '-16', '-8', '-4'], g = [8, 13, 17, 8, 4])
2022-01-01 12:51:30,043 INFO: Obstruction found to provably computing rational points. Exiting.
2022-01-03 13:14:58,000 INFO: Obsolete "loc_solv_error" keys removed.
2022-01-10 22:39:05,847 INFO: Loaded curve data from file.
2022-01-10 22:39:05,848 INFO: Obstruction already found. Exiting.
2022-02-12 16:50:00,524 INFO: Loaded curve data from file.
2022-02-12 16:50:00,524 INFO: Computing elliptic Chabauty map... (delta = ['-8', '-12', '-16', '-8', '-4'], g = [1, 1])
2022-02-12 16:50:10,764 INFO: Elliptic Chabauty map computed. (delta = ['-8', '-12', '-16', '-8', '-4'], g = [1, 1])
2022-02-12 16:50:10,766 INFO: Computing elliptic Chabauty map... (delta = ['-8', '-12', '-16', '-8', '-4'], g = [8, 13, 17, 8, 4])
2022-02-12 16:50:22,903 INFO: Elliptic Chabauty map computed. (delta = ['-8', '-12', '-16', '-8', '-4'], g = [8, 13, 17, 8, 4])
2022-02-12 16:50:22,906 INFO: Computing elliptic Chabauty map... (delta = ['1', '1', '1'], g = [1, 1])
2022-02-12 16:50:33,058 INFO: Elliptic Chabauty map computed. (delta = ['1', '1', '1'], g = [1, 1])
2022-02-12 16:50:33,060 INFO: Computing elliptic Chabauty map... (delta = ['1', '1', '1'], g = [8, 13, 17, 8, 4])
2022-02-12 16:50:44,930 INFO: Elliptic Chabauty map computed. (delta = ['1', '1', '1'], g = [8, 13, 17, 8, 4])
2022-02-12 16:50:44,933 INFO: Computing elliptic Chabauty map... (delta = ['8', '-44', '-76', '-112', '-52', '-28'], g = [1, 1])
2022-02-12 16:50:55,049 INFO: Elliptic Chabauty map computed. (delta = ['8', '-44', '-76', '-112', '-52', '-28'], g = [1, 1])
2022-02-12 16:50:55,052 INFO: Computing elliptic Chabauty map... (delta = ['8', '-44', '-76', '-112', '-52', '-28'], g = [8, 13, 17, 8, 4])
2022-02-12 16:51:07,052 INFO: Elliptic Chabauty map computed. (delta = ['8', '-44', '-76', '-112', '-52', '-28'], g = [8, 13, 17, 8, 4])
2022-02-12 16:51:07,056 INFO: Computing elliptic Chabauty map... (delta = ['1'], g = [1, 1])
2022-02-12 16:51:17,150 INFO: Elliptic Chabauty map computed. (delta = ['1'], g = [1, 1])
2022-02-12 16:51:17,153 INFO: Computing elliptic Chabauty map... (delta = ['1'], g = [8, 13, 17, 8, 4])
2022-02-12 16:51:29,269 INFO: Elliptic Chabauty map computed. (delta = ['1'], g = [8, 13, 17, 8, 4])
2022-02-12 16:51:29,273 INFO: Computing elliptic Chabauty map... (delta = ['-8', '-12', '-15', '-6', '-3'], g = [1, 1])
2022-02-12 16:51:39,292 INFO: Elliptic Chabauty map computed. (delta = ['-8', '-12', '-15', '-6', '-3'], g = [1, 1])
2022-02-12 16:51:39,296 INFO: Computing elliptic Chabauty map... (delta = ['-8', '-12', '-15', '-6', '-3'], g = [8, 13, 17, 8, 4])
2022-02-12 16:51:51,175 INFO: Elliptic Chabauty map computed. (delta = ['-8', '-12', '-15', '-6', '-3'], g = [8, 13, 17, 8, 4])
2022-02-12 16:51:51,179 INFO: Tasks complete. Recording data and exiting.
