2022-02-01 12:30:28,518 INFO: Initialized curve data.
2022-02-01 12:30:28,523 INFO: Setting up initial twist data...
2022-02-01 12:30:29,560 INFO: Twist setup complete.
2022-02-01 12:30:29,561 INFO: Searching for rational points on each twist...
2022-02-01 12:30:31,386 INFO: Finished searching for rational points on each twist.
2022-02-01 12:30:31,386 INFO: Testing local solvability of twists...
2022-02-01 12:31:27,589 INFO: Finished local solvability testing.
2022-02-01 12:31:27,590 INFO: Computing elliptic curve a-invariants...
2022-02-01 12:31:40,834 INFO: Finished computation of a-invariants.
2022-02-01 12:31:40,837 INFO: Computing MW group (delta = ['-1/2', '7', '1'], g = [4, 41, -66, 11, 10, 1])...
2022-02-01 14:29:00,636 INFO: Finished MW computation (delta = ['-1/2', '7', '1'], g = [4, 41, -66, 11, 10, 1])
2022-02-01 14:29:00,641 INFO: Skipped MW computation because no base point (delta = ['-1/2', '15/2', '-6', '-1'])
2022-02-01 14:29:00,641 INFO: Computing MW group (delta = ['1', '-1'], g = [4, 41, -66, 11, 10, 1])...
2022-02-02 04:48:11,331 INFO: Loaded curve data from file.
2022-02-02 04:48:11,331 INFO: Reducing MW generators...
2022-02-02 04:48:11,364 INFO: Finished reducing MW generators.
2022-02-02 04:48:11,366 INFO: Skipped Chabauty because MW group hasn't been provably computed. (delta = ['-1/2', '7', '1'], g = [4, 41, -66, 11, 10, 1])
2022-02-02 04:48:11,366 INFO: Skipped Chabauty because no base point (delta = ['-1/2', '15/2', '-6', '-1'])
2022-02-02 04:48:11,366 INFO: Skipped Chabauty because MW generators haven't been computed. (delta = ['1', '-1'], g = [4, 41, -66, 11, 10, 1])
2022-02-02 04:48:11,366 INFO: Skipped Chabauty because MW generators haven't been computed. (delta = ['1'], g = [4, 41, -66, 11, 10, 1])
2022-02-02 04:48:11,423 INFO: Tasks complete. Recording data and exiting.
2022-02-12 16:51:39,733 INFO: Loaded curve data from file.
2022-02-12 16:51:39,734 INFO: Computing elliptic Chabauty map... (delta = ['-1/2', '7', '1'], g = [4, 41, -66, 11, 10, 1])
2022-02-12 16:51:56,650 INFO: Elliptic Chabauty map computed. (delta = ['-1/2', '7', '1'], g = [4, 41, -66, 11, 10, 1])
2022-02-12 16:51:56,652 INFO: Computing elliptic Chabauty map... (delta = ['1', '-1'], g = [4, 41, -66, 11, 10, 1])
2022-02-12 16:52:13,790 INFO: Elliptic Chabauty map computed. (delta = ['1', '-1'], g = [4, 41, -66, 11, 10, 1])
2022-02-12 16:52:13,792 INFO: Computing elliptic Chabauty map... (delta = ['1'], g = [4, 41, -66, 11, 10, 1])
2022-02-12 16:52:31,120 INFO: Elliptic Chabauty map computed. (delta = ['1'], g = [4, 41, -66, 11, 10, 1])
2022-02-12 16:52:31,122 INFO: Tasks complete. Recording data and exiting.
