2022-01-01 10:40:40,738 INFO: Initialized curve data.
2022-01-01 10:40:40,741 INFO: Setting up initial twist data...
2022-01-01 10:40:41,889 INFO: Twist setup complete.
2022-01-01 10:40:41,889 INFO: Searching for rational points on each twist...
2022-01-01 10:40:42,816 INFO: Finished searching for rational points on each twist.
2022-01-01 10:40:42,816 INFO: Testing local solvability of twists...
2022-01-01 10:40:51,418 INFO: Finished local solvability testing.
2022-01-01 10:40:51,420 INFO: Computing elliptic curve a-invariants...
2022-01-01 10:41:07,357 INFO: Finished computation of a-invariants.
2022-01-01 10:41:07,359 INFO: Computing MW group (delta = ['1'], g = [4, -16, 4, 16, -8, 1])...
2022-01-01 10:44:44,149 INFO: Finished MW computation (delta = ['1'], g = [4, -16, 4, 16, -8, 1])
2022-01-01 10:44:44,152 INFO: Skipped MW computation because no base point (delta = ['4', '-5', '1'])
2022-01-01 10:44:44,152 INFO: Computing MW group (delta = ['4', '-17', '4', '16', '-8', '1'], g = [4, -16, 4, 16, -8, 1])...
2022-01-01 10:45:47,689 INFO: Finished MW computation (delta = ['4', '-17', '4', '16', '-8', '1'], g = [4, -16, 4, 16, -8, 1])
2022-01-01 10:45:47,692 INFO: Computing MW group (delta = ['16', '-68', '21', '63', '-32', '4'], g = [4, -16, 4, 16, -8, 1])...
2022-01-01 10:47:12,493 INFO: Finished MW computation (delta = ['16', '-68', '21', '63', '-32', '4'], g = [4, -16, 4, 16, -8, 1])
2022-01-01 10:47:12,497 INFO: Reducing MW generators...
2022-01-01 10:47:16,709 INFO: Finished reducing MW generators.
2022-01-01 10:47:16,712 INFO: Running elliptic Chabauty (delta = ['1'], g = [4, -16, 4, 16, -8, 1])...
2022-01-01 10:47:35,571 INFO: Chabauty completed successfully (delta = ['1'], g = [4, -16, 4, 16, -8, 1]).
2022-01-01 10:47:35,573 INFO: Skipped Chabauty because no base point (delta = ['4', '-5', '1'])
2022-01-01 10:47:35,573 INFO: Running elliptic Chabauty (delta = ['4', '-17', '4', '16', '-8', '1'], g = [4, -16, 4, 16, -8, 1])...
2022-01-01 10:47:59,944 INFO: Chabauty completed successfully (delta = ['4', '-17', '4', '16', '-8', '1'], g = [4, -16, 4, 16, -8, 1]).
2022-01-01 10:47:59,947 INFO: Running elliptic Chabauty (delta = ['16', '-68', '21', '63', '-32', '4'], g = [4, -16, 4, 16, -8, 1])...
2022-01-01 10:48:37,497 INFO: Chabauty completed successfully (delta = ['16', '-68', '21', '63', '-32', '4'], g = [4, -16, 4, 16, -8, 1]).
2022-01-01 10:48:37,844 INFO: Rational points successfully computed.
2022-01-01 10:48:37,846 INFO: Tasks complete. Recording data and exiting.
2022-01-03 13:14:57,000 INFO: Obsolete "loc_solv_error" keys removed.
2022-01-03 13:14:57,000 INFO: Deleted results of Chabauty computation.
2022-01-10 22:39:02,817 INFO: Loaded curve data from file.
2022-01-10 22:39:02,818 INFO: Running elliptic Chabauty (delta = ['1'], g = [4, -16, 4, 16, -8, 1])...
2022-01-10 22:39:20,486 INFO: Chabauty completed successfully (delta = ['1'], g = [4, -16, 4, 16, -8, 1]).
2022-01-10 22:39:20,488 INFO: Skipped Chabauty because no base point (delta = ['4', '-5', '1'])
2022-01-10 22:39:20,488 INFO: Running elliptic Chabauty (delta = ['4', '-17', '4', '16', '-8', '1'], g = [4, -16, 4, 16, -8, 1])...
2022-01-10 22:39:42,810 INFO: Chabauty completed successfully (delta = ['4', '-17', '4', '16', '-8', '1'], g = [4, -16, 4, 16, -8, 1]).
2022-01-10 22:39:42,812 INFO: Running elliptic Chabauty (delta = ['16', '-68', '21', '63', '-32', '4'], g = [4, -16, 4, 16, -8, 1])...
2022-01-10 22:40:17,412 INFO: Chabauty completed successfully (delta = ['16', '-68', '21', '63', '-32', '4'], g = [4, -16, 4, 16, -8, 1]).
2022-01-10 22:40:17,649 INFO: Rational points successfully computed.
2022-01-10 22:40:17,650 INFO: Tasks complete. Recording data and exiting.
2022-02-12 18:01:14,945 INFO: Loaded curve data from file.
2022-02-12 18:01:14,945 INFO: Computing elliptic Chabauty map... (delta = ['1'], g = [4, -16, 4, 16, -8, 1])
2022-02-12 18:01:32,564 INFO: Elliptic Chabauty map computed. (delta = ['1'], g = [4, -16, 4, 16, -8, 1])
2022-02-12 18:01:32,567 INFO: Computing elliptic Chabauty map... (delta = ['4', '-17', '4', '16', '-8', '1'], g = [4, -16, 4, 16, -8, 1])
2022-02-12 18:01:49,712 INFO: Elliptic Chabauty map computed. (delta = ['4', '-17', '4', '16', '-8', '1'], g = [4, -16, 4, 16, -8, 1])
2022-02-12 18:01:49,715 INFO: Computing elliptic Chabauty map... (delta = ['16', '-68', '21', '63', '-32', '4'], g = [4, -16, 4, 16, -8, 1])
2022-02-12 18:02:07,170 INFO: Elliptic Chabauty map computed. (delta = ['16', '-68', '21', '63', '-32', '4'], g = [4, -16, 4, 16, -8, 1])
2022-02-12 18:02:07,173 INFO: Tasks complete. Recording data and exiting.
