2022-01-01 12:51:10,244 INFO: Initialized curve data.
2022-01-01 12:51:10,248 INFO: Setting up initial twist data...
2022-01-01 12:51:11,280 INFO: Twist setup complete.
2022-01-01 12:51:11,280 INFO: Searching for rational points on each twist...
2022-01-01 12:51:12,194 INFO: Finished searching for rational points on each twist.
2022-01-01 12:51:12,194 INFO: Testing local solvability of twists...
2022-01-01 12:51:12,199 INFO: Finished local solvability testing.
2022-01-01 12:51:12,200 INFO: Computing elliptic curve a-invariants...
2022-01-01 12:51:25,210 INFO: Finished computation of a-invariants.
2022-01-01 12:51:25,212 INFO: Computing MW group (delta = ['-4', '0', '7', '-5', '2', '1'], g = [-4, 1, 6, -5, 2, 1])...
2022-01-01 12:53:00,966 INFO: Finished MW computation (delta = ['-4', '0', '7', '-5', '2', '1'], g = [-4, 1, 6, -5, 2, 1])
2022-01-01 12:53:00,972 INFO: Computing MW group (delta = ['16', '-4', '-23', '19', '-8', '-4'], g = [-4, 1, 6, -5, 2, 1])...
2022-01-01 12:53:52,984 INFO: Finished MW computation (delta = ['16', '-4', '-23', '19', '-8', '-4'], g = [-4, 1, 6, -5, 2, 1])
2022-01-01 12:53:52,988 INFO: Obstruction found to provably computing rational points. Exiting.
2022-01-03 13:14:58,000 INFO: Obsolete "loc_solv_error" keys removed.
2022-01-10 22:42:06,257 INFO: Loaded curve data from file.
2022-01-10 22:42:06,257 INFO: Obstruction already found. Exiting.
2022-02-12 17:42:54,416 INFO: Loaded curve data from file.
2022-02-12 17:42:54,416 INFO: Computing elliptic Chabauty map... (delta = ['-4', '0', '7', '-5', '2', '1'], g = [-4, 1, 6, -5, 2, 1])
2022-02-12 17:43:09,630 INFO: Elliptic Chabauty map computed. (delta = ['-4', '0', '7', '-5', '2', '1'], g = [-4, 1, 6, -5, 2, 1])
2022-02-12 17:43:09,632 INFO: Computing elliptic Chabauty map... (delta = ['16', '-4', '-23', '19', '-8', '-4'], g = [-4, 1, 6, -5, 2, 1])
2022-02-12 17:43:25,003 INFO: Elliptic Chabauty map computed. (delta = ['16', '-4', '-23', '19', '-8', '-4'], g = [-4, 1, 6, -5, 2, 1])
2022-02-12 17:43:25,005 INFO: Computing elliptic Chabauty map... (delta = ['-4', '0', '6', '-5', '2', '1'], g = [-4, 1, 6, -5, 2, 1])
2022-02-12 17:43:40,367 INFO: Elliptic Chabauty map computed. (delta = ['-4', '0', '6', '-5', '2', '1'], g = [-4, 1, 6, -5, 2, 1])
2022-02-12 17:43:40,370 INFO: Computing elliptic Chabauty map... (delta = ['1'], g = [-4, 1, 6, -5, 2, 1])
2022-02-12 17:43:55,264 INFO: Elliptic Chabauty map computed. (delta = ['1'], g = [-4, 1, 6, -5, 2, 1])
2022-02-12 17:43:55,266 INFO: Tasks complete. Recording data and exiting.
