2022-01-11 12:31:52,885 INFO: Initialized curve data.
2022-01-11 12:31:52,888 INFO: Setting up initial twist data...
2022-01-11 12:31:54,019 INFO: Twist setup complete.
2022-01-11 12:31:54,019 INFO: Searching for rational points on each twist...
2022-01-11 12:31:55,622 INFO: Finished searching for rational points on each twist.
2022-01-11 12:31:55,622 INFO: Testing local solvability of twists...
2022-01-11 12:32:00,156 INFO: Finished local solvability testing.
2022-01-11 12:32:00,158 INFO: Computing elliptic curve a-invariants...
2022-01-11 12:32:06,484 INFO: Finished computation of a-invariants.
2022-01-11 12:32:06,485 INFO: Computing MW group (delta = ['2/3', '-3', '5/3', '11/3', '1'], g = [8, -27, -10, 51, 42, 9])...
2022-01-13 17:36:55,350 INFO: Loaded curve data from file.
2022-01-13 17:36:55,350 INFO: Reducing MW generators...
2022-01-13 17:36:55,350 INFO: Finished reducing MW generators.
2022-01-13 17:36:55,352 INFO: Skipped Chabauty because MW generators haven't been computed. (delta = ['2/3', '-3', '5/3', '11/3', '1'], g = [8, -27, -10, 51, 42, 9])
2022-01-13 17:36:55,352 INFO: Skipped Chabauty because MW generators haven't been computed. (delta = ['1'], g = [8, -27, -10, 51, 42, 9])
2022-01-13 17:36:55,352 INFO: Skipped Chabauty because no base point (delta = ['-2/3', '5/3', '1'])
2022-01-13 17:36:55,352 INFO: Skipped Chabauty because MW generators haven't been computed. (delta = ['-1', '2', '1'], g = [8, -27, -10, 51, 42, 9])
2022-01-13 17:36:55,407 INFO: Tasks complete. Recording data and exiting.
2022-02-12 16:59:05,427 INFO: Loaded curve data from file.
2022-02-12 16:59:05,427 INFO: Computing elliptic Chabauty map... (delta = ['2/3', '-3', '5/3', '11/3', '1'], g = [8, -27, -10, 51, 42, 9])
2022-02-12 16:59:19,538 INFO: Elliptic Chabauty map computed. (delta = ['2/3', '-3', '5/3', '11/3', '1'], g = [8, -27, -10, 51, 42, 9])
2022-02-12 16:59:19,540 INFO: Computing elliptic Chabauty map... (delta = ['1'], g = [8, -27, -10, 51, 42, 9])
2022-02-12 16:59:33,379 INFO: Elliptic Chabauty map computed. (delta = ['1'], g = [8, -27, -10, 51, 42, 9])
2022-02-12 16:59:33,381 INFO: Computing elliptic Chabauty map... (delta = ['-1', '2', '1'], g = [8, -27, -10, 51, 42, 9])
2022-02-12 16:59:47,413 INFO: Elliptic Chabauty map computed. (delta = ['-1', '2', '1'], g = [8, -27, -10, 51, 42, 9])
2022-02-12 16:59:47,415 INFO: Tasks complete. Recording data and exiting.
