2022-01-13 21:54:43,820 INFO: Initialized curve data.
2022-01-13 21:54:43,822 INFO: Setting up initial twist data...
2022-01-13 21:54:44,603 INFO: Twist setup complete.
2022-01-13 21:54:44,603 INFO: Searching for rational points on each twist...
2022-01-13 21:54:45,859 INFO: Finished searching for rational points on each twist.
2022-01-13 21:54:45,859 INFO: Testing local solvability of twists...
2022-01-13 21:54:45,864 INFO: Finished local solvability testing.
2022-01-13 21:54:45,865 INFO: Computing elliptic curve a-invariants...
2022-01-13 21:54:52,275 INFO: Finished computation of a-invariants.
2022-01-13 21:54:52,276 INFO: Computing MW group (delta = ['4', '-1', '-4', '12', '-4', '1'], g = [4, 0, -4, 12, -4, 1])...
2022-01-13 21:56:22,273 INFO: Finished MW computation (delta = ['4', '-1', '-4', '12', '-4', '1'], g = [4, 0, -4, 12, -4, 1])
2022-01-13 21:56:22,276 INFO: Computing MW group (delta = ['4', '-1', '-3', '12', '-4', '1'], g = [4, 0, -4, 12, -4, 1])...
2022-01-13 21:59:56,825 INFO: Finished MW computation (delta = ['4', '-1', '-3', '12', '-4', '1'], g = [4, 0, -4, 12, -4, 1])
2022-01-13 21:59:56,828 INFO: Computing MW group (delta = ['1'], g = [4, 0, -4, 12, -4, 1])...
2022-01-13 22:01:43,357 INFO: Finished MW computation (delta = ['1'], g = [4, 0, -4, 12, -4, 1])
2022-01-13 22:01:43,361 INFO: Computing MW group (delta = ['16', '0', '-15', '47', '-16', '4'], g = [4, 0, -4, 12, -4, 1])...
2022-01-13 22:08:14,237 INFO: Finished MW computation (delta = ['16', '0', '-15', '47', '-16', '4'], g = [4, 0, -4, 12, -4, 1])
2022-01-13 22:08:14,244 INFO: Reducing MW generators...
2022-01-13 22:08:16,743 INFO: Finished reducing MW generators.
2022-01-13 22:08:16,746 INFO: Tasks complete. Recording data and exiting.
2022-01-14 11:35:20,044 INFO: Loaded curve data from file.
2022-01-14 11:35:20,045 INFO: Skipped Chabauty because MW group hasn't been provably computed. (delta = ['4', '-1', '-4', '12', '-4', '1'], g = [4, 0, -4, 12, -4, 1])
2022-01-14 11:35:20,045 INFO: Running elliptic Chabauty (delta = ['4', '-1', '-3', '12', '-4', '1'], g = [4, 0, -4, 12, -4, 1])...
2022-01-14 11:35:37,445 INFO: Chabauty completed successfully (delta = ['4', '-1', '-3', '12', '-4', '1'], g = [4, 0, -4, 12, -4, 1]).
2022-01-14 11:35:37,447 INFO: Skipped Chabauty because MW group hasn't been provably computed. (delta = ['1'], g = [4, 0, -4, 12, -4, 1])
2022-01-14 11:35:37,447 INFO: Running elliptic Chabauty (delta = ['16', '0', '-15', '47', '-16', '4'], g = [4, 0, -4, 12, -4, 1])...
2022-01-14 11:35:56,552 INFO: Chabauty completed successfully (delta = ['16', '0', '-15', '47', '-16', '4'], g = [4, 0, -4, 12, -4, 1]).
2022-01-14 11:35:56,632 INFO: Tasks complete. Recording data and exiting.
2022-02-12 17:03:12,672 INFO: Loaded curve data from file.
2022-02-12 17:03:12,673 INFO: Computing elliptic Chabauty map... (delta = ['4', '-1', '-4', '12', '-4', '1'], g = [4, 0, -4, 12, -4, 1])
2022-02-12 17:03:25,806 INFO: Elliptic Chabauty map computed. (delta = ['4', '-1', '-4', '12', '-4', '1'], g = [4, 0, -4, 12, -4, 1])
2022-02-12 17:03:25,808 INFO: Computing elliptic Chabauty map... (delta = ['4', '-1', '-3', '12', '-4', '1'], g = [4, 0, -4, 12, -4, 1])
2022-02-12 17:03:38,653 INFO: Elliptic Chabauty map computed. (delta = ['4', '-1', '-3', '12', '-4', '1'], g = [4, 0, -4, 12, -4, 1])
2022-02-12 17:03:38,655 INFO: Computing elliptic Chabauty map... (delta = ['1'], g = [4, 0, -4, 12, -4, 1])
2022-02-12 17:03:51,546 INFO: Elliptic Chabauty map computed. (delta = ['1'], g = [4, 0, -4, 12, -4, 1])
2022-02-12 17:03:51,550 INFO: Computing elliptic Chabauty map... (delta = ['16', '0', '-15', '47', '-16', '4'], g = [4, 0, -4, 12, -4, 1])
2022-02-12 17:04:04,328 INFO: Elliptic Chabauty map computed. (delta = ['16', '0', '-15', '47', '-16', '4'], g = [4, 0, -4, 12, -4, 1])
2022-02-12 17:04:04,332 INFO: Tasks complete. Recording data and exiting.
