2022-02-01 12:33:55,630 INFO: Initialized curve data.
2022-02-01 12:33:55,637 INFO: Setting up initial twist data...
2022-02-01 12:33:56,921 INFO: Twist setup complete.
2022-02-01 12:33:56,922 INFO: Searching for rational points on each twist...
2022-02-01 12:34:00,179 INFO: Finished searching for rational points on each twist.
2022-02-01 12:34:00,179 INFO: Testing local solvability of twists...
2022-02-01 12:35:26,049 INFO: Finished local solvability testing.
2022-02-01 12:35:26,050 INFO: Computing elliptic curve a-invariants...
2022-02-01 12:35:44,618 INFO: Finished computation of a-invariants.
2022-02-01 12:35:44,621 INFO: Computing MW group (delta = ['4', '-5', '5', '12', '-8', '1'], g = [4, -4, 4, 12, -8, 1])...
2022-02-01 12:36:44,846 INFO: Finished MW computation (delta = ['4', '-5', '5', '12', '-8', '1'], g = [4, -4, 4, 12, -8, 1])
2022-02-01 12:36:44,849 INFO: Computing MW group (delta = ['-1', '-1'], g = [4, -4, 4, 12, -8, 1])...
2022-02-01 12:38:45,713 INFO: Finished MW computation (delta = ['-1', '-1'], g = [4, -4, 4, 12, -8, 1])
2022-02-01 12:38:45,715 INFO: Skipped MW computation because no base point (delta = ['-4', '5', '-4', '-13', '8', '-1'])
2022-02-01 12:38:45,716 INFO: Computing MW group (delta = ['-4', '5', '-3', '-12', '8', '-1'], g = [4, -4, 4, 12, -8, 1])...
2022-02-01 12:41:03,825 INFO: Finished MW computation (delta = ['-4', '5', '-3', '-12', '8', '-1'], g = [4, -4, 4, 12, -8, 1])
2022-02-01 12:41:03,828 INFO: Skipped MW computation because no base point (delta = ['16', '-16', '17', '47', '-32', '4'])
2022-02-01 12:41:03,828 INFO: Computing MW group (delta = ['4', '-5', '4', '12', '-8', '1'], g = [4, -4, 4, 12, -8, 1])...
2022-02-01 12:42:05,436 INFO: Finished MW computation (delta = ['4', '-5', '4', '12', '-8', '1'], g = [4, -4, 4, 12, -8, 1])
2022-02-01 12:42:05,438 INFO: Computing MW group (delta = ['1'], g = [4, -4, 4, 12, -8, 1])...
2022-02-01 12:43:10,911 INFO: Finished MW computation (delta = ['1'], g = [4, -4, 4, 12, -8, 1])
2022-02-01 12:43:10,914 INFO: Skipped MW computation because no base point (delta = ['-16', '16', '-17', '-48', '33', '-4'])
2022-02-01 12:43:10,917 INFO: Reducing MW generators...
2022-02-01 12:43:13,265 INFO: Finished reducing MW generators.
2022-02-01 12:43:13,267 INFO: Tasks complete. Recording data and exiting.
2022-02-02 04:48:20,998 INFO: Loaded curve data from file.
2022-02-02 04:48:20,999 INFO: Skipped Chabauty because MW group hasn't been provably computed. (delta = ['4', '-5', '5', '12', '-8', '1'], g = [4, -4, 4, 12, -8, 1])
2022-02-02 04:48:20,999 INFO: Skipped Chabauty because MW group hasn't been provably computed. (delta = ['-1', '-1'], g = [4, -4, 4, 12, -8, 1])
2022-02-02 04:48:20,999 INFO: Skipped Chabauty because no base point (delta = ['-4', '5', '-4', '-13', '8', '-1'])
2022-02-02 04:48:20,999 INFO: Running elliptic Chabauty (delta = ['-4', '5', '-3', '-12', '8', '-1'], g = [4, -4, 4, 12, -8, 1])...
2022-02-02 04:48:37,183 INFO: Chabauty completed successfully (delta = ['-4', '5', '-3', '-12', '8', '-1'], g = [4, -4, 4, 12, -8, 1]).
2022-02-02 04:48:37,189 INFO: Skipped Chabauty because no base point (delta = ['16', '-16', '17', '47', '-32', '4'])
2022-02-02 04:48:37,189 INFO: Skipped Chabauty because MW group hasn't been provably computed. (delta = ['4', '-5', '4', '12', '-8', '1'], g = [4, -4, 4, 12, -8, 1])
2022-02-02 04:48:37,190 INFO: Skipped Chabauty because MW group hasn't been provably computed. (delta = ['1'], g = [4, -4, 4, 12, -8, 1])
2022-02-02 04:48:37,190 INFO: Skipped Chabauty because no base point (delta = ['-16', '16', '-17', '-48', '33', '-4'])
2022-02-02 04:48:37,332 INFO: Tasks complete. Recording data and exiting.
2022-02-12 17:26:27,191 INFO: Loaded curve data from file.
2022-02-12 17:26:27,191 INFO: Computing elliptic Chabauty map... (delta = ['4', '-5', '5', '12', '-8', '1'], g = [4, -4, 4, 12, -8, 1])
2022-02-12 17:26:43,347 INFO: Elliptic Chabauty map computed. (delta = ['4', '-5', '5', '12', '-8', '1'], g = [4, -4, 4, 12, -8, 1])
2022-02-12 17:26:43,351 INFO: Computing elliptic Chabauty map... (delta = ['-1', '-1'], g = [4, -4, 4, 12, -8, 1])
2022-02-12 17:26:59,456 INFO: Elliptic Chabauty map computed. (delta = ['-1', '-1'], g = [4, -4, 4, 12, -8, 1])
2022-02-12 17:26:59,460 INFO: Computing elliptic Chabauty map... (delta = ['-4', '5', '-3', '-12', '8', '-1'], g = [4, -4, 4, 12, -8, 1])
2022-02-12 17:27:15,431 INFO: Elliptic Chabauty map computed. (delta = ['-4', '5', '-3', '-12', '8', '-1'], g = [4, -4, 4, 12, -8, 1])
2022-02-12 17:27:15,435 INFO: Computing elliptic Chabauty map... (delta = ['4', '-5', '4', '12', '-8', '1'], g = [4, -4, 4, 12, -8, 1])
2022-02-12 17:27:31,492 INFO: Elliptic Chabauty map computed. (delta = ['4', '-5', '4', '12', '-8', '1'], g = [4, -4, 4, 12, -8, 1])
2022-02-12 17:27:31,495 INFO: Computing elliptic Chabauty map... (delta = ['1'], g = [4, -4, 4, 12, -8, 1])
2022-02-12 17:27:47,588 INFO: Elliptic Chabauty map computed. (delta = ['1'], g = [4, -4, 4, 12, -8, 1])
2022-02-12 17:27:47,592 INFO: Tasks complete. Recording data and exiting.
