2022-02-01 12:33:51,259 INFO: Initialized curve data.
2022-02-01 12:33:51,266 INFO: Setting up initial twist data...
2022-02-01 12:33:52,993 INFO: Twist setup complete.
2022-02-01 12:33:52,993 INFO: Searching for rational points on each twist...
2022-02-01 12:33:54,753 INFO: Finished searching for rational points on each twist.
2022-02-01 12:33:54,753 INFO: Testing local solvability of twists...
2022-02-01 12:34:27,091 INFO: Finished local solvability testing.
2022-02-01 12:34:27,092 INFO: Computing elliptic curve a-invariants...
2022-02-01 12:34:31,172 INFO: Finished computation of a-invariants.
2022-02-01 12:34:31,174 INFO: Skipped MW computation because no base point (delta = ['1/72', '1/8', '1/24', '-19/18', '1'])
2022-02-01 12:34:31,174 INFO: Skipped MW computation because no base point (delta = ['-1/9', '-5/9', '1'])
2022-02-01 12:34:31,174 INFO: Computing MW group (delta = ['1'], g = [-4, -33, 32, 348, -724, 392])...
2022-02-02 04:48:16,584 INFO: Loaded curve data from file.
2022-02-02 04:48:16,584 INFO: Reducing MW generators...
2022-02-02 04:48:16,584 INFO: Finished reducing MW generators.
2022-02-02 04:48:16,586 INFO: Skipped Chabauty because no base point (delta = ['1/72', '1/8', '1/24', '-19/18', '1'])
2022-02-02 04:48:16,586 INFO: Skipped Chabauty because no base point (delta = ['-1/9', '-5/9', '1'])
2022-02-02 04:48:16,586 INFO: Skipped Chabauty because MW generators haven't been computed. (delta = ['1'], g = [-4, -33, 32, 348, -724, 392])
2022-02-02 04:48:16,586 INFO: Skipped Chabauty because no base point (delta = ['-1/8', '-1/2', '1'])
2022-02-02 04:48:16,694 INFO: Tasks complete. Recording data and exiting.
2022-02-12 17:04:26,230 INFO: Loaded curve data from file.
2022-02-12 17:04:26,230 INFO: Computing elliptic Chabauty map... (delta = ['1'], g = [-4, -33, 32, 348, -724, 392])
2022-02-12 17:04:43,733 INFO: Elliptic Chabauty map computed. (delta = ['1'], g = [-4, -33, 32, 348, -724, 392])
2022-02-12 17:04:43,735 INFO: Tasks complete. Recording data and exiting.
