2022-01-11 15:13:02,799 INFO: Initialized curve data.
2022-01-11 15:13:02,801 INFO: Setting up initial twist data...
2022-01-11 15:13:03,747 INFO: Twist setup complete.
2022-01-11 15:13:03,747 INFO: Searching for rational points on each twist...
2022-01-11 15:13:05,256 INFO: Finished searching for rational points on each twist.
2022-01-11 15:13:05,256 INFO: Testing local solvability of twists...
2022-01-11 15:13:34,554 INFO: Finished local solvability testing.
2022-01-11 15:13:34,555 INFO: Computing elliptic curve a-invariants...
2022-01-11 15:13:44,252 INFO: Finished computation of a-invariants.
2022-01-11 15:13:44,254 INFO: Computing MW group (delta = ['1/2', '-3/2', '1'], g = [4, 1, -32, -14, 64, 41])...
2022-01-11 15:24:09,495 INFO: Finished MW computation (delta = ['1/2', '-3/2', '1'], g = [4, 1, -32, -14, 64, 41])
2022-01-11 15:24:09,499 INFO: Computing MW group (delta = ['1'], g = [4, 1, -32, -14, 64, 41])...
2022-01-14 09:07:36,720 INFO: Loaded curve data from file.
2022-01-14 09:07:36,721 INFO: Reducing MW generators...
2022-01-14 09:07:36,919 INFO: Finished reducing MW generators.
2022-01-14 09:07:36,921 INFO: Running elliptic Chabauty (delta = ['1/2', '-3/2', '1'], g = [4, 1, -32, -14, 64, 41])...
2022-01-14 09:07:51,666 INFO: Chabauty completed successfully (delta = ['1/2', '-3/2', '1'], g = [4, 1, -32, -14, 64, 41]).
2022-01-14 09:07:51,667 INFO: Skipped Chabauty because MW generators haven't been computed. (delta = ['1'], g = [4, 1, -32, -14, 64, 41])
2022-01-14 09:07:51,668 INFO: Skipped Chabauty because no base point (delta = ['-1/8', '3/8', '1/4', '-3/2', '1'])
2022-01-14 09:07:51,668 INFO: Skipped Chabauty because MW generators haven't been computed. (delta = ['-1/4', '0', '1'], g = [4, 1, -32, -14, 64, 41])
2022-01-14 09:07:51,756 INFO: Tasks complete. Recording data and exiting.
2022-02-12 16:43:53,848 INFO: Loaded curve data from file.
2022-02-12 16:43:53,848 INFO: Computing elliptic Chabauty map... (delta = ['1/2', '-3/2', '1'], g = [4, 1, -32, -14, 64, 41])
2022-02-12 16:44:10,495 INFO: Elliptic Chabauty map computed. (delta = ['1/2', '-3/2', '1'], g = [4, 1, -32, -14, 64, 41])
2022-02-12 16:44:10,498 INFO: Computing elliptic Chabauty map... (delta = ['1'], g = [4, 1, -32, -14, 64, 41])
2022-02-12 16:44:26,901 INFO: Elliptic Chabauty map computed. (delta = ['1'], g = [4, 1, -32, -14, 64, 41])
2022-02-12 16:44:26,904 INFO: Computing elliptic Chabauty map... (delta = ['-1/4', '0', '1'], g = [4, 1, -32, -14, 64, 41])
2022-02-12 16:44:43,486 INFO: Elliptic Chabauty map computed. (delta = ['-1/4', '0', '1'], g = [4, 1, -32, -14, 64, 41])
2022-02-12 16:44:43,488 INFO: Tasks complete. Recording data and exiting.
