2022-01-12 12:19:46,194 INFO: Initialized curve data.
2022-01-12 12:19:46,198 INFO: Setting up initial twist data...
2022-01-12 12:19:47,518 INFO: Twist setup complete.
2022-01-12 12:19:47,518 INFO: Searching for rational points on each twist...
2022-01-12 12:19:49,562 INFO: Finished searching for rational points on each twist.
2022-01-12 12:19:49,562 INFO: Testing local solvability of twists...
2022-01-12 12:20:14,647 INFO: Finished local solvability testing.
2022-01-12 12:20:14,648 INFO: Computing elliptic curve a-invariants...
2022-01-12 12:20:29,795 INFO: Finished computation of a-invariants.
2022-01-12 12:20:29,797 INFO: Computing MW group (delta = ['1', '-1'], g = [4, 28, -32, -3, 6, 1])...
2022-01-12 12:22:12,639 INFO: Finished MW computation (delta = ['1', '-1'], g = [4, 28, -32, -3, 6, 1])
2022-01-12 12:22:12,642 INFO: Skipped MW computation because no base point (delta = ['-1', '-1', '1'])
2022-01-12 12:22:12,642 INFO: Computing MW group (delta = ['1'], g = [4, 28, -32, -3, 6, 1])...
2022-01-12 13:17:53,056 INFO: Finished MW computation (delta = ['1'], g = [4, 28, -32, -3, 6, 1])
2022-01-12 13:17:53,062 INFO: Computing MW group (delta = ['-1', '0', '2', '-1'], g = [4, 28, -32, -3, 6, 1])...
2022-01-12 13:20:22,628 INFO: Finished MW computation (delta = ['-1', '0', '2', '-1'], g = [4, 28, -32, -3, 6, 1])
2022-01-12 13:20:22,640 INFO: Reducing MW generators...
2022-01-12 13:20:25,799 INFO: Finished reducing MW generators.
2022-01-12 13:20:25,801 INFO: Tasks complete. Recording data and exiting.
2022-01-14 11:32:19,302 INFO: Loaded curve data from file.
2022-01-14 11:32:19,302 INFO: Skipped Chabauty because MW group hasn't been provably computed. (delta = ['1', '-1'], g = [4, 28, -32, -3, 6, 1])
2022-01-14 11:32:19,302 INFO: Skipped Chabauty because no base point (delta = ['-1', '-1', '1'])
2022-01-14 11:32:19,303 INFO: Running elliptic Chabauty (delta = ['1'], g = [4, 28, -32, -3, 6, 1])...
2022-02-12 17:26:17,621 INFO: Loaded curve data from file.
2022-02-12 17:26:17,622 INFO: Computing elliptic Chabauty map... (delta = ['1', '-1'], g = [4, 28, -32, -3, 6, 1])
2022-02-12 17:26:34,260 INFO: Elliptic Chabauty map computed. (delta = ['1', '-1'], g = [4, 28, -32, -3, 6, 1])
2022-02-12 17:26:34,263 INFO: Computing elliptic Chabauty map... (delta = ['1'], g = [4, 28, -32, -3, 6, 1])
2022-02-12 17:26:50,587 INFO: Elliptic Chabauty map computed. (delta = ['1'], g = [4, 28, -32, -3, 6, 1])
2022-02-12 17:26:50,589 INFO: Computing elliptic Chabauty map... (delta = ['-1', '0', '2', '-1'], g = [4, 28, -32, -3, 6, 1])
2022-02-12 17:27:07,027 INFO: Elliptic Chabauty map computed. (delta = ['-1', '0', '2', '-1'], g = [4, 28, -32, -3, 6, 1])
2022-02-12 17:27:07,030 INFO: Tasks complete. Recording data and exiting.
