2022-01-11 12:31:52,139 INFO: Initialized curve data.
2022-01-11 12:31:52,142 INFO: Setting up initial twist data...
2022-01-11 12:31:53,246 INFO: Twist setup complete.
2022-01-11 12:31:53,247 INFO: Searching for rational points on each twist...
2022-01-11 12:31:56,854 INFO: Finished searching for rational points on each twist.
2022-01-11 12:31:56,854 INFO: Testing local solvability of twists...
2022-01-11 12:32:16,142 INFO: Finished local solvability testing.
2022-01-11 12:32:16,144 INFO: Computing elliptic curve a-invariants...
2022-01-11 12:32:19,392 INFO: Finished computation of a-invariants.
2022-01-11 12:32:19,396 INFO: Skipped MW computation because no base point (delta = ['-4', '-12', '-2', '12', '2'])
2022-01-11 12:32:19,396 INFO: Computing MW group (delta = ['4', '12', '1', '-18', '4', '1'], g = [-1, -2, 1])...
2022-01-11 12:32:20,797 INFO: Finished MW computation (delta = ['4', '12', '1', '-18', '4', '1'], g = [-1, -2, 1])
2022-01-11 12:32:20,800 INFO: Computing MW group (delta = ['4', '12', '1', '-18', '4', '1'], g = [-4, -5, 6, 1])...
2022-01-13 17:36:53,854 INFO: Loaded curve data from file.
2022-01-13 17:36:53,854 INFO: Reducing MW generators...
2022-01-13 17:36:54,119 INFO: Finished reducing MW generators.
2022-01-13 17:36:54,122 INFO: Skipped Chabauty because no base point (delta = ['-4', '-12', '-2', '12', '2'])
2022-01-13 17:36:54,122 INFO: Skipped Chabauty because rank >= degree(g). (delta = ['4', '12', '1', '-18', '4', '1'], g = [-1, -2, 1])
2022-01-13 17:36:54,122 INFO: Skipped Chabauty because MW generators haven't been computed. (delta = ['4', '12', '1', '-18', '4', '1'], g = [-4, -5, 6, 1])
2022-01-13 17:36:54,122 INFO: Skipped Chabauty because MW generators haven't been computed. (delta = ['1'], g = [-1, -2, 1])
2022-01-13 17:36:54,122 INFO: Skipped Chabauty because MW generators haven't been computed. (delta = ['1'], g = [-4, -5, 6, 1])
2022-01-13 17:36:54,122 INFO: Skipped Chabauty because MW generators haven't been computed. (delta = ['4', '12', '0', '-18', '4', '1'], g = [-1, -2, 1])
2022-01-13 17:36:54,122 INFO: Skipped Chabauty because MW generators haven't been computed. (delta = ['4', '12', '0', '-18', '4', '1'], g = [-4, -5, 6, 1])
2022-01-13 17:36:54,122 INFO: Skipped Chabauty because no base point (delta = ['16', '52', '1', '-73', '16', '4'])
2022-01-13 17:36:54,122 INFO: Skipped Chabauty because no base point (delta = ['-4', '-8', '10', '14', '-10', '-2'])
2022-01-13 17:36:54,123 INFO: Skipped Chabauty because no base point (delta = ['-1', '2', '6', '-6', '-1'])
2022-01-13 17:36:54,123 INFO: Skipped Chabauty because MW generators haven't been computed. (delta = ['-16', '-56', '-18', '62', '6', '-2'], g = [-1, -2, 1])
2022-01-13 17:36:54,123 INFO: Skipped Chabauty because MW generators haven't been computed. (delta = ['-16', '-56', '-18', '62', '6', '-2'], g = [-4, -5, 6, 1])
2022-01-13 17:36:54,248 INFO: Tasks complete. Recording data and exiting.
2022-02-12 17:52:19,618 INFO: Loaded curve data from file.
2022-02-12 17:52:19,618 INFO: Computing elliptic Chabauty map... (delta = ['4', '12', '1', '-18', '4', '1'], g = [-1, -2, 1])
2022-02-12 17:52:29,131 INFO: Elliptic Chabauty map computed. (delta = ['4', '12', '1', '-18', '4', '1'], g = [-1, -2, 1])
2022-02-12 17:52:29,134 INFO: Computing elliptic Chabauty map... (delta = ['4', '12', '1', '-18', '4', '1'], g = [-4, -5, 6, 1])
2022-02-12 17:52:38,903 INFO: Elliptic Chabauty map computed. (delta = ['4', '12', '1', '-18', '4', '1'], g = [-4, -5, 6, 1])
2022-02-12 17:52:38,906 INFO: Computing elliptic Chabauty map... (delta = ['1'], g = [-1, -2, 1])
2022-02-12 17:52:48,193 INFO: Elliptic Chabauty map computed. (delta = ['1'], g = [-1, -2, 1])
2022-02-12 17:52:48,207 INFO: Computing elliptic Chabauty map... (delta = ['1'], g = [-4, -5, 6, 1])
2022-02-12 17:52:57,982 INFO: Elliptic Chabauty map computed. (delta = ['1'], g = [-4, -5, 6, 1])
2022-02-12 17:52:57,985 INFO: Computing elliptic Chabauty map... (delta = ['4', '12', '0', '-18', '4', '1'], g = [-1, -2, 1])
2022-02-12 17:53:07,380 INFO: Elliptic Chabauty map computed. (delta = ['4', '12', '0', '-18', '4', '1'], g = [-1, -2, 1])
2022-02-12 17:53:07,384 INFO: Computing elliptic Chabauty map... (delta = ['4', '12', '0', '-18', '4', '1'], g = [-4, -5, 6, 1])
2022-02-12 17:53:17,121 INFO: Elliptic Chabauty map computed. (delta = ['4', '12', '0', '-18', '4', '1'], g = [-4, -5, 6, 1])
2022-02-12 17:53:17,124 INFO: Computing elliptic Chabauty map... (delta = ['-16', '-56', '-18', '62', '6', '-2'], g = [-1, -2, 1])
2022-02-12 17:53:26,499 INFO: Elliptic Chabauty map computed. (delta = ['-16', '-56', '-18', '62', '6', '-2'], g = [-1, -2, 1])
2022-02-12 17:53:26,503 INFO: Computing elliptic Chabauty map... (delta = ['-16', '-56', '-18', '62', '6', '-2'], g = [-4, -5, 6, 1])
2022-02-12 17:53:36,270 INFO: Elliptic Chabauty map computed. (delta = ['-16', '-56', '-18', '62', '6', '-2'], g = [-4, -5, 6, 1])
2022-02-12 17:53:36,274 INFO: Tasks complete. Recording data and exiting.
