2022-01-11 15:13:04,229 INFO: Initialized curve data.
2022-01-11 15:13:04,232 INFO: Setting up initial twist data...
2022-01-11 15:13:05,501 INFO: Twist setup complete.
2022-01-11 15:13:05,501 INFO: Searching for rational points on each twist...
2022-01-11 15:13:07,484 INFO: Finished searching for rational points on each twist.
2022-01-11 15:13:07,485 INFO: Testing local solvability of twists...
2022-01-11 15:13:14,546 INFO: Finished local solvability testing.
2022-01-11 15:13:14,547 INFO: Computing elliptic curve a-invariants...
2022-01-11 15:13:21,413 INFO: Finished computation of a-invariants.
2022-01-11 15:13:21,415 INFO: Computing MW group (delta = ['1'], g = [-4, -11, 8, 24, -20, 4])...
2022-01-14 09:07:39,275 INFO: Loaded curve data from file.
2022-01-14 09:07:39,275 INFO: Reducing MW generators...
2022-01-14 09:07:39,275 INFO: Finished reducing MW generators.
2022-01-14 09:07:39,278 INFO: Skipped Chabauty because MW generators haven't been computed. (delta = ['1'], g = [-4, -11, 8, 24, -20, 4])
2022-01-14 09:07:39,278 INFO: Skipped Chabauty because MW generators haven't been computed. (delta = ['-4', '-12', '8', '24', '-20', '4'], g = [-4, -11, 8, 24, -20, 4])
2022-01-14 09:07:39,278 INFO: Skipped Chabauty because MW generators haven't been computed. (delta = ['-1', '-2', '1'], g = [-4, -11, 8, 24, -20, 4])
2022-01-14 09:07:39,278 INFO: Skipped Chabauty because no base point (delta = ['4', '12', '-6', '-25', '20', '-4'])
2022-01-14 09:07:39,333 INFO: Tasks complete. Recording data and exiting.
2022-02-12 16:58:31,040 INFO: Loaded curve data from file.
2022-02-12 16:58:31,040 INFO: Computing elliptic Chabauty map... (delta = ['1'], g = [-4, -11, 8, 24, -20, 4])
2022-02-12 16:58:44,752 INFO: Elliptic Chabauty map computed. (delta = ['1'], g = [-4, -11, 8, 24, -20, 4])
2022-02-12 16:58:44,755 INFO: Computing elliptic Chabauty map... (delta = ['-4', '-12', '8', '24', '-20', '4'], g = [-4, -11, 8, 24, -20, 4])
2022-02-12 16:58:58,491 INFO: Elliptic Chabauty map computed. (delta = ['-4', '-12', '8', '24', '-20', '4'], g = [-4, -11, 8, 24, -20, 4])
2022-02-12 16:58:58,493 INFO: Computing elliptic Chabauty map... (delta = ['-1', '-2', '1'], g = [-4, -11, 8, 24, -20, 4])
2022-02-12 16:59:12,108 INFO: Elliptic Chabauty map computed. (delta = ['-1', '-2', '1'], g = [-4, -11, 8, 24, -20, 4])
2022-02-12 16:59:12,110 INFO: Tasks complete. Recording data and exiting.
