2022-01-13 21:54:54,213 INFO: Initialized curve data.
2022-01-13 21:54:54,217 INFO: Setting up initial twist data...
2022-01-13 21:54:55,024 INFO: Twist setup complete.
2022-01-13 21:54:55,024 INFO: Searching for rational points on each twist...
2022-01-13 21:54:56,284 INFO: Finished searching for rational points on each twist.
2022-01-13 21:54:56,284 INFO: Testing local solvability of twists...
2022-01-13 21:55:09,974 INFO: Finished local solvability testing.
2022-01-13 21:55:09,976 INFO: Computing elliptic curve a-invariants...
2022-01-13 21:55:19,482 INFO: Finished computation of a-invariants.
2022-01-13 21:55:19,484 INFO: Computing MW group (delta = ['4', '24', '28', '-38', '-4', '1'], g = [4, 25, 28, -38, -4, 1])...
2022-01-14 00:15:01,412 INFO: Finished MW computation (delta = ['4', '24', '28', '-38', '-4', '1'], g = [4, 25, 28, -38, -4, 1])
2022-01-14 00:15:01,436 INFO: Computing MW group (delta = ['1'], g = [4, 25, 28, -38, -4, 1])...
2022-01-14 11:35:33,205 INFO: Loaded curve data from file.
2022-01-14 11:35:33,206 INFO: Reducing MW generators...
2022-01-14 11:35:33,385 INFO: Finished reducing MW generators.
2022-01-14 11:35:33,388 INFO: Running elliptic Chabauty (delta = ['4', '24', '28', '-38', '-4', '1'], g = [4, 25, 28, -38, -4, 1])...
2022-01-14 11:35:45,851 INFO: Chabauty completed successfully (delta = ['4', '24', '28', '-38', '-4', '1'], g = [4, 25, 28, -38, -4, 1]).
2022-01-14 11:35:45,853 INFO: Skipped Chabauty because MW generators haven't been computed. (delta = ['1'], g = [4, 25, 28, -38, -4, 1])
2022-01-14 11:35:45,853 INFO: Skipped Chabauty because no base point (delta = ['16', '100', '113', '-153', '-16', '4'])
2022-01-14 11:35:45,853 INFO: Skipped Chabauty because MW generators haven't been computed. (delta = ['4', '24', '29', '-38', '-4', '1'], g = [4, 25, 28, -38, -4, 1])
2022-01-14 11:35:45,927 INFO: Tasks complete. Recording data and exiting.
2022-02-12 17:17:47,361 INFO: Loaded curve data from file.
2022-02-12 17:17:47,361 INFO: Computing elliptic Chabauty map... (delta = ['4', '24', '28', '-38', '-4', '1'], g = [4, 25, 28, -38, -4, 1])
2022-02-12 17:18:04,399 INFO: Elliptic Chabauty map computed. (delta = ['4', '24', '28', '-38', '-4', '1'], g = [4, 25, 28, -38, -4, 1])
2022-02-12 17:18:04,401 INFO: Computing elliptic Chabauty map... (delta = ['1'], g = [4, 25, 28, -38, -4, 1])
2022-02-12 17:18:21,092 INFO: Elliptic Chabauty map computed. (delta = ['1'], g = [4, 25, 28, -38, -4, 1])
2022-02-12 17:18:21,094 INFO: Computing elliptic Chabauty map... (delta = ['4', '24', '29', '-38', '-4', '1'], g = [4, 25, 28, -38, -4, 1])
2022-02-12 17:18:37,956 INFO: Elliptic Chabauty map computed. (delta = ['4', '24', '29', '-38', '-4', '1'], g = [4, 25, 28, -38, -4, 1])
2022-02-12 17:18:37,959 INFO: Tasks complete. Recording data and exiting.
