2022-01-13 21:54:46,917 INFO: Initialized curve data.
2022-01-13 21:54:46,922 INFO: Setting up initial twist data...
2022-01-13 21:54:48,281 INFO: Twist setup complete.
2022-01-13 21:54:48,281 INFO: Searching for rational points on each twist...
2022-01-13 21:54:50,228 INFO: Finished searching for rational points on each twist.
2022-01-13 21:54:50,229 INFO: Testing local solvability of twists...
2022-01-13 21:55:06,559 INFO: Finished local solvability testing.
2022-01-13 21:55:06,562 INFO: Computing elliptic curve a-invariants...
2022-01-13 21:55:18,685 INFO: Finished computation of a-invariants.
2022-01-13 21:55:18,687 INFO: Skipped MW computation because no base point (delta = ['-1', '0', '1'])
2022-01-13 21:55:18,688 INFO: Computing MW group (delta = ['4', '-1', '-1', '5', '-3', '-3'], g = [-4, 0, 0, -4, 4, 3])...
2022-01-14 11:35:22,429 INFO: Loaded curve data from file.
2022-01-14 11:35:22,429 INFO: Reducing MW generators...
2022-01-14 11:35:22,429 INFO: Finished reducing MW generators.
2022-01-14 11:35:22,441 INFO: Skipped Chabauty because no base point (delta = ['-1', '0', '1'])
2022-01-14 11:35:22,441 INFO: Skipped Chabauty because MW generators haven't been computed. (delta = ['4', '-1', '-1', '5', '-3', '-3'], g = [-4, 0, 0, -4, 4, 3])
2022-01-14 11:35:22,441 INFO: Skipped Chabauty because MW generators haven't been computed. (delta = ['1'], g = [-4, 0, 0, -4, 4, 3])
2022-01-14 11:35:22,441 INFO: Skipped Chabauty because MW generators haven't been computed. (delta = ['-4', '1', '1', '-4', '4', '3'], g = [-4, 0, 0, -4, 4, 3])
2022-01-14 11:35:22,482 INFO: Tasks complete. Recording data and exiting.
2022-02-12 17:32:08,533 INFO: Loaded curve data from file.
2022-02-12 17:32:08,533 INFO: Computing elliptic Chabauty map... (delta = ['4', '-1', '-1', '5', '-3', '-3'], g = [-4, 0, 0, -4, 4, 3])
2022-02-12 17:32:20,697 INFO: Elliptic Chabauty map computed. (delta = ['4', '-1', '-1', '5', '-3', '-3'], g = [-4, 0, 0, -4, 4, 3])
2022-02-12 17:32:20,699 INFO: Computing elliptic Chabauty map... (delta = ['1'], g = [-4, 0, 0, -4, 4, 3])
2022-02-12 17:32:32,726 INFO: Elliptic Chabauty map computed. (delta = ['1'], g = [-4, 0, 0, -4, 4, 3])
2022-02-12 17:32:32,728 INFO: Computing elliptic Chabauty map... (delta = ['-4', '1', '1', '-4', '4', '3'], g = [-4, 0, 0, -4, 4, 3])
2022-02-12 17:32:44,589 INFO: Elliptic Chabauty map computed. (delta = ['-4', '1', '1', '-4', '4', '3'], g = [-4, 0, 0, -4, 4, 3])
2022-02-12 17:32:44,591 INFO: Tasks complete. Recording data and exiting.
