2022-01-14 12:17:20,091 INFO: Initialized curve data.
2022-01-14 12:17:20,095 INFO: Setting up initial twist data...
2022-01-14 12:17:21,270 INFO: Twist setup complete.
2022-01-14 12:17:21,270 INFO: Searching for rational points on each twist...
2022-01-14 12:17:23,150 INFO: Finished searching for rational points on each twist.
2022-01-14 12:17:23,150 INFO: Testing local solvability of twists...
2022-01-14 12:17:31,127 INFO: Finished local solvability testing.
2022-01-14 12:17:31,129 INFO: Computing elliptic curve a-invariants...
2022-01-14 12:17:37,601 INFO: Finished computation of a-invariants.
2022-01-14 12:17:37,603 INFO: Computing MW group (delta = ['-4', '8', '1', '-18', '8', '-1'], g = [4, -7, 0, 18, -8, 1])...
2022-01-14 12:17:58,204 INFO: Finished MW computation (delta = ['-4', '8', '1', '-18', '8', '-1'], g = [4, -7, 0, 18, -8, 1])
2022-01-14 12:17:58,207 INFO: Skipped MW computation because no base point (delta = ['-1', '-1'])
2022-01-14 12:17:58,207 INFO: Computing MW group (delta = ['4', '-8', '0', '18', '-8', '1'], g = [4, -7, 0, 18, -8, 1])...
2022-01-14 12:18:43,908 INFO: Finished MW computation (delta = ['4', '-8', '0', '18', '-8', '1'], g = [4, -7, 0, 18, -8, 1])
2022-01-14 12:18:43,911 INFO: Computing MW group (delta = ['1'], g = [4, -7, 0, 18, -8, 1])...
2022-01-14 15:52:22,919 INFO: Loaded curve data from file.
2022-01-14 15:52:22,920 INFO: Reducing MW generators...
2022-01-14 15:52:22,973 INFO: Finished reducing MW generators.
2022-01-14 15:52:22,976 INFO: Skipped Chabauty because MW group hasn't been provably computed. (delta = ['-4', '8', '1', '-18', '8', '-1'], g = [4, -7, 0, 18, -8, 1])
2022-01-14 15:52:22,976 INFO: Skipped Chabauty because no base point (delta = ['-1', '-1'])
2022-01-14 15:52:22,976 INFO: Skipped Chabauty because MW group hasn't been provably computed. (delta = ['4', '-8', '0', '18', '-8', '1'], g = [4, -7, 0, 18, -8, 1])
2022-01-14 15:52:22,976 INFO: Skipped Chabauty because MW generators haven't been computed. (delta = ['1'], g = [4, -7, 0, 18, -8, 1])
2022-01-14 15:52:23,016 INFO: Tasks complete. Recording data and exiting.
2022-02-12 16:45:34,603 INFO: Loaded curve data from file.
2022-02-12 16:45:34,603 INFO: Computing elliptic Chabauty map... (delta = ['-4', '8', '1', '-18', '8', '-1'], g = [4, -7, 0, 18, -8, 1])
2022-02-12 16:45:46,201 INFO: Elliptic Chabauty map computed. (delta = ['-4', '8', '1', '-18', '8', '-1'], g = [4, -7, 0, 18, -8, 1])
2022-02-12 16:45:46,203 INFO: Computing elliptic Chabauty map... (delta = ['4', '-8', '0', '18', '-8', '1'], g = [4, -7, 0, 18, -8, 1])
2022-02-12 16:45:57,612 INFO: Elliptic Chabauty map computed. (delta = ['4', '-8', '0', '18', '-8', '1'], g = [4, -7, 0, 18, -8, 1])
2022-02-12 16:45:57,613 INFO: Computing elliptic Chabauty map... (delta = ['1'], g = [4, -7, 0, 18, -8, 1])
2022-02-12 16:46:09,049 INFO: Elliptic Chabauty map computed. (delta = ['1'], g = [4, -7, 0, 18, -8, 1])
2022-02-12 16:46:09,051 INFO: Tasks complete. Recording data and exiting.
