2022-01-12 12:17:55,508 INFO: Initialized curve data.
2022-01-12 12:17:55,512 INFO: Setting up initial twist data...
2022-01-12 12:17:56,591 INFO: Twist setup complete.
2022-01-12 12:17:56,591 INFO: Searching for rational points on each twist...
2022-01-12 12:18:00,524 INFO: Finished searching for rational points on each twist.
2022-01-12 12:18:00,525 INFO: Testing local solvability of twists...
2022-01-12 12:18:09,043 INFO: Finished local solvability testing.
2022-01-12 12:18:09,044 INFO: Computing elliptic curve a-invariants...
2022-01-12 12:18:17,443 INFO: Finished computation of a-invariants.
2022-01-12 12:18:17,446 INFO: Computing MW group (delta = ['-1/3', '2', '-5/3', '-4', '-1/3', '1'], g = [1, 1])...
2022-01-12 12:18:17,869 INFO: Finished MW computation (delta = ['-1/3', '2', '-5/3', '-4', '-1/3', '1'], g = [1, 1])
2022-01-12 12:18:17,872 INFO: Computing MW group (delta = ['-1/3', '2', '-5/3', '-4', '-1/3', '1'], g = [1, -2, -3, 0, 1])...
2022-01-12 12:18:26,817 INFO: Finished MW computation (delta = ['-1/3', '2', '-5/3', '-4', '-1/3', '1'], g = [1, -2, -3, 0, 1])
2022-01-12 12:18:26,821 INFO: Computing MW group (delta = ['1', '-3', '-5', '-1', '1'], g = [1, 1])...
2022-01-12 12:18:27,158 INFO: Finished MW computation (delta = ['1', '-3', '-5', '-1', '1'], g = [1, 1])
2022-01-12 12:18:27,162 INFO: Computing MW group (delta = ['1', '-3', '-5', '-1', '1'], g = [1, -2, -3, 0, 1])...
2022-01-12 12:18:37,181 INFO: Finished MW computation (delta = ['1', '-3', '-5', '-1', '1'], g = [1, -2, -3, 0, 1])
2022-01-12 12:18:37,185 INFO: Computing MW group (delta = ['1/3', '-2', '4/3', '14/3', '4/3', '-1'], g = [1, 1])...
2022-01-12 12:18:37,519 INFO: Finished MW computation (delta = ['1/3', '-2', '4/3', '14/3', '4/3', '-1'], g = [1, 1])
2022-01-12 12:18:37,522 INFO: Computing MW group (delta = ['1/3', '-2', '4/3', '14/3', '4/3', '-1'], g = [1, -2, -3, 0, 1])...
2022-01-12 12:18:45,604 INFO: Finished MW computation (delta = ['1/3', '-2', '4/3', '14/3', '4/3', '-1'], g = [1, -2, -3, 0, 1])
2022-01-12 12:18:45,608 INFO: Skipped MW computation because no base point (delta = ['-1', '0', '-2', '-3', '0', '1'])
2022-01-12 12:18:45,608 INFO: Computing MW group (delta = ['-1/3', '2', '-5/3', '-4', '0', '4/3'], g = [1, 1])...
2022-01-12 12:18:45,947 INFO: Finished MW computation (delta = ['-1/3', '2', '-5/3', '-4', '0', '4/3'], g = [1, 1])
2022-01-12 12:18:45,949 INFO: Computing MW group (delta = ['-1/3', '2', '-5/3', '-4', '0', '4/3'], g = [1, -2, -3, 0, 1])...
2022-01-12 12:19:00,381 INFO: Finished MW computation (delta = ['-1/3', '2', '-5/3', '-4', '0', '4/3'], g = [1, -2, -3, 0, 1])
2022-01-12 12:19:00,385 INFO: Computing MW group (delta = ['1'], g = [1, 1])...
2022-01-12 12:19:00,725 INFO: Finished MW computation (delta = ['1'], g = [1, 1])
2022-01-12 12:19:00,728 INFO: Computing MW group (delta = ['1'], g = [1, -2, -3, 0, 1])...
2022-01-12 12:19:05,697 INFO: Finished MW computation (delta = ['1'], g = [1, -2, -3, 0, 1])
2022-01-12 12:19:05,701 INFO: Computing MW group (delta = ['-1', '3', '4', '0', '-1'], g = [1, 1])...
2022-01-12 12:19:06,068 INFO: Finished MW computation (delta = ['-1', '3', '4', '0', '-1'], g = [1, 1])
2022-01-12 12:19:06,072 INFO: Computing MW group (delta = ['-1', '3', '4', '0', '-1'], g = [1, -2, -3, 0, 1])...
2022-01-12 12:19:13,301 INFO: Finished MW computation (delta = ['-1', '3', '4', '0', '-1'], g = [1, -2, -3, 0, 1])
2022-01-12 12:19:13,306 INFO: Skipped MW computation because no base point (delta = ['1/3', '-1'])
2022-01-12 12:19:13,309 INFO: Reducing MW generators...
2022-01-12 12:19:19,508 INFO: Finished reducing MW generators.
2022-01-12 12:19:19,512 INFO: Tasks complete. Recording data and exiting.
2022-01-14 11:32:18,855 INFO: Loaded curve data from file.
2022-01-14 11:32:18,855 INFO: Skipped Chabauty because rank >= degree(g). (delta = ['-1/3', '2', '-5/3', '-4', '-1/3', '1'], g = [1, 1])
2022-01-14 11:32:18,856 INFO: Running elliptic Chabauty (delta = ['-1/3', '2', '-5/3', '-4', '-1/3', '1'], g = [1, -2, -3, 0, 1])...
2022-01-14 11:32:28,656 INFO: Chabauty completed successfully (delta = ['-1/3', '2', '-5/3', '-4', '-1/3', '1'], g = [1, -2, -3, 0, 1]).
2022-01-14 11:32:28,741 INFO: Skipped Chabauty because rank >= degree(g). (delta = ['1', '-3', '-5', '-1', '1'], g = [1, 1])
2022-01-14 11:32:28,741 INFO: Running elliptic Chabauty (delta = ['1', '-3', '-5', '-1', '1'], g = [1, -2, -3, 0, 1])...
2022-01-14 11:32:40,184 INFO: Chabauty completed successfully (delta = ['1', '-3', '-5', '-1', '1'], g = [1, -2, -3, 0, 1]).
2022-01-14 11:32:40,262 INFO: Skipped Chabauty because rank >= degree(g). (delta = ['1/3', '-2', '4/3', '14/3', '4/3', '-1'], g = [1, 1])
2022-01-14 11:32:40,262 INFO: Running elliptic Chabauty (delta = ['1/3', '-2', '4/3', '14/3', '4/3', '-1'], g = [1, -2, -3, 0, 1])...
2022-01-14 11:32:51,383 INFO: Chabauty completed successfully (delta = ['1/3', '-2', '4/3', '14/3', '4/3', '-1'], g = [1, -2, -3, 0, 1]).
2022-01-14 11:32:51,386 INFO: Skipped Chabauty because no base point (delta = ['-1', '0', '-2', '-3', '0', '1'])
2022-01-14 11:32:51,386 INFO: Skipped Chabauty because rank >= degree(g). (delta = ['-1/3', '2', '-5/3', '-4', '0', '4/3'], g = [1, 1])
2022-01-14 11:32:51,387 INFO: Running elliptic Chabauty (delta = ['-1/3', '2', '-5/3', '-4', '0', '4/3'], g = [1, -2, -3, 0, 1])...
2022-01-14 11:33:47,462 INFO: Chabauty completed successfully (delta = ['-1/3', '2', '-5/3', '-4', '0', '4/3'], g = [1, -2, -3, 0, 1]).
2022-01-14 11:33:47,466 INFO: Skipped Chabauty because rank >= degree(g). (delta = ['1'], g = [1, 1])
2022-01-14 11:33:47,466 INFO: Running elliptic Chabauty (delta = ['1'], g = [1, -2, -3, 0, 1])...
2022-01-14 11:33:57,418 INFO: Chabauty completed successfully (delta = ['1'], g = [1, -2, -3, 0, 1]).
2022-01-14 11:33:57,421 INFO: Skipped Chabauty because rank >= degree(g). (delta = ['-1', '3', '4', '0', '-1'], g = [1, 1])
2022-01-14 11:33:57,421 INFO: Running elliptic Chabauty (delta = ['-1', '3', '4', '0', '-1'], g = [1, -2, -3, 0, 1])...
2022-01-14 11:34:08,867 INFO: Chabauty completed successfully (delta = ['-1', '3', '4', '0', '-1'], g = [1, -2, -3, 0, 1]).
2022-01-14 11:34:08,871 INFO: Skipped Chabauty because no base point (delta = ['1/3', '-1'])
2022-01-14 11:34:09,193 INFO: Rational points successfully computed.
2022-01-14 11:34:09,196 INFO: Tasks complete. Recording data and exiting.
2022-02-12 17:08:59,219 INFO: Loaded curve data from file.
2022-02-12 17:08:59,219 INFO: Computing elliptic Chabauty map... (delta = ['-1/3', '2', '-5/3', '-4', '-1/3', '1'], g = [1, 1])
2022-02-12 17:09:09,473 INFO: Elliptic Chabauty map computed. (delta = ['-1/3', '2', '-5/3', '-4', '-1/3', '1'], g = [1, 1])
2022-02-12 17:09:09,477 INFO: Computing elliptic Chabauty map... (delta = ['-1/3', '2', '-5/3', '-4', '-1/3', '1'], g = [1, -2, -3, 0, 1])
2022-02-12 17:09:22,498 INFO: Elliptic Chabauty map computed. (delta = ['-1/3', '2', '-5/3', '-4', '-1/3', '1'], g = [1, -2, -3, 0, 1])
2022-02-12 17:09:22,502 INFO: Computing elliptic Chabauty map... (delta = ['1', '-3', '-5', '-1', '1'], g = [1, 1])
2022-02-12 17:09:32,729 INFO: Elliptic Chabauty map computed. (delta = ['1', '-3', '-5', '-1', '1'], g = [1, 1])
2022-02-12 17:09:32,733 INFO: Computing elliptic Chabauty map... (delta = ['1', '-3', '-5', '-1', '1'], g = [1, -2, -3, 0, 1])
2022-02-12 17:09:45,537 INFO: Elliptic Chabauty map computed. (delta = ['1', '-3', '-5', '-1', '1'], g = [1, -2, -3, 0, 1])
2022-02-12 17:09:45,541 INFO: Computing elliptic Chabauty map... (delta = ['1/3', '-2', '4/3', '14/3', '4/3', '-1'], g = [1, 1])
2022-02-12 17:09:55,796 INFO: Elliptic Chabauty map computed. (delta = ['1/3', '-2', '4/3', '14/3', '4/3', '-1'], g = [1, 1])
2022-02-12 17:09:55,800 INFO: Computing elliptic Chabauty map... (delta = ['1/3', '-2', '4/3', '14/3', '4/3', '-1'], g = [1, -2, -3, 0, 1])
2022-02-12 17:10:08,865 INFO: Elliptic Chabauty map computed. (delta = ['1/3', '-2', '4/3', '14/3', '4/3', '-1'], g = [1, -2, -3, 0, 1])
2022-02-12 17:10:08,870 INFO: Computing elliptic Chabauty map... (delta = ['-1/3', '2', '-5/3', '-4', '0', '4/3'], g = [1, 1])
2022-02-12 17:10:18,966 INFO: Elliptic Chabauty map computed. (delta = ['-1/3', '2', '-5/3', '-4', '0', '4/3'], g = [1, 1])
2022-02-12 17:10:18,969 INFO: Computing elliptic Chabauty map... (delta = ['-1/3', '2', '-5/3', '-4', '0', '4/3'], g = [1, -2, -3, 0, 1])
2022-02-12 17:10:32,241 INFO: Elliptic Chabauty map computed. (delta = ['-1/3', '2', '-5/3', '-4', '0', '4/3'], g = [1, -2, -3, 0, 1])
2022-02-12 17:10:32,248 INFO: Computing elliptic Chabauty map... (delta = ['1'], g = [1, 1])
2022-02-12 17:10:42,263 INFO: Elliptic Chabauty map computed. (delta = ['1'], g = [1, 1])
2022-02-12 17:10:42,269 INFO: Computing elliptic Chabauty map... (delta = ['1'], g = [1, -2, -3, 0, 1])
2022-02-12 17:10:54,933 INFO: Elliptic Chabauty map computed. (delta = ['1'], g = [1, -2, -3, 0, 1])
2022-02-12 17:10:54,939 INFO: Computing elliptic Chabauty map... (delta = ['-1', '3', '4', '0', '-1'], g = [1, 1])
2022-02-12 17:11:05,020 INFO: Elliptic Chabauty map computed. (delta = ['-1', '3', '4', '0', '-1'], g = [1, 1])
2022-02-12 17:11:05,026 INFO: Computing elliptic Chabauty map... (delta = ['-1', '3', '4', '0', '-1'], g = [1, -2, -3, 0, 1])
2022-02-12 17:11:17,863 INFO: Elliptic Chabauty map computed. (delta = ['-1', '3', '4', '0', '-1'], g = [1, -2, -3, 0, 1])
2022-02-12 17:11:17,869 INFO: Tasks complete. Recording data and exiting.
