2022-02-01 12:30:33,439 INFO: Initialized curve data.
2022-02-01 12:30:33,450 INFO: Setting up initial twist data...
2022-02-01 12:30:35,211 INFO: Twist setup complete.
2022-02-01 12:30:35,211 INFO: Searching for rational points on each twist...
2022-02-01 12:30:39,103 INFO: Finished searching for rational points on each twist.
2022-02-01 12:30:39,103 INFO: Testing local solvability of twists...
2022-02-01 12:30:54,364 INFO: Finished local solvability testing.
2022-02-01 12:30:54,366 INFO: Computing elliptic curve a-invariants...
2022-02-01 12:31:20,805 INFO: Finished computation of a-invariants.
2022-02-01 12:31:20,807 INFO: Skipped MW computation because no base point (delta = ['-16', '20', '15', '17', '-47', '15'])
2022-02-01 12:31:20,807 INFO: Computing MW group (delta = ['16', '-20', '-15', '-17', '48', '-16'], g = [-4, 5, 4, 4, -12, 4])...
2022-02-01 12:32:38,068 INFO: Finished MW computation (delta = ['16', '-20', '-15', '-17', '48', '-16'], g = [-4, 5, 4, 4, -12, 4])
2022-02-01 12:32:38,072 INFO: Computing MW group (delta = ['-4', '4', '5', '4', '-12', '4'], g = [-4, 5, 4, 4, -12, 4])...
2022-02-01 12:34:08,261 INFO: Finished MW computation (delta = ['-4', '4', '5', '4', '-12', '4'], g = [-4, 5, 4, 4, -12, 4])
2022-02-01 12:34:08,265 INFO: Skipped MW computation because no base point (delta = ['4', '-4', '-4', '-5', '12', '-4'])
2022-02-01 12:34:08,265 INFO: Computing MW group (delta = ['-4', '4', '4', '4', '-12', '4'], g = [-4, 5, 4, 4, -12, 4])...
2022-02-01 12:34:50,058 INFO: Finished MW computation (delta = ['-4', '4', '4', '4', '-12', '4'], g = [-4, 5, 4, 4, -12, 4])
2022-02-01 12:34:50,062 INFO: Computing MW group (delta = ['1'], g = [-4, 5, 4, 4, -12, 4])...
2022-02-01 12:39:04,330 INFO: Finished MW computation (delta = ['1'], g = [-4, 5, 4, 4, -12, 4])
2022-02-01 12:39:04,335 INFO: Computing MW group (delta = ['4', '-4', '-5', '-5', '13', '-4'], g = [-4, 5, 4, 4, -12, 4])...
2022-02-01 12:41:41,621 INFO: Finished MW computation (delta = ['4', '-4', '-5', '-5', '13', '-4'], g = [-4, 5, 4, 4, -12, 4])
2022-02-01 12:41:41,626 INFO: Computing MW group (delta = ['-1', '0', '1'], g = [-4, 5, 4, 4, -12, 4])...
2022-02-01 12:43:01,374 INFO: Finished MW computation (delta = ['-1', '0', '1'], g = [-4, 5, 4, 4, -12, 4])
2022-02-01 12:43:01,380 INFO: Reducing MW generators...
2022-02-01 12:43:05,330 INFO: Finished reducing MW generators.
2022-02-01 12:43:05,333 INFO: Tasks complete. Recording data and exiting.
2022-02-02 04:43:58,846 INFO: Loaded curve data from file.
2022-02-02 04:43:58,846 INFO: Skipped Chabauty because no base point (delta = ['-16', '20', '15', '17', '-47', '15'])
2022-02-02 04:43:58,846 INFO: Skipped Chabauty because MW group hasn't been provably computed. (delta = ['16', '-20', '-15', '-17', '48', '-16'], g = [-4, 5, 4, 4, -12, 4])
2022-02-02 04:43:58,846 INFO: Running elliptic Chabauty (delta = ['-4', '4', '5', '4', '-12', '4'], g = [-4, 5, 4, 4, -12, 4])...
2022-02-02 04:44:16,738 INFO: Chabauty completed successfully (delta = ['-4', '4', '5', '4', '-12', '4'], g = [-4, 5, 4, 4, -12, 4]).
2022-02-02 04:44:16,743 INFO: Skipped Chabauty because no base point (delta = ['4', '-4', '-4', '-5', '12', '-4'])
2022-02-02 04:44:16,743 INFO: Running elliptic Chabauty (delta = ['-4', '4', '4', '4', '-12', '4'], g = [-4, 5, 4, 4, -12, 4])...
2022-02-02 04:44:32,472 INFO: Chabauty completed successfully (delta = ['-4', '4', '4', '4', '-12', '4'], g = [-4, 5, 4, 4, -12, 4]).
2022-02-02 04:44:32,475 INFO: Skipped Chabauty because MW group hasn't been provably computed. (delta = ['1'], g = [-4, 5, 4, 4, -12, 4])
2022-02-02 04:44:32,475 INFO: Skipped Chabauty because MW group hasn't been provably computed. (delta = ['4', '-4', '-5', '-5', '13', '-4'], g = [-4, 5, 4, 4, -12, 4])
2022-02-02 04:44:32,475 INFO: Skipped Chabauty because MW group hasn't been provably computed. (delta = ['-1', '0', '1'], g = [-4, 5, 4, 4, -12, 4])
2022-02-02 04:44:32,628 INFO: Tasks complete. Recording data and exiting.
2022-02-12 17:04:30,631 INFO: Loaded curve data from file.
2022-02-12 17:04:30,631 INFO: Computing elliptic Chabauty map... (delta = ['16', '-20', '-15', '-17', '48', '-16'], g = [-4, 5, 4, 4, -12, 4])
2022-02-12 17:04:46,958 INFO: Elliptic Chabauty map computed. (delta = ['16', '-20', '-15', '-17', '48', '-16'], g = [-4, 5, 4, 4, -12, 4])
2022-02-12 17:04:46,962 INFO: Computing elliptic Chabauty map... (delta = ['-4', '4', '5', '4', '-12', '4'], g = [-4, 5, 4, 4, -12, 4])
2022-02-12 17:05:03,078 INFO: Elliptic Chabauty map computed. (delta = ['-4', '4', '5', '4', '-12', '4'], g = [-4, 5, 4, 4, -12, 4])
2022-02-12 17:05:03,081 INFO: Computing elliptic Chabauty map... (delta = ['-4', '4', '4', '4', '-12', '4'], g = [-4, 5, 4, 4, -12, 4])
2022-02-12 17:05:19,242 INFO: Elliptic Chabauty map computed. (delta = ['-4', '4', '4', '4', '-12', '4'], g = [-4, 5, 4, 4, -12, 4])
2022-02-12 17:05:19,245 INFO: Computing elliptic Chabauty map... (delta = ['1'], g = [-4, 5, 4, 4, -12, 4])
2022-02-12 17:05:35,412 INFO: Elliptic Chabauty map computed. (delta = ['1'], g = [-4, 5, 4, 4, -12, 4])
2022-02-12 17:05:35,416 INFO: Computing elliptic Chabauty map... (delta = ['4', '-4', '-5', '-5', '13', '-4'], g = [-4, 5, 4, 4, -12, 4])
2022-02-12 17:05:51,766 INFO: Elliptic Chabauty map computed. (delta = ['4', '-4', '-5', '-5', '13', '-4'], g = [-4, 5, 4, 4, -12, 4])
2022-02-12 17:05:51,771 INFO: Computing elliptic Chabauty map... (delta = ['-1', '0', '1'], g = [-4, 5, 4, 4, -12, 4])
2022-02-12 17:06:07,695 INFO: Elliptic Chabauty map computed. (delta = ['-1', '0', '1'], g = [-4, 5, 4, 4, -12, 4])
2022-02-12 17:06:07,700 INFO: Tasks complete. Recording data and exiting.
