2022-01-11 15:10:14,814 INFO: Initialized curve data.
2022-01-11 15:10:14,816 INFO: Setting up initial twist data...
2022-01-11 15:10:15,927 INFO: Twist setup complete.
2022-01-11 15:10:15,928 INFO: Searching for rational points on each twist...
2022-01-11 15:10:17,371 INFO: Finished searching for rational points on each twist.
2022-01-11 15:10:17,371 INFO: Testing local solvability of twists...
2022-01-11 15:10:37,102 INFO: Finished local solvability testing.
2022-01-11 15:10:37,103 INFO: Computing elliptic curve a-invariants...
2022-01-11 15:10:40,585 INFO: Finished computation of a-invariants.
2022-01-11 15:10:40,586 INFO: Computing MW group (delta = ['-1', '0', '1'], g = [4, 13, 2, -13, -2, 5])...
2022-01-11 15:11:36,948 INFO: Finished MW computation (delta = ['-1', '0', '1'], g = [4, 13, 2, -13, -2, 5])
2022-01-11 15:11:36,951 INFO: Skipped MW computation because no base point (delta = ['1', '1', '-2', '-1', '1'])
2022-01-11 15:11:36,952 INFO: Skipped MW computation because no base point (delta = ['-1', '-1', '1'])
2022-01-11 15:11:36,952 INFO: Computing MW group (delta = ['1'], g = [4, 13, 2, -13, -2, 5])...
2022-01-11 15:13:19,852 INFO: Finished MW computation (delta = ['1'], g = [4, 13, 2, -13, -2, 5])
2022-01-11 15:13:19,855 INFO: Reducing MW generators...
2022-01-11 15:13:22,253 INFO: Finished reducing MW generators.
2022-01-11 15:13:22,255 INFO: Tasks complete. Recording data and exiting.
2022-01-14 09:07:26,952 INFO: Loaded curve data from file.
2022-01-14 09:07:26,953 INFO: Running elliptic Chabauty (delta = ['-1', '0', '1'], g = [4, 13, 2, -13, -2, 5])...
2022-01-14 09:07:51,017 INFO: Chabauty completed successfully (delta = ['-1', '0', '1'], g = [4, 13, 2, -13, -2, 5]).
2022-01-14 09:07:51,056 INFO: Skipped Chabauty because no base point (delta = ['1', '1', '-2', '-1', '1'])
2022-01-14 09:07:51,057 INFO: Skipped Chabauty because no base point (delta = ['-1', '-1', '1'])
2022-01-14 09:07:51,057 INFO: Running elliptic Chabauty (delta = ['1'], g = [4, 13, 2, -13, -2, 5])...
2022-01-14 09:08:04,865 INFO: Chabauty completed successfully (delta = ['1'], g = [4, 13, 2, -13, -2, 5]).
2022-01-14 09:08:05,074 INFO: Rational points successfully computed.
2022-01-14 09:08:05,076 INFO: Tasks complete. Recording data and exiting.
2022-02-12 17:31:50,475 INFO: Loaded curve data from file.
2022-02-12 17:31:50,476 INFO: Computing elliptic Chabauty map... (delta = ['-1', '0', '1'], g = [4, 13, 2, -13, -2, 5])
2022-02-12 17:32:04,963 INFO: Elliptic Chabauty map computed. (delta = ['-1', '0', '1'], g = [4, 13, 2, -13, -2, 5])
2022-02-12 17:32:04,966 INFO: Computing elliptic Chabauty map... (delta = ['1'], g = [4, 13, 2, -13, -2, 5])
2022-02-12 17:32:19,104 INFO: Elliptic Chabauty map computed. (delta = ['1'], g = [4, 13, 2, -13, -2, 5])
2022-02-12 17:32:19,106 INFO: Tasks complete. Recording data and exiting.
