2022-01-14 12:17:35,500 INFO: Initialized curve data.
2022-01-14 12:17:35,528 INFO: Setting up initial twist data...
2022-01-14 12:17:36,503 INFO: Twist setup complete.
2022-01-14 12:17:36,503 INFO: Searching for rational points on each twist...
2022-01-14 12:17:37,952 INFO: Finished searching for rational points on each twist.
2022-01-14 12:17:37,952 INFO: Testing local solvability of twists...
2022-01-14 12:17:53,039 INFO: Finished local solvability testing.
2022-01-14 12:17:53,042 INFO: Computing elliptic curve a-invariants...
2022-01-14 12:17:57,153 INFO: Finished computation of a-invariants.
2022-01-14 12:17:57,216 INFO: Computing MW group (delta = ['16', '18', '-7', '-3', '3', '1'], g = [17, 19, -7, -3, 3, 1])...
2022-01-14 12:20:50,552 INFO: Finished MW computation (delta = ['16', '18', '-7', '-3', '3', '1'], g = [17, 19, -7, -3, 3, 1])
2022-01-14 12:20:50,560 INFO: Computing MW group (delta = ['-15', '-16', '8', '3', '-3', '-1'], g = [17, 19, -7, -3, 3, 1])...
2022-01-14 12:31:05,721 INFO: Finished MW computation (delta = ['-15', '-16', '8', '3', '-3', '-1'], g = [17, 19, -7, -3, 3, 1])
2022-01-14 12:31:05,754 INFO: Computing MW group (delta = ['1'], g = [17, 19, -7, -3, 3, 1])...
2022-01-14 12:42:02,995 INFO: Finished MW computation (delta = ['1'], g = [17, 19, -7, -3, 3, 1])
2022-01-14 12:42:03,007 INFO: Skipped MW computation because no base point (delta = ['-2', '-1'])
2022-01-14 12:42:03,009 INFO: Reducing MW generators...
2022-01-14 12:42:06,258 INFO: Finished reducing MW generators.
2022-01-14 12:42:06,311 INFO: Tasks complete. Recording data and exiting.
2022-01-14 15:52:34,804 INFO: Loaded curve data from file.
2022-01-14 15:52:34,806 INFO: Running elliptic Chabauty (delta = ['16', '18', '-7', '-3', '3', '1'], g = [17, 19, -7, -3, 3, 1])...
2022-01-14 15:52:44,730 INFO: Chabauty completed successfully (delta = ['16', '18', '-7', '-3', '3', '1'], g = [17, 19, -7, -3, 3, 1]).
2022-01-14 15:52:44,795 INFO: Running elliptic Chabauty (delta = ['-15', '-16', '8', '3', '-3', '-1'], g = [17, 19, -7, -3, 3, 1])...
2022-01-14 15:53:28,997 INFO: Chabauty completed successfully (delta = ['-15', '-16', '8', '3', '-3', '-1'], g = [17, 19, -7, -3, 3, 1]).
2022-01-14 15:53:29,000 INFO: Running elliptic Chabauty (delta = ['1'], g = [17, 19, -7, -3, 3, 1])...
2022-01-14 15:53:42,409 INFO: Chabauty completed successfully (delta = ['1'], g = [17, 19, -7, -3, 3, 1]).
2022-01-14 15:53:42,411 INFO: Skipped Chabauty because no base point (delta = ['-2', '-1'])
2022-01-14 15:53:42,637 INFO: Rational points successfully computed.
2022-01-14 15:53:42,640 INFO: Tasks complete. Recording data and exiting.
2022-02-12 17:20:44,250 INFO: Loaded curve data from file.
2022-02-12 17:20:44,251 INFO: Computing elliptic Chabauty map... (delta = ['16', '18', '-7', '-3', '3', '1'], g = [17, 19, -7, -3, 3, 1])
2022-02-12 17:20:54,728 INFO: Elliptic Chabauty map computed. (delta = ['16', '18', '-7', '-3', '3', '1'], g = [17, 19, -7, -3, 3, 1])
2022-02-12 17:20:54,731 INFO: Computing elliptic Chabauty map... (delta = ['-15', '-16', '8', '3', '-3', '-1'], g = [17, 19, -7, -3, 3, 1])
2022-02-12 17:21:05,093 INFO: Elliptic Chabauty map computed. (delta = ['-15', '-16', '8', '3', '-3', '-1'], g = [17, 19, -7, -3, 3, 1])
2022-02-12 17:21:05,095 INFO: Computing elliptic Chabauty map... (delta = ['1'], g = [17, 19, -7, -3, 3, 1])
2022-02-12 17:21:15,451 INFO: Elliptic Chabauty map computed. (delta = ['1'], g = [17, 19, -7, -3, 3, 1])
2022-02-12 17:21:15,453 INFO: Tasks complete. Recording data and exiting.
