2022-01-13 21:54:58,397 INFO: Initialized curve data.
2022-01-13 21:54:58,399 INFO: Setting up initial twist data...
2022-01-13 21:54:59,189 INFO: Twist setup complete.
2022-01-13 21:54:59,189 INFO: Searching for rational points on each twist...
2022-01-13 21:55:00,422 INFO: Finished searching for rational points on each twist.
2022-01-13 21:55:00,422 INFO: Testing local solvability of twists...
2022-01-13 21:55:00,426 INFO: Finished local solvability testing.
2022-01-13 21:55:00,427 INFO: Computing elliptic curve a-invariants...
2022-01-13 21:55:05,699 INFO: Finished computation of a-invariants.
2022-01-13 21:55:05,701 INFO: Computing MW group (delta = ['-16', '16', '15', '-37', '-8', '-4'], g = [4, -4, -4, 9, 2, 1])...
2022-01-13 21:56:12,446 INFO: Finished MW computation (delta = ['-16', '16', '15', '-37', '-8', '-4'], g = [4, -4, -4, 9, 2, 1])
2022-01-13 21:56:12,449 INFO: Computing MW group (delta = ['4', '-5', '-4', '9', '2', '1'], g = [4, -4, -4, 9, 2, 1])...
2022-01-13 21:58:03,639 INFO: Finished MW computation (delta = ['4', '-5', '-4', '9', '2', '1'], g = [4, -4, -4, 9, 2, 1])
2022-01-13 21:58:03,642 INFO: Computing MW group (delta = ['-4', '5', '5', '-9', '-2', '-1'], g = [4, -4, -4, 9, 2, 1])...
2022-01-13 22:00:31,000 INFO: Finished MW computation (delta = ['-4', '5', '5', '-9', '-2', '-1'], g = [4, -4, -4, 9, 2, 1])
2022-01-13 22:00:31,003 INFO: Computing MW group (delta = ['1'], g = [4, -4, -4, 9, 2, 1])...
2022-01-13 22:05:04,309 INFO: Finished MW computation (delta = ['1'], g = [4, -4, -4, 9, 2, 1])
2022-01-13 22:05:04,314 INFO: Reducing MW generators...
2022-01-13 22:05:05,688 INFO: Finished reducing MW generators.
2022-01-13 22:05:05,691 INFO: Tasks complete. Recording data and exiting.
2022-01-14 11:35:37,340 INFO: Loaded curve data from file.
2022-01-14 11:35:37,340 INFO: Skipped Chabauty because MW group hasn't been provably computed. (delta = ['-16', '16', '15', '-37', '-8', '-4'], g = [4, -4, -4, 9, 2, 1])
2022-01-14 11:35:37,340 INFO: Skipped Chabauty because MW group hasn't been provably computed. (delta = ['4', '-5', '-4', '9', '2', '1'], g = [4, -4, -4, 9, 2, 1])
2022-01-14 11:35:37,341 INFO: Skipped Chabauty because MW group hasn't been provably computed. (delta = ['-4', '5', '5', '-9', '-2', '-1'], g = [4, -4, -4, 9, 2, 1])
2022-01-14 11:35:37,341 INFO: Skipped Chabauty because MW group hasn't been provably computed. (delta = ['1'], g = [4, -4, -4, 9, 2, 1])
2022-01-14 11:35:37,343 INFO: Tasks complete. Recording data and exiting.
2022-02-12 16:41:54,534 INFO: Loaded curve data from file.
2022-02-12 16:41:54,534 INFO: Computing elliptic Chabauty map... (delta = ['-16', '16', '15', '-37', '-8', '-4'], g = [4, -4, -4, 9, 2, 1])
2022-02-12 16:42:07,766 INFO: Elliptic Chabauty map computed. (delta = ['-16', '16', '15', '-37', '-8', '-4'], g = [4, -4, -4, 9, 2, 1])
2022-02-12 16:42:07,769 INFO: Computing elliptic Chabauty map... (delta = ['4', '-5', '-4', '9', '2', '1'], g = [4, -4, -4, 9, 2, 1])
2022-02-12 16:42:20,680 INFO: Elliptic Chabauty map computed. (delta = ['4', '-5', '-4', '9', '2', '1'], g = [4, -4, -4, 9, 2, 1])
2022-02-12 16:42:20,682 INFO: Computing elliptic Chabauty map... (delta = ['-4', '5', '5', '-9', '-2', '-1'], g = [4, -4, -4, 9, 2, 1])
2022-02-12 16:42:33,624 INFO: Elliptic Chabauty map computed. (delta = ['-4', '5', '5', '-9', '-2', '-1'], g = [4, -4, -4, 9, 2, 1])
2022-02-12 16:42:33,626 INFO: Computing elliptic Chabauty map... (delta = ['1'], g = [4, -4, -4, 9, 2, 1])
2022-02-12 16:42:46,575 INFO: Elliptic Chabauty map computed. (delta = ['1'], g = [4, -4, -4, 9, 2, 1])
2022-02-12 16:42:46,577 INFO: Tasks complete. Recording data and exiting.
