2022-02-01 12:30:26,053 INFO: Initialized curve data.
2022-02-01 12:30:26,056 INFO: Setting up initial twist data...
2022-02-01 12:30:27,455 INFO: Twist setup complete.
2022-02-01 12:30:27,455 INFO: Searching for rational points on each twist...
2022-02-01 12:30:29,494 INFO: Finished searching for rational points on each twist.
2022-02-01 12:30:29,494 INFO: Testing local solvability of twists...
2022-02-01 12:30:45,489 INFO: Finished local solvability testing.
2022-02-01 12:30:45,491 INFO: Computing elliptic curve a-invariants...
2022-02-01 12:30:53,049 INFO: Finished computation of a-invariants.
2022-02-01 12:30:53,052 INFO: Computing MW group (delta = ['4', '-8', '-3', '28', '-44', '24'], g = [4, -7, -4, 28, -44, 24])...
2022-02-02 04:42:58,097 INFO: Loaded curve data from file.
2022-02-02 04:42:58,097 INFO: Reducing MW generators...
2022-02-02 04:42:58,097 INFO: Finished reducing MW generators.
2022-02-02 04:42:58,103 INFO: Skipped Chabauty because MW generators haven't been computed. (delta = ['4', '-8', '-3', '28', '-44', '24'], g = [4, -7, -4, 28, -44, 24])
2022-02-02 04:42:58,103 INFO: Skipped Chabauty because MW generators haven't been computed. (delta = ['1'], g = [4, -7, -4, 28, -44, 24])
2022-02-02 04:42:58,103 INFO: Skipped Chabauty because no base point (delta = ['1/3', '-4/3', '1'])
2022-02-02 04:42:58,103 INFO: Skipped Chabauty because MW generators haven't been computed. (delta = ['4/3', '-8/3', '1/3', '7', '-41/3', '8'], g = [4, -7, -4, 28, -44, 24])
2022-02-02 04:42:58,255 INFO: Tasks complete. Recording data and exiting.
2022-02-12 16:55:52,188 INFO: Loaded curve data from file.
2022-02-12 16:55:52,188 INFO: Computing elliptic Chabauty map... (delta = ['4', '-8', '-3', '28', '-44', '24'], g = [4, -7, -4, 28, -44, 24])
2022-02-12 16:56:07,061 INFO: Elliptic Chabauty map computed. (delta = ['4', '-8', '-3', '28', '-44', '24'], g = [4, -7, -4, 28, -44, 24])
2022-02-12 16:56:07,064 INFO: Computing elliptic Chabauty map... (delta = ['1'], g = [4, -7, -4, 28, -44, 24])
2022-02-12 16:56:21,644 INFO: Elliptic Chabauty map computed. (delta = ['1'], g = [4, -7, -4, 28, -44, 24])
2022-02-12 16:56:21,646 INFO: Computing elliptic Chabauty map... (delta = ['4/3', '-8/3', '1/3', '7', '-41/3', '8'], g = [4, -7, -4, 28, -44, 24])
2022-02-12 16:56:36,254 INFO: Elliptic Chabauty map computed. (delta = ['4/3', '-8/3', '1/3', '7', '-41/3', '8'], g = [4, -7, -4, 28, -44, 24])
2022-02-12 16:56:36,256 INFO: Tasks complete. Recording data and exiting.
