2022-02-01 12:30:10,588 INFO: Initialized curve data.
2022-02-01 12:30:10,590 INFO: Setting up initial twist data...
2022-02-01 12:30:11,675 INFO: Twist setup complete.
2022-02-01 12:30:11,675 INFO: Searching for rational points on each twist...
2022-02-01 12:30:13,417 INFO: Finished searching for rational points on each twist.
2022-02-01 12:30:13,418 INFO: Testing local solvability of twists...
2022-02-01 12:30:13,440 INFO: Finished local solvability testing.
2022-02-01 12:30:13,441 INFO: Computing elliptic curve a-invariants...
2022-02-01 12:30:27,291 INFO: Finished computation of a-invariants.
2022-02-01 12:30:27,292 INFO: Computing MW group (delta = ['2', '11/2', '5/2', '9/2', '9', '4'], g = [4, 12, 4, 5, 16, 8])...
2022-02-01 12:33:08,961 INFO: Finished MW computation (delta = ['2', '11/2', '5/2', '9/2', '9', '4'], g = [4, 12, 4, 5, 16, 8])
2022-02-01 12:33:08,964 INFO: Computing MW group (delta = ['1'], g = [4, 12, 4, 5, 16, 8])...
2022-02-01 12:36:34,137 INFO: Finished MW computation (delta = ['1'], g = [4, 12, 4, 5, 16, 8])
2022-02-01 12:36:34,140 INFO: Computing MW group (delta = ['-1/2', '1', '1'], g = [4, 12, 4, 5, 16, 8])...
2022-02-01 12:39:37,069 INFO: Finished MW computation (delta = ['-1/2', '1', '1'], g = [4, 12, 4, 5, 16, 8])
2022-02-01 12:39:37,072 INFO: Computing MW group (delta = ['-4', '-11', '-3', '-5', '-16', '-8'], g = [4, 12, 4, 5, 16, 8])...
2022-02-01 12:41:45,325 INFO: Finished MW computation (delta = ['-4', '-11', '-3', '-5', '-16', '-8'], g = [4, 12, 4, 5, 16, 8])
2022-02-01 12:41:45,330 INFO: Reducing MW generators...
2022-02-01 12:41:47,375 INFO: Finished reducing MW generators.
2022-02-01 12:41:47,377 INFO: Tasks complete. Recording data and exiting.
2022-02-02 04:42:35,496 INFO: Loaded curve data from file.
2022-02-02 04:42:35,497 INFO: Skipped Chabauty because MW group hasn't been provably computed. (delta = ['2', '11/2', '5/2', '9/2', '9', '4'], g = [4, 12, 4, 5, 16, 8])
2022-02-02 04:42:35,497 INFO: Running elliptic Chabauty (delta = ['1'], g = [4, 12, 4, 5, 16, 8])...
2022-02-02 04:42:51,686 INFO: Chabauty completed successfully (delta = ['1'], g = [4, 12, 4, 5, 16, 8]).
2022-02-02 04:42:51,690 INFO: Skipped Chabauty because MW group hasn't been provably computed. (delta = ['-1/2', '1', '1'], g = [4, 12, 4, 5, 16, 8])
2022-02-02 04:42:51,690 INFO: Running elliptic Chabauty (delta = ['-4', '-11', '-3', '-5', '-16', '-8'], g = [4, 12, 4, 5, 16, 8])...
2022-02-02 04:43:07,231 INFO: Chabauty completed successfully (delta = ['-4', '-11', '-3', '-5', '-16', '-8'], g = [4, 12, 4, 5, 16, 8]).
2022-02-02 04:43:07,356 INFO: Tasks complete. Recording data and exiting.
2022-02-12 17:23:28,499 INFO: Loaded curve data from file.
2022-02-12 17:23:28,500 INFO: Computing elliptic Chabauty map... (delta = ['2', '11/2', '5/2', '9/2', '9', '4'], g = [4, 12, 4, 5, 16, 8])
2022-02-12 17:23:44,376 INFO: Elliptic Chabauty map computed. (delta = ['2', '11/2', '5/2', '9/2', '9', '4'], g = [4, 12, 4, 5, 16, 8])
2022-02-12 17:23:44,379 INFO: Computing elliptic Chabauty map... (delta = ['1'], g = [4, 12, 4, 5, 16, 8])
2022-02-12 17:24:00,111 INFO: Elliptic Chabauty map computed. (delta = ['1'], g = [4, 12, 4, 5, 16, 8])
2022-02-12 17:24:00,114 INFO: Computing elliptic Chabauty map... (delta = ['-1/2', '1', '1'], g = [4, 12, 4, 5, 16, 8])
2022-02-12 17:24:15,685 INFO: Elliptic Chabauty map computed. (delta = ['-1/2', '1', '1'], g = [4, 12, 4, 5, 16, 8])
2022-02-12 17:24:15,688 INFO: Computing elliptic Chabauty map... (delta = ['-4', '-11', '-3', '-5', '-16', '-8'], g = [4, 12, 4, 5, 16, 8])
2022-02-12 17:24:31,201 INFO: Elliptic Chabauty map computed. (delta = ['-4', '-11', '-3', '-5', '-16', '-8'], g = [4, 12, 4, 5, 16, 8])
2022-02-12 17:24:31,205 INFO: Tasks complete. Recording data and exiting.
