2022-01-11 15:10:16,637 INFO: Initialized curve data.
2022-01-11 15:10:16,641 INFO: Setting up initial twist data...
2022-01-11 15:10:17,602 INFO: Twist setup complete.
2022-01-11 15:10:17,602 INFO: Searching for rational points on each twist...
2022-01-11 15:10:19,385 INFO: Finished searching for rational points on each twist.
2022-01-11 15:10:19,385 INFO: Testing local solvability of twists...
2022-01-11 15:10:21,911 INFO: Finished local solvability testing.
2022-01-11 15:10:21,912 INFO: Computing elliptic curve a-invariants...
2022-01-11 15:10:35,047 INFO: Finished computation of a-invariants.
2022-01-11 15:10:35,048 INFO: Skipped MW computation because no base point (delta = ['-16', '4', '23', '27', '24', '4'])
2022-01-11 15:10:35,048 INFO: Computing MW group (delta = ['1'], g = [-4, 1, 6, 7, 6, 1])...
2022-01-11 15:11:11,940 INFO: Finished MW computation (delta = ['1'], g = [-4, 1, 6, 7, 6, 1])
2022-01-11 15:11:11,943 INFO: Computing MW group (delta = ['-4', '0', '6', '7', '6', '1'], g = [-4, 1, 6, 7, 6, 1])...
2022-01-11 15:13:07,038 INFO: Finished MW computation (delta = ['-4', '0', '6', '7', '6', '1'], g = [-4, 1, 6, 7, 6, 1])
2022-01-11 15:13:07,040 INFO: Computing MW group (delta = ['4', '0', '-5', '-7', '-6', '-1'], g = [-4, 1, 6, 7, 6, 1])...
2022-01-11 15:13:43,064 INFO: Finished MW computation (delta = ['4', '0', '-5', '-7', '-6', '-1'], g = [-4, 1, 6, 7, 6, 1])
2022-01-11 15:13:43,067 INFO: Reducing MW generators...
2022-01-11 15:13:46,018 INFO: Finished reducing MW generators.
2022-01-11 15:13:46,020 INFO: Tasks complete. Recording data and exiting.
2022-01-14 09:07:30,395 INFO: Loaded curve data from file.
2022-01-14 09:07:30,396 INFO: Skipped Chabauty because no base point (delta = ['-16', '4', '23', '27', '24', '4'])
2022-01-14 09:07:30,396 INFO: Running elliptic Chabauty (delta = ['1'], g = [-4, 1, 6, 7, 6, 1])...
2022-01-14 09:07:50,148 INFO: Chabauty completed successfully (delta = ['1'], g = [-4, 1, 6, 7, 6, 1]).
2022-01-14 09:07:50,152 INFO: Running elliptic Chabauty (delta = ['-4', '0', '6', '7', '6', '1'], g = [-4, 1, 6, 7, 6, 1])...
2022-02-12 16:58:20,291 INFO: Loaded curve data from file.
2022-02-12 16:58:20,291 INFO: Computing elliptic Chabauty map... (delta = ['1'], g = [-4, 1, 6, 7, 6, 1])
2022-02-12 16:58:37,902 INFO: Elliptic Chabauty map computed. (delta = ['1'], g = [-4, 1, 6, 7, 6, 1])
2022-02-12 16:58:37,905 INFO: Computing elliptic Chabauty map... (delta = ['-4', '0', '6', '7', '6', '1'], g = [-4, 1, 6, 7, 6, 1])
2022-02-12 16:58:54,811 INFO: Elliptic Chabauty map computed. (delta = ['-4', '0', '6', '7', '6', '1'], g = [-4, 1, 6, 7, 6, 1])
2022-02-12 16:58:54,813 INFO: Computing elliptic Chabauty map... (delta = ['4', '0', '-5', '-7', '-6', '-1'], g = [-4, 1, 6, 7, 6, 1])
2022-02-12 16:59:11,709 INFO: Elliptic Chabauty map computed. (delta = ['4', '0', '-5', '-7', '-6', '-1'], g = [-4, 1, 6, 7, 6, 1])
2022-02-12 16:59:11,711 INFO: Tasks complete. Recording data and exiting.
