2022-01-11 15:14:07,386 INFO: Initialized curve data.
2022-01-11 15:14:07,388 INFO: Setting up initial twist data...
2022-01-11 15:14:08,315 INFO: Twist setup complete.
2022-01-11 15:14:08,315 INFO: Searching for rational points on each twist...
2022-01-11 15:14:09,872 INFO: Finished searching for rational points on each twist.
2022-01-11 15:14:09,872 INFO: Testing local solvability of twists...
2022-01-11 15:14:09,878 INFO: Finished local solvability testing.
2022-01-11 15:14:09,879 INFO: Computing elliptic curve a-invariants...
2022-01-11 15:14:22,951 INFO: Finished computation of a-invariants.
2022-01-11 15:14:22,953 INFO: Computing MW group (delta = ['-1', '-1'], g = [4, 0, -28, 29, -10, 1])...
2022-01-11 15:15:10,427 INFO: Finished MW computation (delta = ['-1', '-1'], g = [4, 0, -28, 29, -10, 1])
2022-01-11 15:15:10,430 INFO: Computing MW group (delta = ['4', '-1', '-28', '29', '-10', '1'], g = [4, 0, -28, 29, -10, 1])...
2022-01-11 15:15:30,114 INFO: Finished MW computation (delta = ['4', '-1', '-28', '29', '-10', '1'], g = [4, 0, -28, 29, -10, 1])
2022-01-11 15:15:30,116 INFO: Computing MW group (delta = ['1'], g = [4, 0, -28, 29, -10, 1])...
2022-01-11 15:16:10,652 INFO: Finished MW computation (delta = ['1'], g = [4, 0, -28, 29, -10, 1])
2022-01-11 15:16:10,654 INFO: Computing MW group (delta = ['-4', '1', '29', '-29', '10', '-1'], g = [4, 0, -28, 29, -10, 1])...
2022-01-11 15:16:32,982 INFO: Finished MW computation (delta = ['-4', '1', '29', '-29', '10', '-1'], g = [4, 0, -28, 29, -10, 1])
2022-01-11 15:16:32,988 INFO: Reducing MW generators...
2022-01-11 15:16:34,411 INFO: Finished reducing MW generators.
2022-01-11 15:16:34,412 INFO: Tasks complete. Recording data and exiting.
2022-01-14 09:07:41,525 INFO: Loaded curve data from file.
2022-01-14 09:07:41,526 INFO: Skipped Chabauty because MW group hasn't been provably computed. (delta = ['-1', '-1'], g = [4, 0, -28, 29, -10, 1])
2022-01-14 09:07:41,526 INFO: Running elliptic Chabauty (delta = ['4', '-1', '-28', '29', '-10', '1'], g = [4, 0, -28, 29, -10, 1])...
2022-01-14 09:07:54,208 INFO: Chabauty completed successfully (delta = ['4', '-1', '-28', '29', '-10', '1'], g = [4, 0, -28, 29, -10, 1]).
2022-01-14 09:07:54,226 INFO: Skipped Chabauty because MW group hasn't been provably computed. (delta = ['1'], g = [4, 0, -28, 29, -10, 1])
2022-01-14 09:07:54,226 INFO: Running elliptic Chabauty (delta = ['-4', '1', '29', '-29', '10', '-1'], g = [4, 0, -28, 29, -10, 1])...
2022-01-14 09:08:06,546 INFO: Chabauty completed successfully (delta = ['-4', '1', '29', '-29', '10', '-1'], g = [4, 0, -28, 29, -10, 1]).
2022-01-14 09:08:06,639 INFO: Tasks complete. Recording data and exiting.
2022-02-12 16:38:47,243 INFO: Loaded curve data from file.
2022-02-12 16:38:47,243 INFO: Computing elliptic Chabauty map... (delta = ['-1', '-1'], g = [4, 0, -28, 29, -10, 1])
2022-02-12 16:39:02,330 INFO: Elliptic Chabauty map computed. (delta = ['-1', '-1'], g = [4, 0, -28, 29, -10, 1])
2022-02-12 16:39:02,334 INFO: Computing elliptic Chabauty map... (delta = ['4', '-1', '-28', '29', '-10', '1'], g = [4, 0, -28, 29, -10, 1])
2022-02-12 16:39:17,279 INFO: Elliptic Chabauty map computed. (delta = ['4', '-1', '-28', '29', '-10', '1'], g = [4, 0, -28, 29, -10, 1])
2022-02-12 16:39:17,281 INFO: Computing elliptic Chabauty map... (delta = ['1'], g = [4, 0, -28, 29, -10, 1])
2022-02-12 16:39:32,327 INFO: Elliptic Chabauty map computed. (delta = ['1'], g = [4, 0, -28, 29, -10, 1])
2022-02-12 16:39:32,329 INFO: Computing elliptic Chabauty map... (delta = ['-4', '1', '29', '-29', '10', '-1'], g = [4, 0, -28, 29, -10, 1])
2022-02-12 16:39:47,323 INFO: Elliptic Chabauty map computed. (delta = ['-4', '1', '29', '-29', '10', '-1'], g = [4, 0, -28, 29, -10, 1])
2022-02-12 16:39:47,326 INFO: Tasks complete. Recording data and exiting.
