2022-01-13 21:54:56,027 INFO: Initialized curve data.
2022-01-13 21:54:56,031 INFO: Setting up initial twist data...
2022-01-13 21:54:57,098 INFO: Twist setup complete.
2022-01-13 21:54:57,098 INFO: Searching for rational points on each twist...
2022-01-13 21:54:59,049 INFO: Finished searching for rational points on each twist.
2022-01-13 21:54:59,049 INFO: Testing local solvability of twists...
2022-01-13 21:54:59,055 INFO: Finished local solvability testing.
2022-01-13 21:54:59,056 INFO: Computing elliptic curve a-invariants...
2022-01-13 21:55:07,938 INFO: Finished computation of a-invariants.
2022-01-13 21:55:07,940 INFO: Computing MW group (delta = ['4', '3', '12', '0', '4', '1'], g = [4, 4, 12, 0, 4, 1])...
2022-01-13 21:59:35,111 INFO: Finished MW computation (delta = ['4', '3', '12', '0', '4', '1'], g = [4, 4, 12, 0, 4, 1])
2022-01-13 21:59:35,114 INFO: Computing MW group (delta = ['1', '-1'], g = [4, 4, 12, 0, 4, 1])...
2022-01-13 22:03:51,626 INFO: Finished MW computation (delta = ['1', '-1'], g = [4, 4, 12, 0, 4, 1])
2022-01-13 22:03:51,629 INFO: Computing MW group (delta = ['1'], g = [4, 4, 12, 0, 4, 1])...
2022-01-13 22:08:48,368 INFO: Finished MW computation (delta = ['1'], g = [4, 4, 12, 0, 4, 1])
2022-01-13 22:08:48,371 INFO: Unable to use elliptic Chabauty on twist (delta = ['1'])
2022-01-13 22:08:48,373 INFO: Obstruction found to provably computing rational points. Exiting.
2022-01-14 11:35:36,277 INFO: Loaded curve data from file.
2022-01-14 11:35:36,278 INFO: Obstruction already found. Exiting.
2022-02-12 16:48:12,470 INFO: Loaded curve data from file.
2022-02-12 16:48:12,470 INFO: Computing elliptic Chabauty map... (delta = ['4', '3', '12', '0', '4', '1'], g = [4, 4, 12, 0, 4, 1])
2022-02-12 16:48:23,254 INFO: Elliptic Chabauty map computed. (delta = ['4', '3', '12', '0', '4', '1'], g = [4, 4, 12, 0, 4, 1])
2022-02-12 16:48:23,257 INFO: Computing elliptic Chabauty map... (delta = ['1', '-1'], g = [4, 4, 12, 0, 4, 1])
2022-02-12 16:48:33,682 INFO: Elliptic Chabauty map computed. (delta = ['1', '-1'], g = [4, 4, 12, 0, 4, 1])
2022-02-12 16:48:33,684 INFO: Computing elliptic Chabauty map... (delta = ['1'], g = [4, 4, 12, 0, 4, 1])
2022-02-12 16:48:43,923 INFO: Elliptic Chabauty map computed. (delta = ['1'], g = [4, 4, 12, 0, 4, 1])
2022-02-12 16:48:43,926 INFO: Computing elliptic Chabauty map... (delta = ['4', '3', '13', '0', '4', '1'], g = [4, 4, 12, 0, 4, 1])
2022-02-12 16:48:54,497 INFO: Elliptic Chabauty map computed. (delta = ['4', '3', '13', '0', '4', '1'], g = [4, 4, 12, 0, 4, 1])
2022-02-12 16:48:54,500 INFO: Tasks complete. Recording data and exiting.
