2022-01-11 12:29:15,791 INFO: Initialized curve data.
2022-01-11 12:29:15,795 INFO: Setting up initial twist data...
2022-01-11 12:29:16,804 INFO: Twist setup complete.
2022-01-11 12:29:16,804 INFO: Searching for rational points on each twist...
2022-01-11 12:29:18,106 INFO: Finished searching for rational points on each twist.
2022-01-11 12:29:18,106 INFO: Testing local solvability of twists...
2022-01-11 12:29:22,652 INFO: Finished local solvability testing.
2022-01-11 12:29:22,653 INFO: Computing elliptic curve a-invariants...
2022-01-11 12:29:27,530 INFO: Finished computation of a-invariants.
2022-01-11 12:29:27,531 INFO: Computing MW group (delta = ['4', '0', '-10', '17', '-12', '4'], g = [4, 1, -10, 17, -12, 4])...
2022-01-11 12:35:29,942 INFO: Finished MW computation (delta = ['4', '0', '-10', '17', '-12', '4'], g = [4, 1, -10, 17, -12, 4])
2022-01-11 12:35:29,948 INFO: Unable to use elliptic Chabauty on twist (delta = ['4', '0', '-10', '17', '-12', '4'])
2022-01-11 12:35:29,950 INFO: Obstruction found to provably computing rational points. Exiting.
2022-01-13 17:36:36,814 INFO: Loaded curve data from file.
2022-01-13 17:36:36,815 INFO: Obstruction already found. Exiting.
2022-02-12 17:25:59,817 INFO: Loaded curve data from file.
2022-02-12 17:25:59,817 INFO: Computing elliptic Chabauty map... (delta = ['4', '0', '-10', '17', '-12', '4'], g = [4, 1, -10, 17, -12, 4])
2022-02-12 17:26:13,843 INFO: Elliptic Chabauty map computed. (delta = ['4', '0', '-10', '17', '-12', '4'], g = [4, 1, -10, 17, -12, 4])
2022-02-12 17:26:13,846 INFO: Computing elliptic Chabauty map... (delta = ['1'], g = [4, 1, -10, 17, -12, 4])
2022-02-12 17:26:27,479 INFO: Elliptic Chabauty map computed. (delta = ['1'], g = [4, 1, -10, 17, -12, 4])
2022-02-12 17:26:27,482 INFO: Computing elliptic Chabauty map... (delta = ['4', '0', '-9', '17', '-12', '4'], g = [4, 1, -10, 17, -12, 4])
2022-02-12 17:26:41,144 INFO: Elliptic Chabauty map computed. (delta = ['4', '0', '-9', '17', '-12', '4'], g = [4, 1, -10, 17, -12, 4])
2022-02-12 17:26:41,147 INFO: Tasks complete. Recording data and exiting.
