2022-01-11 15:29:25,671 INFO: Initialized curve data.
2022-01-11 15:29:25,679 INFO: Setting up initial twist data...
2022-01-11 15:29:27,046 INFO: Twist setup complete.
2022-01-11 15:29:27,046 INFO: Searching for rational points on each twist...
2022-01-11 15:29:28,836 INFO: Finished searching for rational points on each twist.
2022-01-11 15:29:28,837 INFO: Testing local solvability of twists...
2022-01-11 15:29:33,771 INFO: Finished local solvability testing.
2022-01-11 15:29:33,773 INFO: Computing elliptic curve a-invariants...
2022-01-11 15:29:45,221 INFO: Finished computation of a-invariants.
2022-01-11 15:29:45,223 INFO: Skipped MW computation because no base point (delta = ['-1', '0', '1'])
2022-01-11 15:29:45,223 INFO: Computing MW group (delta = ['1'], g = [-12, 4, 20, -9, -8, 4])...
2022-01-14 09:08:00,350 INFO: Loaded curve data from file.
2022-01-14 09:08:00,350 INFO: Reducing MW generators...
2022-01-14 09:08:00,351 INFO: Finished reducing MW generators.
2022-01-14 09:08:00,356 INFO: Skipped Chabauty because no base point (delta = ['-1', '0', '1'])
2022-01-14 09:08:00,357 INFO: Skipped Chabauty because MW generators haven't been computed. (delta = ['1'], g = [-12, 4, 20, -9, -8, 4])
2022-01-14 09:08:00,357 INFO: Skipped Chabauty because MW generators haven't been computed. (delta = ['12', '-5', '-19', '9', '8', '-4'], g = [-12, 4, 20, -9, -8, 4])
2022-01-14 09:08:00,357 INFO: Skipped Chabauty because MW generators haven't been computed. (delta = ['-12', '5', '19', '-10', '-7', '4'], g = [-12, 4, 20, -9, -8, 4])
2022-01-14 09:08:00,498 INFO: Tasks complete. Recording data and exiting.
2022-02-12 17:19:49,643 INFO: Loaded curve data from file.
2022-02-12 17:19:49,643 INFO: Computing elliptic Chabauty map... (delta = ['1'], g = [-12, 4, 20, -9, -8, 4])
2022-02-12 17:20:06,089 INFO: Elliptic Chabauty map computed. (delta = ['1'], g = [-12, 4, 20, -9, -8, 4])
2022-02-12 17:20:06,091 INFO: Computing elliptic Chabauty map... (delta = ['12', '-5', '-19', '9', '8', '-4'], g = [-12, 4, 20, -9, -8, 4])
2022-02-12 17:20:22,381 INFO: Elliptic Chabauty map computed. (delta = ['12', '-5', '-19', '9', '8', '-4'], g = [-12, 4, 20, -9, -8, 4])
2022-02-12 17:20:22,383 INFO: Computing elliptic Chabauty map... (delta = ['-12', '5', '19', '-10', '-7', '4'], g = [-12, 4, 20, -9, -8, 4])
2022-02-12 17:20:38,615 INFO: Elliptic Chabauty map computed. (delta = ['-12', '5', '19', '-10', '-7', '4'], g = [-12, 4, 20, -9, -8, 4])
2022-02-12 17:20:38,617 INFO: Tasks complete. Recording data and exiting.
