2022-01-11 15:37:54,487 INFO: Initialized curve data.
2022-01-11 15:37:54,490 INFO: Setting up initial twist data...
2022-01-11 15:37:55,732 INFO: Twist setup complete.
2022-01-11 15:37:55,732 INFO: Searching for rational points on each twist...
2022-01-11 15:37:57,008 INFO: Finished searching for rational points on each twist.
2022-01-11 15:37:57,008 INFO: Testing local solvability of twists...
2022-01-11 15:38:01,078 INFO: Finished local solvability testing.
2022-01-11 15:38:01,079 INFO: Computing elliptic curve a-invariants...
2022-01-11 15:38:04,800 INFO: Finished computation of a-invariants.
2022-01-11 15:38:04,802 INFO: Skipped MW computation because no base point (delta = ['1', '-1', '1'])
2022-01-11 15:38:04,802 INFO: Skipped MW computation because no base point (delta = ['4', '-4', '-3', '11', '-8', '4'])
2022-01-11 15:38:04,802 INFO: Computing MW group (delta = ['1'], g = [4, -3, -4, 12, -8, 4])...
2022-01-14 09:08:00,328 INFO: Loaded curve data from file.
2022-01-14 09:08:00,328 INFO: Reducing MW generators...
2022-01-14 09:08:00,328 INFO: Finished reducing MW generators.
2022-01-14 09:08:00,330 INFO: Skipped Chabauty because no base point (delta = ['1', '-1', '1'])
2022-01-14 09:08:00,330 INFO: Skipped Chabauty because no base point (delta = ['4', '-4', '-3', '11', '-8', '4'])
2022-01-14 09:08:00,330 INFO: Skipped Chabauty because MW generators haven't been computed. (delta = ['1'], g = [4, -3, -4, 12, -8, 4])
2022-01-14 09:08:00,330 INFO: Skipped Chabauty because MW generators haven't been computed. (delta = ['4', '-4', '-4', '12', '-8', '4'], g = [4, -3, -4, 12, -8, 4])
2022-01-14 09:08:00,453 INFO: Tasks complete. Recording data and exiting.
2022-02-12 17:14:11,542 INFO: Loaded curve data from file.
2022-02-12 17:14:11,543 INFO: Computing elliptic Chabauty map... (delta = ['1'], g = [4, -3, -4, 12, -8, 4])
2022-02-12 17:14:25,886 INFO: Elliptic Chabauty map computed. (delta = ['1'], g = [4, -3, -4, 12, -8, 4])
2022-02-12 17:14:25,888 INFO: Computing elliptic Chabauty map... (delta = ['4', '-4', '-4', '12', '-8', '4'], g = [4, -3, -4, 12, -8, 4])
2022-02-12 17:14:40,000 INFO: Elliptic Chabauty map computed. (delta = ['4', '-4', '-4', '12', '-8', '4'], g = [4, -3, -4, 12, -8, 4])
2022-02-12 17:14:40,002 INFO: Tasks complete. Recording data and exiting.
