2022-02-01 12:30:29,591 INFO: Initialized curve data.
2022-02-01 12:30:29,594 INFO: Setting up initial twist data...
2022-02-01 12:30:30,457 INFO: Twist setup complete.
2022-02-01 12:30:30,457 INFO: Searching for rational points on each twist...
2022-02-01 12:30:32,337 INFO: Finished searching for rational points on each twist.
2022-02-01 12:30:32,337 INFO: Testing local solvability of twists...
2022-02-01 12:30:32,348 INFO: Finished local solvability testing.
2022-02-01 12:30:32,350 INFO: Computing elliptic curve a-invariants...
2022-02-01 12:30:42,774 INFO: Finished computation of a-invariants.
2022-02-01 12:30:42,776 INFO: Computing MW group (delta = ['-16', '-49', '14', '27', '4', '4'], g = [-4, -12, 3, 7, 1, 1])...
2022-02-01 12:33:19,626 INFO: Finished MW computation (delta = ['-16', '-49', '14', '27', '4', '4'], g = [-4, -12, 3, 7, 1, 1])
2022-02-01 12:33:19,629 INFO: Computing MW group (delta = ['4', '11', '-2', '-7', '-1', '-1'], g = [-4, -12, 3, 7, 1, 1])...
2022-02-02 04:48:14,079 INFO: Loaded curve data from file.
2022-02-02 04:48:14,079 INFO: Reducing MW generators...
2022-02-02 04:48:14,351 INFO: Finished reducing MW generators.
2022-02-02 04:48:14,354 INFO: Skipped Chabauty because MW group hasn't been provably computed. (delta = ['-16', '-49', '14', '27', '4', '4'], g = [-4, -12, 3, 7, 1, 1])
2022-02-02 04:48:14,354 INFO: Skipped Chabauty because MW generators haven't been computed. (delta = ['4', '11', '-2', '-7', '-1', '-1'], g = [-4, -12, 3, 7, 1, 1])
2022-02-02 04:48:14,354 INFO: Skipped Chabauty because MW generators haven't been computed. (delta = ['1'], g = [-4, -12, 3, 7, 1, 1])
2022-02-02 04:48:14,354 INFO: Skipped Chabauty because MW generators haven't been computed. (delta = ['-3', '-13', '3', '7', '1', '1'], g = [-4, -12, 3, 7, 1, 1])
2022-02-02 04:48:14,356 INFO: Tasks complete. Recording data and exiting.
2022-02-12 17:19:24,796 INFO: Loaded curve data from file.
2022-02-12 17:19:24,797 INFO: Computing elliptic Chabauty map... (delta = ['-16', '-49', '14', '27', '4', '4'], g = [-4, -12, 3, 7, 1, 1])
2022-02-12 17:19:35,346 INFO: Elliptic Chabauty map computed. (delta = ['-16', '-49', '14', '27', '4', '4'], g = [-4, -12, 3, 7, 1, 1])
2022-02-12 17:19:35,349 INFO: Computing elliptic Chabauty map... (delta = ['4', '11', '-2', '-7', '-1', '-1'], g = [-4, -12, 3, 7, 1, 1])
2022-02-12 17:19:45,148 INFO: Elliptic Chabauty map computed. (delta = ['4', '11', '-2', '-7', '-1', '-1'], g = [-4, -12, 3, 7, 1, 1])
2022-02-12 17:19:45,150 INFO: Computing elliptic Chabauty map... (delta = ['1'], g = [-4, -12, 3, 7, 1, 1])
2022-02-12 17:19:54,938 INFO: Elliptic Chabauty map computed. (delta = ['1'], g = [-4, -12, 3, 7, 1, 1])
2022-02-12 17:19:54,940 INFO: Computing elliptic Chabauty map... (delta = ['-3', '-13', '3', '7', '1', '1'], g = [-4, -12, 3, 7, 1, 1])
2022-02-12 17:20:05,074 INFO: Elliptic Chabauty map computed. (delta = ['-3', '-13', '3', '7', '1', '1'], g = [-4, -12, 3, 7, 1, 1])
2022-02-12 17:20:05,076 INFO: Tasks complete. Recording data and exiting.
