2022-01-01 12:50:38,966 INFO: Initialized curve data.
2022-01-01 12:50:38,970 INFO: Setting up initial twist data...
2022-01-01 12:50:40,085 INFO: Twist setup complete.
2022-01-01 12:50:40,085 INFO: Searching for rational points on each twist...
2022-01-01 12:50:41,113 INFO: Finished searching for rational points on each twist.
2022-01-01 12:50:41,113 INFO: Testing local solvability of twists...
2022-01-01 12:50:41,118 INFO: Finished local solvability testing.
2022-01-01 12:50:41,119 INFO: Computing elliptic curve a-invariants...
2022-01-01 12:51:01,241 INFO: Finished computation of a-invariants.
2022-01-01 12:51:01,243 INFO: Computing MW group (delta = ['4', '-12', '5', '2', '4', '1'], g = [4, -11, 4, 2, 4, 1])...
2022-01-01 13:02:49,079 INFO: Finished MW computation (delta = ['4', '-12', '5', '2', '4', '1'], g = [4, -11, 4, 2, 4, 1])
2022-01-01 13:02:49,082 INFO: Computing MW group (delta = ['1', '-1'], g = [4, -11, 4, 2, 4, 1])...
2022-01-01 13:14:32,374 INFO: Finished MW computation (delta = ['1', '-1'], g = [4, -11, 4, 2, 4, 1])
2022-01-01 13:14:32,376 INFO: Computing MW group (delta = ['4', '-12', '4', '2', '4', '1'], g = [4, -11, 4, 2, 4, 1])...
2022-01-01 13:17:35,748 INFO: Finished MW computation (delta = ['4', '-12', '4', '2', '4', '1'], g = [4, -11, 4, 2, 4, 1])
2022-01-01 13:17:35,751 INFO: Obstruction found to provably computing rational points. Exiting.
2022-01-03 13:14:58,000 INFO: Obsolete "loc_solv_error" keys removed.
2022-01-10 22:39:01,874 INFO: Loaded curve data from file.
2022-01-10 22:39:01,874 INFO: Obstruction already found. Exiting.
2022-02-12 16:56:50,402 INFO: Loaded curve data from file.
2022-02-12 16:56:50,403 INFO: Computing elliptic Chabauty map... (delta = ['4', '-12', '5', '2', '4', '1'], g = [4, -11, 4, 2, 4, 1])
2022-02-12 16:57:07,707 INFO: Elliptic Chabauty map computed. (delta = ['4', '-12', '5', '2', '4', '1'], g = [4, -11, 4, 2, 4, 1])
2022-02-12 16:57:07,710 INFO: Computing elliptic Chabauty map... (delta = ['1', '-1'], g = [4, -11, 4, 2, 4, 1])
2022-02-12 16:57:24,720 INFO: Elliptic Chabauty map computed. (delta = ['1', '-1'], g = [4, -11, 4, 2, 4, 1])
2022-02-12 16:57:24,723 INFO: Computing elliptic Chabauty map... (delta = ['4', '-12', '4', '2', '4', '1'], g = [4, -11, 4, 2, 4, 1])
2022-02-12 16:57:41,810 INFO: Elliptic Chabauty map computed. (delta = ['4', '-12', '4', '2', '4', '1'], g = [4, -11, 4, 2, 4, 1])
2022-02-12 16:57:41,812 INFO: Computing elliptic Chabauty map... (delta = ['1'], g = [4, -11, 4, 2, 4, 1])
2022-02-12 16:57:59,073 INFO: Elliptic Chabauty map computed. (delta = ['1'], g = [4, -11, 4, 2, 4, 1])
2022-02-12 16:57:59,076 INFO: Tasks complete. Recording data and exiting.
