2022-01-13 21:54:49,195 INFO: Initialized curve data.
2022-01-13 21:54:49,198 INFO: Setting up initial twist data...
2022-01-13 21:54:50,457 INFO: Twist setup complete.
2022-01-13 21:54:50,457 INFO: Searching for rational points on each twist...
2022-01-13 21:54:52,250 INFO: Finished searching for rational points on each twist.
2022-01-13 21:54:52,251 INFO: Testing local solvability of twists...
2022-01-13 21:54:52,259 INFO: Finished local solvability testing.
2022-01-13 21:54:52,261 INFO: Computing elliptic curve a-invariants...
2022-01-13 21:54:59,731 INFO: Finished computation of a-invariants.
2022-01-13 21:54:59,733 INFO: Computing MW group (delta = ['1'], g = [4, -19, 2, 47, 38, 9])...
2022-01-13 21:59:46,248 INFO: Finished MW computation (delta = ['1'], g = [4, -19, 2, 47, 38, 9])
2022-01-13 21:59:46,251 INFO: Computing MW group (delta = ['1/2', '-5/2', '3/2', '7/2', '1'], g = [4, -19, 2, 47, 38, 9])...
2022-01-13 22:49:53,659 INFO: Finished MW computation (delta = ['1/2', '-5/2', '3/2', '7/2', '1'], g = [4, -19, 2, 47, 38, 9])
2022-01-13 22:49:53,662 INFO: Computing MW group (delta = ['-1/2', '3/2', '1'], g = [4, -19, 2, 47, 38, 9])...
2022-01-13 22:57:20,485 INFO: Finished MW computation (delta = ['-1/2', '3/2', '1'], g = [4, -19, 2, 47, 38, 9])
2022-01-13 22:57:20,487 INFO: Computing MW group (delta = ['-1', '2', '1'], g = [4, -19, 2, 47, 38, 9])...
2022-01-14 11:35:08,006 INFO: Loaded curve data from file.
2022-01-14 11:35:08,006 INFO: Reducing MW generators...
2022-01-14 11:35:08,620 INFO: Finished reducing MW generators.
2022-01-14 11:35:08,627 INFO: Running elliptic Chabauty (delta = ['1'], g = [4, -19, 2, 47, 38, 9])...
2022-01-14 11:35:26,447 INFO: Chabauty completed successfully (delta = ['1'], g = [4, -19, 2, 47, 38, 9]).
2022-01-14 11:35:26,449 INFO: Skipped Chabauty because MW group hasn't been provably computed. (delta = ['1/2', '-5/2', '3/2', '7/2', '1'], g = [4, -19, 2, 47, 38, 9])
2022-01-14 11:35:26,449 INFO: Skipped Chabauty because MW group hasn't been provably computed. (delta = ['-1/2', '3/2', '1'], g = [4, -19, 2, 47, 38, 9])
2022-01-14 11:35:26,449 INFO: Skipped Chabauty because MW generators haven't been computed. (delta = ['-1', '2', '1'], g = [4, -19, 2, 47, 38, 9])
2022-01-14 11:35:26,493 INFO: Tasks complete. Recording data and exiting.
2022-02-12 16:39:52,182 INFO: Loaded curve data from file.
2022-02-12 16:39:52,182 INFO: Computing elliptic Chabauty map... (delta = ['1'], g = [4, -19, 2, 47, 38, 9])
2022-02-12 16:40:06,159 INFO: Elliptic Chabauty map computed. (delta = ['1'], g = [4, -19, 2, 47, 38, 9])
2022-02-12 16:40:06,162 INFO: Computing elliptic Chabauty map... (delta = ['1/2', '-5/2', '3/2', '7/2', '1'], g = [4, -19, 2, 47, 38, 9])
2022-02-12 16:40:20,122 INFO: Elliptic Chabauty map computed. (delta = ['1/2', '-5/2', '3/2', '7/2', '1'], g = [4, -19, 2, 47, 38, 9])
2022-02-12 16:40:20,124 INFO: Computing elliptic Chabauty map... (delta = ['-1/2', '3/2', '1'], g = [4, -19, 2, 47, 38, 9])
2022-02-12 16:40:33,980 INFO: Elliptic Chabauty map computed. (delta = ['-1/2', '3/2', '1'], g = [4, -19, 2, 47, 38, 9])
2022-02-12 16:40:33,982 INFO: Computing elliptic Chabauty map... (delta = ['-1', '2', '1'], g = [4, -19, 2, 47, 38, 9])
2022-02-12 16:40:47,879 INFO: Elliptic Chabauty map computed. (delta = ['-1', '2', '1'], g = [4, -19, 2, 47, 38, 9])
2022-02-12 16:40:47,881 INFO: Tasks complete. Recording data and exiting.
