2022-01-11 12:29:25,832 INFO: Initialized curve data.
2022-01-11 12:29:25,836 INFO: Setting up initial twist data...
2022-01-11 12:29:26,904 INFO: Twist setup complete.
2022-01-11 12:29:26,904 INFO: Searching for rational points on each twist...
2022-01-11 12:29:28,411 INFO: Finished searching for rational points on each twist.
2022-01-11 12:29:28,411 INFO: Testing local solvability of twists...
2022-01-11 12:29:32,353 INFO: Finished local solvability testing.
2022-01-11 12:29:32,354 INFO: Computing elliptic curve a-invariants...
2022-01-11 12:29:37,384 INFO: Finished computation of a-invariants.
2022-01-11 12:29:37,385 INFO: Computing MW group (delta = ['4', '-7', '1', '-9', '-6', '-1'], g = [-4, 8, 0, 9, 6, 1])...
2022-01-11 12:34:36,585 INFO: Finished MW computation (delta = ['4', '-7', '1', '-9', '-6', '-1'], g = [-4, 8, 0, 9, 6, 1])
2022-01-11 12:34:36,588 INFO: Skipped MW computation because no base point (delta = ['-1', '-1'])
2022-01-11 12:34:36,588 INFO: Computing MW group (delta = ['-4', '7', '0', '9', '6', '1'], g = [-4, 8, 0, 9, 6, 1])...
2022-01-11 12:39:49,831 INFO: Finished MW computation (delta = ['-4', '7', '0', '9', '6', '1'], g = [-4, 8, 0, 9, 6, 1])
2022-01-11 12:39:49,834 INFO: Computing MW group (delta = ['1'], g = [-4, 8, 0, 9, 6, 1])...
2022-01-11 12:41:57,134 INFO: Finished MW computation (delta = ['1'], g = [-4, 8, 0, 9, 6, 1])
2022-01-11 12:41:57,139 INFO: Reducing MW generators...
2022-01-11 12:42:00,102 INFO: Finished reducing MW generators.
2022-01-11 12:42:00,104 INFO: Tasks complete. Recording data and exiting.
2022-01-13 17:36:56,748 INFO: Loaded curve data from file.
2022-01-13 17:36:56,748 INFO: Skipped Chabauty because MW group hasn't been provably computed. (delta = ['4', '-7', '1', '-9', '-6', '-1'], g = [-4, 8, 0, 9, 6, 1])
2022-01-13 17:36:56,749 INFO: Skipped Chabauty because no base point (delta = ['-1', '-1'])
2022-01-13 17:36:56,749 INFO: Running elliptic Chabauty (delta = ['-4', '7', '0', '9', '6', '1'], g = [-4, 8, 0, 9, 6, 1])...
2022-01-13 17:37:18,090 INFO: Chabauty completed successfully (delta = ['-4', '7', '0', '9', '6', '1'], g = [-4, 8, 0, 9, 6, 1]).
2022-01-13 17:37:18,092 INFO: Running elliptic Chabauty (delta = ['1'], g = [-4, 8, 0, 9, 6, 1])...
2022-01-13 17:37:39,701 INFO: Chabauty completed successfully (delta = ['1'], g = [-4, 8, 0, 9, 6, 1]).
2022-01-13 17:37:39,812 INFO: Tasks complete. Recording data and exiting.
2022-02-12 16:56:19,968 INFO: Loaded curve data from file.
2022-02-12 16:56:19,968 INFO: Computing elliptic Chabauty map... (delta = ['4', '-7', '1', '-9', '-6', '-1'], g = [-4, 8, 0, 9, 6, 1])
2022-02-12 16:56:31,635 INFO: Elliptic Chabauty map computed. (delta = ['4', '-7', '1', '-9', '-6', '-1'], g = [-4, 8, 0, 9, 6, 1])
2022-02-12 16:56:31,637 INFO: Computing elliptic Chabauty map... (delta = ['-4', '7', '0', '9', '6', '1'], g = [-4, 8, 0, 9, 6, 1])
2022-02-12 16:56:43,147 INFO: Elliptic Chabauty map computed. (delta = ['-4', '7', '0', '9', '6', '1'], g = [-4, 8, 0, 9, 6, 1])
2022-02-12 16:56:43,149 INFO: Computing elliptic Chabauty map... (delta = ['1'], g = [-4, 8, 0, 9, 6, 1])
2022-02-12 16:56:54,664 INFO: Elliptic Chabauty map computed. (delta = ['1'], g = [-4, 8, 0, 9, 6, 1])
2022-02-12 16:56:54,667 INFO: Tasks complete. Recording data and exiting.
