2022-01-11 12:29:24,742 INFO: Initialized curve data.
2022-01-11 12:29:24,745 INFO: Setting up initial twist data...
2022-01-11 12:29:26,270 INFO: Twist setup complete.
2022-01-11 12:29:26,271 INFO: Searching for rational points on each twist...
2022-01-11 12:29:28,088 INFO: Finished searching for rational points on each twist.
2022-01-11 12:29:28,089 INFO: Testing local solvability of twists...
2022-01-11 12:29:32,093 INFO: Finished local solvability testing.
2022-01-11 12:29:32,094 INFO: Computing elliptic curve a-invariants...
2022-01-11 12:29:44,179 INFO: Finished computation of a-invariants.
2022-01-11 12:29:44,180 INFO: Computing MW group (delta = ['1/2', '-2', '1/2', '3', '1'], g = [4, -12, -12, 29, 32, 8])...
2022-01-11 12:30:44,229 INFO: Finished MW computation (delta = ['1/2', '-2', '1/2', '3', '1'], g = [4, -12, -12, 29, 32, 8])
2022-01-11 12:30:44,233 INFO: Computing MW group (delta = ['1'], g = [4, -12, -12, 29, 32, 8])...
2022-01-11 13:39:22,848 INFO: Finished MW computation (delta = ['1'], g = [4, -12, -12, 29, 32, 8])
2022-01-11 13:39:22,853 INFO: Skipped MW computation because no base point (delta = ['-1/2', '1', '1'])
2022-01-11 13:39:22,853 INFO: Computing MW group (delta = ['-1', '2', '1'], g = [4, -12, -12, 29, 32, 8])...
2022-01-13 17:36:43,740 INFO: Loaded curve data from file.
2022-01-13 17:36:43,741 INFO: Reducing MW generators...
2022-01-13 17:36:44,295 INFO: Finished reducing MW generators.
2022-01-13 17:36:44,297 INFO: Skipped Chabauty because MW group hasn't been provably computed. (delta = ['1/2', '-2', '1/2', '3', '1'], g = [4, -12, -12, 29, 32, 8])
2022-01-13 17:36:44,297 INFO: Running elliptic Chabauty (delta = ['1'], g = [4, -12, -12, 29, 32, 8])...
2022-01-13 17:37:00,740 INFO: Chabauty completed successfully (delta = ['1'], g = [4, -12, -12, 29, 32, 8]).
2022-01-13 17:37:00,742 INFO: Skipped Chabauty because no base point (delta = ['-1/2', '1', '1'])
2022-01-13 17:37:00,742 INFO: Skipped Chabauty because MW generators haven't been computed. (delta = ['-1', '2', '1'], g = [4, -12, -12, 29, 32, 8])
2022-01-13 17:37:00,832 INFO: Tasks complete. Recording data and exiting.
2022-02-12 17:33:51,413 INFO: Loaded curve data from file.
2022-02-12 17:33:51,414 INFO: Computing elliptic Chabauty map... (delta = ['1/2', '-2', '1/2', '3', '1'], g = [4, -12, -12, 29, 32, 8])
2022-02-12 17:34:07,592 INFO: Elliptic Chabauty map computed. (delta = ['1/2', '-2', '1/2', '3', '1'], g = [4, -12, -12, 29, 32, 8])
2022-02-12 17:34:07,594 INFO: Computing elliptic Chabauty map... (delta = ['1'], g = [4, -12, -12, 29, 32, 8])
2022-02-12 17:34:23,244 INFO: Elliptic Chabauty map computed. (delta = ['1'], g = [4, -12, -12, 29, 32, 8])
2022-02-12 17:34:23,246 INFO: Computing elliptic Chabauty map... (delta = ['-1', '2', '1'], g = [4, -12, -12, 29, 32, 8])
2022-02-12 17:34:39,001 INFO: Elliptic Chabauty map computed. (delta = ['-1', '2', '1'], g = [4, -12, -12, 29, 32, 8])
2022-02-12 17:34:39,003 INFO: Tasks complete. Recording data and exiting.
