2022-01-11 15:13:03,003 INFO: Initialized curve data.
2022-01-11 15:13:03,007 INFO: Setting up initial twist data...
2022-01-11 15:13:04,127 INFO: Twist setup complete.
2022-01-11 15:13:04,127 INFO: Searching for rational points on each twist...
2022-01-11 15:13:06,238 INFO: Finished searching for rational points on each twist.
2022-01-11 15:13:06,238 INFO: Testing local solvability of twists...
2022-01-11 15:13:23,797 INFO: Finished local solvability testing.
2022-01-11 15:13:23,798 INFO: Computing elliptic curve a-invariants...
2022-01-11 15:13:30,682 INFO: Finished computation of a-invariants.
2022-01-11 15:13:30,684 INFO: Skipped MW computation because no base point (delta = ['3/5', '-5/3', '1'])
2022-01-11 15:13:30,684 INFO: Computing MW group (delta = ['6/5', '-12/5', '7/30', '-227/30', '71/5', '3/10'], g = [4, -7, -4, -18, 44, 1])...
2022-01-14 09:07:36,454 INFO: Loaded curve data from file.
2022-01-14 09:07:36,454 INFO: Reducing MW generators...
2022-01-14 09:07:36,454 INFO: Finished reducing MW generators.
2022-01-14 09:07:36,457 INFO: Skipped Chabauty because no base point (delta = ['3/5', '-5/3', '1'])
2022-01-14 09:07:36,457 INFO: Skipped Chabauty because MW generators haven't been computed. (delta = ['6/5', '-12/5', '7/30', '-227/30', '71/5', '3/10'], g = [4, -7, -4, -18, 44, 1])
2022-01-14 09:07:36,457 INFO: Skipped Chabauty because MW generators haven't been computed. (delta = ['2', '-4', '-1', '-9', '22', '1/2'], g = [4, -7, -4, -18, 44, 1])
2022-01-14 09:07:36,457 INFO: Skipped Chabauty because MW generators haven't been computed. (delta = ['1'], g = [4, -7, -4, -18, 44, 1])
2022-01-14 09:07:36,521 INFO: Tasks complete. Recording data and exiting.
2022-02-12 16:42:21,146 INFO: Loaded curve data from file.
2022-02-12 16:42:21,147 INFO: Computing elliptic Chabauty map... (delta = ['6/5', '-12/5', '7/30', '-227/30', '71/5', '3/10'], g = [4, -7, -4, -18, 44, 1])
2022-02-12 16:42:36,656 INFO: Elliptic Chabauty map computed. (delta = ['6/5', '-12/5', '7/30', '-227/30', '71/5', '3/10'], g = [4, -7, -4, -18, 44, 1])
2022-02-12 16:42:36,658 INFO: Computing elliptic Chabauty map... (delta = ['2', '-4', '-1', '-9', '22', '1/2'], g = [4, -7, -4, -18, 44, 1])
2022-02-12 16:42:51,563 INFO: Elliptic Chabauty map computed. (delta = ['2', '-4', '-1', '-9', '22', '1/2'], g = [4, -7, -4, -18, 44, 1])
2022-02-12 16:42:51,565 INFO: Computing elliptic Chabauty map... (delta = ['1'], g = [4, -7, -4, -18, 44, 1])
2022-02-12 16:43:06,490 INFO: Elliptic Chabauty map computed. (delta = ['1'], g = [4, -7, -4, -18, 44, 1])
2022-02-12 16:43:06,492 INFO: Tasks complete. Recording data and exiting.
