2022-01-12 09:25:17,633 INFO: Initialized curve data.
2022-01-12 09:25:17,638 INFO: Setting up initial twist data...
2022-01-12 09:25:18,771 INFO: Twist setup complete.
2022-01-12 09:25:18,772 INFO: Searching for rational points on each twist...
2022-01-12 09:25:22,922 INFO: Finished searching for rational points on each twist.
2022-01-12 09:25:22,922 INFO: Testing local solvability of twists...
2022-01-12 09:25:22,928 INFO: Finished local solvability testing.
2022-01-12 09:25:22,930 INFO: Computing elliptic curve a-invariants...
2022-01-12 09:25:38,068 INFO: Finished computation of a-invariants.
2022-01-12 09:25:38,071 INFO: Computing MW group (delta = ['12', '-17', '-10', '15', '0', '1'], g = [12, -16, -12, 16, 0, 1])...
2022-01-14 09:10:37,678 INFO: Loaded curve data from file.
2022-01-14 09:10:37,678 INFO: Reducing MW generators...
2022-01-14 09:10:37,678 INFO: Finished reducing MW generators.
2022-01-14 09:10:37,680 INFO: Skipped Chabauty because MW generators haven't been computed. (delta = ['12', '-17', '-10', '15', '0', '1'], g = [12, -16, -12, 16, 0, 1])
2022-01-14 09:10:37,680 INFO: Skipped Chabauty because MW generators haven't been computed. (delta = ['1', '-1'], g = [12, -16, -12, 16, 0, 1])
2022-01-14 09:10:37,680 INFO: Skipped Chabauty because MW generators haven't been computed. (delta = ['1'], g = [12, -16, -12, 16, 0, 1])
2022-01-14 09:10:37,681 INFO: Skipped Chabauty because MW generators haven't been computed. (delta = ['12', '-17', '-11', '16', '0', '1'], g = [12, -16, -12, 16, 0, 1])
2022-01-14 09:10:37,683 INFO: Tasks complete. Recording data and exiting.
2022-02-12 17:11:22,751 INFO: Loaded curve data from file.
2022-02-12 17:11:22,751 INFO: Computing elliptic Chabauty map... (delta = ['12', '-17', '-10', '15', '0', '1'], g = [12, -16, -12, 16, 0, 1])
2022-02-12 17:11:34,209 INFO: Elliptic Chabauty map computed. (delta = ['12', '-17', '-10', '15', '0', '1'], g = [12, -16, -12, 16, 0, 1])
2022-02-12 17:11:34,211 INFO: Computing elliptic Chabauty map... (delta = ['1', '-1'], g = [12, -16, -12, 16, 0, 1])
2022-02-12 17:11:45,371 INFO: Elliptic Chabauty map computed. (delta = ['1', '-1'], g = [12, -16, -12, 16, 0, 1])
2022-02-12 17:11:45,373 INFO: Computing elliptic Chabauty map... (delta = ['1'], g = [12, -16, -12, 16, 0, 1])
2022-02-12 17:11:56,695 INFO: Elliptic Chabauty map computed. (delta = ['1'], g = [12, -16, -12, 16, 0, 1])
2022-02-12 17:11:56,697 INFO: Computing elliptic Chabauty map... (delta = ['12', '-17', '-11', '16', '0', '1'], g = [12, -16, -12, 16, 0, 1])
2022-02-12 17:12:07,669 INFO: Elliptic Chabauty map computed. (delta = ['12', '-17', '-11', '16', '0', '1'], g = [12, -16, -12, 16, 0, 1])
2022-02-12 17:12:07,672 INFO: Tasks complete. Recording data and exiting.
