2022-02-01 12:30:33,342 INFO: Initialized curve data.
2022-02-01 12:30:33,348 INFO: Setting up initial twist data...
2022-02-01 12:30:34,716 INFO: Twist setup complete.
2022-02-01 12:30:34,716 INFO: Searching for rational points on each twist...
2022-02-01 12:30:36,858 INFO: Finished searching for rational points on each twist.
2022-02-01 12:30:36,858 INFO: Testing local solvability of twists...
2022-02-01 12:30:51,175 INFO: Finished local solvability testing.
2022-02-01 12:30:51,177 INFO: Computing elliptic curve a-invariants...
2022-02-01 12:31:14,552 INFO: Finished computation of a-invariants.
2022-02-01 12:31:14,554 INFO: Computing MW group (delta = ['1'], g = [-4, -40, 88, -49, 0, 4])...
2022-02-01 12:49:19,075 INFO: Finished MW computation (delta = ['1'], g = [-4, -40, 88, -49, 0, 4])
2022-02-01 12:49:19,080 INFO: Unable to use elliptic Chabauty on twist (delta = ['1'])
2022-02-01 12:49:19,082 INFO: Obstruction found to provably computing rational points. Exiting.
2022-02-02 04:42:47,958 INFO: Loaded curve data from file.
2022-02-02 04:42:47,959 INFO: Obstruction already found. Exiting.
2022-02-12 16:46:53,343 INFO: Loaded curve data from file.
2022-02-12 16:46:53,343 INFO: Computing elliptic Chabauty map... (delta = ['1'], g = [-4, -40, 88, -49, 0, 4])
2022-02-12 16:47:07,182 INFO: Elliptic Chabauty map computed. (delta = ['1'], g = [-4, -40, 88, -49, 0, 4])
2022-02-12 16:47:07,183 INFO: Computing elliptic Chabauty map... (delta = ['-1/10', '-11/10', '1'], g = [-4, -40, 88, -49, 0, 4])
2022-02-12 16:47:20,834 INFO: Elliptic Chabauty map computed. (delta = ['-1/10', '-11/10', '1'], g = [-4, -40, 88, -49, 0, 4])
2022-02-12 16:47:20,836 INFO: Computing elliptic Chabauty map... (delta = ['4', '39', '-87', '49', '0', '-4'], g = [-4, -40, 88, -49, 0, 4])
2022-02-12 16:47:34,433 INFO: Elliptic Chabauty map computed. (delta = ['4', '39', '-87', '49', '0', '-4'], g = [-4, -40, 88, -49, 0, 4])
2022-02-12 16:47:34,436 INFO: Tasks complete. Recording data and exiting.
