2022-01-13 21:54:48,547 INFO: Initialized curve data.
2022-01-13 21:54:48,550 INFO: Setting up initial twist data...
2022-01-13 21:54:49,407 INFO: Twist setup complete.
2022-01-13 21:54:49,407 INFO: Searching for rational points on each twist...
2022-01-13 21:54:50,714 INFO: Finished searching for rational points on each twist.
2022-01-13 21:54:50,714 INFO: Testing local solvability of twists...
2022-01-13 21:54:57,673 INFO: Finished local solvability testing.
2022-01-13 21:54:57,675 INFO: Computing elliptic curve a-invariants...
2022-01-13 21:55:01,041 INFO: Finished computation of a-invariants.
2022-01-13 21:55:01,043 INFO: Skipped MW computation because no base point (delta = ['4/13', '7/13', '1'])
2022-01-13 21:55:01,043 INFO: Computing MW group (delta = ['4/39', '5/13', '1', '47/39', '1'], g = [-4, -12, -28, -20, -8, 23])...
2022-01-13 21:56:37,592 INFO: Finished MW computation (delta = ['4/39', '5/13', '1', '47/39', '1'], g = [-4, -12, -28, -20, -8, 23])
2022-01-13 21:56:37,595 INFO: Computing MW group (delta = ['1'], g = [-4, -12, -28, -20, -8, 23])...
2022-01-14 11:35:26,762 INFO: Loaded curve data from file.
2022-01-14 11:35:26,762 INFO: Reducing MW generators...
2022-01-14 11:35:26,796 INFO: Finished reducing MW generators.
2022-01-14 11:35:26,797 INFO: Skipped Chabauty because no base point (delta = ['4/13', '7/13', '1'])
2022-01-14 11:35:26,798 INFO: Skipped Chabauty because MW group hasn't been provably computed. (delta = ['4/39', '5/13', '1', '47/39', '1'], g = [-4, -12, -28, -20, -8, 23])
2022-01-14 11:35:26,798 INFO: Skipped Chabauty because MW generators haven't been computed. (delta = ['1'], g = [-4, -12, -28, -20, -8, 23])
2022-01-14 11:35:26,798 INFO: Skipped Chabauty because no base point (delta = ['1/3', '2/3', '1'])
2022-01-14 11:35:26,925 INFO: Tasks complete. Recording data and exiting.
2022-02-12 17:28:57,769 INFO: Loaded curve data from file.
2022-02-12 17:28:57,769 INFO: Computing elliptic Chabauty map... (delta = ['4/39', '5/13', '1', '47/39', '1'], g = [-4, -12, -28, -20, -8, 23])
2022-02-12 17:29:12,646 INFO: Elliptic Chabauty map computed. (delta = ['4/39', '5/13', '1', '47/39', '1'], g = [-4, -12, -28, -20, -8, 23])
2022-02-12 17:29:12,648 INFO: Computing elliptic Chabauty map... (delta = ['1'], g = [-4, -12, -28, -20, -8, 23])
2022-02-12 17:29:27,038 INFO: Elliptic Chabauty map computed. (delta = ['1'], g = [-4, -12, -28, -20, -8, 23])
2022-02-12 17:29:27,040 INFO: Tasks complete. Recording data and exiting.
