2022-02-01 12:33:58,243 INFO: Initialized curve data.
2022-02-01 12:33:58,246 INFO: Setting up initial twist data...
2022-02-01 12:33:59,265 INFO: Twist setup complete.
2022-02-01 12:33:59,265 INFO: Searching for rational points on each twist...
2022-02-01 12:34:01,142 INFO: Finished searching for rational points on each twist.
2022-02-01 12:34:01,143 INFO: Testing local solvability of twists...
2022-02-01 12:34:01,782 INFO: Finished local solvability testing.
2022-02-01 12:34:01,784 INFO: Computing elliptic curve a-invariants...
2022-02-01 12:34:22,417 INFO: Finished computation of a-invariants.
2022-02-01 12:34:22,419 INFO: Computing MW group (delta = ['1', '-1', '3', '-3', '-1', '1'], g = [1, 0, 3, -3, -1, 1])...
2022-02-01 12:35:15,447 INFO: Finished MW computation (delta = ['1', '-1', '3', '-3', '-1', '1'], g = [1, 0, 3, -3, -1, 1])
2022-02-01 12:35:15,451 INFO: Computing MW group (delta = ['1'], g = [1, 0, 3, -3, -1, 1])...
2022-02-01 12:36:34,868 INFO: Finished MW computation (delta = ['1'], g = [1, 0, 3, -3, -1, 1])
2022-02-01 12:36:34,870 INFO: Skipped MW computation because no base point (delta = ['1', '0', '4', '-4', '-1', '1'])
2022-02-01 12:36:34,870 INFO: Computing MW group (delta = ['1', '-1', '4', '-3', '-1', '1'], g = [1, 0, 3, -3, -1, 1])...
2022-02-01 12:38:57,471 INFO: Finished MW computation (delta = ['1', '-1', '4', '-3', '-1', '1'], g = [1, 0, 3, -3, -1, 1])
2022-02-01 12:38:57,475 INFO: Reducing MW generators...
2022-02-01 12:39:01,029 INFO: Finished reducing MW generators.
2022-02-01 12:39:01,031 INFO: Tasks complete. Recording data and exiting.
2022-02-02 04:48:25,134 INFO: Loaded curve data from file.
2022-02-02 04:48:25,135 INFO: Running elliptic Chabauty (delta = ['1', '-1', '3', '-3', '-1', '1'], g = [1, 0, 3, -3, -1, 1])...
2022-02-02 04:48:43,015 INFO: Chabauty completed successfully (delta = ['1', '-1', '3', '-3', '-1', '1'], g = [1, 0, 3, -3, -1, 1]).
2022-02-02 04:48:43,019 INFO: Running elliptic Chabauty (delta = ['1'], g = [1, 0, 3, -3, -1, 1])...
2022-02-02 04:49:11,188 INFO: Chabauty completed successfully (delta = ['1'], g = [1, 0, 3, -3, -1, 1]).
2022-02-02 04:49:11,191 INFO: Skipped Chabauty because no base point (delta = ['1', '0', '4', '-4', '-1', '1'])
2022-02-02 04:49:11,191 INFO: Running elliptic Chabauty (delta = ['1', '-1', '4', '-3', '-1', '1'], g = [1, 0, 3, -3, -1, 1])...
2022-02-02 07:17:48,522 INFO: Chabauty completed successfully (delta = ['1', '-1', '4', '-3', '-1', '1'], g = [1, 0, 3, -3, -1, 1]).
2022-02-02 07:17:48,749 INFO: Rational points successfully computed.
2022-02-02 07:17:48,751 INFO: Tasks complete. Recording data and exiting.
2022-02-12 17:19:15,586 INFO: Loaded curve data from file.
2022-02-12 17:19:15,587 INFO: Computing elliptic Chabauty map... (delta = ['1', '-1', '3', '-3', '-1', '1'], g = [1, 0, 3, -3, -1, 1])
2022-02-12 17:19:31,822 INFO: Elliptic Chabauty map computed. (delta = ['1', '-1', '3', '-3', '-1', '1'], g = [1, 0, 3, -3, -1, 1])
2022-02-12 17:19:31,825 INFO: Computing elliptic Chabauty map... (delta = ['1'], g = [1, 0, 3, -3, -1, 1])
2022-02-12 17:19:47,828 INFO: Elliptic Chabauty map computed. (delta = ['1'], g = [1, 0, 3, -3, -1, 1])
2022-02-12 17:19:47,830 INFO: Computing elliptic Chabauty map... (delta = ['1', '-1', '4', '-3', '-1', '1'], g = [1, 0, 3, -3, -1, 1])
2022-02-12 17:20:03,937 INFO: Elliptic Chabauty map computed. (delta = ['1', '-1', '4', '-3', '-1', '1'], g = [1, 0, 3, -3, -1, 1])
2022-02-12 17:20:03,939 INFO: Tasks complete. Recording data and exiting.
