2022-01-14 12:17:29,312 INFO: Initialized curve data.
2022-01-14 12:17:29,318 INFO: Setting up initial twist data...
2022-01-14 12:17:30,935 INFO: Twist setup complete.
2022-01-14 12:17:30,935 INFO: Searching for rational points on each twist...
2022-01-14 12:17:33,841 INFO: Finished searching for rational points on each twist.
2022-01-14 12:17:33,841 INFO: Testing local solvability of twists...
2022-01-14 12:17:35,561 INFO: Finished local solvability testing.
2022-01-14 12:17:35,563 INFO: Computing elliptic curve a-invariants...
2022-01-14 12:17:46,143 INFO: Finished computation of a-invariants.
2022-01-14 12:17:46,145 INFO: Computing MW group (delta = ['1', '-5', '1'], g = [4, -32, 64, 4, -8, 1])...
2022-01-14 12:21:04,157 INFO: Finished MW computation (delta = ['1', '-5', '1'], g = [4, -32, 64, 4, -8, 1])
2022-01-14 12:21:04,161 INFO: Skipped MW computation because no base point (delta = ['4', '-33', '69', '3', '-8', '1'])
2022-01-14 12:21:04,162 INFO: Computing MW group (delta = ['1'], g = [4, -32, 64, 4, -8, 1])...
2022-01-14 15:52:35,776 INFO: Loaded curve data from file.
2022-01-14 15:52:35,776 INFO: Reducing MW generators...
2022-01-14 15:52:35,807 INFO: Finished reducing MW generators.
2022-01-14 15:52:35,826 INFO: Skipped Chabauty because MW group hasn't been provably computed. (delta = ['1', '-5', '1'], g = [4, -32, 64, 4, -8, 1])
2022-01-14 15:52:35,826 INFO: Skipped Chabauty because no base point (delta = ['4', '-33', '69', '3', '-8', '1'])
2022-01-14 15:52:35,826 INFO: Skipped Chabauty because MW generators haven't been computed. (delta = ['1'], g = [4, -32, 64, 4, -8, 1])
2022-01-14 15:52:35,827 INFO: Skipped Chabauty because MW generators haven't been computed. (delta = ['4', '-33', '64', '4', '-8', '1'], g = [4, -32, 64, 4, -8, 1])
2022-01-14 15:52:35,939 INFO: Tasks complete. Recording data and exiting.
2022-02-12 17:08:01,407 INFO: Loaded curve data from file.
2022-02-12 17:08:01,407 INFO: Computing elliptic Chabauty map... (delta = ['1', '-5', '1'], g = [4, -32, 64, 4, -8, 1])
2022-02-12 17:08:15,554 INFO: Elliptic Chabauty map computed. (delta = ['1', '-5', '1'], g = [4, -32, 64, 4, -8, 1])
2022-02-12 17:08:15,556 INFO: Computing elliptic Chabauty map... (delta = ['1'], g = [4, -32, 64, 4, -8, 1])
2022-02-12 17:08:29,501 INFO: Elliptic Chabauty map computed. (delta = ['1'], g = [4, -32, 64, 4, -8, 1])
2022-02-12 17:08:29,503 INFO: Computing elliptic Chabauty map... (delta = ['4', '-33', '64', '4', '-8', '1'], g = [4, -32, 64, 4, -8, 1])
2022-02-12 17:08:43,528 INFO: Elliptic Chabauty map computed. (delta = ['4', '-33', '64', '4', '-8', '1'], g = [4, -32, 64, 4, -8, 1])
2022-02-12 17:08:43,530 INFO: Tasks complete. Recording data and exiting.
