2022-01-12 12:25:08,772 INFO: Initialized curve data.
2022-01-12 12:25:08,776 INFO: Setting up initial twist data...
2022-01-12 12:25:10,156 INFO: Twist setup complete.
2022-01-12 12:25:10,156 INFO: Searching for rational points on each twist...
2022-01-12 12:25:11,889 INFO: Finished searching for rational points on each twist.
2022-01-12 12:25:11,889 INFO: Testing local solvability of twists...
2022-01-12 12:25:20,478 INFO: Finished local solvability testing.
2022-01-12 12:25:20,481 INFO: Computing elliptic curve a-invariants...
2022-01-12 12:25:23,650 INFO: Finished computation of a-invariants.
2022-01-12 12:25:23,652 INFO: Computing MW group (delta = ['1'], g = [8, -3, 10, 3, 2, 1])...
2022-01-12 12:32:58,480 INFO: Finished MW computation (delta = ['1'], g = [8, -3, 10, 3, 2, 1])
2022-01-12 12:32:58,483 INFO: Skipped MW computation because no base point (delta = ['8', '-4', '23/2', '2', '2', '1'])
2022-01-12 12:32:58,483 INFO: Computing MW group (delta = ['8', '-4', '10', '3', '2', '1'], g = [8, -3, 10, 3, 2, 1])...
2022-01-12 12:36:04,821 INFO: Finished MW computation (delta = ['8', '-4', '10', '3', '2', '1'], g = [8, -3, 10, 3, 2, 1])
2022-01-12 12:36:04,824 INFO: Skipped MW computation because no base point (delta = ['1', '-3/2', '1'])
2022-01-12 12:36:04,825 INFO: Reducing MW generators...
2022-01-12 12:36:08,891 INFO: Finished reducing MW generators.
2022-01-12 12:36:08,893 INFO: Tasks complete. Recording data and exiting.
2022-01-14 11:33:00,998 INFO: Loaded curve data from file.
2022-01-14 11:33:00,998 INFO: Running elliptic Chabauty (delta = ['1'], g = [8, -3, 10, 3, 2, 1])...
2022-01-14 11:33:17,994 INFO: Chabauty completed successfully (delta = ['1'], g = [8, -3, 10, 3, 2, 1]).
2022-01-14 11:33:17,997 INFO: Skipped Chabauty because no base point (delta = ['8', '-4', '23/2', '2', '2', '1'])
2022-01-14 11:33:17,997 INFO: Skipped Chabauty because MW group hasn't been provably computed. (delta = ['8', '-4', '10', '3', '2', '1'], g = [8, -3, 10, 3, 2, 1])
2022-01-14 11:33:17,997 INFO: Skipped Chabauty because no base point (delta = ['1', '-3/2', '1'])
2022-01-14 11:33:18,121 INFO: Tasks complete. Recording data and exiting.
2022-02-12 16:47:11,622 INFO: Loaded curve data from file.
2022-02-12 16:47:11,622 INFO: Computing elliptic Chabauty map... (delta = ['1'], g = [8, -3, 10, 3, 2, 1])
2022-02-12 16:47:24,731 INFO: Elliptic Chabauty map computed. (delta = ['1'], g = [8, -3, 10, 3, 2, 1])
2022-02-12 16:47:24,733 INFO: Computing elliptic Chabauty map... (delta = ['8', '-4', '10', '3', '2', '1'], g = [8, -3, 10, 3, 2, 1])
2022-02-12 16:47:37,657 INFO: Elliptic Chabauty map computed. (delta = ['8', '-4', '10', '3', '2', '1'], g = [8, -3, 10, 3, 2, 1])
2022-02-12 16:47:37,659 INFO: Tasks complete. Recording data and exiting.
