2022-01-12 09:25:58,696 INFO: Initialized curve data.
2022-01-12 09:25:58,699 INFO: Setting up initial twist data...
2022-01-12 09:25:59,944 INFO: Twist setup complete.
2022-01-12 09:25:59,944 INFO: Searching for rational points on each twist...
2022-01-12 09:26:01,324 INFO: Finished searching for rational points on each twist.
2022-01-12 09:26:01,324 INFO: Testing local solvability of twists...
2022-01-12 09:26:27,884 INFO: Finished local solvability testing.
2022-01-12 09:26:27,886 INFO: Computing elliptic curve a-invariants...
2022-01-12 09:26:36,551 INFO: Finished computation of a-invariants.
2022-01-12 09:26:36,553 INFO: Computing MW group (delta = ['8', '-180', '610', '223', '26', '1'], g = [8, -179, 610, 223, 26, 1])...
2022-01-14 09:10:52,312 INFO: Loaded curve data from file.
2022-01-14 09:10:52,312 INFO: Reducing MW generators...
2022-01-14 09:10:52,312 INFO: Finished reducing MW generators.
2022-01-14 09:10:52,314 INFO: Skipped Chabauty because MW generators haven't been computed. (delta = ['8', '-180', '610', '223', '26', '1'], g = [8, -179, 610, 223, 26, 1])
2022-01-14 09:10:52,314 INFO: Skipped Chabauty because MW generators haven't been computed. (delta = ['1'], g = [8, -179, 610, 223, 26, 1])
2022-01-14 09:10:52,314 INFO: Skipped Chabauty because no base point (delta = ['-2', '9', '1'])
2022-01-14 09:10:52,314 INFO: Skipped Chabauty because no base point (delta = ['-16', '360', '-1229', '-447', '-52', '-2'])
2022-01-14 09:10:52,398 INFO: Tasks complete. Recording data and exiting.
2022-02-12 17:41:47,236 INFO: Loaded curve data from file.
2022-02-12 17:41:47,236 INFO: Computing elliptic Chabauty map... (delta = ['8', '-180', '610', '223', '26', '1'], g = [8, -179, 610, 223, 26, 1])
2022-02-12 17:42:05,265 INFO: Elliptic Chabauty map computed. (delta = ['8', '-180', '610', '223', '26', '1'], g = [8, -179, 610, 223, 26, 1])
2022-02-12 17:42:05,268 INFO: Computing elliptic Chabauty map... (delta = ['1'], g = [8, -179, 610, 223, 26, 1])
2022-02-12 17:42:23,356 INFO: Elliptic Chabauty map computed. (delta = ['1'], g = [8, -179, 610, 223, 26, 1])
2022-02-12 17:42:23,358 INFO: Tasks complete. Recording data and exiting.
