2022-01-12 12:18:08,501 INFO: Initialized curve data.
2022-01-12 12:18:08,516 INFO: Setting up initial twist data...
2022-01-12 12:18:10,048 INFO: Twist setup complete.
2022-01-12 12:18:10,049 INFO: Searching for rational points on each twist...
2022-01-12 12:18:11,968 INFO: Finished searching for rational points on each twist.
2022-01-12 12:18:11,968 INFO: Testing local solvability of twists...
2022-01-12 12:18:12,921 INFO: Finished local solvability testing.
2022-01-12 12:18:12,923 INFO: Computing elliptic curve a-invariants...
2022-01-12 12:18:19,564 INFO: Finished computation of a-invariants.
2022-01-12 12:18:19,566 INFO: Computing MW group (delta = ['4', '3', '-12', '-8', '12', '1'], g = [4, 4, -12, -8, 12, 1])...
2022-01-14 11:32:19,186 INFO: Loaded curve data from file.
2022-01-14 11:32:19,187 INFO: Reducing MW generators...
2022-01-14 11:32:19,187 INFO: Finished reducing MW generators.
2022-01-14 11:32:19,189 INFO: Skipped Chabauty because MW generators haven't been computed. (delta = ['4', '3', '-12', '-8', '12', '1'], g = [4, 4, -12, -8, 12, 1])
2022-01-14 11:32:19,189 INFO: Skipped Chabauty because MW generators haven't been computed. (delta = ['1'], g = [4, 4, -12, -8, 12, 1])
2022-01-14 11:32:19,189 INFO: Skipped Chabauty because MW generators haven't been computed. (delta = ['4', '3', '-11', '-8', '12', '1'], g = [4, 4, -12, -8, 12, 1])
2022-01-14 11:32:19,189 INFO: Skipped Chabauty because no base point (delta = ['16', '16', '-47', '-33', '48', '4'])
2022-01-14 11:32:19,226 INFO: Tasks complete. Recording data and exiting.
2022-02-12 17:22:44,014 INFO: Loaded curve data from file.
2022-02-12 17:22:44,014 INFO: Computing elliptic Chabauty map... (delta = ['4', '3', '-12', '-8', '12', '1'], g = [4, 4, -12, -8, 12, 1])
2022-02-12 17:22:57,881 INFO: Elliptic Chabauty map computed. (delta = ['4', '3', '-12', '-8', '12', '1'], g = [4, 4, -12, -8, 12, 1])
2022-02-12 17:22:57,883 INFO: Computing elliptic Chabauty map... (delta = ['1'], g = [4, 4, -12, -8, 12, 1])
2022-02-12 17:23:11,395 INFO: Elliptic Chabauty map computed. (delta = ['1'], g = [4, 4, -12, -8, 12, 1])
2022-02-12 17:23:11,397 INFO: Computing elliptic Chabauty map... (delta = ['4', '3', '-11', '-8', '12', '1'], g = [4, 4, -12, -8, 12, 1])
2022-02-12 17:23:25,144 INFO: Elliptic Chabauty map computed. (delta = ['4', '3', '-11', '-8', '12', '1'], g = [4, 4, -12, -8, 12, 1])
2022-02-12 17:23:25,146 INFO: Tasks complete. Recording data and exiting.
