2022-02-01 12:30:19,162 INFO: Initialized curve data.
2022-02-01 12:30:19,166 INFO: Setting up initial twist data...
2022-02-01 12:30:20,234 INFO: Twist setup complete.
2022-02-01 12:30:20,235 INFO: Searching for rational points on each twist...
2022-02-01 12:30:21,936 INFO: Finished searching for rational points on each twist.
2022-02-01 12:30:21,936 INFO: Testing local solvability of twists...
2022-02-01 12:30:21,949 INFO: Finished local solvability testing.
2022-02-01 12:30:21,950 INFO: Computing elliptic curve a-invariants...
2022-02-01 12:30:36,262 INFO: Finished computation of a-invariants.
2022-02-01 12:30:36,264 INFO: Computing MW group (delta = ['2', '3/2', '-7', '2', '0', '1/2'], g = [4, 4, -16, 4, 0, 1])...
2022-02-01 12:35:07,339 INFO: Finished MW computation (delta = ['2', '3/2', '-7', '2', '0', '1/2'], g = [4, 4, -16, 4, 0, 1])
2022-02-01 12:35:07,344 INFO: Computing MW group (delta = ['1'], g = [4, 4, -16, 4, 0, 1])...
2022-02-01 12:44:19,943 INFO: Finished MW computation (delta = ['1'], g = [4, 4, -16, 4, 0, 1])
2022-02-01 12:44:19,945 INFO: Computing MW group (delta = ['4', '3', '-16', '4', '0', '1'], g = [4, 4, -16, 4, 0, 1])...
2022-02-01 12:49:52,579 INFO: Finished MW computation (delta = ['4', '3', '-16', '4', '0', '1'], g = [4, 4, -16, 4, 0, 1])
2022-02-01 12:49:52,581 INFO: Unable to use elliptic Chabauty on twist (delta = ['4', '3', '-16', '4', '0', '1'])
2022-02-01 12:49:52,583 INFO: Obstruction found to provably computing rational points. Exiting.
2022-02-02 04:42:41,584 INFO: Loaded curve data from file.
2022-02-02 04:42:41,585 INFO: Obstruction already found. Exiting.
2022-02-12 16:59:09,120 INFO: Loaded curve data from file.
2022-02-12 16:59:09,121 INFO: Computing elliptic Chabauty map... (delta = ['2', '3/2', '-7', '2', '0', '1/2'], g = [4, 4, -16, 4, 0, 1])
2022-02-12 16:59:19,503 INFO: Elliptic Chabauty map computed. (delta = ['2', '3/2', '-7', '2', '0', '1/2'], g = [4, 4, -16, 4, 0, 1])
2022-02-12 16:59:19,506 INFO: Computing elliptic Chabauty map... (delta = ['1'], g = [4, 4, -16, 4, 0, 1])
2022-02-12 16:59:29,390 INFO: Elliptic Chabauty map computed. (delta = ['1'], g = [4, 4, -16, 4, 0, 1])
2022-02-12 16:59:29,393 INFO: Computing elliptic Chabauty map... (delta = ['4', '3', '-16', '4', '0', '1'], g = [4, 4, -16, 4, 0, 1])
2022-02-12 16:59:39,432 INFO: Elliptic Chabauty map computed. (delta = ['4', '3', '-16', '4', '0', '1'], g = [4, 4, -16, 4, 0, 1])
2022-02-12 16:59:39,434 INFO: Computing elliptic Chabauty map... (delta = ['1/2', '-1'], g = [4, 4, -16, 4, 0, 1])
2022-02-12 16:59:49,549 INFO: Elliptic Chabauty map computed. (delta = ['1/2', '-1'], g = [4, 4, -16, 4, 0, 1])
2022-02-12 16:59:49,552 INFO: Tasks complete. Recording data and exiting.
