2022-01-01 12:50:35,678 INFO: Initialized curve data.
2022-01-01 12:50:35,681 INFO: Setting up initial twist data...
2022-01-01 12:50:36,931 INFO: Twist setup complete.
2022-01-01 12:50:36,931 INFO: Searching for rational points on each twist...
2022-01-01 12:50:38,076 INFO: Finished searching for rational points on each twist.
2022-01-01 12:50:38,076 INFO: Testing local solvability of twists...
2022-01-01 12:50:38,082 INFO: Finished local solvability testing.
2022-01-01 12:50:38,083 INFO: Computing elliptic curve a-invariants...
2022-01-01 12:51:00,843 INFO: Finished computation of a-invariants.
2022-01-01 12:51:00,845 INFO: Computing MW group (delta = ['0', '2', '-5', '-7', '1', '1'], g = [-1, 3, -5, -7, 1, 1])...
2022-01-01 12:52:09,182 INFO: Finished MW computation (delta = ['0', '2', '-5', '-7', '1', '1'], g = [-1, 3, -5, -7, 1, 1])
2022-01-01 12:52:09,184 INFO: Computing MW group (delta = ['1', '-4', '6', '7', '-1', '-1'], g = [-1, 3, -5, -7, 1, 1])...
2022-01-01 12:54:12,234 INFO: Finished MW computation (delta = ['1', '-4', '6', '7', '-1', '-1'], g = [-1, 3, -5, -7, 1, 1])
2022-01-01 12:54:12,237 INFO: Computing MW group (delta = ['1'], g = [-1, 3, -5, -7, 1, 1])...
2022-01-01 12:55:20,279 INFO: Finished MW computation (delta = ['1'], g = [-1, 3, -5, -7, 1, 1])
2022-01-01 12:55:20,282 INFO: Computing MW group (delta = ['0', '-1'], g = [-1, 3, -5, -7, 1, 1])...
2022-01-01 12:57:01,865 INFO: Finished MW computation (delta = ['0', '-1'], g = [-1, 3, -5, -7, 1, 1])
2022-01-01 12:57:01,868 INFO: Obstruction found to provably computing rational points. Exiting.
2022-01-03 13:14:58,000 INFO: Obsolete "loc_solv_error" keys removed.
2022-01-10 22:38:57,923 INFO: Loaded curve data from file.
2022-01-10 22:38:57,923 INFO: Obstruction already found. Exiting.
2022-02-12 16:57:25,458 INFO: Loaded curve data from file.
2022-02-12 16:57:25,458 INFO: Computing elliptic Chabauty map... (delta = ['0', '2', '-5', '-7', '1', '1'], g = [-1, 3, -5, -7, 1, 1])
2022-02-12 16:57:38,584 INFO: Elliptic Chabauty map computed. (delta = ['0', '2', '-5', '-7', '1', '1'], g = [-1, 3, -5, -7, 1, 1])
2022-02-12 16:57:38,586 INFO: Computing elliptic Chabauty map... (delta = ['1', '-4', '6', '7', '-1', '-1'], g = [-1, 3, -5, -7, 1, 1])
2022-02-12 16:57:51,726 INFO: Elliptic Chabauty map computed. (delta = ['1', '-4', '6', '7', '-1', '-1'], g = [-1, 3, -5, -7, 1, 1])
2022-02-12 16:57:51,729 INFO: Computing elliptic Chabauty map... (delta = ['1'], g = [-1, 3, -5, -7, 1, 1])
2022-02-12 16:58:04,903 INFO: Elliptic Chabauty map computed. (delta = ['1'], g = [-1, 3, -5, -7, 1, 1])
2022-02-12 16:58:04,907 INFO: Computing elliptic Chabauty map... (delta = ['0', '-1'], g = [-1, 3, -5, -7, 1, 1])
2022-02-12 16:58:17,666 INFO: Elliptic Chabauty map computed. (delta = ['0', '-1'], g = [-1, 3, -5, -7, 1, 1])
2022-02-12 16:58:17,670 INFO: Tasks complete. Recording data and exiting.
