2022-01-12 12:13:51,804 INFO: Initialized curve data.
2022-01-12 12:13:51,807 INFO: Setting up initial twist data...
2022-01-12 12:13:52,918 INFO: Twist setup complete.
2022-01-12 12:13:52,918 INFO: Searching for rational points on each twist...
2022-01-12 12:13:55,450 INFO: Finished searching for rational points on each twist.
2022-01-12 12:13:55,450 INFO: Testing local solvability of twists...
2022-01-12 12:13:55,456 INFO: Finished local solvability testing.
2022-01-12 12:13:55,457 INFO: Computing elliptic curve a-invariants...
2022-01-12 12:14:02,032 INFO: Finished computation of a-invariants.
2022-01-12 12:14:02,034 INFO: Computing MW group (delta = ['-95', '70', '53', '-20', '-20', '-4'], g = [23, -17, -13, 5, 5, 1])...
2022-01-12 12:47:57,055 INFO: Finished MW computation (delta = ['-95', '70', '53', '-20', '-20', '-4'], g = [23, -17, -13, 5, 5, 1])
2022-01-12 12:47:57,061 INFO: Computing MW group (delta = ['1'], g = [23, -17, -13, 5, 5, 1])...
2022-01-12 12:48:42,962 INFO: Finished MW computation (delta = ['1'], g = [23, -17, -13, 5, 5, 1])
2022-01-12 12:48:42,965 INFO: Computing MW group (delta = ['24', '-18', '-13', '5', '5', '1'], g = [23, -17, -13, 5, 5, 1])...
2022-01-12 12:49:30,420 INFO: Finished MW computation (delta = ['24', '-18', '-13', '5', '5', '1'], g = [23, -17, -13, 5, 5, 1])
2022-01-12 12:49:30,423 INFO: Computing MW group (delta = ['-3', '-1'], g = [23, -17, -13, 5, 5, 1])...
2022-01-12 12:50:28,513 INFO: Finished MW computation (delta = ['-3', '-1'], g = [23, -17, -13, 5, 5, 1])
2022-01-12 12:50:28,516 INFO: Reducing MW generators...
2022-01-12 12:50:30,313 INFO: Finished reducing MW generators.
2022-01-12 12:50:30,316 INFO: Tasks complete. Recording data and exiting.
2022-01-14 11:32:11,435 INFO: Loaded curve data from file.
2022-01-14 11:32:11,436 INFO: Skipped Chabauty because MW group hasn't been provably computed. (delta = ['-95', '70', '53', '-20', '-20', '-4'], g = [23, -17, -13, 5, 5, 1])
2022-01-14 11:32:11,436 INFO: Skipped Chabauty because MW group hasn't been provably computed. (delta = ['1'], g = [23, -17, -13, 5, 5, 1])
2022-01-14 11:32:11,436 INFO: Running elliptic Chabauty (delta = ['24', '-18', '-13', '5', '5', '1'], g = [23, -17, -13, 5, 5, 1])...
2022-01-14 11:32:20,755 INFO: Chabauty completed successfully (delta = ['24', '-18', '-13', '5', '5', '1'], g = [23, -17, -13, 5, 5, 1]).
2022-01-14 11:32:20,906 INFO: Skipped Chabauty because MW group hasn't been provably computed. (delta = ['-3', '-1'], g = [23, -17, -13, 5, 5, 1])
2022-01-14 11:32:20,961 INFO: Tasks complete. Recording data and exiting.
2022-02-12 16:57:35,579 INFO: Loaded curve data from file.
2022-02-12 16:57:35,579 INFO: Computing elliptic Chabauty map... (delta = ['-95', '70', '53', '-20', '-20', '-4'], g = [23, -17, -13, 5, 5, 1])
2022-02-12 16:57:46,183 INFO: Elliptic Chabauty map computed. (delta = ['-95', '70', '53', '-20', '-20', '-4'], g = [23, -17, -13, 5, 5, 1])
2022-02-12 16:57:46,186 INFO: Computing elliptic Chabauty map... (delta = ['1'], g = [23, -17, -13, 5, 5, 1])
2022-02-12 16:57:56,527 INFO: Elliptic Chabauty map computed. (delta = ['1'], g = [23, -17, -13, 5, 5, 1])
2022-02-12 16:57:56,529 INFO: Computing elliptic Chabauty map... (delta = ['24', '-18', '-13', '5', '5', '1'], g = [23, -17, -13, 5, 5, 1])
2022-02-12 16:58:06,815 INFO: Elliptic Chabauty map computed. (delta = ['24', '-18', '-13', '5', '5', '1'], g = [23, -17, -13, 5, 5, 1])
2022-02-12 16:58:06,818 INFO: Computing elliptic Chabauty map... (delta = ['-3', '-1'], g = [23, -17, -13, 5, 5, 1])
2022-02-12 16:58:17,152 INFO: Elliptic Chabauty map computed. (delta = ['-3', '-1'], g = [23, -17, -13, 5, 5, 1])
2022-02-12 16:58:17,155 INFO: Tasks complete. Recording data and exiting.
