2022-02-01 12:33:59,395 INFO: Initialized curve data.
2022-02-01 12:33:59,401 INFO: Setting up initial twist data...
2022-02-01 12:34:00,796 INFO: Twist setup complete.
2022-02-01 12:34:00,797 INFO: Searching for rational points on each twist...
2022-02-01 12:34:03,191 INFO: Finished searching for rational points on each twist.
2022-02-01 12:34:03,191 INFO: Testing local solvability of twists...
2022-02-01 12:34:03,198 INFO: Finished local solvability testing.
2022-02-01 12:34:03,200 INFO: Computing elliptic curve a-invariants...
2022-02-01 12:34:11,736 INFO: Finished computation of a-invariants.
2022-02-01 12:34:11,738 INFO: Computing MW group (delta = ['4', '20', '-33', '3', '6', '1'], g = [4, 21, -34, 3, 6, 1])...
2022-02-01 12:55:00,332 INFO: Finished MW computation (delta = ['4', '20', '-33', '3', '6', '1'], g = [4, 21, -34, 3, 6, 1])
2022-02-01 12:55:00,335 INFO: Computing MW group (delta = ['1', '-1'], g = [4, 21, -34, 3, 6, 1])...
2022-02-02 04:48:23,541 INFO: Loaded curve data from file.
2022-02-02 04:48:23,542 INFO: Reducing MW generators...
2022-02-02 04:48:23,990 INFO: Finished reducing MW generators.
2022-02-02 04:48:23,993 INFO: Running elliptic Chabauty (delta = ['4', '20', '-33', '3', '6', '1'], g = [4, 21, -34, 3, 6, 1])...
2022-02-02 04:48:39,971 INFO: Chabauty completed successfully (delta = ['4', '20', '-33', '3', '6', '1'], g = [4, 21, -34, 3, 6, 1]).
2022-02-02 04:48:39,973 INFO: Skipped Chabauty because MW generators haven't been computed. (delta = ['1', '-1'], g = [4, 21, -34, 3, 6, 1])
2022-02-02 04:48:39,973 INFO: Skipped Chabauty because MW generators haven't been computed. (delta = ['1'], g = [4, 21, -34, 3, 6, 1])
2022-02-02 04:48:39,973 INFO: Skipped Chabauty because MW generators haven't been computed. (delta = ['4', '20', '-34', '3', '6', '1'], g = [4, 21, -34, 3, 6, 1])
2022-02-02 04:48:40,020 INFO: Tasks complete. Recording data and exiting.
2022-02-12 17:26:13,608 INFO: Loaded curve data from file.
2022-02-12 17:26:13,608 INFO: Computing elliptic Chabauty map... (delta = ['4', '20', '-33', '3', '6', '1'], g = [4, 21, -34, 3, 6, 1])
2022-02-12 17:26:27,820 INFO: Elliptic Chabauty map computed. (delta = ['4', '20', '-33', '3', '6', '1'], g = [4, 21, -34, 3, 6, 1])
2022-02-12 17:26:27,822 INFO: Computing elliptic Chabauty map... (delta = ['1', '-1'], g = [4, 21, -34, 3, 6, 1])
2022-02-12 17:26:41,516 INFO: Elliptic Chabauty map computed. (delta = ['1', '-1'], g = [4, 21, -34, 3, 6, 1])
2022-02-12 17:26:41,519 INFO: Computing elliptic Chabauty map... (delta = ['1'], g = [4, 21, -34, 3, 6, 1])
2022-02-12 17:26:55,290 INFO: Elliptic Chabauty map computed. (delta = ['1'], g = [4, 21, -34, 3, 6, 1])
2022-02-12 17:26:55,292 INFO: Computing elliptic Chabauty map... (delta = ['4', '20', '-34', '3', '6', '1'], g = [4, 21, -34, 3, 6, 1])
2022-02-12 17:27:08,914 INFO: Elliptic Chabauty map computed. (delta = ['4', '20', '-34', '3', '6', '1'], g = [4, 21, -34, 3, 6, 1])
2022-02-12 17:27:08,916 INFO: Tasks complete. Recording data and exiting.
