2022-01-01 03:06:28,329 INFO: Initialized curve data.
2022-01-01 03:06:28,333 INFO: Setting up initial twist data...
2022-01-01 03:06:29,419 INFO: Twist setup complete.
2022-01-01 03:06:29,419 INFO: Searching for rational points on each twist...
2022-01-01 03:06:30,253 INFO: Finished searching for rational points on each twist.
2022-01-01 03:06:30,254 INFO: Testing local solvability of twists...
2022-01-01 03:06:34,900 INFO: Finished local solvability testing.
2022-01-01 03:06:34,901 INFO: Computing elliptic curve a-invariants...
2022-01-01 03:06:40,983 INFO: Finished computation of a-invariants.
2022-01-01 03:06:40,984 INFO: Computing MW group (delta = ['-4', '-4', '-5', '-7', '-2', '-1'], g = [4, 5, 6, 7, 2, 1])...
2022-01-01 03:07:20,368 INFO: Finished MW computation (delta = ['-4', '-4', '-5', '-7', '-2', '-1'], g = [4, 5, 6, 7, 2, 1])
2022-01-01 03:07:20,370 INFO: Skipped MW computation because no base point (delta = ['-1', '-1'])
2022-01-01 03:07:20,370 INFO: Computing MW group (delta = ['4', '4', '6', '7', '2', '1'], g = [4, 5, 6, 7, 2, 1])...
2022-01-01 03:08:08,354 INFO: Finished MW computation (delta = ['4', '4', '6', '7', '2', '1'], g = [4, 5, 6, 7, 2, 1])
2022-01-01 03:08:08,356 INFO: Computing MW group (delta = ['1'], g = [4, 5, 6, 7, 2, 1])...
2022-01-01 03:08:45,255 INFO: Finished MW computation (delta = ['1'], g = [4, 5, 6, 7, 2, 1])
2022-01-01 03:08:45,259 INFO: Reducing MW generators...
2022-01-01 03:08:48,669 INFO: Finished reducing MW generators.
2022-01-01 03:08:48,671 INFO: Running elliptic Chabauty (delta = ['-4', '-4', '-5', '-7', '-2', '-1'], g = [4, 5, 6, 7, 2, 1])...
2022-01-01 03:09:17,208 INFO: Chabauty completed successfully (delta = ['-4', '-4', '-5', '-7', '-2', '-1'], g = [4, 5, 6, 7, 2, 1]).
2022-01-01 03:09:17,210 INFO: Skipped Chabauty because no base point (delta = ['-1', '-1'])
2022-01-01 03:09:17,210 INFO: Running elliptic Chabauty (delta = ['4', '4', '6', '7', '2', '1'], g = [4, 5, 6, 7, 2, 1])...
2022-01-01 03:09:37,500 INFO: Chabauty completed successfully (delta = ['4', '4', '6', '7', '2', '1'], g = [4, 5, 6, 7, 2, 1]).
2022-01-01 03:09:37,502 INFO: Running elliptic Chabauty (delta = ['1'], g = [4, 5, 6, 7, 2, 1])...
2022-01-01 03:09:56,645 INFO: Chabauty completed successfully (delta = ['1'], g = [4, 5, 6, 7, 2, 1]).
2022-01-01 03:09:56,848 INFO: Rational points successfully computed.
2022-01-01 03:09:56,850 INFO: Tasks complete. Recording data and exiting.
2022-01-03 13:14:58,000 INFO: Obsolete "loc_solv_error" keys removed.
2022-01-03 13:14:58,000 INFO: Deleted results of Chabauty computation.
2022-01-10 21:33:43,496 INFO: Loaded curve data from file.
2022-01-10 21:33:43,496 INFO: Running elliptic Chabauty (delta = ['-4', '-4', '-5', '-7', '-2', '-1'], g = [4, 5, 6, 7, 2, 1])...
2022-01-10 21:34:12,835 INFO: Chabauty completed successfully (delta = ['-4', '-4', '-5', '-7', '-2', '-1'], g = [4, 5, 6, 7, 2, 1]).
2022-01-10 21:34:12,837 INFO: Skipped Chabauty because no base point (delta = ['-1', '-1'])
2022-01-10 21:34:12,838 INFO: Running elliptic Chabauty (delta = ['4', '4', '6', '7', '2', '1'], g = [4, 5, 6, 7, 2, 1])...
2022-01-10 21:34:33,171 INFO: Chabauty completed successfully (delta = ['4', '4', '6', '7', '2', '1'], g = [4, 5, 6, 7, 2, 1]).
2022-01-10 21:34:33,172 INFO: Running elliptic Chabauty (delta = ['1'], g = [4, 5, 6, 7, 2, 1])...
2022-01-10 21:34:52,334 INFO: Chabauty completed successfully (delta = ['1'], g = [4, 5, 6, 7, 2, 1]).
2022-01-10 21:34:52,563 INFO: Rational points successfully computed.
2022-01-10 21:34:52,565 INFO: Tasks complete. Recording data and exiting.
2022-02-12 16:46:30,734 INFO: Loaded curve data from file.
2022-02-12 16:46:30,735 INFO: Computing elliptic Chabauty map... (delta = ['-4', '-4', '-5', '-7', '-2', '-1'], g = [4, 5, 6, 7, 2, 1])
2022-02-12 16:46:44,397 INFO: Elliptic Chabauty map computed. (delta = ['-4', '-4', '-5', '-7', '-2', '-1'], g = [4, 5, 6, 7, 2, 1])
2022-02-12 16:46:44,400 INFO: Computing elliptic Chabauty map... (delta = ['4', '4', '6', '7', '2', '1'], g = [4, 5, 6, 7, 2, 1])
2022-02-12 16:46:57,810 INFO: Elliptic Chabauty map computed. (delta = ['4', '4', '6', '7', '2', '1'], g = [4, 5, 6, 7, 2, 1])
2022-02-12 16:46:57,814 INFO: Computing elliptic Chabauty map... (delta = ['1'], g = [4, 5, 6, 7, 2, 1])
2022-02-12 16:47:11,421 INFO: Elliptic Chabauty map computed. (delta = ['1'], g = [4, 5, 6, 7, 2, 1])
2022-02-12 16:47:11,425 INFO: Tasks complete. Recording data and exiting.
