2022-01-13 21:54:50,286 INFO: Initialized curve data.
2022-01-13 21:54:50,289 INFO: Setting up initial twist data...
2022-01-13 21:54:51,063 INFO: Twist setup complete.
2022-01-13 21:54:51,063 INFO: Searching for rational points on each twist...
2022-01-13 21:54:52,330 INFO: Finished searching for rational points on each twist.
2022-01-13 21:54:52,330 INFO: Testing local solvability of twists...
2022-01-13 21:54:52,336 INFO: Finished local solvability testing.
2022-01-13 21:54:52,337 INFO: Computing elliptic curve a-invariants...
2022-01-13 21:54:58,561 INFO: Finished computation of a-invariants.
2022-01-13 21:54:58,562 INFO: Computing MW group (delta = ['1'], g = [4, 0, 8, 8, 0, 1])...
2022-01-13 21:56:30,908 INFO: Finished MW computation (delta = ['1'], g = [4, 0, 8, 8, 0, 1])
2022-01-13 21:56:30,911 INFO: Computing MW group (delta = ['1/2', '-1'], g = [4, 0, 8, 8, 0, 1])...
2022-01-13 22:02:44,201 INFO: Finished MW computation (delta = ['1/2', '-1'], g = [4, 0, 8, 8, 0, 1])
2022-01-13 22:02:44,204 INFO: Computing MW group (delta = ['4', '-1', '8', '8', '0', '1'], g = [4, 0, 8, 8, 0, 1])...
2022-01-13 22:08:21,784 INFO: Finished MW computation (delta = ['4', '-1', '8', '8', '0', '1'], g = [4, 0, 8, 8, 0, 1])
2022-01-13 22:08:21,787 INFO: Computing MW group (delta = ['2', '-1/2', '5', '4', '0', '1/2'], g = [4, 0, 8, 8, 0, 1])...
2022-01-14 11:35:28,279 INFO: Loaded curve data from file.
2022-01-14 11:35:28,279 INFO: Reducing MW generators...
2022-01-14 11:35:29,053 INFO: Finished reducing MW generators.
2022-01-14 11:35:29,055 INFO: Running elliptic Chabauty (delta = ['1'], g = [4, 0, 8, 8, 0, 1])...
2022-01-14 11:35:36,452 INFO: Chabauty completed successfully (delta = ['1'], g = [4, 0, 8, 8, 0, 1]).
2022-01-14 11:35:36,454 INFO: Running elliptic Chabauty (delta = ['1/2', '-1'], g = [4, 0, 8, 8, 0, 1])...
2022-01-14 11:35:44,164 INFO: Chabauty completed successfully (delta = ['1/2', '-1'], g = [4, 0, 8, 8, 0, 1]).
2022-01-14 11:35:44,166 INFO: Skipped Chabauty because MW group hasn't been provably computed. (delta = ['4', '-1', '8', '8', '0', '1'], g = [4, 0, 8, 8, 0, 1])
2022-01-14 11:35:44,166 INFO: Skipped Chabauty because MW generators haven't been computed. (delta = ['2', '-1/2', '5', '4', '0', '1/2'], g = [4, 0, 8, 8, 0, 1])
2022-01-14 11:35:44,238 INFO: Tasks complete. Recording data and exiting.
2022-02-12 17:09:31,753 INFO: Loaded curve data from file.
2022-02-12 17:09:31,753 INFO: Computing elliptic Chabauty map... (delta = ['1'], g = [4, 0, 8, 8, 0, 1])
2022-02-12 17:09:38,292 INFO: Elliptic Chabauty map computed. (delta = ['1'], g = [4, 0, 8, 8, 0, 1])
2022-02-12 17:09:38,298 INFO: Computing elliptic Chabauty map... (delta = ['1/2', '-1'], g = [4, 0, 8, 8, 0, 1])
2022-02-12 17:09:44,782 INFO: Elliptic Chabauty map computed. (delta = ['1/2', '-1'], g = [4, 0, 8, 8, 0, 1])
2022-02-12 17:09:44,784 INFO: Computing elliptic Chabauty map... (delta = ['4', '-1', '8', '8', '0', '1'], g = [4, 0, 8, 8, 0, 1])
2022-02-12 17:09:51,244 INFO: Elliptic Chabauty map computed. (delta = ['4', '-1', '8', '8', '0', '1'], g = [4, 0, 8, 8, 0, 1])
2022-02-12 17:09:51,246 INFO: Computing elliptic Chabauty map... (delta = ['2', '-1/2', '5', '4', '0', '1/2'], g = [4, 0, 8, 8, 0, 1])
2022-02-12 17:09:57,725 INFO: Elliptic Chabauty map computed. (delta = ['2', '-1/2', '5', '4', '0', '1/2'], g = [4, 0, 8, 8, 0, 1])
2022-02-12 17:09:57,728 INFO: Tasks complete. Recording data and exiting.
