2022-01-01 10:40:30,024 INFO: Initialized curve data.
2022-01-01 10:40:30,026 INFO: Setting up initial twist data...
2022-01-01 10:40:31,303 INFO: Twist setup complete.
2022-01-01 10:40:31,303 INFO: Searching for rational points on each twist...
2022-01-01 10:40:32,268 INFO: Finished searching for rational points on each twist.
2022-01-01 10:40:32,269 INFO: Testing local solvability of twists...
2022-01-01 10:40:32,275 INFO: Finished local solvability testing.
2022-01-01 10:40:32,276 INFO: Computing elliptic curve a-invariants...
2022-01-01 10:40:43,255 INFO: Finished computation of a-invariants.
2022-01-01 10:40:43,256 INFO: Computing MW group (delta = ['4', '-8', '11', '-3', '-2', '-1'], g = [-4, 9, -10, 3, 2, 1])...
2022-01-01 10:41:14,234 INFO: Finished MW computation (delta = ['4', '-8', '11', '-3', '-2', '-1'], g = [-4, 9, -10, 3, 2, 1])
2022-01-01 10:41:14,237 INFO: Computing MW group (delta = ['-1', '0', '1'], g = [-4, 9, -10, 3, 2, 1])...
2022-01-01 10:42:20,007 INFO: Finished MW computation (delta = ['-1', '0', '1'], g = [-4, 9, -10, 3, 2, 1])
2022-01-01 10:42:20,011 INFO: Obstruction found to provably computing rational points. Exiting.
2022-01-03 13:14:57,000 INFO: Obsolete "loc_solv_error" keys removed.
2022-01-10 22:39:02,636 INFO: Loaded curve data from file.
2022-01-10 22:39:02,636 INFO: Obstruction already found. Exiting.
2022-02-12 17:03:24,350 INFO: Loaded curve data from file.
2022-02-12 17:03:24,351 INFO: Computing elliptic Chabauty map... (delta = ['4', '-8', '11', '-3', '-2', '-1'], g = [-4, 9, -10, 3, 2, 1])
2022-02-12 17:03:39,439 INFO: Elliptic Chabauty map computed. (delta = ['4', '-8', '11', '-3', '-2', '-1'], g = [-4, 9, -10, 3, 2, 1])
2022-02-12 17:03:39,442 INFO: Computing elliptic Chabauty map... (delta = ['-1', '0', '1'], g = [-4, 9, -10, 3, 2, 1])
2022-02-12 17:03:54,205 INFO: Elliptic Chabauty map computed. (delta = ['-1', '0', '1'], g = [-4, 9, -10, 3, 2, 1])
2022-02-12 17:03:54,207 INFO: Computing elliptic Chabauty map... (delta = ['1'], g = [-4, 9, -10, 3, 2, 1])
2022-02-12 17:04:08,839 INFO: Elliptic Chabauty map computed. (delta = ['1'], g = [-4, 9, -10, 3, 2, 1])
2022-02-12 17:04:08,842 INFO: Computing elliptic Chabauty map... (delta = ['-4', '8', '-11', '4', '3', '1'], g = [-4, 9, -10, 3, 2, 1])
2022-02-12 17:04:23,860 INFO: Elliptic Chabauty map computed. (delta = ['-4', '8', '-11', '4', '3', '1'], g = [-4, 9, -10, 3, 2, 1])
2022-02-12 17:04:23,862 INFO: Tasks complete. Recording data and exiting.
