2022-01-12 09:25:11,437 INFO: Initialized curve data.
2022-01-12 09:25:11,523 INFO: Setting up initial twist data...
2022-01-12 09:25:12,996 INFO: Twist setup complete.
2022-01-12 09:25:12,996 INFO: Searching for rational points on each twist...
2022-01-12 09:25:14,977 INFO: Finished searching for rational points on each twist.
2022-01-12 09:25:14,978 INFO: Testing local solvability of twists...
2022-01-12 09:25:19,869 INFO: Finished local solvability testing.
2022-01-12 09:25:19,870 INFO: Computing elliptic curve a-invariants...
2022-01-12 09:25:32,908 INFO: Finished computation of a-invariants.
2022-01-12 09:25:32,909 INFO: Computing MW group (delta = ['1'], g = [4, 24, 20, 8, 4, 1])...
2022-01-12 09:29:58,175 INFO: Finished MW computation (delta = ['1'], g = [4, 24, 20, 8, 4, 1])
2022-01-12 09:29:58,178 INFO: Skipped MW computation because no base point (delta = ['4', '23', '17', '7', '4', '1'])
2022-01-12 09:29:58,178 INFO: Computing MW group (delta = ['1', '3', '1'], g = [4, 24, 20, 8, 4, 1])...
2022-01-12 09:34:06,807 INFO: Finished MW computation (delta = ['1', '3', '1'], g = [4, 24, 20, 8, 4, 1])
2022-01-12 09:34:06,810 INFO: Computing MW group (delta = ['4', '23', '20', '8', '4', '1'], g = [4, 24, 20, 8, 4, 1])...
2022-01-12 09:40:28,652 INFO: Finished MW computation (delta = ['4', '23', '20', '8', '4', '1'], g = [4, 24, 20, 8, 4, 1])
2022-01-12 09:40:28,655 INFO: Unable to use elliptic Chabauty on twist (delta = ['4', '23', '20', '8', '4', '1'])
2022-01-12 09:40:28,656 INFO: Obstruction found to provably computing rational points. Exiting.
2022-01-14 09:10:29,203 INFO: Loaded curve data from file.
2022-01-14 09:10:29,204 INFO: Obstruction already found. Exiting.
2022-02-12 17:07:22,306 INFO: Loaded curve data from file.
2022-02-12 17:07:22,307 INFO: Computing elliptic Chabauty map... (delta = ['1'], g = [4, 24, 20, 8, 4, 1])
2022-02-12 17:07:39,005 INFO: Elliptic Chabauty map computed. (delta = ['1'], g = [4, 24, 20, 8, 4, 1])
2022-02-12 17:07:39,008 INFO: Computing elliptic Chabauty map... (delta = ['1', '3', '1'], g = [4, 24, 20, 8, 4, 1])
2022-02-12 17:07:55,550 INFO: Elliptic Chabauty map computed. (delta = ['1', '3', '1'], g = [4, 24, 20, 8, 4, 1])
2022-02-12 17:07:55,552 INFO: Computing elliptic Chabauty map... (delta = ['4', '23', '20', '8', '4', '1'], g = [4, 24, 20, 8, 4, 1])
2022-02-12 17:08:12,031 INFO: Elliptic Chabauty map computed. (delta = ['4', '23', '20', '8', '4', '1'], g = [4, 24, 20, 8, 4, 1])
2022-02-12 17:08:12,034 INFO: Tasks complete. Recording data and exiting.
