2022-01-11 12:34:54,133 INFO: Initialized curve data.
2022-01-11 12:34:54,136 INFO: Setting up initial twist data...
2022-01-11 12:34:55,054 INFO: Twist setup complete.
2022-01-11 12:34:55,054 INFO: Searching for rational points on each twist...
2022-01-11 12:34:56,782 INFO: Finished searching for rational points on each twist.
2022-01-11 12:34:56,783 INFO: Testing local solvability of twists...
2022-01-11 12:34:59,055 INFO: Finished local solvability testing.
2022-01-11 12:34:59,056 INFO: Computing elliptic curve a-invariants...
2022-01-11 12:35:03,335 INFO: Finished computation of a-invariants.
2022-01-11 12:35:03,336 INFO: Computing MW group (delta = ['-8', '10', '3', '-3', '1', '1'], g = [-9, 11, 3, -3, 1, 1])...
2022-01-11 12:36:40,034 INFO: Finished MW computation (delta = ['-8', '10', '3', '-3', '1', '1'], g = [-9, 11, 3, -3, 1, 1])
2022-01-11 12:36:40,036 INFO: Computing MW group (delta = ['1'], g = [-9, 11, 3, -3, 1, 1])...
2022-01-11 12:38:11,950 INFO: Finished MW computation (delta = ['1'], g = [-9, 11, 3, -3, 1, 1])
2022-01-11 12:38:11,952 INFO: Skipped MW computation because no base point (delta = ['0', '-1'])
2022-01-11 12:38:11,952 INFO: Computing MW group (delta = ['9', '-12', '-2', '3', '-1', '-1'], g = [-9, 11, 3, -3, 1, 1])...
2022-01-11 12:44:26,490 INFO: Finished MW computation (delta = ['9', '-12', '-2', '3', '-1', '-1'], g = [-9, 11, 3, -3, 1, 1])
2022-01-11 12:44:26,495 INFO: Reducing MW generators...
2022-01-11 12:44:27,453 INFO: Finished reducing MW generators.
2022-01-11 12:44:27,455 INFO: Tasks complete. Recording data and exiting.
2022-01-13 17:37:02,861 INFO: Loaded curve data from file.
2022-01-13 17:37:02,862 INFO: Skipped Chabauty because MW group hasn't been provably computed. (delta = ['-8', '10', '3', '-3', '1', '1'], g = [-9, 11, 3, -3, 1, 1])
2022-01-13 17:37:02,862 INFO: Skipped Chabauty because MW group hasn't been provably computed. (delta = ['1'], g = [-9, 11, 3, -3, 1, 1])
2022-01-13 17:37:02,862 INFO: Skipped Chabauty because no base point (delta = ['0', '-1'])
2022-01-13 17:37:02,862 INFO: Skipped Chabauty because MW group hasn't been provably computed. (delta = ['9', '-12', '-2', '3', '-1', '-1'], g = [-9, 11, 3, -3, 1, 1])
2022-01-13 17:37:02,908 INFO: Tasks complete. Recording data and exiting.
2022-02-12 17:17:08,373 INFO: Loaded curve data from file.
2022-02-12 17:17:08,373 INFO: Computing elliptic Chabauty map... (delta = ['-8', '10', '3', '-3', '1', '1'], g = [-9, 11, 3, -3, 1, 1])
2022-02-12 17:17:15,806 INFO: Elliptic Chabauty map computed. (delta = ['-8', '10', '3', '-3', '1', '1'], g = [-9, 11, 3, -3, 1, 1])
2022-02-12 17:17:15,808 INFO: Computing elliptic Chabauty map... (delta = ['1'], g = [-9, 11, 3, -3, 1, 1])
2022-02-12 17:17:23,115 INFO: Elliptic Chabauty map computed. (delta = ['1'], g = [-9, 11, 3, -3, 1, 1])
2022-02-12 17:17:23,117 INFO: Computing elliptic Chabauty map... (delta = ['9', '-12', '-2', '3', '-1', '-1'], g = [-9, 11, 3, -3, 1, 1])
2022-02-12 17:17:30,399 INFO: Elliptic Chabauty map computed. (delta = ['9', '-12', '-2', '3', '-1', '-1'], g = [-9, 11, 3, -3, 1, 1])
2022-02-12 17:17:30,401 INFO: Tasks complete. Recording data and exiting.
