2022-01-12 12:29:00,828 INFO: Initialized curve data.
2022-01-12 12:29:00,832 INFO: Setting up initial twist data...
2022-01-12 12:29:02,286 INFO: Twist setup complete.
2022-01-12 12:29:02,286 INFO: Searching for rational points on each twist...
2022-01-12 12:29:05,106 INFO: Finished searching for rational points on each twist.
2022-01-12 12:29:05,107 INFO: Testing local solvability of twists...
2022-01-12 12:29:07,985 INFO: Finished local solvability testing.
2022-01-12 12:29:07,986 INFO: Computing elliptic curve a-invariants...
2022-01-12 12:29:53,123 INFO: Finished computation of a-invariants.
2022-01-12 12:29:53,125 INFO: Skipped MW computation because no base point (delta = ['8', '-1', '-49', '43', '-12', '1'])
2022-01-12 12:29:53,125 INFO: Computing MW group (delta = ['1'], g = [8, 0, -52, 44, -12, 1])...
2022-01-12 12:30:21,028 INFO: Finished MW computation (delta = ['1'], g = [8, 0, -52, 44, -12, 1])
2022-01-12 12:30:21,031 INFO: Computing MW group (delta = ['8', '-1', '-52', '44', '-12', '1'], g = [8, 0, -52, 44, -12, 1])...
2022-01-12 12:32:28,820 INFO: Finished MW computation (delta = ['8', '-1', '-52', '44', '-12', '1'], g = [8, 0, -52, 44, -12, 1])
2022-01-12 12:32:28,823 INFO: Computing MW group (delta = ['1', '-3', '1'], g = [8, 0, -52, 44, -12, 1])...
2022-01-12 12:34:46,208 INFO: Finished MW computation (delta = ['1', '-3', '1'], g = [8, 0, -52, 44, -12, 1])
2022-01-12 12:34:46,213 INFO: Reducing MW generators...
2022-01-12 12:34:50,378 INFO: Finished reducing MW generators.
2022-01-12 12:34:50,380 INFO: Tasks complete. Recording data and exiting.
2022-01-14 11:32:39,509 INFO: Loaded curve data from file.
2022-01-14 11:32:39,510 INFO: Skipped Chabauty because no base point (delta = ['8', '-1', '-49', '43', '-12', '1'])
2022-01-14 11:32:39,510 INFO: Running elliptic Chabauty (delta = ['1'], g = [8, 0, -52, 44, -12, 1])...
2022-01-14 11:32:56,770 INFO: Chabauty completed successfully (delta = ['1'], g = [8, 0, -52, 44, -12, 1]).
2022-01-14 11:32:56,772 INFO: Running elliptic Chabauty (delta = ['8', '-1', '-52', '44', '-12', '1'], g = [8, 0, -52, 44, -12, 1])...
2022-01-14 11:33:19,474 INFO: Chabauty completed successfully (delta = ['8', '-1', '-52', '44', '-12', '1'], g = [8, 0, -52, 44, -12, 1]).
2022-01-14 11:33:19,476 INFO: Running elliptic Chabauty (delta = ['1', '-3', '1'], g = [8, 0, -52, 44, -12, 1])...
2022-01-14 11:33:45,841 INFO: Chabauty completed successfully (delta = ['1', '-3', '1'], g = [8, 0, -52, 44, -12, 1]).
2022-01-14 11:33:46,024 INFO: Rational points successfully computed.
2022-01-14 11:33:46,026 INFO: Tasks complete. Recording data and exiting.
2022-02-12 16:58:46,877 INFO: Loaded curve data from file.
2022-02-12 16:58:46,877 INFO: Computing elliptic Chabauty map... (delta = ['1'], g = [8, 0, -52, 44, -12, 1])
2022-02-12 16:59:11,867 INFO: Elliptic Chabauty map computed. (delta = ['1'], g = [8, 0, -52, 44, -12, 1])
2022-02-12 16:59:11,870 INFO: Computing elliptic Chabauty map... (delta = ['8', '-1', '-52', '44', '-12', '1'], g = [8, 0, -52, 44, -12, 1])
2022-02-12 16:59:36,421 INFO: Elliptic Chabauty map computed. (delta = ['8', '-1', '-52', '44', '-12', '1'], g = [8, 0, -52, 44, -12, 1])
2022-02-12 16:59:36,423 INFO: Computing elliptic Chabauty map... (delta = ['1', '-3', '1'], g = [8, 0, -52, 44, -12, 1])
2022-02-12 17:00:01,069 INFO: Elliptic Chabauty map computed. (delta = ['1', '-3', '1'], g = [8, 0, -52, 44, -12, 1])
2022-02-12 17:00:01,072 INFO: Tasks complete. Recording data and exiting.
