2022-01-01 12:50:41,625 INFO: Initialized curve data.
2022-01-01 12:50:41,630 INFO: Setting up initial twist data...
2022-01-01 12:50:43,217 INFO: Twist setup complete.
2022-01-01 12:50:43,217 INFO: Searching for rational points on each twist...
2022-01-01 12:50:45,294 INFO: Finished searching for rational points on each twist.
2022-01-01 12:50:45,295 INFO: Testing local solvability of twists...
2022-01-01 12:51:02,258 INFO: Finished local solvability testing.
2022-01-01 12:51:02,260 INFO: Computing elliptic curve a-invariants...
2022-01-01 12:51:06,004 INFO: Finished computation of a-invariants.
2022-01-01 12:51:06,006 INFO: Computing MW group (delta = ['-33', '-229', '-286', '237', '-127', '-22'], g = [1, 5, 1])...
2022-01-01 12:51:08,059 INFO: Finished MW computation (delta = ['-33', '-229', '-286', '237', '-127', '-22'], g = [1, 5, 1])
2022-01-01 12:51:08,062 INFO: Computing MW group (delta = ['-33', '-229', '-286', '237', '-127', '-22'], g = [1, 2, -2, 1])...
2022-01-01 12:51:12,673 INFO: Finished MW computation (delta = ['-33', '-229', '-286', '237', '-127', '-22'], g = [1, 2, -2, 1])
2022-01-01 12:51:12,676 INFO: Computing MW group (delta = ['1', '8', '10', '-7', '3', '1'], g = [1, 5, 1])...
2022-01-01 12:51:13,760 INFO: Finished MW computation (delta = ['1', '8', '10', '-7', '3', '1'], g = [1, 5, 1])
2022-01-01 12:51:13,762 INFO: Computing MW group (delta = ['1', '8', '10', '-7', '3', '1'], g = [1, 2, -2, 1])...
2022-01-01 12:51:17,929 INFO: Finished MW computation (delta = ['1', '8', '10', '-7', '3', '1'], g = [1, 2, -2, 1])
2022-01-01 12:51:17,932 INFO: Skipped MW computation because no base point (delta = ['12', '83', '106', '-85', '36', '12'])
2022-01-01 12:51:17,932 INFO: Computing MW group (delta = ['-3', '-23', '-30', '19', '-9', '-2'], g = [1, 5, 1])...
2022-01-01 12:51:19,625 INFO: Finished MW computation (delta = ['-3', '-23', '-30', '19', '-9', '-2'], g = [1, 5, 1])
2022-01-01 12:51:19,628 INFO: Computing MW group (delta = ['-3', '-23', '-30', '19', '-9', '-2'], g = [1, 2, -2, 1])...
2022-01-01 12:51:26,858 INFO: Finished MW computation (delta = ['-3', '-23', '-30', '19', '-9', '-2'], g = [1, 2, -2, 1])
2022-01-01 12:51:26,861 INFO: Skipped MW computation because no base point (delta = ['0', '2', '1', '1', '-1'])
2022-01-01 12:51:26,861 INFO: Computing MW group (delta = ['0', '6', '9', '-7', '3', '1'], g = [1, 5, 1])...
2022-01-01 12:51:29,725 INFO: Finished MW computation (delta = ['0', '6', '9', '-7', '3', '1'], g = [1, 5, 1])
2022-01-01 12:51:29,728 INFO: Computing MW group (delta = ['0', '6', '9', '-7', '3', '1'], g = [1, 2, -2, 1])...
2022-01-01 12:51:42,868 INFO: Finished MW computation (delta = ['0', '6', '9', '-7', '3', '1'], g = [1, 2, -2, 1])
2022-01-01 12:51:42,871 INFO: Computing MW group (delta = ['1'], g = [1, 5, 1])...
2022-01-01 12:51:43,935 INFO: Finished MW computation (delta = ['1'], g = [1, 5, 1])
2022-01-01 12:51:43,938 INFO: Computing MW group (delta = ['1'], g = [1, 2, -2, 1])...
2022-01-01 12:51:51,644 INFO: Finished MW computation (delta = ['1'], g = [1, 2, -2, 1])
2022-01-01 12:51:51,648 INFO: Skipped MW computation because no base point (delta = ['-2', '-13', '-9', '26', '-11', '1'])
2022-01-01 12:51:51,650 INFO: Reducing MW generators...
2022-01-01 12:51:57,968 INFO: Finished reducing MW generators.
2022-01-01 12:51:57,971 INFO: Running elliptic Chabauty (delta = ['-33', '-229', '-286', '237', '-127', '-22'], g = [1, 5, 1])...
2022-01-03 13:14:58,000 INFO: Obsolete "loc_solv_error" keys removed.
2022-01-10 22:39:03,010 INFO: Loaded curve data from file.
2022-01-10 22:39:03,011 INFO: Skipped Chabauty because rank >= degree(g). (delta = ['-33', '-229', '-286', '237', '-127', '-22'], g = [1, 5, 1])
2022-01-10 22:39:03,011 INFO: Running elliptic Chabauty (delta = ['-33', '-229', '-286', '237', '-127', '-22'], g = [1, 2, -2, 1])...
2022-01-10 22:39:16,151 INFO: Chabauty completed successfully (delta = ['-33', '-229', '-286', '237', '-127', '-22'], g = [1, 2, -2, 1]).
2022-01-10 22:39:16,156 INFO: Running elliptic Chabauty (delta = ['1', '8', '10', '-7', '3', '1'], g = [1, 5, 1])...
2022-01-10 22:39:27,169 INFO: Chabauty completed successfully (delta = ['1', '8', '10', '-7', '3', '1'], g = [1, 5, 1]).
2022-01-10 22:39:27,171 INFO: Skipped Chabauty because twist points already verified. (delta = ['1', '8', '10', '-7', '3', '1'])
2022-01-10 22:39:27,171 INFO: Skipped Chabauty because no base point (delta = ['12', '83', '106', '-85', '36', '12'])
2022-01-10 22:39:27,171 INFO: Skipped Chabauty because rank >= degree(g). (delta = ['-3', '-23', '-30', '19', '-9', '-2'], g = [1, 5, 1])
2022-01-10 22:39:27,171 INFO: Running elliptic Chabauty (delta = ['-3', '-23', '-30', '19', '-9', '-2'], g = [1, 2, -2, 1])...
2022-01-10 22:39:38,610 INFO: Chabauty completed successfully (delta = ['-3', '-23', '-30', '19', '-9', '-2'], g = [1, 2, -2, 1]).
2022-01-10 22:39:38,612 INFO: Skipped Chabauty because no base point (delta = ['0', '2', '1', '1', '-1'])
2022-01-10 22:39:38,612 INFO: Skipped Chabauty because rank >= degree(g). (delta = ['0', '6', '9', '-7', '3', '1'], g = [1, 5, 1])
2022-01-10 22:39:38,612 INFO: Skipped Chabauty because rank >= degree(g). (delta = ['0', '6', '9', '-7', '3', '1'], g = [1, 2, -2, 1])
2022-01-10 22:39:38,612 INFO: Running elliptic Chabauty (delta = ['1'], g = [1, 5, 1])...
2022-01-10 22:39:49,600 INFO: Chabauty completed successfully (delta = ['1'], g = [1, 5, 1]).
2022-01-10 22:39:49,603 INFO: Skipped Chabauty because twist points already verified. (delta = ['1'])
2022-01-10 22:39:49,603 INFO: Skipped Chabauty because no base point (delta = ['-2', '-13', '-9', '26', '-11', '1'])
2022-01-10 22:39:49,869 INFO: Tasks complete. Recording data and exiting.
2022-02-12 17:41:22,616 INFO: Loaded curve data from file.
2022-02-12 17:41:22,617 INFO: Computing elliptic Chabauty map... (delta = ['-33', '-229', '-286', '237', '-127', '-22'], g = [1, 5, 1])
2022-02-12 17:41:34,042 INFO: Elliptic Chabauty map computed. (delta = ['-33', '-229', '-286', '237', '-127', '-22'], g = [1, 5, 1])
2022-02-12 17:41:34,045 INFO: Computing elliptic Chabauty map... (delta = ['-33', '-229', '-286', '237', '-127', '-22'], g = [1, 2, -2, 1])
2022-02-12 17:41:45,516 INFO: Elliptic Chabauty map computed. (delta = ['-33', '-229', '-286', '237', '-127', '-22'], g = [1, 2, -2, 1])
2022-02-12 17:41:45,520 INFO: Computing elliptic Chabauty map... (delta = ['1', '8', '10', '-7', '3', '1'], g = [1, 5, 1])
2022-02-12 17:41:56,685 INFO: Elliptic Chabauty map computed. (delta = ['1', '8', '10', '-7', '3', '1'], g = [1, 5, 1])
2022-02-12 17:41:56,688 INFO: Computing elliptic Chabauty map... (delta = ['1', '8', '10', '-7', '3', '1'], g = [1, 2, -2, 1])
2022-02-12 17:42:08,052 INFO: Elliptic Chabauty map computed. (delta = ['1', '8', '10', '-7', '3', '1'], g = [1, 2, -2, 1])
2022-02-12 17:42:08,056 INFO: Computing elliptic Chabauty map... (delta = ['-3', '-23', '-30', '19', '-9', '-2'], g = [1, 5, 1])
2022-02-12 17:42:19,320 INFO: Elliptic Chabauty map computed. (delta = ['-3', '-23', '-30', '19', '-9', '-2'], g = [1, 5, 1])
2022-02-12 17:42:19,323 INFO: Computing elliptic Chabauty map... (delta = ['-3', '-23', '-30', '19', '-9', '-2'], g = [1, 2, -2, 1])
2022-02-12 17:42:30,805 INFO: Elliptic Chabauty map computed. (delta = ['-3', '-23', '-30', '19', '-9', '-2'], g = [1, 2, -2, 1])
2022-02-12 17:42:30,809 INFO: Computing elliptic Chabauty map... (delta = ['0', '6', '9', '-7', '3', '1'], g = [1, 5, 1])
2022-02-12 17:42:42,012 INFO: Elliptic Chabauty map computed. (delta = ['0', '6', '9', '-7', '3', '1'], g = [1, 5, 1])
2022-02-12 17:42:42,016 INFO: Computing elliptic Chabauty map... (delta = ['0', '6', '9', '-7', '3', '1'], g = [1, 2, -2, 1])
2022-02-12 17:42:53,451 INFO: Elliptic Chabauty map computed. (delta = ['0', '6', '9', '-7', '3', '1'], g = [1, 2, -2, 1])
2022-02-12 17:42:53,455 INFO: Computing elliptic Chabauty map... (delta = ['1'], g = [1, 5, 1])
2022-02-12 17:43:04,627 INFO: Elliptic Chabauty map computed. (delta = ['1'], g = [1, 5, 1])
2022-02-12 17:43:04,631 INFO: Computing elliptic Chabauty map... (delta = ['1'], g = [1, 2, -2, 1])
2022-02-12 17:43:16,013 INFO: Elliptic Chabauty map computed. (delta = ['1'], g = [1, 2, -2, 1])
2022-02-12 17:43:16,019 INFO: Tasks complete. Recording data and exiting.
