2022-02-01 12:30:29,174 INFO: Initialized curve data.
2022-02-01 12:30:29,182 INFO: Setting up initial twist data...
2022-02-01 12:30:30,485 INFO: Twist setup complete.
2022-02-01 12:30:30,485 INFO: Searching for rational points on each twist...
2022-02-01 12:30:32,939 INFO: Finished searching for rational points on each twist.
2022-02-01 12:30:32,940 INFO: Testing local solvability of twists...
2022-02-01 12:30:37,796 INFO: Finished local solvability testing.
2022-02-01 12:30:37,797 INFO: Computing elliptic curve a-invariants...
2022-02-01 12:30:50,381 INFO: Finished computation of a-invariants.
2022-02-01 12:30:50,383 INFO: Computing MW group (delta = ['4', '11', '19', '18', '1', '-4'], g = [-4, -12, -20, -17, 0, 4])...
2022-02-01 12:35:58,222 INFO: Finished MW computation (delta = ['4', '11', '19', '18', '1', '-4'], g = [-4, -12, -20, -17, 0, 4])
2022-02-01 12:35:58,225 INFO: Skipped MW computation because no base point (delta = ['-1', '0', '1'])
2022-02-01 12:35:58,226 INFO: Computing MW group (delta = ['1'], g = [-4, -12, -20, -17, 0, 4])...
2022-02-01 12:55:35,259 INFO: Finished MW computation (delta = ['1'], g = [-4, -12, -20, -17, 0, 4])
2022-02-01 12:55:35,263 INFO: Computing MW group (delta = ['-4', '-11', '-19', '-17', '0', '4'], g = [-4, -12, -20, -17, 0, 4])...
2022-02-01 12:56:38,522 INFO: Finished MW computation (delta = ['-4', '-11', '-19', '-17', '0', '4'], g = [-4, -12, -20, -17, 0, 4])
2022-02-01 12:56:38,526 INFO: Reducing MW generators...
2022-02-01 12:56:42,385 INFO: Finished reducing MW generators.
2022-02-01 12:56:42,387 INFO: Tasks complete. Recording data and exiting.
2022-02-02 04:48:12,750 INFO: Loaded curve data from file.
2022-02-02 04:48:12,751 INFO: Skipped Chabauty because MW group hasn't been provably computed. (delta = ['4', '11', '19', '18', '1', '-4'], g = [-4, -12, -20, -17, 0, 4])
2022-02-02 04:48:12,751 INFO: Skipped Chabauty because no base point (delta = ['-1', '0', '1'])
2022-02-02 04:48:12,751 INFO: Running elliptic Chabauty (delta = ['1'], g = [-4, -12, -20, -17, 0, 4])...
2022-02-02 04:48:30,223 INFO: Chabauty completed successfully (delta = ['1'], g = [-4, -12, -20, -17, 0, 4]).
2022-02-02 04:48:30,226 INFO: Running elliptic Chabauty (delta = ['-4', '-11', '-19', '-17', '0', '4'], g = [-4, -12, -20, -17, 0, 4])...
2022-02-02 04:48:43,453 INFO: Chabauty completed successfully (delta = ['-4', '-11', '-19', '-17', '0', '4'], g = [-4, -12, -20, -17, 0, 4]).
2022-02-02 04:48:43,575 INFO: Tasks complete. Recording data and exiting.
2022-02-12 17:01:50,339 INFO: Loaded curve data from file.
2022-02-12 17:01:50,340 INFO: Computing elliptic Chabauty map... (delta = ['4', '11', '19', '18', '1', '-4'], g = [-4, -12, -20, -17, 0, 4])
2022-02-12 17:02:00,847 INFO: Elliptic Chabauty map computed. (delta = ['4', '11', '19', '18', '1', '-4'], g = [-4, -12, -20, -17, 0, 4])
2022-02-12 17:02:00,850 INFO: Computing elliptic Chabauty map... (delta = ['1'], g = [-4, -12, -20, -17, 0, 4])
2022-02-12 17:02:11,015 INFO: Elliptic Chabauty map computed. (delta = ['1'], g = [-4, -12, -20, -17, 0, 4])
2022-02-12 17:02:11,017 INFO: Computing elliptic Chabauty map... (delta = ['-4', '-11', '-19', '-17', '0', '4'], g = [-4, -12, -20, -17, 0, 4])
2022-02-12 17:02:21,425 INFO: Elliptic Chabauty map computed. (delta = ['-4', '-11', '-19', '-17', '0', '4'], g = [-4, -12, -20, -17, 0, 4])
2022-02-12 17:02:21,429 INFO: Tasks complete. Recording data and exiting.
