2022-01-13 21:54:36,468 INFO: Initialized curve data.
2022-01-13 21:54:36,472 INFO: Setting up initial twist data...
2022-01-13 21:54:37,518 INFO: Twist setup complete.
2022-01-13 21:54:37,518 INFO: Searching for rational points on each twist...
2022-01-13 21:54:39,328 INFO: Finished searching for rational points on each twist.
2022-01-13 21:54:39,328 INFO: Testing local solvability of twists...
2022-01-13 21:54:42,155 INFO: Finished local solvability testing.
2022-01-13 21:54:42,157 INFO: Computing elliptic curve a-invariants...
2022-01-13 21:54:52,271 INFO: Finished computation of a-invariants.
2022-01-13 21:54:52,272 INFO: Skipped MW computation because no base point (delta = ['-16', '-124', '-209', '-89', '0', '4'])
2022-01-13 21:54:52,272 INFO: Computing MW group (delta = ['1'], g = [-4, -31, -52, -22, 0, 1])...
2022-01-13 21:57:51,071 INFO: Finished MW computation (delta = ['1'], g = [-4, -31, -52, -22, 0, 1])
2022-01-13 21:57:51,078 INFO: Computing MW group (delta = ['-4', '-32', '-52', '-22', '0', '1'], g = [-4, -31, -52, -22, 0, 1])...
2022-01-13 22:09:30,839 INFO: Finished MW computation (delta = ['-4', '-32', '-52', '-22', '0', '1'], g = [-4, -31, -52, -22, 0, 1])
2022-01-13 22:09:30,843 INFO: Computing MW group (delta = ['4', '32', '53', '22', '0', '-1'], g = [-4, -31, -52, -22, 0, 1])...
2022-01-13 22:11:14,427 INFO: Finished MW computation (delta = ['4', '32', '53', '22', '0', '-1'], g = [-4, -31, -52, -22, 0, 1])
2022-01-13 22:11:14,434 INFO: Reducing MW generators...
2022-01-13 22:11:16,387 INFO: Finished reducing MW generators.
2022-01-13 22:11:16,390 INFO: Tasks complete. Recording data and exiting.
2022-01-14 11:35:11,866 INFO: Loaded curve data from file.
2022-01-14 11:35:11,866 INFO: Skipped Chabauty because no base point (delta = ['-16', '-124', '-209', '-89', '0', '4'])
2022-01-14 11:35:11,866 INFO: Running elliptic Chabauty (delta = ['1'], g = [-4, -31, -52, -22, 0, 1])...
2022-01-14 11:35:26,691 INFO: Chabauty completed successfully (delta = ['1'], g = [-4, -31, -52, -22, 0, 1]).
2022-01-14 11:35:26,733 INFO: Running elliptic Chabauty (delta = ['-4', '-32', '-52', '-22', '0', '1'], g = [-4, -31, -52, -22, 0, 1])...
2022-01-14 11:35:38,501 INFO: Chabauty completed successfully (delta = ['-4', '-32', '-52', '-22', '0', '1'], g = [-4, -31, -52, -22, 0, 1]).
2022-01-14 11:35:38,502 INFO: Running elliptic Chabauty (delta = ['4', '32', '53', '22', '0', '-1'], g = [-4, -31, -52, -22, 0, 1])...
2022-01-14 11:35:49,380 INFO: Chabauty completed successfully (delta = ['4', '32', '53', '22', '0', '-1'], g = [-4, -31, -52, -22, 0, 1]).
2022-01-14 11:35:49,608 INFO: Rational points successfully computed.
2022-01-14 11:35:49,610 INFO: Tasks complete. Recording data and exiting.
2022-02-12 16:43:34,049 INFO: Loaded curve data from file.
2022-02-12 16:43:34,049 INFO: Computing elliptic Chabauty map... (delta = ['1'], g = [-4, -31, -52, -22, 0, 1])
2022-02-12 16:43:44,160 INFO: Elliptic Chabauty map computed. (delta = ['1'], g = [-4, -31, -52, -22, 0, 1])
2022-02-12 16:43:44,163 INFO: Computing elliptic Chabauty map... (delta = ['-4', '-32', '-52', '-22', '0', '1'], g = [-4, -31, -52, -22, 0, 1])
2022-02-12 16:43:54,149 INFO: Elliptic Chabauty map computed. (delta = ['-4', '-32', '-52', '-22', '0', '1'], g = [-4, -31, -52, -22, 0, 1])
2022-02-12 16:43:54,152 INFO: Computing elliptic Chabauty map... (delta = ['4', '32', '53', '22', '0', '-1'], g = [-4, -31, -52, -22, 0, 1])
2022-02-12 16:44:04,170 INFO: Elliptic Chabauty map computed. (delta = ['4', '32', '53', '22', '0', '-1'], g = [-4, -31, -52, -22, 0, 1])
2022-02-12 16:44:04,172 INFO: Tasks complete. Recording data and exiting.
