2022-01-11 12:29:13,585 INFO: Initialized curve data.
2022-01-11 12:29:13,588 INFO: Setting up initial twist data...
2022-01-11 12:29:14,544 INFO: Twist setup complete.
2022-01-11 12:29:14,545 INFO: Searching for rational points on each twist...
2022-01-11 12:29:16,082 INFO: Finished searching for rational points on each twist.
2022-01-11 12:29:16,083 INFO: Testing local solvability of twists...
2022-01-11 12:29:16,088 INFO: Finished local solvability testing.
2022-01-11 12:29:16,089 INFO: Computing elliptic curve a-invariants...
2022-01-11 12:29:32,414 INFO: Finished computation of a-invariants.
2022-01-11 12:29:32,416 INFO: Computing MW group (delta = ['24', '-22', '-25', '1', '5', '1'], g = [23, -21, -25, 1, 5, 1])...
2022-01-11 12:30:03,811 INFO: Finished MW computation (delta = ['24', '-22', '-25', '1', '5', '1'], g = [23, -21, -25, 1, 5, 1])
2022-01-11 12:30:03,814 INFO: Computing MW group (delta = ['-95', '86', '101', '-4', '-20', '-4'], g = [23, -21, -25, 1, 5, 1])...
2022-01-11 12:30:43,422 INFO: Finished MW computation (delta = ['-95', '86', '101', '-4', '-20', '-4'], g = [23, -21, -25, 1, 5, 1])
2022-01-11 12:30:43,425 INFO: Computing MW group (delta = ['1'], g = [23, -21, -25, 1, 5, 1])...
2022-01-11 12:31:34,626 INFO: Finished MW computation (delta = ['1'], g = [23, -21, -25, 1, 5, 1])
2022-01-11 12:31:34,630 INFO: Computing MW group (delta = ['-3', '-1'], g = [23, -21, -25, 1, 5, 1])...
2022-01-11 12:32:20,097 INFO: Finished MW computation (delta = ['-3', '-1'], g = [23, -21, -25, 1, 5, 1])
2022-01-11 12:32:20,101 INFO: Reducing MW generators...
2022-01-11 12:32:22,664 INFO: Finished reducing MW generators.
2022-01-11 12:32:22,666 INFO: Tasks complete. Recording data and exiting.
2022-01-13 17:36:33,772 INFO: Loaded curve data from file.
2022-01-13 17:36:33,773 INFO: Running elliptic Chabauty (delta = ['24', '-22', '-25', '1', '5', '1'], g = [23, -21, -25, 1, 5, 1])...
2022-01-13 17:36:54,529 INFO: Chabauty completed successfully (delta = ['24', '-22', '-25', '1', '5', '1'], g = [23, -21, -25, 1, 5, 1]).
2022-01-13 17:36:54,531 INFO: Running elliptic Chabauty (delta = ['-95', '86', '101', '-4', '-20', '-4'], g = [23, -21, -25, 1, 5, 1])...
2022-01-13 17:37:14,755 INFO: Chabauty completed successfully (delta = ['-95', '86', '101', '-4', '-20', '-4'], g = [23, -21, -25, 1, 5, 1]).
2022-01-13 17:37:14,757 INFO: Running elliptic Chabauty (delta = ['1'], g = [23, -21, -25, 1, 5, 1])...
2022-01-13 17:37:32,265 INFO: Chabauty completed successfully (delta = ['1'], g = [23, -21, -25, 1, 5, 1]).
2022-01-13 17:37:32,267 INFO: Skipped Chabauty because MW group hasn't been provably computed. (delta = ['-3', '-1'], g = [23, -21, -25, 1, 5, 1])
2022-01-13 17:37:32,396 INFO: Tasks complete. Recording data and exiting.
2022-02-12 17:48:13,072 INFO: Loaded curve data from file.
2022-02-12 17:48:13,072 INFO: Computing elliptic Chabauty map... (delta = ['24', '-22', '-25', '1', '5', '1'], g = [23, -21, -25, 1, 5, 1])
2022-02-12 17:48:29,271 INFO: Elliptic Chabauty map computed. (delta = ['24', '-22', '-25', '1', '5', '1'], g = [23, -21, -25, 1, 5, 1])
2022-02-12 17:48:29,274 INFO: Computing elliptic Chabauty map... (delta = ['-95', '86', '101', '-4', '-20', '-4'], g = [23, -21, -25, 1, 5, 1])
2022-02-12 17:48:45,474 INFO: Elliptic Chabauty map computed. (delta = ['-95', '86', '101', '-4', '-20', '-4'], g = [23, -21, -25, 1, 5, 1])
2022-02-12 17:48:45,477 INFO: Computing elliptic Chabauty map... (delta = ['1'], g = [23, -21, -25, 1, 5, 1])
2022-02-12 17:49:01,281 INFO: Elliptic Chabauty map computed. (delta = ['1'], g = [23, -21, -25, 1, 5, 1])
2022-02-12 17:49:01,284 INFO: Computing elliptic Chabauty map... (delta = ['-3', '-1'], g = [23, -21, -25, 1, 5, 1])
2022-02-12 17:49:16,718 INFO: Elliptic Chabauty map computed. (delta = ['-3', '-1'], g = [23, -21, -25, 1, 5, 1])
2022-02-12 17:49:16,722 INFO: Tasks complete. Recording data and exiting.
