2022-01-11 12:29:15,717 INFO: Initialized curve data.
2022-01-11 12:29:15,720 INFO: Setting up initial twist data...
2022-01-11 12:29:16,617 INFO: Twist setup complete.
2022-01-11 12:29:16,617 INFO: Searching for rational points on each twist...
2022-01-11 12:29:19,763 INFO: Finished searching for rational points on each twist.
2022-01-11 12:29:19,763 INFO: Testing local solvability of twists...
2022-01-11 12:29:38,405 INFO: Finished local solvability testing.
2022-01-11 12:29:38,406 INFO: Computing elliptic curve a-invariants...
2022-01-11 12:29:46,709 INFO: Finished computation of a-invariants.
2022-01-11 12:29:46,711 INFO: Skipped MW computation because no base point (delta = ['-2', '-1', '0', '-1', '2', '-2'])
2022-01-11 12:29:46,711 INFO: Computing MW group (delta = ['0', '7', '7', '1', '1', '-8'], g = [1, 1])...
2022-01-11 12:29:47,058 INFO: Finished MW computation (delta = ['0', '7', '7', '1', '1', '-8'], g = [1, 1])
2022-01-11 12:29:47,061 INFO: Computing MW group (delta = ['0', '7', '7', '1', '1', '-8'], g = [-1, -1, 0, 0, 1])...
2022-01-11 12:29:53,201 INFO: Finished MW computation (delta = ['0', '7', '7', '1', '1', '-8'], g = [-1, -1, 0, 0, 1])
2022-01-11 12:29:53,208 INFO: Skipped MW computation because no base point (delta = ['0', '-15', '-14', '0', '-2', '15'])
2022-01-11 12:29:53,208 INFO: Computing MW group (delta = ['1'], g = [1, 1])...
2022-01-11 12:29:53,536 INFO: Finished MW computation (delta = ['1'], g = [1, 1])
2022-01-11 12:29:53,538 INFO: Computing MW group (delta = ['1'], g = [-1, -1, 0, 0, 1])...
2022-01-11 12:30:17,273 INFO: Finished MW computation (delta = ['1'], g = [-1, -1, 0, 0, 1])
2022-01-11 12:30:17,276 INFO: Skipped MW computation because no base point (delta = ['1', '1', '0', '0', '-1', '1'])
2022-01-11 12:30:17,277 INFO: Computing MW group (delta = ['-7', '-7', '-1', '-1', '8'], g = [1, 1])...
2022-01-11 12:30:17,499 INFO: Finished MW computation (delta = ['-7', '-7', '-1', '-1', '8'], g = [1, 1])
2022-01-11 12:30:17,502 INFO: Computing MW group (delta = ['-7', '-7', '-1', '-1', '8'], g = [-1, -1, 0, 0, 1])...
2022-01-11 12:30:37,382 INFO: Finished MW computation (delta = ['-7', '-7', '-1', '-1', '8'], g = [-1, -1, 0, 0, 1])
2022-01-11 12:30:37,384 INFO: Skipped MW computation because no base point (delta = ['0', '-1', '-1', '0', '-1', '1'])
2022-01-11 12:30:37,384 INFO: Computing MW group (delta = ['3', '4', '1', '0', '-4'], g = [1, 1])...
2022-01-11 12:30:37,611 INFO: Finished MW computation (delta = ['3', '4', '1', '0', '-4'], g = [1, 1])
2022-01-11 12:30:37,613 INFO: Computing MW group (delta = ['3', '4', '1', '0', '-4'], g = [-1, -1, 0, 0, 1])...
2022-01-11 12:30:43,724 INFO: Finished MW computation (delta = ['3', '4', '1', '0', '-4'], g = [-1, -1, 0, 0, 1])
2022-01-11 12:30:43,731 INFO: Reducing MW generators...
2022-01-11 12:30:47,527 INFO: Finished reducing MW generators.
2022-01-11 12:30:47,531 INFO: Tasks complete. Recording data and exiting.
2022-01-13 17:36:36,514 INFO: Loaded curve data from file.
2022-01-13 17:36:36,515 INFO: Skipped Chabauty because no base point (delta = ['-2', '-1', '0', '-1', '2', '-2'])
2022-01-13 17:36:36,515 INFO: Skipped Chabauty because rank >= degree(g). (delta = ['0', '7', '7', '1', '1', '-8'], g = [1, 1])
2022-01-13 17:36:36,515 INFO: Running elliptic Chabauty (delta = ['0', '7', '7', '1', '1', '-8'], g = [-1, -1, 0, 0, 1])...
2022-01-13 17:36:43,531 INFO: Chabauty completed successfully (delta = ['0', '7', '7', '1', '1', '-8'], g = [-1, -1, 0, 0, 1]).
2022-01-13 17:36:43,534 INFO: Skipped Chabauty because no base point (delta = ['0', '-15', '-14', '0', '-2', '15'])
2022-01-13 17:36:43,534 INFO: Skipped Chabauty because rank >= degree(g). (delta = ['1'], g = [1, 1])
2022-01-13 17:36:43,534 INFO: Running elliptic Chabauty (delta = ['1'], g = [-1, -1, 0, 0, 1])...
2022-01-13 17:36:53,674 INFO: Chabauty completed successfully (delta = ['1'], g = [-1, -1, 0, 0, 1]).
2022-01-13 17:36:53,677 INFO: Skipped Chabauty because no base point (delta = ['1', '1', '0', '0', '-1', '1'])
2022-01-13 17:36:53,677 INFO: Skipped Chabauty because rank >= degree(g). (delta = ['-7', '-7', '-1', '-1', '8'], g = [1, 1])
2022-01-13 17:36:53,678 INFO: Running elliptic Chabauty (delta = ['-7', '-7', '-1', '-1', '8'], g = [-1, -1, 0, 0, 1])...
2022-01-13 17:38:04,305 INFO: Chabauty completed successfully (delta = ['-7', '-7', '-1', '-1', '8'], g = [-1, -1, 0, 0, 1]).
2022-01-13 17:38:04,310 INFO: Skipped Chabauty because no base point (delta = ['0', '-1', '-1', '0', '-1', '1'])
2022-01-13 17:38:04,310 INFO: Skipped Chabauty because rank >= degree(g). (delta = ['3', '4', '1', '0', '-4'], g = [1, 1])
2022-01-13 17:38:04,310 INFO: Running elliptic Chabauty (delta = ['3', '4', '1', '0', '-4'], g = [-1, -1, 0, 0, 1])...
2022-01-13 17:38:09,911 INFO: Chabauty completed successfully (delta = ['3', '4', '1', '0', '-4'], g = [-1, -1, 0, 0, 1]).
2022-01-13 17:38:10,293 INFO: Rational points successfully computed.
2022-01-13 17:38:10,299 INFO: Tasks complete. Recording data and exiting.
2022-02-12 17:19:00,645 INFO: Loaded curve data from file.
2022-02-12 17:19:00,646 INFO: Computing elliptic Chabauty map... (delta = ['0', '7', '7', '1', '1', '-8'], g = [1, 1])
2022-02-12 17:19:04,962 INFO: Elliptic Chabauty map computed. (delta = ['0', '7', '7', '1', '1', '-8'], g = [1, 1])
2022-02-12 17:19:04,966 INFO: Computing elliptic Chabauty map... (delta = ['0', '7', '7', '1', '1', '-8'], g = [-1, -1, 0, 0, 1])
2022-02-12 17:19:12,436 INFO: Elliptic Chabauty map computed. (delta = ['0', '7', '7', '1', '1', '-8'], g = [-1, -1, 0, 0, 1])
2022-02-12 17:19:12,438 INFO: Computing elliptic Chabauty map... (delta = ['1'], g = [1, 1])
2022-02-12 17:19:16,658 INFO: Elliptic Chabauty map computed. (delta = ['1'], g = [1, 1])
2022-02-12 17:19:16,662 INFO: Computing elliptic Chabauty map... (delta = ['1'], g = [-1, -1, 0, 0, 1])
2022-02-12 17:19:23,917 INFO: Elliptic Chabauty map computed. (delta = ['1'], g = [-1, -1, 0, 0, 1])
2022-02-12 17:19:23,920 INFO: Computing elliptic Chabauty map... (delta = ['-7', '-7', '-1', '-1', '8'], g = [1, 1])
2022-02-12 17:19:28,145 INFO: Elliptic Chabauty map computed. (delta = ['-7', '-7', '-1', '-1', '8'], g = [1, 1])
2022-02-12 17:19:28,149 INFO: Computing elliptic Chabauty map... (delta = ['-7', '-7', '-1', '-1', '8'], g = [-1, -1, 0, 0, 1])
2022-02-12 17:19:35,123 INFO: Elliptic Chabauty map computed. (delta = ['-7', '-7', '-1', '-1', '8'], g = [-1, -1, 0, 0, 1])
2022-02-12 17:19:35,127 INFO: Computing elliptic Chabauty map... (delta = ['3', '4', '1', '0', '-4'], g = [1, 1])
2022-02-12 17:19:39,351 INFO: Elliptic Chabauty map computed. (delta = ['3', '4', '1', '0', '-4'], g = [1, 1])
2022-02-12 17:19:39,355 INFO: Computing elliptic Chabauty map... (delta = ['3', '4', '1', '0', '-4'], g = [-1, -1, 0, 0, 1])
2022-02-12 17:19:46,603 INFO: Elliptic Chabauty map computed. (delta = ['3', '4', '1', '0', '-4'], g = [-1, -1, 0, 0, 1])
2022-02-12 17:19:46,607 INFO: Tasks complete. Recording data and exiting.
