2022-01-12 09:25:06,600 INFO: Initialized curve data.
2022-01-12 09:25:06,608 INFO: Setting up initial twist data...
2022-01-12 09:25:07,860 INFO: Twist setup complete.
2022-01-12 09:25:07,861 INFO: Searching for rational points on each twist...
2022-01-12 09:25:09,925 INFO: Finished searching for rational points on each twist.
2022-01-12 09:25:09,925 INFO: Testing local solvability of twists...
2022-01-12 09:25:09,933 INFO: Finished local solvability testing.
2022-01-12 09:25:09,936 INFO: Computing elliptic curve a-invariants...
2022-01-12 09:25:36,519 INFO: Finished computation of a-invariants.
2022-01-12 09:25:36,521 INFO: Computing MW group (delta = ['-8', '11', '-4', '-7', '2', '1'], g = [-8, 12, -4, -7, 2, 1])...
2022-01-12 09:27:38,548 INFO: Finished MW computation (delta = ['-8', '11', '-4', '-7', '2', '1'], g = [-8, 12, -4, -7, 2, 1])
2022-01-12 09:27:38,552 INFO: Computing MW group (delta = ['-1', '-1'], g = [-8, 12, -4, -7, 2, 1])...
2022-01-12 09:28:17,835 INFO: Finished MW computation (delta = ['-1', '-1'], g = [-8, 12, -4, -7, 2, 1])
2022-01-12 09:28:17,837 INFO: Computing MW group (delta = ['1'], g = [-8, 12, -4, -7, 2, 1])...
2022-01-12 09:32:18,707 INFO: Finished MW computation (delta = ['1'], g = [-8, 12, -4, -7, 2, 1])
2022-01-12 09:32:18,709 INFO: Computing MW group (delta = ['8', '-11', '5', '7', '-2', '-1'], g = [-8, 12, -4, -7, 2, 1])...
2022-01-12 09:33:01,654 INFO: Finished MW computation (delta = ['8', '-11', '5', '7', '-2', '-1'], g = [-8, 12, -4, -7, 2, 1])
2022-01-12 09:33:01,658 INFO: Reducing MW generators...
2022-01-12 09:33:04,925 INFO: Finished reducing MW generators.
2022-01-12 09:33:04,927 INFO: Tasks complete. Recording data and exiting.
2022-01-14 09:10:25,163 INFO: Loaded curve data from file.
2022-01-14 09:10:25,165 INFO: Skipped Chabauty because MW group hasn't been provably computed. (delta = ['-8', '11', '-4', '-7', '2', '1'], g = [-8, 12, -4, -7, 2, 1])
2022-01-14 09:10:25,165 INFO: Running elliptic Chabauty (delta = ['-1', '-1'], g = [-8, 12, -4, -7, 2, 1])...
2022-01-14 09:10:45,306 INFO: Chabauty completed successfully (delta = ['-1', '-1'], g = [-8, 12, -4, -7, 2, 1]).
2022-01-14 09:10:45,308 INFO: Running elliptic Chabauty (delta = ['1'], g = [-8, 12, -4, -7, 2, 1])...
2022-01-14 09:11:03,728 INFO: Chabauty completed successfully (delta = ['1'], g = [-8, 12, -4, -7, 2, 1]).
2022-01-14 09:11:03,737 INFO: Running elliptic Chabauty (delta = ['8', '-11', '5', '7', '-2', '-1'], g = [-8, 12, -4, -7, 2, 1])...
2022-01-14 09:11:18,563 INFO: Chabauty completed successfully (delta = ['8', '-11', '5', '7', '-2', '-1'], g = [-8, 12, -4, -7, 2, 1]).
2022-01-14 09:11:18,674 INFO: Tasks complete. Recording data and exiting.
2022-02-12 17:15:12,838 INFO: Loaded curve data from file.
2022-02-12 17:15:12,838 INFO: Computing elliptic Chabauty map... (delta = ['-8', '11', '-4', '-7', '2', '1'], g = [-8, 12, -4, -7, 2, 1])
2022-02-12 17:15:31,459 INFO: Elliptic Chabauty map computed. (delta = ['-8', '11', '-4', '-7', '2', '1'], g = [-8, 12, -4, -7, 2, 1])
2022-02-12 17:15:31,462 INFO: Computing elliptic Chabauty map... (delta = ['-1', '-1'], g = [-8, 12, -4, -7, 2, 1])
2022-02-12 17:15:51,212 INFO: Elliptic Chabauty map computed. (delta = ['-1', '-1'], g = [-8, 12, -4, -7, 2, 1])
2022-02-12 17:15:51,215 INFO: Computing elliptic Chabauty map... (delta = ['1'], g = [-8, 12, -4, -7, 2, 1])
2022-02-12 17:16:11,151 INFO: Elliptic Chabauty map computed. (delta = ['1'], g = [-8, 12, -4, -7, 2, 1])
2022-02-12 17:16:11,153 INFO: Computing elliptic Chabauty map... (delta = ['8', '-11', '5', '7', '-2', '-1'], g = [-8, 12, -4, -7, 2, 1])
2022-02-12 17:16:29,775 INFO: Elliptic Chabauty map computed. (delta = ['8', '-11', '5', '7', '-2', '-1'], g = [-8, 12, -4, -7, 2, 1])
2022-02-12 17:16:29,780 INFO: Tasks complete. Recording data and exiting.
