2022-01-13 21:54:58,011 INFO: Initialized curve data.
2022-01-13 21:54:58,016 INFO: Setting up initial twist data...
2022-01-13 21:54:59,125 INFO: Twist setup complete.
2022-01-13 21:54:59,125 INFO: Searching for rational points on each twist...
2022-01-13 21:55:01,771 INFO: Finished searching for rational points on each twist.
2022-01-13 21:55:01,771 INFO: Testing local solvability of twists...
2022-01-13 21:55:14,563 INFO: Finished local solvability testing.
2022-01-13 21:55:14,564 INFO: Computing elliptic curve a-invariants...
2022-01-13 21:55:21,696 INFO: Finished computation of a-invariants.
2022-01-13 21:55:21,698 INFO: Computing MW group (delta = ['-22', '-9', '-8', '-4', '2', '1'], g = [-20, -8, -8, -4, 2, 1])...
2022-01-13 22:01:04,977 INFO: Finished MW computation (delta = ['-22', '-9', '-8', '-4', '2', '1'], g = [-20, -8, -8, -4, 2, 1])
2022-01-13 22:01:04,980 INFO: Computing MW group (delta = ['15', '17/2', '5', '2', '-1', '-1/2'], g = [-20, -8, -8, -4, 2, 1])...
2022-01-14 11:35:38,201 INFO: Loaded curve data from file.
2022-01-14 11:35:38,201 INFO: Reducing MW generators...
2022-01-14 11:35:38,577 INFO: Finished reducing MW generators.
2022-01-14 11:35:38,580 INFO: Skipped Chabauty because MW group hasn't been provably computed. (delta = ['-22', '-9', '-8', '-4', '2', '1'], g = [-20, -8, -8, -4, 2, 1])
2022-01-14 11:35:38,580 INFO: Skipped Chabauty because MW generators haven't been computed. (delta = ['15', '17/2', '5', '2', '-1', '-1/2'], g = [-20, -8, -8, -4, 2, 1])
2022-01-14 11:35:38,580 INFO: Skipped Chabauty because MW generators haven't been computed. (delta = ['1'], g = [-20, -8, -8, -4, 2, 1])
2022-01-14 11:35:38,580 INFO: Skipped Chabauty because no base point (delta = ['-5/2', '-1'])
2022-01-14 11:35:38,664 INFO: Tasks complete. Recording data and exiting.
2022-02-12 17:18:00,003 INFO: Loaded curve data from file.
2022-02-12 17:18:00,004 INFO: Computing elliptic Chabauty map... (delta = ['-22', '-9', '-8', '-4', '2', '1'], g = [-20, -8, -8, -4, 2, 1])
2022-02-12 17:18:10,962 INFO: Elliptic Chabauty map computed. (delta = ['-22', '-9', '-8', '-4', '2', '1'], g = [-20, -8, -8, -4, 2, 1])
2022-02-12 17:18:10,964 INFO: Computing elliptic Chabauty map... (delta = ['15', '17/2', '5', '2', '-1', '-1/2'], g = [-20, -8, -8, -4, 2, 1])
2022-02-12 17:18:22,027 INFO: Elliptic Chabauty map computed. (delta = ['15', '17/2', '5', '2', '-1', '-1/2'], g = [-20, -8, -8, -4, 2, 1])
2022-02-12 17:18:22,029 INFO: Computing elliptic Chabauty map... (delta = ['1'], g = [-20, -8, -8, -4, 2, 1])
2022-02-12 17:18:32,768 INFO: Elliptic Chabauty map computed. (delta = ['1'], g = [-20, -8, -8, -4, 2, 1])
2022-02-12 17:18:32,770 INFO: Tasks complete. Recording data and exiting.
