2022-01-01 12:50:57,515 INFO: Initialized curve data.
2022-01-01 12:50:57,519 INFO: Setting up initial twist data...
2022-01-01 12:50:58,600 INFO: Twist setup complete.
2022-01-01 12:50:58,600 INFO: Searching for rational points on each twist...
2022-01-01 12:50:59,539 INFO: Finished searching for rational points on each twist.
2022-01-01 12:50:59,539 INFO: Testing local solvability of twists...
2022-01-01 12:50:59,548 INFO: Finished local solvability testing.
2022-01-01 12:50:59,550 INFO: Computing elliptic curve a-invariants...
2022-01-01 12:51:13,995 INFO: Finished computation of a-invariants.
2022-01-01 12:51:13,997 INFO: Computing MW group (delta = ['4', '-8', '3', '-5', '6', '1'], g = [4, -7, 2, -5, 6, 1])...
2022-01-01 12:54:47,888 INFO: Finished MW computation (delta = ['4', '-8', '3', '-5', '6', '1'], g = [4, -7, 2, -5, 6, 1])
2022-01-01 12:54:47,891 INFO: Computing MW group (delta = ['1', '-1'], g = [4, -7, 2, -5, 6, 1])...
2022-01-01 12:59:10,450 INFO: Finished MW computation (delta = ['1', '-1'], g = [4, -7, 2, -5, 6, 1])
2022-01-01 12:59:10,455 INFO: Obstruction found to provably computing rational points. Exiting.
2022-01-03 13:14:58,000 INFO: Obsolete "loc_solv_error" keys removed.
2022-01-10 22:39:12,863 INFO: Loaded curve data from file.
2022-01-10 22:39:12,864 INFO: Obstruction already found. Exiting.
2022-02-12 17:15:42,631 INFO: Loaded curve data from file.
2022-02-12 17:15:42,632 INFO: Computing elliptic Chabauty map... (delta = ['4', '-8', '3', '-5', '6', '1'], g = [4, -7, 2, -5, 6, 1])
2022-02-12 17:15:58,702 INFO: Elliptic Chabauty map computed. (delta = ['4', '-8', '3', '-5', '6', '1'], g = [4, -7, 2, -5, 6, 1])
2022-02-12 17:15:58,705 INFO: Computing elliptic Chabauty map... (delta = ['1', '-1'], g = [4, -7, 2, -5, 6, 1])
2022-02-12 17:16:14,673 INFO: Elliptic Chabauty map computed. (delta = ['1', '-1'], g = [4, -7, 2, -5, 6, 1])
2022-02-12 17:16:14,676 INFO: Computing elliptic Chabauty map... (delta = ['1'], g = [4, -7, 2, -5, 6, 1])
2022-02-12 17:16:30,449 INFO: Elliptic Chabauty map computed. (delta = ['1'], g = [4, -7, 2, -5, 6, 1])
2022-02-12 17:16:30,454 INFO: Computing elliptic Chabauty map... (delta = ['4', '-8', '4', '-6', '6', '1'], g = [4, -7, 2, -5, 6, 1])
2022-02-12 17:16:45,830 INFO: Elliptic Chabauty map computed. (delta = ['4', '-8', '4', '-6', '6', '1'], g = [4, -7, 2, -5, 6, 1])
2022-02-12 17:16:45,833 INFO: Tasks complete. Recording data and exiting.
