2022-01-01 12:50:55,402 INFO: Initialized curve data.
2022-01-01 12:50:55,405 INFO: Setting up initial twist data...
2022-01-01 12:50:56,413 INFO: Twist setup complete.
2022-01-01 12:50:56,414 INFO: Searching for rational points on each twist...
2022-01-01 12:50:57,291 INFO: Finished searching for rational points on each twist.
2022-01-01 12:50:57,291 INFO: Testing local solvability of twists...
2022-01-01 12:50:59,022 INFO: Finished local solvability testing.
2022-01-01 12:50:59,023 INFO: Computing elliptic curve a-invariants...
2022-01-01 12:51:12,355 INFO: Finished computation of a-invariants.
2022-01-01 12:51:12,356 INFO: Computing MW group (delta = ['-6', '-1', '4', '-4', '-2', '1'], g = [-4, 0, 4, -4, -2, 1])...
2022-01-01 12:51:30,292 INFO: Finished MW computation (delta = ['-6', '-1', '4', '-4', '-2', '1'], g = [-4, 0, 4, -4, -2, 1])
2022-01-01 12:51:30,294 INFO: Obstruction found to provably computing rational points. Exiting.
2022-01-03 13:14:57,000 INFO: Obsolete "loc_solv_error" keys removed.
2022-01-10 22:39:11,397 INFO: Loaded curve data from file.
2022-01-10 22:39:11,397 INFO: Obstruction already found. Exiting.
2022-02-12 17:51:17,432 INFO: Loaded curve data from file.
2022-02-12 17:51:17,433 INFO: Computing elliptic Chabauty map... (delta = ['-6', '-1', '4', '-4', '-2', '1'], g = [-4, 0, 4, -4, -2, 1])
2022-02-12 17:51:29,341 INFO: Elliptic Chabauty map computed. (delta = ['-6', '-1', '4', '-4', '-2', '1'], g = [-4, 0, 4, -4, -2, 1])
2022-02-12 17:51:29,343 INFO: Computing elliptic Chabauty map... (delta = ['1'], g = [-4, 0, 4, -4, -2, 1])
2022-02-12 17:51:40,683 INFO: Elliptic Chabauty map computed. (delta = ['1'], g = [-4, 0, 4, -4, -2, 1])
2022-02-12 17:51:40,685 INFO: Computing elliptic Chabauty map... (delta = ['-2', '3', '5', '-4', '-2', '1'], g = [-4, 0, 4, -4, -2, 1])
2022-02-12 17:51:51,995 INFO: Elliptic Chabauty map computed. (delta = ['-2', '3', '5', '-4', '-2', '1'], g = [-4, 0, 4, -4, -2, 1])
2022-02-12 17:51:51,997 INFO: Tasks complete. Recording data and exiting.
