2022-01-11 12:31:50,567 INFO: Initialized curve data.
2022-01-11 12:31:50,571 INFO: Setting up initial twist data...
2022-01-11 12:31:51,704 INFO: Twist setup complete.
2022-01-11 12:31:51,704 INFO: Searching for rational points on each twist...
2022-01-11 12:31:54,987 INFO: Finished searching for rational points on each twist.
2022-01-11 12:31:54,988 INFO: Testing local solvability of twists...
2022-01-11 12:32:26,404 INFO: Finished local solvability testing.
2022-01-11 12:32:26,406 INFO: Computing elliptic curve a-invariants...
2022-01-11 12:32:29,030 INFO: Finished computation of a-invariants.
2022-01-11 12:32:29,032 INFO: Skipped MW computation because no base point (delta = ['2', '-3', '1'])
2022-01-11 12:32:29,033 INFO: Computing MW group (delta = ['1', '-17/2', '13', '-14', '4'], g = [2, -1, 2])...
2022-01-11 12:32:39,068 INFO: Finished MW computation (delta = ['1', '-17/2', '13', '-14', '4'], g = [2, -1, 2])
2022-01-11 12:32:39,070 INFO: Computing MW group (delta = ['1', '-17/2', '13', '-14', '4'], g = [-4, 6, -7, 2])...
2022-01-11 12:32:51,981 INFO: Finished MW computation (delta = ['1', '-17/2', '13', '-14', '4'], g = [-4, 6, -7, 2])
2022-01-11 12:32:51,985 INFO: Computing MW group (delta = ['8', '-17', '29', '-23', '16', '-4'], g = [2, -1, 2])...
2022-01-11 12:33:01,483 INFO: Finished MW computation (delta = ['8', '-17', '29', '-23', '16', '-4'], g = [2, -1, 2])
2022-01-11 12:33:01,486 INFO: Computing MW group (delta = ['8', '-17', '29', '-23', '16', '-4'], g = [-4, 6, -7, 2])...
2022-01-11 12:33:18,510 INFO: Finished MW computation (delta = ['8', '-17', '29', '-23', '16', '-4'], g = [-4, 6, -7, 2])
2022-01-11 12:33:18,514 INFO: Computing MW group (delta = ['1'], g = [2, -1, 2])...
2022-01-11 12:33:23,855 INFO: Finished MW computation (delta = ['1'], g = [2, -1, 2])
2022-01-11 12:33:23,858 INFO: Computing MW group (delta = ['1'], g = [-4, 6, -7, 2])...
2022-01-13 17:36:52,478 INFO: Loaded curve data from file.
2022-01-13 17:36:52,479 INFO: Reducing MW generators...
2022-01-13 17:36:53,562 INFO: Finished reducing MW generators.
2022-01-13 17:36:53,565 INFO: Skipped Chabauty because no base point (delta = ['2', '-3', '1'])
2022-01-13 17:36:53,565 INFO: Running elliptic Chabauty (delta = ['1', '-17/2', '13', '-14', '4'], g = [2, -1, 2])...
2022-01-13 17:37:06,223 INFO: Chabauty completed successfully (delta = ['1', '-17/2', '13', '-14', '4'], g = [2, -1, 2]).
2022-01-13 17:37:06,226 INFO: Skipped Chabauty because twist points already verified. (delta = ['1', '-17/2', '13', '-14', '4'])
2022-01-13 17:37:06,226 INFO: Running elliptic Chabauty (delta = ['8', '-17', '29', '-23', '16', '-4'], g = [2, -1, 2])...
2022-01-13 17:37:18,273 INFO: Chabauty completed successfully (delta = ['8', '-17', '29', '-23', '16', '-4'], g = [2, -1, 2]).
2022-01-13 17:37:18,276 INFO: Skipped Chabauty because twist points already verified. (delta = ['8', '-17', '29', '-23', '16', '-4'])
2022-01-13 17:37:18,276 INFO: Running elliptic Chabauty (delta = ['1'], g = [2, -1, 2])...
2022-01-13 17:37:31,763 INFO: Chabauty completed successfully (delta = ['1'], g = [2, -1, 2]).
2022-01-13 17:37:31,765 INFO: Skipped Chabauty because twist points already verified. (delta = ['1'])
2022-01-13 17:37:31,765 INFO: Skipped Chabauty because no base point (delta = ['16', '-14', '10', '31/2', '-23/2', '2'])
2022-01-13 17:37:31,765 INFO: Skipped Chabauty because no base point (delta = ['8', '-9', '43/2', '-33/2', '20', '-6'])
2022-01-13 17:37:31,766 INFO: Skipped Chabauty because MW generators haven't been computed. (delta = ['16', '-34', '61', '-50', '33', '-8'], g = [2, -1, 2])
2022-01-13 17:37:31,766 INFO: Skipped Chabauty because MW generators haven't been computed. (delta = ['16', '-34', '61', '-50', '33', '-8'], g = [-4, 6, -7, 2])
2022-01-13 17:37:31,766 INFO: Skipped Chabauty because no base point (delta = ['2', '-12', '73/2', '-95/2', '40', '-10'])
2022-01-13 17:37:32,060 INFO: Tasks complete. Recording data and exiting.
2022-02-12 17:10:05,495 INFO: Loaded curve data from file.
2022-02-12 17:10:05,495 INFO: Computing elliptic Chabauty map... (delta = ['1', '-17/2', '13', '-14', '4'], g = [2, -1, 2])
2022-02-12 17:10:17,524 INFO: Elliptic Chabauty map computed. (delta = ['1', '-17/2', '13', '-14', '4'], g = [2, -1, 2])
2022-02-12 17:10:17,527 INFO: Computing elliptic Chabauty map... (delta = ['1', '-17/2', '13', '-14', '4'], g = [-4, 6, -7, 2])
2022-02-12 17:10:29,658 INFO: Elliptic Chabauty map computed. (delta = ['1', '-17/2', '13', '-14', '4'], g = [-4, 6, -7, 2])
2022-02-12 17:10:29,661 INFO: Computing elliptic Chabauty map... (delta = ['8', '-17', '29', '-23', '16', '-4'], g = [2, -1, 2])
2022-02-12 17:10:41,522 INFO: Elliptic Chabauty map computed. (delta = ['8', '-17', '29', '-23', '16', '-4'], g = [2, -1, 2])
2022-02-12 17:10:41,525 INFO: Computing elliptic Chabauty map... (delta = ['8', '-17', '29', '-23', '16', '-4'], g = [-4, 6, -7, 2])
2022-02-12 17:10:53,661 INFO: Elliptic Chabauty map computed. (delta = ['8', '-17', '29', '-23', '16', '-4'], g = [-4, 6, -7, 2])
2022-02-12 17:10:53,664 INFO: Computing elliptic Chabauty map... (delta = ['1'], g = [2, -1, 2])
2022-02-12 17:11:05,557 INFO: Elliptic Chabauty map computed. (delta = ['1'], g = [2, -1, 2])
2022-02-12 17:11:05,561 INFO: Computing elliptic Chabauty map... (delta = ['1'], g = [-4, 6, -7, 2])
2022-02-12 17:11:17,740 INFO: Elliptic Chabauty map computed. (delta = ['1'], g = [-4, 6, -7, 2])
2022-02-12 17:11:17,744 INFO: Computing elliptic Chabauty map... (delta = ['16', '-34', '61', '-50', '33', '-8'], g = [2, -1, 2])
2022-02-12 17:11:29,556 INFO: Elliptic Chabauty map computed. (delta = ['16', '-34', '61', '-50', '33', '-8'], g = [2, -1, 2])
2022-02-12 17:11:29,560 INFO: Computing elliptic Chabauty map... (delta = ['16', '-34', '61', '-50', '33', '-8'], g = [-4, 6, -7, 2])
2022-02-12 17:11:41,743 INFO: Elliptic Chabauty map computed. (delta = ['16', '-34', '61', '-50', '33', '-8'], g = [-4, 6, -7, 2])
2022-02-12 17:11:41,748 INFO: Tasks complete. Recording data and exiting.
