2022-01-11 15:13:04,755 INFO: Initialized curve data.
2022-01-11 15:13:04,758 INFO: Setting up initial twist data...
2022-01-11 15:13:06,052 INFO: Twist setup complete.
2022-01-11 15:13:06,052 INFO: Searching for rational points on each twist...
2022-01-11 15:13:07,748 INFO: Finished searching for rational points on each twist.
2022-01-11 15:13:07,748 INFO: Testing local solvability of twists...
2022-01-11 15:13:10,923 INFO: Finished local solvability testing.
2022-01-11 15:13:10,924 INFO: Computing elliptic curve a-invariants...
2022-01-11 15:13:30,249 INFO: Finished computation of a-invariants.
2022-01-11 15:13:30,250 INFO: Computing MW group (delta = ['-1', '7', '1'], g = [4, -44, 104, 93, 18, 1])...
2022-01-14 09:07:39,466 INFO: Loaded curve data from file.
2022-01-14 09:07:39,466 INFO: Reducing MW generators...
2022-01-14 09:07:39,467 INFO: Finished reducing MW generators.
2022-01-14 09:07:39,470 INFO: Skipped Chabauty because MW generators haven't been computed. (delta = ['-1', '7', '1'], g = [4, -44, 104, 93, 18, 1])
2022-01-14 09:07:39,470 INFO: Skipped Chabauty because no base point (delta = ['-4', '45', '-111', '-94', '-18', '-1'])
2022-01-14 09:07:39,470 INFO: Skipped Chabauty because MW generators haven't been computed. (delta = ['1'], g = [4, -44, 104, 93, 18, 1])
2022-01-14 09:07:39,470 INFO: Skipped Chabauty because MW generators haven't been computed. (delta = ['4', '-45', '104', '93', '18', '1'], g = [4, -44, 104, 93, 18, 1])
2022-01-14 09:07:39,524 INFO: Tasks complete. Recording data and exiting.
2022-02-12 17:38:45,105 INFO: Loaded curve data from file.
2022-02-12 17:38:45,105 INFO: Computing elliptic Chabauty map... (delta = ['-1', '7', '1'], g = [4, -44, 104, 93, 18, 1])
2022-02-12 17:39:06,177 INFO: Elliptic Chabauty map computed. (delta = ['-1', '7', '1'], g = [4, -44, 104, 93, 18, 1])
2022-02-12 17:39:06,178 INFO: Computing elliptic Chabauty map... (delta = ['1'], g = [4, -44, 104, 93, 18, 1])
2022-02-12 17:39:27,227 INFO: Elliptic Chabauty map computed. (delta = ['1'], g = [4, -44, 104, 93, 18, 1])
2022-02-12 17:39:27,229 INFO: Computing elliptic Chabauty map... (delta = ['4', '-45', '104', '93', '18', '1'], g = [4, -44, 104, 93, 18, 1])
2022-02-12 17:39:48,036 INFO: Elliptic Chabauty map computed. (delta = ['4', '-45', '104', '93', '18', '1'], g = [4, -44, 104, 93, 18, 1])
2022-02-12 17:39:48,038 INFO: Tasks complete. Recording data and exiting.
